[0.018s] Invoking command in '/home/simi/franka_ros2_ws/build/messages_fr3': CMAKE_PREFIX_PATH=${CMAKE_PREFIX_PATH}:/home/simi/franka_ros2_ws/install/realtime_plot_of_data:/opt/ros/humble /usr/bin/cmake --build /home/simi/franka_ros2_ws/build/messages_fr3 -- -j16 -l16
[0.057s] -- Found ament_cmake: 1.3.10 (/opt/ros/humble/share/ament_cmake/cmake)
[0.186s] -- Found rosidl_default_generators: 1.2.0 (/opt/ros/humble/share/rosidl_default_generators/cmake)
[0.189s] -- Using all available rosidl_typesupport_c: rosidl_typesupport_fastrtps_c;rosidl_typesupport_introspection_c
[0.193s] -- Found rosidl_adapter: 3.1.5 (/opt/ros/humble/share/rosidl_adapter/cmake)
[0.228s] -- Using all available rosidl_typesupport_cpp: rosidl_typesupport_fastrtps_cpp;rosidl_typesupport_introspection_cpp
[0.257s] -- Found std_msgs: 4.2.4 (/opt/ros/humble/share/std_msgs/cmake)
[0.558s] -- Found ament_cmake_ros: 0.10.0 (/opt/ros/humble/share/ament_cmake_ros/cmake)
[0.767s] -- Using all available rosidl_typesupport_c: rosidl_typesupport_fastrtps_c;rosidl_typesupport_introspection_c
[1.041s] -- Using all available rosidl_typesupport_cpp: rosidl_typesupport_fastrtps_cpp;rosidl_typesupport_introspection_cpp
[1.065s] -- Found python_cmake_module: 0.10.0 (/opt/ros/humble/share/python_cmake_module/cmake)
[1.089s] -- Using PYTHON_EXECUTABLE: /usr/bin/python3
[1.089s] -- Using PYTHON_INCLUDE_DIRS: /usr/include/python3.10
[1.089s] -- Using PYTHON_LIBRARIES: /usr/lib/x86_64-linux-gnu/libpython3.10.so
[1.117s] -- Found ament_lint_auto: 0.12.11 (/opt/ros/humble/share/ament_lint_auto/cmake)
[1.135s] -- Added test 'copyright' to check source files copyright and LICENSE
[1.138s] -- Added test 'lint_cmake' to check CMake code style
[1.139s] -- Added test 'xmllint' to check XML markup files
[1.141s] -- Configuring done
[1.192s] -- Generating done
[1.196s] -- Build files have been written to: /home/simi/franka_ros2_ws/build/messages_fr3
[1.230s] [  1%] [34m[1mGenerating C code for ROS interfaces[0m
[1.244s] [  3%] [34m[1mGenerating C++ code for ROS interfaces[0m
[1.262s] [  3%] Built target ament_cmake_python_copy_messages_fr3
[1.494s] running egg_info
[1.495s] writing messages_fr3.egg-info/PKG-INFO
[1.495s] writing dependency_links to messages_fr3.egg-info/dependency_links.txt
[1.495s] writing top-level names to messages_fr3.egg-info/top_level.txt
[1.498s] reading manifest file 'messages_fr3.egg-info/SOURCES.txt'
[1.498s] writing manifest file 'messages_fr3.egg-info/SOURCES.txt'
[1.539s] [  3%] Built target ament_cmake_python_build_messages_fr3_egg
[1.743s] [35m[1mConsolidate compiler generated dependencies of target messages_fr3__rosidl_generator_c[0m
[1.755s] [  3%] Built target messages_fr3__cpp
[1.763s] [  9%] [32mBuilding C object CMakeFiles/messages_fr3__rosidl_generator_c.dir/rosidl_generator_c/messages_fr3/srv/detail/set_param__functions.c.o[0m
[1.764s] [  9%] [32mBuilding C object CMakeFiles/messages_fr3__rosidl_generator_c.dir/rosidl_generator_c/messages_fr3/srv/detail/set_mode__functions.c.o[0m
[1.764s] [  9%] [32mBuilding C object CMakeFiles/messages_fr3__rosidl_generator_c.dir/rosidl_generator_c/messages_fr3/srv/detail/set_force__functions.c.o[0m
[1.764s] [ 10%] [32mBuilding C object CMakeFiles/messages_fr3__rosidl_generator_c.dir/rosidl_generator_c/messages_fr3/srv/detail/set_pose__functions.c.o[0m
[1.774s] [ 14%] [34m[1mGenerating C++ introspection for ROS interfaces[0m
[1.774s] [ 14%] [34m[1mGenerating C++ type support for eProsima Fast-RTPS[0m
[1.776s] [ 16%] [34m[1mGenerating C++ type support dispatch for ROS interfaces[0m
[1.991s] [ 18%] [32m[1mLinking C shared library libmessages_fr3__rosidl_generator_c.so[0m
[2.047s] [ 18%] Built target messages_fr3__rosidl_generator_c
[2.063s] [ 20%] [34m[1mGenerating C type support dispatch for ROS interfaces[0m
[2.064s] [ 21%] [34m[1mGenerating C type support for eProsima Fast-RTPS[0m
[2.064s] [ 23%] [34m[1mGenerating C introspection for ROS interfaces[0m
[2.192s] [35m[1mConsolidate compiler generated dependencies of target messages_fr3__rosidl_typesupport_cpp[0m
[2.217s] [ 27%] [32mBuilding CXX object CMakeFiles/messages_fr3__rosidl_typesupport_cpp.dir/rosidl_typesupport_cpp/messages_fr3/srv/set_force__type_support.cpp.o[0m
[2.218s] [ 27%] [32mBuilding CXX object CMakeFiles/messages_fr3__rosidl_typesupport_cpp.dir/rosidl_typesupport_cpp/messages_fr3/srv/set_pose__type_support.cpp.o[0m
[2.222s] [ 30%] [32mBuilding CXX object CMakeFiles/messages_fr3__rosidl_typesupport_cpp.dir/rosidl_typesupport_cpp/messages_fr3/srv/set_param__type_support.cpp.o[0m
[2.222s] [ 30%] [32mBuilding CXX object CMakeFiles/messages_fr3__rosidl_typesupport_cpp.dir/rosidl_typesupport_cpp/messages_fr3/srv/set_mode__type_support.cpp.o[0m
[2.461s] [35m[1mConsolidate compiler generated dependencies of target messages_fr3__rosidl_typesupport_introspection_cpp[0m
[2.468s] [35m[1mConsolidate compiler generated dependencies of target messages_fr3__rosidl_typesupport_c[0m
[2.473s] [35m[1mConsolidate compiler generated dependencies of target messages_fr3__rosidl_typesupport_fastrtps_cpp[0m
[2.504s] [ 32%] [32mBuilding CXX object CMakeFiles/messages_fr3__rosidl_typesupport_introspection_cpp.dir/rosidl_typesupport_introspection_cpp/messages_fr3/srv/detail/set_force__type_support.cpp.o[0m
[2.559s] [ 34%] [32mBuilding CXX object CMakeFiles/messages_fr3__rosidl_typesupport_c.dir/rosidl_typesupport_c/messages_fr3/srv/set_force__type_support.cpp.o[0m
[2.576s] [ 36%] [32mBuilding CXX object CMakeFiles/messages_fr3__rosidl_typesupport_introspection_cpp.dir/rosidl_typesupport_introspection_cpp/messages_fr3/srv/detail/set_mode__type_support.cpp.o[0m
[2.583s] [ 38%] [32mBuilding CXX object CMakeFiles/messages_fr3__rosidl_typesupport_c.dir/rosidl_typesupport_c/messages_fr3/srv/set_param__type_support.cpp.o[0m
[2.584s] [ 40%] [32mBuilding CXX object CMakeFiles/messages_fr3__rosidl_typesupport_c.dir/rosidl_typesupport_c/messages_fr3/srv/set_pose__type_support.cpp.o[0m
[2.588s] [ 41%] [32mBuilding CXX object CMakeFiles/messages_fr3__rosidl_typesupport_c.dir/rosidl_typesupport_c/messages_fr3/srv/set_mode__type_support.cpp.o[0m
[2.592s] [ 43%] [32mBuilding CXX object CMakeFiles/messages_fr3__rosidl_typesupport_introspection_cpp.dir/rosidl_typesupport_introspection_cpp/messages_fr3/srv/detail/set_param__type_support.cpp.o[0m
[2.618s] [ 45%] [32mBuilding CXX object CMakeFiles/messages_fr3__rosidl_typesupport_introspection_cpp.dir/rosidl_typesupport_introspection_cpp/messages_fr3/srv/detail/set_pose__type_support.cpp.o[0m
[2.620s] [ 47%] [32mBuilding CXX object CMakeFiles/messages_fr3__rosidl_typesupport_fastrtps_cpp.dir/rosidl_typesupport_fastrtps_cpp/messages_fr3/srv/detail/dds_fastrtps/set_pose__type_support.cpp.o[0m
[2.793s] [ 49%] [32mBuilding CXX object CMakeFiles/messages_fr3__rosidl_typesupport_fastrtps_cpp.dir/rosidl_typesupport_fastrtps_cpp/messages_fr3/srv/detail/dds_fastrtps/set_force__type_support.cpp.o[0m
[2.808s] [ 50%] [32mBuilding CXX object CMakeFiles/messages_fr3__rosidl_typesupport_fastrtps_cpp.dir/rosidl_typesupport_fastrtps_cpp/messages_fr3/srv/detail/dds_fastrtps/set_param__type_support.cpp.o[0m
[2.920s] [35m[1mConsolidate compiler generated dependencies of target messages_fr3__rosidl_typesupport_fastrtps_c[0m
[2.989s] [ 52%] [32m[1mLinking CXX shared library libmessages_fr3__rosidl_typesupport_c.so[0m
[2.999s] [ 54%] [32mBuilding CXX object CMakeFiles/messages_fr3__rosidl_typesupport_fastrtps_cpp.dir/rosidl_typesupport_fastrtps_cpp/messages_fr3/srv/detail/dds_fastrtps/set_mode__type_support.cpp.o[0m
[3.023s] [ 56%] [32mBuilding CXX object CMakeFiles/messages_fr3__rosidl_typesupport_fastrtps_c.dir/rosidl_typesupport_fastrtps_c/messages_fr3/srv/detail/set_param__type_support_c.cpp.o[0m
[3.037s] [ 58%] [32mBuilding CXX object CMakeFiles/messages_fr3__rosidl_typesupport_fastrtps_c.dir/rosidl_typesupport_fastrtps_c/messages_fr3/srv/detail/set_pose__type_support_c.cpp.o[0m
[3.048s] [35m[1mConsolidate compiler generated dependencies of target messages_fr3__rosidl_typesupport_introspection_c[0m
[3.186s] [ 60%] [32mBuilding C object CMakeFiles/messages_fr3__rosidl_typesupport_introspection_c.dir/rosidl_typesupport_introspection_c/messages_fr3/srv/detail/set_pose__type_support.c.o[0m
[3.488s] [ 60%] Built target messages_fr3__rosidl_typesupport_c
[3.572s] [ 61%] [32mBuilding C object CMakeFiles/messages_fr3__rosidl_typesupport_introspection_c.dir/rosidl_typesupport_introspection_c/messages_fr3/srv/detail/set_param__type_support.c.o[0m
[3.588s] [ 63%] [32mBuilding C object CMakeFiles/messages_fr3__rosidl_typesupport_introspection_c.dir/rosidl_typesupport_introspection_c/messages_fr3/srv/detail/set_mode__type_support.c.o[0m
[3.617s] [ 65%] [32mBuilding CXX object CMakeFiles/messages_fr3__rosidl_typesupport_fastrtps_c.dir/rosidl_typesupport_fastrtps_c/messages_fr3/srv/detail/set_force__type_support_c.cpp.o[0m
[3.621s] [ 67%] [32mBuilding C object CMakeFiles/messages_fr3__rosidl_typesupport_introspection_c.dir/rosidl_typesupport_introspection_c/messages_fr3/srv/detail/set_force__type_support.c.o[0m
[3.805s] [ 69%] [32mBuilding CXX object CMakeFiles/messages_fr3__rosidl_typesupport_fastrtps_c.dir/rosidl_typesupport_fastrtps_c/messages_fr3/srv/detail/set_mode__type_support_c.cpp.o[0m
[3.947s] [ 70%] [32m[1mLinking CXX shared library libmessages_fr3__rosidl_typesupport_cpp.so[0m
[3.985s] [ 72%] [32m[1mLinking C shared library libmessages_fr3__rosidl_typesupport_introspection_c.so[0m
[4.159s] [ 72%] Built target messages_fr3__rosidl_typesupport_cpp
[4.162s] [ 72%] Built target messages_fr3__rosidl_typesupport_introspection_c
[4.496s] [ 74%] [32m[1mLinking CXX shared library libmessages_fr3__rosidl_typesupport_introspection_cpp.so[0m
[4.537s] [ 76%] [32m[1mLinking CXX shared library libmessages_fr3__rosidl_typesupport_fastrtps_cpp.so[0m
[4.544s] [ 78%] [32m[1mLinking CXX shared library libmessages_fr3__rosidl_typesupport_fastrtps_c.so[0m
[4.554s] [ 78%] Built target messages_fr3__rosidl_typesupport_introspection_cpp
[4.663s] [ 78%] Built target messages_fr3__rosidl_typesupport_fastrtps_cpp
[4.674s] [ 78%] Built target messages_fr3__rosidl_typesupport_fastrtps_c
[4.706s] [ 78%] Built target messages_fr3
[4.739s] [ 80%] [34m[1mGenerating Python code for ROS interfaces[0m
[5.469s] [ 80%] Built target messages_fr3__py
[5.486s] [35m[1mConsolidate compiler generated dependencies of target messages_fr3__rosidl_generator_py[0m
[5.512s] [ 85%] [32mBuilding C object CMakeFiles/messages_fr3__rosidl_generator_py.dir/rosidl_generator_py/messages_fr3/srv/_set_param_s.c.o[0m
[5.512s] [ 85%] [32mBuilding C object CMakeFiles/messages_fr3__rosidl_generator_py.dir/rosidl_generator_py/messages_fr3/srv/_set_force_s.c.o[0m
[5.512s] [ 85%] [32mBuilding C object CMakeFiles/messages_fr3__rosidl_generator_py.dir/rosidl_generator_py/messages_fr3/srv/_set_pose_s.c.o[0m
[5.514s] [ 87%] [32mBuilding C object CMakeFiles/messages_fr3__rosidl_generator_py.dir/rosidl_generator_py/messages_fr3/srv/_set_mode_s.c.o[0m
[5.688s] [ 89%] [32m[1mLinking C shared library rosidl_generator_py/messages_fr3/libmessages_fr3__rosidl_generator_py.so[0m
[5.742s] [ 89%] Built target messages_fr3__rosidl_generator_py
[5.756s] [35m[1mConsolidate compiler generated dependencies of target messages_fr3__rosidl_typesupport_c__pyext[0m
[5.756s] [35m[1mConsolidate compiler generated dependencies of target messages_fr3__rosidl_typesupport_fastrtps_c__pyext[0m
[5.760s] [35m[1mConsolidate compiler generated dependencies of target messages_fr3__rosidl_typesupport_introspection_c__pyext[0m
[5.775s] [ 90%] [32mBuilding C object CMakeFiles/messages_fr3__rosidl_typesupport_fastrtps_c__pyext.dir/rosidl_generator_py/messages_fr3/_messages_fr3_s.ep.rosidl_typesupport_fastrtps_c.c.o[0m
[5.777s] [ 92%] [32mBuilding C object CMakeFiles/messages_fr3__rosidl_typesupport_c__pyext.dir/rosidl_generator_py/messages_fr3/_messages_fr3_s.ep.rosidl_typesupport_c.c.o[0m
[5.782s] [ 94%] [32mBuilding C object CMakeFiles/messages_fr3__rosidl_typesupport_introspection_c__pyext.dir/rosidl_generator_py/messages_fr3/_messages_fr3_s.ep.rosidl_typesupport_introspection_c.c.o[0m
[5.968s] [ 96%] [32m[1mLinking C shared library rosidl_generator_py/messages_fr3/messages_fr3_s__rosidl_typesupport_c.cpython-310-x86_64-linux-gnu.so[0m
[5.977s] [ 98%] [32m[1mLinking C shared library rosidl_generator_py/messages_fr3/messages_fr3_s__rosidl_typesupport_fastrtps_c.cpython-310-x86_64-linux-gnu.so[0m
[5.987s] [100%] [32m[1mLinking C shared library rosidl_generator_py/messages_fr3/messages_fr3_s__rosidl_typesupport_introspection_c.cpython-310-x86_64-linux-gnu.so[0m
[6.021s] [100%] Built target messages_fr3__rosidl_typesupport_c__pyext
[6.030s] [100%] Built target messages_fr3__rosidl_typesupport_fastrtps_c__pyext
[6.043s] [100%] Built target messages_fr3__rosidl_typesupport_introspection_c__pyext
[6.061s] Invoked command in '/home/simi/franka_ros2_ws/build/messages_fr3' returned '0': CMAKE_PREFIX_PATH=${CMAKE_PREFIX_PATH}:/home/simi/franka_ros2_ws/install/realtime_plot_of_data:/opt/ros/humble /usr/bin/cmake --build /home/simi/franka_ros2_ws/build/messages_fr3 -- -j16 -l16
[6.292s] Invoking command in '/home/simi/franka_ros2_ws/build/messages_fr3': CMAKE_PREFIX_PATH=${CMAKE_PREFIX_PATH}:/home/simi/franka_ros2_ws/install/realtime_plot_of_data:/opt/ros/humble /usr/bin/cmake --install /home/simi/franka_ros2_ws/build/messages_fr3
[6.302s] -- Install configuration: "Release"
[6.302s] -- Up-to-date: /home/simi/franka_ros2_ws/install/messages_fr3/share/ament_index/resource_index/rosidl_interfaces/messages_fr3
[6.303s] -- Up-to-date: /home/simi/franka_ros2_ws/install/messages_fr3/include/messages_fr3/messages_fr3
[6.303s] -- Up-to-date: /home/simi/franka_ros2_ws/install/messages_fr3/include/messages_fr3/messages_fr3/srv
[6.303s] -- Up-to-date: /home/simi/franka_ros2_ws/install/messages_fr3/include/messages_fr3/messages_fr3/srv/detail
[6.303s] -- Installing: /home/simi/franka_ros2_ws/install/messages_fr3/include/messages_fr3/messages_fr3/srv/detail/set_param__type_support.h
[6.303s] -- Installing: /home/simi/franka_ros2_ws/install/messages_fr3/include/messages_fr3/messages_fr3/srv/detail/set_force__functions.h
[6.303s] -- Installing: /home/simi/franka_ros2_ws/install/messages_fr3/include/messages_fr3/messages_fr3/srv/detail/set_param__functions.c
[6.303s] -- Installing: /home/simi/franka_ros2_ws/install/messages_fr3/include/messages_fr3/messages_fr3/srv/detail/set_mode__type_support.h
[6.303s] -- Installing: /home/simi/franka_ros2_ws/install/messages_fr3/include/messages_fr3/messages_fr3/srv/detail/set_force__struct.h
[6.303s] -- Installing: /home/simi/franka_ros2_ws/install/messages_fr3/include/messages_fr3/messages_fr3/srv/detail/set_param__struct.h
[6.304s] -- Installing: /home/simi/franka_ros2_ws/install/messages_fr3/include/messages_fr3/messages_fr3/srv/detail/set_mode__functions.h
[6.304s] -- Installing: /home/simi/franka_ros2_ws/install/messages_fr3/include/messages_fr3/messages_fr3/srv/detail/set_param__functions.h
[6.304s] -- Installing: /home/simi/franka_ros2_ws/install/messages_fr3/include/messages_fr3/messages_fr3/srv/detail/set_pose__functions.c
[6.304s] -- Installing: /home/simi/franka_ros2_ws/install/messages_fr3/include/messages_fr3/messages_fr3/srv/detail/set_mode__functions.c
[6.304s] -- Installing: /home/simi/franka_ros2_ws/install/messages_fr3/include/messages_fr3/messages_fr3/srv/detail/set_pose__struct.h
[6.305s] -- Installing: /home/simi/franka_ros2_ws/install/messages_fr3/include/messages_fr3/messages_fr3/srv/detail/set_force__type_support.h
[6.305s] -- Installing: /home/simi/franka_ros2_ws/install/messages_fr3/include/messages_fr3/messages_fr3/srv/detail/set_pose__functions.h
[6.305s] -- Installing: /home/simi/franka_ros2_ws/install/messages_fr3/include/messages_fr3/messages_fr3/srv/detail/set_force__functions.c
[6.305s] -- Installing: /home/simi/franka_ros2_ws/install/messages_fr3/include/messages_fr3/messages_fr3/srv/detail/set_pose__type_support.h
[6.306s] -- Installing: /home/simi/franka_ros2_ws/install/messages_fr3/include/messages_fr3/messages_fr3/srv/detail/set_mode__struct.h
[6.306s] -- Installing: /home/simi/franka_ros2_ws/install/messages_fr3/include/messages_fr3/messages_fr3/srv/set_mode.h
[6.306s] -- Installing: /home/simi/franka_ros2_ws/install/messages_fr3/include/messages_fr3/messages_fr3/srv/set_force.h
[6.306s] -- Installing: /home/simi/franka_ros2_ws/install/messages_fr3/include/messages_fr3/messages_fr3/srv/set_param.h
[6.306s] -- Installing: /home/simi/franka_ros2_ws/install/messages_fr3/include/messages_fr3/messages_fr3/srv/set_pose.h
[6.307s] -- Up-to-date: /home/simi/franka_ros2_ws/install/messages_fr3/include/messages_fr3/messages_fr3/msg
[6.307s] -- Up-to-date: /home/simi/franka_ros2_ws/install/messages_fr3/include/messages_fr3/messages_fr3/msg/rosidl_generator_c__visibility_control.h
[6.307s] -- Up-to-date: /home/simi/franka_ros2_ws/install/messages_fr3/share/messages_fr3/environment/library_path.sh
[6.307s] -- Installing: /home/simi/franka_ros2_ws/install/messages_fr3/share/messages_fr3/environment/library_path.dsv
[6.307s] -- Installing: /home/simi/franka_ros2_ws/install/messages_fr3/lib/libmessages_fr3__rosidl_generator_c.so
[6.308s] -- Set runtime path of "/home/simi/franka_ros2_ws/install/messages_fr3/lib/libmessages_fr3__rosidl_generator_c.so" to ""
[6.308s] -- Up-to-date: /home/simi/franka_ros2_ws/install/messages_fr3/include/messages_fr3/messages_fr3
[6.308s] -- Up-to-date: /home/simi/franka_ros2_ws/install/messages_fr3/include/messages_fr3/messages_fr3/srv
[6.308s] -- Up-to-date: /home/simi/franka_ros2_ws/install/messages_fr3/include/messages_fr3/messages_fr3/srv/detail
[6.308s] -- Installing: /home/simi/franka_ros2_ws/install/messages_fr3/include/messages_fr3/messages_fr3/srv/detail/set_param__rosidl_typesupport_fastrtps_c.h
[6.308s] -- Installing: /home/simi/franka_ros2_ws/install/messages_fr3/include/messages_fr3/messages_fr3/srv/detail/set_mode__rosidl_typesupport_fastrtps_c.h
[6.309s] -- Installing: /home/simi/franka_ros2_ws/install/messages_fr3/include/messages_fr3/messages_fr3/srv/detail/set_force__rosidl_typesupport_fastrtps_c.h
[6.309s] -- Installing: /home/simi/franka_ros2_ws/install/messages_fr3/include/messages_fr3/messages_fr3/srv/detail/set_pose__rosidl_typesupport_fastrtps_c.h
[6.309s] -- Up-to-date: /home/simi/franka_ros2_ws/install/messages_fr3/include/messages_fr3/messages_fr3/msg
[6.309s] -- Up-to-date: /home/simi/franka_ros2_ws/install/messages_fr3/include/messages_fr3/messages_fr3/msg/rosidl_typesupport_fastrtps_c__visibility_control.h
[6.309s] -- Installing: /home/simi/franka_ros2_ws/install/messages_fr3/lib/libmessages_fr3__rosidl_typesupport_fastrtps_c.so
[6.310s] -- Set runtime path of "/home/simi/franka_ros2_ws/install/messages_fr3/lib/libmessages_fr3__rosidl_typesupport_fastrtps_c.so" to ""
[6.310s] -- Up-to-date: /home/simi/franka_ros2_ws/install/messages_fr3/include/messages_fr3/messages_fr3
[6.310s] -- Up-to-date: /home/simi/franka_ros2_ws/install/messages_fr3/include/messages_fr3/messages_fr3/srv
[6.310s] -- Up-to-date: /home/simi/franka_ros2_ws/install/messages_fr3/include/messages_fr3/messages_fr3/srv/detail
[6.310s] -- Installing: /home/simi/franka_ros2_ws/install/messages_fr3/include/messages_fr3/messages_fr3/srv/detail/set_mode__rosidl_typesupport_introspection_c.h
[6.310s] -- Installing: /home/simi/franka_ros2_ws/install/messages_fr3/include/messages_fr3/messages_fr3/srv/detail/set_param__rosidl_typesupport_introspection_c.h
[6.311s] -- Installing: /home/simi/franka_ros2_ws/install/messages_fr3/include/messages_fr3/messages_fr3/srv/detail/set_force__type_support.c
[6.311s] -- Installing: /home/simi/franka_ros2_ws/install/messages_fr3/include/messages_fr3/messages_fr3/srv/detail/set_pose__rosidl_typesupport_introspection_c.h
[6.311s] -- Installing: /home/simi/franka_ros2_ws/install/messages_fr3/include/messages_fr3/messages_fr3/srv/detail/set_force__rosidl_typesupport_introspection_c.h
[6.311s] -- Installing: /home/simi/franka_ros2_ws/install/messages_fr3/include/messages_fr3/messages_fr3/srv/detail/set_pose__type_support.c
[6.312s] -- Installing: /home/simi/franka_ros2_ws/install/messages_fr3/include/messages_fr3/messages_fr3/srv/detail/set_mode__type_support.c
[6.312s] -- Installing: /home/simi/franka_ros2_ws/install/messages_fr3/include/messages_fr3/messages_fr3/srv/detail/set_param__type_support.c
[6.312s] -- Up-to-date: /home/simi/franka_ros2_ws/install/messages_fr3/include/messages_fr3/messages_fr3/msg
[6.312s] -- Up-to-date: /home/simi/franka_ros2_ws/install/messages_fr3/include/messages_fr3/messages_fr3/msg/rosidl_typesupport_introspection_c__visibility_control.h
[6.312s] -- Installing: /home/simi/franka_ros2_ws/install/messages_fr3/lib/libmessages_fr3__rosidl_typesupport_introspection_c.so
[6.313s] -- Set runtime path of "/home/simi/franka_ros2_ws/install/messages_fr3/lib/libmessages_fr3__rosidl_typesupport_introspection_c.so" to ""
[6.313s] -- Installing: /home/simi/franka_ros2_ws/install/messages_fr3/lib/libmessages_fr3__rosidl_typesupport_c.so
[6.313s] -- Set runtime path of "/home/simi/franka_ros2_ws/install/messages_fr3/lib/libmessages_fr3__rosidl_typesupport_c.so" to ""
[6.314s] -- Up-to-date: /home/simi/franka_ros2_ws/install/messages_fr3/include/messages_fr3/messages_fr3
[6.314s] -- Up-to-date: /home/simi/franka_ros2_ws/install/messages_fr3/include/messages_fr3/messages_fr3/srv
[6.314s] -- Up-to-date: /home/simi/franka_ros2_ws/install/messages_fr3/include/messages_fr3/messages_fr3/srv/detail
[6.314s] -- Installing: /home/simi/franka_ros2_ws/install/messages_fr3/include/messages_fr3/messages_fr3/srv/detail/set_mode__struct.hpp
[6.314s] -- Installing: /home/simi/franka_ros2_ws/install/messages_fr3/include/messages_fr3/messages_fr3/srv/detail/set_mode__builder.hpp
[6.314s] -- Installing: /home/simi/franka_ros2_ws/install/messages_fr3/include/messages_fr3/messages_fr3/srv/detail/set_force__builder.hpp
[6.314s] -- Installing: /home/simi/franka_ros2_ws/install/messages_fr3/include/messages_fr3/messages_fr3/srv/detail/set_param__struct.hpp
[6.314s] -- Installing: /home/simi/franka_ros2_ws/install/messages_fr3/include/messages_fr3/messages_fr3/srv/detail/set_pose__builder.hpp
[6.315s] -- Installing: /home/simi/franka_ros2_ws/install/messages_fr3/include/messages_fr3/messages_fr3/srv/detail/set_pose__traits.hpp
[6.315s] -- Installing: /home/simi/franka_ros2_ws/install/messages_fr3/include/messages_fr3/messages_fr3/srv/detail/set_pose__struct.hpp
[6.315s] -- Installing: /home/simi/franka_ros2_ws/install/messages_fr3/include/messages_fr3/messages_fr3/srv/detail/set_force__struct.hpp
[6.315s] -- Installing: /home/simi/franka_ros2_ws/install/messages_fr3/include/messages_fr3/messages_fr3/srv/detail/set_param__traits.hpp
[6.316s] -- Installing: /home/simi/franka_ros2_ws/install/messages_fr3/include/messages_fr3/messages_fr3/srv/detail/set_param__builder.hpp
[6.316s] -- Installing: /home/simi/franka_ros2_ws/install/messages_fr3/include/messages_fr3/messages_fr3/srv/detail/set_mode__traits.hpp
[6.316s] -- Installing: /home/simi/franka_ros2_ws/install/messages_fr3/include/messages_fr3/messages_fr3/srv/detail/set_force__traits.hpp
[6.316s] -- Installing: /home/simi/franka_ros2_ws/install/messages_fr3/include/messages_fr3/messages_fr3/srv/set_mode.hpp
[6.316s] -- Installing: /home/simi/franka_ros2_ws/install/messages_fr3/include/messages_fr3/messages_fr3/srv/set_param.hpp
[6.316s] -- Installing: /home/simi/franka_ros2_ws/install/messages_fr3/include/messages_fr3/messages_fr3/srv/set_pose.hpp
[6.317s] -- Installing: /home/simi/franka_ros2_ws/install/messages_fr3/include/messages_fr3/messages_fr3/srv/set_force.hpp
[6.317s] -- Up-to-date: /home/simi/franka_ros2_ws/install/messages_fr3/include/messages_fr3/messages_fr3
[6.317s] -- Up-to-date: /home/simi/franka_ros2_ws/install/messages_fr3/include/messages_fr3/messages_fr3/srv
[6.317s] -- Up-to-date: /home/simi/franka_ros2_ws/install/messages_fr3/include/messages_fr3/messages_fr3/srv/detail
[6.317s] -- Installing: /home/simi/franka_ros2_ws/install/messages_fr3/include/messages_fr3/messages_fr3/srv/detail/set_pose__rosidl_typesupport_fastrtps_cpp.hpp
[6.317s] -- Installing: /home/simi/franka_ros2_ws/install/messages_fr3/include/messages_fr3/messages_fr3/srv/detail/set_param__rosidl_typesupport_fastrtps_cpp.hpp
[6.317s] -- Installing: /home/simi/franka_ros2_ws/install/messages_fr3/include/messages_fr3/messages_fr3/srv/detail/set_mode__rosidl_typesupport_fastrtps_cpp.hpp
[6.317s] -- Installing: /home/simi/franka_ros2_ws/install/messages_fr3/include/messages_fr3/messages_fr3/srv/detail/set_force__rosidl_typesupport_fastrtps_cpp.hpp
[6.318s] -- Up-to-date: /home/simi/franka_ros2_ws/install/messages_fr3/include/messages_fr3/messages_fr3/srv/detail/dds_fastrtps
[6.318s] -- Up-to-date: /home/simi/franka_ros2_ws/install/messages_fr3/include/messages_fr3/messages_fr3/msg
[6.318s] -- Up-to-date: /home/simi/franka_ros2_ws/install/messages_fr3/include/messages_fr3/messages_fr3/msg/rosidl_typesupport_fastrtps_cpp__visibility_control.h
[6.318s] -- Installing: /home/simi/franka_ros2_ws/install/messages_fr3/lib/libmessages_fr3__rosidl_typesupport_fastrtps_cpp.so
[6.318s] -- Set runtime path of "/home/simi/franka_ros2_ws/install/messages_fr3/lib/libmessages_fr3__rosidl_typesupport_fastrtps_cpp.so" to ""
[6.319s] -- Up-to-date: /home/simi/franka_ros2_ws/install/messages_fr3/include/messages_fr3/messages_fr3
[6.319s] -- Up-to-date: /home/simi/franka_ros2_ws/install/messages_fr3/include/messages_fr3/messages_fr3/srv
[6.319s] -- Up-to-date: /home/simi/franka_ros2_ws/install/messages_fr3/include/messages_fr3/messages_fr3/srv/detail
[6.319s] -- Installing: /home/simi/franka_ros2_ws/install/messages_fr3/include/messages_fr3/messages_fr3/srv/detail/set_param__rosidl_typesupport_introspection_cpp.hpp
[6.319s] -- Installing: /home/simi/franka_ros2_ws/install/messages_fr3/include/messages_fr3/messages_fr3/srv/detail/set_pose__rosidl_typesupport_introspection_cpp.hpp
[6.319s] -- Installing: /home/simi/franka_ros2_ws/install/messages_fr3/include/messages_fr3/messages_fr3/srv/detail/set_mode__type_support.cpp
[6.319s] -- Installing: /home/simi/franka_ros2_ws/install/messages_fr3/include/messages_fr3/messages_fr3/srv/detail/set_mode__rosidl_typesupport_introspection_cpp.hpp
[6.319s] -- Installing: /home/simi/franka_ros2_ws/install/messages_fr3/include/messages_fr3/messages_fr3/srv/detail/set_force__type_support.cpp
[6.320s] -- Installing: /home/simi/franka_ros2_ws/install/messages_fr3/include/messages_fr3/messages_fr3/srv/detail/set_param__type_support.cpp
[6.320s] -- Installing: /home/simi/franka_ros2_ws/install/messages_fr3/include/messages_fr3/messages_fr3/srv/detail/set_pose__type_support.cpp
[6.320s] -- Installing: /home/simi/franka_ros2_ws/install/messages_fr3/include/messages_fr3/messages_fr3/srv/detail/set_force__rosidl_typesupport_introspection_cpp.hpp
[6.320s] -- Installing: /home/simi/franka_ros2_ws/install/messages_fr3/lib/libmessages_fr3__rosidl_typesupport_introspection_cpp.so
[6.321s] -- Set runtime path of "/home/simi/franka_ros2_ws/install/messages_fr3/lib/libmessages_fr3__rosidl_typesupport_introspection_cpp.so" to ""
[6.321s] -- Installing: /home/simi/franka_ros2_ws/install/messages_fr3/lib/libmessages_fr3__rosidl_typesupport_cpp.so
[6.321s] -- Set runtime path of "/home/simi/franka_ros2_ws/install/messages_fr3/lib/libmessages_fr3__rosidl_typesupport_cpp.so" to ""
[6.322s] -- Up-to-date: /home/simi/franka_ros2_ws/install/messages_fr3/share/messages_fr3/environment/pythonpath.sh
[6.322s] -- Installing: /home/simi/franka_ros2_ws/install/messages_fr3/share/messages_fr3/environment/pythonpath.dsv
[6.322s] -- Installing: /home/simi/franka_ros2_ws/install/messages_fr3/local/lib/python3.10/dist-packages/messages_fr3-1.0.0-py3.10.egg-info
[6.322s] -- Installing: /home/simi/franka_ros2_ws/install/messages_fr3/local/lib/python3.10/dist-packages/messages_fr3-1.0.0-py3.10.egg-info/dependency_links.txt
[6.322s] -- Installing: /home/simi/franka_ros2_ws/install/messages_fr3/local/lib/python3.10/dist-packages/messages_fr3-1.0.0-py3.10.egg-info/top_level.txt
[6.322s] -- Installing: /home/simi/franka_ros2_ws/install/messages_fr3/local/lib/python3.10/dist-packages/messages_fr3-1.0.0-py3.10.egg-info/PKG-INFO
[6.322s] -- Installing: /home/simi/franka_ros2_ws/install/messages_fr3/local/lib/python3.10/dist-packages/messages_fr3-1.0.0-py3.10.egg-info/SOURCES.txt
[6.322s] -- Up-to-date: /home/simi/franka_ros2_ws/install/messages_fr3/local/lib/python3.10/dist-packages/messages_fr3
[6.322s] -- Installing: /home/simi/franka_ros2_ws/install/messages_fr3/local/lib/python3.10/dist-packages/messages_fr3/__init__.py
[6.323s] -- Installing: /home/simi/franka_ros2_ws/install/messages_fr3/local/lib/python3.10/dist-packages/messages_fr3/messages_fr3_s__rosidl_typesupport_introspection_c.cpython-310-x86_64-linux-gnu.so
[6.323s] -- Installing: /home/simi/franka_ros2_ws/install/messages_fr3/local/lib/python3.10/dist-packages/messages_fr3/messages_fr3_s__rosidl_typesupport_c.cpython-310-x86_64-linux-gnu.so
[6.323s] -- Installing: /home/simi/franka_ros2_ws/install/messages_fr3/local/lib/python3.10/dist-packages/messages_fr3/libmessages_fr3__rosidl_generator_py.so
[6.323s] -- Up-to-date: /home/simi/franka_ros2_ws/install/messages_fr3/local/lib/python3.10/dist-packages/messages_fr3/srv
[6.323s] -- Installing: /home/simi/franka_ros2_ws/install/messages_fr3/local/lib/python3.10/dist-packages/messages_fr3/srv/_set_param_s.c
[6.324s] -- Installing: /home/simi/franka_ros2_ws/install/messages_fr3/local/lib/python3.10/dist-packages/messages_fr3/srv/_set_mode_s.c
[6.324s] -- Installing: /home/simi/franka_ros2_ws/install/messages_fr3/local/lib/python3.10/dist-packages/messages_fr3/srv/__init__.py
[6.324s] -- Installing: /home/simi/franka_ros2_ws/install/messages_fr3/local/lib/python3.10/dist-packages/messages_fr3/srv/_set_mode.py
[6.324s] -- Installing: /home/simi/franka_ros2_ws/install/messages_fr3/local/lib/python3.10/dist-packages/messages_fr3/srv/_set_pose.py
[6.324s] -- Installing: /home/simi/franka_ros2_ws/install/messages_fr3/local/lib/python3.10/dist-packages/messages_fr3/srv/_set_force_s.c
[6.325s] -- Installing: /home/simi/franka_ros2_ws/install/messages_fr3/local/lib/python3.10/dist-packages/messages_fr3/srv/_set_pose_s.c
[6.325s] -- Installing: /home/simi/franka_ros2_ws/install/messages_fr3/local/lib/python3.10/dist-packages/messages_fr3/srv/_set_force.py
[6.325s] -- Installing: /home/simi/franka_ros2_ws/install/messages_fr3/local/lib/python3.10/dist-packages/messages_fr3/srv/_set_param.py
[6.325s] -- Installing: /home/simi/franka_ros2_ws/install/messages_fr3/local/lib/python3.10/dist-packages/messages_fr3/_messages_fr3_s.ep.rosidl_typesupport_c.c
[6.325s] -- Installing: /home/simi/franka_ros2_ws/install/messages_fr3/local/lib/python3.10/dist-packages/messages_fr3/_messages_fr3_s.ep.rosidl_typesupport_fastrtps_c.c
[6.326s] -- Installing: /home/simi/franka_ros2_ws/install/messages_fr3/local/lib/python3.10/dist-packages/messages_fr3/messages_fr3_s__rosidl_typesupport_fastrtps_c.cpython-310-x86_64-linux-gnu.so
[6.326s] -- Installing: /home/simi/franka_ros2_ws/install/messages_fr3/local/lib/python3.10/dist-packages/messages_fr3/_messages_fr3_s.ep.rosidl_typesupport_introspection_c.c
[6.378s] Listing '/home/simi/franka_ros2_ws/install/messages_fr3/local/lib/python3.10/dist-packages/messages_fr3'...
[6.378s] Compiling '/home/simi/franka_ros2_ws/install/messages_fr3/local/lib/python3.10/dist-packages/messages_fr3/__init__.py'...
[6.378s] Listing '/home/simi/franka_ros2_ws/install/messages_fr3/local/lib/python3.10/dist-packages/messages_fr3/srv'...
[6.378s] Compiling '/home/simi/franka_ros2_ws/install/messages_fr3/local/lib/python3.10/dist-packages/messages_fr3/srv/__init__.py'...
[6.378s] Compiling '/home/simi/franka_ros2_ws/install/messages_fr3/local/lib/python3.10/dist-packages/messages_fr3/srv/_set_force.py'...
[6.378s] Compiling '/home/simi/franka_ros2_ws/install/messages_fr3/local/lib/python3.10/dist-packages/messages_fr3/srv/_set_mode.py'...
[6.378s] Compiling '/home/simi/franka_ros2_ws/install/messages_fr3/local/lib/python3.10/dist-packages/messages_fr3/srv/_set_param.py'...
[6.378s] Compiling '/home/simi/franka_ros2_ws/install/messages_fr3/local/lib/python3.10/dist-packages/messages_fr3/srv/_set_pose.py'...
[6.383s] -- Installing: /home/simi/franka_ros2_ws/install/messages_fr3/local/lib/python3.10/dist-packages/messages_fr3/messages_fr3_s__rosidl_typesupport_fastrtps_c.cpython-310-x86_64-linux-gnu.so
[6.384s] -- Set runtime path of "/home/simi/franka_ros2_ws/install/messages_fr3/local/lib/python3.10/dist-packages/messages_fr3/messages_fr3_s__rosidl_typesupport_fastrtps_c.cpython-310-x86_64-linux-gnu.so" to ""
[6.384s] -- Installing: /home/simi/franka_ros2_ws/install/messages_fr3/local/lib/python3.10/dist-packages/messages_fr3/messages_fr3_s__rosidl_typesupport_introspection_c.cpython-310-x86_64-linux-gnu.so
[6.385s] -- Set runtime path of "/home/simi/franka_ros2_ws/install/messages_fr3/local/lib/python3.10/dist-packages/messages_fr3/messages_fr3_s__rosidl_typesupport_introspection_c.cpython-310-x86_64-linux-gnu.so" to ""
[6.385s] -- Installing: /home/simi/franka_ros2_ws/install/messages_fr3/local/lib/python3.10/dist-packages/messages_fr3/messages_fr3_s__rosidl_typesupport_c.cpython-310-x86_64-linux-gnu.so
[6.385s] -- Set runtime path of "/home/simi/franka_ros2_ws/install/messages_fr3/local/lib/python3.10/dist-packages/messages_fr3/messages_fr3_s__rosidl_typesupport_c.cpython-310-x86_64-linux-gnu.so" to ""
[6.385s] -- Installing: /home/simi/franka_ros2_ws/install/messages_fr3/lib/libmessages_fr3__rosidl_generator_py.so
[6.386s] -- Set runtime path of "/home/simi/franka_ros2_ws/install/messages_fr3/lib/libmessages_fr3__rosidl_generator_py.so" to ""
[6.386s] -- Installing: /home/simi/franka_ros2_ws/install/messages_fr3/share/messages_fr3/srv/SetPose.idl
[6.386s] -- Up-to-date: /home/simi/franka_ros2_ws/install/messages_fr3/share/messages_fr3/srv/SetParam.idl
[6.386s] -- Up-to-date: /home/simi/franka_ros2_ws/install/messages_fr3/share/messages_fr3/srv/SetForce.idl
[6.386s] -- Up-to-date: /home/simi/franka_ros2_ws/install/messages_fr3/share/messages_fr3/srv/SetMode.idl
[6.386s] -- Installing: /home/simi/franka_ros2_ws/install/messages_fr3/share/messages_fr3/srv/SetPose.srv
[6.386s] -- Installing: /home/simi/franka_ros2_ws/install/messages_fr3/share/messages_fr3/srv/SetPose_Request.msg
[6.387s] -- Up-to-date: /home/simi/franka_ros2_ws/install/messages_fr3/share/messages_fr3/srv/SetPose_Response.msg
[6.387s] -- Up-to-date: /home/simi/franka_ros2_ws/install/messages_fr3/share/messages_fr3/srv/SetParam.srv
[6.387s] -- Up-to-date: /home/simi/franka_ros2_ws/install/messages_fr3/share/messages_fr3/srv/SetParam_Request.msg
[6.387s] -- Up-to-date: /home/simi/franka_ros2_ws/install/messages_fr3/share/messages_fr3/srv/SetParam_Response.msg
[6.387s] -- Installing: /home/simi/franka_ros2_ws/install/messages_fr3/share/messages_fr3/srv/SetForce.srv
[6.387s] -- Up-to-date: /home/simi/franka_ros2_ws/install/messages_fr3/share/messages_fr3/srv/SetForce_Request.msg
[6.387s] -- Up-to-date: /home/simi/franka_ros2_ws/install/messages_fr3/share/messages_fr3/srv/SetForce_Response.msg
[6.387s] -- Up-to-date: /home/simi/franka_ros2_ws/install/messages_fr3/share/messages_fr3/srv/SetMode.srv
[6.387s] -- Up-to-date: /home/simi/franka_ros2_ws/install/messages_fr3/share/messages_fr3/srv/SetMode_Request.msg
[6.387s] -- Up-to-date: /home/simi/franka_ros2_ws/install/messages_fr3/share/messages_fr3/srv/SetMode_Response.msg
[6.387s] -- Up-to-date: /home/simi/franka_ros2_ws/install/messages_fr3/share/ament_index/resource_index/package_run_dependencies/messages_fr3
[6.387s] -- Up-to-date: /home/simi/franka_ros2_ws/install/messages_fr3/share/ament_index/resource_index/parent_prefix_path/messages_fr3
[6.387s] -- Installing: /home/simi/franka_ros2_ws/install/messages_fr3/share/messages_fr3/environment/ament_prefix_path.sh
[6.388s] -- Installing: /home/simi/franka_ros2_ws/install/messages_fr3/share/messages_fr3/environment/ament_prefix_path.dsv
[6.388s] -- Installing: /home/simi/franka_ros2_ws/install/messages_fr3/share/messages_fr3/environment/path.sh
[6.388s] -- Installing: /home/simi/franka_ros2_ws/install/messages_fr3/share/messages_fr3/environment/path.dsv
[6.388s] -- Up-to-date: /home/simi/franka_ros2_ws/install/messages_fr3/share/messages_fr3/local_setup.bash
[6.388s] -- Up-to-date: /home/simi/franka_ros2_ws/install/messages_fr3/share/messages_fr3/local_setup.sh
[6.388s] -- Up-to-date: /home/simi/franka_ros2_ws/install/messages_fr3/share/messages_fr3/local_setup.zsh
[6.388s] -- Installing: /home/simi/franka_ros2_ws/install/messages_fr3/share/messages_fr3/local_setup.dsv
[6.389s] -- Installing: /home/simi/franka_ros2_ws/install/messages_fr3/share/messages_fr3/package.dsv
[6.389s] -- Up-to-date: /home/simi/franka_ros2_ws/install/messages_fr3/share/ament_index/resource_index/packages/messages_fr3
[6.389s] -- Up-to-date: /home/simi/franka_ros2_ws/install/messages_fr3/share/messages_fr3/cmake/export_messages_fr3__rosidl_generator_cExport.cmake
[6.389s] -- Up-to-date: /home/simi/franka_ros2_ws/install/messages_fr3/share/messages_fr3/cmake/export_messages_fr3__rosidl_generator_cExport-release.cmake
[6.389s] -- Up-to-date: /home/simi/franka_ros2_ws/install/messages_fr3/share/messages_fr3/cmake/export_messages_fr3__rosidl_typesupport_fastrtps_cExport.cmake
[6.389s] -- Up-to-date: /home/simi/franka_ros2_ws/install/messages_fr3/share/messages_fr3/cmake/export_messages_fr3__rosidl_typesupport_fastrtps_cExport-release.cmake
[6.389s] -- Up-to-date: /home/simi/franka_ros2_ws/install/messages_fr3/share/messages_fr3/cmake/messages_fr3__rosidl_typesupport_introspection_cExport.cmake
[6.389s] -- Up-to-date: /home/simi/franka_ros2_ws/install/messages_fr3/share/messages_fr3/cmake/messages_fr3__rosidl_typesupport_introspection_cExport-release.cmake
[6.389s] -- Up-to-date: /home/simi/franka_ros2_ws/install/messages_fr3/share/messages_fr3/cmake/messages_fr3__rosidl_typesupport_cExport.cmake
[6.389s] -- Up-to-date: /home/simi/franka_ros2_ws/install/messages_fr3/share/messages_fr3/cmake/messages_fr3__rosidl_typesupport_cExport-release.cmake
[6.389s] -- Up-to-date: /home/simi/franka_ros2_ws/install/messages_fr3/share/messages_fr3/cmake/export_messages_fr3__rosidl_generator_cppExport.cmake
[6.389s] -- Up-to-date: /home/simi/franka_ros2_ws/install/messages_fr3/share/messages_fr3/cmake/export_messages_fr3__rosidl_typesupport_fastrtps_cppExport.cmake
[6.389s] -- Up-to-date: /home/simi/franka_ros2_ws/install/messages_fr3/share/messages_fr3/cmake/export_messages_fr3__rosidl_typesupport_fastrtps_cppExport-release.cmake
[6.390s] -- Up-to-date: /home/simi/franka_ros2_ws/install/messages_fr3/share/messages_fr3/cmake/messages_fr3__rosidl_typesupport_introspection_cppExport.cmake
[6.390s] -- Up-to-date: /home/simi/franka_ros2_ws/install/messages_fr3/share/messages_fr3/cmake/messages_fr3__rosidl_typesupport_introspection_cppExport-release.cmake
[6.390s] -- Up-to-date: /home/simi/franka_ros2_ws/install/messages_fr3/share/messages_fr3/cmake/messages_fr3__rosidl_typesupport_cppExport.cmake
[6.390s] -- Up-to-date: /home/simi/franka_ros2_ws/install/messages_fr3/share/messages_fr3/cmake/messages_fr3__rosidl_typesupport_cppExport-release.cmake
[6.390s] -- Up-to-date: /home/simi/franka_ros2_ws/install/messages_fr3/share/messages_fr3/cmake/export_messages_fr3__rosidl_generator_pyExport.cmake
[6.390s] -- Up-to-date: /home/simi/franka_ros2_ws/install/messages_fr3/share/messages_fr3/cmake/export_messages_fr3__rosidl_generator_pyExport-release.cmake
[6.390s] -- Up-to-date: /home/simi/franka_ros2_ws/install/messages_fr3/share/messages_fr3/cmake/rosidl_cmake-extras.cmake
[6.390s] -- Up-to-date: /home/simi/franka_ros2_ws/install/messages_fr3/share/messages_fr3/cmake/ament_cmake_export_dependencies-extras.cmake
[6.390s] -- Up-to-date: /home/simi/franka_ros2_ws/install/messages_fr3/share/messages_fr3/cmake/ament_cmake_export_include_directories-extras.cmake
[6.390s] -- Up-to-date: /home/simi/franka_ros2_ws/install/messages_fr3/share/messages_fr3/cmake/ament_cmake_export_libraries-extras.cmake
[6.390s] -- Up-to-date: /home/simi/franka_ros2_ws/install/messages_fr3/share/messages_fr3/cmake/ament_cmake_export_targets-extras.cmake
[6.390s] -- Up-to-date: /home/simi/franka_ros2_ws/install/messages_fr3/share/messages_fr3/cmake/rosidl_cmake_export_typesupport_targets-extras.cmake
[6.390s] -- Up-to-date: /home/simi/franka_ros2_ws/install/messages_fr3/share/messages_fr3/cmake/rosidl_cmake_export_typesupport_libraries-extras.cmake
[6.390s] -- Installing: /home/simi/franka_ros2_ws/install/messages_fr3/share/messages_fr3/cmake/messages_fr3Config.cmake
[6.390s] -- Installing: /home/simi/franka_ros2_ws/install/messages_fr3/share/messages_fr3/cmake/messages_fr3Config-version.cmake
[6.391s] -- Installing: /home/simi/franka_ros2_ws/install/messages_fr3/share/messages_fr3/package.xml
[6.394s] Invoked command in '/home/simi/franka_ros2_ws/build/messages_fr3' returned '0': CMAKE_PREFIX_PATH=${CMAKE_PREFIX_PATH}:/home/simi/franka_ros2_ws/install/realtime_plot_of_data:/opt/ros/humble /usr/bin/cmake --install /home/simi/franka_ros2_ws/build/messages_fr3
