[0.048s] Invoking command in '/home/simi/franka_ros2_ws/build/franka_msgs': CMAKE_PREFIX_PATH=${CMAKE_PREFIX_PATH}:/opt/ros/humble /usr/bin/cmake /home/simi/franka_ros2_ws/src/franka_ros2/franka_msgs -DCMAKE_INSTALL_PREFIX=/home/simi/franka_ros2_ws/install/franka_msgs
[0.068s] -- Found ament_cmake: 1.3.8 (/opt/ros/humble/share/ament_cmake/cmake)
[0.215s] -- Found rosidl_default_generators: 1.2.0 (/opt/ros/humble/share/rosidl_default_generators/cmake)
[0.218s] -- Using all available rosidl_typesupport_c: rosidl_typesupport_fastrtps_c;rosidl_typesupport_introspection_c
[0.220s] -- Found rosidl_adapter: 3.1.5 (/opt/ros/humble/share/rosidl_adapter/cmake)
[0.251s] -- Using all available rosidl_typesupport_cpp: rosidl_typesupport_fastrtps_cpp;rosidl_typesupport_introspection_cpp
[0.277s] -- Found std_msgs: 4.2.3 (/opt/ros/humble/share/std_msgs/cmake)
[0.331s] -- Found geometry_msgs: 4.2.3 (/opt/ros/humble/share/geometry_msgs/cmake)
[0.371s] -- Found sensor_msgs: 4.2.3 (/opt/ros/humble/share/sensor_msgs/cmake)
[0.935s] -- Found ament_cmake_ros: 0.10.0 (/opt/ros/humble/share/ament_cmake_ros/cmake)
[1.226s] -- Using all available rosidl_typesupport_c: rosidl_typesupport_fastrtps_c;rosidl_typesupport_introspection_c
[1.617s] -- Using all available rosidl_typesupport_cpp: rosidl_typesupport_fastrtps_cpp;rosidl_typesupport_introspection_cpp
[1.641s] -- Found python_cmake_module: 0.10.0 (/opt/ros/humble/share/python_cmake_module/cmake)
[1.665s] -- Using PYTHON_EXECUTABLE: /usr/bin/python3
[1.665s] -- Using PYTHON_INCLUDE_DIRS: /usr/include/python3.10
[1.665s] -- Using PYTHON_LIBRARIES: /usr/lib/x86_64-linux-gnu/libpython3.10.so
[1.722s] -- Found ament_lint_auto: 0.12.10 (/opt/ros/humble/share/ament_lint_auto/cmake)
[1.733s] -- Added test 'copyright' to check source files copyright and LICENSE
[1.736s] -- Added test 'lint_cmake' to check CMake code style
[1.738s] -- Added test 'xmllint' to check XML markup files
[1.741s] -- Configuring done
[1.824s] -- Generating done
[1.827s] -- Build files have been written to: /home/simi/franka_ros2_ws/build/franka_msgs
[1.839s] Invoked command in '/home/simi/franka_ros2_ws/build/franka_msgs' returned '0': CMAKE_PREFIX_PATH=${CMAKE_PREFIX_PATH}:/opt/ros/humble /usr/bin/cmake /home/simi/franka_ros2_ws/src/franka_ros2/franka_msgs -DCMAKE_INSTALL_PREFIX=/home/simi/franka_ros2_ws/install/franka_msgs
[1.840s] Invoking command in '/home/simi/franka_ros2_ws/build/franka_msgs': CMAKE_PREFIX_PATH=${CMAKE_PREFIX_PATH}:/opt/ros/humble /usr/bin/cmake --build /home/simi/franka_ros2_ws/build/franka_msgs -- -j16 -l16
[1.906s] [35m[1mConsolidate compiler generated dependencies of target franka_msgs__rosidl_generator_c[0m
[1.922s] [  0%] Built target franka_msgs__cpp
[1.931s] [ 12%] Built target franka_msgs__rosidl_generator_c
[1.946s] [35m[1mConsolidate compiler generated dependencies of target franka_msgs__rosidl_typesupport_cpp[0m
[1.948s] [ 12%] Built target ament_cmake_python_copy_franka_msgs
[1.949s] [35m[1mConsolidate compiler generated dependencies of target franka_msgs__rosidl_typesupport_introspection_cpp[0m
[1.949s] [35m[1mConsolidate compiler generated dependencies of target franka_msgs__rosidl_typesupport_fastrtps_cpp[0m
[1.953s] [35m[1mConsolidate compiler generated dependencies of target franka_msgs__rosidl_typesupport_introspection_c[0m
[1.953s] [35m[1mConsolidate compiler generated dependencies of target franka_msgs__rosidl_typesupport_c[0m
[1.955s] [35m[1mConsolidate compiler generated dependencies of target franka_msgs__rosidl_typesupport_fastrtps_c[0m
[1.976s] [ 24%] Built target franka_msgs__rosidl_typesupport_c
[1.982s] [ 43%] Built target franka_msgs__rosidl_typesupport_cpp
[1.982s] [ 48%] Built target franka_msgs__rosidl_typesupport_introspection_c
[1.985s] [ 60%] Built target franka_msgs__rosidl_typesupport_introspection_cpp
[1.991s] [ 72%] Built target franka_msgs__rosidl_typesupport_fastrtps_cpp
[1.994s] [ 84%] Built target franka_msgs__rosidl_typesupport_fastrtps_c
[2.028s] [ 84%] Built target franka_msgs
[2.063s] [ 85%] Built target franka_msgs__py
[2.084s] [35m[1mConsolidate compiler generated dependencies of target franka_msgs__rosidl_generator_py[0m
[2.119s] [ 96%] Built target franka_msgs__rosidl_generator_py
[2.134s] [35m[1mConsolidate compiler generated dependencies of target franka_msgs__rosidl_typesupport_introspection_c__pyext[0m
[2.136s] [35m[1mConsolidate compiler generated dependencies of target franka_msgs__rosidl_typesupport_fastrtps_c__pyext[0m
[2.136s] [35m[1mConsolidate compiler generated dependencies of target franka_msgs__rosidl_typesupport_c__pyext[0m
[2.156s] [ 98%] Built target franka_msgs__rosidl_typesupport_introspection_c__pyext
[2.156s] [100%] Built target franka_msgs__rosidl_typesupport_c__pyext
[2.157s] [100%] Built target franka_msgs__rosidl_typesupport_fastrtps_c__pyext
[2.177s] running egg_info
[2.177s] writing franka_msgs.egg-info/PKG-INFO
[2.178s] writing dependency_links to franka_msgs.egg-info/dependency_links.txt
[2.178s] writing top-level names to franka_msgs.egg-info/top_level.txt
[2.180s] reading manifest file 'franka_msgs.egg-info/SOURCES.txt'
[2.181s] writing manifest file 'franka_msgs.egg-info/SOURCES.txt'
[2.215s] [100%] Built target ament_cmake_python_build_franka_msgs_egg
[2.233s] Invoked command in '/home/simi/franka_ros2_ws/build/franka_msgs' returned '0': CMAKE_PREFIX_PATH=${CMAKE_PREFIX_PATH}:/opt/ros/humble /usr/bin/cmake --build /home/simi/franka_ros2_ws/build/franka_msgs -- -j16 -l16
[2.977s] Invoking command in '/home/simi/franka_ros2_ws/build/franka_msgs': CMAKE_PREFIX_PATH=${CMAKE_PREFIX_PATH}:/opt/ros/humble /usr/bin/cmake --install /home/simi/franka_ros2_ws/build/franka_msgs
[2.986s] -- Install configuration: "Release"
[2.987s] -- Up-to-date: /home/simi/franka_ros2_ws/install/franka_msgs/share/ament_index/resource_index/rosidl_interfaces/franka_msgs
[2.987s] -- Up-to-date: /home/simi/franka_ros2_ws/install/franka_msgs/include/franka_msgs/franka_msgs
[2.987s] -- Up-to-date: /home/simi/franka_ros2_ws/install/franka_msgs/include/franka_msgs/franka_msgs/srv
[2.987s] -- Up-to-date: /home/simi/franka_ros2_ws/install/franka_msgs/include/franka_msgs/franka_msgs/srv/detail
[2.987s] -- Up-to-date: /home/simi/franka_ros2_ws/install/franka_msgs/include/franka_msgs/franka_msgs/srv/detail/set_stiffness_frame__struct.h
[2.987s] -- Up-to-date: /home/simi/franka_ros2_ws/install/franka_msgs/include/franka_msgs/franka_msgs/srv/detail/set_load__functions.c
[2.987s] -- Up-to-date: /home/simi/franka_ros2_ws/install/franka_msgs/include/franka_msgs/franka_msgs/srv/detail/set_tcp_frame__functions.h
[2.987s] -- Up-to-date: /home/simi/franka_ros2_ws/install/franka_msgs/include/franka_msgs/franka_msgs/srv/detail/set_cartesian_stiffness__type_support.h
[2.987s] -- Up-to-date: /home/simi/franka_ros2_ws/install/franka_msgs/include/franka_msgs/franka_msgs/srv/detail/set_full_collision_behavior__functions.c
[2.987s] -- Up-to-date: /home/simi/franka_ros2_ws/install/franka_msgs/include/franka_msgs/franka_msgs/srv/detail/set_full_collision_behavior__struct.h
[2.987s] -- Up-to-date: /home/simi/franka_ros2_ws/install/franka_msgs/include/franka_msgs/franka_msgs/srv/detail/set_joint_stiffness__functions.c
[2.987s] -- Up-to-date: /home/simi/franka_ros2_ws/install/franka_msgs/include/franka_msgs/franka_msgs/srv/detail/set_full_collision_behavior__type_support.h
[2.987s] -- Up-to-date: /home/simi/franka_ros2_ws/install/franka_msgs/include/franka_msgs/franka_msgs/srv/detail/set_joint_stiffness__type_support.h
[2.988s] -- Up-to-date: /home/simi/franka_ros2_ws/install/franka_msgs/include/franka_msgs/franka_msgs/srv/detail/set_joint_stiffness__functions.h
[2.988s] -- Up-to-date: /home/simi/franka_ros2_ws/install/franka_msgs/include/franka_msgs/franka_msgs/srv/detail/set_stiffness_frame__functions.c
[2.988s] -- Up-to-date: /home/simi/franka_ros2_ws/install/franka_msgs/include/franka_msgs/franka_msgs/srv/detail/set_load__functions.h
[2.988s] -- Up-to-date: /home/simi/franka_ros2_ws/install/franka_msgs/include/franka_msgs/franka_msgs/srv/detail/set_force_torque_collision_behavior__functions.h
[2.988s] -- Up-to-date: /home/simi/franka_ros2_ws/install/franka_msgs/include/franka_msgs/franka_msgs/srv/detail/set_force_torque_collision_behavior__struct.h
[2.988s] -- Up-to-date: /home/simi/franka_ros2_ws/install/franka_msgs/include/franka_msgs/franka_msgs/srv/detail/set_force_torque_collision_behavior__functions.c
[2.988s] -- Up-to-date: /home/simi/franka_ros2_ws/install/franka_msgs/include/franka_msgs/franka_msgs/srv/detail/set_joint_stiffness__struct.h
[2.988s] -- Up-to-date: /home/simi/franka_ros2_ws/install/franka_msgs/include/franka_msgs/franka_msgs/srv/detail/set_tcp_frame__type_support.h
[2.988s] -- Up-to-date: /home/simi/franka_ros2_ws/install/franka_msgs/include/franka_msgs/franka_msgs/srv/detail/set_cartesian_stiffness__functions.c
[2.988s] -- Up-to-date: /home/simi/franka_ros2_ws/install/franka_msgs/include/franka_msgs/franka_msgs/srv/detail/set_full_collision_behavior__functions.h
[2.988s] -- Up-to-date: /home/simi/franka_ros2_ws/install/franka_msgs/include/franka_msgs/franka_msgs/srv/detail/set_stiffness_frame__type_support.h
[2.988s] -- Up-to-date: /home/simi/franka_ros2_ws/install/franka_msgs/include/franka_msgs/franka_msgs/srv/detail/set_cartesian_stiffness__struct.h
[2.988s] -- Up-to-date: /home/simi/franka_ros2_ws/install/franka_msgs/include/franka_msgs/franka_msgs/srv/detail/set_force_torque_collision_behavior__type_support.h
[2.988s] -- Up-to-date: /home/simi/franka_ros2_ws/install/franka_msgs/include/franka_msgs/franka_msgs/srv/detail/set_load__struct.h
[2.988s] -- Up-to-date: /home/simi/franka_ros2_ws/install/franka_msgs/include/franka_msgs/franka_msgs/srv/detail/set_stiffness_frame__functions.h
[2.988s] -- Up-to-date: /home/simi/franka_ros2_ws/install/franka_msgs/include/franka_msgs/franka_msgs/srv/detail/set_tcp_frame__struct.h
[2.988s] -- Up-to-date: /home/simi/franka_ros2_ws/install/franka_msgs/include/franka_msgs/franka_msgs/srv/detail/set_load__type_support.h
[2.989s] -- Up-to-date: /home/simi/franka_ros2_ws/install/franka_msgs/include/franka_msgs/franka_msgs/srv/detail/set_tcp_frame__functions.c
[2.989s] -- Up-to-date: /home/simi/franka_ros2_ws/install/franka_msgs/include/franka_msgs/franka_msgs/srv/detail/set_cartesian_stiffness__functions.h
[2.989s] -- Up-to-date: /home/simi/franka_ros2_ws/install/franka_msgs/include/franka_msgs/franka_msgs/srv/set_stiffness_frame.h
[2.989s] -- Up-to-date: /home/simi/franka_ros2_ws/install/franka_msgs/include/franka_msgs/franka_msgs/srv/set_force_torque_collision_behavior.h
[2.989s] -- Up-to-date: /home/simi/franka_ros2_ws/install/franka_msgs/include/franka_msgs/franka_msgs/srv/set_cartesian_stiffness.h
[2.989s] -- Up-to-date: /home/simi/franka_ros2_ws/install/franka_msgs/include/franka_msgs/franka_msgs/srv/set_full_collision_behavior.h
[2.989s] -- Up-to-date: /home/simi/franka_ros2_ws/install/franka_msgs/include/franka_msgs/franka_msgs/srv/set_tcp_frame.h
[2.989s] -- Up-to-date: /home/simi/franka_ros2_ws/install/franka_msgs/include/franka_msgs/franka_msgs/srv/set_joint_stiffness.h
[2.989s] -- Up-to-date: /home/simi/franka_ros2_ws/install/franka_msgs/include/franka_msgs/franka_msgs/srv/set_load.h
[2.989s] -- Up-to-date: /home/simi/franka_ros2_ws/install/franka_msgs/include/franka_msgs/franka_msgs/msg
[2.989s] -- Up-to-date: /home/simi/franka_ros2_ws/install/franka_msgs/include/franka_msgs/franka_msgs/msg/errors.h
[2.989s] -- Up-to-date: /home/simi/franka_ros2_ws/install/franka_msgs/include/franka_msgs/franka_msgs/msg/detail
[2.989s] -- Up-to-date: /home/simi/franka_ros2_ws/install/franka_msgs/include/franka_msgs/franka_msgs/msg/detail/franka_robot_state__functions.h
[2.989s] -- Up-to-date: /home/simi/franka_ros2_ws/install/franka_msgs/include/franka_msgs/franka_msgs/msg/detail/grasp_epsilon__type_support.h
[2.989s] -- Up-to-date: /home/simi/franka_ros2_ws/install/franka_msgs/include/franka_msgs/franka_msgs/msg/detail/collision_indicators__type_support.h
[2.989s] -- Up-to-date: /home/simi/franka_ros2_ws/install/franka_msgs/include/franka_msgs/franka_msgs/msg/detail/errors__type_support.h
[2.990s] -- Up-to-date: /home/simi/franka_ros2_ws/install/franka_msgs/include/franka_msgs/franka_msgs/msg/detail/elbow__functions.c
[2.990s] -- Up-to-date: /home/simi/franka_ros2_ws/install/franka_msgs/include/franka_msgs/franka_msgs/msg/detail/errors__functions.c
[2.990s] -- Up-to-date: /home/simi/franka_ros2_ws/install/franka_msgs/include/franka_msgs/franka_msgs/msg/detail/collision_indicators__functions.c
[2.990s] -- Up-to-date: /home/simi/franka_ros2_ws/install/franka_msgs/include/franka_msgs/franka_msgs/msg/detail/errors__functions.h
[2.990s] -- Up-to-date: /home/simi/franka_ros2_ws/install/franka_msgs/include/franka_msgs/franka_msgs/msg/detail/elbow__type_support.h
[2.990s] -- Up-to-date: /home/simi/franka_ros2_ws/install/franka_msgs/include/franka_msgs/franka_msgs/msg/detail/grasp_epsilon__struct.h
[2.990s] -- Up-to-date: /home/simi/franka_ros2_ws/install/franka_msgs/include/franka_msgs/franka_msgs/msg/detail/franka_robot_state__type_support.h
[2.990s] -- Up-to-date: /home/simi/franka_ros2_ws/install/franka_msgs/include/franka_msgs/franka_msgs/msg/detail/elbow__struct.h
[2.990s] -- Up-to-date: /home/simi/franka_ros2_ws/install/franka_msgs/include/franka_msgs/franka_msgs/msg/detail/grasp_epsilon__functions.h
[2.990s] -- Up-to-date: /home/simi/franka_ros2_ws/install/franka_msgs/include/franka_msgs/franka_msgs/msg/detail/franka_robot_state__functions.c
[2.990s] -- Up-to-date: /home/simi/franka_ros2_ws/install/franka_msgs/include/franka_msgs/franka_msgs/msg/detail/collision_indicators__struct.h
[2.990s] -- Up-to-date: /home/simi/franka_ros2_ws/install/franka_msgs/include/franka_msgs/franka_msgs/msg/detail/franka_robot_state__struct.h
[2.990s] -- Up-to-date: /home/simi/franka_ros2_ws/install/franka_msgs/include/franka_msgs/franka_msgs/msg/detail/errors__struct.h
[2.990s] -- Up-to-date: /home/simi/franka_ros2_ws/install/franka_msgs/include/franka_msgs/franka_msgs/msg/detail/collision_indicators__functions.h
[2.990s] -- Up-to-date: /home/simi/franka_ros2_ws/install/franka_msgs/include/franka_msgs/franka_msgs/msg/detail/elbow__functions.h
[2.990s] -- Up-to-date: /home/simi/franka_ros2_ws/install/franka_msgs/include/franka_msgs/franka_msgs/msg/detail/grasp_epsilon__functions.c
[2.991s] -- Up-to-date: /home/simi/franka_ros2_ws/install/franka_msgs/include/franka_msgs/franka_msgs/msg/elbow.h
[2.991s] -- Up-to-date: /home/simi/franka_ros2_ws/install/franka_msgs/include/franka_msgs/franka_msgs/msg/collision_indicators.h
[2.991s] -- Up-to-date: /home/simi/franka_ros2_ws/install/franka_msgs/include/franka_msgs/franka_msgs/msg/franka_robot_state.h
[2.991s] -- Up-to-date: /home/simi/franka_ros2_ws/install/franka_msgs/include/franka_msgs/franka_msgs/msg/grasp_epsilon.h
[2.991s] -- Up-to-date: /home/simi/franka_ros2_ws/install/franka_msgs/include/franka_msgs/franka_msgs/msg/rosidl_generator_c__visibility_control.h
[2.991s] -- Up-to-date: /home/simi/franka_ros2_ws/install/franka_msgs/include/franka_msgs/franka_msgs/action
[2.991s] -- Up-to-date: /home/simi/franka_ros2_ws/install/franka_msgs/include/franka_msgs/franka_msgs/action/detail
[2.991s] -- Up-to-date: /home/simi/franka_ros2_ws/install/franka_msgs/include/franka_msgs/franka_msgs/action/detail/grasp__functions.c
[2.991s] -- Up-to-date: /home/simi/franka_ros2_ws/install/franka_msgs/include/franka_msgs/franka_msgs/action/detail/grasp__struct.h
[2.991s] -- Up-to-date: /home/simi/franka_ros2_ws/install/franka_msgs/include/franka_msgs/franka_msgs/action/detail/move__struct.h
[2.991s] -- Up-to-date: /home/simi/franka_ros2_ws/install/franka_msgs/include/franka_msgs/franka_msgs/action/detail/homing__type_support.h
[2.991s] -- Up-to-date: /home/simi/franka_ros2_ws/install/franka_msgs/include/franka_msgs/franka_msgs/action/detail/homing__struct.h
[2.991s] -- Up-to-date: /home/simi/franka_ros2_ws/install/franka_msgs/include/franka_msgs/franka_msgs/action/detail/grasp__functions.h
[2.991s] -- Up-to-date: /home/simi/franka_ros2_ws/install/franka_msgs/include/franka_msgs/franka_msgs/action/detail/move__functions.c
[2.991s] -- Up-to-date: /home/simi/franka_ros2_ws/install/franka_msgs/include/franka_msgs/franka_msgs/action/detail/move__type_support.h
[2.991s] -- Up-to-date: /home/simi/franka_ros2_ws/install/franka_msgs/include/franka_msgs/franka_msgs/action/detail/homing__functions.h
[2.992s] -- Up-to-date: /home/simi/franka_ros2_ws/install/franka_msgs/include/franka_msgs/franka_msgs/action/detail/homing__functions.c
[2.992s] -- Up-to-date: /home/simi/franka_ros2_ws/install/franka_msgs/include/franka_msgs/franka_msgs/action/detail/move__functions.h
[2.992s] -- Up-to-date: /home/simi/franka_ros2_ws/install/franka_msgs/include/franka_msgs/franka_msgs/action/detail/grasp__type_support.h
[2.992s] -- Up-to-date: /home/simi/franka_ros2_ws/install/franka_msgs/include/franka_msgs/franka_msgs/action/move.h
[2.992s] -- Up-to-date: /home/simi/franka_ros2_ws/install/franka_msgs/include/franka_msgs/franka_msgs/action/homing.h
[2.992s] -- Up-to-date: /home/simi/franka_ros2_ws/install/franka_msgs/include/franka_msgs/franka_msgs/action/grasp.h
[2.992s] -- Up-to-date: /home/simi/franka_ros2_ws/install/franka_msgs/share/franka_msgs/environment/library_path.sh
[2.992s] -- Installing: /home/simi/franka_ros2_ws/install/franka_msgs/share/franka_msgs/environment/library_path.dsv
[2.992s] -- Up-to-date: /home/simi/franka_ros2_ws/install/franka_msgs/lib/libfranka_msgs__rosidl_generator_c.so
[2.992s] -- Up-to-date: /home/simi/franka_ros2_ws/install/franka_msgs/include/franka_msgs/franka_msgs
[2.992s] -- Up-to-date: /home/simi/franka_ros2_ws/install/franka_msgs/include/franka_msgs/franka_msgs/srv
[2.992s] -- Up-to-date: /home/simi/franka_ros2_ws/install/franka_msgs/include/franka_msgs/franka_msgs/srv/detail
[2.992s] -- Up-to-date: /home/simi/franka_ros2_ws/install/franka_msgs/include/franka_msgs/franka_msgs/srv/detail/set_stiffness_frame__rosidl_typesupport_fastrtps_c.h
[2.992s] -- Up-to-date: /home/simi/franka_ros2_ws/install/franka_msgs/include/franka_msgs/franka_msgs/srv/detail/set_load__rosidl_typesupport_fastrtps_c.h
[2.992s] -- Up-to-date: /home/simi/franka_ros2_ws/install/franka_msgs/include/franka_msgs/franka_msgs/srv/detail/set_force_torque_collision_behavior__rosidl_typesupport_fastrtps_c.h
[2.992s] -- Up-to-date: /home/simi/franka_ros2_ws/install/franka_msgs/include/franka_msgs/franka_msgs/srv/detail/set_cartesian_stiffness__rosidl_typesupport_fastrtps_c.h
[2.992s] -- Up-to-date: /home/simi/franka_ros2_ws/install/franka_msgs/include/franka_msgs/franka_msgs/srv/detail/set_tcp_frame__rosidl_typesupport_fastrtps_c.h
[2.993s] -- Up-to-date: /home/simi/franka_ros2_ws/install/franka_msgs/include/franka_msgs/franka_msgs/srv/detail/set_joint_stiffness__rosidl_typesupport_fastrtps_c.h
[2.993s] -- Up-to-date: /home/simi/franka_ros2_ws/install/franka_msgs/include/franka_msgs/franka_msgs/srv/detail/set_full_collision_behavior__rosidl_typesupport_fastrtps_c.h
[2.993s] -- Up-to-date: /home/simi/franka_ros2_ws/install/franka_msgs/include/franka_msgs/franka_msgs/msg
[2.993s] -- Up-to-date: /home/simi/franka_ros2_ws/install/franka_msgs/include/franka_msgs/franka_msgs/msg/detail
[2.993s] -- Up-to-date: /home/simi/franka_ros2_ws/install/franka_msgs/include/franka_msgs/franka_msgs/msg/detail/errors__rosidl_typesupport_fastrtps_c.h
[2.993s] -- Up-to-date: /home/simi/franka_ros2_ws/install/franka_msgs/include/franka_msgs/franka_msgs/msg/detail/collision_indicators__rosidl_typesupport_fastrtps_c.h
[2.993s] -- Up-to-date: /home/simi/franka_ros2_ws/install/franka_msgs/include/franka_msgs/franka_msgs/msg/detail/elbow__rosidl_typesupport_fastrtps_c.h
[2.993s] -- Up-to-date: /home/simi/franka_ros2_ws/install/franka_msgs/include/franka_msgs/franka_msgs/msg/detail/grasp_epsilon__rosidl_typesupport_fastrtps_c.h
[2.993s] -- Up-to-date: /home/simi/franka_ros2_ws/install/franka_msgs/include/franka_msgs/franka_msgs/msg/detail/franka_robot_state__rosidl_typesupport_fastrtps_c.h
[2.993s] -- Up-to-date: /home/simi/franka_ros2_ws/install/franka_msgs/include/franka_msgs/franka_msgs/msg/rosidl_typesupport_fastrtps_c__visibility_control.h
[2.993s] -- Up-to-date: /home/simi/franka_ros2_ws/install/franka_msgs/include/franka_msgs/franka_msgs/action
[2.993s] -- Up-to-date: /home/simi/franka_ros2_ws/install/franka_msgs/include/franka_msgs/franka_msgs/action/detail
[2.993s] -- Up-to-date: /home/simi/franka_ros2_ws/install/franka_msgs/include/franka_msgs/franka_msgs/action/detail/homing__rosidl_typesupport_fastrtps_c.h
[2.993s] -- Up-to-date: /home/simi/franka_ros2_ws/install/franka_msgs/include/franka_msgs/franka_msgs/action/detail/move__rosidl_typesupport_fastrtps_c.h
[2.993s] -- Up-to-date: /home/simi/franka_ros2_ws/install/franka_msgs/include/franka_msgs/franka_msgs/action/detail/grasp__rosidl_typesupport_fastrtps_c.h
[2.993s] -- Up-to-date: /home/simi/franka_ros2_ws/install/franka_msgs/lib/libfranka_msgs__rosidl_typesupport_fastrtps_c.so
[2.994s] -- Up-to-date: /home/simi/franka_ros2_ws/install/franka_msgs/include/franka_msgs/franka_msgs
[2.994s] -- Up-to-date: /home/simi/franka_ros2_ws/install/franka_msgs/include/franka_msgs/franka_msgs/srv
[2.994s] -- Up-to-date: /home/simi/franka_ros2_ws/install/franka_msgs/include/franka_msgs/franka_msgs/srv/detail
[2.994s] -- Up-to-date: /home/simi/franka_ros2_ws/install/franka_msgs/include/franka_msgs/franka_msgs/srv/detail/set_force_torque_collision_behavior__rosidl_typesupport_introspection_c.h
[2.994s] -- Up-to-date: /home/simi/franka_ros2_ws/install/franka_msgs/include/franka_msgs/franka_msgs/srv/detail/set_load__type_support.c
[2.994s] -- Up-to-date: /home/simi/franka_ros2_ws/install/franka_msgs/include/franka_msgs/franka_msgs/srv/detail/set_force_torque_collision_behavior__type_support.c
[2.994s] -- Up-to-date: /home/simi/franka_ros2_ws/install/franka_msgs/include/franka_msgs/franka_msgs/srv/detail/set_tcp_frame__rosidl_typesupport_introspection_c.h
[2.994s] -- Up-to-date: /home/simi/franka_ros2_ws/install/franka_msgs/include/franka_msgs/franka_msgs/srv/detail/set_joint_stiffness__type_support.c
[2.994s] -- Up-to-date: /home/simi/franka_ros2_ws/install/franka_msgs/include/franka_msgs/franka_msgs/srv/detail/set_stiffness_frame__type_support.c
[2.994s] -- Up-to-date: /home/simi/franka_ros2_ws/install/franka_msgs/include/franka_msgs/franka_msgs/srv/detail/set_joint_stiffness__rosidl_typesupport_introspection_c.h
[2.994s] -- Up-to-date: /home/simi/franka_ros2_ws/install/franka_msgs/include/franka_msgs/franka_msgs/srv/detail/set_tcp_frame__type_support.c
[2.994s] -- Up-to-date: /home/simi/franka_ros2_ws/install/franka_msgs/include/franka_msgs/franka_msgs/srv/detail/set_cartesian_stiffness__rosidl_typesupport_introspection_c.h
[2.994s] -- Up-to-date: /home/simi/franka_ros2_ws/install/franka_msgs/include/franka_msgs/franka_msgs/srv/detail/set_full_collision_behavior__type_support.c
[2.994s] -- Up-to-date: /home/simi/franka_ros2_ws/install/franka_msgs/include/franka_msgs/franka_msgs/srv/detail/set_cartesian_stiffness__type_support.c
[2.994s] -- Up-to-date: /home/simi/franka_ros2_ws/install/franka_msgs/include/franka_msgs/franka_msgs/srv/detail/set_load__rosidl_typesupport_introspection_c.h
[2.994s] -- Up-to-date: /home/simi/franka_ros2_ws/install/franka_msgs/include/franka_msgs/franka_msgs/srv/detail/set_full_collision_behavior__rosidl_typesupport_introspection_c.h
[2.994s] -- Up-to-date: /home/simi/franka_ros2_ws/install/franka_msgs/include/franka_msgs/franka_msgs/srv/detail/set_stiffness_frame__rosidl_typesupport_introspection_c.h
[2.995s] -- Up-to-date: /home/simi/franka_ros2_ws/install/franka_msgs/include/franka_msgs/franka_msgs/msg
[2.995s] -- Up-to-date: /home/simi/franka_ros2_ws/install/franka_msgs/include/franka_msgs/franka_msgs/msg/detail
[2.995s] -- Up-to-date: /home/simi/franka_ros2_ws/install/franka_msgs/include/franka_msgs/franka_msgs/msg/detail/franka_robot_state__rosidl_typesupport_introspection_c.h
[2.995s] -- Up-to-date: /home/simi/franka_ros2_ws/install/franka_msgs/include/franka_msgs/franka_msgs/msg/detail/errors__type_support.c
[2.995s] -- Up-to-date: /home/simi/franka_ros2_ws/install/franka_msgs/include/franka_msgs/franka_msgs/msg/detail/errors__rosidl_typesupport_introspection_c.h
[2.995s] -- Up-to-date: /home/simi/franka_ros2_ws/install/franka_msgs/include/franka_msgs/franka_msgs/msg/detail/elbow__type_support.c
[2.995s] -- Up-to-date: /home/simi/franka_ros2_ws/install/franka_msgs/include/franka_msgs/franka_msgs/msg/detail/franka_robot_state__type_support.c
[2.995s] -- Up-to-date: /home/simi/franka_ros2_ws/install/franka_msgs/include/franka_msgs/franka_msgs/msg/detail/collision_indicators__rosidl_typesupport_introspection_c.h
[2.995s] -- Up-to-date: /home/simi/franka_ros2_ws/install/franka_msgs/include/franka_msgs/franka_msgs/msg/detail/grasp_epsilon__type_support.c
[2.995s] -- Up-to-date: /home/simi/franka_ros2_ws/install/franka_msgs/include/franka_msgs/franka_msgs/msg/detail/elbow__rosidl_typesupport_introspection_c.h
[2.995s] -- Up-to-date: /home/simi/franka_ros2_ws/install/franka_msgs/include/franka_msgs/franka_msgs/msg/detail/grasp_epsilon__rosidl_typesupport_introspection_c.h
[2.995s] -- Up-to-date: /home/simi/franka_ros2_ws/install/franka_msgs/include/franka_msgs/franka_msgs/msg/detail/collision_indicators__type_support.c
[2.995s] -- Up-to-date: /home/simi/franka_ros2_ws/install/franka_msgs/include/franka_msgs/franka_msgs/msg/rosidl_typesupport_introspection_c__visibility_control.h
[2.995s] -- Up-to-date: /home/simi/franka_ros2_ws/install/franka_msgs/include/franka_msgs/franka_msgs/action
[2.995s] -- Up-to-date: /home/simi/franka_ros2_ws/install/franka_msgs/include/franka_msgs/franka_msgs/action/detail
[2.995s] -- Up-to-date: /home/simi/franka_ros2_ws/install/franka_msgs/include/franka_msgs/franka_msgs/action/detail/homing__type_support.c
[2.995s] -- Up-to-date: /home/simi/franka_ros2_ws/install/franka_msgs/include/franka_msgs/franka_msgs/action/detail/move__rosidl_typesupport_introspection_c.h
[2.996s] -- Up-to-date: /home/simi/franka_ros2_ws/install/franka_msgs/include/franka_msgs/franka_msgs/action/detail/move__type_support.c
[2.996s] -- Up-to-date: /home/simi/franka_ros2_ws/install/franka_msgs/include/franka_msgs/franka_msgs/action/detail/homing__rosidl_typesupport_introspection_c.h
[2.996s] -- Up-to-date: /home/simi/franka_ros2_ws/install/franka_msgs/include/franka_msgs/franka_msgs/action/detail/grasp__type_support.c
[2.996s] -- Up-to-date: /home/simi/franka_ros2_ws/install/franka_msgs/include/franka_msgs/franka_msgs/action/detail/grasp__rosidl_typesupport_introspection_c.h
[2.996s] -- Up-to-date: /home/simi/franka_ros2_ws/install/franka_msgs/lib/libfranka_msgs__rosidl_typesupport_introspection_c.so
[2.996s] -- Up-to-date: /home/simi/franka_ros2_ws/install/franka_msgs/lib/libfranka_msgs__rosidl_typesupport_c.so
[2.996s] -- Up-to-date: /home/simi/franka_ros2_ws/install/franka_msgs/include/franka_msgs/franka_msgs
[2.996s] -- Up-to-date: /home/simi/franka_ros2_ws/install/franka_msgs/include/franka_msgs/franka_msgs/srv
[2.996s] -- Up-to-date: /home/simi/franka_ros2_ws/install/franka_msgs/include/franka_msgs/franka_msgs/srv/detail
[2.996s] -- Up-to-date: /home/simi/franka_ros2_ws/install/franka_msgs/include/franka_msgs/franka_msgs/srv/detail/set_tcp_frame__struct.hpp
[2.996s] -- Up-to-date: /home/simi/franka_ros2_ws/install/franka_msgs/include/franka_msgs/franka_msgs/srv/detail/set_full_collision_behavior__struct.hpp
[2.996s] -- Up-to-date: /home/simi/franka_ros2_ws/install/franka_msgs/include/franka_msgs/franka_msgs/srv/detail/set_force_torque_collision_behavior__struct.hpp
[2.996s] -- Up-to-date: /home/simi/franka_ros2_ws/install/franka_msgs/include/franka_msgs/franka_msgs/srv/detail/set_load__builder.hpp
[2.996s] -- Up-to-date: /home/simi/franka_ros2_ws/install/franka_msgs/include/franka_msgs/franka_msgs/srv/detail/set_cartesian_stiffness__builder.hpp
[2.996s] -- Up-to-date: /home/simi/franka_ros2_ws/install/franka_msgs/include/franka_msgs/franka_msgs/srv/detail/set_tcp_frame__builder.hpp
[2.997s] -- Up-to-date: /home/simi/franka_ros2_ws/install/franka_msgs/include/franka_msgs/franka_msgs/srv/detail/set_stiffness_frame__struct.hpp
[2.997s] -- Up-to-date: /home/simi/franka_ros2_ws/install/franka_msgs/include/franka_msgs/franka_msgs/srv/detail/set_stiffness_frame__builder.hpp
[2.997s] -- Up-to-date: /home/simi/franka_ros2_ws/install/franka_msgs/include/franka_msgs/franka_msgs/srv/detail/set_joint_stiffness__builder.hpp
[2.997s] -- Up-to-date: /home/simi/franka_ros2_ws/install/franka_msgs/include/franka_msgs/franka_msgs/srv/detail/set_cartesian_stiffness__traits.hpp
[2.997s] -- Up-to-date: /home/simi/franka_ros2_ws/install/franka_msgs/include/franka_msgs/franka_msgs/srv/detail/set_stiffness_frame__traits.hpp
[2.997s] -- Up-to-date: /home/simi/franka_ros2_ws/install/franka_msgs/include/franka_msgs/franka_msgs/srv/detail/set_full_collision_behavior__traits.hpp
[2.997s] -- Up-to-date: /home/simi/franka_ros2_ws/install/franka_msgs/include/franka_msgs/franka_msgs/srv/detail/set_force_torque_collision_behavior__builder.hpp
[2.997s] -- Up-to-date: /home/simi/franka_ros2_ws/install/franka_msgs/include/franka_msgs/franka_msgs/srv/detail/set_load__struct.hpp
[2.997s] -- Up-to-date: /home/simi/franka_ros2_ws/install/franka_msgs/include/franka_msgs/franka_msgs/srv/detail/set_force_torque_collision_behavior__traits.hpp
[2.997s] -- Up-to-date: /home/simi/franka_ros2_ws/install/franka_msgs/include/franka_msgs/franka_msgs/srv/detail/set_load__traits.hpp
[2.997s] -- Up-to-date: /home/simi/franka_ros2_ws/install/franka_msgs/include/franka_msgs/franka_msgs/srv/detail/set_tcp_frame__traits.hpp
[2.997s] -- Up-to-date: /home/simi/franka_ros2_ws/install/franka_msgs/include/franka_msgs/franka_msgs/srv/detail/set_joint_stiffness__traits.hpp
[2.997s] -- Up-to-date: /home/simi/franka_ros2_ws/install/franka_msgs/include/franka_msgs/franka_msgs/srv/detail/set_full_collision_behavior__builder.hpp
[2.997s] -- Up-to-date: /home/simi/franka_ros2_ws/install/franka_msgs/include/franka_msgs/franka_msgs/srv/detail/set_cartesian_stiffness__struct.hpp
[2.997s] -- Up-to-date: /home/simi/franka_ros2_ws/install/franka_msgs/include/franka_msgs/franka_msgs/srv/detail/set_joint_stiffness__struct.hpp
[2.997s] -- Up-to-date: /home/simi/franka_ros2_ws/install/franka_msgs/include/franka_msgs/franka_msgs/srv/set_force_torque_collision_behavior.hpp
[2.997s] -- Up-to-date: /home/simi/franka_ros2_ws/install/franka_msgs/include/franka_msgs/franka_msgs/srv/set_load.hpp
[2.998s] -- Up-to-date: /home/simi/franka_ros2_ws/install/franka_msgs/include/franka_msgs/franka_msgs/srv/set_joint_stiffness.hpp
[2.998s] -- Up-to-date: /home/simi/franka_ros2_ws/install/franka_msgs/include/franka_msgs/franka_msgs/srv/set_cartesian_stiffness.hpp
[2.998s] -- Up-to-date: /home/simi/franka_ros2_ws/install/franka_msgs/include/franka_msgs/franka_msgs/srv/set_tcp_frame.hpp
[2.998s] -- Up-to-date: /home/simi/franka_ros2_ws/install/franka_msgs/include/franka_msgs/franka_msgs/srv/set_stiffness_frame.hpp
[2.998s] -- Up-to-date: /home/simi/franka_ros2_ws/install/franka_msgs/include/franka_msgs/franka_msgs/srv/set_full_collision_behavior.hpp
[2.998s] -- Up-to-date: /home/simi/franka_ros2_ws/install/franka_msgs/include/franka_msgs/franka_msgs/msg
[2.998s] -- Up-to-date: /home/simi/franka_ros2_ws/install/franka_msgs/include/franka_msgs/franka_msgs/msg/detail
[2.998s] -- Up-to-date: /home/simi/franka_ros2_ws/install/franka_msgs/include/franka_msgs/franka_msgs/msg/detail/errors__traits.hpp
[2.998s] -- Up-to-date: /home/simi/franka_ros2_ws/install/franka_msgs/include/franka_msgs/franka_msgs/msg/detail/grasp_epsilon__builder.hpp
[2.998s] -- Up-to-date: /home/simi/franka_ros2_ws/install/franka_msgs/include/franka_msgs/franka_msgs/msg/detail/errors__struct.hpp
[2.998s] -- Up-to-date: /home/simi/franka_ros2_ws/install/franka_msgs/include/franka_msgs/franka_msgs/msg/detail/collision_indicators__struct.hpp
[2.998s] -- Up-to-date: /home/simi/franka_ros2_ws/install/franka_msgs/include/franka_msgs/franka_msgs/msg/detail/franka_robot_state__builder.hpp
[2.998s] -- Up-to-date: /home/simi/franka_ros2_ws/install/franka_msgs/include/franka_msgs/franka_msgs/msg/detail/elbow__builder.hpp
[2.999s] -- Up-to-date: /home/simi/franka_ros2_ws/install/franka_msgs/include/franka_msgs/franka_msgs/msg/detail/elbow__struct.hpp
[2.999s] -- Up-to-date: /home/simi/franka_ros2_ws/install/franka_msgs/include/franka_msgs/franka_msgs/msg/detail/grasp_epsilon__struct.hpp
[2.999s] -- Up-to-date: /home/simi/franka_ros2_ws/install/franka_msgs/include/franka_msgs/franka_msgs/msg/detail/collision_indicators__builder.hpp
[2.999s] -- Up-to-date: /home/simi/franka_ros2_ws/install/franka_msgs/include/franka_msgs/franka_msgs/msg/detail/franka_robot_state__traits.hpp
[2.999s] -- Up-to-date: /home/simi/franka_ros2_ws/install/franka_msgs/include/franka_msgs/franka_msgs/msg/detail/franka_robot_state__struct.hpp
[2.999s] -- Up-to-date: /home/simi/franka_ros2_ws/install/franka_msgs/include/franka_msgs/franka_msgs/msg/detail/grasp_epsilon__traits.hpp
[2.999s] -- Up-to-date: /home/simi/franka_ros2_ws/install/franka_msgs/include/franka_msgs/franka_msgs/msg/detail/elbow__traits.hpp
[2.999s] -- Up-to-date: /home/simi/franka_ros2_ws/install/franka_msgs/include/franka_msgs/franka_msgs/msg/detail/collision_indicators__traits.hpp
[2.999s] -- Up-to-date: /home/simi/franka_ros2_ws/install/franka_msgs/include/franka_msgs/franka_msgs/msg/detail/errors__builder.hpp
[2.999s] -- Up-to-date: /home/simi/franka_ros2_ws/install/franka_msgs/include/franka_msgs/franka_msgs/msg/errors.hpp
[2.999s] -- Up-to-date: /home/simi/franka_ros2_ws/install/franka_msgs/include/franka_msgs/franka_msgs/msg/franka_robot_state.hpp
[2.999s] -- Up-to-date: /home/simi/franka_ros2_ws/install/franka_msgs/include/franka_msgs/franka_msgs/msg/collision_indicators.hpp
[2.999s] -- Up-to-date: /home/simi/franka_ros2_ws/install/franka_msgs/include/franka_msgs/franka_msgs/msg/grasp_epsilon.hpp
[2.999s] -- Up-to-date: /home/simi/franka_ros2_ws/install/franka_msgs/include/franka_msgs/franka_msgs/msg/elbow.hpp
[2.999s] -- Up-to-date: /home/simi/franka_ros2_ws/install/franka_msgs/include/franka_msgs/franka_msgs/action
[2.999s] -- Up-to-date: /home/simi/franka_ros2_ws/install/franka_msgs/include/franka_msgs/franka_msgs/action/detail
[2.999s] -- Up-to-date: /home/simi/franka_ros2_ws/install/franka_msgs/include/franka_msgs/franka_msgs/action/detail/move__builder.hpp
[3.000s] -- Up-to-date: /home/simi/franka_ros2_ws/install/franka_msgs/include/franka_msgs/franka_msgs/action/detail/homing__struct.hpp
[3.000s] -- Up-to-date: /home/simi/franka_ros2_ws/install/franka_msgs/include/franka_msgs/franka_msgs/action/detail/homing__builder.hpp
[3.000s] -- Up-to-date: /home/simi/franka_ros2_ws/install/franka_msgs/include/franka_msgs/franka_msgs/action/detail/grasp__struct.hpp
[3.000s] -- Up-to-date: /home/simi/franka_ros2_ws/install/franka_msgs/include/franka_msgs/franka_msgs/action/detail/move__traits.hpp
[3.000s] -- Up-to-date: /home/simi/franka_ros2_ws/install/franka_msgs/include/franka_msgs/franka_msgs/action/detail/grasp__traits.hpp
[3.000s] -- Up-to-date: /home/simi/franka_ros2_ws/install/franka_msgs/include/franka_msgs/franka_msgs/action/detail/homing__traits.hpp
[3.000s] -- Up-to-date: /home/simi/franka_ros2_ws/install/franka_msgs/include/franka_msgs/franka_msgs/action/detail/move__struct.hpp
[3.000s] -- Up-to-date: /home/simi/franka_ros2_ws/install/franka_msgs/include/franka_msgs/franka_msgs/action/detail/grasp__builder.hpp
[3.000s] -- Up-to-date: /home/simi/franka_ros2_ws/install/franka_msgs/include/franka_msgs/franka_msgs/action/grasp.hpp
[3.000s] -- Up-to-date: /home/simi/franka_ros2_ws/install/franka_msgs/include/franka_msgs/franka_msgs/action/move.hpp
[3.000s] -- Up-to-date: /home/simi/franka_ros2_ws/install/franka_msgs/include/franka_msgs/franka_msgs/action/homing.hpp
[3.000s] -- Up-to-date: /home/simi/franka_ros2_ws/install/franka_msgs/include/franka_msgs/franka_msgs
[3.000s] -- Up-to-date: /home/simi/franka_ros2_ws/install/franka_msgs/include/franka_msgs/franka_msgs/srv
[3.000s] -- Up-to-date: /home/simi/franka_ros2_ws/install/franka_msgs/include/franka_msgs/franka_msgs/srv/detail
[3.000s] -- Up-to-date: /home/simi/franka_ros2_ws/install/franka_msgs/include/franka_msgs/franka_msgs/srv/detail/set_force_torque_collision_behavior__rosidl_typesupport_fastrtps_cpp.hpp
[3.000s] -- Up-to-date: /home/simi/franka_ros2_ws/install/franka_msgs/include/franka_msgs/franka_msgs/srv/detail/set_joint_stiffness__rosidl_typesupport_fastrtps_cpp.hpp
[3.000s] -- Up-to-date: /home/simi/franka_ros2_ws/install/franka_msgs/include/franka_msgs/franka_msgs/srv/detail/set_load__rosidl_typesupport_fastrtps_cpp.hpp
[3.001s] -- Up-to-date: /home/simi/franka_ros2_ws/install/franka_msgs/include/franka_msgs/franka_msgs/srv/detail/set_tcp_frame__rosidl_typesupport_fastrtps_cpp.hpp
[3.001s] -- Up-to-date: /home/simi/franka_ros2_ws/install/franka_msgs/include/franka_msgs/franka_msgs/srv/detail/set_cartesian_stiffness__rosidl_typesupport_fastrtps_cpp.hpp
[3.001s] -- Up-to-date: /home/simi/franka_ros2_ws/install/franka_msgs/include/franka_msgs/franka_msgs/srv/detail/set_stiffness_frame__rosidl_typesupport_fastrtps_cpp.hpp
[3.001s] -- Up-to-date: /home/simi/franka_ros2_ws/install/franka_msgs/include/franka_msgs/franka_msgs/srv/detail/set_full_collision_behavior__rosidl_typesupport_fastrtps_cpp.hpp
[3.001s] -- Up-to-date: /home/simi/franka_ros2_ws/install/franka_msgs/include/franka_msgs/franka_msgs/srv/detail/dds_fastrtps
[3.001s] -- Up-to-date: /home/simi/franka_ros2_ws/install/franka_msgs/include/franka_msgs/franka_msgs/msg
[3.001s] -- Up-to-date: /home/simi/franka_ros2_ws/install/franka_msgs/include/franka_msgs/franka_msgs/msg/detail
[3.001s] -- Up-to-date: /home/simi/franka_ros2_ws/install/franka_msgs/include/franka_msgs/franka_msgs/msg/detail/errors__rosidl_typesupport_fastrtps_cpp.hpp
[3.001s] -- Up-to-date: /home/simi/franka_ros2_ws/install/franka_msgs/include/franka_msgs/franka_msgs/msg/detail/franka_robot_state__rosidl_typesupport_fastrtps_cpp.hpp
[3.001s] -- Up-to-date: /home/simi/franka_ros2_ws/install/franka_msgs/include/franka_msgs/franka_msgs/msg/detail/elbow__rosidl_typesupport_fastrtps_cpp.hpp
[3.001s] -- Up-to-date: /home/simi/franka_ros2_ws/install/franka_msgs/include/franka_msgs/franka_msgs/msg/detail/collision_indicators__rosidl_typesupport_fastrtps_cpp.hpp
[3.001s] -- Up-to-date: /home/simi/franka_ros2_ws/install/franka_msgs/include/franka_msgs/franka_msgs/msg/detail/grasp_epsilon__rosidl_typesupport_fastrtps_cpp.hpp
[3.001s] -- Up-to-date: /home/simi/franka_ros2_ws/install/franka_msgs/include/franka_msgs/franka_msgs/msg/detail/dds_fastrtps
[3.001s] -- Up-to-date: /home/simi/franka_ros2_ws/install/franka_msgs/include/franka_msgs/franka_msgs/msg/rosidl_typesupport_fastrtps_cpp__visibility_control.h
[3.001s] -- Up-to-date: /home/simi/franka_ros2_ws/install/franka_msgs/include/franka_msgs/franka_msgs/action
[3.001s] -- Up-to-date: /home/simi/franka_ros2_ws/install/franka_msgs/include/franka_msgs/franka_msgs/action/detail
[3.001s] -- Up-to-date: /home/simi/franka_ros2_ws/install/franka_msgs/include/franka_msgs/franka_msgs/action/detail/homing__rosidl_typesupport_fastrtps_cpp.hpp
[3.002s] -- Up-to-date: /home/simi/franka_ros2_ws/install/franka_msgs/include/franka_msgs/franka_msgs/action/detail/grasp__rosidl_typesupport_fastrtps_cpp.hpp
[3.002s] -- Up-to-date: /home/simi/franka_ros2_ws/install/franka_msgs/include/franka_msgs/franka_msgs/action/detail/move__rosidl_typesupport_fastrtps_cpp.hpp
[3.002s] -- Up-to-date: /home/simi/franka_ros2_ws/install/franka_msgs/include/franka_msgs/franka_msgs/action/detail/dds_fastrtps
[3.002s] -- Up-to-date: /home/simi/franka_ros2_ws/install/franka_msgs/lib/libfranka_msgs__rosidl_typesupport_fastrtps_cpp.so
[3.002s] -- Up-to-date: /home/simi/franka_ros2_ws/install/franka_msgs/include/franka_msgs/franka_msgs
[3.002s] -- Up-to-date: /home/simi/franka_ros2_ws/install/franka_msgs/include/franka_msgs/franka_msgs/srv
[3.002s] -- Up-to-date: /home/simi/franka_ros2_ws/install/franka_msgs/include/franka_msgs/franka_msgs/srv/detail
[3.002s] -- Up-to-date: /home/simi/franka_ros2_ws/install/franka_msgs/include/franka_msgs/franka_msgs/srv/detail/set_stiffness_frame__type_support.cpp
[3.002s] -- Up-to-date: /home/simi/franka_ros2_ws/install/franka_msgs/include/franka_msgs/franka_msgs/srv/detail/set_tcp_frame__type_support.cpp
[3.002s] -- Up-to-date: /home/simi/franka_ros2_ws/install/franka_msgs/include/franka_msgs/franka_msgs/srv/detail/set_joint_stiffness__type_support.cpp
[3.002s] -- Up-to-date: /home/simi/franka_ros2_ws/install/franka_msgs/include/franka_msgs/franka_msgs/srv/detail/set_load__type_support.cpp
[3.002s] -- Up-to-date: /home/simi/franka_ros2_ws/install/franka_msgs/include/franka_msgs/franka_msgs/srv/detail/set_force_torque_collision_behavior__rosidl_typesupport_introspection_cpp.hpp
[3.002s] -- Up-to-date: /home/simi/franka_ros2_ws/install/franka_msgs/include/franka_msgs/franka_msgs/srv/detail/set_stiffness_frame__rosidl_typesupport_introspection_cpp.hpp
[3.002s] -- Up-to-date: /home/simi/franka_ros2_ws/install/franka_msgs/include/franka_msgs/franka_msgs/srv/detail/set_joint_stiffness__rosidl_typesupport_introspection_cpp.hpp
[3.002s] -- Up-to-date: /home/simi/franka_ros2_ws/install/franka_msgs/include/franka_msgs/franka_msgs/srv/detail/set_tcp_frame__rosidl_typesupport_introspection_cpp.hpp
[3.003s] -- Up-to-date: /home/simi/franka_ros2_ws/install/franka_msgs/include/franka_msgs/franka_msgs/srv/detail/set_full_collision_behavior__rosidl_typesupport_introspection_cpp.hpp
[3.003s] -- Up-to-date: /home/simi/franka_ros2_ws/install/franka_msgs/include/franka_msgs/franka_msgs/srv/detail/set_load__rosidl_typesupport_introspection_cpp.hpp
[3.003s] -- Up-to-date: /home/simi/franka_ros2_ws/install/franka_msgs/include/franka_msgs/franka_msgs/srv/detail/set_cartesian_stiffness__type_support.cpp
[3.003s] -- Up-to-date: /home/simi/franka_ros2_ws/install/franka_msgs/include/franka_msgs/franka_msgs/srv/detail/set_cartesian_stiffness__rosidl_typesupport_introspection_cpp.hpp
[3.003s] -- Up-to-date: /home/simi/franka_ros2_ws/install/franka_msgs/include/franka_msgs/franka_msgs/srv/detail/set_full_collision_behavior__type_support.cpp
[3.003s] -- Up-to-date: /home/simi/franka_ros2_ws/install/franka_msgs/include/franka_msgs/franka_msgs/srv/detail/set_force_torque_collision_behavior__type_support.cpp
[3.003s] -- Up-to-date: /home/simi/franka_ros2_ws/install/franka_msgs/include/franka_msgs/franka_msgs/msg
[3.003s] -- Up-to-date: /home/simi/franka_ros2_ws/install/franka_msgs/include/franka_msgs/franka_msgs/msg/detail
[3.003s] -- Up-to-date: /home/simi/franka_ros2_ws/install/franka_msgs/include/franka_msgs/franka_msgs/msg/detail/collision_indicators__type_support.cpp
[3.003s] -- Up-to-date: /home/simi/franka_ros2_ws/install/franka_msgs/include/franka_msgs/franka_msgs/msg/detail/collision_indicators__rosidl_typesupport_introspection_cpp.hpp
[3.003s] -- Up-to-date: /home/simi/franka_ros2_ws/install/franka_msgs/include/franka_msgs/franka_msgs/msg/detail/grasp_epsilon__rosidl_typesupport_introspection_cpp.hpp
[3.003s] -- Up-to-date: /home/simi/franka_ros2_ws/install/franka_msgs/include/franka_msgs/franka_msgs/msg/detail/franka_robot_state__type_support.cpp
[3.003s] -- Up-to-date: /home/simi/franka_ros2_ws/install/franka_msgs/include/franka_msgs/franka_msgs/msg/detail/errors__type_support.cpp
[3.003s] -- Up-to-date: /home/simi/franka_ros2_ws/install/franka_msgs/include/franka_msgs/franka_msgs/msg/detail/franka_robot_state__rosidl_typesupport_introspection_cpp.hpp
[3.003s] -- Up-to-date: /home/simi/franka_ros2_ws/install/franka_msgs/include/franka_msgs/franka_msgs/msg/detail/elbow__rosidl_typesupport_introspection_cpp.hpp
[3.003s] -- Up-to-date: /home/simi/franka_ros2_ws/install/franka_msgs/include/franka_msgs/franka_msgs/msg/detail/elbow__type_support.cpp
[3.003s] -- Up-to-date: /home/simi/franka_ros2_ws/install/franka_msgs/include/franka_msgs/franka_msgs/msg/detail/grasp_epsilon__type_support.cpp
[3.004s] -- Up-to-date: /home/simi/franka_ros2_ws/install/franka_msgs/include/franka_msgs/franka_msgs/msg/detail/errors__rosidl_typesupport_introspection_cpp.hpp
[3.004s] -- Up-to-date: /home/simi/franka_ros2_ws/install/franka_msgs/include/franka_msgs/franka_msgs/action
[3.004s] -- Up-to-date: /home/simi/franka_ros2_ws/install/franka_msgs/include/franka_msgs/franka_msgs/action/detail
[3.004s] -- Up-to-date: /home/simi/franka_ros2_ws/install/franka_msgs/include/franka_msgs/franka_msgs/action/detail/move__rosidl_typesupport_introspection_cpp.hpp
[3.004s] -- Up-to-date: /home/simi/franka_ros2_ws/install/franka_msgs/include/franka_msgs/franka_msgs/action/detail/move__type_support.cpp
[3.004s] -- Up-to-date: /home/simi/franka_ros2_ws/install/franka_msgs/include/franka_msgs/franka_msgs/action/detail/grasp__rosidl_typesupport_introspection_cpp.hpp
[3.004s] -- Up-to-date: /home/simi/franka_ros2_ws/install/franka_msgs/include/franka_msgs/franka_msgs/action/detail/homing__type_support.cpp
[3.004s] -- Up-to-date: /home/simi/franka_ros2_ws/install/franka_msgs/include/franka_msgs/franka_msgs/action/detail/grasp__type_support.cpp
[3.004s] -- Up-to-date: /home/simi/franka_ros2_ws/install/franka_msgs/include/franka_msgs/franka_msgs/action/detail/homing__rosidl_typesupport_introspection_cpp.hpp
[3.004s] -- Up-to-date: /home/simi/franka_ros2_ws/install/franka_msgs/lib/libfranka_msgs__rosidl_typesupport_introspection_cpp.so
[3.004s] -- Up-to-date: /home/simi/franka_ros2_ws/install/franka_msgs/lib/libfranka_msgs__rosidl_typesupport_cpp.so
[3.004s] -- Up-to-date: /home/simi/franka_ros2_ws/install/franka_msgs/share/franka_msgs/environment/pythonpath.sh
[3.004s] -- Installing: /home/simi/franka_ros2_ws/install/franka_msgs/share/franka_msgs/environment/pythonpath.dsv
[3.004s] -- Up-to-date: /home/simi/franka_ros2_ws/install/franka_msgs/local/lib/python3.10/dist-packages/franka_msgs-0.1.13-py3.10.egg-info
[3.004s] -- Installing: /home/simi/franka_ros2_ws/install/franka_msgs/local/lib/python3.10/dist-packages/franka_msgs-0.1.13-py3.10.egg-info/dependency_links.txt
[3.004s] -- Installing: /home/simi/franka_ros2_ws/install/franka_msgs/local/lib/python3.10/dist-packages/franka_msgs-0.1.13-py3.10.egg-info/top_level.txt
[3.004s] -- Installing: /home/simi/franka_ros2_ws/install/franka_msgs/local/lib/python3.10/dist-packages/franka_msgs-0.1.13-py3.10.egg-info/PKG-INFO
[3.005s] -- Installing: /home/simi/franka_ros2_ws/install/franka_msgs/local/lib/python3.10/dist-packages/franka_msgs-0.1.13-py3.10.egg-info/SOURCES.txt
[3.005s] -- Up-to-date: /home/simi/franka_ros2_ws/install/franka_msgs/local/lib/python3.10/dist-packages/franka_msgs
[3.005s] -- Installing: /home/simi/franka_ros2_ws/install/franka_msgs/local/lib/python3.10/dist-packages/franka_msgs/__init__.py
[3.005s] -- Up-to-date: /home/simi/franka_ros2_ws/install/franka_msgs/local/lib/python3.10/dist-packages/franka_msgs/libfranka_msgs__rosidl_generator_py.so
[3.005s] -- Up-to-date: /home/simi/franka_ros2_ws/install/franka_msgs/local/lib/python3.10/dist-packages/franka_msgs/srv
[3.005s] -- Up-to-date: /home/simi/franka_ros2_ws/install/franka_msgs/local/lib/python3.10/dist-packages/franka_msgs/srv/_set_full_collision_behavior_s.c
[3.005s] -- Up-to-date: /home/simi/franka_ros2_ws/install/franka_msgs/local/lib/python3.10/dist-packages/franka_msgs/srv/_set_load_s.c
[3.005s] -- Up-to-date: /home/simi/franka_ros2_ws/install/franka_msgs/local/lib/python3.10/dist-packages/franka_msgs/srv/__init__.py
[3.005s] -- Up-to-date: /home/simi/franka_ros2_ws/install/franka_msgs/local/lib/python3.10/dist-packages/franka_msgs/srv/_set_cartesian_stiffness_s.c
[3.005s] -- Up-to-date: /home/simi/franka_ros2_ws/install/franka_msgs/local/lib/python3.10/dist-packages/franka_msgs/srv/_set_cartesian_stiffness.py
[3.005s] -- Up-to-date: /home/simi/franka_ros2_ws/install/franka_msgs/local/lib/python3.10/dist-packages/franka_msgs/srv/_set_stiffness_frame_s.c
[3.005s] -- Up-to-date: /home/simi/franka_ros2_ws/install/franka_msgs/local/lib/python3.10/dist-packages/franka_msgs/srv/_set_stiffness_frame.py
[3.005s] -- Up-to-date: /home/simi/franka_ros2_ws/install/franka_msgs/local/lib/python3.10/dist-packages/franka_msgs/srv/_set_joint_stiffness_s.c
[3.005s] -- Up-to-date: /home/simi/franka_ros2_ws/install/franka_msgs/local/lib/python3.10/dist-packages/franka_msgs/srv/_set_tcp_frame.py
[3.005s] -- Up-to-date: /home/simi/franka_ros2_ws/install/franka_msgs/local/lib/python3.10/dist-packages/franka_msgs/srv/_set_load.py
[3.005s] -- Up-to-date: /home/simi/franka_ros2_ws/install/franka_msgs/local/lib/python3.10/dist-packages/franka_msgs/srv/_set_tcp_frame_s.c
[3.005s] -- Up-to-date: /home/simi/franka_ros2_ws/install/franka_msgs/local/lib/python3.10/dist-packages/franka_msgs/srv/_set_full_collision_behavior.py
[3.005s] -- Up-to-date: /home/simi/franka_ros2_ws/install/franka_msgs/local/lib/python3.10/dist-packages/franka_msgs/srv/_set_force_torque_collision_behavior.py
[3.006s] -- Up-to-date: /home/simi/franka_ros2_ws/install/franka_msgs/local/lib/python3.10/dist-packages/franka_msgs/srv/_set_joint_stiffness.py
[3.006s] -- Up-to-date: /home/simi/franka_ros2_ws/install/franka_msgs/local/lib/python3.10/dist-packages/franka_msgs/srv/_set_force_torque_collision_behavior_s.c
[3.006s] -- Up-to-date: /home/simi/franka_ros2_ws/install/franka_msgs/local/lib/python3.10/dist-packages/franka_msgs/franka_msgs_s__rosidl_typesupport_introspection_c.cpython-310-x86_64-linux-gnu.so
[3.006s] -- Up-to-date: /home/simi/franka_ros2_ws/install/franka_msgs/local/lib/python3.10/dist-packages/franka_msgs/franka_msgs_s__rosidl_typesupport_c.cpython-310-x86_64-linux-gnu.so
[3.006s] -- Up-to-date: /home/simi/franka_ros2_ws/install/franka_msgs/local/lib/python3.10/dist-packages/franka_msgs/msg
[3.006s] -- Up-to-date: /home/simi/franka_ros2_ws/install/franka_msgs/local/lib/python3.10/dist-packages/franka_msgs/msg/_errors_s.c
[3.006s] -- Up-to-date: /home/simi/franka_ros2_ws/install/franka_msgs/local/lib/python3.10/dist-packages/franka_msgs/msg/_errors.py
[3.006s] -- Up-to-date: /home/simi/franka_ros2_ws/install/franka_msgs/local/lib/python3.10/dist-packages/franka_msgs/msg/__init__.py
[3.006s] -- Up-to-date: /home/simi/franka_ros2_ws/install/franka_msgs/local/lib/python3.10/dist-packages/franka_msgs/msg/_collision_indicators.py
[3.006s] -- Up-to-date: /home/simi/franka_ros2_ws/install/franka_msgs/local/lib/python3.10/dist-packages/franka_msgs/msg/_franka_robot_state_s.c
[3.006s] -- Up-to-date: /home/simi/franka_ros2_ws/install/franka_msgs/local/lib/python3.10/dist-packages/franka_msgs/msg/_collision_indicators_s.c
[3.006s] -- Up-to-date: /home/simi/franka_ros2_ws/install/franka_msgs/local/lib/python3.10/dist-packages/franka_msgs/msg/_franka_robot_state.py
[3.006s] -- Up-to-date: /home/simi/franka_ros2_ws/install/franka_msgs/local/lib/python3.10/dist-packages/franka_msgs/msg/_elbow.py
[3.006s] -- Up-to-date: /home/simi/franka_ros2_ws/install/franka_msgs/local/lib/python3.10/dist-packages/franka_msgs/msg/_grasp_epsilon_s.c
[3.006s] -- Up-to-date: /home/simi/franka_ros2_ws/install/franka_msgs/local/lib/python3.10/dist-packages/franka_msgs/msg/_elbow_s.c
[3.006s] -- Up-to-date: /home/simi/franka_ros2_ws/install/franka_msgs/local/lib/python3.10/dist-packages/franka_msgs/msg/_grasp_epsilon.py
[3.007s] -- Up-to-date: /home/simi/franka_ros2_ws/install/franka_msgs/local/lib/python3.10/dist-packages/franka_msgs/_franka_msgs_s.ep.rosidl_typesupport_c.c
[3.007s] -- Up-to-date: /home/simi/franka_ros2_ws/install/franka_msgs/local/lib/python3.10/dist-packages/franka_msgs/_franka_msgs_s.ep.rosidl_typesupport_fastrtps_c.c
[3.007s] -- Up-to-date: /home/simi/franka_ros2_ws/install/franka_msgs/local/lib/python3.10/dist-packages/franka_msgs/action
[3.007s] -- Up-to-date: /home/simi/franka_ros2_ws/install/franka_msgs/local/lib/python3.10/dist-packages/franka_msgs/action/_homing_s.c
[3.007s] -- Up-to-date: /home/simi/franka_ros2_ws/install/franka_msgs/local/lib/python3.10/dist-packages/franka_msgs/action/_move.py
[3.007s] -- Up-to-date: /home/simi/franka_ros2_ws/install/franka_msgs/local/lib/python3.10/dist-packages/franka_msgs/action/__init__.py
[3.007s] -- Up-to-date: /home/simi/franka_ros2_ws/install/franka_msgs/local/lib/python3.10/dist-packages/franka_msgs/action/_move_s.c
[3.007s] -- Up-to-date: /home/simi/franka_ros2_ws/install/franka_msgs/local/lib/python3.10/dist-packages/franka_msgs/action/_grasp_s.c
[3.007s] -- Up-to-date: /home/simi/franka_ros2_ws/install/franka_msgs/local/lib/python3.10/dist-packages/franka_msgs/action/_grasp.py
[3.008s] -- Up-to-date: /home/simi/franka_ros2_ws/install/franka_msgs/local/lib/python3.10/dist-packages/franka_msgs/action/_homing.py
[3.008s] -- Up-to-date: /home/simi/franka_ros2_ws/install/franka_msgs/local/lib/python3.10/dist-packages/franka_msgs/franka_msgs_s__rosidl_typesupport_fastrtps_c.cpython-310-x86_64-linux-gnu.so
[3.008s] -- Up-to-date: /home/simi/franka_ros2_ws/install/franka_msgs/local/lib/python3.10/dist-packages/franka_msgs/_franka_msgs_s.ep.rosidl_typesupport_introspection_c.c
[3.037s] Listing '/home/simi/franka_ros2_ws/install/franka_msgs/local/lib/python3.10/dist-packages/franka_msgs'...
[3.037s] Compiling '/home/simi/franka_ros2_ws/install/franka_msgs/local/lib/python3.10/dist-packages/franka_msgs/__init__.py'...
[3.038s] Listing '/home/simi/franka_ros2_ws/install/franka_msgs/local/lib/python3.10/dist-packages/franka_msgs/action'...
[3.038s] Listing '/home/simi/franka_ros2_ws/install/franka_msgs/local/lib/python3.10/dist-packages/franka_msgs/msg'...
[3.038s] Listing '/home/simi/franka_ros2_ws/install/franka_msgs/local/lib/python3.10/dist-packages/franka_msgs/srv'...
[3.043s] -- Up-to-date: /home/simi/franka_ros2_ws/install/franka_msgs/local/lib/python3.10/dist-packages/franka_msgs/franka_msgs_s__rosidl_typesupport_fastrtps_c.cpython-310-x86_64-linux-gnu.so
[3.044s] -- Up-to-date: /home/simi/franka_ros2_ws/install/franka_msgs/local/lib/python3.10/dist-packages/franka_msgs/franka_msgs_s__rosidl_typesupport_introspection_c.cpython-310-x86_64-linux-gnu.so
[3.044s] -- Up-to-date: /home/simi/franka_ros2_ws/install/franka_msgs/local/lib/python3.10/dist-packages/franka_msgs/franka_msgs_s__rosidl_typesupport_c.cpython-310-x86_64-linux-gnu.so
[3.045s] -- Up-to-date: /home/simi/franka_ros2_ws/install/franka_msgs/lib/libfranka_msgs__rosidl_generator_py.so
[3.046s] -- Up-to-date: /home/simi/franka_ros2_ws/install/franka_msgs/share/franka_msgs/action/Grasp.idl
[3.046s] -- Up-to-date: /home/simi/franka_ros2_ws/install/franka_msgs/share/franka_msgs/action/Homing.idl
[3.046s] -- Up-to-date: /home/simi/franka_ros2_ws/install/franka_msgs/share/franka_msgs/action/Move.idl
[3.046s] -- Up-to-date: /home/simi/franka_ros2_ws/install/franka_msgs/share/franka_msgs/msg/CollisionIndicators.idl
[3.046s] -- Up-to-date: /home/simi/franka_ros2_ws/install/franka_msgs/share/franka_msgs/msg/Elbow.idl
[3.046s] -- Up-to-date: /home/simi/franka_ros2_ws/install/franka_msgs/share/franka_msgs/msg/Errors.idl
[3.046s] -- Up-to-date: /home/simi/franka_ros2_ws/install/franka_msgs/share/franka_msgs/msg/GraspEpsilon.idl
[3.046s] -- Up-to-date: /home/simi/franka_ros2_ws/install/franka_msgs/share/franka_msgs/msg/FrankaRobotState.idl
[3.047s] -- Up-to-date: /home/simi/franka_ros2_ws/install/franka_msgs/share/franka_msgs/srv/SetCartesianStiffness.idl
[3.047s] -- Up-to-date: /home/simi/franka_ros2_ws/install/franka_msgs/share/franka_msgs/srv/SetTCPFrame.idl
[3.047s] -- Up-to-date: /home/simi/franka_ros2_ws/install/franka_msgs/share/franka_msgs/srv/SetForceTorqueCollisionBehavior.idl
[3.047s] -- Up-to-date: /home/simi/franka_ros2_ws/install/franka_msgs/share/franka_msgs/srv/SetFullCollisionBehavior.idl
[3.047s] -- Up-to-date: /home/simi/franka_ros2_ws/install/franka_msgs/share/franka_msgs/srv/SetJointStiffness.idl
[3.047s] -- Up-to-date: /home/simi/franka_ros2_ws/install/franka_msgs/share/franka_msgs/srv/SetStiffnessFrame.idl
[3.047s] -- Up-to-date: /home/simi/franka_ros2_ws/install/franka_msgs/share/franka_msgs/srv/SetLoad.idl
[3.047s] -- Up-to-date: /home/simi/franka_ros2_ws/install/franka_msgs/share/franka_msgs/action/Grasp.action
[3.047s] -- Up-to-date: /home/simi/franka_ros2_ws/install/franka_msgs/share/franka_msgs/action/Homing.action
[3.048s] -- Up-to-date: /home/simi/franka_ros2_ws/install/franka_msgs/share/franka_msgs/action/Move.action
[3.048s] -- Up-to-date: /home/simi/franka_ros2_ws/install/franka_msgs/share/franka_msgs/msg/CollisionIndicators.msg
[3.048s] -- Up-to-date: /home/simi/franka_ros2_ws/install/franka_msgs/share/franka_msgs/msg/Elbow.msg
[3.048s] -- Up-to-date: /home/simi/franka_ros2_ws/install/franka_msgs/share/franka_msgs/msg/Errors.msg
[3.048s] -- Up-to-date: /home/simi/franka_ros2_ws/install/franka_msgs/share/franka_msgs/msg/GraspEpsilon.msg
[3.048s] -- Up-to-date: /home/simi/franka_ros2_ws/install/franka_msgs/share/franka_msgs/msg/FrankaRobotState.msg
[3.048s] -- Up-to-date: /home/simi/franka_ros2_ws/install/franka_msgs/share/franka_msgs/srv/SetCartesianStiffness.srv
[3.048s] -- Up-to-date: /home/simi/franka_ros2_ws/install/franka_msgs/share/franka_msgs/srv/SetCartesianStiffness_Request.msg
[3.048s] -- Up-to-date: /home/simi/franka_ros2_ws/install/franka_msgs/share/franka_msgs/srv/SetCartesianStiffness_Response.msg
[3.049s] -- Up-to-date: /home/simi/franka_ros2_ws/install/franka_msgs/share/franka_msgs/srv/SetTCPFrame.srv
[3.049s] -- Up-to-date: /home/simi/franka_ros2_ws/install/franka_msgs/share/franka_msgs/srv/SetTCPFrame_Request.msg
[3.049s] -- Up-to-date: /home/simi/franka_ros2_ws/install/franka_msgs/share/franka_msgs/srv/SetTCPFrame_Response.msg
[3.049s] -- Up-to-date: /home/simi/franka_ros2_ws/install/franka_msgs/share/franka_msgs/srv/SetForceTorqueCollisionBehavior.srv
[3.049s] -- Up-to-date: /home/simi/franka_ros2_ws/install/franka_msgs/share/franka_msgs/srv/SetForceTorqueCollisionBehavior_Request.msg
[3.049s] -- Up-to-date: /home/simi/franka_ros2_ws/install/franka_msgs/share/franka_msgs/srv/SetForceTorqueCollisionBehavior_Response.msg
[3.049s] -- Up-to-date: /home/simi/franka_ros2_ws/install/franka_msgs/share/franka_msgs/srv/SetFullCollisionBehavior.srv
[3.049s] -- Up-to-date: /home/simi/franka_ros2_ws/install/franka_msgs/share/franka_msgs/srv/SetFullCollisionBehavior_Request.msg
[3.049s] -- Up-to-date: /home/simi/franka_ros2_ws/install/franka_msgs/share/franka_msgs/srv/SetFullCollisionBehavior_Response.msg
[3.049s] -- Up-to-date: /home/simi/franka_ros2_ws/install/franka_msgs/share/franka_msgs/srv/SetJointStiffness.srv
[3.050s] -- Up-to-date: /home/simi/franka_ros2_ws/install/franka_msgs/share/franka_msgs/srv/SetJointStiffness_Request.msg
[3.050s] -- Up-to-date: /home/simi/franka_ros2_ws/install/franka_msgs/share/franka_msgs/srv/SetJointStiffness_Response.msg
[3.050s] -- Up-to-date: /home/simi/franka_ros2_ws/install/franka_msgs/share/franka_msgs/srv/SetStiffnessFrame.srv
[3.050s] -- Up-to-date: /home/simi/franka_ros2_ws/install/franka_msgs/share/franka_msgs/srv/SetStiffnessFrame_Request.msg
[3.050s] -- Up-to-date: /home/simi/franka_ros2_ws/install/franka_msgs/share/franka_msgs/srv/SetStiffnessFrame_Response.msg
[3.050s] -- Up-to-date: /home/simi/franka_ros2_ws/install/franka_msgs/share/franka_msgs/srv/SetLoad.srv
[3.050s] -- Up-to-date: /home/simi/franka_ros2_ws/install/franka_msgs/share/franka_msgs/srv/SetLoad_Request.msg
[3.050s] -- Up-to-date: /home/simi/franka_ros2_ws/install/franka_msgs/share/franka_msgs/srv/SetLoad_Response.msg
[3.050s] -- Up-to-date: /home/simi/franka_ros2_ws/install/franka_msgs/share/ament_index/resource_index/package_run_dependencies/franka_msgs
[3.050s] -- Installing: /home/simi/franka_ros2_ws/install/franka_msgs/share/ament_index/resource_index/parent_prefix_path/franka_msgs
[3.050s] -- Up-to-date: /home/simi/franka_ros2_ws/install/franka_msgs/share/franka_msgs/environment/ament_prefix_path.sh
[3.051s] -- Installing: /home/simi/franka_ros2_ws/install/franka_msgs/share/franka_msgs/environment/ament_prefix_path.dsv
[3.051s] -- Up-to-date: /home/simi/franka_ros2_ws/install/franka_msgs/share/franka_msgs/environment/path.sh
[3.051s] -- Installing: /home/simi/franka_ros2_ws/install/franka_msgs/share/franka_msgs/environment/path.dsv
[3.051s] -- Up-to-date: /home/simi/franka_ros2_ws/install/franka_msgs/share/franka_msgs/local_setup.bash
[3.051s] -- Up-to-date: /home/simi/franka_ros2_ws/install/franka_msgs/share/franka_msgs/local_setup.sh
[3.051s] -- Up-to-date: /home/simi/franka_ros2_ws/install/franka_msgs/share/franka_msgs/local_setup.zsh
[3.051s] -- Installing: /home/simi/franka_ros2_ws/install/franka_msgs/share/franka_msgs/local_setup.dsv
[3.052s] -- Installing: /home/simi/franka_ros2_ws/install/franka_msgs/share/franka_msgs/package.dsv
[3.052s] -- Up-to-date: /home/simi/franka_ros2_ws/install/franka_msgs/share/ament_index/resource_index/packages/franka_msgs
[3.052s] -- Up-to-date: /home/simi/franka_ros2_ws/install/franka_msgs/share/franka_msgs/cmake/export_franka_msgs__rosidl_generator_cExport.cmake
[3.052s] -- Up-to-date: /home/simi/franka_ros2_ws/install/franka_msgs/share/franka_msgs/cmake/export_franka_msgs__rosidl_generator_cExport-release.cmake
[3.053s] -- Up-to-date: /home/simi/franka_ros2_ws/install/franka_msgs/share/franka_msgs/cmake/export_franka_msgs__rosidl_typesupport_fastrtps_cExport.cmake
[3.053s] -- Up-to-date: /home/simi/franka_ros2_ws/install/franka_msgs/share/franka_msgs/cmake/export_franka_msgs__rosidl_typesupport_fastrtps_cExport-release.cmake
[3.053s] -- Up-to-date: /home/simi/franka_ros2_ws/install/franka_msgs/share/franka_msgs/cmake/franka_msgs__rosidl_typesupport_introspection_cExport.cmake
[3.053s] -- Up-to-date: /home/simi/franka_ros2_ws/install/franka_msgs/share/franka_msgs/cmake/franka_msgs__rosidl_typesupport_introspection_cExport-release.cmake
[3.053s] -- Up-to-date: /home/simi/franka_ros2_ws/install/franka_msgs/share/franka_msgs/cmake/franka_msgs__rosidl_typesupport_cExport.cmake
[3.053s] -- Up-to-date: /home/simi/franka_ros2_ws/install/franka_msgs/share/franka_msgs/cmake/franka_msgs__rosidl_typesupport_cExport-release.cmake
[3.053s] -- Up-to-date: /home/simi/franka_ros2_ws/install/franka_msgs/share/franka_msgs/cmake/export_franka_msgs__rosidl_generator_cppExport.cmake
[3.053s] -- Up-to-date: /home/simi/franka_ros2_ws/install/franka_msgs/share/franka_msgs/cmake/export_franka_msgs__rosidl_typesupport_fastrtps_cppExport.cmake
[3.053s] -- Up-to-date: /home/simi/franka_ros2_ws/install/franka_msgs/share/franka_msgs/cmake/export_franka_msgs__rosidl_typesupport_fastrtps_cppExport-release.cmake
[3.053s] -- Up-to-date: /home/simi/franka_ros2_ws/install/franka_msgs/share/franka_msgs/cmake/franka_msgs__rosidl_typesupport_introspection_cppExport.cmake
[3.053s] -- Up-to-date: /home/simi/franka_ros2_ws/install/franka_msgs/share/franka_msgs/cmake/franka_msgs__rosidl_typesupport_introspection_cppExport-release.cmake
[3.053s] -- Up-to-date: /home/simi/franka_ros2_ws/install/franka_msgs/share/franka_msgs/cmake/franka_msgs__rosidl_typesupport_cppExport.cmake
[3.053s] -- Up-to-date: /home/simi/franka_ros2_ws/install/franka_msgs/share/franka_msgs/cmake/franka_msgs__rosidl_typesupport_cppExport-release.cmake
[3.054s] -- Up-to-date: /home/simi/franka_ros2_ws/install/franka_msgs/share/franka_msgs/cmake/export_franka_msgs__rosidl_generator_pyExport.cmake
[3.054s] -- Up-to-date: /home/simi/franka_ros2_ws/install/franka_msgs/share/franka_msgs/cmake/export_franka_msgs__rosidl_generator_pyExport-release.cmake
[3.054s] -- Up-to-date: /home/simi/franka_ros2_ws/install/franka_msgs/share/franka_msgs/cmake/rosidl_cmake-extras.cmake
[3.054s] -- Up-to-date: /home/simi/franka_ros2_ws/install/franka_msgs/share/franka_msgs/cmake/ament_cmake_export_dependencies-extras.cmake
[3.054s] -- Up-to-date: /home/simi/franka_ros2_ws/install/franka_msgs/share/franka_msgs/cmake/ament_cmake_export_include_directories-extras.cmake
[3.054s] -- Up-to-date: /home/simi/franka_ros2_ws/install/franka_msgs/share/franka_msgs/cmake/ament_cmake_export_libraries-extras.cmake
[3.054s] -- Up-to-date: /home/simi/franka_ros2_ws/install/franka_msgs/share/franka_msgs/cmake/ament_cmake_export_targets-extras.cmake
[3.054s] -- Up-to-date: /home/simi/franka_ros2_ws/install/franka_msgs/share/franka_msgs/cmake/rosidl_cmake_export_typesupport_targets-extras.cmake
[3.054s] -- Up-to-date: /home/simi/franka_ros2_ws/install/franka_msgs/share/franka_msgs/cmake/rosidl_cmake_export_typesupport_libraries-extras.cmake
[3.055s] -- Up-to-date: /home/simi/franka_ros2_ws/install/franka_msgs/share/franka_msgs/cmake/franka_msgsConfig.cmake
[3.055s] -- Up-to-date: /home/simi/franka_ros2_ws/install/franka_msgs/share/franka_msgs/cmake/franka_msgsConfig-version.cmake
[3.055s] -- Up-to-date: /home/simi/franka_ros2_ws/install/franka_msgs/share/franka_msgs/package.xml
[3.057s] Invoked command in '/home/simi/franka_ros2_ws/build/franka_msgs' returned '0': CMAKE_PREFIX_PATH=${CMAKE_PREFIX_PATH}:/opt/ros/humble /usr/bin/cmake --install /home/simi/franka_ros2_ws/build/franka_msgs
