[0.025s] Invoking command in '/home/simi/franka_ros2_ws/build/franka_example_controllers': CMAKE_PREFIX_PATH=/home/simi/franka_ros2_ws/install/franka_semantic_components:/home/simi/franka_ros2_ws/install/franka_hardware:/home/simi/franka_ros2_ws/install/franka_msgs:/home/simi/franka_ros2_ws/install/cartesian_impedance_control:/home/simi/franka_ros2_ws/install/messages_fr3:/home/simi/franka_ros2_ws/install/joint_trajectory_controller:/home/simi/franka_ros2_ws/install/integration_launch_testing:/home/simi/franka_ros2_ws/install/franka_bringup:/home/simi/franka_ros2_ws/install/franka_robot_state_broadcaster:/home/simi/franka_ros2_ws/install/franka_example_controllers:/home/simi/franka_ros2_ws/install/franka_moveit_config:/home/simi/franka_ros2_ws/install/franka_gripper:/home/simi/franka_ros2_ws/install/franka_description:/home/simi/franka_ros2_ws/install/realtime_plot_of_data:/opt/ros/humble LD_LIBRARY_PATH=/home/simi/franka_ros2_ws/install/franka_semantic_components/lib:/home/simi/franka_ros2_ws/install/franka_hardware/lib:/home/simi/franka_ros2_ws/install/franka_msgs/lib:/home/simi/franka_ros2_ws/install/cartesian_impedance_control/lib:/home/simi/franka_ros2_ws/install/messages_fr3/lib:/home/simi/franka_ros2_ws/install/joint_trajectory_controller/lib:/home/simi/franka_ros2_ws/install/integration_launch_testing/lib:/home/simi/franka_ros2_ws/install/franka_robot_state_broadcaster/lib:/home/simi/franka_ros2_ws/install/franka_example_controllers/lib:/home/simi/franka_ros2_ws/install/franka_gripper/lib:/opt/ros/humble/opt/rviz_ogre_vendor/lib:/opt/ros/humble/lib/x86_64-linux-gnu:/opt/ros/humble/lib /usr/bin/cmake --build /home/simi/franka_ros2_ws/build/franka_example_controllers -- -j16 -l16
[0.077s] -- Found ament_cmake: 1.3.9 (/opt/ros/humble/share/ament_cmake/cmake)
[0.209s] -- Found rclcpp: 16.0.9 (/opt/ros/humble/share/rclcpp/cmake)
[0.246s] -- Found rosidl_generator_c: 3.1.5 (/opt/ros/humble/share/rosidl_generator_c/cmake)
[0.249s] -- Found rosidl_adapter: 3.1.5 (/opt/ros/humble/share/rosidl_adapter/cmake)
[0.257s] -- Found rosidl_generator_cpp: 3.1.5 (/opt/ros/humble/share/rosidl_generator_cpp/cmake)
[0.269s] -- Using all available rosidl_typesupport_c: rosidl_typesupport_fastrtps_c;rosidl_typesupport_introspection_c
[0.286s] -- Using all available rosidl_typesupport_cpp: rosidl_typesupport_fastrtps_cpp;rosidl_typesupport_introspection_cpp
[0.345s] -- Found rmw_implementation_cmake: 6.1.2 (/opt/ros/humble/share/rmw_implementation_cmake/cmake)
[0.349s] -- Found rmw_fastrtps_cpp: 6.2.6 (/opt/ros/humble/share/rmw_fastrtps_cpp/cmake)
[0.500s] -- Using RMW implementation 'rmw_fastrtps_cpp' as default
[0.650s] -- Found controller_interface: 2.41.0 (/opt/ros/humble/share/controller_interface/cmake)
[1.240s] -- Found franka_msgs: 0.1.13 (/home/simi/franka_ros2_ws/install/franka_msgs/share/franka_msgs/cmake)
[1.387s] -- Found franka_semantic_components: 0.1.0 (/home/simi/franka_ros2_ws/install/franka_semantic_components/share/franka_semantic_components/cmake)
[1.773s] -- Found generate_parameter_library: 0.3.8 (/opt/ros/humble/share/generate_parameter_library/cmake)
[1.773s] -- Found parameter_traits: 0.3.8 (/opt/ros/humble/share/parameter_traits/cmake)
[1.787s] -- Found moveit_core: 2.5.5 (/opt/ros/humble/share/moveit_core/cmake)
[1.809s] -- Found Boost: /usr/lib/x86_64-linux-gnu/cmake/Boost-1.74.0/BoostConfig.cmake (found version "1.74.0") found components: chrono date_time filesystem iostreams program_options regex serialization system thread 
[1.823s] -- Found Boost: /usr/lib/x86_64-linux-gnu/cmake/Boost-1.74.0/BoostConfig.cmake (found version "1.74.0") found components: filesystem 
[1.883s] -- library: /usr/lib/x86_64-linux-gnu/libcurl.so
[2.072s] -- Ensuring Eigen3 include directory is part of orocos-kdl CMake target
[3.784s] -- Found ament_cmake_clang_format: 0.12.11 (/opt/ros/humble/share/ament_cmake_clang_format/cmake)
[3.785s] -- Found ament_cmake_copyright: 0.12.11 (/opt/ros/humble/share/ament_cmake_copyright/cmake)
[3.786s] -- Found ament_cmake_cppcheck: 0.12.11 (/opt/ros/humble/share/ament_cmake_cppcheck/cmake)
[3.787s] -- Found ament_cmake_flake8: 0.12.11 (/opt/ros/humble/share/ament_cmake_flake8/cmake)
[3.788s] -- Found ament_cmake_lint_cmake: 0.12.11 (/opt/ros/humble/share/ament_cmake_lint_cmake/cmake)
[3.790s] -- Found ament_cmake_pep257: 0.12.11 (/opt/ros/humble/share/ament_cmake_pep257/cmake)
[3.791s] -- Found ament_cmake_xmllint: 0.12.11 (/opt/ros/humble/share/ament_cmake_xmllint/cmake)
[3.792s] -- Found ament_cmake_gmock: 1.3.9 (/opt/ros/humble/share/ament_cmake_gmock/cmake)
[3.793s] -- Found controller_manager: 2.41.0 (/opt/ros/humble/share/controller_manager/cmake)
[4.009s] -- Found ros2_control_test_assets: 2.41.0 (/opt/ros/humble/share/ros2_control_test_assets/cmake)
[4.011s] -- Found gmock sources under '/opt/ros/humble/src/gmock_vendor': C++ tests using 'Google Mock' will be built
[4.014s] -- Found ament_cmake_gtest: 1.3.9 (/opt/ros/humble/share/ament_cmake_gtest/cmake)
[4.014s] -- Found gtest sources under '/opt/ros/humble/src/gtest_vendor': C++ tests using 'Google Test' will be built
[4.478s] -- Configuring done
[4.707s] -- Generating done
[4.711s] -- Build files have been written to: /home/simi/franka_ros2_ws/build/franka_example_controllers
[4.756s] [35m[1mConsolidate compiler generated dependencies of target gmock_main[0m
[4.756s] [35m[1mConsolidate compiler generated dependencies of target gmock[0m
[4.769s] [  3%] Built target franka_example_controllers_parameters
[4.778s] [ 10%] Built target gmock_main
[4.780s] [ 21%] Built target gmock
[4.795s] [35m[1mConsolidate compiler generated dependencies of target franka_example_controllers_test_load_move_to_start[0m
[4.795s] [35m[1mConsolidate compiler generated dependencies of target franka_example_controllers_test[0m
[4.801s] [35m[1mConsolidate compiler generated dependencies of target franka_example_controllers[0m
[4.821s] [ 28%] Built target franka_example_controllers_test_load_move_to_start
[4.824s] [ 35%] Built target franka_example_controllers_test
[4.877s] [ 39%] [32m[1mLinking CXX shared library libfranka_example_controllers.so[0m
[5.259s] [ 85%] Built target franka_example_controllers
[5.277s] [35m[1mConsolidate compiler generated dependencies of target franka_example_controllers_gravity_test[0m
[5.278s] [35m[1mConsolidate compiler generated dependencies of target franka_example_controllers_move_to_start_test[0m
[5.307s] [ 89%] [32m[1mLinking CXX executable franka_example_controllers_gravity_test[0m
[5.307s] [ 92%] [32m[1mLinking CXX executable franka_example_controllers_move_to_start_test[0m
[5.607s] [100%] Built target franka_example_controllers_gravity_test
[5.608s] [100%] Built target franka_example_controllers_move_to_start_test
[5.624s] Invoked command in '/home/simi/franka_ros2_ws/build/franka_example_controllers' returned '0': CMAKE_PREFIX_PATH=/home/simi/franka_ros2_ws/install/franka_semantic_components:/home/simi/franka_ros2_ws/install/franka_hardware:/home/simi/franka_ros2_ws/install/franka_msgs:/home/simi/franka_ros2_ws/install/cartesian_impedance_control:/home/simi/franka_ros2_ws/install/messages_fr3:/home/simi/franka_ros2_ws/install/joint_trajectory_controller:/home/simi/franka_ros2_ws/install/integration_launch_testing:/home/simi/franka_ros2_ws/install/franka_bringup:/home/simi/franka_ros2_ws/install/franka_robot_state_broadcaster:/home/simi/franka_ros2_ws/install/franka_example_controllers:/home/simi/franka_ros2_ws/install/franka_moveit_config:/home/simi/franka_ros2_ws/install/franka_gripper:/home/simi/franka_ros2_ws/install/franka_description:/home/simi/franka_ros2_ws/install/realtime_plot_of_data:/opt/ros/humble LD_LIBRARY_PATH=/home/simi/franka_ros2_ws/install/franka_semantic_components/lib:/home/simi/franka_ros2_ws/install/franka_hardware/lib:/home/simi/franka_ros2_ws/install/franka_msgs/lib:/home/simi/franka_ros2_ws/install/cartesian_impedance_control/lib:/home/simi/franka_ros2_ws/install/messages_fr3/lib:/home/simi/franka_ros2_ws/install/joint_trajectory_controller/lib:/home/simi/franka_ros2_ws/install/integration_launch_testing/lib:/home/simi/franka_ros2_ws/install/franka_robot_state_broadcaster/lib:/home/simi/franka_ros2_ws/install/franka_example_controllers/lib:/home/simi/franka_ros2_ws/install/franka_gripper/lib:/opt/ros/humble/opt/rviz_ogre_vendor/lib:/opt/ros/humble/lib/x86_64-linux-gnu:/opt/ros/humble/lib /usr/bin/cmake --build /home/simi/franka_ros2_ws/build/franka_example_controllers -- -j16 -l16
[5.756s] Invoking command in '/home/simi/franka_ros2_ws/build/franka_example_controllers': CMAKE_PREFIX_PATH=/home/simi/franka_ros2_ws/install/franka_semantic_components:/home/simi/franka_ros2_ws/install/franka_hardware:/home/simi/franka_ros2_ws/install/franka_msgs:/home/simi/franka_ros2_ws/install/cartesian_impedance_control:/home/simi/franka_ros2_ws/install/messages_fr3:/home/simi/franka_ros2_ws/install/joint_trajectory_controller:/home/simi/franka_ros2_ws/install/integration_launch_testing:/home/simi/franka_ros2_ws/install/franka_bringup:/home/simi/franka_ros2_ws/install/franka_robot_state_broadcaster:/home/simi/franka_ros2_ws/install/franka_example_controllers:/home/simi/franka_ros2_ws/install/franka_moveit_config:/home/simi/franka_ros2_ws/install/franka_gripper:/home/simi/franka_ros2_ws/install/franka_description:/home/simi/franka_ros2_ws/install/realtime_plot_of_data:/opt/ros/humble LD_LIBRARY_PATH=/home/simi/franka_ros2_ws/install/franka_semantic_components/lib:/home/simi/franka_ros2_ws/install/franka_hardware/lib:/home/simi/franka_ros2_ws/install/franka_msgs/lib:/home/simi/franka_ros2_ws/install/cartesian_impedance_control/lib:/home/simi/franka_ros2_ws/install/messages_fr3/lib:/home/simi/franka_ros2_ws/install/joint_trajectory_controller/lib:/home/simi/franka_ros2_ws/install/integration_launch_testing/lib:/home/simi/franka_ros2_ws/install/franka_robot_state_broadcaster/lib:/home/simi/franka_ros2_ws/install/franka_example_controllers/lib:/home/simi/franka_ros2_ws/install/franka_gripper/lib:/opt/ros/humble/opt/rviz_ogre_vendor/lib:/opt/ros/humble/lib/x86_64-linux-gnu:/opt/ros/humble/lib /usr/bin/cmake --install /home/simi/franka_ros2_ws/build/franka_example_controllers
[5.765s] -- Install configuration: "Release"
[5.776s] -- Up-to-date: /home/simi/franka_ros2_ws/install/franka_example_controllers/include/franka_example_controllers_parameters
[5.776s] -- Up-to-date: /home/simi/franka_ros2_ws/install/franka_example_controllers/include/franka_example_controllers_parameters/franka_example_controllers_parameters.hpp
[5.776s] -- Up-to-date: /home/simi/franka_ros2_ws/install/franka_example_controllers/share/franka_example_controllers/franka_example_controllers.xml
[5.777s] -- Installing: /home/simi/franka_ros2_ws/install/franka_example_controllers/lib/libfranka_example_controllers.so
[5.779s] -- Set runtime path of "/home/simi/franka_ros2_ws/install/franka_example_controllers/lib/libfranka_example_controllers.so" to ""
[5.779s] -- Up-to-date: /home/simi/franka_ros2_ws/install/franka_example_controllers/include
[5.779s] -- Up-to-date: /home/simi/franka_ros2_ws/install/franka_example_controllers/include/franka_example_controllers
[5.779s] -- Up-to-date: /home/simi/franka_ros2_ws/install/franka_example_controllers/include/franka_example_controllers/joint_impedance_with_ik_example_controller.hpp
[5.780s] -- Up-to-date: /home/simi/franka_ros2_ws/install/franka_example_controllers/include/franka_example_controllers/motion_generator.hpp
[5.780s] -- Up-to-date: /home/simi/franka_ros2_ws/install/franka_example_controllers/include/franka_example_controllers/cartesian_orientation_example_controller.hpp
[5.780s] -- Up-to-date: /home/simi/franka_ros2_ws/install/franka_example_controllers/include/franka_example_controllers/model_example_controller.hpp
[5.780s] -- Up-to-date: /home/simi/franka_ros2_ws/install/franka_example_controllers/include/franka_example_controllers/joint_position_example_controller.hpp
[5.780s] -- Up-to-date: /home/simi/franka_ros2_ws/install/franka_example_controllers/include/franka_example_controllers/cartesian_velocity_example_controller.hpp
[5.780s] -- Up-to-date: /home/simi/franka_ros2_ws/install/franka_example_controllers/include/franka_example_controllers/elbow_example_controller.hpp
[5.780s] -- Up-to-date: /home/simi/franka_ros2_ws/install/franka_example_controllers/include/franka_example_controllers/joint_velocity_example_controller.hpp
[5.780s] -- Up-to-date: /home/simi/franka_ros2_ws/install/franka_example_controllers/include/franka_example_controllers/joint_impedance_example_controller.hpp
[5.781s] -- Up-to-date: /home/simi/franka_ros2_ws/install/franka_example_controllers/include/franka_example_controllers/gravity_compensation_example_controller.hpp
[5.781s] -- Up-to-date: /home/simi/franka_ros2_ws/install/franka_example_controllers/include/franka_example_controllers/cartesian_pose_example_controller.hpp
[5.781s] -- Up-to-date: /home/simi/franka_ros2_ws/install/franka_example_controllers/include/franka_example_controllers/default_robot_behavior_utils.hpp
[5.781s] -- Up-to-date: /home/simi/franka_ros2_ws/install/franka_example_controllers/include/franka_example_controllers/visibility_control.h
[5.781s] -- Up-to-date: /home/simi/franka_ros2_ws/install/franka_example_controllers/include/franka_example_controllers/move_to_start_example_controller.hpp
[5.781s] -- Up-to-date: /home/simi/franka_ros2_ws/install/franka_example_controllers/include/franka_example_controllers/cartesian_elbow_example_controller.hpp
[5.781s] -- Up-to-date: /home/simi/franka_ros2_ws/install/franka_example_controllers/share/franka_example_controllers/environment/library_path.sh
[5.781s] -- Installing: /home/simi/franka_ros2_ws/install/franka_example_controllers/share/franka_example_controllers/environment/library_path.dsv
[5.781s] -- Up-to-date: /home/simi/franka_ros2_ws/install/franka_example_controllers/share/ament_index/resource_index/package_run_dependencies/franka_example_controllers
[5.781s] -- Installing: /home/simi/franka_ros2_ws/install/franka_example_controllers/share/ament_index/resource_index/parent_prefix_path/franka_example_controllers
[5.781s] -- Up-to-date: /home/simi/franka_ros2_ws/install/franka_example_controllers/share/franka_example_controllers/environment/ament_prefix_path.sh
[5.781s] -- Installing: /home/simi/franka_ros2_ws/install/franka_example_controllers/share/franka_example_controllers/environment/ament_prefix_path.dsv
[5.781s] -- Up-to-date: /home/simi/franka_ros2_ws/install/franka_example_controllers/share/franka_example_controllers/environment/path.sh
[5.781s] -- Installing: /home/simi/franka_ros2_ws/install/franka_example_controllers/share/franka_example_controllers/environment/path.dsv
[5.781s] -- Up-to-date: /home/simi/franka_ros2_ws/install/franka_example_controllers/share/franka_example_controllers/local_setup.bash
[5.782s] -- Up-to-date: /home/simi/franka_ros2_ws/install/franka_example_controllers/share/franka_example_controllers/local_setup.sh
[5.782s] -- Up-to-date: /home/simi/franka_ros2_ws/install/franka_example_controllers/share/franka_example_controllers/local_setup.zsh
[5.782s] -- Installing: /home/simi/franka_ros2_ws/install/franka_example_controllers/share/franka_example_controllers/local_setup.dsv
[5.782s] -- Installing: /home/simi/franka_ros2_ws/install/franka_example_controllers/share/franka_example_controllers/package.dsv
[5.782s] -- Up-to-date: /home/simi/franka_ros2_ws/install/franka_example_controllers/share/ament_index/resource_index/packages/franka_example_controllers
[5.782s] -- Up-to-date: /home/simi/franka_ros2_ws/install/franka_example_controllers/share/ament_index/resource_index/controller_interface__pluginlib__plugin/franka_example_controllers
[5.782s] -- Up-to-date: /home/simi/franka_ros2_ws/install/franka_example_controllers/share/franka_example_controllers/cmake/ament_cmake_export_include_directories-extras.cmake
[5.782s] -- Up-to-date: /home/simi/franka_ros2_ws/install/franka_example_controllers/share/franka_example_controllers/cmake/ament_cmake_export_libraries-extras.cmake
[5.782s] -- Up-to-date: /home/simi/franka_ros2_ws/install/franka_example_controllers/share/franka_example_controllers/cmake/ament_cmake_export_dependencies-extras.cmake
[5.782s] -- Up-to-date: /home/simi/franka_ros2_ws/install/franka_example_controllers/share/franka_example_controllers/cmake/franka_example_controllersConfig.cmake
[5.782s] -- Up-to-date: /home/simi/franka_ros2_ws/install/franka_example_controllers/share/franka_example_controllers/cmake/franka_example_controllersConfig-version.cmake
[5.782s] -- Up-to-date: /home/simi/franka_ros2_ws/install/franka_example_controllers/share/franka_example_controllers/package.xml
[5.785s] Invoked command in '/home/simi/franka_ros2_ws/build/franka_example_controllers' returned '0': CMAKE_PREFIX_PATH=/home/simi/franka_ros2_ws/install/franka_semantic_components:/home/simi/franka_ros2_ws/install/franka_hardware:/home/simi/franka_ros2_ws/install/franka_msgs:/home/simi/franka_ros2_ws/install/cartesian_impedance_control:/home/simi/franka_ros2_ws/install/messages_fr3:/home/simi/franka_ros2_ws/install/joint_trajectory_controller:/home/simi/franka_ros2_ws/install/integration_launch_testing:/home/simi/franka_ros2_ws/install/franka_bringup:/home/simi/franka_ros2_ws/install/franka_robot_state_broadcaster:/home/simi/franka_ros2_ws/install/franka_example_controllers:/home/simi/franka_ros2_ws/install/franka_moveit_config:/home/simi/franka_ros2_ws/install/franka_gripper:/home/simi/franka_ros2_ws/install/franka_description:/home/simi/franka_ros2_ws/install/realtime_plot_of_data:/opt/ros/humble LD_LIBRARY_PATH=/home/simi/franka_ros2_ws/install/franka_semantic_components/lib:/home/simi/franka_ros2_ws/install/franka_hardware/lib:/home/simi/franka_ros2_ws/install/franka_msgs/lib:/home/simi/franka_ros2_ws/install/cartesian_impedance_control/lib:/home/simi/franka_ros2_ws/install/messages_fr3/lib:/home/simi/franka_ros2_ws/install/joint_trajectory_controller/lib:/home/simi/franka_ros2_ws/install/integration_launch_testing/lib:/home/simi/franka_ros2_ws/install/franka_robot_state_broadcaster/lib:/home/simi/franka_ros2_ws/install/franka_example_controllers/lib:/home/simi/franka_ros2_ws/install/franka_gripper/lib:/opt/ros/humble/opt/rviz_ogre_vendor/lib:/opt/ros/humble/lib/x86_64-linux-gnu:/opt/ros/humble/lib /usr/bin/cmake --install /home/simi/franka_ros2_ws/build/franka_example_controllers
