[0.021s] Invoking command in '/home/simi/franka_ros2_ws/build/franka_semantic_components': CMAKE_PREFIX_PATH=/home/simi/franka_ros2_ws/install/franka_hardware:/home/simi/franka_ros2_ws/install/franka_msgs:/home/simi/franka_ros2_ws/install/cartesian_impedance_control:/home/simi/franka_ros2_ws/install/messages_fr3:/home/simi/franka_ros2_ws/install/joint_trajectory_controller:/home/simi/franka_ros2_ws/install/integration_launch_testing:/home/simi/franka_ros2_ws/install/franka_bringup:/home/simi/franka_ros2_ws/install/franka_robot_state_broadcaster:/home/simi/franka_ros2_ws/install/franka_example_controllers:/home/simi/franka_ros2_ws/install/franka_semantic_components:/home/simi/franka_ros2_ws/install/franka_moveit_config:/home/simi/franka_ros2_ws/install/franka_gripper:/home/simi/franka_ros2_ws/install/franka_description:/home/simi/franka_ros2_ws/install/realtime_plot_of_data:/opt/ros/humble LD_LIBRARY_PATH=/home/simi/franka_ros2_ws/install/franka_hardware/lib:/home/simi/franka_ros2_ws/install/franka_msgs/lib:/home/simi/franka_ros2_ws/install/cartesian_impedance_control/lib:/home/simi/franka_ros2_ws/install/messages_fr3/lib:/home/simi/franka_ros2_ws/install/joint_trajectory_controller/lib:/home/simi/franka_ros2_ws/install/integration_launch_testing/lib:/home/simi/franka_ros2_ws/install/franka_robot_state_broadcaster/lib:/home/simi/franka_ros2_ws/install/franka_example_controllers/lib:/home/simi/franka_ros2_ws/install/franka_semantic_components/lib:/home/simi/franka_ros2_ws/install/franka_gripper/lib:/opt/ros/humble/opt/rviz_ogre_vendor/lib:/opt/ros/humble/lib/x86_64-linux-gnu:/opt/ros/humble/lib /usr/bin/cmake --build /home/simi/franka_ros2_ws/build/franka_semantic_components -- -j16 -l16
[0.089s] [35m[1mConsolidate compiler generated dependencies of target franka_semantic_components[0m
[0.099s] [  9%] [32mBuilding CXX object gmock/CMakeFiles/gmock.dir/opt/ros/humble/src/gtest_vendor/src/gtest-all.cc.o[0m
[0.099s] [ 13%] [32mBuilding CXX object gmock/CMakeFiles/gmock_main.dir/src/gmock_main.cc.o[0m
[0.099s] [ 13%] [32mBuilding CXX object gmock/CMakeFiles/gmock.dir/src/gmock-all.cc.o[0m
[0.124s] [ 45%] Built target franka_semantic_components
[1.148s] [ 50%] [32m[1mLinking CXX static library libgmock_main.a[0m
[1.202s] [ 50%] Built target gmock_main
[5.930s] [ 54%] [32m[1mLinking CXX static library libgmock.a[0m
[6.008s] [ 54%] Built target gmock
[6.026s] [35m[1mConsolidate compiler generated dependencies of target test_franka_robot_model[0m
[6.027s] [35m[1mConsolidate compiler generated dependencies of target test_franka_robot_state[0m
[6.027s] [35m[1mConsolidate compiler generated dependencies of target franka_cartesian_velocity_interface_test[0m
[6.027s] [35m[1mConsolidate compiler generated dependencies of target franka_cartesian_pose_interface_test[0m
[6.027s] [35m[1mConsolidate compiler generated dependencies of target franka_semantic_component_interface_test[0m
[6.048s] [ 68%] [32m[1mLinking CXX executable franka_semantic_component_interface_test[0m
[6.048s] [ 68%] [32m[1mLinking CXX executable test_franka_robot_model[0m
[6.048s] [ 68%] [32m[1mLinking CXX executable test_franka_robot_state[0m
[6.049s] [ 72%] [32m[1mLinking CXX executable franka_cartesian_pose_interface_test[0m
[6.051s] [ 77%] [32m[1mLinking CXX executable franka_cartesian_velocity_interface_test[0m
[6.334s] [ 81%] Built target test_franka_robot_state
[6.335s] [ 86%] Built target franka_semantic_component_interface_test
[6.348s] [ 90%] Built target franka_cartesian_velocity_interface_test
[6.353s] [100%] Built target test_franka_robot_model
[6.353s] [100%] Built target franka_cartesian_pose_interface_test
[6.369s] Invoked command in '/home/simi/franka_ros2_ws/build/franka_semantic_components' returned '0': CMAKE_PREFIX_PATH=/home/simi/franka_ros2_ws/install/franka_hardware:/home/simi/franka_ros2_ws/install/franka_msgs:/home/simi/franka_ros2_ws/install/cartesian_impedance_control:/home/simi/franka_ros2_ws/install/messages_fr3:/home/simi/franka_ros2_ws/install/joint_trajectory_controller:/home/simi/franka_ros2_ws/install/integration_launch_testing:/home/simi/franka_ros2_ws/install/franka_bringup:/home/simi/franka_ros2_ws/install/franka_robot_state_broadcaster:/home/simi/franka_ros2_ws/install/franka_example_controllers:/home/simi/franka_ros2_ws/install/franka_semantic_components:/home/simi/franka_ros2_ws/install/franka_moveit_config:/home/simi/franka_ros2_ws/install/franka_gripper:/home/simi/franka_ros2_ws/install/franka_description:/home/simi/franka_ros2_ws/install/realtime_plot_of_data:/opt/ros/humble LD_LIBRARY_PATH=/home/simi/franka_ros2_ws/install/franka_hardware/lib:/home/simi/franka_ros2_ws/install/franka_msgs/lib:/home/simi/franka_ros2_ws/install/cartesian_impedance_control/lib:/home/simi/franka_ros2_ws/install/messages_fr3/lib:/home/simi/franka_ros2_ws/install/joint_trajectory_controller/lib:/home/simi/franka_ros2_ws/install/integration_launch_testing/lib:/home/simi/franka_ros2_ws/install/franka_robot_state_broadcaster/lib:/home/simi/franka_ros2_ws/install/franka_example_controllers/lib:/home/simi/franka_ros2_ws/install/franka_semantic_components/lib:/home/simi/franka_ros2_ws/install/franka_gripper/lib:/opt/ros/humble/opt/rviz_ogre_vendor/lib:/opt/ros/humble/lib/x86_64-linux-gnu:/opt/ros/humble/lib /usr/bin/cmake --build /home/simi/franka_ros2_ws/build/franka_semantic_components -- -j16 -l16
[6.466s] Invoking command in '/home/simi/franka_ros2_ws/build/franka_semantic_components': CMAKE_PREFIX_PATH=/home/simi/franka_ros2_ws/install/franka_hardware:/home/simi/franka_ros2_ws/install/franka_msgs:/home/simi/franka_ros2_ws/install/cartesian_impedance_control:/home/simi/franka_ros2_ws/install/messages_fr3:/home/simi/franka_ros2_ws/install/joint_trajectory_controller:/home/simi/franka_ros2_ws/install/integration_launch_testing:/home/simi/franka_ros2_ws/install/franka_bringup:/home/simi/franka_ros2_ws/install/franka_robot_state_broadcaster:/home/simi/franka_ros2_ws/install/franka_example_controllers:/home/simi/franka_ros2_ws/install/franka_semantic_components:/home/simi/franka_ros2_ws/install/franka_moveit_config:/home/simi/franka_ros2_ws/install/franka_gripper:/home/simi/franka_ros2_ws/install/franka_description:/home/simi/franka_ros2_ws/install/realtime_plot_of_data:/opt/ros/humble LD_LIBRARY_PATH=/home/simi/franka_ros2_ws/install/franka_hardware/lib:/home/simi/franka_ros2_ws/install/franka_msgs/lib:/home/simi/franka_ros2_ws/install/cartesian_impedance_control/lib:/home/simi/franka_ros2_ws/install/messages_fr3/lib:/home/simi/franka_ros2_ws/install/joint_trajectory_controller/lib:/home/simi/franka_ros2_ws/install/integration_launch_testing/lib:/home/simi/franka_ros2_ws/install/franka_robot_state_broadcaster/lib:/home/simi/franka_ros2_ws/install/franka_example_controllers/lib:/home/simi/franka_ros2_ws/install/franka_semantic_components/lib:/home/simi/franka_ros2_ws/install/franka_gripper/lib:/opt/ros/humble/opt/rviz_ogre_vendor/lib:/opt/ros/humble/lib/x86_64-linux-gnu:/opt/ros/humble/lib /usr/bin/cmake --install /home/simi/franka_ros2_ws/build/franka_semantic_components
[6.486s] -- Install configuration: "Release"
[6.486s] -- Up-to-date: /home/simi/franka_ros2_ws/install/franka_semantic_components/lib/libfranka_semantic_components.so
[6.487s] -- Up-to-date: /home/simi/franka_ros2_ws/install/franka_semantic_components/include
[6.487s] -- Up-to-date: /home/simi/franka_ros2_ws/install/franka_semantic_components/include/franka_semantic_components
[6.487s] -- Up-to-date: /home/simi/franka_ros2_ws/install/franka_semantic_components/include/franka_semantic_components/franka_semantic_component_interface.hpp
[6.488s] -- Up-to-date: /home/simi/franka_ros2_ws/install/franka_semantic_components/include/franka_semantic_components/franka_robot_state.hpp
[6.488s] -- Up-to-date: /home/simi/franka_ros2_ws/install/franka_semantic_components/include/franka_semantic_components/franka_robot_model.hpp
[6.488s] -- Up-to-date: /home/simi/franka_ros2_ws/install/franka_semantic_components/include/franka_semantic_components/franka_cartesian_pose_interface.hpp
[6.488s] -- Up-to-date: /home/simi/franka_ros2_ws/install/franka_semantic_components/include/franka_semantic_components/franka_cartesian_velocity_interface.hpp
[6.488s] -- Up-to-date: /home/simi/franka_ros2_ws/install/franka_semantic_components/share/franka_semantic_components/robot_description_test.txt
[6.488s] -- Up-to-date: /home/simi/franka_ros2_ws/install/franka_semantic_components/share/franka_semantic_components/environment/library_path.sh
[6.488s] -- Up-to-date: /home/simi/franka_ros2_ws/install/franka_semantic_components/share/franka_semantic_components/environment/library_path.dsv
[6.488s] -- Up-to-date: /home/simi/franka_ros2_ws/install/franka_semantic_components/share/ament_index/resource_index/package_run_dependencies/franka_semantic_components
[6.488s] -- Up-to-date: /home/simi/franka_ros2_ws/install/franka_semantic_components/share/ament_index/resource_index/parent_prefix_path/franka_semantic_components
[6.488s] -- Up-to-date: /home/simi/franka_ros2_ws/install/franka_semantic_components/share/franka_semantic_components/environment/ament_prefix_path.sh
[6.488s] -- Up-to-date: /home/simi/franka_ros2_ws/install/franka_semantic_components/share/franka_semantic_components/environment/ament_prefix_path.dsv
[6.488s] -- Up-to-date: /home/simi/franka_ros2_ws/install/franka_semantic_components/share/franka_semantic_components/environment/path.sh
[6.488s] -- Up-to-date: /home/simi/franka_ros2_ws/install/franka_semantic_components/share/franka_semantic_components/environment/path.dsv
[6.489s] -- Up-to-date: /home/simi/franka_ros2_ws/install/franka_semantic_components/share/franka_semantic_components/local_setup.bash
[6.489s] -- Up-to-date: /home/simi/franka_ros2_ws/install/franka_semantic_components/share/franka_semantic_components/local_setup.sh
[6.489s] -- Up-to-date: /home/simi/franka_ros2_ws/install/franka_semantic_components/share/franka_semantic_components/local_setup.zsh
[6.489s] -- Up-to-date: /home/simi/franka_ros2_ws/install/franka_semantic_components/share/franka_semantic_components/local_setup.dsv
[6.489s] -- Installing: /home/simi/franka_ros2_ws/install/franka_semantic_components/share/franka_semantic_components/package.dsv
[6.489s] -- Up-to-date: /home/simi/franka_ros2_ws/install/franka_semantic_components/share/ament_index/resource_index/packages/franka_semantic_components
[6.489s] -- Up-to-date: /home/simi/franka_ros2_ws/install/franka_semantic_components/share/franka_semantic_components/cmake/ament_cmake_export_include_directories-extras.cmake
[6.489s] -- Up-to-date: /home/simi/franka_ros2_ws/install/franka_semantic_components/share/franka_semantic_components/cmake/ament_cmake_export_libraries-extras.cmake
[6.489s] -- Up-to-date: /home/simi/franka_ros2_ws/install/franka_semantic_components/share/franka_semantic_components/cmake/ament_cmake_export_dependencies-extras.cmake
[6.489s] -- Up-to-date: /home/simi/franka_ros2_ws/install/franka_semantic_components/share/franka_semantic_components/cmake/franka_semantic_componentsConfig.cmake
[6.489s] -- Up-to-date: /home/simi/franka_ros2_ws/install/franka_semantic_components/share/franka_semantic_components/cmake/franka_semantic_componentsConfig-version.cmake
[6.489s] -- Up-to-date: /home/simi/franka_ros2_ws/install/franka_semantic_components/share/franka_semantic_components/package.xml
[6.492s] Invoked command in '/home/simi/franka_ros2_ws/build/franka_semantic_components' returned '0': CMAKE_PREFIX_PATH=/home/simi/franka_ros2_ws/install/franka_hardware:/home/simi/franka_ros2_ws/install/franka_msgs:/home/simi/franka_ros2_ws/install/cartesian_impedance_control:/home/simi/franka_ros2_ws/install/messages_fr3:/home/simi/franka_ros2_ws/install/joint_trajectory_controller:/home/simi/franka_ros2_ws/install/integration_launch_testing:/home/simi/franka_ros2_ws/install/franka_bringup:/home/simi/franka_ros2_ws/install/franka_robot_state_broadcaster:/home/simi/franka_ros2_ws/install/franka_example_controllers:/home/simi/franka_ros2_ws/install/franka_semantic_components:/home/simi/franka_ros2_ws/install/franka_moveit_config:/home/simi/franka_ros2_ws/install/franka_gripper:/home/simi/franka_ros2_ws/install/franka_description:/home/simi/franka_ros2_ws/install/realtime_plot_of_data:/opt/ros/humble LD_LIBRARY_PATH=/home/simi/franka_ros2_ws/install/franka_hardware/lib:/home/simi/franka_ros2_ws/install/franka_msgs/lib:/home/simi/franka_ros2_ws/install/cartesian_impedance_control/lib:/home/simi/franka_ros2_ws/install/messages_fr3/lib:/home/simi/franka_ros2_ws/install/joint_trajectory_controller/lib:/home/simi/franka_ros2_ws/install/integration_launch_testing/lib:/home/simi/franka_ros2_ws/install/franka_robot_state_broadcaster/lib:/home/simi/franka_ros2_ws/install/franka_example_controllers/lib:/home/simi/franka_ros2_ws/install/franka_semantic_components/lib:/home/simi/franka_ros2_ws/install/franka_gripper/lib:/opt/ros/humble/opt/rviz_ogre_vendor/lib:/opt/ros/humble/lib/x86_64-linux-gnu:/opt/ros/humble/lib /usr/bin/cmake --install /home/simi/franka_ros2_ws/build/franka_semantic_components
