[0.752s] Invoking command in '/home/simi/franka_ros2_ws/src/realtime_plot_of_data': PYTHONPATH=/home/simi/franka_ros2_ws/build/realtime_plot_of_data/prefix_override:/home/simi/franka_ros2_ws/install/realtime_plot_of_data/lib/python3.10/site-packages:${PYTHONPATH} /usr/bin/python3 -W ignore:setup.py install is deprecated setup.py egg_info --egg-base ../../build/realtime_plot_of_data build --build-base /home/simi/franka_ros2_ws/build/realtime_plot_of_data/build install --record /home/simi/franka_ros2_ws/build/realtime_plot_of_data/install.log --single-version-externally-managed install_data
[0.965s] running egg_info
[0.966s] creating ../../build/realtime_plot_of_data/realtime_plot_of_data.egg-info
[0.966s] writing ../../build/realtime_plot_of_data/realtime_plot_of_data.egg-info/PKG-INFO
[0.966s] writing dependency_links to ../../build/realtime_plot_of_data/realtime_plot_of_data.egg-info/dependency_links.txt
[0.966s] writing entry points to ../../build/realtime_plot_of_data/realtime_plot_of_data.egg-info/entry_points.txt
[0.967s] writing requirements to ../../build/realtime_plot_of_data/realtime_plot_of_data.egg-info/requires.txt
[0.967s] writing top-level names to ../../build/realtime_plot_of_data/realtime_plot_of_data.egg-info/top_level.txt
[0.967s] writing manifest file '../../build/realtime_plot_of_data/realtime_plot_of_data.egg-info/SOURCES.txt'
[0.968s] reading manifest file '../../build/realtime_plot_of_data/realtime_plot_of_data.egg-info/SOURCES.txt'
[0.969s] writing manifest file '../../build/realtime_plot_of_data/realtime_plot_of_data.egg-info/SOURCES.txt'
[0.969s] running build
[0.969s] running build_py
[0.969s] creating /home/simi/franka_ros2_ws/build/realtime_plot_of_data/build
[0.969s] creating /home/simi/franka_ros2_ws/build/realtime_plot_of_data/build/lib
[0.970s] creating /home/simi/franka_ros2_ws/build/realtime_plot_of_data/build/lib/realtime_plot_of_data
[0.970s] copying realtime_plot_of_data/force_torque_plotter.py -> /home/simi/franka_ros2_ws/build/realtime_plot_of_data/build/lib/realtime_plot_of_data
[0.970s] copying realtime_plot_of_data/__init__.py -> /home/simi/franka_ros2_ws/build/realtime_plot_of_data/build/lib/realtime_plot_of_data
[0.970s] running install
[0.970s] running install_lib
[0.971s] creating /home/simi/franka_ros2_ws/install/realtime_plot_of_data/lib/python3.10/site-packages/realtime_plot_of_data
[0.971s] copying /home/simi/franka_ros2_ws/build/realtime_plot_of_data/build/lib/realtime_plot_of_data/force_torque_plotter.py -> /home/simi/franka_ros2_ws/install/realtime_plot_of_data/lib/python3.10/site-packages/realtime_plot_of_data
[0.971s] copying /home/simi/franka_ros2_ws/build/realtime_plot_of_data/build/lib/realtime_plot_of_data/__init__.py -> /home/simi/franka_ros2_ws/install/realtime_plot_of_data/lib/python3.10/site-packages/realtime_plot_of_data
[0.972s] byte-compiling /home/simi/franka_ros2_ws/install/realtime_plot_of_data/lib/python3.10/site-packages/realtime_plot_of_data/force_torque_plotter.py to force_torque_plotter.cpython-310.pyc
[0.972s] byte-compiling /home/simi/franka_ros2_ws/install/realtime_plot_of_data/lib/python3.10/site-packages/realtime_plot_of_data/__init__.py to __init__.cpython-310.pyc
[0.972s] running install_data
[0.972s] creating /home/simi/franka_ros2_ws/install/realtime_plot_of_data/share/ament_index
[0.973s] creating /home/simi/franka_ros2_ws/install/realtime_plot_of_data/share/ament_index/resource_index
[0.973s] creating /home/simi/franka_ros2_ws/install/realtime_plot_of_data/share/ament_index/resource_index/packages
[0.973s] copying resource/realtime_plot_of_data -> /home/simi/franka_ros2_ws/install/realtime_plot_of_data/share/ament_index/resource_index/packages
[0.973s] copying package.xml -> /home/simi/franka_ros2_ws/install/realtime_plot_of_data/share/realtime_plot_of_data
[0.973s] running install_egg_info
[0.975s] Copying ../../build/realtime_plot_of_data/realtime_plot_of_data.egg-info to /home/simi/franka_ros2_ws/install/realtime_plot_of_data/lib/python3.10/site-packages/realtime_plot_of_data-0.0.0-py3.10.egg-info
[0.976s] running install_scripts
[0.996s] Installing force_torque_plotter script to /home/simi/franka_ros2_ws/install/realtime_plot_of_data/lib/realtime_plot_of_data
[0.996s] writing list of installed files to '/home/simi/franka_ros2_ws/build/realtime_plot_of_data/install.log'
[1.054s] Invoked command in '/home/simi/franka_ros2_ws/src/realtime_plot_of_data' returned '0': PYTHONPATH=/home/simi/franka_ros2_ws/build/realtime_plot_of_data/prefix_override:/home/simi/franka_ros2_ws/install/realtime_plot_of_data/lib/python3.10/site-packages:${PYTHONPATH} /usr/bin/python3 -W ignore:setup.py install is deprecated setup.py egg_info --egg-base ../../build/realtime_plot_of_data build --build-base /home/simi/franka_ros2_ws/build/realtime_plot_of_data/build install --record /home/simi/franka_ros2_ws/build/realtime_plot_of_data/install.log --single-version-externally-managed install_data
