-- Found ament_cmake: 1.3.8 (/opt/ros/humble/share/ament_cmake/cmake)
-- Found rclcpp: 16.0.8 (/opt/ros/humble/share/rclcpp/cmake)
-- Found rosidl_generator_c: 3.1.5 (/opt/ros/humble/share/rosidl_generator_c/cmake)
-- Found rosidl_adapter: 3.1.5 (/opt/ros/humble/share/rosidl_adapter/cmake)
-- Found rosidl_generator_cpp: 3.1.5 (/opt/ros/humble/share/rosidl_generator_cpp/cmake)
-- Using all available rosidl_typesupport_c: rosidl_typesupport_fastrtps_c;rosidl_typesupport_introspection_c
-- Using all available rosidl_typesupport_cpp: rosidl_typesupport_fastrtps_cpp;rosidl_typesupport_introspection_cpp
-- Found rmw_implementation_cmake: 6.1.1 (/opt/ros/humble/share/rmw_implementation_cmake/cmake)
-- Found rmw_fastrtps_cpp: 6.2.6 (/opt/ros/humble/share/rmw_fastrtps_cpp/cmake)
-- Using RMW implementation 'rmw_fastrtps_cpp' as default
-- Found controller_interface: 2.40.0 (/opt/ros/humble/share/controller_interface/cmake)
-- Found franka_msgs: 0.1.13 (/home/simi/franka_ros2_ws/install/franka_msgs/share/franka_msgs/cmake)
-- Found franka_semantic_components: 0.1.0 (/home/simi/franka_ros2_ws/install/franka_semantic_components/share/franka_semantic_components/cmake)
-- Found generate_parameter_library: 0.3.8 (/opt/ros/humble/share/generate_parameter_library/cmake)
-- Found parameter_traits: 0.3.8 (/opt/ros/humble/share/parameter_traits/cmake)
-- Found messages_fr3: 0.0.0 (/home/simi/franka_ros2_ws/install/messages_fr3/share/messages_fr3/cmake)
-- Found ament_cmake_clang_format: 0.12.10 (/opt/ros/humble/share/ament_cmake_clang_format/cmake)
-- Found ament_cmake_copyright: 0.12.10 (/opt/ros/humble/share/ament_cmake_copyright/cmake)
-- Found ament_cmake_cppcheck: 0.12.10 (/opt/ros/humble/share/ament_cmake_cppcheck/cmake)
-- Found ament_cmake_flake8: 0.12.10 (/opt/ros/humble/share/ament_cmake_flake8/cmake)
-- Found ament_cmake_lint_cmake: 0.12.10 (/opt/ros/humble/share/ament_cmake_lint_cmake/cmake)
-- Found ament_cmake_pep257: 0.12.10 (/opt/ros/humble/share/ament_cmake_pep257/cmake)
-- Found ament_cmake_xmllint: 0.12.10 (/opt/ros/humble/share/ament_cmake_xmllint/cmake)
-- Found ament_cmake_gmock: 1.3.8 (/opt/ros/humble/share/ament_cmake_gmock/cmake)
-- Found controller_manager: 2.40.0 (/opt/ros/humble/share/controller_manager/cmake)
-- Found ros2_control_test_assets: 2.40.0 (/opt/ros/humble/share/ros2_control_test_assets/cmake)
-- Configuring done
-- Generating done
-- Build files have been written to: /home/simi/franka_ros2_ws/build/cartesian_impedance_control
[35m[1mConsolidate compiler generated dependencies of target cartesian_impedance_control[0m
[ 40%] [32mBuilding CXX object CMakeFiles/cartesian_impedance_control.dir/src/cartesian_impedance_controller.cpp.o[0m
[ 40%] [32mBuilding CXX object CMakeFiles/cartesian_impedance_control.dir/src/user_input_server.cpp.o[0m
[01m[K/home/simi/franka_ros2_ws/src/cartesian_impedance_control/src/user_input_server.cpp:[m[K In member function ‘[01m[Kvoid cartesian_impedance_control::UserInputServer::setParam(std::shared_ptr<messages_fr3::srv::SetParam_Request_<std::allocator<void> > >, std::shared_ptr<messages_fr3::srv::SetParam_Response_<std::allocator<void> > >)[m[K’:
[01m[K/home/simi/franka_ros2_ws/src/cartesian_impedance_control/src/user_input_server.cpp:32:23:[m[K [01;31m[Kerror: [m[Kexpression cannot be used as a function
   32 |   [01;31m[Krotation_d_target_  (*T_)[m[K = T_placeholder;
      |   [01;31m[K~~~~~~~~~~~~~~~~~~~~^~~~~[m[K
gmake[2]: *** [CMakeFiles/cartesian_impedance_control.dir/build.make:90: CMakeFiles/cartesian_impedance_control.dir/src/user_input_server.cpp.o] Error 1
gmake[2]: *** Waiting for unfinished jobs....
In file included from [01m[K/usr/include/eigen3/Eigen/Core:341[m[K,
                 from [01m[K/usr/include/eigen3/Eigen/Dense:1[m[K,
                 from [01m[K/usr/include/eigen3/Eigen/Eigen:1[m[K,
                 from [01m[K/home/simi/franka_ros2_ws/src/cartesian_impedance_control/include/cartesian_impedance_control/user_input_server.hpp:3[m[K,
                 from [01m[K/home/simi/franka_ros2_ws/src/cartesian_impedance_control/include/cartesian_impedance_control/cartesian_impedance_controller.hpp:29[m[K,
                 from [01m[K/home/simi/franka_ros2_ws/src/cartesian_impedance_control/src/cartesian_impedance_controller.cpp:15[m[K:
[01m[K/usr/include/eigen3/Eigen/src/Core/products/TriangularMatrixVector.h:[m[K In function ‘[01m[Kstatic void Eigen::internal::trmv_selector<Mode, 1>::run(const Lhs&, const Rhs&, Dest&, const typename Dest::Scalar&) [with Lhs = Eigen::Transpose<const Eigen::Block<const Eigen::Block<Eigen::Matrix<double, -1, -1>, -1, -1, false>, -1, -1, false> >; Rhs = Eigen::Transpose<const Eigen::CwiseBinaryOp<Eigen::internal::scalar_product_op<double, double>, const Eigen::CwiseNullaryOp<Eigen::internal::scalar_constant_op<double>, const Eigen::Matrix<double, 1, -1> >, const Eigen::Transpose<const Eigen::Block<const Eigen::Block<const Eigen::Block<Eigen::Matrix<double, -1, -1>, -1, -1, false>, -1, 1, true>, -1, 1, false> > > >; Dest = Eigen::Transpose<Eigen::Block<Eigen::Block<Eigen::Matrix<double, -1, -1, 1, -1, -1>, 1, -1, true>, 1, -1, false> >; int Mode = 6][m[K’:
[01m[K/usr/include/eigen3/Eigen/src/Core/products/TriangularMatrixVector.h:332:12:[m[K [01;35m[Kwarning: [m[K‘[01m[Kresult[m[K’ may be used uninitialized [[01;35m[K]8;;https://gcc.gnu.org/onlinedocs/gcc/Warning-Options.html#index-Wmaybe-uninitialized-Wmaybe-uninitialized]8;;[m[K]
  327 |     [01;35m[Kinternal::triangular_matrix_vector_product[m[K
      |     [01;35m[K~~~~~~~~~~~~~~~~~~~~~~~~~~~~~~~~~~~~~~~~~~[m[K
  328 | [01;35m[K      <Index,Mode,[m[K
      |       [01;35m[K~~~~~~~~~~~~[m[K
  329 | [01;35m[K       LhsScalar, LhsBlasTraits::NeedToConjugate,[m[K
      |        [01;35m[K~~~~~~~~~~~~~~~~~~~~~~~~~~~~~~~~~~~~~~~~~~[m[K
  330 | [01;35m[K       RhsScalar, RhsBlasTraits::NeedToConjugate,[m[K
      |        [01;35m[K~~~~~~~~~~~~~~~~~~~~~~~~~~~~~~~~~~~~~~~~~~[m[K
  331 | [01;35m[K       RowMajor>[m[K
      |        [01;35m[K~~~~~~~~~[m[K
  332 | [01;35m[K      ::run(actualLhs.rows(),actualLhs.cols(),[m[K
      |       [01;35m[K~~~~~^~~~~~~~~~~~~~~~~~~~~~~~~~~~~~~~~~~[m[K
  333 | [01;35m[K            actualLhs.data(),actualLhs.outerStride(),[m[K
      |             [01;35m[K~~~~~~~~~~~~~~~~~~~~~~~~~~~~~~~~~~~~~~~~~[m[K
  334 | [01;35m[K            actualRhsPtr,1,[m[K
      |             [01;35m[K~~~~~~~~~~~~~~~[m[K
  335 | [01;35m[K            dest.data(),dest.innerStride(),[m[K
      |             [01;35m[K~~~~~~~~~~~~~~~~~~~~~~~~~~~~~~~[m[K
  336 | [01;35m[K            actualAlpha)[m[K;
      |             [01;35m[K~~~~~~~~~~~~[m[K
[01m[K/usr/include/eigen3/Eigen/src/Core/products/TriangularMatrixVector.h:105:24:[m[K [01;36m[Knote: [m[Kby argument 5 of type ‘[01m[Kconst double*[m[K’ to ‘[01m[Kstatic void Eigen::internal::triangular_matrix_vector_product<Index, Mode, LhsScalar, ConjLhs, RhsScalar, ConjRhs, 1, Version>::run(Index, Index, const LhsScalar*, Index, const RhsScalar*, Index, Eigen::internal::triangular_matrix_vector_product<Index, Mode, LhsScalar, ConjLhs, RhsScalar, ConjRhs, 1, Version>::ResScalar*, Index, const ResScalar&) [with Index = long int; int Mode = 6; LhsScalar = double; bool ConjLhs = false; RhsScalar = double; bool ConjRhs = false; int Version = 0][m[K’ declared here
  105 | EIGEN_DONT_INLINE void [01;36m[Ktriangular_matrix_vector_product<Index,Mode,LhsScalar,ConjLhs,RhsScalar,ConjRhs,RowMajor,Version>[m[K
      |                        [01;36m[K^~~~~~~~~~~~~~~~~~~~~~~~~~~~~~~~~~~~~~~~~~~~~~~~~~~~~~~~~~~~~~~~~~~~~~~~~~~~~~~~~~~~~~~~~~~~~~~~~[m[K
gmake[1]: *** [CMakeFiles/Makefile2:139: CMakeFiles/cartesian_impedance_control.dir/all] Error 2
gmake: *** [Makefile:146: all] Error 2
