[0.031s] Invoking command in '/home/simi/franka_ros2_ws/build/cartesian_impedance_control': AMENT_PREFIX_PATH=/home/simi/franka_ros2_ws/install/franka_robot_state_broadcaster:/home/simi/franka_ros2_ws/install/franka_semantic_components:/home/simi/franka_ros2_ws/install/franka_hardware:/home/simi/franka_ros2_ws/install/messages_fr3:/home/simi/franka_ros2_ws/install/franka_msgs:/home/simi/franka_ros2_ws/install/franka_description:${AMENT_PREFIX_PATH} CMAKE_PREFIX_PATH=/home/simi/franka_ros2_ws/install/franka_robot_state_broadcaster:/home/simi/franka_ros2_ws/install/franka_semantic_components:/home/simi/franka_ros2_ws/install/franka_hardware:/home/simi/franka_ros2_ws/install/messages_fr3:/home/simi/franka_ros2_ws/install/franka_msgs:/home/simi/franka_ros2_ws/install/franka_description:/opt/ros/humble LD_LIBRARY_PATH=/home/simi/franka_ros2_ws/install/franka_robot_state_broadcaster/lib:/home/simi/franka_ros2_ws/install/franka_semantic_components/lib:/home/simi/franka_ros2_ws/install/franka_hardware/lib:/home/simi/franka_ros2_ws/install/messages_fr3/lib:/home/simi/franka_ros2_ws/install/franka_msgs/lib:${LD_LIBRARY_PATH} PYTHONPATH=/home/simi/franka_ros2_ws/install/messages_fr3/local/lib/python3.10/dist-packages:/home/simi/franka_ros2_ws/install/franka_msgs/local/lib/python3.10/dist-packages:${PYTHONPATH} /usr/bin/cmake --build /home/simi/franka_ros2_ws/build/cartesian_impedance_control -- -j16 -l16
[0.087s] [35m[1mConsolidate compiler generated dependencies of target cartesian_impedance_control[0m
[0.122s] [ 60%] Built target cartesian_impedance_control
[0.161s] [100%] Built target user_input_client
[0.179s] Invoked command in '/home/simi/franka_ros2_ws/build/cartesian_impedance_control' returned '0': AMENT_PREFIX_PATH=/home/simi/franka_ros2_ws/install/franka_robot_state_broadcaster:/home/simi/franka_ros2_ws/install/franka_semantic_components:/home/simi/franka_ros2_ws/install/franka_hardware:/home/simi/franka_ros2_ws/install/messages_fr3:/home/simi/franka_ros2_ws/install/franka_msgs:/home/simi/franka_ros2_ws/install/franka_description:${AMENT_PREFIX_PATH} CMAKE_PREFIX_PATH=/home/simi/franka_ros2_ws/install/franka_robot_state_broadcaster:/home/simi/franka_ros2_ws/install/franka_semantic_components:/home/simi/franka_ros2_ws/install/franka_hardware:/home/simi/franka_ros2_ws/install/messages_fr3:/home/simi/franka_ros2_ws/install/franka_msgs:/home/simi/franka_ros2_ws/install/franka_description:/opt/ros/humble LD_LIBRARY_PATH=/home/simi/franka_ros2_ws/install/franka_robot_state_broadcaster/lib:/home/simi/franka_ros2_ws/install/franka_semantic_components/lib:/home/simi/franka_ros2_ws/install/franka_hardware/lib:/home/simi/franka_ros2_ws/install/messages_fr3/lib:/home/simi/franka_ros2_ws/install/franka_msgs/lib:${LD_LIBRARY_PATH} PYTHONPATH=/home/simi/franka_ros2_ws/install/messages_fr3/local/lib/python3.10/dist-packages:/home/simi/franka_ros2_ws/install/franka_msgs/local/lib/python3.10/dist-packages:${PYTHONPATH} /usr/bin/cmake --build /home/simi/franka_ros2_ws/build/cartesian_impedance_control -- -j16 -l16
[0.220s] Invoking command in '/home/simi/franka_ros2_ws/build/cartesian_impedance_control': AMENT_PREFIX_PATH=/home/simi/franka_ros2_ws/install/franka_robot_state_broadcaster:/home/simi/franka_ros2_ws/install/franka_semantic_components:/home/simi/franka_ros2_ws/install/franka_hardware:/home/simi/franka_ros2_ws/install/messages_fr3:/home/simi/franka_ros2_ws/install/franka_msgs:/home/simi/franka_ros2_ws/install/franka_description:${AMENT_PREFIX_PATH} CMAKE_PREFIX_PATH=/home/simi/franka_ros2_ws/install/franka_robot_state_broadcaster:/home/simi/franka_ros2_ws/install/franka_semantic_components:/home/simi/franka_ros2_ws/install/franka_hardware:/home/simi/franka_ros2_ws/install/messages_fr3:/home/simi/franka_ros2_ws/install/franka_msgs:/home/simi/franka_ros2_ws/install/franka_description:/opt/ros/humble LD_LIBRARY_PATH=/home/simi/franka_ros2_ws/install/franka_robot_state_broadcaster/lib:/home/simi/franka_ros2_ws/install/franka_semantic_components/lib:/home/simi/franka_ros2_ws/install/franka_hardware/lib:/home/simi/franka_ros2_ws/install/messages_fr3/lib:/home/simi/franka_ros2_ws/install/franka_msgs/lib:${LD_LIBRARY_PATH} PYTHONPATH=/home/simi/franka_ros2_ws/install/messages_fr3/local/lib/python3.10/dist-packages:/home/simi/franka_ros2_ws/install/franka_msgs/local/lib/python3.10/dist-packages:${PYTHONPATH} /usr/bin/cmake --install /home/simi/franka_ros2_ws/build/cartesian_impedance_control
[0.229s] -- Install configuration: "Release"
[0.229s] -- Up-to-date: /home/simi/franka_ros2_ws/install/cartesian_impedance_control/share/cartesian_impedance_control/cartesian_impedance_control.xml
[0.229s] -- Up-to-date: /home/simi/franka_ros2_ws/install/cartesian_impedance_control/lib/cartesian_impedance_control/user_input_client
[0.229s] -- Up-to-date: /home/simi/franka_ros2_ws/install/cartesian_impedance_control/lib/libcartesian_impedance_control.so
[0.230s] -- Up-to-date: /home/simi/franka_ros2_ws/install/cartesian_impedance_control/include
[0.230s] -- Up-to-date: /home/simi/franka_ros2_ws/install/cartesian_impedance_control/include/cartesian_impedance_control
[0.230s] -- Up-to-date: /home/simi/franka_ros2_ws/install/cartesian_impedance_control/include/cartesian_impedance_control/user_input_server.hpp
[0.230s] -- Up-to-date: /home/simi/franka_ros2_ws/install/cartesian_impedance_control/include/cartesian_impedance_control/cartesian_impedance_controller.hpp
[0.231s] -- Up-to-date: /home/simi/franka_ros2_ws/install/cartesian_impedance_control/share/cartesian_impedance_control/launch
[0.231s] -- Up-to-date: /home/simi/franka_ros2_ws/install/cartesian_impedance_control/share/cartesian_impedance_control/launch/controllers.yaml
[0.231s] -- Up-to-date: /home/simi/franka_ros2_ws/install/cartesian_impedance_control/share/cartesian_impedance_control/launch/__pycache__
[0.231s] -- Installing: /home/simi/franka_ros2_ws/install/cartesian_impedance_control/share/cartesian_impedance_control/launch/__pycache__/cartesian_impedance_controller.launch.cpython-310.pyc
[0.231s] -- Up-to-date: /home/simi/franka_ros2_ws/install/cartesian_impedance_control/share/cartesian_impedance_control/launch/cartesian_impedance_controller.launch.py
[0.231s] -- Up-to-date: /home/simi/franka_ros2_ws/install/cartesian_impedance_control/share/cartesian_impedance_control/environment/library_path.sh
[0.231s] -- Up-to-date: /home/simi/franka_ros2_ws/install/cartesian_impedance_control/share/cartesian_impedance_control/environment/library_path.dsv
[0.231s] -- Up-to-date: /home/simi/franka_ros2_ws/install/cartesian_impedance_control/share/ament_index/resource_index/package_run_dependencies/cartesian_impedance_control
[0.231s] -- Up-to-date: /home/simi/franka_ros2_ws/install/cartesian_impedance_control/share/ament_index/resource_index/parent_prefix_path/cartesian_impedance_control
[0.231s] -- Up-to-date: /home/simi/franka_ros2_ws/install/cartesian_impedance_control/share/cartesian_impedance_control/environment/ament_prefix_path.sh
[0.231s] -- Up-to-date: /home/simi/franka_ros2_ws/install/cartesian_impedance_control/share/cartesian_impedance_control/environment/ament_prefix_path.dsv
[0.231s] -- Up-to-date: /home/simi/franka_ros2_ws/install/cartesian_impedance_control/share/cartesian_impedance_control/environment/path.sh
[0.231s] -- Up-to-date: /home/simi/franka_ros2_ws/install/cartesian_impedance_control/share/cartesian_impedance_control/environment/path.dsv
[0.231s] -- Up-to-date: /home/simi/franka_ros2_ws/install/cartesian_impedance_control/share/cartesian_impedance_control/local_setup.bash
[0.232s] -- Up-to-date: /home/simi/franka_ros2_ws/install/cartesian_impedance_control/share/cartesian_impedance_control/local_setup.sh
[0.232s] -- Up-to-date: /home/simi/franka_ros2_ws/install/cartesian_impedance_control/share/cartesian_impedance_control/local_setup.zsh
[0.232s] -- Up-to-date: /home/simi/franka_ros2_ws/install/cartesian_impedance_control/share/cartesian_impedance_control/local_setup.dsv
[0.232s] -- Installing: /home/simi/franka_ros2_ws/install/cartesian_impedance_control/share/cartesian_impedance_control/package.dsv
[0.232s] -- Up-to-date: /home/simi/franka_ros2_ws/install/cartesian_impedance_control/share/ament_index/resource_index/packages/cartesian_impedance_control
[0.232s] -- Up-to-date: /home/simi/franka_ros2_ws/install/cartesian_impedance_control/share/ament_index/resource_index/controller_interface__pluginlib__plugin/cartesian_impedance_control
[0.232s] -- Up-to-date: /home/simi/franka_ros2_ws/install/cartesian_impedance_control/share/cartesian_impedance_control/cmake/ament_cmake_export_include_directories-extras.cmake
[0.232s] -- Up-to-date: /home/simi/franka_ros2_ws/install/cartesian_impedance_control/share/cartesian_impedance_control/cmake/ament_cmake_export_libraries-extras.cmake
[0.232s] -- Up-to-date: /home/simi/franka_ros2_ws/install/cartesian_impedance_control/share/cartesian_impedance_control/cmake/ament_cmake_export_dependencies-extras.cmake
[0.232s] -- Up-to-date: /home/simi/franka_ros2_ws/install/cartesian_impedance_control/share/cartesian_impedance_control/cmake/cartesian_impedance_controlConfig.cmake
[0.232s] -- Up-to-date: /home/simi/franka_ros2_ws/install/cartesian_impedance_control/share/cartesian_impedance_control/cmake/cartesian_impedance_controlConfig-version.cmake
[0.232s] -- Up-to-date: /home/simi/franka_ros2_ws/install/cartesian_impedance_control/share/cartesian_impedance_control/package.xml
[0.234s] Invoked command in '/home/simi/franka_ros2_ws/build/cartesian_impedance_control' returned '0': AMENT_PREFIX_PATH=/home/simi/franka_ros2_ws/install/franka_robot_state_broadcaster:/home/simi/franka_ros2_ws/install/franka_semantic_components:/home/simi/franka_ros2_ws/install/franka_hardware:/home/simi/franka_ros2_ws/install/messages_fr3:/home/simi/franka_ros2_ws/install/franka_msgs:/home/simi/franka_ros2_ws/install/franka_description:${AMENT_PREFIX_PATH} CMAKE_PREFIX_PATH=/home/simi/franka_ros2_ws/install/franka_robot_state_broadcaster:/home/simi/franka_ros2_ws/install/franka_semantic_components:/home/simi/franka_ros2_ws/install/franka_hardware:/home/simi/franka_ros2_ws/install/messages_fr3:/home/simi/franka_ros2_ws/install/franka_msgs:/home/simi/franka_ros2_ws/install/franka_description:/opt/ros/humble LD_LIBRARY_PATH=/home/simi/franka_ros2_ws/install/franka_robot_state_broadcaster/lib:/home/simi/franka_ros2_ws/install/franka_semantic_components/lib:/home/simi/franka_ros2_ws/install/franka_hardware/lib:/home/simi/franka_ros2_ws/install/messages_fr3/lib:/home/simi/franka_ros2_ws/install/franka_msgs/lib:${LD_LIBRARY_PATH} PYTHONPATH=/home/simi/franka_ros2_ws/install/messages_fr3/local/lib/python3.10/dist-packages:/home/simi/franka_ros2_ws/install/franka_msgs/local/lib/python3.10/dist-packages:${PYTHONPATH} /usr/bin/cmake --install /home/simi/franka_ros2_ws/build/cartesian_impedance_control
