[0.019s] Invoking command in '/home/simi/franka_ros2_ws/build/franka_hardware': CMAKE_PREFIX_PATH=/home/simi/franka_ros2_ws/install/franka_msgs:/home/simi/franka_ros2_ws/install/cartesian_impedance_control:/home/simi/franka_ros2_ws/install/messages_fr3:/home/simi/franka_ros2_ws/install/joint_trajectory_controller:/home/simi/franka_ros2_ws/install/integration_launch_testing:/home/simi/franka_ros2_ws/install/franka_bringup:/home/simi/franka_ros2_ws/install/franka_robot_state_broadcaster:/home/simi/franka_ros2_ws/install/franka_example_controllers:/home/simi/franka_ros2_ws/install/franka_semantic_components:/home/simi/franka_ros2_ws/install/franka_moveit_config:/home/simi/franka_ros2_ws/install/franka_hardware:/home/simi/franka_ros2_ws/install/franka_gripper:/home/simi/franka_ros2_ws/install/franka_description:/opt/ros/humble LD_LIBRARY_PATH=/home/simi/franka_ros2_ws/install/franka_msgs/lib:/home/simi/franka_ros2_ws/install/cartesian_impedance_control/lib:/home/simi/franka_ros2_ws/install/messages_fr3/lib:/home/simi/franka_ros2_ws/install/joint_trajectory_controller/lib:/home/simi/franka_ros2_ws/install/integration_launch_testing/lib:/home/simi/franka_ros2_ws/install/franka_robot_state_broadcaster/lib:/home/simi/franka_ros2_ws/install/franka_example_controllers/lib:/home/simi/franka_ros2_ws/install/franka_semantic_components/lib:/home/simi/franka_ros2_ws/install/franka_hardware/lib:/home/simi/franka_ros2_ws/install/franka_gripper/lib:/opt/ros/humble/opt/rviz_ogre_vendor/lib:/opt/ros/humble/lib/x86_64-linux-gnu:/opt/ros/humble/lib /usr/bin/cmake --build /home/simi/franka_ros2_ws/build/franka_hardware -- -j16 -l16
[0.152s] [ 25%] Built target gmock_main
[0.152s] [ 31%] Built target gmock
[0.157s] [ 62%] Built target franka_hardware
[0.243s] [ 75%] Built target franka_hardware_command_interface_test
[0.246s] [ 87%] Built target franka_hardware_robot_test
[0.248s] [100%] Built target franka_hardware_test
[0.267s] Invoked command in '/home/simi/franka_ros2_ws/build/franka_hardware' returned '0': CMAKE_PREFIX_PATH=/home/simi/franka_ros2_ws/install/franka_msgs:/home/simi/franka_ros2_ws/install/cartesian_impedance_control:/home/simi/franka_ros2_ws/install/messages_fr3:/home/simi/franka_ros2_ws/install/joint_trajectory_controller:/home/simi/franka_ros2_ws/install/integration_launch_testing:/home/simi/franka_ros2_ws/install/franka_bringup:/home/simi/franka_ros2_ws/install/franka_robot_state_broadcaster:/home/simi/franka_ros2_ws/install/franka_example_controllers:/home/simi/franka_ros2_ws/install/franka_semantic_components:/home/simi/franka_ros2_ws/install/franka_moveit_config:/home/simi/franka_ros2_ws/install/franka_hardware:/home/simi/franka_ros2_ws/install/franka_gripper:/home/simi/franka_ros2_ws/install/franka_description:/opt/ros/humble LD_LIBRARY_PATH=/home/simi/franka_ros2_ws/install/franka_msgs/lib:/home/simi/franka_ros2_ws/install/cartesian_impedance_control/lib:/home/simi/franka_ros2_ws/install/messages_fr3/lib:/home/simi/franka_ros2_ws/install/joint_trajectory_controller/lib:/home/simi/franka_ros2_ws/install/integration_launch_testing/lib:/home/simi/franka_ros2_ws/install/franka_robot_state_broadcaster/lib:/home/simi/franka_ros2_ws/install/franka_example_controllers/lib:/home/simi/franka_ros2_ws/install/franka_semantic_components/lib:/home/simi/franka_ros2_ws/install/franka_hardware/lib:/home/simi/franka_ros2_ws/install/franka_gripper/lib:/opt/ros/humble/opt/rviz_ogre_vendor/lib:/opt/ros/humble/lib/x86_64-linux-gnu:/opt/ros/humble/lib /usr/bin/cmake --build /home/simi/franka_ros2_ws/build/franka_hardware -- -j16 -l16
[0.345s] Invoking command in '/home/simi/franka_ros2_ws/build/franka_hardware': CMAKE_PREFIX_PATH=/home/simi/franka_ros2_ws/install/franka_msgs:/home/simi/franka_ros2_ws/install/cartesian_impedance_control:/home/simi/franka_ros2_ws/install/messages_fr3:/home/simi/franka_ros2_ws/install/joint_trajectory_controller:/home/simi/franka_ros2_ws/install/integration_launch_testing:/home/simi/franka_ros2_ws/install/franka_bringup:/home/simi/franka_ros2_ws/install/franka_robot_state_broadcaster:/home/simi/franka_ros2_ws/install/franka_example_controllers:/home/simi/franka_ros2_ws/install/franka_semantic_components:/home/simi/franka_ros2_ws/install/franka_moveit_config:/home/simi/franka_ros2_ws/install/franka_hardware:/home/simi/franka_ros2_ws/install/franka_gripper:/home/simi/franka_ros2_ws/install/franka_description:/opt/ros/humble LD_LIBRARY_PATH=/home/simi/franka_ros2_ws/install/franka_msgs/lib:/home/simi/franka_ros2_ws/install/cartesian_impedance_control/lib:/home/simi/franka_ros2_ws/install/messages_fr3/lib:/home/simi/franka_ros2_ws/install/joint_trajectory_controller/lib:/home/simi/franka_ros2_ws/install/integration_launch_testing/lib:/home/simi/franka_ros2_ws/install/franka_robot_state_broadcaster/lib:/home/simi/franka_ros2_ws/install/franka_example_controllers/lib:/home/simi/franka_ros2_ws/install/franka_semantic_components/lib:/home/simi/franka_ros2_ws/install/franka_hardware/lib:/home/simi/franka_ros2_ws/install/franka_gripper/lib:/opt/ros/humble/opt/rviz_ogre_vendor/lib:/opt/ros/humble/lib/x86_64-linux-gnu:/opt/ros/humble/lib /usr/bin/cmake --install /home/simi/franka_ros2_ws/build/franka_hardware
[0.356s] -- Install configuration: "Release"
[0.356s] -- Up-to-date: /home/simi/franka_ros2_ws/install/franka_hardware/share/franka_hardware/franka_hardware.xml
[0.357s] -- Up-to-date: /home/simi/franka_ros2_ws/install/franka_hardware/lib/libfranka_hardware.so
[0.357s] -- Up-to-date: /home/simi/franka_ros2_ws/install/franka_hardware/include
[0.357s] -- Up-to-date: /home/simi/franka_ros2_ws/install/franka_hardware/include/franka_hardware
[0.357s] -- Up-to-date: /home/simi/franka_ros2_ws/install/franka_hardware/include/franka_hardware/franka_param_service_server.hpp
[0.358s] -- Up-to-date: /home/simi/franka_ros2_ws/install/franka_hardware/include/franka_hardware/franka_executor.hpp
[0.359s] -- Up-to-date: /home/simi/franka_ros2_ws/install/franka_hardware/include/franka_hardware/model.hpp
[0.359s] -- Up-to-date: /home/simi/franka_ros2_ws/install/franka_hardware/include/franka_hardware/franka_hardware_interface.hpp
[0.359s] -- Up-to-date: /home/simi/franka_ros2_ws/install/franka_hardware/include/franka_hardware/robot.hpp
[0.359s] -- Up-to-date: /home/simi/franka_ros2_ws/install/franka_hardware/share/franka_hardware/environment/library_path.sh
[0.359s] -- Up-to-date: /home/simi/franka_ros2_ws/install/franka_hardware/share/franka_hardware/environment/library_path.dsv
[0.360s] -- Up-to-date: /home/simi/franka_ros2_ws/install/franka_hardware/share/ament_index/resource_index/package_run_dependencies/franka_hardware
[0.360s] -- Up-to-date: /home/simi/franka_ros2_ws/install/franka_hardware/share/ament_index/resource_index/parent_prefix_path/franka_hardware
[0.360s] -- Up-to-date: /home/simi/franka_ros2_ws/install/franka_hardware/share/franka_hardware/environment/ament_prefix_path.sh
[0.360s] -- Up-to-date: /home/simi/franka_ros2_ws/install/franka_hardware/share/franka_hardware/environment/ament_prefix_path.dsv
[0.361s] -- Up-to-date: /home/simi/franka_ros2_ws/install/franka_hardware/share/franka_hardware/environment/path.sh
[0.361s] -- Up-to-date: /home/simi/franka_ros2_ws/install/franka_hardware/share/franka_hardware/environment/path.dsv
[0.361s] -- Up-to-date: /home/simi/franka_ros2_ws/install/franka_hardware/share/franka_hardware/local_setup.bash
[0.362s] -- Up-to-date: /home/simi/franka_ros2_ws/install/franka_hardware/share/franka_hardware/local_setup.sh
[0.362s] -- Up-to-date: /home/simi/franka_ros2_ws/install/franka_hardware/share/franka_hardware/local_setup.zsh
[0.363s] -- Up-to-date: /home/simi/franka_ros2_ws/install/franka_hardware/share/franka_hardware/local_setup.dsv
[0.363s] -- Installing: /home/simi/franka_ros2_ws/install/franka_hardware/share/franka_hardware/package.dsv
[0.363s] -- Up-to-date: /home/simi/franka_ros2_ws/install/franka_hardware/share/ament_index/resource_index/packages/franka_hardware
[0.363s] -- Up-to-date: /home/simi/franka_ros2_ws/install/franka_hardware/share/ament_index/resource_index/hardware_interface__pluginlib__plugin/franka_hardware
[0.364s] -- Up-to-date: /home/simi/franka_ros2_ws/install/franka_hardware/share/franka_hardware/cmake/ament_cmake_export_include_directories-extras.cmake
[0.364s] -- Up-to-date: /home/simi/franka_ros2_ws/install/franka_hardware/share/franka_hardware/cmake/ament_cmake_export_libraries-extras.cmake
[0.364s] -- Up-to-date: /home/simi/franka_ros2_ws/install/franka_hardware/share/franka_hardware/cmake/ament_cmake_export_dependencies-extras.cmake
[0.364s] -- Up-to-date: /home/simi/franka_ros2_ws/install/franka_hardware/share/franka_hardware/cmake/franka_hardwareConfig.cmake
[0.364s] -- Up-to-date: /home/simi/franka_ros2_ws/install/franka_hardware/share/franka_hardware/cmake/franka_hardwareConfig-version.cmake
[0.364s] -- Up-to-date: /home/simi/franka_ros2_ws/install/franka_hardware/share/franka_hardware/package.xml
[0.365s] Invoked command in '/home/simi/franka_ros2_ws/build/franka_hardware' returned '0': CMAKE_PREFIX_PATH=/home/simi/franka_ros2_ws/install/franka_msgs:/home/simi/franka_ros2_ws/install/cartesian_impedance_control:/home/simi/franka_ros2_ws/install/messages_fr3:/home/simi/franka_ros2_ws/install/joint_trajectory_controller:/home/simi/franka_ros2_ws/install/integration_launch_testing:/home/simi/franka_ros2_ws/install/franka_bringup:/home/simi/franka_ros2_ws/install/franka_robot_state_broadcaster:/home/simi/franka_ros2_ws/install/franka_example_controllers:/home/simi/franka_ros2_ws/install/franka_semantic_components:/home/simi/franka_ros2_ws/install/franka_moveit_config:/home/simi/franka_ros2_ws/install/franka_hardware:/home/simi/franka_ros2_ws/install/franka_gripper:/home/simi/franka_ros2_ws/install/franka_description:/opt/ros/humble LD_LIBRARY_PATH=/home/simi/franka_ros2_ws/install/franka_msgs/lib:/home/simi/franka_ros2_ws/install/cartesian_impedance_control/lib:/home/simi/franka_ros2_ws/install/messages_fr3/lib:/home/simi/franka_ros2_ws/install/joint_trajectory_controller/lib:/home/simi/franka_ros2_ws/install/integration_launch_testing/lib:/home/simi/franka_ros2_ws/install/franka_robot_state_broadcaster/lib:/home/simi/franka_ros2_ws/install/franka_example_controllers/lib:/home/simi/franka_ros2_ws/install/franka_semantic_components/lib:/home/simi/franka_ros2_ws/install/franka_hardware/lib:/home/simi/franka_ros2_ws/install/franka_gripper/lib:/opt/ros/humble/opt/rviz_ogre_vendor/lib:/opt/ros/humble/lib/x86_64-linux-gnu:/opt/ros/humble/lib /usr/bin/cmake --install /home/simi/franka_ros2_ws/build/franka_hardware
