[0.053s] Invoking command in '/home/simi/franka_ros2_ws/build/cartesian_impedance_control': CMAKE_PREFIX_PATH=/home/simi/franka_ros2_ws/install/franka_robot_state_broadcaster:/home/simi/franka_ros2_ws/install/franka_semantic_components:/home/simi/franka_ros2_ws/install/franka_hardware:/home/simi/franka_ros2_ws/install/messages_fr3:/home/simi/franka_ros2_ws/install/franka_msgs:/home/simi/franka_ros2_ws/install/franka_description:/home/simi/franka_ros2_ws/install/cartesian_impedance_control:/home/simi/franka_ros2_ws/install/joint_trajectory_controller:/home/simi/franka_ros2_ws/install/integration_launch_testing:/home/simi/franka_ros2_ws/install/franka_bringup:/home/simi/franka_ros2_ws/install/franka_example_controllers:/home/simi/franka_ros2_ws/install/franka_moveit_config:/home/simi/franka_ros2_ws/install/franka_gripper:/home/simi/franka_ros2_ws/install/realtime_plot_of_data:/opt/ros/humble LD_LIBRARY_PATH=/home/simi/franka_ros2_ws/install/franka_robot_state_broadcaster/lib:/home/simi/franka_ros2_ws/install/franka_semantic_components/lib:/home/simi/franka_ros2_ws/install/franka_hardware/lib:/home/simi/franka_ros2_ws/install/messages_fr3/lib:/home/simi/franka_ros2_ws/install/franka_msgs/lib:/home/simi/franka_ros2_ws/install/cartesian_impedance_control/lib:/home/simi/franka_ros2_ws/install/joint_trajectory_controller/lib:/home/simi/franka_ros2_ws/install/integration_launch_testing/lib:/home/simi/franka_ros2_ws/install/franka_example_controllers/lib:/home/simi/franka_ros2_ws/install/franka_gripper/lib:/opt/ros/humble/opt/rviz_ogre_vendor/lib:/opt/ros/humble/lib/x86_64-linux-gnu:/opt/ros/humble/lib /usr/bin/cmake --build /home/simi/franka_ros2_ws/build/cartesian_impedance_control -- -j16 -l16
[0.094s] -- Found ament_cmake: 1.3.9 (/opt/ros/humble/share/ament_cmake/cmake)
[0.244s] -- Found rclcpp: 16.0.9 (/opt/ros/humble/share/rclcpp/cmake)
[0.290s] -- Found rosidl_generator_c: 3.1.5 (/opt/ros/humble/share/rosidl_generator_c/cmake)
[0.293s] -- Found rosidl_adapter: 3.1.5 (/opt/ros/humble/share/rosidl_adapter/cmake)
[0.303s] -- Found rosidl_generator_cpp: 3.1.5 (/opt/ros/humble/share/rosidl_generator_cpp/cmake)
[0.321s] -- Using all available rosidl_typesupport_c: rosidl_typesupport_fastrtps_c;rosidl_typesupport_introspection_c
[0.344s] -- Using all available rosidl_typesupport_cpp: rosidl_typesupport_fastrtps_cpp;rosidl_typesupport_introspection_cpp
[0.406s] -- Found rmw_implementation_cmake: 6.1.2 (/opt/ros/humble/share/rmw_implementation_cmake/cmake)
[0.409s] -- Found rmw_fastrtps_cpp: 6.2.6 (/opt/ros/humble/share/rmw_fastrtps_cpp/cmake)
[0.574s] -- Using RMW implementation 'rmw_fastrtps_cpp' as default
[0.724s] -- Found controller_interface: 2.41.0 (/opt/ros/humble/share/controller_interface/cmake)
[1.322s] -- Found franka_msgs: 0.1.13 (/home/simi/franka_ros2_ws/install/franka_msgs/share/franka_msgs/cmake)
[1.460s] -- Found franka_semantic_components: 0.1.0 (/home/simi/franka_ros2_ws/install/franka_semantic_components/share/franka_semantic_components/cmake)
[1.844s] -- Found generate_parameter_library: 0.3.8 (/opt/ros/humble/share/generate_parameter_library/cmake)
[1.845s] -- Found parameter_traits: 0.3.8 (/opt/ros/humble/share/parameter_traits/cmake)
[1.860s] -- Found messages_fr3: 0.0.0 (/home/simi/franka_ros2_ws/install/messages_fr3/share/messages_fr3/cmake)
[2.770s] -- Found ament_cmake_clang_format: 0.12.11 (/opt/ros/humble/share/ament_cmake_clang_format/cmake)
[2.771s] -- Found ament_cmake_copyright: 0.12.11 (/opt/ros/humble/share/ament_cmake_copyright/cmake)
[2.772s] -- Found ament_cmake_cppcheck: 0.12.11 (/opt/ros/humble/share/ament_cmake_cppcheck/cmake)
[2.773s] -- Found ament_cmake_flake8: 0.12.11 (/opt/ros/humble/share/ament_cmake_flake8/cmake)
[2.773s] -- Found ament_cmake_lint_cmake: 0.12.11 (/opt/ros/humble/share/ament_cmake_lint_cmake/cmake)
[2.774s] -- Found ament_cmake_pep257: 0.12.11 (/opt/ros/humble/share/ament_cmake_pep257/cmake)
[2.775s] -- Found ament_cmake_xmllint: 0.12.11 (/opt/ros/humble/share/ament_cmake_xmllint/cmake)
[2.776s] -- Found ament_cmake_gmock: 1.3.9 (/opt/ros/humble/share/ament_cmake_gmock/cmake)
[2.778s] -- Found controller_manager: 2.41.0 (/opt/ros/humble/share/controller_manager/cmake)
[3.021s] -- Found ros2_control_test_assets: 2.41.0 (/opt/ros/humble/share/ros2_control_test_assets/cmake)
[3.090s] -- Configuring done
[3.182s] -- Generating done
[3.185s] -- Build files have been written to: /home/simi/franka_ros2_ws/build/cartesian_impedance_control
[3.225s] [35m[1mConsolidate compiler generated dependencies of target cartesian_impedance_control[0m
[3.274s] [ 25%] [32mBuilding CXX object CMakeFiles/cartesian_impedance_control.dir/src/cartesian_impedance_controller.cpp.o[0m
[3.274s] [ 25%] [32mBuilding CXX object CMakeFiles/cartesian_impedance_control.dir/src/user_input_server.cpp.o[0m
[3.276s] [ 37%] [32mBuilding CXX object CMakeFiles/cartesian_impedance_control.dir/src/force_control_server.cpp.o[0m
[27.289s] In file included from [01m[K/usr/include/eigen3/Eigen/Core:341[m[K,
[27.289s]                  from [01m[K/usr/include/eigen3/Eigen/Dense:1[m[K,
[27.289s]                  from [01m[K/usr/include/eigen3/Eigen/Eigen:1[m[K,
[27.289s]                  from [01m[K/home/simi/franka_ros2_ws/src/cartesian_impedance_control/include/cartesian_impedance_control/user_input_server.hpp:3[m[K,
[27.289s]                  from [01m[K/home/simi/franka_ros2_ws/src/cartesian_impedance_control/include/cartesian_impedance_control/cartesian_impedance_controller.hpp:29[m[K,
[27.290s]                  from [01m[K/home/simi/franka_ros2_ws/src/cartesian_impedance_control/src/cartesian_impedance_controller.cpp:15[m[K:
[27.290s] [01m[K/usr/include/eigen3/Eigen/src/Core/products/TriangularMatrixVector.h:[m[K In function ‘[01m[Kstatic void Eigen::internal::trmv_selector<Mode, 1>::run(const Lhs&, const Rhs&, Dest&, const typename Dest::Scalar&) [with Lhs = Eigen::Transpose<const Eigen::Block<const Eigen::Block<Eigen::Matrix<double, -1, -1>, -1, -1, false>, -1, -1, false> >; Rhs = Eigen::Transpose<const Eigen::CwiseBinaryOp<Eigen::internal::scalar_product_op<double, double>, const Eigen::CwiseNullaryOp<Eigen::internal::scalar_constant_op<double>, const Eigen::Matrix<double, 1, -1> >, const Eigen::Transpose<const Eigen::Block<const Eigen::Block<const Eigen::Block<Eigen::Matrix<double, -1, -1>, -1, -1, false>, -1, 1, true>, -1, 1, false> > > >; Dest = Eigen::Transpose<Eigen::Block<Eigen::Block<Eigen::Matrix<double, -1, -1, 1, -1, -1>, 1, -1, true>, 1, -1, false> >; int Mode = 6][m[K’:
[27.290s] [01m[K/usr/include/eigen3/Eigen/src/Core/products/TriangularMatrixVector.h:332:12:[m[K [01;35m[Kwarning: [m[K‘[01m[Kresult[m[K’ may be used uninitialized [[01;35m[K]8;;https://gcc.gnu.org/onlinedocs/gcc/Warning-Options.html#index-Wmaybe-uninitialized-Wmaybe-uninitialized]8;;[m[K]
[27.290s]   327 |     [01;35m[Kinternal::triangular_matrix_vector_product[m[K
[27.290s]       |     [01;35m[K~~~~~~~~~~~~~~~~~~~~~~~~~~~~~~~~~~~~~~~~~~[m[K
[27.290s]   328 | [01;35m[K      <Index,Mode,[m[K
[27.290s]       |       [01;35m[K~~~~~~~~~~~~[m[K
[27.290s]   329 | [01;35m[K       LhsScalar, LhsBlasTraits::NeedToConjugate,[m[K
[27.291s]       |        [01;35m[K~~~~~~~~~~~~~~~~~~~~~~~~~~~~~~~~~~~~~~~~~~[m[K
[27.291s]   330 | [01;35m[K       RhsScalar, RhsBlasTraits::NeedToConjugate,[m[K
[27.291s]       |        [01;35m[K~~~~~~~~~~~~~~~~~~~~~~~~~~~~~~~~~~~~~~~~~~[m[K
[27.291s]   331 | [01;35m[K       RowMajor>[m[K
[27.291s]       |        [01;35m[K~~~~~~~~~[m[K
[27.291s]   332 | [01;35m[K      ::run(actualLhs.rows(),actualLhs.cols(),[m[K
[27.291s]       |       [01;35m[K~~~~~^~~~~~~~~~~~~~~~~~~~~~~~~~~~~~~~~~~[m[K
[27.291s]   333 | [01;35m[K            actualLhs.data(),actualLhs.outerStride(),[m[K
[27.291s]       |             [01;35m[K~~~~~~~~~~~~~~~~~~~~~~~~~~~~~~~~~~~~~~~~~[m[K
[27.291s]   334 | [01;35m[K            actualRhsPtr,1,[m[K
[27.291s]       |             [01;35m[K~~~~~~~~~~~~~~~[m[K
[27.291s]   335 | [01;35m[K            dest.data(),dest.innerStride(),[m[K
[27.291s]       |             [01;35m[K~~~~~~~~~~~~~~~~~~~~~~~~~~~~~~~[m[K
[27.291s]   336 | [01;35m[K            actualAlpha)[m[K;
[27.291s]       |             [01;35m[K~~~~~~~~~~~~[m[K
[27.291s] [01m[K/usr/include/eigen3/Eigen/src/Core/products/TriangularMatrixVector.h:105:24:[m[K [01;36m[Knote: [m[Kby argument 5 of type ‘[01m[Kconst double*[m[K’ to ‘[01m[Kstatic void Eigen::internal::triangular_matrix_vector_product<Index, Mode, LhsScalar, ConjLhs, RhsScalar, ConjRhs, 1, Version>::run(Index, Index, const LhsScalar*, Index, const RhsScalar*, Index, Eigen::internal::triangular_matrix_vector_product<Index, Mode, LhsScalar, ConjLhs, RhsScalar, ConjRhs, 1, Version>::ResScalar*, Index, const ResScalar&) [with Index = long int; int Mode = 6; LhsScalar = double; bool ConjLhs = false; RhsScalar = double; bool ConjRhs = false; int Version = 0][m[K’ declared here
[27.292s]   105 | EIGEN_DONT_INLINE void [01;36m[Ktriangular_matrix_vector_product<Index,Mode,LhsScalar,ConjLhs,RhsScalar,ConjRhs,RowMajor,Version>[m[K
[27.292s]       |                        [01;36m[K^~~~~~~~~~~~~~~~~~~~~~~~~~~~~~~~~~~~~~~~~~~~~~~~~~~~~~~~~~~~~~~~~~~~~~~~~~~~~~~~~~~~~~~~~~~~~~~~~[m[K
[33.053s] [ 50%] [32m[1mLinking CXX shared library libcartesian_impedance_control.so[0m
[33.356s] [ 50%] Built target cartesian_impedance_control
[33.373s] [35m[1mConsolidate compiler generated dependencies of target force_control_client[0m
[33.373s] [35m[1mConsolidate compiler generated dependencies of target user_input_client[0m
[33.401s] [ 62%] [32m[1mLinking CXX executable user_input_client[0m
[33.403s] [ 75%] [32mBuilding CXX object CMakeFiles/force_control_client.dir/src/force_control_client.cpp.o[0m
[33.625s] [ 87%] Built target user_input_client
[36.973s] [100%] [32m[1mLinking CXX executable force_control_client[0m
[37.185s] [100%] Built target force_control_client
[37.203s] Invoked command in '/home/simi/franka_ros2_ws/build/cartesian_impedance_control' returned '0': CMAKE_PREFIX_PATH=/home/simi/franka_ros2_ws/install/franka_robot_state_broadcaster:/home/simi/franka_ros2_ws/install/franka_semantic_components:/home/simi/franka_ros2_ws/install/franka_hardware:/home/simi/franka_ros2_ws/install/messages_fr3:/home/simi/franka_ros2_ws/install/franka_msgs:/home/simi/franka_ros2_ws/install/franka_description:/home/simi/franka_ros2_ws/install/cartesian_impedance_control:/home/simi/franka_ros2_ws/install/joint_trajectory_controller:/home/simi/franka_ros2_ws/install/integration_launch_testing:/home/simi/franka_ros2_ws/install/franka_bringup:/home/simi/franka_ros2_ws/install/franka_example_controllers:/home/simi/franka_ros2_ws/install/franka_moveit_config:/home/simi/franka_ros2_ws/install/franka_gripper:/home/simi/franka_ros2_ws/install/realtime_plot_of_data:/opt/ros/humble LD_LIBRARY_PATH=/home/simi/franka_ros2_ws/install/franka_robot_state_broadcaster/lib:/home/simi/franka_ros2_ws/install/franka_semantic_components/lib:/home/simi/franka_ros2_ws/install/franka_hardware/lib:/home/simi/franka_ros2_ws/install/messages_fr3/lib:/home/simi/franka_ros2_ws/install/franka_msgs/lib:/home/simi/franka_ros2_ws/install/cartesian_impedance_control/lib:/home/simi/franka_ros2_ws/install/joint_trajectory_controller/lib:/home/simi/franka_ros2_ws/install/integration_launch_testing/lib:/home/simi/franka_ros2_ws/install/franka_example_controllers/lib:/home/simi/franka_ros2_ws/install/franka_gripper/lib:/opt/ros/humble/opt/rviz_ogre_vendor/lib:/opt/ros/humble/lib/x86_64-linux-gnu:/opt/ros/humble/lib /usr/bin/cmake --build /home/simi/franka_ros2_ws/build/cartesian_impedance_control -- -j16 -l16
[37.286s] Invoking command in '/home/simi/franka_ros2_ws/build/cartesian_impedance_control': CMAKE_PREFIX_PATH=/home/simi/franka_ros2_ws/install/franka_robot_state_broadcaster:/home/simi/franka_ros2_ws/install/franka_semantic_components:/home/simi/franka_ros2_ws/install/franka_hardware:/home/simi/franka_ros2_ws/install/messages_fr3:/home/simi/franka_ros2_ws/install/franka_msgs:/home/simi/franka_ros2_ws/install/franka_description:/home/simi/franka_ros2_ws/install/cartesian_impedance_control:/home/simi/franka_ros2_ws/install/joint_trajectory_controller:/home/simi/franka_ros2_ws/install/integration_launch_testing:/home/simi/franka_ros2_ws/install/franka_bringup:/home/simi/franka_ros2_ws/install/franka_example_controllers:/home/simi/franka_ros2_ws/install/franka_moveit_config:/home/simi/franka_ros2_ws/install/franka_gripper:/home/simi/franka_ros2_ws/install/realtime_plot_of_data:/opt/ros/humble LD_LIBRARY_PATH=/home/simi/franka_ros2_ws/install/franka_robot_state_broadcaster/lib:/home/simi/franka_ros2_ws/install/franka_semantic_components/lib:/home/simi/franka_ros2_ws/install/franka_hardware/lib:/home/simi/franka_ros2_ws/install/messages_fr3/lib:/home/simi/franka_ros2_ws/install/franka_msgs/lib:/home/simi/franka_ros2_ws/install/cartesian_impedance_control/lib:/home/simi/franka_ros2_ws/install/joint_trajectory_controller/lib:/home/simi/franka_ros2_ws/install/integration_launch_testing/lib:/home/simi/franka_ros2_ws/install/franka_example_controllers/lib:/home/simi/franka_ros2_ws/install/franka_gripper/lib:/opt/ros/humble/opt/rviz_ogre_vendor/lib:/opt/ros/humble/lib/x86_64-linux-gnu:/opt/ros/humble/lib /usr/bin/cmake --install /home/simi/franka_ros2_ws/build/cartesian_impedance_control
[37.296s] -- Install configuration: "Release"
[37.296s] -- Up-to-date: /home/simi/franka_ros2_ws/install/cartesian_impedance_control/share/cartesian_impedance_control/cartesian_impedance_control.xml
[37.296s] -- Installing: /home/simi/franka_ros2_ws/install/cartesian_impedance_control/lib/cartesian_impedance_control/user_input_client
[37.297s] -- Set runtime path of "/home/simi/franka_ros2_ws/install/cartesian_impedance_control/lib/cartesian_impedance_control/user_input_client" to ""
[37.297s] -- Installing: /home/simi/franka_ros2_ws/install/cartesian_impedance_control/lib/cartesian_impedance_control/force_control_client
[37.298s] -- Set runtime path of "/home/simi/franka_ros2_ws/install/cartesian_impedance_control/lib/cartesian_impedance_control/force_control_client" to ""
[37.298s] -- Installing: /home/simi/franka_ros2_ws/install/cartesian_impedance_control/lib/libcartesian_impedance_control.so
[37.303s] -- Set runtime path of "/home/simi/franka_ros2_ws/install/cartesian_impedance_control/lib/libcartesian_impedance_control.so" to ""
[37.303s] -- Up-to-date: /home/simi/franka_ros2_ws/install/cartesian_impedance_control/include
[37.303s] -- Up-to-date: /home/simi/franka_ros2_ws/install/cartesian_impedance_control/include/cartesian_impedance_control
[37.303s] -- Installing: /home/simi/franka_ros2_ws/install/cartesian_impedance_control/include/cartesian_impedance_control/user_input_server.hpp
[37.303s] -- Installing: /home/simi/franka_ros2_ws/install/cartesian_impedance_control/include/cartesian_impedance_control/force_control_server.hpp
[37.303s] -- Up-to-date: /home/simi/franka_ros2_ws/install/cartesian_impedance_control/include/cartesian_impedance_control/cartesian_impedance_controller.hpp
[37.304s] -- Up-to-date: /home/simi/franka_ros2_ws/install/cartesian_impedance_control/share/cartesian_impedance_control/launch
[37.304s] -- Up-to-date: /home/simi/franka_ros2_ws/install/cartesian_impedance_control/share/cartesian_impedance_control/launch/controllers.yaml
[37.304s] -- Up-to-date: /home/simi/franka_ros2_ws/install/cartesian_impedance_control/share/cartesian_impedance_control/launch/__pycache__
[37.304s] -- Up-to-date: /home/simi/franka_ros2_ws/install/cartesian_impedance_control/share/cartesian_impedance_control/launch/__pycache__/cartesian_impedance_controller.launch.cpython-310.pyc
[37.304s] -- Up-to-date: /home/simi/franka_ros2_ws/install/cartesian_impedance_control/share/cartesian_impedance_control/launch/cartesian_impedance_controller.launch.py
[37.304s] -- Up-to-date: /home/simi/franka_ros2_ws/install/cartesian_impedance_control/share/cartesian_impedance_control/environment/library_path.sh
[37.304s] -- Installing: /home/simi/franka_ros2_ws/install/cartesian_impedance_control/share/cartesian_impedance_control/environment/library_path.dsv
[37.305s] -- Up-to-date: /home/simi/franka_ros2_ws/install/cartesian_impedance_control/share/ament_index/resource_index/package_run_dependencies/cartesian_impedance_control
[37.305s] -- Installing: /home/simi/franka_ros2_ws/install/cartesian_impedance_control/share/ament_index/resource_index/parent_prefix_path/cartesian_impedance_control
[37.305s] -- Up-to-date: /home/simi/franka_ros2_ws/install/cartesian_impedance_control/share/cartesian_impedance_control/environment/ament_prefix_path.sh
[37.305s] -- Installing: /home/simi/franka_ros2_ws/install/cartesian_impedance_control/share/cartesian_impedance_control/environment/ament_prefix_path.dsv
[37.305s] -- Up-to-date: /home/simi/franka_ros2_ws/install/cartesian_impedance_control/share/cartesian_impedance_control/environment/path.sh
[37.305s] -- Installing: /home/simi/franka_ros2_ws/install/cartesian_impedance_control/share/cartesian_impedance_control/environment/path.dsv
[37.305s] -- Up-to-date: /home/simi/franka_ros2_ws/install/cartesian_impedance_control/share/cartesian_impedance_control/local_setup.bash
[37.305s] -- Up-to-date: /home/simi/franka_ros2_ws/install/cartesian_impedance_control/share/cartesian_impedance_control/local_setup.sh
[37.305s] -- Up-to-date: /home/simi/franka_ros2_ws/install/cartesian_impedance_control/share/cartesian_impedance_control/local_setup.zsh
[37.306s] -- Installing: /home/simi/franka_ros2_ws/install/cartesian_impedance_control/share/cartesian_impedance_control/local_setup.dsv
[37.306s] -- Installing: /home/simi/franka_ros2_ws/install/cartesian_impedance_control/share/cartesian_impedance_control/package.dsv
[37.306s] -- Up-to-date: /home/simi/franka_ros2_ws/install/cartesian_impedance_control/share/ament_index/resource_index/packages/cartesian_impedance_control
[37.306s] -- Up-to-date: /home/simi/franka_ros2_ws/install/cartesian_impedance_control/share/ament_index/resource_index/controller_interface__pluginlib__plugin/cartesian_impedance_control
[37.306s] -- Up-to-date: /home/simi/franka_ros2_ws/install/cartesian_impedance_control/share/cartesian_impedance_control/cmake/ament_cmake_export_include_directories-extras.cmake
[37.306s] -- Up-to-date: /home/simi/franka_ros2_ws/install/cartesian_impedance_control/share/cartesian_impedance_control/cmake/ament_cmake_export_libraries-extras.cmake
[37.306s] -- Up-to-date: /home/simi/franka_ros2_ws/install/cartesian_impedance_control/share/cartesian_impedance_control/cmake/ament_cmake_export_dependencies-extras.cmake
[37.306s] -- Up-to-date: /home/simi/franka_ros2_ws/install/cartesian_impedance_control/share/cartesian_impedance_control/cmake/cartesian_impedance_controlConfig.cmake
[37.306s] -- Up-to-date: /home/simi/franka_ros2_ws/install/cartesian_impedance_control/share/cartesian_impedance_control/cmake/cartesian_impedance_controlConfig-version.cmake
[37.306s] -- Up-to-date: /home/simi/franka_ros2_ws/install/cartesian_impedance_control/share/cartesian_impedance_control/package.xml
[37.308s] Invoked command in '/home/simi/franka_ros2_ws/build/cartesian_impedance_control' returned '0': CMAKE_PREFIX_PATH=/home/simi/franka_ros2_ws/install/franka_robot_state_broadcaster:/home/simi/franka_ros2_ws/install/franka_semantic_components:/home/simi/franka_ros2_ws/install/franka_hardware:/home/simi/franka_ros2_ws/install/messages_fr3:/home/simi/franka_ros2_ws/install/franka_msgs:/home/simi/franka_ros2_ws/install/franka_description:/home/simi/franka_ros2_ws/install/cartesian_impedance_control:/home/simi/franka_ros2_ws/install/joint_trajectory_controller:/home/simi/franka_ros2_ws/install/integration_launch_testing:/home/simi/franka_ros2_ws/install/franka_bringup:/home/simi/franka_ros2_ws/install/franka_example_controllers:/home/simi/franka_ros2_ws/install/franka_moveit_config:/home/simi/franka_ros2_ws/install/franka_gripper:/home/simi/franka_ros2_ws/install/realtime_plot_of_data:/opt/ros/humble LD_LIBRARY_PATH=/home/simi/franka_ros2_ws/install/franka_robot_state_broadcaster/lib:/home/simi/franka_ros2_ws/install/franka_semantic_components/lib:/home/simi/franka_ros2_ws/install/franka_hardware/lib:/home/simi/franka_ros2_ws/install/messages_fr3/lib:/home/simi/franka_ros2_ws/install/franka_msgs/lib:/home/simi/franka_ros2_ws/install/cartesian_impedance_control/lib:/home/simi/franka_ros2_ws/install/joint_trajectory_controller/lib:/home/simi/franka_ros2_ws/install/integration_launch_testing/lib:/home/simi/franka_ros2_ws/install/franka_example_controllers/lib:/home/simi/franka_ros2_ws/install/franka_gripper/lib:/opt/ros/humble/opt/rviz_ogre_vendor/lib:/opt/ros/humble/lib/x86_64-linux-gnu:/opt/ros/humble/lib /usr/bin/cmake --install /home/simi/franka_ros2_ws/build/cartesian_impedance_control
