[01m[K/home/simi/franka_ros2_ws/src/cartesian_impedance_control/src/user_input_client.cpp:[m[K In function ‘[01m[Kint main(int, char**)[m[K’:
[01m[K/home/simi/franka_ros2_ws/src/cartesian_impedance_control/src/user_input_client.cpp:360:109:[m[K [01;31m[Kerror: [m[K‘[01m[Kstruct std::chrono::time_point<std::chrono::_V2::steady_clock, std::chrono::duration<long int, std::ratio<1, 1000000000> > >[m[K’ has no member named ‘[01m[Kcount[m[K’
  360 | s_x + amplitude * std::sin(2 * M_PI * frequency * elapsedTime.[01;31m[Kcount[m[K());
      |                                                               [01;31m[K^~~~~[m[K

[01m[K/home/simi/franka_ros2_ws/src/cartesian_impedance_control/src/user_input_client.cpp:370:46:[m[K [01;31m[Kerror: [m[K‘[01m[Kstruct std::chrono::time_point<std::chrono::_V2::steady_clock, std::chrono::duration<long int, std::ratio<1, 1000000000> > >[m[K’ has no member named ‘[01m[Kcount[m[K’
  370 |                     std::cout << elapsedTime.[01;31m[Kcount[m[K() << std::endl;
      |                                              [01;31m[K^~~~~[m[K
[01m[K/home/simi/franka_ros2_ws/src/cartesian_impedance_control/src/user_input_client.cpp:372:46:[m[K [01;31m[Kerror: [m[Kno match for ‘[01m[Koperator=[m[K’ (operand types are ‘[01m[Kstd::chrono::time_point<std::chrono::_V2::steady_clock, std::chrono::duration<long int, std::ratio<1, 1000000000> > >[m[K’ and ‘[01m[Kstd::common_type<std::chrono::duration<long int, std::ratio<1, 1000000000> >, std::chrono::duration<long int, std::ratio<1, 1000000000> > >::type[m[K’ {aka ‘[01m[Kstd::chrono::duration<long int, std::ratio<1, 1000000000> >[m[K’})
  372 |                     elapsedTime = time_now - [01;31m[Kstart_time[m[K;
      |                                              [01;31m[K^~~~~~~~~~[m[K
In file included from [01m[K/usr/include/c++/11/mutex:39[m[K,
                 from [01m[K/usr/include/c++/11/future:38[m[K,
                 from [01m[K/opt/ros/humble/include/rclcpp/rclcpp/executors.hpp:18[m[K,
                 from [01m[K/opt/ros/humble/include/rclcpp/rclcpp/rclcpp.hpp:155[m[K,
                 from [01m[K/home/simi/franka_ros2_ws/src/cartesian_impedance_control/src/user_input_client.cpp:1[m[K:
[01m[K/usr/include/c++/11/chrono:872:14:[m[K [01;36m[Knote: [m[Kcandidate: ‘[01m[Kconstexpr std::chrono::time_point<std::chrono::_V2::steady_clock, std::chrono::duration<long int, std::ratio<1, 1000000000> > >& std::chrono::time_point<std::chrono::_V2::steady_clock, std::chrono::duration<long int, std::ratio<1, 1000000000> > >::operator=(const std::chrono::time_point<std::chrono::_V2::steady_clock, std::chrono::duration<long int, std::ratio<1, 1000000000> > >&)[m[K’
  872 |       struct [01;36m[Ktime_point[m[K
      |              [01;36m[K^~~~~~~~~~[m[K
[01m[K/usr/include/c++/11/chrono:872:14:[m[K [01;36m[Knote: [m[K  no known conversion for argument 1 from ‘[01m[Kstd::common_type<std::chrono::duration<long int, std::ratio<1, 1000000000> >, std::chrono::duration<long int, std::ratio<1, 1000000000> > >::type[m[K’ {aka ‘[01m[Kstd::chrono::duration<long int, std::ratio<1, 1000000000> >[m[K’} to ‘[01m[Kconst std::chrono::time_point<std::chrono::_V2::steady_clock, std::chrono::duration<long int, std::ratio<1, 1000000000> > >&[m[K’
[01m[K/usr/include/c++/11/chrono:872:14:[m[K [01;36m[Knote: [m[Kcandidate: ‘[01m[Kconstexpr std::chrono::time_point<std::chrono::_V2::steady_clock, std::chrono::duration<long int, std::ratio<1, 1000000000> > >& std::chrono::time_point<std::chrono::_V2::steady_clock, std::chrono::duration<long int, std::ratio<1, 1000000000> > >::operator=(std::chrono::time_point<std::chrono::_V2::steady_clock, std::chrono::duration<long int, std::ratio<1, 1000000000> > >&&)[m[K’
[01m[K/usr/include/c++/11/chrono:872:14:[m[K [01;36m[Knote: [m[K  no known conversion for argument 1 from ‘[01m[Kstd::common_type<std::chrono::duration<long int, std::ratio<1, 1000000000> >, std::chrono::duration<long int, std::ratio<1, 1000000000> > >::type[m[K’ {aka ‘[01m[Kstd::chrono::duration<long int, std::ratio<1, 1000000000> >[m[K’} to ‘[01m[Kstd::chrono::time_point<std::chrono::_V2::steady_clock, std::chrono::duration<long int, std::ratio<1, 1000000000> > >&&[m[K’
[01m[K/home/simi/franka_ros2_ws/src/cartesian_impedance_control/src/user_input_client.cpp:79:9:[m[K [01;35m[Kwarning: [m[Kunused variable ‘[01m[Ktask_selection[m[K’ [[01;35m[K]8;;https://gcc.gnu.org/onlinedocs/gcc/Warning-Options.html#index-Wunused-variable-Wunused-variable]8;;[m[K]
   79 |     int [01;35m[Ktask_selection[m[K, param_selection;
      |         [01;35m[K^~~~~~~~~~~~~~[m[K
[01m[K/home/simi/franka_ros2_ws/src/cartesian_impedance_control/src/user_input_client.cpp:79:25:[m[K [01;35m[Kwarning: [m[Kunused variable ‘[01m[Kparam_selection[m[K’ [[01;35m[K]8;;https://gcc.gnu.org/onlinedocs/gcc/Warning-Options.html#index-Wunused-variable-Wunused-variable]8;;[m[K]
   79 |     int task_selection, [01;35m[Kparam_selection[m[K;
      |                         [01;35m[K^~~~~~~~~~~~~~~[m[K
gmake[2]: *** [CMakeFiles/user_input_client.dir/build.make:76: CMakeFiles/user_input_client.dir/src/user_input_client.cpp.o] Error 1
gmake[1]: *** [CMakeFiles/Makefile2:169: CMakeFiles/user_input_client.dir/all] Error 2
gmake: *** [Makefile:146: all] Error 2
