[  1%] Built target messages_fr3__cpp
[ 12%] Built target messages_fr3__rosidl_generator_c
[ 12%] Built target ament_cmake_python_copy_messages_fr3
[ 23%] Built target messages_fr3__rosidl_typesupport_cpp
[ 34%] Built target messages_fr3__rosidl_typesupport_introspection_cpp
[ 45%] Built target messages_fr3__rosidl_typesupport_fastrtps_cpp
[ 65%] Built target messages_fr3__rosidl_typesupport_fastrtps_c
[ 67%] Built target messages_fr3__rosidl_typesupport_c
[ 78%] Built target messages_fr3__rosidl_typesupport_introspection_c
[ 78%] Built target messages_fr3
[ 80%] Built target messages_fr3__py
[ 89%] Built target messages_fr3__rosidl_generator_py
[ 92%] Built target messages_fr3__rosidl_typesupport_c__pyext
[100%] Built target messages_fr3__rosidl_typesupport_fastrtps_c__pyext
[100%] Built target messages_fr3__rosidl_typesupport_introspection_c__pyext
running egg_info
writing messages_fr3.egg-info/PKG-INFO
writing dependency_links to messages_fr3.egg-info/dependency_links.txt
writing top-level names to messages_fr3.egg-info/top_level.txt
reading manifest file 'messages_fr3.egg-info/SOURCES.txt'
writing manifest file 'messages_fr3.egg-info/SOURCES.txt'
[100%] Built target ament_cmake_python_build_messages_fr3_egg
-- Install configuration: "Release"
-- Up-to-date: /home/simi/franka_ros2_ws/install/messages_fr3/share/ament_index/resource_index/rosidl_interfaces/messages_fr3
-- Up-to-date: /home/simi/franka_ros2_ws/install/messages_fr3/include/messages_fr3/messages_fr3
-- Up-to-date: /home/simi/franka_ros2_ws/install/messages_fr3/include/messages_fr3/messages_fr3/srv
-- Up-to-date: /home/simi/franka_ros2_ws/install/messages_fr3/include/messages_fr3/messages_fr3/srv/detail
-- Up-to-date: /home/simi/franka_ros2_ws/install/messages_fr3/include/messages_fr3/messages_fr3/srv/detail/set_param__type_support.h
-- Up-to-date: /home/simi/franka_ros2_ws/install/messages_fr3/include/messages_fr3/messages_fr3/srv/detail/set_force__functions.h
-- Up-to-date: /home/simi/franka_ros2_ws/install/messages_fr3/include/messages_fr3/messages_fr3/srv/detail/set_param__functions.c
-- Up-to-date: /home/simi/franka_ros2_ws/install/messages_fr3/include/messages_fr3/messages_fr3/srv/detail/set_mode__type_support.h
-- Up-to-date: /home/simi/franka_ros2_ws/install/messages_fr3/include/messages_fr3/messages_fr3/srv/detail/set_force__struct.h
-- Up-to-date: /home/simi/franka_ros2_ws/install/messages_fr3/include/messages_fr3/messages_fr3/srv/detail/set_param__struct.h
-- Up-to-date: /home/simi/franka_ros2_ws/install/messages_fr3/include/messages_fr3/messages_fr3/srv/detail/set_mode__functions.h
-- Up-to-date: /home/simi/franka_ros2_ws/install/messages_fr3/include/messages_fr3/messages_fr3/srv/detail/set_param__functions.h
-- Up-to-date: /home/simi/franka_ros2_ws/install/messages_fr3/include/messages_fr3/messages_fr3/srv/detail/set_pose__functions.c
-- Up-to-date: /home/simi/franka_ros2_ws/install/messages_fr3/include/messages_fr3/messages_fr3/srv/detail/set_mode__functions.c
-- Up-to-date: /home/simi/franka_ros2_ws/install/messages_fr3/include/messages_fr3/messages_fr3/srv/detail/set_pose__struct.h
-- Up-to-date: /home/simi/franka_ros2_ws/install/messages_fr3/include/messages_fr3/messages_fr3/srv/detail/set_force__type_support.h
-- Up-to-date: /home/simi/franka_ros2_ws/install/messages_fr3/include/messages_fr3/messages_fr3/srv/detail/set_pose__functions.h
-- Up-to-date: /home/simi/franka_ros2_ws/install/messages_fr3/include/messages_fr3/messages_fr3/srv/detail/set_force__functions.c
-- Up-to-date: /home/simi/franka_ros2_ws/install/messages_fr3/include/messages_fr3/messages_fr3/srv/detail/set_pose__type_support.h
-- Up-to-date: /home/simi/franka_ros2_ws/install/messages_fr3/include/messages_fr3/messages_fr3/srv/detail/set_mode__struct.h
-- Up-to-date: /home/simi/franka_ros2_ws/install/messages_fr3/include/messages_fr3/messages_fr3/srv/set_mode.h
-- Up-to-date: /home/simi/franka_ros2_ws/install/messages_fr3/include/messages_fr3/messages_fr3/srv/set_force.h
-- Up-to-date: /home/simi/franka_ros2_ws/install/messages_fr3/include/messages_fr3/messages_fr3/srv/set_param.h
-- Up-to-date: /home/simi/franka_ros2_ws/install/messages_fr3/include/messages_fr3/messages_fr3/srv/set_pose.h
-- Up-to-date: /home/simi/franka_ros2_ws/install/messages_fr3/include/messages_fr3/messages_fr3/msg
-- Up-to-date: /home/simi/franka_ros2_ws/install/messages_fr3/include/messages_fr3/messages_fr3/msg/rosidl_generator_c__visibility_control.h
-- Up-to-date: /home/simi/franka_ros2_ws/install/messages_fr3/share/messages_fr3/environment/library_path.sh
-- Up-to-date: /home/simi/franka_ros2_ws/install/messages_fr3/share/messages_fr3/environment/library_path.dsv
-- Up-to-date: /home/simi/franka_ros2_ws/install/messages_fr3/lib/libmessages_fr3__rosidl_generator_c.so
-- Up-to-date: /home/simi/franka_ros2_ws/install/messages_fr3/include/messages_fr3/messages_fr3
-- Up-to-date: /home/simi/franka_ros2_ws/install/messages_fr3/include/messages_fr3/messages_fr3/srv
-- Up-to-date: /home/simi/franka_ros2_ws/install/messages_fr3/include/messages_fr3/messages_fr3/srv/detail
-- Up-to-date: /home/simi/franka_ros2_ws/install/messages_fr3/include/messages_fr3/messages_fr3/srv/detail/set_param__rosidl_typesupport_fastrtps_c.h
-- Up-to-date: /home/simi/franka_ros2_ws/install/messages_fr3/include/messages_fr3/messages_fr3/srv/detail/set_mode__rosidl_typesupport_fastrtps_c.h
-- Up-to-date: /home/simi/franka_ros2_ws/install/messages_fr3/include/messages_fr3/messages_fr3/srv/detail/set_force__rosidl_typesupport_fastrtps_c.h
-- Up-to-date: /home/simi/franka_ros2_ws/install/messages_fr3/include/messages_fr3/messages_fr3/srv/detail/set_pose__rosidl_typesupport_fastrtps_c.h
-- Up-to-date: /home/simi/franka_ros2_ws/install/messages_fr3/include/messages_fr3/messages_fr3/msg
-- Up-to-date: /home/simi/franka_ros2_ws/install/messages_fr3/include/messages_fr3/messages_fr3/msg/rosidl_typesupport_fastrtps_c__visibility_control.h
-- Up-to-date: /home/simi/franka_ros2_ws/install/messages_fr3/lib/libmessages_fr3__rosidl_typesupport_fastrtps_c.so
-- Up-to-date: /home/simi/franka_ros2_ws/install/messages_fr3/include/messages_fr3/messages_fr3
-- Up-to-date: /home/simi/franka_ros2_ws/install/messages_fr3/include/messages_fr3/messages_fr3/srv
-- Up-to-date: /home/simi/franka_ros2_ws/install/messages_fr3/include/messages_fr3/messages_fr3/srv/detail
-- Up-to-date: /home/simi/franka_ros2_ws/install/messages_fr3/include/messages_fr3/messages_fr3/srv/detail/set_mode__rosidl_typesupport_introspection_c.h
-- Up-to-date: /home/simi/franka_ros2_ws/install/messages_fr3/include/messages_fr3/messages_fr3/srv/detail/set_param__rosidl_typesupport_introspection_c.h
-- Up-to-date: /home/simi/franka_ros2_ws/install/messages_fr3/include/messages_fr3/messages_fr3/srv/detail/set_force__type_support.c
-- Up-to-date: /home/simi/franka_ros2_ws/install/messages_fr3/include/messages_fr3/messages_fr3/srv/detail/set_pose__rosidl_typesupport_introspection_c.h
-- Up-to-date: /home/simi/franka_ros2_ws/install/messages_fr3/include/messages_fr3/messages_fr3/srv/detail/set_force__rosidl_typesupport_introspection_c.h
-- Up-to-date: /home/simi/franka_ros2_ws/install/messages_fr3/include/messages_fr3/messages_fr3/srv/detail/set_pose__type_support.c
-- Up-to-date: /home/simi/franka_ros2_ws/install/messages_fr3/include/messages_fr3/messages_fr3/srv/detail/set_mode__type_support.c
-- Up-to-date: /home/simi/franka_ros2_ws/install/messages_fr3/include/messages_fr3/messages_fr3/srv/detail/set_param__type_support.c
-- Up-to-date: /home/simi/franka_ros2_ws/install/messages_fr3/include/messages_fr3/messages_fr3/msg
-- Up-to-date: /home/simi/franka_ros2_ws/install/messages_fr3/include/messages_fr3/messages_fr3/msg/rosidl_typesupport_introspection_c__visibility_control.h
-- Up-to-date: /home/simi/franka_ros2_ws/install/messages_fr3/lib/libmessages_fr3__rosidl_typesupport_introspection_c.so
-- Up-to-date: /home/simi/franka_ros2_ws/install/messages_fr3/lib/libmessages_fr3__rosidl_typesupport_c.so
-- Up-to-date: /home/simi/franka_ros2_ws/install/messages_fr3/include/messages_fr3/messages_fr3
-- Up-to-date: /home/simi/franka_ros2_ws/install/messages_fr3/include/messages_fr3/messages_fr3/srv
-- Up-to-date: /home/simi/franka_ros2_ws/install/messages_fr3/include/messages_fr3/messages_fr3/srv/detail
-- Up-to-date: /home/simi/franka_ros2_ws/install/messages_fr3/include/messages_fr3/messages_fr3/srv/detail/set_mode__struct.hpp
-- Up-to-date: /home/simi/franka_ros2_ws/install/messages_fr3/include/messages_fr3/messages_fr3/srv/detail/set_mode__builder.hpp
-- Up-to-date: /home/simi/franka_ros2_ws/install/messages_fr3/include/messages_fr3/messages_fr3/srv/detail/set_force__builder.hpp
-- Up-to-date: /home/simi/franka_ros2_ws/install/messages_fr3/include/messages_fr3/messages_fr3/srv/detail/set_param__struct.hpp
-- Up-to-date: /home/simi/franka_ros2_ws/install/messages_fr3/include/messages_fr3/messages_fr3/srv/detail/set_pose__builder.hpp
-- Up-to-date: /home/simi/franka_ros2_ws/install/messages_fr3/include/messages_fr3/messages_fr3/srv/detail/set_pose__traits.hpp
-- Up-to-date: /home/simi/franka_ros2_ws/install/messages_fr3/include/messages_fr3/messages_fr3/srv/detail/set_pose__struct.hpp
-- Up-to-date: /home/simi/franka_ros2_ws/install/messages_fr3/include/messages_fr3/messages_fr3/srv/detail/set_force__struct.hpp
-- Up-to-date: /home/simi/franka_ros2_ws/install/messages_fr3/include/messages_fr3/messages_fr3/srv/detail/set_param__traits.hpp
-- Up-to-date: /home/simi/franka_ros2_ws/install/messages_fr3/include/messages_fr3/messages_fr3/srv/detail/set_param__builder.hpp
-- Up-to-date: /home/simi/franka_ros2_ws/install/messages_fr3/include/messages_fr3/messages_fr3/srv/detail/set_mode__traits.hpp
-- Up-to-date: /home/simi/franka_ros2_ws/install/messages_fr3/include/messages_fr3/messages_fr3/srv/detail/set_force__traits.hpp
-- Up-to-date: /home/simi/franka_ros2_ws/install/messages_fr3/include/messages_fr3/messages_fr3/srv/set_mode.hpp
-- Up-to-date: /home/simi/franka_ros2_ws/install/messages_fr3/include/messages_fr3/messages_fr3/srv/set_param.hpp
-- Up-to-date: /home/simi/franka_ros2_ws/install/messages_fr3/include/messages_fr3/messages_fr3/srv/set_pose.hpp
-- Up-to-date: /home/simi/franka_ros2_ws/install/messages_fr3/include/messages_fr3/messages_fr3/srv/set_force.hpp
-- Up-to-date: /home/simi/franka_ros2_ws/install/messages_fr3/include/messages_fr3/messages_fr3
-- Up-to-date: /home/simi/franka_ros2_ws/install/messages_fr3/include/messages_fr3/messages_fr3/srv
-- Up-to-date: /home/simi/franka_ros2_ws/install/messages_fr3/include/messages_fr3/messages_fr3/srv/detail
-- Up-to-date: /home/simi/franka_ros2_ws/install/messages_fr3/include/messages_fr3/messages_fr3/srv/detail/set_pose__rosidl_typesupport_fastrtps_cpp.hpp
-- Up-to-date: /home/simi/franka_ros2_ws/install/messages_fr3/include/messages_fr3/messages_fr3/srv/detail/set_param__rosidl_typesupport_fastrtps_cpp.hpp
-- Up-to-date: /home/simi/franka_ros2_ws/install/messages_fr3/include/messages_fr3/messages_fr3/srv/detail/set_mode__rosidl_typesupport_fastrtps_cpp.hpp
-- Up-to-date: /home/simi/franka_ros2_ws/install/messages_fr3/include/messages_fr3/messages_fr3/srv/detail/set_force__rosidl_typesupport_fastrtps_cpp.hpp
-- Up-to-date: /home/simi/franka_ros2_ws/install/messages_fr3/include/messages_fr3/messages_fr3/srv/detail/dds_fastrtps
-- Up-to-date: /home/simi/franka_ros2_ws/install/messages_fr3/include/messages_fr3/messages_fr3/msg
-- Up-to-date: /home/simi/franka_ros2_ws/install/messages_fr3/include/messages_fr3/messages_fr3/msg/rosidl_typesupport_fastrtps_cpp__visibility_control.h
-- Up-to-date: /home/simi/franka_ros2_ws/install/messages_fr3/lib/libmessages_fr3__rosidl_typesupport_fastrtps_cpp.so
-- Up-to-date: /home/simi/franka_ros2_ws/install/messages_fr3/include/messages_fr3/messages_fr3
-- Up-to-date: /home/simi/franka_ros2_ws/install/messages_fr3/include/messages_fr3/messages_fr3/srv
-- Up-to-date: /home/simi/franka_ros2_ws/install/messages_fr3/include/messages_fr3/messages_fr3/srv/detail
-- Up-to-date: /home/simi/franka_ros2_ws/install/messages_fr3/include/messages_fr3/messages_fr3/srv/detail/set_param__rosidl_typesupport_introspection_cpp.hpp
-- Up-to-date: /home/simi/franka_ros2_ws/install/messages_fr3/include/messages_fr3/messages_fr3/srv/detail/set_pose__rosidl_typesupport_introspection_cpp.hpp
-- Up-to-date: /home/simi/franka_ros2_ws/install/messages_fr3/include/messages_fr3/messages_fr3/srv/detail/set_mode__type_support.cpp
-- Up-to-date: /home/simi/franka_ros2_ws/install/messages_fr3/include/messages_fr3/messages_fr3/srv/detail/set_mode__rosidl_typesupport_introspection_cpp.hpp
-- Up-to-date: /home/simi/franka_ros2_ws/install/messages_fr3/include/messages_fr3/messages_fr3/srv/detail/set_force__type_support.cpp
-- Up-to-date: /home/simi/franka_ros2_ws/install/messages_fr3/include/messages_fr3/messages_fr3/srv/detail/set_param__type_support.cpp
-- Up-to-date: /home/simi/franka_ros2_ws/install/messages_fr3/include/messages_fr3/messages_fr3/srv/detail/set_pose__type_support.cpp
-- Up-to-date: /home/simi/franka_ros2_ws/install/messages_fr3/include/messages_fr3/messages_fr3/srv/detail/set_force__rosidl_typesupport_introspection_cpp.hpp
-- Up-to-date: /home/simi/franka_ros2_ws/install/messages_fr3/lib/libmessages_fr3__rosidl_typesupport_introspection_cpp.so
-- Up-to-date: /home/simi/franka_ros2_ws/install/messages_fr3/lib/libmessages_fr3__rosidl_typesupport_cpp.so
-- Up-to-date: /home/simi/franka_ros2_ws/install/messages_fr3/share/messages_fr3/environment/pythonpath.sh
-- Up-to-date: /home/simi/franka_ros2_ws/install/messages_fr3/share/messages_fr3/environment/pythonpath.dsv
-- Up-to-date: /home/simi/franka_ros2_ws/install/messages_fr3/local/lib/python3.10/dist-packages/messages_fr3-0.0.0-py3.10.egg-info
-- Installing: /home/simi/franka_ros2_ws/install/messages_fr3/local/lib/python3.10/dist-packages/messages_fr3-0.0.0-py3.10.egg-info/dependency_links.txt
-- Installing: /home/simi/franka_ros2_ws/install/messages_fr3/local/lib/python3.10/dist-packages/messages_fr3-0.0.0-py3.10.egg-info/top_level.txt
-- Installing: /home/simi/franka_ros2_ws/install/messages_fr3/local/lib/python3.10/dist-packages/messages_fr3-0.0.0-py3.10.egg-info/PKG-INFO
-- Installing: /home/simi/franka_ros2_ws/install/messages_fr3/local/lib/python3.10/dist-packages/messages_fr3-0.0.0-py3.10.egg-info/SOURCES.txt
-- Up-to-date: /home/simi/franka_ros2_ws/install/messages_fr3/local/lib/python3.10/dist-packages/messages_fr3
-- Up-to-date: /home/simi/franka_ros2_ws/install/messages_fr3/local/lib/python3.10/dist-packages/messages_fr3/__init__.py
-- Up-to-date: /home/simi/franka_ros2_ws/install/messages_fr3/local/lib/python3.10/dist-packages/messages_fr3/messages_fr3_s__rosidl_typesupport_introspection_c.cpython-310-x86_64-linux-gnu.so
-- Up-to-date: /home/simi/franka_ros2_ws/install/messages_fr3/local/lib/python3.10/dist-packages/messages_fr3/messages_fr3_s__rosidl_typesupport_c.cpython-310-x86_64-linux-gnu.so
-- Up-to-date: /home/simi/franka_ros2_ws/install/messages_fr3/local/lib/python3.10/dist-packages/messages_fr3/libmessages_fr3__rosidl_generator_py.so
-- Up-to-date: /home/simi/franka_ros2_ws/install/messages_fr3/local/lib/python3.10/dist-packages/messages_fr3/srv
-- Up-to-date: /home/simi/franka_ros2_ws/install/messages_fr3/local/lib/python3.10/dist-packages/messages_fr3/srv/_set_param_s.c
-- Up-to-date: /home/simi/franka_ros2_ws/install/messages_fr3/local/lib/python3.10/dist-packages/messages_fr3/srv/_set_mode_s.c
-- Up-to-date: /home/simi/franka_ros2_ws/install/messages_fr3/local/lib/python3.10/dist-packages/messages_fr3/srv/__init__.py
-- Up-to-date: /home/simi/franka_ros2_ws/install/messages_fr3/local/lib/python3.10/dist-packages/messages_fr3/srv/_set_mode.py
-- Up-to-date: /home/simi/franka_ros2_ws/install/messages_fr3/local/lib/python3.10/dist-packages/messages_fr3/srv/_set_pose.py
-- Up-to-date: /home/simi/franka_ros2_ws/install/messages_fr3/local/lib/python3.10/dist-packages/messages_fr3/srv/_set_force_s.c
-- Up-to-date: /home/simi/franka_ros2_ws/install/messages_fr3/local/lib/python3.10/dist-packages/messages_fr3/srv/_set_pose_s.c
-- Up-to-date: /home/simi/franka_ros2_ws/install/messages_fr3/local/lib/python3.10/dist-packages/messages_fr3/srv/_set_force.py
-- Up-to-date: /home/simi/franka_ros2_ws/install/messages_fr3/local/lib/python3.10/dist-packages/messages_fr3/srv/_set_param.py
-- Up-to-date: /home/simi/franka_ros2_ws/install/messages_fr3/local/lib/python3.10/dist-packages/messages_fr3/_messages_fr3_s.ep.rosidl_typesupport_c.c
-- Up-to-date: /home/simi/franka_ros2_ws/install/messages_fr3/local/lib/python3.10/dist-packages/messages_fr3/_messages_fr3_s.ep.rosidl_typesupport_fastrtps_c.c
-- Up-to-date: /home/simi/franka_ros2_ws/install/messages_fr3/local/lib/python3.10/dist-packages/messages_fr3/messages_fr3_s__rosidl_typesupport_fastrtps_c.cpython-310-x86_64-linux-gnu.so
-- Up-to-date: /home/simi/franka_ros2_ws/install/messages_fr3/local/lib/python3.10/dist-packages/messages_fr3/_messages_fr3_s.ep.rosidl_typesupport_introspection_c.c
Listing '/home/simi/franka_ros2_ws/install/messages_fr3/local/lib/python3.10/dist-packages/messages_fr3'...
Listing '/home/simi/franka_ros2_ws/install/messages_fr3/local/lib/python3.10/dist-packages/messages_fr3/srv'...
-- Up-to-date: /home/simi/franka_ros2_ws/install/messages_fr3/local/lib/python3.10/dist-packages/messages_fr3/messages_fr3_s__rosidl_typesupport_fastrtps_c.cpython-310-x86_64-linux-gnu.so
-- Up-to-date: /home/simi/franka_ros2_ws/install/messages_fr3/local/lib/python3.10/dist-packages/messages_fr3/messages_fr3_s__rosidl_typesupport_introspection_c.cpython-310-x86_64-linux-gnu.so
-- Up-to-date: /home/simi/franka_ros2_ws/install/messages_fr3/local/lib/python3.10/dist-packages/messages_fr3/messages_fr3_s__rosidl_typesupport_c.cpython-310-x86_64-linux-gnu.so
-- Up-to-date: /home/simi/franka_ros2_ws/install/messages_fr3/lib/libmessages_fr3__rosidl_generator_py.so
-- Up-to-date: /home/simi/franka_ros2_ws/install/messages_fr3/share/messages_fr3/srv/SetPose.idl
-- Up-to-date: /home/simi/franka_ros2_ws/install/messages_fr3/share/messages_fr3/srv/SetParam.idl
-- Up-to-date: /home/simi/franka_ros2_ws/install/messages_fr3/share/messages_fr3/srv/SetForce.idl
-- Up-to-date: /home/simi/franka_ros2_ws/install/messages_fr3/share/messages_fr3/srv/SetMode.idl
-- Up-to-date: /home/simi/franka_ros2_ws/install/messages_fr3/share/messages_fr3/srv/SetPose.srv
-- Up-to-date: /home/simi/franka_ros2_ws/install/messages_fr3/share/messages_fr3/srv/SetPose_Request.msg
-- Up-to-date: /home/simi/franka_ros2_ws/install/messages_fr3/share/messages_fr3/srv/SetPose_Response.msg
-- Up-to-date: /home/simi/franka_ros2_ws/install/messages_fr3/share/messages_fr3/srv/SetParam.srv
-- Up-to-date: /home/simi/franka_ros2_ws/install/messages_fr3/share/messages_fr3/srv/SetParam_Request.msg
-- Up-to-date: /home/simi/franka_ros2_ws/install/messages_fr3/share/messages_fr3/srv/SetParam_Response.msg
-- Up-to-date: /home/simi/franka_ros2_ws/install/messages_fr3/share/messages_fr3/srv/SetForce.srv
-- Up-to-date: /home/simi/franka_ros2_ws/install/messages_fr3/share/messages_fr3/srv/SetForce_Request.msg
-- Up-to-date: /home/simi/franka_ros2_ws/install/messages_fr3/share/messages_fr3/srv/SetForce_Response.msg
-- Up-to-date: /home/simi/franka_ros2_ws/install/messages_fr3/share/messages_fr3/srv/SetMode.srv
-- Up-to-date: /home/simi/franka_ros2_ws/install/messages_fr3/share/messages_fr3/srv/SetMode_Request.msg
-- Up-to-date: /home/simi/franka_ros2_ws/install/messages_fr3/share/messages_fr3/srv/SetMode_Response.msg
-- Up-to-date: /home/simi/franka_ros2_ws/install/messages_fr3/share/ament_index/resource_index/package_run_dependencies/messages_fr3
-- Up-to-date: /home/simi/franka_ros2_ws/install/messages_fr3/share/ament_index/resource_index/parent_prefix_path/messages_fr3
-- Up-to-date: /home/simi/franka_ros2_ws/install/messages_fr3/share/messages_fr3/environment/ament_prefix_path.sh
-- Up-to-date: /home/simi/franka_ros2_ws/install/messages_fr3/share/messages_fr3/environment/ament_prefix_path.dsv
-- Up-to-date: /home/simi/franka_ros2_ws/install/messages_fr3/share/messages_fr3/environment/path.sh
-- Up-to-date: /home/simi/franka_ros2_ws/install/messages_fr3/share/messages_fr3/environment/path.dsv
-- Up-to-date: /home/simi/franka_ros2_ws/install/messages_fr3/share/messages_fr3/local_setup.bash
-- Up-to-date: /home/simi/franka_ros2_ws/install/messages_fr3/share/messages_fr3/local_setup.sh
-- Up-to-date: /home/simi/franka_ros2_ws/install/messages_fr3/share/messages_fr3/local_setup.zsh
-- Up-to-date: /home/simi/franka_ros2_ws/install/messages_fr3/share/messages_fr3/local_setup.dsv
-- Installing: /home/simi/franka_ros2_ws/install/messages_fr3/share/messages_fr3/package.dsv
-- Up-to-date: /home/simi/franka_ros2_ws/install/messages_fr3/share/ament_index/resource_index/packages/messages_fr3
-- Up-to-date: /home/simi/franka_ros2_ws/install/messages_fr3/share/messages_fr3/cmake/export_messages_fr3__rosidl_generator_cExport.cmake
-- Up-to-date: /home/simi/franka_ros2_ws/install/messages_fr3/share/messages_fr3/cmake/export_messages_fr3__rosidl_generator_cExport-release.cmake
-- Up-to-date: /home/simi/franka_ros2_ws/install/messages_fr3/share/messages_fr3/cmake/export_messages_fr3__rosidl_typesupport_fastrtps_cExport.cmake
-- Up-to-date: /home/simi/franka_ros2_ws/install/messages_fr3/share/messages_fr3/cmake/export_messages_fr3__rosidl_typesupport_fastrtps_cExport-release.cmake
-- Up-to-date: /home/simi/franka_ros2_ws/install/messages_fr3/share/messages_fr3/cmake/messages_fr3__rosidl_typesupport_introspection_cExport.cmake
-- Up-to-date: /home/simi/franka_ros2_ws/install/messages_fr3/share/messages_fr3/cmake/messages_fr3__rosidl_typesupport_introspection_cExport-release.cmake
-- Up-to-date: /home/simi/franka_ros2_ws/install/messages_fr3/share/messages_fr3/cmake/messages_fr3__rosidl_typesupport_cExport.cmake
-- Up-to-date: /home/simi/franka_ros2_ws/install/messages_fr3/share/messages_fr3/cmake/messages_fr3__rosidl_typesupport_cExport-release.cmake
-- Up-to-date: /home/simi/franka_ros2_ws/install/messages_fr3/share/messages_fr3/cmake/export_messages_fr3__rosidl_generator_cppExport.cmake
-- Up-to-date: /home/simi/franka_ros2_ws/install/messages_fr3/share/messages_fr3/cmake/export_messages_fr3__rosidl_typesupport_fastrtps_cppExport.cmake
-- Up-to-date: /home/simi/franka_ros2_ws/install/messages_fr3/share/messages_fr3/cmake/export_messages_fr3__rosidl_typesupport_fastrtps_cppExport-release.cmake
-- Up-to-date: /home/simi/franka_ros2_ws/install/messages_fr3/share/messages_fr3/cmake/messages_fr3__rosidl_typesupport_introspection_cppExport.cmake
-- Up-to-date: /home/simi/franka_ros2_ws/install/messages_fr3/share/messages_fr3/cmake/messages_fr3__rosidl_typesupport_introspection_cppExport-release.cmake
-- Up-to-date: /home/simi/franka_ros2_ws/install/messages_fr3/share/messages_fr3/cmake/messages_fr3__rosidl_typesupport_cppExport.cmake
-- Up-to-date: /home/simi/franka_ros2_ws/install/messages_fr3/share/messages_fr3/cmake/messages_fr3__rosidl_typesupport_cppExport-release.cmake
-- Up-to-date: /home/simi/franka_ros2_ws/install/messages_fr3/share/messages_fr3/cmake/export_messages_fr3__rosidl_generator_pyExport.cmake
-- Up-to-date: /home/simi/franka_ros2_ws/install/messages_fr3/share/messages_fr3/cmake/export_messages_fr3__rosidl_generator_pyExport-release.cmake
-- Up-to-date: /home/simi/franka_ros2_ws/install/messages_fr3/share/messages_fr3/cmake/rosidl_cmake-extras.cmake
-- Up-to-date: /home/simi/franka_ros2_ws/install/messages_fr3/share/messages_fr3/cmake/ament_cmake_export_dependencies-extras.cmake
-- Up-to-date: /home/simi/franka_ros2_ws/install/messages_fr3/share/messages_fr3/cmake/ament_cmake_export_include_directories-extras.cmake
-- Up-to-date: /home/simi/franka_ros2_ws/install/messages_fr3/share/messages_fr3/cmake/ament_cmake_export_libraries-extras.cmake
-- Up-to-date: /home/simi/franka_ros2_ws/install/messages_fr3/share/messages_fr3/cmake/ament_cmake_export_targets-extras.cmake
-- Up-to-date: /home/simi/franka_ros2_ws/install/messages_fr3/share/messages_fr3/cmake/rosidl_cmake_export_typesupport_targets-extras.cmake
-- Up-to-date: /home/simi/franka_ros2_ws/install/messages_fr3/share/messages_fr3/cmake/rosidl_cmake_export_typesupport_libraries-extras.cmake
-- Up-to-date: /home/simi/franka_ros2_ws/install/messages_fr3/share/messages_fr3/cmake/messages_fr3Config.cmake
-- Up-to-date: /home/simi/franka_ros2_ws/install/messages_fr3/share/messages_fr3/cmake/messages_fr3Config-version.cmake
-- Up-to-date: /home/simi/franka_ros2_ws/install/messages_fr3/share/messages_fr3/package.xml
