[0.027s] Invoking command in '/home/simi/franka_ros2_ws/build/cartesian_impedance_control': AMENT_PREFIX_PATH=/home/simi/franka_ros2_ws/install/franka_robot_state_broadcaster:/home/simi/franka_ros2_ws/install/franka_semantic_components:/home/simi/franka_ros2_ws/install/franka_hardware:/home/simi/franka_ros2_ws/install/franka_msgs:/home/simi/franka_ros2_ws/install/franka_description:${AMENT_PREFIX_PATH} CMAKE_PREFIX_PATH=/home/simi/franka_ros2_ws/install/franka_robot_state_broadcaster:/home/simi/franka_ros2_ws/install/franka_semantic_components:/home/simi/franka_ros2_ws/install/franka_hardware:/home/simi/franka_ros2_ws/install/franka_msgs:/home/simi/franka_ros2_ws/install/franka_description:/home/simi/Documents/Bachelor_Arbeit/BA_Force_Control/install/joint_trajectory_controller:/home/simi/Documents/Bachelor_Arbeit/BA_Force_Control/install/integration_launch_testing:/home/simi/Documents/Bachelor_Arbeit/BA_Force_Control/install/franka_bringup:/home/simi/Documents/Bachelor_Arbeit/BA_Force_Control/install/franka_robot_state_broadcaster:/home/simi/Documents/Bachelor_Arbeit/BA_Force_Control/install/franka_example_controllers:/home/simi/Documents/Bachelor_Arbeit/BA_Force_Control/install/franka_semantic_components:/home/simi/Documents/Bachelor_Arbeit/BA_Force_Control/install/franka_moveit_config:/home/simi/Documents/Bachelor_Arbeit/BA_Force_Control/install/franka_hardware:/home/simi/Documents/Bachelor_Arbeit/BA_Force_Control/install/franka_gripper:/home/simi/Documents/Bachelor_Arbeit/BA_Force_Control/install/franka_msgs:/home/simi/Documents/Bachelor_Arbeit/BA_Force_Control/install/franka_description:/opt/ros/humble LD_LIBRARY_PATH=/home/simi/franka_ros2_ws/install/franka_robot_state_broadcaster/lib:/home/simi/franka_ros2_ws/install/franka_semantic_components/lib:/home/simi/franka_ros2_ws/install/franka_hardware/lib:/home/simi/franka_ros2_ws/install/franka_msgs/lib:${LD_LIBRARY_PATH} PYTHONPATH=/home/simi/franka_ros2_ws/install/franka_msgs/local/lib/python3.10/dist-packages:${PYTHONPATH} /usr/bin/cmake /home/simi/franka_ros2_ws/src/cartesian_impedance_control -DCMAKE_INSTALL_PREFIX=/home/simi/franka_ros2_ws/install/cartesian_impedance_control
[0.040s] -- Found ament_cmake: 1.3.8 (/opt/ros/humble/share/ament_cmake/cmake)
[0.161s] -- Found rclcpp: 16.0.8 (/opt/ros/humble/share/rclcpp/cmake)
[0.189s] -- Found rosidl_generator_c: 3.1.5 (/opt/ros/humble/share/rosidl_generator_c/cmake)
[0.191s] -- Found rosidl_adapter: 3.1.5 (/opt/ros/humble/share/rosidl_adapter/cmake)
[0.196s] -- Found rosidl_generator_cpp: 3.1.5 (/opt/ros/humble/share/rosidl_generator_cpp/cmake)
[0.206s] -- Using all available rosidl_typesupport_c: rosidl_typesupport_fastrtps_c;rosidl_typesupport_introspection_c
[0.221s] -- Using all available rosidl_typesupport_cpp: rosidl_typesupport_fastrtps_cpp;rosidl_typesupport_introspection_cpp
[0.270s] -- Found rmw_implementation_cmake: 6.1.1 (/opt/ros/humble/share/rmw_implementation_cmake/cmake)
[0.271s] -- Found rmw_fastrtps_cpp: 6.2.6 (/opt/ros/humble/share/rmw_fastrtps_cpp/cmake)
[0.415s] -- Using RMW implementation 'rmw_fastrtps_cpp' as default
[0.545s] -- Found controller_interface: 2.40.0 (/opt/ros/humble/share/controller_interface/cmake)
[1.093s] -- Found franka_msgs: 0.1.13 (/home/simi/franka_ros2_ws/install/franka_msgs/share/franka_msgs/cmake)
[1.224s] -- Found franka_semantic_components: 0.1.0 (/home/simi/franka_ros2_ws/install/franka_semantic_components/share/franka_semantic_components/cmake)
[1.591s] -- Found generate_parameter_library: 0.3.7 (/opt/ros/humble/share/generate_parameter_library/cmake)
[1.592s] -- Found parameter_traits: 0.3.7 (/opt/ros/humble/share/parameter_traits/cmake)
[1.617s] [31mCMake Error at CMakeLists.txt:28 (find_package):
[1.617s]   By not providing "Findmessages_fr3.cmake" in CMAKE_MODULE_PATH this project
[1.617s]   has asked CMake to find a package configuration file provided by
[1.618s]   "messages_fr3", but CMake did not find one.
[1.618s] 
[1.618s]   Could not find a package configuration file provided by "messages_fr3" with
[1.618s]   any of the following names:
[1.618s] 
[1.618s]     messages_fr3Config.cmake
[1.619s]     messages_fr3-config.cmake
[1.619s] 
[1.619s]   Add the installation prefix of "messages_fr3" to CMAKE_PREFIX_PATH or set
[1.619s]   "messages_fr3_DIR" to a directory containing one of the above files.  If
[1.619s]   "messages_fr3" provides a separate development package or SDK, be sure it
[1.619s]   has been installed.
[1.619s] 
[1.620s] [0m
[1.620s] -- Configuring incomplete, errors occurred!
[1.620s] See also "/home/simi/franka_ros2_ws/build/cartesian_impedance_control/CMakeFiles/CMakeOutput.log".
[1.626s] Invoked command in '/home/simi/franka_ros2_ws/build/cartesian_impedance_control' returned '1': AMENT_PREFIX_PATH=/home/simi/franka_ros2_ws/install/franka_robot_state_broadcaster:/home/simi/franka_ros2_ws/install/franka_semantic_components:/home/simi/franka_ros2_ws/install/franka_hardware:/home/simi/franka_ros2_ws/install/franka_msgs:/home/simi/franka_ros2_ws/install/franka_description:${AMENT_PREFIX_PATH} CMAKE_PREFIX_PATH=/home/simi/franka_ros2_ws/install/franka_robot_state_broadcaster:/home/simi/franka_ros2_ws/install/franka_semantic_components:/home/simi/franka_ros2_ws/install/franka_hardware:/home/simi/franka_ros2_ws/install/franka_msgs:/home/simi/franka_ros2_ws/install/franka_description:/home/simi/Documents/Bachelor_Arbeit/BA_Force_Control/install/joint_trajectory_controller:/home/simi/Documents/Bachelor_Arbeit/BA_Force_Control/install/integration_launch_testing:/home/simi/Documents/Bachelor_Arbeit/BA_Force_Control/install/franka_bringup:/home/simi/Documents/Bachelor_Arbeit/BA_Force_Control/install/franka_robot_state_broadcaster:/home/simi/Documents/Bachelor_Arbeit/BA_Force_Control/install/franka_example_controllers:/home/simi/Documents/Bachelor_Arbeit/BA_Force_Control/install/franka_semantic_components:/home/simi/Documents/Bachelor_Arbeit/BA_Force_Control/install/franka_moveit_config:/home/simi/Documents/Bachelor_Arbeit/BA_Force_Control/install/franka_hardware:/home/simi/Documents/Bachelor_Arbeit/BA_Force_Control/install/franka_gripper:/home/simi/Documents/Bachelor_Arbeit/BA_Force_Control/install/franka_msgs:/home/simi/Documents/Bachelor_Arbeit/BA_Force_Control/install/franka_description:/opt/ros/humble LD_LIBRARY_PATH=/home/simi/franka_ros2_ws/install/franka_robot_state_broadcaster/lib:/home/simi/franka_ros2_ws/install/franka_semantic_components/lib:/home/simi/franka_ros2_ws/install/franka_hardware/lib:/home/simi/franka_ros2_ws/install/franka_msgs/lib:${LD_LIBRARY_PATH} PYTHONPATH=/home/simi/franka_ros2_ws/install/franka_msgs/local/lib/python3.10/dist-packages:${PYTHONPATH} /usr/bin/cmake /home/simi/franka_ros2_ws/src/cartesian_impedance_control -DCMAKE_INSTALL_PREFIX=/home/simi/franka_ros2_ws/install/cartesian_impedance_control
