[0.563s] Invoking command in '/home/simi/franka_ros2_ws/src/realtime_plot_of_data': PYTHONPATH=/home/simi/franka_ros2_ws/build/realtime_plot_of_data/prefix_override:/home/simi/franka_ros2_ws/install/realtime_plot_of_data/lib/python3.10/site-packages:${PYTHONPATH} /usr/bin/python3 -W ignore:setup.py install is deprecated setup.py egg_info --egg-base ../../build/realtime_plot_of_data build --build-base /home/simi/franka_ros2_ws/build/realtime_plot_of_data/build install --record /home/simi/franka_ros2_ws/build/realtime_plot_of_data/install.log --single-version-externally-managed install_data
[0.766s] running egg_info
[0.766s] writing ../../build/realtime_plot_of_data/realtime_plot_of_data.egg-info/PKG-INFO
[0.767s] writing dependency_links to ../../build/realtime_plot_of_data/realtime_plot_of_data.egg-info/dependency_links.txt
[0.767s] writing entry points to ../../build/realtime_plot_of_data/realtime_plot_of_data.egg-info/entry_points.txt
[0.767s] writing requirements to ../../build/realtime_plot_of_data/realtime_plot_of_data.egg-info/requires.txt
[0.767s] writing top-level names to ../../build/realtime_plot_of_data/realtime_plot_of_data.egg-info/top_level.txt
[0.768s] reading manifest file '../../build/realtime_plot_of_data/realtime_plot_of_data.egg-info/SOURCES.txt'
[0.769s] writing manifest file '../../build/realtime_plot_of_data/realtime_plot_of_data.egg-info/SOURCES.txt'
[0.769s] running build
[0.769s] running build_py
[0.769s] running install
[0.770s] running install_lib
[0.771s] running install_data
[0.771s] running install_egg_info
[0.772s] removing '/home/simi/franka_ros2_ws/install/realtime_plot_of_data/lib/python3.10/site-packages/realtime_plot_of_data-0.0.0-py3.10.egg-info' (and everything under it)
[0.772s] Copying ../../build/realtime_plot_of_data/realtime_plot_of_data.egg-info to /home/simi/franka_ros2_ws/install/realtime_plot_of_data/lib/python3.10/site-packages/realtime_plot_of_data-0.0.0-py3.10.egg-info
[0.773s] running install_scripts
[0.789s] Installing force_torque_plotter script to /home/simi/franka_ros2_ws/install/realtime_plot_of_data/lib/realtime_plot_of_data
[0.790s] writing list of installed files to '/home/simi/franka_ros2_ws/build/realtime_plot_of_data/install.log'
[0.821s] Invoked command in '/home/simi/franka_ros2_ws/src/realtime_plot_of_data' returned '0': PYTHONPATH=/home/simi/franka_ros2_ws/build/realtime_plot_of_data/prefix_override:/home/simi/franka_ros2_ws/install/realtime_plot_of_data/lib/python3.10/site-packages:${PYTHONPATH} /usr/bin/python3 -W ignore:setup.py install is deprecated setup.py egg_info --egg-base ../../build/realtime_plot_of_data build --build-base /home/simi/franka_ros2_ws/build/realtime_plot_of_data/build install --record /home/simi/franka_ros2_ws/build/realtime_plot_of_data/install.log --single-version-externally-managed install_data
