[0.028s] Invoking command in '/home/simi/franka_ros2_ws/build/franka_description': CMAKE_PREFIX_PATH=${CMAKE_PREFIX_PATH}:/opt/ros/humble /usr/bin/cmake --build /home/simi/franka_ros2_ws/build/franka_description -- -j16 -l16
[0.059s] -- Found ament_cmake: 1.3.9 (/opt/ros/humble/share/ament_cmake/cmake)
[0.217s] -- Found ament_lint_auto: 0.12.11 (/opt/ros/humble/share/ament_lint_auto/cmake)
[0.715s] -- Added test 'copyright' to check source files copyright and LICENSE
[0.721s] -- Added test 'flake8' to check Python code syntax and style conventions
[0.722s] -- Added test 'lint_cmake' to check CMake code style
[0.724s] -- Added test 'pep257' to check Python code against some of the docstring style conventions in PEP 257
[0.727s] -- Added test 'xmllint' to check XML markup files
[0.729s] -- Configuring done
[0.749s] -- Generating done
[0.751s] -- Build files have been written to: /home/simi/franka_ros2_ws/build/franka_description
[0.803s] Invoked command in '/home/simi/franka_ros2_ws/build/franka_description' returned '0': CMAKE_PREFIX_PATH=${CMAKE_PREFIX_PATH}:/opt/ros/humble /usr/bin/cmake --build /home/simi/franka_ros2_ws/build/franka_description -- -j16 -l16
[0.865s] Invoking command in '/home/simi/franka_ros2_ws/build/franka_description': CMAKE_PREFIX_PATH=${CMAKE_PREFIX_PATH}:/opt/ros/humble /usr/bin/cmake --install /home/simi/franka_ros2_ws/build/franka_description
[0.883s] -- Install configuration: "Release"
[0.883s] -- Up-to-date: /home/simi/franka_ros2_ws/install/franka_description/share/franka_description//launch
[0.883s] -- Up-to-date: /home/simi/franka_ros2_ws/install/franka_description/share/franka_description//launch/visualize_franka.launch.py
[0.883s] -- Up-to-date: /home/simi/franka_ros2_ws/install/franka_description/share/franka_description//robots
[0.883s] -- Up-to-date: /home/simi/franka_ros2_ws/install/franka_description/share/franka_description//robots/hand.xacro
[0.883s] -- Up-to-date: /home/simi/franka_ros2_ws/install/franka_description/share/franka_description//robots/hand.urdf.xacro
[0.883s] -- Up-to-date: /home/simi/franka_ros2_ws/install/franka_description/share/franka_description//robots/panda_arm.urdf.xacro
[0.883s] -- Up-to-date: /home/simi/franka_ros2_ws/install/franka_description/share/franka_description//robots/panda_arm.xacro
[0.884s] -- Up-to-date: /home/simi/franka_ros2_ws/install/franka_description/share/franka_description//robots/panda_arm.ros2_control.xacro
[0.884s] -- Up-to-date: /home/simi/franka_ros2_ws/install/franka_description/share/franka_description//meshes
[0.884s] -- Up-to-date: /home/simi/franka_ros2_ws/install/franka_description/share/franka_description//meshes/visual
[0.884s] -- Up-to-date: /home/simi/franka_ros2_ws/install/franka_description/share/franka_description//meshes/visual/link3.dae
[0.884s] -- Up-to-date: /home/simi/franka_ros2_ws/install/franka_description/share/franka_description//meshes/visual/hand.dae
[0.884s] -- Up-to-date: /home/simi/franka_ros2_ws/install/franka_description/share/franka_description//meshes/visual/link4.dae
[0.884s] -- Up-to-date: /home/simi/franka_ros2_ws/install/franka_description/share/franka_description//meshes/visual/link0.dae
[0.884s] -- Up-to-date: /home/simi/franka_ros2_ws/install/franka_description/share/franka_description//meshes/visual/link7.dae
[0.884s] -- Up-to-date: /home/simi/franka_ros2_ws/install/franka_description/share/franka_description//meshes/visual/link6.dae
[0.885s] -- Up-to-date: /home/simi/franka_ros2_ws/install/franka_description/share/franka_description//meshes/visual/finger.dae
[0.885s] -- Up-to-date: /home/simi/franka_ros2_ws/install/franka_description/share/franka_description//meshes/visual/link5.dae
[0.885s] -- Up-to-date: /home/simi/franka_ros2_ws/install/franka_description/share/franka_description//meshes/visual/link2.dae
[0.885s] -- Up-to-date: /home/simi/franka_ros2_ws/install/franka_description/share/franka_description//meshes/visual/link1.dae
[0.885s] -- Up-to-date: /home/simi/franka_ros2_ws/install/franka_description/share/franka_description//rviz
[0.885s] -- Up-to-date: /home/simi/franka_ros2_ws/install/franka_description/share/franka_description//rviz/visualize_franka.rviz
[0.885s] -- Up-to-date: /home/simi/franka_ros2_ws/install/franka_description/share/ament_index/resource_index/package_run_dependencies/franka_description
[0.885s] -- Installing: /home/simi/franka_ros2_ws/install/franka_description/share/ament_index/resource_index/parent_prefix_path/franka_description
[0.885s] -- Installing: /home/simi/franka_ros2_ws/install/franka_description/share/franka_description/environment/ament_prefix_path.sh
[0.885s] -- Installing: /home/simi/franka_ros2_ws/install/franka_description/share/franka_description/environment/ament_prefix_path.dsv
[0.885s] -- Installing: /home/simi/franka_ros2_ws/install/franka_description/share/franka_description/environment/path.sh
[0.885s] -- Installing: /home/simi/franka_ros2_ws/install/franka_description/share/franka_description/environment/path.dsv
[0.886s] -- Up-to-date: /home/simi/franka_ros2_ws/install/franka_description/share/franka_description/local_setup.bash
[0.886s] -- Up-to-date: /home/simi/franka_ros2_ws/install/franka_description/share/franka_description/local_setup.sh
[0.886s] -- Up-to-date: /home/simi/franka_ros2_ws/install/franka_description/share/franka_description/local_setup.zsh
[0.886s] -- Installing: /home/simi/franka_ros2_ws/install/franka_description/share/franka_description/local_setup.dsv
[0.886s] -- Installing: /home/simi/franka_ros2_ws/install/franka_description/share/franka_description/package.dsv
[0.886s] -- Up-to-date: /home/simi/franka_ros2_ws/install/franka_description/share/ament_index/resource_index/packages/franka_description
[0.886s] -- Up-to-date: /home/simi/franka_ros2_ws/install/franka_description/share/franka_description/cmake/franka_descriptionConfig.cmake
[0.886s] -- Up-to-date: /home/simi/franka_ros2_ws/install/franka_description/share/franka_description/cmake/franka_descriptionConfig-version.cmake
[0.886s] -- Up-to-date: /home/simi/franka_ros2_ws/install/franka_description/share/franka_description/package.xml
[0.890s] Invoked command in '/home/simi/franka_ros2_ws/build/franka_description' returned '0': CMAKE_PREFIX_PATH=${CMAKE_PREFIX_PATH}:/opt/ros/humble /usr/bin/cmake --install /home/simi/franka_ros2_ws/build/franka_description
