[0.037s] Invoking command in '/home/simi/franka_ros2_ws/build/cartesian_impedance_control': CMAKE_PREFIX_PATH=/home/simi/franka_ros2_ws/install/franka_robot_state_broadcaster:/home/simi/franka_ros2_ws/install/franka_semantic_components:/home/simi/franka_ros2_ws/install/franka_hardware:/home/simi/franka_ros2_ws/install/messages_fr3:/home/simi/franka_ros2_ws/install/franka_msgs:/home/simi/franka_ros2_ws/install/franka_description:/home/simi/franka_ros2_ws/install/cartesian_impedance_control:/home/simi/franka_ros2_ws/install/joint_trajectory_controller:/home/simi/franka_ros2_ws/install/integration_launch_testing:/home/simi/franka_ros2_ws/install/franka_bringup:/home/simi/franka_ros2_ws/install/franka_example_controllers:/home/simi/franka_ros2_ws/install/franka_moveit_config:/home/simi/franka_ros2_ws/install/franka_gripper:/home/simi/franka_ros2_ws/install/realtime_plot_of_data:/opt/ros/humble LD_LIBRARY_PATH=/home/simi/franka_ros2_ws/install/franka_robot_state_broadcaster/lib:/home/simi/franka_ros2_ws/install/franka_semantic_components/lib:/home/simi/franka_ros2_ws/install/franka_hardware/lib:/home/simi/franka_ros2_ws/install/messages_fr3/lib:/home/simi/franka_ros2_ws/install/franka_msgs/lib:/home/simi/franka_ros2_ws/install/cartesian_impedance_control/lib:/home/simi/franka_ros2_ws/install/joint_trajectory_controller/lib:/home/simi/franka_ros2_ws/install/integration_launch_testing/lib:/home/simi/franka_ros2_ws/install/franka_example_controllers/lib:/home/simi/franka_ros2_ws/install/franka_gripper/lib:/opt/ros/humble/opt/rviz_ogre_vendor/lib:/opt/ros/humble/lib/x86_64-linux-gnu:/opt/ros/humble/lib /usr/bin/cmake --build /home/simi/franka_ros2_ws/build/cartesian_impedance_control -- -j16 -l16
[0.118s] [35m[1mConsolidate compiler generated dependencies of target cartesian_impedance_control[0m
[0.173s] [ 25%] [32mBuilding CXX object CMakeFiles/cartesian_impedance_control.dir/src/user_input_server.cpp.o[0m
[0.173s] [ 25%] [32mBuilding CXX object CMakeFiles/cartesian_impedance_control.dir/src/cartesian_impedance_controller.cpp.o[0m
[0.176s] [ 37%] [32mBuilding CXX object CMakeFiles/cartesian_impedance_control.dir/src/force_control_server.cpp.o[0m
[4.927s] [01m[K/home/simi/franka_ros2_ws/src/cartesian_impedance_control/src/cartesian_impedance_controller.cpp:[m[K In member function ‘[01m[Kint cartesian_impedance_control::WrenchPublisher::main(int, char*)[m[K’:
[4.927s] [01m[K/home/simi/franka_ros2_ws/src/cartesian_impedance_control/src/cartesian_impedance_controller.cpp:85:22:[m[K [01;31m[Kerror: [m[Kcannot convert ‘[01m[Kchar*[m[K’ to ‘[01m[Kconst char* const*[m[K’
[4.927s]    85 |   rclcpp::init(argc, [01;31m[Kargv[m[K);
[4.927s]       |                      [01;31m[K^~~~[m[K
[4.928s]       |                      [01;31m[K|[m[K
[4.928s]       |                      [01;31m[Kchar*[m[K
[4.928s] In file included from [01m[K/opt/ros/humble/include/rclcpp/rclcpp/logging.hpp:25[m[K,
[4.928s]                  from [01m[K/opt/ros/humble/include/rclcpp/rclcpp/client.hpp:40[m[K,
[4.928s]                  from [01m[K/opt/ros/humble/include/rclcpp/rclcpp/callback_group.hpp:24[m[K,
[4.928s]                  from [01m[K/opt/ros/humble/include/rclcpp/rclcpp/any_executable.hpp:20[m[K,
[4.928s]                  from [01m[K/opt/ros/humble/include/rclcpp/rclcpp/memory_strategy.hpp:25[m[K,
[4.928s]                  from [01m[K/opt/ros/humble/include/rclcpp/rclcpp/memory_strategies.hpp:18[m[K,
[4.928s]                  from [01m[K/opt/ros/humble/include/rclcpp/rclcpp/executor_options.hpp:20[m[K,
[4.928s]                  from [01m[K/opt/ros/humble/include/rclcpp/rclcpp/executor.hpp:37[m[K,
[4.929s]                  from [01m[K/opt/ros/humble/include/rclcpp/rclcpp/executors/multi_threaded_executor.hpp:25[m[K,
[4.929s]                  from [01m[K/opt/ros/humble/include/rclcpp/rclcpp/executors.hpp:21[m[K,
[4.929s]                  from [01m[K/opt/ros/humble/include/rclcpp/rclcpp/rclcpp.hpp:155[m[K,
[4.929s]                  from [01m[K/home/simi/franka_ros2_ws/src/cartesian_impedance_control/include/cartesian_impedance_control/user_input_server.hpp:6[m[K,
[4.929s]                  from [01m[K/home/simi/franka_ros2_ws/src/cartesian_impedance_control/include/cartesian_impedance_control/cartesian_impedance_controller.hpp:29[m[K,
[4.929s]                  from [01m[K/home/simi/franka_ros2_ws/src/cartesian_impedance_control/src/cartesian_impedance_controller.cpp:15[m[K:
[4.929s] [01m[K/opt/ros/humble/include/rclcpp/rclcpp/utilities.hpp:77:24:[m[K [01;36m[Knote: [m[K  initializing argument 2 of ‘[01m[Kvoid rclcpp::init(int, const char* const*, const rclcpp::InitOptions&, rclcpp::SignalHandlerOptions)[m[K’
[4.929s]    77 |   [01;36m[Kchar const * const * argv[m[K,
[4.929s]       |   [01;36m[K~~~~~~~~~~~~~~~~~~~~~^~~~[m[K
[7.173s] In file included from [01m[K/usr/include/c++/11/thread:43[m[K,
[7.174s]                  from [01m[K/home/simi/franka_ros2_ws/src/cartesian_impedance_control/include/cartesian_impedance_control/cartesian_impedance_controller.hpp:26[m[K,
[7.174s]                  from [01m[K/home/simi/franka_ros2_ws/src/cartesian_impedance_control/src/cartesian_impedance_controller.cpp:15[m[K:
[7.175s] /usr/include/c++/11/bits/std_thread.h: In instantiation of ‘[01m[Kstd::thread::_Invoker<_Tuple>::_Invoker(_Args&& ...) [with _Args = {int (cartesian_impedance_control::WrenchPublisher::*)(int, char*), cartesian_impedance_control::WrenchPublisher&, int, std::nullptr_t}; _Tuple = std::tuple<int (cartesian_impedance_control::WrenchPublisher::*)(int, char*), cartesian_impedance_control::WrenchPublisher, int, std::nullptr_t>][m[K’:
[7.175s] [01m[K/usr/include/c++/11/bits/std_thread.h:207:6:[m[K   required from ‘[01m[Kstd::thread::_State_impl<_Callable>::_State_impl(_Args&& ...) [with _Args = {int (cartesian_impedance_control::WrenchPublisher::*)(int, char*), cartesian_impedance_control::WrenchPublisher&, int, std::nullptr_t}; _Callable = std::thread::_Invoker<std::tuple<int (cartesian_impedance_control::WrenchPublisher::*)(int, char*), cartesian_impedance_control::WrenchPublisher, int, std::nullptr_t> >][m[K’
[7.175s] [01m[K/usr/include/c++/11/bits/std_thread.h:143:29:[m[K   required from ‘[01m[Kstd::thread::thread(_Callable&&, _Args&& ...) [with _Callable = int (cartesian_impedance_control::WrenchPublisher::*)(int, char*); _Args = {cartesian_impedance_control::WrenchPublisher&, int, std::nullptr_t}; <template-parameter-1-3> = void][m[K’
[7.175s] [01m[K/home/simi/franka_ros2_ws/src/cartesian_impedance_control/src/cartesian_impedance_controller.cpp:262:96:[m[K   required from here
[7.175s] [01m[K/usr/include/c++/11/bits/std_thread.h:244:13:[m[K [01;31m[Kerror: [m[Kno matching function for call to ‘[01m[Kstd::tuple<int (cartesian_impedance_control::WrenchPublisher::*)(int, char*), cartesian_impedance_control::WrenchPublisher, int, std::nullptr_t>::tuple(int (cartesian_impedance_control::WrenchPublisher::*)(int, char*), cartesian_impedance_control::WrenchPublisher&, int, std::nullptr_t)[m[K’
[7.175s]   244 |           : [01;31m[K_M_t(std::forward<_Args>(__args)...)[m[K
[7.175s]       |             [01;31m[K^~~~~~~~~~~~~~~~~~~~~~~~~~~~~~~~~~~~[m[K
[7.175s] In file included from [01m[K/usr/include/c++/11/bits/unique_ptr.h:37[m[K,
[7.175s]                  from [01m[K/usr/include/c++/11/memory:76[m[K,
[7.175s]                  from [01m[K/home/simi/franka_ros2_ws/src/cartesian_impedance_control/include/cartesian_impedance_control/cartesian_impedance_controller.hpp:22[m[K,
[7.175s]                  from [01m[K/home/simi/franka_ros2_ws/src/cartesian_impedance_control/src/cartesian_impedance_controller.cpp:15[m[K:
[7.175s] [01m[K/usr/include/c++/11/tuple:888:9:[m[K [01;36m[Knote: [m[Kcandidate: ‘[01m[Ktemplate<class _Alloc, class ... _UElements, bool _Valid, typename std::enable_if<std::tuple<int (cartesian_impedance_control::WrenchPublisher::*)(int, char*), cartesian_impedance_control::WrenchPublisher, int, std::nullptr_t>::_TCC<_Valid>::__is_explicitly_constructible<_UElements ...>(), bool>::type <anonymous> > std::tuple<_Elements>::tuple(std::allocator_arg_t, const _Alloc&, std::tuple<_Args2 ...>&&) [with _Alloc = _Alloc; _UElements = {_UElements ...}; bool _Valid = _Valid; typename std::enable_if<std::tuple<_Elements>::_TCC<_Valid>::__is_explicitly_constructible<_UElements ...>(), bool>::type <anonymous> = <anonymous>; _Elements = {int (cartesian_impedance_control::WrenchPublisher::*)(int, char*), cartesian_impedance_control::WrenchPublisher, int, std::nullptr_t}][m[K’
[7.175s]   888 |         [01;36m[Ktuple[m[K(allocator_arg_t __tag, const _Alloc& __a,
[7.175s]       |         [01;36m[K^~~~~[m[K
[7.175s] [01m[K/usr/include/c++/11/tuple:888:9:[m[K [01;36m[Knote: [m[K  template argument deduction/substitution failed:
[7.175s] In file included from [01m[K/usr/include/c++/11/thread:43[m[K,
[7.175s]                  from [01m[K/home/simi/franka_ros2_ws/src/cartesian_impedance_control/include/cartesian_impedance_control/cartesian_impedance_controller.hpp:26[m[K,
[7.176s]                  from [01m[K/home/simi/franka_ros2_ws/src/cartesian_impedance_control/src/cartesian_impedance_controller.cpp:15[m[K:
[7.176s] [01m[K/usr/include/c++/11/bits/std_thread.h:244:13:[m[K [01;36m[Knote: [m[K  mismatched types ‘[01m[Kstd::tuple<_UTypes ...>[m[K’ and ‘[01m[Kint[m[K’
[7.176s]   244 |           : [01;36m[K_M_t(std::forward<_Args>(__args)...)[m[K
[7.176s]       |             [01;36m[K^~~~~~~~~~~~~~~~~~~~~~~~~~~~~~~~~~~~[m[K
[7.176s] In file included from [01m[K/usr/include/c++/11/bits/unique_ptr.h:37[m[K,
[7.176s]                  from [01m[K/usr/include/c++/11/memory:76[m[K,
[7.176s]                  from [01m[K/home/simi/franka_ros2_ws/src/cartesian_impedance_control/include/cartesian_impedance_control/cartesian_impedance_controller.hpp:22[m[K,
[7.176s]                  from [01m[K/home/simi/franka_ros2_ws/src/cartesian_impedance_control/src/cartesian_impedance_controller.cpp:15[m[K:
[7.176s] [01m[K/usr/include/c++/11/tuple:876:9:[m[K [01;36m[Knote: [m[Kcandidate: ‘[01m[Ktemplate<class _Alloc, class ... _UElements, bool _Valid, typename std::enable_if<std::tuple<int (cartesian_impedance_control::WrenchPublisher::*)(int, char*), cartesian_impedance_control::WrenchPublisher, int, std::nullptr_t>::_TCC<_Valid>::__is_implicitly_constructible<_UElements ...>(), bool>::type <anonymous> > std::tuple<_Elements>::tuple(std::allocator_arg_t, const _Alloc&, std::tuple<_Args2 ...>&&) [with _Alloc = _Alloc; _UElements = {_UElements ...}; bool _Valid = _Valid; typename std::enable_if<std::tuple<_Elements>::_TCC<_Valid>::__is_implicitly_constructible<_UElements ...>(), bool>::type <anonymous> = <anonymous>; _Elements = {int (cartesian_impedance_control::WrenchPublisher::*)(int, char*), cartesian_impedance_control::WrenchPublisher, int, std::nullptr_t}][m[K’
[7.176s]   876 |         [01;36m[Ktuple[m[K(allocator_arg_t __tag, const _Alloc& __a,
[7.176s]       |         [01;36m[K^~~~~[m[K
[7.176s] [01m[K/usr/include/c++/11/tuple:876:9:[m[K [01;36m[Knote: [m[K  template argument deduction/substitution failed:
[7.176s] In file included from [01m[K/usr/include/c++/11/thread:43[m[K,
[7.176s]                  from [01m[K/home/simi/franka_ros2_ws/src/cartesian_impedance_control/include/cartesian_impedance_control/cartesian_impedance_controller.hpp:26[m[K,
[7.176s]                  from [01m[K/home/simi/franka_ros2_ws/src/cartesian_impedance_control/src/cartesian_impedance_controller.cpp:15[m[K:
[7.176s] [01m[K/usr/include/c++/11/bits/std_thread.h:244:13:[m[K [01;36m[Knote: [m[K  mismatched types ‘[01m[Kstd::tuple<_UTypes ...>[m[K’ and ‘[01m[Kint[m[K’
[7.176s]   244 |           : [01;36m[K_M_t(std::forward<_Args>(__args)...)[m[K
[7.177s]       |             [01;36m[K^~~~~~~~~~~~~~~~~~~~~~~~~~~~~~~~~~~~[m[K
[7.177s] In file included from [01m[K/usr/include/c++/11/bits/unique_ptr.h:37[m[K,
[7.177s]                  from [01m[K/usr/include/c++/11/memory:76[m[K,
[7.177s]                  from [01m[K/home/simi/franka_ros2_ws/src/cartesian_impedance_control/include/cartesian_impedance_control/cartesian_impedance_controller.hpp:22[m[K,
[7.177s]                  from [01m[K/home/simi/franka_ros2_ws/src/cartesian_impedance_control/src/cartesian_impedance_controller.cpp:15[m[K:
[7.177s] [01m[K/usr/include/c++/11/tuple:865:9:[m[K [01;36m[Knote: [m[Kcandidate: ‘[01m[Ktemplate<class _Alloc, class ... _UElements, bool _Valid, typename std::enable_if<std::tuple<int (cartesian_impedance_control::WrenchPublisher::*)(int, char*), cartesian_impedance_control::WrenchPublisher, int, std::nullptr_t>::_TCC<_Valid>::__is_explicitly_constructible<const _UElements& ...>(), bool>::type <anonymous> > std::tuple<_Elements>::tuple(std::allocator_arg_t, const _Alloc&, const std::tuple<_Args2 ...>&) [with _Alloc = _Alloc; _UElements = {_UElements ...}; bool _Valid = _Valid; typename std::enable_if<std::tuple<_Elements>::_TCC<_Valid>::__is_explicitly_constructible<const _UElements& ...>(), bool>::type <anonymous> = <anonymous>; _Elements = {int (cartesian_impedance_control::WrenchPublisher::*)(int, char*), cartesian_impedance_control::WrenchPublisher, int, std::nullptr_t}][m[K’
[7.177s]   865 |         [01;36m[Ktuple[m[K(allocator_arg_t __tag, const _Alloc& __a,
[7.177s]       |         [01;36m[K^~~~~[m[K
[7.177s] [01m[K/usr/include/c++/11/tuple:865:9:[m[K [01;36m[Knote: [m[K  template argument deduction/substitution failed:
[7.177s] In file included from [01m[K/usr/include/c++/11/thread:43[m[K,
[7.177s]                  from [01m[K/home/simi/franka_ros2_ws/src/cartesian_impedance_control/include/cartesian_impedance_control/cartesian_impedance_controller.hpp:26[m[K,
[7.177s]                  from [01m[K/home/simi/franka_ros2_ws/src/cartesian_impedance_control/src/cartesian_impedance_controller.cpp:15[m[K:
[7.177s] [01m[K/usr/include/c++/11/bits/std_thread.h:244:13:[m[K [01;36m[Knote: [m[K  mismatched types ‘[01m[Kconst std::tuple<_UTypes ...>[m[K’ and ‘[01m[Kint[m[K’
[7.177s]   244 |           : [01;36m[K_M_t(std::forward<_Args>(__args)...)[m[K
[7.177s]       |             [01;36m[K^~~~~~~~~~~~~~~~~~~~~~~~~~~~~~~~~~~~[m[K
[7.177s] In file included from [01m[K/usr/include/c++/11/bits/unique_ptr.h:37[m[K,
[7.178s]                  from [01m[K/usr/include/c++/11/memory:76[m[K,
[7.178s]                  from [01m[K/home/simi/franka_ros2_ws/src/cartesian_impedance_control/include/cartesian_impedance_control/cartesian_impedance_controller.hpp:22[m[K,
[7.178s]                  from [01m[K/home/simi/franka_ros2_ws/src/cartesian_impedance_control/src/cartesian_impedance_controller.cpp:15[m[K:
[7.178s] [01m[K/usr/include/c++/11/tuple:853:9:[m[K [01;36m[Knote: [m[Kcandidate: ‘[01m[Ktemplate<class _Alloc, class ... _UElements, bool _Valid, typename std::enable_if<std::tuple<int (cartesian_impedance_control::WrenchPublisher::*)(int, char*), cartesian_impedance_control::WrenchPublisher, int, std::nullptr_t>::_TCC<_Valid>::__is_implicitly_constructible<const _UElements& ...>(), bool>::type <anonymous> > std::tuple<_Elements>::tuple(std::allocator_arg_t, const _Alloc&, const std::tuple<_Args2 ...>&) [with _Alloc = _Alloc; _UElements = {_UElements ...}; bool _Valid = _Valid; typename std::enable_if<std::tuple<_Elements>::_TCC<_Valid>::__is_implicitly_constructible<const _UElements& ...>(), bool>::type <anonymous> = <anonymous>; _Elements = {int (cartesian_impedance_control::WrenchPublisher::*)(int, char*), cartesian_impedance_control::WrenchPublisher, int, std::nullptr_t}][m[K’
[7.178s]   853 |         [01;36m[Ktuple[m[K(allocator_arg_t __tag, const _Alloc& __a,
[7.178s]       |         [01;36m[K^~~~~[m[K
[7.178s] [01m[K/usr/include/c++/11/tuple:853:9:[m[K [01;36m[Knote: [m[K  template argument deduction/substitution failed:
[7.178s] In file included from [01m[K/usr/include/c++/11/thread:43[m[K,
[7.178s]                  from [01m[K/home/simi/franka_ros2_ws/src/cartesian_impedance_control/include/cartesian_impedance_control/cartesian_impedance_controller.hpp:26[m[K,
[7.178s]                  from [01m[K/home/simi/franka_ros2_ws/src/cartesian_impedance_control/src/cartesian_impedance_controller.cpp:15[m[K:
[7.178s] [01m[K/usr/include/c++/11/bits/std_thread.h:244:13:[m[K [01;36m[Knote: [m[K  mismatched types ‘[01m[Kconst std::tuple<_UTypes ...>[m[K’ and ‘[01m[Kint[m[K’
[7.178s]   244 |           : [01;36m[K_M_t(std::forward<_Args>(__args)...)[m[K
[7.178s]       |             [01;36m[K^~~~~~~~~~~~~~~~~~~~~~~~~~~~~~~~~~~~[m[K
[7.178s] In file included from [01m[K/usr/include/c++/11/bits/unique_ptr.h:37[m[K,
[7.178s]                  from [01m[K/usr/include/c++/11/memory:76[m[K,
[7.178s]                  from [01m[K/home/simi/franka_ros2_ws/src/cartesian_impedance_control/include/cartesian_impedance_control/cartesian_impedance_controller.hpp:22[m[K,
[7.179s]                  from [01m[K/home/simi/franka_ros2_ws/src/cartesian_impedance_control/src/cartesian_impedance_controller.cpp:15[m[K:
[7.179s] [01m[K/usr/include/c++/11/tuple:845:9:[m[K [01;36m[Knote: [m[Kcandidate: ‘[01m[Ktemplate<class _Alloc> std::tuple<_Elements>::tuple(std::allocator_arg_t, const _Alloc&, std::tuple<_Elements>&&) [with _Alloc = _Alloc; _Elements = {int (cartesian_impedance_control::WrenchPublisher::*)(int, char*), cartesian_impedance_control::WrenchPublisher, int, std::nullptr_t}][m[K’
[7.179s]   845 |         [01;36m[Ktuple[m[K(allocator_arg_t __tag, const _Alloc& __a, tuple&& __in)
[7.179s]       |         [01;36m[K^~~~~[m[K
[7.179s] [01m[K/usr/include/c++/11/tuple:845:9:[m[K [01;36m[Knote: [m[K  template argument deduction/substitution failed:
[7.179s] In file included from [01m[K/usr/include/c++/11/thread:43[m[K,
[7.179s]                  from [01m[K/home/simi/franka_ros2_ws/src/cartesian_impedance_control/include/cartesian_impedance_control/cartesian_impedance_controller.hpp:26[m[K,
[7.179s]                  from [01m[K/home/simi/franka_ros2_ws/src/cartesian_impedance_control/src/cartesian_impedance_controller.cpp:15[m[K:
[7.179s] [01m[K/usr/include/c++/11/bits/std_thread.h:244:13:[m[K [01;36m[Knote: [m[K  candidate expects 3 arguments, 4 provided
[7.179s]   244 |           : [01;36m[K_M_t(std::forward<_Args>(__args)...)[m[K
[7.179s]       |             [01;36m[K^~~~~~~~~~~~~~~~~~~~~~~~~~~~~~~~~~~~[m[K
[7.179s] In file included from [01m[K/usr/include/c++/11/bits/unique_ptr.h:37[m[K,
[7.179s]                  from [01m[K/usr/include/c++/11/memory:76[m[K,
[7.179s]                  from [01m[K/home/simi/franka_ros2_ws/src/cartesian_impedance_control/include/cartesian_impedance_control/cartesian_impedance_controller.hpp:22[m[K,
[7.179s]                  from [01m[K/home/simi/franka_ros2_ws/src/cartesian_impedance_control/src/cartesian_impedance_controller.cpp:15[m[K:
[7.180s] [01m[K/usr/include/c++/11/tuple:840:9:[m[K [01;36m[Knote: [m[Kcandidate: ‘[01m[Ktemplate<class _Alloc> std::tuple<_Elements>::tuple(std::allocator_arg_t, const _Alloc&, const std::tuple<_Elements>&) [with _Alloc = _Alloc; _Elements = {int (cartesian_impedance_control::WrenchPublisher::*)(int, char*), cartesian_impedance_control::WrenchPublisher, int, std::nullptr_t}][m[K’
[7.180s]   840 |         [01;36m[Ktuple[m[K(allocator_arg_t __tag, const _Alloc& __a, const tuple& __in)
[7.180s]       |         [01;36m[K^~~~~[m[K
[7.180s] [01m[K/usr/include/c++/11/tuple:840:9:[m[K [01;36m[Knote: [m[K  template argument deduction/substitution failed:
[7.180s] In file included from [01m[K/usr/include/c++/11/thread:43[m[K,
[7.180s]                  from [01m[K/home/simi/franka_ros2_ws/src/cartesian_impedance_control/include/cartesian_impedance_control/cartesian_impedance_controller.hpp:26[m[K,
[7.180s]                  from [01m[K/home/simi/franka_ros2_ws/src/cartesian_impedance_control/src/cartesian_impedance_controller.cpp:15[m[K:
[7.180s] [01m[K/usr/include/c++/11/bits/std_thread.h:244:13:[m[K [01;36m[Knote: [m[K  candidate expects 3 arguments, 4 provided
[7.180s]   244 |           : [01;36m[K_M_t(std::forward<_Args>(__args)...)[m[K
[7.180s]       |             [01;36m[K^~~~~~~~~~~~~~~~~~~~~~~~~~~~~~~~~~~~[m[K
[7.180s] In file included from [01m[K/usr/include/c++/11/bits/unique_ptr.h:37[m[K,
[7.180s]                  from [01m[K/usr/include/c++/11/memory:76[m[K,
[7.180s]                  from [01m[K/home/simi/franka_ros2_ws/src/cartesian_impedance_control/include/cartesian_impedance_control/cartesian_impedance_controller.hpp:22[m[K,
[7.180s]                  from [01m[K/home/simi/franka_ros2_ws/src/cartesian_impedance_control/src/cartesian_impedance_controller.cpp:15[m[K:
[7.180s] [01m[K/usr/include/c++/11/tuple:833:9:[m[K [01;36m[Knote: [m[Kcandidate: ‘[01m[Ktemplate<class _Alloc, class ... _UElements, bool _Valid, typename std::enable_if<std::tuple<int (cartesian_impedance_control::WrenchPublisher::*)(int, char*), cartesian_impedance_control::WrenchPublisher, int, std::nullptr_t>::_TCC<_Valid>::__is_explicitly_constructible<_UElements ...>(), bool>::type <anonymous> > std::tuple<_Elements>::tuple(std::allocator_arg_t, const _Alloc&, _UElements&& ...) [with _Alloc = _Alloc; _UElements = {_UElements ...}; bool _Valid = _Valid; typename std::enable_if<std::tuple<_Elements>::_TCC<_Valid>::__is_explicitly_constructible<_UElements ...>(), bool>::type <anonymous> = <anonymous>; _Elements = {int (cartesian_impedance_control::WrenchPublisher::*)(int, char*), cartesian_impedance_control::WrenchPublisher, int, std::nullptr_t}][m[K’
[7.180s]   833 |         [01;36m[Ktuple[m[K(allocator_arg_t __tag, const _Alloc& __a,
[7.180s]       |         [01;36m[K^~~~~[m[K
[7.181s] [01m[K/usr/include/c++/11/tuple:833:9:[m[K [01;36m[Knote: [m[K  template argument deduction/substitution failed:
[7.181s] [01m[K/usr/include/c++/11/tuple:830:55:[m[K [01;31m[Kerror: [m[Kno type named ‘[01m[Ktype[m[K’ in ‘[01m[Kstruct std::enable_if<false, bool>[m[K’
[7.181s]   830 |                _ExplicitCtor<_Valid, _UElements...> = [01;31m[Kfalse[m[K>
[7.181s]       |                                                       [01;31m[K^~~~~[m[K
[7.181s] [01m[K/usr/include/c++/11/tuple:823:9:[m[K [01;36m[Knote: [m[Kcandidate: ‘[01m[Ktemplate<class _Alloc, class ... _UElements, bool _Valid, typename std::enable_if<std::tuple<int (cartesian_impedance_control::WrenchPublisher::*)(int, char*), cartesian_impedance_control::WrenchPublisher, int, std::nullptr_t>::_TCC<_Valid>::__is_implicitly_constructible<_UElements ...>(), bool>::type <anonymous> > std::tuple<_Elements>::tuple(std::allocator_arg_t, const _Alloc&, _UElements&& ...) [with _Alloc = _Alloc; _UElements = {_UElements ...}; bool _Valid = _Valid; typename std::enable_if<std::tuple<_Elements>::_TCC<_Valid>::__is_implicitly_constructible<_UElements ...>(), bool>::type <anonymous> = <anonymous>; _Elements = {int (cartesian_impedance_control::WrenchPublisher::*)(int, char*), cartesian_impedance_control::WrenchPublisher, int, std::nullptr_t}][m[K’
[7.181s]   823 |         [01;36m[Ktuple[m[K(allocator_arg_t __tag, const _Alloc& __a,
[7.181s]       |         [01;36m[K^~~~~[m[K
[7.181s] [01m[K/usr/include/c++/11/tuple:823:9:[m[K [01;36m[Knote: [m[K  template argument deduction/substitution failed:
[7.181s] [01m[K/usr/include/c++/11/tuple:821:55:[m[K [01;31m[Kerror: [m[Kno type named ‘[01m[Ktype[m[K’ in ‘[01m[Kstruct std::enable_if<false, bool>[m[K’
[7.181s]   821 |                _ImplicitCtor<_Valid, _UElements...> = [01;31m[Ktrue[m[K>
[7.181s]       |                                                       [01;31m[K^~~~[m[K
[7.181s] [01m[K/usr/include/c++/11/tuple:815:9:[m[K [01;36m[Knote: [m[Kcandidate: ‘[01m[Ktemplate<class _Alloc, bool _NotEmpty, typename std::enable_if<std::tuple<int (cartesian_impedance_control::WrenchPublisher::*)(int, char*), cartesian_impedance_control::WrenchPublisher, int, std::nullptr_t>::_TCC<_Valid>::__is_explicitly_constructible<int (WrenchPublisher::* const&)(int, char*), const WrenchPublisher&, const int&, std::nullptr_t&>(), bool>::type <anonymous> > std::tuple<_Elements>::tuple(std::allocator_arg_t, const _Alloc&, const _Elements& ...) [with _Alloc = _Alloc; bool _NotEmpty = _NotEmpty; typename std::enable_if<std::tuple<_Elements>::_TCC<_Valid>::__is_explicitly_constructible<const _Elements& ...>(), bool>::type <anonymous> = <anonymous>; _Elements = {int (cartesian_impedance_control::WrenchPublisher::*)(int, char*), cartesian_impedance_control::WrenchPublisher, int, std::nullptr_t}][m[K’
[7.181s]   815 |         [01;36m[Ktuple[m[K(allocator_arg_t __tag, const _Alloc& __a,
[7.181s]       |         [01;36m[K^~~~~[m[K
[7.181s] [01m[K/usr/include/c++/11/tuple:815:9:[m[K [01;36m[Knote: [m[K  template argument deduction/substitution failed:
[7.181s] In file included from [01m[K/usr/include/c++/11/thread:43[m[K,
[7.182s]                  from [01m[K/home/simi/franka_ros2_ws/src/cartesian_impedance_control/include/cartesian_impedance_control/cartesian_impedance_controller.hpp:26[m[K,
[7.182s]                  from [01m[K/home/simi/franka_ros2_ws/src/cartesian_impedance_control/src/cartesian_impedance_controller.cpp:15[m[K:
[7.182s] [01m[K/usr/include/c++/11/bits/std_thread.h:244:13:[m[K [01;36m[Knote: [m[K  candidate expects 6 arguments, 4 provided
[7.182s]   244 |           : [01;36m[K_M_t(std::forward<_Args>(__args)...)[m[K
[7.182s]       |             [01;36m[K^~~~~~~~~~~~~~~~~~~~~~~~~~~~~~~~~~~~[m[K
[7.182s] In file included from [01m[K/usr/include/c++/11/bits/unique_ptr.h:37[m[K,
[7.182s]                  from [01m[K/usr/include/c++/11/memory:76[m[K,
[7.182s]                  from [01m[K/home/simi/franka_ros2_ws/src/cartesian_impedance_control/include/cartesian_impedance_control/cartesian_impedance_controller.hpp:22[m[K,
[7.182s]                  from [01m[K/home/simi/franka_ros2_ws/src/cartesian_impedance_control/src/cartesian_impedance_controller.cpp:15[m[K:
[7.182s] [01m[K/usr/include/c++/11/tuple:807:9:[m[K [01;36m[Knote: [m[Kcandidate: ‘[01m[Ktemplate<class _Alloc, bool _NotEmpty, typename std::enable_if<std::tuple<int (cartesian_impedance_control::WrenchPublisher::*)(int, char*), cartesian_impedance_control::WrenchPublisher, int, std::nullptr_t>::_TCC<_Valid>::__is_implicitly_constructible<int (WrenchPublisher::* const&)(int, char*), const WrenchPublisher&, const int&, std::nullptr_t&>(), bool>::type <anonymous> > std::tuple<_Elements>::tuple(std::allocator_arg_t, const _Alloc&, const _Elements& ...) [with _Alloc = _Alloc; bool _NotEmpty = _NotEmpty; typename std::enable_if<std::tuple<_Elements>::_TCC<_Valid>::__is_implicitly_constructible<const _Elements& ...>(), bool>::type <anonymous> = <anonymous>; _Elements = {int (cartesian_impedance_control::WrenchPublisher::*)(int, char*), cartesian_impedance_control::WrenchPublisher, int, std::nullptr_t}][m[K’
[7.182s]   807 |         [01;36m[Ktuple[m[K(allocator_arg_t __tag, const _Alloc& __a,
[7.182s]       |         [01;36m[K^~~~~[m[K
[7.182s] [01m[K/usr/include/c++/11/tuple:807:9:[m[K [01;36m[Knote: [m[K  template argument deduction/substitution failed:
[7.182s] In file included from [01m[K/usr/include/c++/11/thread:43[m[K,
[7.182s]                  from [01m[K/home/simi/franka_ros2_ws/src/cartesian_impedance_control/include/cartesian_impedance_control/cartesian_impedance_controller.hpp:26[m[K,
[7.182s]                  from [01m[K/home/simi/franka_ros2_ws/src/cartesian_impedance_control/src/cartesian_impedance_controller.cpp:15[m[K:
[7.182s] [01m[K/usr/include/c++/11/bits/std_thread.h:244:13:[m[K [01;36m[Knote: [m[K  candidate expects 6 arguments, 4 provided
[7.183s]   244 |           : [01;36m[K_M_t(std::forward<_Args>(__args)...)[m[K
[7.183s]       |             [01;36m[K^~~~~~~~~~~~~~~~~~~~~~~~~~~~~~~~~~~~[m[K
[7.183s] In file included from [01m[K/usr/include/c++/11/bits/unique_ptr.h:37[m[K,
[7.183s]                  from [01m[K/usr/include/c++/11/memory:76[m[K,
[7.183s]                  from [01m[K/home/simi/franka_ros2_ws/src/cartesian_impedance_control/include/cartesian_impedance_control/cartesian_impedance_controller.hpp:22[m[K,
[7.183s]                  from [01m[K/home/simi/franka_ros2_ws/src/cartesian_impedance_control/src/cartesian_impedance_controller.cpp:15[m[K:
[7.183s] [01m[K/usr/include/c++/11/tuple:801:9:[m[K [01;36m[Knote: [m[Kcandidate: ‘[01m[Ktemplate<class _Alloc, typename std::enable_if<std::tuple<int (cartesian_impedance_control::WrenchPublisher::*)(int, char*), cartesian_impedance_control::WrenchPublisher, int, std::nullptr_t>::_TCC<std::is_object<_Tp>::value>::__is_implicitly_default_constructible(), bool>::type <anonymous> > std::tuple<_Elements>::tuple(std::allocator_arg_t, const _Alloc&) [with _Alloc = _Alloc; typename std::enable_if<std::tuple<_Elements>::_TCC<std::is_object<_Alloc>::value>::__is_implicitly_default_constructible(), bool>::type <anonymous> = <anonymous>; _Elements = {int (cartesian_impedance_control::WrenchPublisher::*)(int, char*), cartesian_impedance_control::WrenchPublisher, int, std::nullptr_t}][m[K’
[7.183s]   801 |         [01;36m[Ktuple[m[K(allocator_arg_t __tag, const _Alloc& __a)
[7.183s]       |         [01;36m[K^~~~~[m[K
[7.183s] [01m[K/usr/include/c++/11/tuple:801:9:[m[K [01;36m[Knote: [m[K  template argument deduction/substitution failed:
[7.183s] In file included from [01m[K/usr/include/c++/11/thread:43[m[K,
[7.183s]                  from [01m[K/home/simi/franka_ros2_ws/src/cartesian_impedance_control/include/cartesian_impedance_control/cartesian_impedance_controller.hpp:26[m[K,
[7.183s]                  from [01m[K/home/simi/franka_ros2_ws/src/cartesian_impedance_control/src/cartesian_impedance_controller.cpp:15[m[K:
[7.183s] [01m[K/usr/include/c++/11/bits/std_thread.h:244:13:[m[K [01;36m[Knote: [m[K  candidate expects 2 arguments, 4 provided
[7.183s]   244 |           : [01;36m[K_M_t(std::forward<_Args>(__args)...)[m[K
[7.184s]       |             [01;36m[K^~~~~~~~~~~~~~~~~~~~~~~~~~~~~~~~~~~~[m[K
[7.184s] In file included from [01m[K/usr/include/c++/11/bits/unique_ptr.h:37[m[K,
[7.184s]                  from [01m[K/usr/include/c++/11/memory:76[m[K,
[7.184s]                  from [01m[K/home/simi/franka_ros2_ws/src/cartesian_impedance_control/include/cartesian_impedance_control/cartesian_impedance_controller.hpp:22[m[K,
[7.184s]                  from [01m[K/home/simi/franka_ros2_ws/src/cartesian_impedance_control/src/cartesian_impedance_controller.cpp:15[m[K:
[7.184s] [01m[K/usr/include/c++/11/tuple:792:9:[m[K [01;36m[Knote: [m[Kcandidate: ‘[01m[Ktemplate<class ... _UElements, bool _Valid, typename std::enable_if<std::tuple<int (cartesian_impedance_control::WrenchPublisher::*)(int, char*), cartesian_impedance_control::WrenchPublisher, int, std::nullptr_t>::_TCC<_Valid>::__is_explicitly_constructible<_UElements ...>(), bool>::type <anonymous> > constexpr std::tuple<_Elements>::tuple(std::tuple<_Args1 ...>&&) [with _UElements = {_UElements ...}; bool _Valid = _Valid; typename std::enable_if<std::tuple<_Elements>::_TCC<_Valid>::__is_explicitly_constructible<_UElements ...>(), bool>::type <anonymous> = <anonymous>; _Elements = {int (cartesian_impedance_control::WrenchPublisher::*)(int, char*), cartesian_impedance_control::WrenchPublisher, int, std::nullptr_t}][m[K’
[7.184s]   792 |         [01;36m[Ktuple[m[K(tuple<_UElements...>&& __in)
[7.184s]       |         [01;36m[K^~~~~[m[K
[7.184s] [01m[K/usr/include/c++/11/tuple:792:9:[m[K [01;36m[Knote: [m[K  template argument deduction/substitution failed:
[7.184s] In file included from [01m[K/usr/include/c++/11/thread:43[m[K,
[7.184s]                  from [01m[K/home/simi/franka_ros2_ws/src/cartesian_impedance_control/include/cartesian_impedance_control/cartesian_impedance_controller.hpp:26[m[K,
[7.184s]                  from [01m[K/home/simi/franka_ros2_ws/src/cartesian_impedance_control/src/cartesian_impedance_controller.cpp:15[m[K:
[7.184s] [01m[K/usr/include/c++/11/bits/std_thread.h:244:13:[m[K [01;36m[Knote: [m[K  mismatched types ‘[01m[Kstd::tuple<_Tps ...>[m[K’ and ‘[01m[Kint (cartesian_impedance_control::WrenchPublisher::*)(int, char*)[m[K’
[7.184s]   244 |           : [01;36m[K_M_t(std::forward<_Args>(__args)...)[m[K
[7.184s]       |             [01;36m[K^~~~~~~~~~~~~~~~~~~~~~~~~~~~~~~~~~~~[m[K
[7.185s] In file included from [01m[K/usr/include/c++/11/bits/unique_ptr.h:37[m[K,
[7.185s]                  from [01m[K/usr/include/c++/11/memory:76[m[K,
[7.185s]                  from [01m[K/home/simi/franka_ros2_ws/src/cartesian_impedance_control/include/cartesian_impedance_control/cartesian_impedance_controller.hpp:22[m[K,
[7.185s]                  from [01m[K/home/simi/franka_ros2_ws/src/cartesian_impedance_control/src/cartesian_impedance_controller.cpp:15[m[K:
[7.185s] [01m[K/usr/include/c++/11/tuple:783:9:[m[K [01;36m[Knote: [m[Kcandidate: ‘[01m[Ktemplate<class ... _UElements, bool _Valid, typename std::enable_if<std::tuple<int (cartesian_impedance_control::WrenchPublisher::*)(int, char*), cartesian_impedance_control::WrenchPublisher, int, std::nullptr_t>::_TCC<_Valid>::__is_implicitly_constructible<_UElements ...>(), bool>::type <anonymous> > constexpr std::tuple<_Elements>::tuple(std::tuple<_Args1 ...>&&) [with _UElements = {_UElements ...}; bool _Valid = _Valid; typename std::enable_if<std::tuple<_Elements>::_TCC<_Valid>::__is_implicitly_constructible<_UElements ...>(), bool>::type <anonymous> = <anonymous>; _Elements = {int (cartesian_impedance_control::WrenchPublisher::*)(int, char*), cartesian_impedance_control::WrenchPublisher, int, std::nullptr_t}][m[K’
[7.185s]   783 |         [01;36m[Ktuple[m[K(tuple<_UElements...>&& __in)
[7.185s]       |         [01;36m[K^~~~~[m[K
[7.185s] [01m[K/usr/include/c++/11/tuple:783:9:[m[K [01;36m[Knote: [m[K  template argument deduction/substitution failed:
[7.185s] In file included from [01m[K/usr/include/c++/11/thread:43[m[K,
[7.185s]                  from [01m[K/home/simi/franka_ros2_ws/src/cartesian_impedance_control/include/cartesian_impedance_control/cartesian_impedance_controller.hpp:26[m[K,
[7.185s]                  from [01m[K/home/simi/franka_ros2_ws/src/cartesian_impedance_control/src/cartesian_impedance_controller.cpp:15[m[K:
[7.185s] [01m[K/usr/include/c++/11/bits/std_thread.h:244:13:[m[K [01;36m[Knote: [m[K  mismatched types ‘[01m[Kstd::tuple<_Tps ...>[m[K’ and ‘[01m[Kint (cartesian_impedance_control::WrenchPublisher::*)(int, char*)[m[K’
[7.186s]   244 |           : [01;36m[K_M_t(std::forward<_Args>(__args)...)[m[K
[7.186s]       |             [01;36m[K^~~~~~~~~~~~~~~~~~~~~~~~~~~~~~~~~~~~[m[K
[7.186s] In file included from [01m[K/usr/include/c++/11/bits/unique_ptr.h:37[m[K,
[7.186s]                  from [01m[K/usr/include/c++/11/memory:76[m[K,
[7.186s]                  from [01m[K/home/simi/franka_ros2_ws/src/cartesian_impedance_control/include/cartesian_impedance_control/cartesian_impedance_controller.hpp:22[m[K,
[7.186s]                  from [01m[K/home/simi/franka_ros2_ws/src/cartesian_impedance_control/src/cartesian_impedance_controller.cpp:15[m[K:
[7.186s] [01m[K/usr/include/c++/11/tuple:773:9:[m[K [01;36m[Knote: [m[Kcandidate: ‘[01m[Ktemplate<class ... _UElements, bool _Valid, typename std::enable_if<std::tuple<int (cartesian_impedance_control::WrenchPublisher::*)(int, char*), cartesian_impedance_control::WrenchPublisher, int, std::nullptr_t>::_TCC<_Valid>::__is_explicitly_constructible<const _UElements& ...>(), bool>::type <anonymous> > constexpr std::tuple<_Elements>::tuple(const std::tuple<_Args1 ...>&) [with _UElements = {_UElements ...}; bool _Valid = _Valid; typename std::enable_if<std::tuple<_Elements>::_TCC<_Valid>::__is_explicitly_constructible<const _UElements& ...>(), bool>::type <anonymous> = <anonymous>; _Elements = {int (cartesian_impedance_control::WrenchPublisher::*)(int, char*), cartesian_impedance_control::WrenchPublisher, int, std::nullptr_t}][m[K’
[7.186s]   773 |         [01;36m[Ktuple[m[K(const tuple<_UElements...>& __in)
[7.186s]       |         [01;36m[K^~~~~[m[K
[7.186s] [01m[K/usr/include/c++/11/tuple:773:9:[m[K [01;36m[Knote: [m[K  template argument deduction/substitution failed:
[7.186s] In file included from [01m[K/usr/include/c++/11/thread:43[m[K,
[7.186s]                  from [01m[K/home/simi/franka_ros2_ws/src/cartesian_impedance_control/include/cartesian_impedance_control/cartesian_impedance_controller.hpp:26[m[K,
[7.186s]                  from [01m[K/home/simi/franka_ros2_ws/src/cartesian_impedance_control/src/cartesian_impedance_controller.cpp:15[m[K:
[7.186s] [01m[K/usr/include/c++/11/bits/std_thread.h:244:13:[m[K [01;36m[Knote: [m[K  mismatched types ‘[01m[Kconst std::tuple<_Tps ...>[m[K’ and ‘[01m[Kint (cartesian_impedance_control::WrenchPublisher::*)(int, char*)[m[K’
[7.186s]   244 |           : [01;36m[K_M_t(std::forward<_Args>(__args)...)[m[K
[7.186s]       |             [01;36m[K^~~~~~~~~~~~~~~~~~~~~~~~~~~~~~~~~~~~[m[K
[7.187s] In file included from [01m[K/usr/include/c++/11/bits/unique_ptr.h:37[m[K,
[7.187s]                  from [01m[K/usr/include/c++/11/memory:76[m[K,
[7.187s]                  from [01m[K/home/simi/franka_ros2_ws/src/cartesian_impedance_control/include/cartesian_impedance_control/cartesian_impedance_controller.hpp:22[m[K,
[7.187s]                  from [01m[K/home/simi/franka_ros2_ws/src/cartesian_impedance_control/src/cartesian_impedance_controller.cpp:15[m[K:
[7.187s] [01m[K/usr/include/c++/11/tuple:763:9:[m[K [01;36m[Knote: [m[Kcandidate: ‘[01m[Ktemplate<class ... _UElements, bool _Valid, typename std::enable_if<std::tuple<int (cartesian_impedance_control::WrenchPublisher::*)(int, char*), cartesian_impedance_control::WrenchPublisher, int, std::nullptr_t>::_TCC<_Valid>::__is_implicitly_constructible<const _UElements& ...>(), bool>::type <anonymous> > constexpr std::tuple<_Elements>::tuple(const std::tuple<_Args1 ...>&) [with _UElements = {_UElements ...}; bool _Valid = _Valid; typename std::enable_if<std::tuple<_Elements>::_TCC<_Valid>::__is_implicitly_constructible<const _UElements& ...>(), bool>::type <anonymous> = <anonymous>; _Elements = {int (cartesian_impedance_control::WrenchPublisher::*)(int, char*), cartesian_impedance_control::WrenchPublisher, int, std::nullptr_t}][m[K’
[7.187s]   763 |         [01;36m[Ktuple[m[K(const tuple<_UElements...>& __in)
[7.187s]       |         [01;36m[K^~~~~[m[K
[7.187s] [01m[K/usr/include/c++/11/tuple:763:9:[m[K [01;36m[Knote: [m[K  template argument deduction/substitution failed:
[7.187s] In file included from [01m[K/usr/include/c++/11/thread:43[m[K,
[7.187s]                  from [01m[K/home/simi/franka_ros2_ws/src/cartesian_impedance_control/include/cartesian_impedance_control/cartesian_impedance_controller.hpp:26[m[K,
[7.187s]                  from [01m[K/home/simi/franka_ros2_ws/src/cartesian_impedance_control/src/cartesian_impedance_controller.cpp:15[m[K:
[7.187s] [01m[K/usr/include/c++/11/bits/std_thread.h:244:13:[m[K [01;36m[Knote: [m[K  mismatched types ‘[01m[Kconst std::tuple<_Tps ...>[m[K’ and ‘[01m[Kint (cartesian_impedance_control::WrenchPublisher::*)(int, char*)[m[K’
[7.187s]   244 |           : [01;36m[K_M_t(std::forward<_Args>(__args)...)[m[K
[7.187s]       |             [01;36m[K^~~~~~~~~~~~~~~~~~~~~~~~~~~~~~~~~~~~[m[K
[7.187s] In file included from [01m[K/usr/include/c++/11/bits/unique_ptr.h:37[m[K,
[7.187s]                  from [01m[K/usr/include/c++/11/memory:76[m[K,
[7.187s]                  from [01m[K/home/simi/franka_ros2_ws/src/cartesian_impedance_control/include/cartesian_impedance_control/cartesian_impedance_controller.hpp:22[m[K,
[7.188s]                  from [01m[K/home/simi/franka_ros2_ws/src/cartesian_impedance_control/src/cartesian_impedance_controller.cpp:15[m[K:
[7.188s] [01m[K/usr/include/c++/11/tuple:750:9:[m[K [01;36m[Knote: [m[Kcandidate: ‘[01m[Ktemplate<class ... _UElements, bool _Valid, typename std::enable_if<std::tuple<int (cartesian_impedance_control::WrenchPublisher::*)(int, char*), cartesian_impedance_control::WrenchPublisher, int, std::nullptr_t>::_TCC<_Valid>::__is_explicitly_constructible<_UElements ...>(), bool>::type <anonymous> > constexpr std::tuple<_Elements>::tuple(_UElements&& ...) [with _UElements = {_UElements ...}; bool _Valid = _Valid; typename std::enable_if<std::tuple<_Elements>::_TCC<_Valid>::__is_explicitly_constructible<_UElements ...>(), bool>::type <anonymous> = <anonymous>; _Elements = {int (cartesian_impedance_control::WrenchPublisher::*)(int, char*), cartesian_impedance_control::WrenchPublisher, int, std::nullptr_t}][m[K’
[7.188s]   750 |         [01;36m[Ktuple[m[K(_UElements&&... __elements)
[7.188s]       |         [01;36m[K^~~~~[m[K
[7.188s] [01m[K/usr/include/c++/11/tuple:750:9:[m[K [01;36m[Knote: [m[K  template argument deduction/substitution failed:
[7.188s] [01m[K/usr/include/c++/11/tuple:748:55:[m[K [01;31m[Kerror: [m[Kno type named ‘[01m[Ktype[m[K’ in ‘[01m[Kstruct std::enable_if<false, bool>[m[K’
[7.188s]   748 |                _ExplicitCtor<_Valid, _UElements...> = [01;31m[Kfalse[m[K>
[7.188s]       |                                                       [01;31m[K^~~~~[m[K
[7.188s] [01m[K/usr/include/c++/11/tuple:742:9:[m[K [01;36m[Knote: [m[Kcandidate: ‘[01m[Ktemplate<class ... _UElements, bool _Valid, typename std::enable_if<std::tuple<int (cartesian_impedance_control::WrenchPublisher::*)(int, char*), cartesian_impedance_control::WrenchPublisher, int, std::nullptr_t>::_TCC<_Valid>::__is_implicitly_constructible<_UElements ...>(), bool>::type <anonymous> > constexpr std::tuple<_Elements>::tuple(_UElements&& ...) [with _UElements = {_UElements ...}; bool _Valid = _Valid; typename std::enable_if<std::tuple<_Elements>::_TCC<_Valid>::__is_implicitly_constructible<_UElements ...>(), bool>::type <anonymous> = <anonymous>; _Elements = {int (cartesian_impedance_control::WrenchPublisher::*)(int, char*), cartesian_impedance_control::WrenchPublisher, int, std::nullptr_t}][m[K’
[7.188s]   742 |         [01;36m[Ktuple[m[K(_UElements&&... __elements)
[7.188s]       |         [01;36m[K^~~~~[m[K
[7.188s] [01m[K/usr/include/c++/11/tuple:742:9:[m[K [01;36m[Knote: [m[K  template argument deduction/substitution failed:
[7.188s] [01m[K/usr/include/c++/11/tuple:740:55:[m[K [01;31m[Kerror: [m[Kno type named ‘[01m[Ktype[m[K’ in ‘[01m[Kstruct std::enable_if<false, bool>[m[K’
[7.188s]   740 |                _ImplicitCtor<_Valid, _UElements...> = [01;31m[Ktrue[m[K>
[7.188s]       |                                                       [01;31m[K^~~~[m[K
[7.188s] [01m[K/usr/include/c++/11/tuple:734:9:[m[K [01;36m[Knote: [m[Kcandidate: ‘[01m[Ktemplate<bool _NotEmpty, typename std::enable_if<std::tuple<int (cartesian_impedance_control::WrenchPublisher::*)(int, char*), cartesian_impedance_control::WrenchPublisher, int, std::nullptr_t>::_TCC<_Cond>::__is_explicitly_constructible<int (WrenchPublisher::* const&)(int, char*), const WrenchPublisher&, const int&, std::nullptr_t&>(), bool>::type <anonymous> > constexpr std::tuple<_Elements>::tuple(const _Elements& ...) [with bool _NotEmpty = _NotEmpty; typename std::enable_if<std::tuple<_Elements>::_TCC<_Dummy>::__is_explicitly_constructible<const _Elements& ...>(), bool>::type <anonymous> = <anonymous>; _Elements = {int (cartesian_impedance_control::WrenchPublisher::*)(int, char*), cartesian_impedance_control::WrenchPublisher, int, std::nullptr_t}][m[K’
[7.188s]   734 |         [01;36m[Ktuple[m[K(const _Elements&... __elements)
[7.189s]       |         [01;36m[K^~~~~[m[K
[7.189s] [01m[K/usr/include/c++/11/tuple:734:9:[m[K [01;36m[Knote: [m[K  template argument deduction/substitution failed:
[7.189s] [01m[K/usr/include/c++/11/tuple:732:64:[m[K [01;31m[Kerror: [m[Kno type named ‘[01m[Ktype[m[K’ in ‘[01m[Kstruct std::enable_if<false, bool>[m[K’
[7.189s]   732 |                _ExplicitCtor<_NotEmpty, const _Elements&...> = [01;31m[Kfalse[m[K>
[7.189s]       |                                                                [01;31m[K^~~~~[m[K
[7.189s] [01m[K/usr/include/c++/11/tuple:727:9:[m[K [01;36m[Knote: [m[Kcandidate: ‘[01m[Ktemplate<bool _NotEmpty, typename std::enable_if<std::tuple<int (cartesian_impedance_control::WrenchPublisher::*)(int, char*), cartesian_impedance_control::WrenchPublisher, int, std::nullptr_t>::_TCC<_Cond>::__is_implicitly_constructible<int (WrenchPublisher::* const&)(int, char*), const WrenchPublisher&, const int&, std::nullptr_t&>(), bool>::type <anonymous> > constexpr std::tuple<_Elements>::tuple(const _Elements& ...) [with bool _NotEmpty = _NotEmpty; typename std::enable_if<std::tuple<_Elements>::_TCC<_Dummy>::__is_implicitly_constructible<const _Elements& ...>(), bool>::type <anonymous> = <anonymous>; _Elements = {int (cartesian_impedance_control::WrenchPublisher::*)(int, char*), cartesian_impedance_control::WrenchPublisher, int, std::nullptr_t}][m[K’
[7.189s]   727 |         [01;36m[Ktuple[m[K(const _Elements&... __elements)
[7.189s]       |         [01;36m[K^~~~~[m[K
[7.189s] [01m[K/usr/include/c++/11/tuple:727:9:[m[K [01;36m[Knote: [m[K  template argument deduction/substitution failed:
[7.189s] [01m[K/usr/include/c++/11/tuple:725:64:[m[K [01;31m[Kerror: [m[Kno type named ‘[01m[Ktype[m[K’ in ‘[01m[Kstruct std::enable_if<false, bool>[m[K’
[7.189s]   725 |                _ImplicitCtor<_NotEmpty, const _Elements&...> = [01;31m[Ktrue[m[K>
[7.189s]       |                                                                [01;31m[K^~~~[m[K
[7.189s] [01m[K/usr/include/c++/11/tuple:720:9:[m[K [01;36m[Knote: [m[Kcandidate: ‘[01m[Ktemplate<class _Dummy, typename std::enable_if<std::tuple<int (cartesian_impedance_control::WrenchPublisher::*)(int, char*), cartesian_impedance_control::WrenchPublisher, int, std::nullptr_t>::_TCC<std::is_void<_Tp>::value>::__is_explicitly_default_constructible(), bool>::type <anonymous> > constexpr std::tuple<_Elements>::tuple() [with _Dummy = _Dummy; typename std::enable_if<std::tuple<_Elements>::_TCC<std::is_void<_Dummy>::value>::__is_explicitly_default_constructible(), bool>::type <anonymous> = <anonymous>; _Elements = {int (cartesian_impedance_control::WrenchPublisher::*)(int, char*), cartesian_impedance_control::WrenchPublisher, int, std::nullptr_t}][m[K’
[7.189s]   720 |         [01;36m[Ktuple[m[K()
[7.189s]       |         [01;36m[K^~~~~[m[K
[7.190s] [01m[K/usr/include/c++/11/tuple:720:9:[m[K [01;36m[Knote: [m[K  template argument deduction/substitution failed:
[7.190s] In file included from [01m[K/usr/include/c++/11/thread:43[m[K,
[7.190s]                  from [01m[K/home/simi/franka_ros2_ws/src/cartesian_impedance_control/include/cartesian_impedance_control/cartesian_impedance_controller.hpp:26[m[K,
[7.190s]                  from [01m[K/home/simi/franka_ros2_ws/src/cartesian_impedance_control/src/cartesian_impedance_controller.cpp:15[m[K:
[7.190s] [01m[K/usr/include/c++/11/bits/std_thread.h:244:13:[m[K [01;36m[Knote: [m[K  candidate expects 0 arguments, 4 provided
[7.190s]   244 |           : [01;36m[K_M_t(std::forward<_Args>(__args)...)[m[K
[7.190s]       |             [01;36m[K^~~~~~~~~~~~~~~~~~~~~~~~~~~~~~~~~~~~[m[K
[7.190s] In file included from [01m[K/usr/include/c++/11/bits/unique_ptr.h:37[m[K,
[7.190s]                  from [01m[K/usr/include/c++/11/memory:76[m[K,
[7.190s]                  from [01m[K/home/simi/franka_ros2_ws/src/cartesian_impedance_control/include/cartesian_impedance_control/cartesian_impedance_controller.hpp:22[m[K,
[7.190s]                  from [01m[K/home/simi/franka_ros2_ws/src/cartesian_impedance_control/src/cartesian_impedance_controller.cpp:15[m[K:
[7.190s] [01m[K/usr/include/c++/11/tuple:713:9:[m[K [01;36m[Knote: [m[Kcandidate: ‘[01m[Ktemplate<class _Dummy, typename std::enable_if<std::tuple<int (cartesian_impedance_control::WrenchPublisher::*)(int, char*), cartesian_impedance_control::WrenchPublisher, int, std::nullptr_t>::_TCC<std::is_void<_Tp>::value>::__is_implicitly_default_constructible(), bool>::type <anonymous> > constexpr std::tuple<_Elements>::tuple() [with _Dummy = _Dummy; typename std::enable_if<std::tuple<_Elements>::_TCC<std::is_void<_Dummy>::value>::__is_implicitly_default_constructible(), bool>::type <anonymous> = <anonymous>; _Elements = {int (cartesian_impedance_control::WrenchPublisher::*)(int, char*), cartesian_impedance_control::WrenchPublisher, int, std::nullptr_t}][m[K’
[7.190s]   713 |         [01;36m[Ktuple[m[K()
[7.190s]       |         [01;36m[K^~~~~[m[K
[7.190s] [01m[K/usr/include/c++/11/tuple:713:9:[m[K [01;36m[Knote: [m[K  template argument deduction/substitution failed:
[7.190s] In file included from [01m[K/usr/include/c++/11/thread:43[m[K,
[7.190s]                  from [01m[K/home/simi/franka_ros2_ws/src/cartesian_impedance_control/include/cartesian_impedance_control/cartesian_impedance_controller.hpp:26[m[K,
[7.191s]                  from [01m[K/home/simi/franka_ros2_ws/src/cartesian_impedance_control/src/cartesian_impedance_controller.cpp:15[m[K:
[7.191s] [01m[K/usr/include/c++/11/bits/std_thread.h:244:13:[m[K [01;36m[Knote: [m[K  candidate expects 0 arguments, 4 provided
[7.191s]   244 |           : [01;36m[K_M_t(std::forward<_Args>(__args)...)[m[K
[7.191s]       |             [01;36m[K^~~~~~~~~~~~~~~~~~~~~~~~~~~~~~~~~~~~[m[K
[7.191s] In file included from [01m[K/usr/include/c++/11/bits/unique_ptr.h:37[m[K,
[7.191s]                  from [01m[K/usr/include/c++/11/memory:76[m[K,
[7.191s]                  from [01m[K/home/simi/franka_ros2_ws/src/cartesian_impedance_control/include/cartesian_impedance_control/cartesian_impedance_controller.hpp:22[m[K,
[7.191s]                  from [01m[K/home/simi/franka_ros2_ws/src/cartesian_impedance_control/src/cartesian_impedance_controller.cpp:15[m[K:
[7.191s] [01m[K/usr/include/c++/11/tuple:756:17:[m[K [01;36m[Knote: [m[Kcandidate: ‘[01m[Kconstexpr std::tuple<_Elements>::tuple(std::tuple<_Elements>&&) [with _Elements = {int (cartesian_impedance_control::WrenchPublisher::*)(int, char*), cartesian_impedance_control::WrenchPublisher, int, std::nullptr_t}][m[K’
[7.191s]   756 |       constexpr [01;36m[Ktuple[m[K(tuple&&) = default;
[7.191s]       |                 [01;36m[K^~~~~[m[K
[7.191s] [01m[K/usr/include/c++/11/tuple:756:17:[m[K [01;36m[Knote: [m[K  candidate expects 1 argument, 4 provided
[20.653s] gmake[2]: *** [CMakeFiles/cartesian_impedance_control.dir/build.make:76: CMakeFiles/cartesian_impedance_control.dir/src/cartesian_impedance_controller.cpp.o] Error 1
[20.656s] gmake[1]: *** [CMakeFiles/Makefile2:141: CMakeFiles/cartesian_impedance_control.dir/all] Error 2
[20.656s] gmake: *** [Makefile:146: all] Error 2
[20.660s] Invoked command in '/home/simi/franka_ros2_ws/build/cartesian_impedance_control' returned '2': CMAKE_PREFIX_PATH=/home/simi/franka_ros2_ws/install/franka_robot_state_broadcaster:/home/simi/franka_ros2_ws/install/franka_semantic_components:/home/simi/franka_ros2_ws/install/franka_hardware:/home/simi/franka_ros2_ws/install/messages_fr3:/home/simi/franka_ros2_ws/install/franka_msgs:/home/simi/franka_ros2_ws/install/franka_description:/home/simi/franka_ros2_ws/install/cartesian_impedance_control:/home/simi/franka_ros2_ws/install/joint_trajectory_controller:/home/simi/franka_ros2_ws/install/integration_launch_testing:/home/simi/franka_ros2_ws/install/franka_bringup:/home/simi/franka_ros2_ws/install/franka_example_controllers:/home/simi/franka_ros2_ws/install/franka_moveit_config:/home/simi/franka_ros2_ws/install/franka_gripper:/home/simi/franka_ros2_ws/install/realtime_plot_of_data:/opt/ros/humble LD_LIBRARY_PATH=/home/simi/franka_ros2_ws/install/franka_robot_state_broadcaster/lib:/home/simi/franka_ros2_ws/install/franka_semantic_components/lib:/home/simi/franka_ros2_ws/install/franka_hardware/lib:/home/simi/franka_ros2_ws/install/messages_fr3/lib:/home/simi/franka_ros2_ws/install/franka_msgs/lib:/home/simi/franka_ros2_ws/install/cartesian_impedance_control/lib:/home/simi/franka_ros2_ws/install/joint_trajectory_controller/lib:/home/simi/franka_ros2_ws/install/integration_launch_testing/lib:/home/simi/franka_ros2_ws/install/franka_example_controllers/lib:/home/simi/franka_ros2_ws/install/franka_gripper/lib:/opt/ros/humble/opt/rviz_ogre_vendor/lib:/opt/ros/humble/lib/x86_64-linux-gnu:/opt/ros/humble/lib /usr/bin/cmake --build /home/simi/franka_ros2_ws/build/cartesian_impedance_control -- -j16 -l16
