[0.033s] Invoking command in '/home/simi/franka_ros2_ws/build/cartesian_impedance_control': CMAKE_PREFIX_PATH=/home/simi/franka_ros2_ws/install/franka_robot_state_broadcaster:/home/simi/franka_ros2_ws/install/franka_semantic_components:/home/simi/franka_ros2_ws/install/franka_hardware:/home/simi/franka_ros2_ws/install/messages_fr3:/home/simi/franka_ros2_ws/install/franka_msgs:/home/simi/franka_ros2_ws/install/franka_description:/home/simi/franka_ros2_ws/install/cartesian_impedance_control:/home/simi/franka_ros2_ws/install/joint_trajectory_controller:/home/simi/franka_ros2_ws/install/integration_launch_testing:/home/simi/franka_ros2_ws/install/franka_bringup:/home/simi/franka_ros2_ws/install/franka_example_controllers:/home/simi/franka_ros2_ws/install/franka_moveit_config:/home/simi/franka_ros2_ws/install/franka_gripper:/home/simi/franka_ros2_ws/install/realtime_plot_of_data:/opt/ros/humble LD_LIBRARY_PATH=/home/simi/franka_ros2_ws/install/franka_robot_state_broadcaster/lib:/home/simi/franka_ros2_ws/install/franka_semantic_components/lib:/home/simi/franka_ros2_ws/install/franka_hardware/lib:/home/simi/franka_ros2_ws/install/messages_fr3/lib:/home/simi/franka_ros2_ws/install/franka_msgs/lib:/home/simi/franka_ros2_ws/install/cartesian_impedance_control/lib:/home/simi/franka_ros2_ws/install/joint_trajectory_controller/lib:/home/simi/franka_ros2_ws/install/integration_launch_testing/lib:/home/simi/franka_ros2_ws/install/franka_example_controllers/lib:/home/simi/franka_ros2_ws/install/franka_gripper/lib:/opt/ros/humble/opt/rviz_ogre_vendor/lib:/opt/ros/humble/lib/x86_64-linux-gnu:/opt/ros/humble/lib /usr/bin/cmake --build /home/simi/franka_ros2_ws/build/cartesian_impedance_control -- -j16 -l16
[0.111s] [35m[1mConsolidate compiler generated dependencies of target cartesian_impedance_control[0m
[0.164s] [ 12%] [32mBuilding CXX object CMakeFiles/cartesian_impedance_control.dir/src/user_input_server.cpp.o[0m
[0.165s] [ 25%] [32mBuilding CXX object CMakeFiles/cartesian_impedance_control.dir/src/cartesian_impedance_controller.cpp.o[0m
[0.166s] [ 37%] [32mBuilding CXX object CMakeFiles/cartesian_impedance_control.dir/src/force_control_server.cpp.o[0m
[6.475s] In file included from [01m[K/usr/include/c++/11/thread:43[m[K,
[6.475s]                  from [01m[K/home/simi/franka_ros2_ws/src/cartesian_impedance_control/include/cartesian_impedance_control/cartesian_impedance_controller.hpp:26[m[K,
[6.476s]                  from [01m[K/home/simi/franka_ros2_ws/src/cartesian_impedance_control/src/cartesian_impedance_controller.cpp:15[m[K:
[6.476s] /usr/include/c++/11/bits/std_thread.h: In instantiation of ‘[01m[Kstd::thread::_Invoker<_Tuple>::_Invoker(_Args&& ...) [with _Args = {int (cartesian_impedance_control::WrenchPublisher::*)(int, char**), cartesian_impedance_control::WrenchPublisher&, int, std::nullptr_t}; _Tuple = std::tuple<int (cartesian_impedance_control::WrenchPublisher::*)(int, char**), cartesian_impedance_control::WrenchPublisher, int, std::nullptr_t>][m[K’:
[6.476s] [01m[K/usr/include/c++/11/bits/std_thread.h:207:6:[m[K   required from ‘[01m[Kstd::thread::_State_impl<_Callable>::_State_impl(_Args&& ...) [with _Args = {int (cartesian_impedance_control::WrenchPublisher::*)(int, char**), cartesian_impedance_control::WrenchPublisher&, int, std::nullptr_t}; _Callable = std::thread::_Invoker<std::tuple<int (cartesian_impedance_control::WrenchPublisher::*)(int, char**), cartesian_impedance_control::WrenchPublisher, int, std::nullptr_t> >][m[K’
[6.476s] [01m[K/usr/include/c++/11/bits/std_thread.h:143:29:[m[K   required from ‘[01m[Kstd::thread::thread(_Callable&&, _Args&& ...) [with _Callable = int (cartesian_impedance_control::WrenchPublisher::*)(int, char**); _Args = {cartesian_impedance_control::WrenchPublisher&, int, std::nullptr_t}; <template-parameter-1-3> = void][m[K’
[6.476s] [01m[K/home/simi/franka_ros2_ws/src/cartesian_impedance_control/src/cartesian_impedance_controller.cpp:262:96:[m[K   required from here
[6.476s] [01m[K/usr/include/c++/11/bits/std_thread.h:244:13:[m[K [01;31m[Kerror: [m[Kno matching function for call to ‘[01m[Kstd::tuple<int (cartesian_impedance_control::WrenchPublisher::*)(int, char**), cartesian_impedance_control::WrenchPublisher, int, std::nullptr_t>::tuple(int (cartesian_impedance_control::WrenchPublisher::*)(int, char**), cartesian_impedance_control::WrenchPublisher&, int, std::nullptr_t)[m[K’
[6.476s]   244 |           : [01;31m[K_M_t(std::forward<_Args>(__args)...)[m[K
[6.477s]       |             [01;31m[K^~~~~~~~~~~~~~~~~~~~~~~~~~~~~~~~~~~~[m[K
[6.477s] In file included from [01m[K/usr/include/c++/11/bits/unique_ptr.h:37[m[K,
[6.477s]                  from [01m[K/usr/include/c++/11/memory:76[m[K,
[6.477s]                  from [01m[K/home/simi/franka_ros2_ws/src/cartesian_impedance_control/include/cartesian_impedance_control/cartesian_impedance_controller.hpp:22[m[K,
[6.477s]                  from [01m[K/home/simi/franka_ros2_ws/src/cartesian_impedance_control/src/cartesian_impedance_controller.cpp:15[m[K:
[6.477s] [01m[K/usr/include/c++/11/tuple:888:9:[m[K [01;36m[Knote: [m[Kcandidate: ‘[01m[Ktemplate<class _Alloc, class ... _UElements, bool _Valid, typename std::enable_if<std::tuple<int (cartesian_impedance_control::WrenchPublisher::*)(int, char**), cartesian_impedance_control::WrenchPublisher, int, std::nullptr_t>::_TCC<_Valid>::__is_explicitly_constructible<_UElements ...>(), bool>::type <anonymous> > std::tuple<_Elements>::tuple(std::allocator_arg_t, const _Alloc&, std::tuple<_Args2 ...>&&) [with _Alloc = _Alloc; _UElements = {_UElements ...}; bool _Valid = _Valid; typename std::enable_if<std::tuple<_Elements>::_TCC<_Valid>::__is_explicitly_constructible<_UElements ...>(), bool>::type <anonymous> = <anonymous>; _Elements = {int (cartesian_impedance_control::WrenchPublisher::*)(int, char**), cartesian_impedance_control::WrenchPublisher, int, std::nullptr_t}][m[K’
[6.477s]   888 |         [01;36m[Ktuple[m[K(allocator_arg_t __tag, const _Alloc& __a,
[6.477s]       |         [01;36m[K^~~~~[m[K
[6.477s] [01m[K/usr/include/c++/11/tuple:888:9:[m[K [01;36m[Knote: [m[K  template argument deduction/substitution failed:
[6.477s] In file included from [01m[K/usr/include/c++/11/thread:43[m[K,
[6.477s]                  from [01m[K/home/simi/franka_ros2_ws/src/cartesian_impedance_control/include/cartesian_impedance_control/cartesian_impedance_controller.hpp:26[m[K,
[6.477s]                  from [01m[K/home/simi/franka_ros2_ws/src/cartesian_impedance_control/src/cartesian_impedance_controller.cpp:15[m[K:
[6.478s] [01m[K/usr/include/c++/11/bits/std_thread.h:244:13:[m[K [01;36m[Knote: [m[K  mismatched types ‘[01m[Kstd::tuple<_UTypes ...>[m[K’ and ‘[01m[Kint[m[K’
[6.478s]   244 |           : [01;36m[K_M_t(std::forward<_Args>(__args)...)[m[K
[6.478s]       |             [01;36m[K^~~~~~~~~~~~~~~~~~~~~~~~~~~~~~~~~~~~[m[K
[6.478s] In file included from [01m[K/usr/include/c++/11/bits/unique_ptr.h:37[m[K,
[6.478s]                  from [01m[K/usr/include/c++/11/memory:76[m[K,
[6.478s]                  from [01m[K/home/simi/franka_ros2_ws/src/cartesian_impedance_control/include/cartesian_impedance_control/cartesian_impedance_controller.hpp:22[m[K,
[6.478s]                  from [01m[K/home/simi/franka_ros2_ws/src/cartesian_impedance_control/src/cartesian_impedance_controller.cpp:15[m[K:
[6.478s] [01m[K/usr/include/c++/11/tuple:876:9:[m[K [01;36m[Knote: [m[Kcandidate: ‘[01m[Ktemplate<class _Alloc, class ... _UElements, bool _Valid, typename std::enable_if<std::tuple<int (cartesian_impedance_control::WrenchPublisher::*)(int, char**), cartesian_impedance_control::WrenchPublisher, int, std::nullptr_t>::_TCC<_Valid>::__is_implicitly_constructible<_UElements ...>(), bool>::type <anonymous> > std::tuple<_Elements>::tuple(std::allocator_arg_t, const _Alloc&, std::tuple<_Args2 ...>&&) [with _Alloc = _Alloc; _UElements = {_UElements ...}; bool _Valid = _Valid; typename std::enable_if<std::tuple<_Elements>::_TCC<_Valid>::__is_implicitly_constructible<_UElements ...>(), bool>::type <anonymous> = <anonymous>; _Elements = {int (cartesian_impedance_control::WrenchPublisher::*)(int, char**), cartesian_impedance_control::WrenchPublisher, int, std::nullptr_t}][m[K’
[6.478s]   876 |         [01;36m[Ktuple[m[K(allocator_arg_t __tag, const _Alloc& __a,
[6.478s]       |         [01;36m[K^~~~~[m[K
[6.478s] [01m[K/usr/include/c++/11/tuple:876:9:[m[K [01;36m[Knote: [m[K  template argument deduction/substitution failed:
[6.478s] In file included from [01m[K/usr/include/c++/11/thread:43[m[K,
[6.478s]                  from [01m[K/home/simi/franka_ros2_ws/src/cartesian_impedance_control/include/cartesian_impedance_control/cartesian_impedance_controller.hpp:26[m[K,
[6.478s]                  from [01m[K/home/simi/franka_ros2_ws/src/cartesian_impedance_control/src/cartesian_impedance_controller.cpp:15[m[K:
[6.478s] [01m[K/usr/include/c++/11/bits/std_thread.h:244:13:[m[K [01;36m[Knote: [m[K  mismatched types ‘[01m[Kstd::tuple<_UTypes ...>[m[K’ and ‘[01m[Kint[m[K’
[6.478s]   244 |           : [01;36m[K_M_t(std::forward<_Args>(__args)...)[m[K
[6.478s]       |             [01;36m[K^~~~~~~~~~~~~~~~~~~~~~~~~~~~~~~~~~~~[m[K
[6.479s] In file included from [01m[K/usr/include/c++/11/bits/unique_ptr.h:37[m[K,
[6.479s]                  from [01m[K/usr/include/c++/11/memory:76[m[K,
[6.479s]                  from [01m[K/home/simi/franka_ros2_ws/src/cartesian_impedance_control/include/cartesian_impedance_control/cartesian_impedance_controller.hpp:22[m[K,
[6.479s]                  from [01m[K/home/simi/franka_ros2_ws/src/cartesian_impedance_control/src/cartesian_impedance_controller.cpp:15[m[K:
[6.479s] [01m[K/usr/include/c++/11/tuple:865:9:[m[K [01;36m[Knote: [m[Kcandidate: ‘[01m[Ktemplate<class _Alloc, class ... _UElements, bool _Valid, typename std::enable_if<std::tuple<int (cartesian_impedance_control::WrenchPublisher::*)(int, char**), cartesian_impedance_control::WrenchPublisher, int, std::nullptr_t>::_TCC<_Valid>::__is_explicitly_constructible<const _UElements& ...>(), bool>::type <anonymous> > std::tuple<_Elements>::tuple(std::allocator_arg_t, const _Alloc&, const std::tuple<_Args2 ...>&) [with _Alloc = _Alloc; _UElements = {_UElements ...}; bool _Valid = _Valid; typename std::enable_if<std::tuple<_Elements>::_TCC<_Valid>::__is_explicitly_constructible<const _UElements& ...>(), bool>::type <anonymous> = <anonymous>; _Elements = {int (cartesian_impedance_control::WrenchPublisher::*)(int, char**), cartesian_impedance_control::WrenchPublisher, int, std::nullptr_t}][m[K’
[6.479s]   865 |         [01;36m[Ktuple[m[K(allocator_arg_t __tag, const _Alloc& __a,
[6.479s]       |         [01;36m[K^~~~~[m[K
[6.479s] [01m[K/usr/include/c++/11/tuple:865:9:[m[K [01;36m[Knote: [m[K  template argument deduction/substitution failed:
[6.479s] In file included from [01m[K/usr/include/c++/11/thread:43[m[K,
[6.479s]                  from [01m[K/home/simi/franka_ros2_ws/src/cartesian_impedance_control/include/cartesian_impedance_control/cartesian_impedance_controller.hpp:26[m[K,
[6.479s]                  from [01m[K/home/simi/franka_ros2_ws/src/cartesian_impedance_control/src/cartesian_impedance_controller.cpp:15[m[K:
[6.479s] [01m[K/usr/include/c++/11/bits/std_thread.h:244:13:[m[K [01;36m[Knote: [m[K  mismatched types ‘[01m[Kconst std::tuple<_UTypes ...>[m[K’ and ‘[01m[Kint[m[K’
[6.479s]   244 |           : [01;36m[K_M_t(std::forward<_Args>(__args)...)[m[K
[6.479s]       |             [01;36m[K^~~~~~~~~~~~~~~~~~~~~~~~~~~~~~~~~~~~[m[K
[6.479s] In file included from [01m[K/usr/include/c++/11/bits/unique_ptr.h:37[m[K,
[6.479s]                  from [01m[K/usr/include/c++/11/memory:76[m[K,
[6.479s]                  from [01m[K/home/simi/franka_ros2_ws/src/cartesian_impedance_control/include/cartesian_impedance_control/cartesian_impedance_controller.hpp:22[m[K,
[6.480s]                  from [01m[K/home/simi/franka_ros2_ws/src/cartesian_impedance_control/src/cartesian_impedance_controller.cpp:15[m[K:
[6.480s] [01m[K/usr/include/c++/11/tuple:853:9:[m[K [01;36m[Knote: [m[Kcandidate: ‘[01m[Ktemplate<class _Alloc, class ... _UElements, bool _Valid, typename std::enable_if<std::tuple<int (cartesian_impedance_control::WrenchPublisher::*)(int, char**), cartesian_impedance_control::WrenchPublisher, int, std::nullptr_t>::_TCC<_Valid>::__is_implicitly_constructible<const _UElements& ...>(), bool>::type <anonymous> > std::tuple<_Elements>::tuple(std::allocator_arg_t, const _Alloc&, const std::tuple<_Args2 ...>&) [with _Alloc = _Alloc; _UElements = {_UElements ...}; bool _Valid = _Valid; typename std::enable_if<std::tuple<_Elements>::_TCC<_Valid>::__is_implicitly_constructible<const _UElements& ...>(), bool>::type <anonymous> = <anonymous>; _Elements = {int (cartesian_impedance_control::WrenchPublisher::*)(int, char**), cartesian_impedance_control::WrenchPublisher, int, std::nullptr_t}][m[K’
[6.480s]   853 |         [01;36m[Ktuple[m[K(allocator_arg_t __tag, const _Alloc& __a,
[6.480s]       |         [01;36m[K^~~~~[m[K
[6.480s] [01m[K/usr/include/c++/11/tuple:853:9:[m[K [01;36m[Knote: [m[K  template argument deduction/substitution failed:
[6.480s] In file included from [01m[K/usr/include/c++/11/thread:43[m[K,
[6.480s]                  from [01m[K/home/simi/franka_ros2_ws/src/cartesian_impedance_control/include/cartesian_impedance_control/cartesian_impedance_controller.hpp:26[m[K,
[6.480s]                  from [01m[K/home/simi/franka_ros2_ws/src/cartesian_impedance_control/src/cartesian_impedance_controller.cpp:15[m[K:
[6.480s] [01m[K/usr/include/c++/11/bits/std_thread.h:244:13:[m[K [01;36m[Knote: [m[K  mismatched types ‘[01m[Kconst std::tuple<_UTypes ...>[m[K’ and ‘[01m[Kint[m[K’
[6.480s]   244 |           : [01;36m[K_M_t(std::forward<_Args>(__args)...)[m[K
[6.480s]       |             [01;36m[K^~~~~~~~~~~~~~~~~~~~~~~~~~~~~~~~~~~~[m[K
[6.480s] In file included from [01m[K/usr/include/c++/11/bits/unique_ptr.h:37[m[K,
[6.480s]                  from [01m[K/usr/include/c++/11/memory:76[m[K,
[6.480s]                  from [01m[K/home/simi/franka_ros2_ws/src/cartesian_impedance_control/include/cartesian_impedance_control/cartesian_impedance_controller.hpp:22[m[K,
[6.480s]                  from [01m[K/home/simi/franka_ros2_ws/src/cartesian_impedance_control/src/cartesian_impedance_controller.cpp:15[m[K:
[6.480s] [01m[K/usr/include/c++/11/tuple:845:9:[m[K [01;36m[Knote: [m[Kcandidate: ‘[01m[Ktemplate<class _Alloc> std::tuple<_Elements>::tuple(std::allocator_arg_t, const _Alloc&, std::tuple<_Elements>&&) [with _Alloc = _Alloc; _Elements = {int (cartesian_impedance_control::WrenchPublisher::*)(int, char**), cartesian_impedance_control::WrenchPublisher, int, std::nullptr_t}][m[K’
[6.480s]   845 |         [01;36m[Ktuple[m[K(allocator_arg_t __tag, const _Alloc& __a, tuple&& __in)
[6.481s]       |         [01;36m[K^~~~~[m[K
[6.481s] [01m[K/usr/include/c++/11/tuple:845:9:[m[K [01;36m[Knote: [m[K  template argument deduction/substitution failed:
[6.481s] In file included from [01m[K/usr/include/c++/11/thread:43[m[K,
[6.481s]                  from [01m[K/home/simi/franka_ros2_ws/src/cartesian_impedance_control/include/cartesian_impedance_control/cartesian_impedance_controller.hpp:26[m[K,
[6.481s]                  from [01m[K/home/simi/franka_ros2_ws/src/cartesian_impedance_control/src/cartesian_impedance_controller.cpp:15[m[K:
[6.481s] [01m[K/usr/include/c++/11/bits/std_thread.h:244:13:[m[K [01;36m[Knote: [m[K  candidate expects 3 arguments, 4 provided
[6.481s]   244 |           : [01;36m[K_M_t(std::forward<_Args>(__args)...)[m[K
[6.481s]       |             [01;36m[K^~~~~~~~~~~~~~~~~~~~~~~~~~~~~~~~~~~~[m[K
[6.481s] In file included from [01m[K/usr/include/c++/11/bits/unique_ptr.h:37[m[K,
[6.481s]                  from [01m[K/usr/include/c++/11/memory:76[m[K,
[6.481s]                  from [01m[K/home/simi/franka_ros2_ws/src/cartesian_impedance_control/include/cartesian_impedance_control/cartesian_impedance_controller.hpp:22[m[K,
[6.481s]                  from [01m[K/home/simi/franka_ros2_ws/src/cartesian_impedance_control/src/cartesian_impedance_controller.cpp:15[m[K:
[6.481s] [01m[K/usr/include/c++/11/tuple:840:9:[m[K [01;36m[Knote: [m[Kcandidate: ‘[01m[Ktemplate<class _Alloc> std::tuple<_Elements>::tuple(std::allocator_arg_t, const _Alloc&, const std::tuple<_Elements>&) [with _Alloc = _Alloc; _Elements = {int (cartesian_impedance_control::WrenchPublisher::*)(int, char**), cartesian_impedance_control::WrenchPublisher, int, std::nullptr_t}][m[K’
[6.481s]   840 |         [01;36m[Ktuple[m[K(allocator_arg_t __tag, const _Alloc& __a, const tuple& __in)
[6.481s]       |         [01;36m[K^~~~~[m[K
[6.481s] [01m[K/usr/include/c++/11/tuple:840:9:[m[K [01;36m[Knote: [m[K  template argument deduction/substitution failed:
[6.481s] In file included from [01m[K/usr/include/c++/11/thread:43[m[K,
[6.482s]                  from [01m[K/home/simi/franka_ros2_ws/src/cartesian_impedance_control/include/cartesian_impedance_control/cartesian_impedance_controller.hpp:26[m[K,
[6.482s]                  from [01m[K/home/simi/franka_ros2_ws/src/cartesian_impedance_control/src/cartesian_impedance_controller.cpp:15[m[K:
[6.482s] [01m[K/usr/include/c++/11/bits/std_thread.h:244:13:[m[K [01;36m[Knote: [m[K  candidate expects 3 arguments, 4 provided
[6.482s]   244 |           : [01;36m[K_M_t(std::forward<_Args>(__args)...)[m[K
[6.482s]       |             [01;36m[K^~~~~~~~~~~~~~~~~~~~~~~~~~~~~~~~~~~~[m[K
[6.482s] In file included from [01m[K/usr/include/c++/11/bits/unique_ptr.h:37[m[K,
[6.482s]                  from [01m[K/usr/include/c++/11/memory:76[m[K,
[6.482s]                  from [01m[K/home/simi/franka_ros2_ws/src/cartesian_impedance_control/include/cartesian_impedance_control/cartesian_impedance_controller.hpp:22[m[K,
[6.482s]                  from [01m[K/home/simi/franka_ros2_ws/src/cartesian_impedance_control/src/cartesian_impedance_controller.cpp:15[m[K:
[6.482s] [01m[K/usr/include/c++/11/tuple:833:9:[m[K [01;36m[Knote: [m[Kcandidate: ‘[01m[Ktemplate<class _Alloc, class ... _UElements, bool _Valid, typename std::enable_if<std::tuple<int (cartesian_impedance_control::WrenchPublisher::*)(int, char**), cartesian_impedance_control::WrenchPublisher, int, std::nullptr_t>::_TCC<_Valid>::__is_explicitly_constructible<_UElements ...>(), bool>::type <anonymous> > std::tuple<_Elements>::tuple(std::allocator_arg_t, const _Alloc&, _UElements&& ...) [with _Alloc = _Alloc; _UElements = {_UElements ...}; bool _Valid = _Valid; typename std::enable_if<std::tuple<_Elements>::_TCC<_Valid>::__is_explicitly_constructible<_UElements ...>(), bool>::type <anonymous> = <anonymous>; _Elements = {int (cartesian_impedance_control::WrenchPublisher::*)(int, char**), cartesian_impedance_control::WrenchPublisher, int, std::nullptr_t}][m[K’
[6.482s]   833 |         [01;36m[Ktuple[m[K(allocator_arg_t __tag, const _Alloc& __a,
[6.482s]       |         [01;36m[K^~~~~[m[K
[6.482s] [01m[K/usr/include/c++/11/tuple:833:9:[m[K [01;36m[Knote: [m[K  template argument deduction/substitution failed:
[6.482s] [01m[K/usr/include/c++/11/tuple:830:55:[m[K [01;31m[Kerror: [m[Kno type named ‘[01m[Ktype[m[K’ in ‘[01m[Kstruct std::enable_if<false, bool>[m[K’
[6.482s]   830 |                _ExplicitCtor<_Valid, _UElements...> = [01;31m[Kfalse[m[K>
[6.482s]       |                                                       [01;31m[K^~~~~[m[K
[6.482s] [01m[K/usr/include/c++/11/tuple:823:9:[m[K [01;36m[Knote: [m[Kcandidate: ‘[01m[Ktemplate<class _Alloc, class ... _UElements, bool _Valid, typename std::enable_if<std::tuple<int (cartesian_impedance_control::WrenchPublisher::*)(int, char**), cartesian_impedance_control::WrenchPublisher, int, std::nullptr_t>::_TCC<_Valid>::__is_implicitly_constructible<_UElements ...>(), bool>::type <anonymous> > std::tuple<_Elements>::tuple(std::allocator_arg_t, const _Alloc&, _UElements&& ...) [with _Alloc = _Alloc; _UElements = {_UElements ...}; bool _Valid = _Valid; typename std::enable_if<std::tuple<_Elements>::_TCC<_Valid>::__is_implicitly_constructible<_UElements ...>(), bool>::type <anonymous> = <anonymous>; _Elements = {int (cartesian_impedance_control::WrenchPublisher::*)(int, char**), cartesian_impedance_control::WrenchPublisher, int, std::nullptr_t}][m[K’
[6.483s]   823 |         [01;36m[Ktuple[m[K(allocator_arg_t __tag, const _Alloc& __a,
[6.483s]       |         [01;36m[K^~~~~[m[K
[6.483s] [01m[K/usr/include/c++/11/tuple:823:9:[m[K [01;36m[Knote: [m[K  template argument deduction/substitution failed:
[6.483s] [01m[K/usr/include/c++/11/tuple:821:55:[m[K [01;31m[Kerror: [m[Kno type named ‘[01m[Ktype[m[K’ in ‘[01m[Kstruct std::enable_if<false, bool>[m[K’
[6.483s]   821 |                _ImplicitCtor<_Valid, _UElements...> = [01;31m[Ktrue[m[K>
[6.483s]       |                                                       [01;31m[K^~~~[m[K
[6.483s] [01m[K/usr/include/c++/11/tuple:815:9:[m[K [01;36m[Knote: [m[Kcandidate: ‘[01m[Ktemplate<class _Alloc, bool _NotEmpty, typename std::enable_if<std::tuple<int (cartesian_impedance_control::WrenchPublisher::*)(int, char**), cartesian_impedance_control::WrenchPublisher, int, std::nullptr_t>::_TCC<_Valid>::__is_explicitly_constructible<int (WrenchPublisher::* const&)(int, char**), const WrenchPublisher&, const int&, std::nullptr_t&>(), bool>::type <anonymous> > std::tuple<_Elements>::tuple(std::allocator_arg_t, const _Alloc&, const _Elements& ...) [with _Alloc = _Alloc; bool _NotEmpty = _NotEmpty; typename std::enable_if<std::tuple<_Elements>::_TCC<_Valid>::__is_explicitly_constructible<const _Elements& ...>(), bool>::type <anonymous> = <anonymous>; _Elements = {int (cartesian_impedance_control::WrenchPublisher::*)(int, char**), cartesian_impedance_control::WrenchPublisher, int, std::nullptr_t}][m[K’
[6.483s]   815 |         [01;36m[Ktuple[m[K(allocator_arg_t __tag, const _Alloc& __a,
[6.483s]       |         [01;36m[K^~~~~[m[K
[6.483s] [01m[K/usr/include/c++/11/tuple:815:9:[m[K [01;36m[Knote: [m[K  template argument deduction/substitution failed:
[6.483s] In file included from [01m[K/usr/include/c++/11/thread:43[m[K,
[6.483s]                  from [01m[K/home/simi/franka_ros2_ws/src/cartesian_impedance_control/include/cartesian_impedance_control/cartesian_impedance_controller.hpp:26[m[K,
[6.483s]                  from [01m[K/home/simi/franka_ros2_ws/src/cartesian_impedance_control/src/cartesian_impedance_controller.cpp:15[m[K:
[6.483s] [01m[K/usr/include/c++/11/bits/std_thread.h:244:13:[m[K [01;36m[Knote: [m[K  candidate expects 6 arguments, 4 provided
[6.483s]   244 |           : [01;36m[K_M_t(std::forward<_Args>(__args)...)[m[K
[6.483s]       |             [01;36m[K^~~~~~~~~~~~~~~~~~~~~~~~~~~~~~~~~~~~[m[K
[6.483s] In file included from [01m[K/usr/include/c++/11/bits/unique_ptr.h:37[m[K,
[6.484s]                  from [01m[K/usr/include/c++/11/memory:76[m[K,
[6.484s]                  from [01m[K/home/simi/franka_ros2_ws/src/cartesian_impedance_control/include/cartesian_impedance_control/cartesian_impedance_controller.hpp:22[m[K,
[6.484s]                  from [01m[K/home/simi/franka_ros2_ws/src/cartesian_impedance_control/src/cartesian_impedance_controller.cpp:15[m[K:
[6.484s] [01m[K/usr/include/c++/11/tuple:807:9:[m[K [01;36m[Knote: [m[Kcandidate: ‘[01m[Ktemplate<class _Alloc, bool _NotEmpty, typename std::enable_if<std::tuple<int (cartesian_impedance_control::WrenchPublisher::*)(int, char**), cartesian_impedance_control::WrenchPublisher, int, std::nullptr_t>::_TCC<_Valid>::__is_implicitly_constructible<int (WrenchPublisher::* const&)(int, char**), const WrenchPublisher&, const int&, std::nullptr_t&>(), bool>::type <anonymous> > std::tuple<_Elements>::tuple(std::allocator_arg_t, const _Alloc&, const _Elements& ...) [with _Alloc = _Alloc; bool _NotEmpty = _NotEmpty; typename std::enable_if<std::tuple<_Elements>::_TCC<_Valid>::__is_implicitly_constructible<const _Elements& ...>(), bool>::type <anonymous> = <anonymous>; _Elements = {int (cartesian_impedance_control::WrenchPublisher::*)(int, char**), cartesian_impedance_control::WrenchPublisher, int, std::nullptr_t}][m[K’
[6.484s]   807 |         [01;36m[Ktuple[m[K(allocator_arg_t __tag, const _Alloc& __a,
[6.484s]       |         [01;36m[K^~~~~[m[K
[6.484s] [01m[K/usr/include/c++/11/tuple:807:9:[m[K [01;36m[Knote: [m[K  template argument deduction/substitution failed:
[6.484s] In file included from [01m[K/usr/include/c++/11/thread:43[m[K,
[6.484s]                  from [01m[K/home/simi/franka_ros2_ws/src/cartesian_impedance_control/include/cartesian_impedance_control/cartesian_impedance_controller.hpp:26[m[K,
[6.484s]                  from [01m[K/home/simi/franka_ros2_ws/src/cartesian_impedance_control/src/cartesian_impedance_controller.cpp:15[m[K:
[6.484s] [01m[K/usr/include/c++/11/bits/std_thread.h:244:13:[m[K [01;36m[Knote: [m[K  candidate expects 6 arguments, 4 provided
[6.484s]   244 |           : [01;36m[K_M_t(std::forward<_Args>(__args)...)[m[K
[6.484s]       |             [01;36m[K^~~~~~~~~~~~~~~~~~~~~~~~~~~~~~~~~~~~[m[K
[6.484s] In file included from [01m[K/usr/include/c++/11/bits/unique_ptr.h:37[m[K,
[6.484s]                  from [01m[K/usr/include/c++/11/memory:76[m[K,
[6.484s]                  from [01m[K/home/simi/franka_ros2_ws/src/cartesian_impedance_control/include/cartesian_impedance_control/cartesian_impedance_controller.hpp:22[m[K,
[6.485s]                  from [01m[K/home/simi/franka_ros2_ws/src/cartesian_impedance_control/src/cartesian_impedance_controller.cpp:15[m[K:
[6.485s] [01m[K/usr/include/c++/11/tuple:801:9:[m[K [01;36m[Knote: [m[Kcandidate: ‘[01m[Ktemplate<class _Alloc, typename std::enable_if<std::tuple<int (cartesian_impedance_control::WrenchPublisher::*)(int, char**), cartesian_impedance_control::WrenchPublisher, int, std::nullptr_t>::_TCC<std::is_object<_Tp>::value>::__is_implicitly_default_constructible(), bool>::type <anonymous> > std::tuple<_Elements>::tuple(std::allocator_arg_t, const _Alloc&) [with _Alloc = _Alloc; typename std::enable_if<std::tuple<_Elements>::_TCC<std::is_object<_Alloc>::value>::__is_implicitly_default_constructible(), bool>::type <anonymous> = <anonymous>; _Elements = {int (cartesian_impedance_control::WrenchPublisher::*)(int, char**), cartesian_impedance_control::WrenchPublisher, int, std::nullptr_t}][m[K’
[6.485s]   801 |         [01;36m[Ktuple[m[K(allocator_arg_t __tag, const _Alloc& __a)
[6.485s]       |         [01;36m[K^~~~~[m[K
[6.485s] [01m[K/usr/include/c++/11/tuple:801:9:[m[K [01;36m[Knote: [m[K  template argument deduction/substitution failed:
[6.485s] In file included from [01m[K/usr/include/c++/11/thread:43[m[K,
[6.485s]                  from [01m[K/home/simi/franka_ros2_ws/src/cartesian_impedance_control/include/cartesian_impedance_control/cartesian_impedance_controller.hpp:26[m[K,
[6.485s]                  from [01m[K/home/simi/franka_ros2_ws/src/cartesian_impedance_control/src/cartesian_impedance_controller.cpp:15[m[K:
[6.485s] [01m[K/usr/include/c++/11/bits/std_thread.h:244:13:[m[K [01;36m[Knote: [m[K  candidate expects 2 arguments, 4 provided
[6.485s]   244 |           : [01;36m[K_M_t(std::forward<_Args>(__args)...)[m[K
[6.485s]       |             [01;36m[K^~~~~~~~~~~~~~~~~~~~~~~~~~~~~~~~~~~~[m[K
[6.485s] In file included from [01m[K/usr/include/c++/11/bits/unique_ptr.h:37[m[K,
[6.485s]                  from [01m[K/usr/include/c++/11/memory:76[m[K,
[6.485s]                  from [01m[K/home/simi/franka_ros2_ws/src/cartesian_impedance_control/include/cartesian_impedance_control/cartesian_impedance_controller.hpp:22[m[K,
[6.485s]                  from [01m[K/home/simi/franka_ros2_ws/src/cartesian_impedance_control/src/cartesian_impedance_controller.cpp:15[m[K:
[6.485s] [01m[K/usr/include/c++/11/tuple:792:9:[m[K [01;36m[Knote: [m[Kcandidate: ‘[01m[Ktemplate<class ... _UElements, bool _Valid, typename std::enable_if<std::tuple<int (cartesian_impedance_control::WrenchPublisher::*)(int, char**), cartesian_impedance_control::WrenchPublisher, int, std::nullptr_t>::_TCC<_Valid>::__is_explicitly_constructible<_UElements ...>(), bool>::type <anonymous> > constexpr std::tuple<_Elements>::tuple(std::tuple<_Args1 ...>&&) [with _UElements = {_UElements ...}; bool _Valid = _Valid; typename std::enable_if<std::tuple<_Elements>::_TCC<_Valid>::__is_explicitly_constructible<_UElements ...>(), bool>::type <anonymous> = <anonymous>; _Elements = {int (cartesian_impedance_control::WrenchPublisher::*)(int, char**), cartesian_impedance_control::WrenchPublisher, int, std::nullptr_t}][m[K’
[6.485s]   792 |         [01;36m[Ktuple[m[K(tuple<_UElements...>&& __in)
[6.486s]       |         [01;36m[K^~~~~[m[K
[6.486s] [01m[K/usr/include/c++/11/tuple:792:9:[m[K [01;36m[Knote: [m[K  template argument deduction/substitution failed:
[6.486s] In file included from [01m[K/usr/include/c++/11/thread:43[m[K,
[6.486s]                  from [01m[K/home/simi/franka_ros2_ws/src/cartesian_impedance_control/include/cartesian_impedance_control/cartesian_impedance_controller.hpp:26[m[K,
[6.486s]                  from [01m[K/home/simi/franka_ros2_ws/src/cartesian_impedance_control/src/cartesian_impedance_controller.cpp:15[m[K:
[6.486s] [01m[K/usr/include/c++/11/bits/std_thread.h:244:13:[m[K [01;36m[Knote: [m[K  mismatched types ‘[01m[Kstd::tuple<_Tps ...>[m[K’ and ‘[01m[Kint (cartesian_impedance_control::WrenchPublisher::*)(int, char**)[m[K’
[6.486s]   244 |           : [01;36m[K_M_t(std::forward<_Args>(__args)...)[m[K
[6.486s]       |             [01;36m[K^~~~~~~~~~~~~~~~~~~~~~~~~~~~~~~~~~~~[m[K
[6.486s] In file included from [01m[K/usr/include/c++/11/bits/unique_ptr.h:37[m[K,
[6.486s]                  from [01m[K/usr/include/c++/11/memory:76[m[K,
[6.486s]                  from [01m[K/home/simi/franka_ros2_ws/src/cartesian_impedance_control/include/cartesian_impedance_control/cartesian_impedance_controller.hpp:22[m[K,
[6.486s]                  from [01m[K/home/simi/franka_ros2_ws/src/cartesian_impedance_control/src/cartesian_impedance_controller.cpp:15[m[K:
[6.486s] [01m[K/usr/include/c++/11/tuple:783:9:[m[K [01;36m[Knote: [m[Kcandidate: ‘[01m[Ktemplate<class ... _UElements, bool _Valid, typename std::enable_if<std::tuple<int (cartesian_impedance_control::WrenchPublisher::*)(int, char**), cartesian_impedance_control::WrenchPublisher, int, std::nullptr_t>::_TCC<_Valid>::__is_implicitly_constructible<_UElements ...>(), bool>::type <anonymous> > constexpr std::tuple<_Elements>::tuple(std::tuple<_Args1 ...>&&) [with _UElements = {_UElements ...}; bool _Valid = _Valid; typename std::enable_if<std::tuple<_Elements>::_TCC<_Valid>::__is_implicitly_constructible<_UElements ...>(), bool>::type <anonymous> = <anonymous>; _Elements = {int (cartesian_impedance_control::WrenchPublisher::*)(int, char**), cartesian_impedance_control::WrenchPublisher, int, std::nullptr_t}][m[K’
[6.486s]   783 |         [01;36m[Ktuple[m[K(tuple<_UElements...>&& __in)
[6.486s]       |         [01;36m[K^~~~~[m[K
[6.486s] [01m[K/usr/include/c++/11/tuple:783:9:[m[K [01;36m[Knote: [m[K  template argument deduction/substitution failed:
[6.486s] In file included from [01m[K/usr/include/c++/11/thread:43[m[K,
[6.487s]                  from [01m[K/home/simi/franka_ros2_ws/src/cartesian_impedance_control/include/cartesian_impedance_control/cartesian_impedance_controller.hpp:26[m[K,
[6.487s]                  from [01m[K/home/simi/franka_ros2_ws/src/cartesian_impedance_control/src/cartesian_impedance_controller.cpp:15[m[K:
[6.487s] [01m[K/usr/include/c++/11/bits/std_thread.h:244:13:[m[K [01;36m[Knote: [m[K  mismatched types ‘[01m[Kstd::tuple<_Tps ...>[m[K’ and ‘[01m[Kint (cartesian_impedance_control::WrenchPublisher::*)(int, char**)[m[K’
[6.487s]   244 |           : [01;36m[K_M_t(std::forward<_Args>(__args)...)[m[K
[6.487s]       |             [01;36m[K^~~~~~~~~~~~~~~~~~~~~~~~~~~~~~~~~~~~[m[K
[6.487s] In file included from [01m[K/usr/include/c++/11/bits/unique_ptr.h:37[m[K,
[6.487s]                  from [01m[K/usr/include/c++/11/memory:76[m[K,
[6.487s]                  from [01m[K/home/simi/franka_ros2_ws/src/cartesian_impedance_control/include/cartesian_impedance_control/cartesian_impedance_controller.hpp:22[m[K,
[6.487s]                  from [01m[K/home/simi/franka_ros2_ws/src/cartesian_impedance_control/src/cartesian_impedance_controller.cpp:15[m[K:
[6.487s] [01m[K/usr/include/c++/11/tuple:773:9:[m[K [01;36m[Knote: [m[Kcandidate: ‘[01m[Ktemplate<class ... _UElements, bool _Valid, typename std::enable_if<std::tuple<int (cartesian_impedance_control::WrenchPublisher::*)(int, char**), cartesian_impedance_control::WrenchPublisher, int, std::nullptr_t>::_TCC<_Valid>::__is_explicitly_constructible<const _UElements& ...>(), bool>::type <anonymous> > constexpr std::tuple<_Elements>::tuple(const std::tuple<_Args1 ...>&) [with _UElements = {_UElements ...}; bool _Valid = _Valid; typename std::enable_if<std::tuple<_Elements>::_TCC<_Valid>::__is_explicitly_constructible<const _UElements& ...>(), bool>::type <anonymous> = <anonymous>; _Elements = {int (cartesian_impedance_control::WrenchPublisher::*)(int, char**), cartesian_impedance_control::WrenchPublisher, int, std::nullptr_t}][m[K’
[6.487s]   773 |         [01;36m[Ktuple[m[K(const tuple<_UElements...>& __in)
[6.487s]       |         [01;36m[K^~~~~[m[K
[6.487s] [01m[K/usr/include/c++/11/tuple:773:9:[m[K [01;36m[Knote: [m[K  template argument deduction/substitution failed:
[6.487s] In file included from [01m[K/usr/include/c++/11/thread:43[m[K,
[6.487s]                  from [01m[K/home/simi/franka_ros2_ws/src/cartesian_impedance_control/include/cartesian_impedance_control/cartesian_impedance_controller.hpp:26[m[K,
[6.487s]                  from [01m[K/home/simi/franka_ros2_ws/src/cartesian_impedance_control/src/cartesian_impedance_controller.cpp:15[m[K:
[6.487s] [01m[K/usr/include/c++/11/bits/std_thread.h:244:13:[m[K [01;36m[Knote: [m[K  mismatched types ‘[01m[Kconst std::tuple<_Tps ...>[m[K’ and ‘[01m[Kint (cartesian_impedance_control::WrenchPublisher::*)(int, char**)[m[K’
[6.488s]   244 |           : [01;36m[K_M_t(std::forward<_Args>(__args)...)[m[K
[6.488s]       |             [01;36m[K^~~~~~~~~~~~~~~~~~~~~~~~~~~~~~~~~~~~[m[K
[6.488s] In file included from [01m[K/usr/include/c++/11/bits/unique_ptr.h:37[m[K,
[6.488s]                  from [01m[K/usr/include/c++/11/memory:76[m[K,
[6.488s]                  from [01m[K/home/simi/franka_ros2_ws/src/cartesian_impedance_control/include/cartesian_impedance_control/cartesian_impedance_controller.hpp:22[m[K,
[6.488s]                  from [01m[K/home/simi/franka_ros2_ws/src/cartesian_impedance_control/src/cartesian_impedance_controller.cpp:15[m[K:
[6.488s] [01m[K/usr/include/c++/11/tuple:763:9:[m[K [01;36m[Knote: [m[Kcandidate: ‘[01m[Ktemplate<class ... _UElements, bool _Valid, typename std::enable_if<std::tuple<int (cartesian_impedance_control::WrenchPublisher::*)(int, char**), cartesian_impedance_control::WrenchPublisher, int, std::nullptr_t>::_TCC<_Valid>::__is_implicitly_constructible<const _UElements& ...>(), bool>::type <anonymous> > constexpr std::tuple<_Elements>::tuple(const std::tuple<_Args1 ...>&) [with _UElements = {_UElements ...}; bool _Valid = _Valid; typename std::enable_if<std::tuple<_Elements>::_TCC<_Valid>::__is_implicitly_constructible<const _UElements& ...>(), bool>::type <anonymous> = <anonymous>; _Elements = {int (cartesian_impedance_control::WrenchPublisher::*)(int, char**), cartesian_impedance_control::WrenchPublisher, int, std::nullptr_t}][m[K’
[6.488s]   763 |         [01;36m[Ktuple[m[K(const tuple<_UElements...>& __in)
[6.488s]       |         [01;36m[K^~~~~[m[K
[6.488s] [01m[K/usr/include/c++/11/tuple:763:9:[m[K [01;36m[Knote: [m[K  template argument deduction/substitution failed:
[6.488s] In file included from [01m[K/usr/include/c++/11/thread:43[m[K,
[6.488s]                  from [01m[K/home/simi/franka_ros2_ws/src/cartesian_impedance_control/include/cartesian_impedance_control/cartesian_impedance_controller.hpp:26[m[K,
[6.488s]                  from [01m[K/home/simi/franka_ros2_ws/src/cartesian_impedance_control/src/cartesian_impedance_controller.cpp:15[m[K:
[6.488s] [01m[K/usr/include/c++/11/bits/std_thread.h:244:13:[m[K [01;36m[Knote: [m[K  mismatched types ‘[01m[Kconst std::tuple<_Tps ...>[m[K’ and ‘[01m[Kint (cartesian_impedance_control::WrenchPublisher::*)(int, char**)[m[K’
[6.488s]   244 |           : [01;36m[K_M_t(std::forward<_Args>(__args)...)[m[K
[6.488s]       |             [01;36m[K^~~~~~~~~~~~~~~~~~~~~~~~~~~~~~~~~~~~[m[K
[6.488s] In file included from [01m[K/usr/include/c++/11/bits/unique_ptr.h:37[m[K,
[6.489s]                  from [01m[K/usr/include/c++/11/memory:76[m[K,
[6.489s]                  from [01m[K/home/simi/franka_ros2_ws/src/cartesian_impedance_control/include/cartesian_impedance_control/cartesian_impedance_controller.hpp:22[m[K,
[6.489s]                  from [01m[K/home/simi/franka_ros2_ws/src/cartesian_impedance_control/src/cartesian_impedance_controller.cpp:15[m[K:
[6.489s] [01m[K/usr/include/c++/11/tuple:750:9:[m[K [01;36m[Knote: [m[Kcandidate: ‘[01m[Ktemplate<class ... _UElements, bool _Valid, typename std::enable_if<std::tuple<int (cartesian_impedance_control::WrenchPublisher::*)(int, char**), cartesian_impedance_control::WrenchPublisher, int, std::nullptr_t>::_TCC<_Valid>::__is_explicitly_constructible<_UElements ...>(), bool>::type <anonymous> > constexpr std::tuple<_Elements>::tuple(_UElements&& ...) [with _UElements = {_UElements ...}; bool _Valid = _Valid; typename std::enable_if<std::tuple<_Elements>::_TCC<_Valid>::__is_explicitly_constructible<_UElements ...>(), bool>::type <anonymous> = <anonymous>; _Elements = {int (cartesian_impedance_control::WrenchPublisher::*)(int, char**), cartesian_impedance_control::WrenchPublisher, int, std::nullptr_t}][m[K’
[6.489s]   750 |         [01;36m[Ktuple[m[K(_UElements&&... __elements)
[6.489s]       |         [01;36m[K^~~~~[m[K
[6.489s] [01m[K/usr/include/c++/11/tuple:750:9:[m[K [01;36m[Knote: [m[K  template argument deduction/substitution failed:
[6.489s] [01m[K/usr/include/c++/11/tuple:748:55:[m[K [01;31m[Kerror: [m[Kno type named ‘[01m[Ktype[m[K’ in ‘[01m[Kstruct std::enable_if<false, bool>[m[K’
[6.489s]   748 |                _ExplicitCtor<_Valid, _UElements...> = [01;31m[Kfalse[m[K>
[6.489s]       |                                                       [01;31m[K^~~~~[m[K
[6.489s] [01m[K/usr/include/c++/11/tuple:742:9:[m[K [01;36m[Knote: [m[Kcandidate: ‘[01m[Ktemplate<class ... _UElements, bool _Valid, typename std::enable_if<std::tuple<int (cartesian_impedance_control::WrenchPublisher::*)(int, char**), cartesian_impedance_control::WrenchPublisher, int, std::nullptr_t>::_TCC<_Valid>::__is_implicitly_constructible<_UElements ...>(), bool>::type <anonymous> > constexpr std::tuple<_Elements>::tuple(_UElements&& ...) [with _UElements = {_UElements ...}; bool _Valid = _Valid; typename std::enable_if<std::tuple<_Elements>::_TCC<_Valid>::__is_implicitly_constructible<_UElements ...>(), bool>::type <anonymous> = <anonymous>; _Elements = {int (cartesian_impedance_control::WrenchPublisher::*)(int, char**), cartesian_impedance_control::WrenchPublisher, int, std::nullptr_t}][m[K’
[6.489s]   742 |         [01;36m[Ktuple[m[K(_UElements&&... __elements)
[6.489s]       |         [01;36m[K^~~~~[m[K
[6.489s] [01m[K/usr/include/c++/11/tuple:742:9:[m[K [01;36m[Knote: [m[K  template argument deduction/substitution failed:
[6.489s] [01m[K/usr/include/c++/11/tuple:740:55:[m[K [01;31m[Kerror: [m[Kno type named ‘[01m[Ktype[m[K’ in ‘[01m[Kstruct std::enable_if<false, bool>[m[K’
[6.489s]   740 |                _ImplicitCtor<_Valid, _UElements...> = [01;31m[Ktrue[m[K>
[6.490s]       |                                                       [01;31m[K^~~~[m[K
[6.490s] [01m[K/usr/include/c++/11/tuple:734:9:[m[K [01;36m[Knote: [m[Kcandidate: ‘[01m[Ktemplate<bool _NotEmpty, typename std::enable_if<std::tuple<int (cartesian_impedance_control::WrenchPublisher::*)(int, char**), cartesian_impedance_control::WrenchPublisher, int, std::nullptr_t>::_TCC<_Cond>::__is_explicitly_constructible<int (WrenchPublisher::* const&)(int, char**), const WrenchPublisher&, const int&, std::nullptr_t&>(), bool>::type <anonymous> > constexpr std::tuple<_Elements>::tuple(const _Elements& ...) [with bool _NotEmpty = _NotEmpty; typename std::enable_if<std::tuple<_Elements>::_TCC<_Dummy>::__is_explicitly_constructible<const _Elements& ...>(), bool>::type <anonymous> = <anonymous>; _Elements = {int (cartesian_impedance_control::WrenchPublisher::*)(int, char**), cartesian_impedance_control::WrenchPublisher, int, std::nullptr_t}][m[K’
[6.490s]   734 |         [01;36m[Ktuple[m[K(const _Elements&... __elements)
[6.490s]       |         [01;36m[K^~~~~[m[K
[6.490s] [01m[K/usr/include/c++/11/tuple:734:9:[m[K [01;36m[Knote: [m[K  template argument deduction/substitution failed:
[6.490s] [01m[K/usr/include/c++/11/tuple:732:64:[m[K [01;31m[Kerror: [m[Kno type named ‘[01m[Ktype[m[K’ in ‘[01m[Kstruct std::enable_if<false, bool>[m[K’
[6.490s]   732 |                _ExplicitCtor<_NotEmpty, const _Elements&...> = [01;31m[Kfalse[m[K>
[6.490s]       |                                                                [01;31m[K^~~~~[m[K
[6.490s] [01m[K/usr/include/c++/11/tuple:727:9:[m[K [01;36m[Knote: [m[Kcandidate: ‘[01m[Ktemplate<bool _NotEmpty, typename std::enable_if<std::tuple<int (cartesian_impedance_control::WrenchPublisher::*)(int, char**), cartesian_impedance_control::WrenchPublisher, int, std::nullptr_t>::_TCC<_Cond>::__is_implicitly_constructible<int (WrenchPublisher::* const&)(int, char**), const WrenchPublisher&, const int&, std::nullptr_t&>(), bool>::type <anonymous> > constexpr std::tuple<_Elements>::tuple(const _Elements& ...) [with bool _NotEmpty = _NotEmpty; typename std::enable_if<std::tuple<_Elements>::_TCC<_Dummy>::__is_implicitly_constructible<const _Elements& ...>(), bool>::type <anonymous> = <anonymous>; _Elements = {int (cartesian_impedance_control::WrenchPublisher::*)(int, char**), cartesian_impedance_control::WrenchPublisher, int, std::nullptr_t}][m[K’
[6.490s]   727 |         [01;36m[Ktuple[m[K(const _Elements&... __elements)
[6.490s]       |         [01;36m[K^~~~~[m[K
[6.490s] [01m[K/usr/include/c++/11/tuple:727:9:[m[K [01;36m[Knote: [m[K  template argument deduction/substitution failed:
[6.490s] [01m[K/usr/include/c++/11/tuple:725:64:[m[K [01;31m[Kerror: [m[Kno type named ‘[01m[Ktype[m[K’ in ‘[01m[Kstruct std::enable_if<false, bool>[m[K’
[6.490s]   725 |                _ImplicitCtor<_NotEmpty, const _Elements&...> = [01;31m[Ktrue[m[K>
[6.490s]       |                                                                [01;31m[K^~~~[m[K
[6.490s] [01m[K/usr/include/c++/11/tuple:720:9:[m[K [01;36m[Knote: [m[Kcandidate: ‘[01m[Ktemplate<class _Dummy, typename std::enable_if<std::tuple<int (cartesian_impedance_control::WrenchPublisher::*)(int, char**), cartesian_impedance_control::WrenchPublisher, int, std::nullptr_t>::_TCC<std::is_void<_Tp>::value>::__is_explicitly_default_constructible(), bool>::type <anonymous> > constexpr std::tuple<_Elements>::tuple() [with _Dummy = _Dummy; typename std::enable_if<std::tuple<_Elements>::_TCC<std::is_void<_Dummy>::value>::__is_explicitly_default_constructible(), bool>::type <anonymous> = <anonymous>; _Elements = {int (cartesian_impedance_control::WrenchPublisher::*)(int, char**), cartesian_impedance_control::WrenchPublisher, int, std::nullptr_t}][m[K’
[6.490s]   720 |         [01;36m[Ktuple[m[K()
[6.491s]       |         [01;36m[K^~~~~[m[K
[6.491s] [01m[K/usr/include/c++/11/tuple:720:9:[m[K [01;36m[Knote: [m[K  template argument deduction/substitution failed:
[6.491s] In file included from [01m[K/usr/include/c++/11/thread:43[m[K,
[6.491s]                  from [01m[K/home/simi/franka_ros2_ws/src/cartesian_impedance_control/include/cartesian_impedance_control/cartesian_impedance_controller.hpp:26[m[K,
[6.491s]                  from [01m[K/home/simi/franka_ros2_ws/src/cartesian_impedance_control/src/cartesian_impedance_controller.cpp:15[m[K:
[6.491s] [01m[K/usr/include/c++/11/bits/std_thread.h:244:13:[m[K [01;36m[Knote: [m[K  candidate expects 0 arguments, 4 provided
[6.491s]   244 |           : [01;36m[K_M_t(std::forward<_Args>(__args)...)[m[K
[6.491s]       |             [01;36m[K^~~~~~~~~~~~~~~~~~~~~~~~~~~~~~~~~~~~[m[K
[6.491s] In file included from [01m[K/usr/include/c++/11/bits/unique_ptr.h:37[m[K,
[6.491s]                  from [01m[K/usr/include/c++/11/memory:76[m[K,
[6.491s]                  from [01m[K/home/simi/franka_ros2_ws/src/cartesian_impedance_control/include/cartesian_impedance_control/cartesian_impedance_controller.hpp:22[m[K,
[6.491s]                  from [01m[K/home/simi/franka_ros2_ws/src/cartesian_impedance_control/src/cartesian_impedance_controller.cpp:15[m[K:
[6.491s] [01m[K/usr/include/c++/11/tuple:713:9:[m[K [01;36m[Knote: [m[Kcandidate: ‘[01m[Ktemplate<class _Dummy, typename std::enable_if<std::tuple<int (cartesian_impedance_control::WrenchPublisher::*)(int, char**), cartesian_impedance_control::WrenchPublisher, int, std::nullptr_t>::_TCC<std::is_void<_Tp>::value>::__is_implicitly_default_constructible(), bool>::type <anonymous> > constexpr std::tuple<_Elements>::tuple() [with _Dummy = _Dummy; typename std::enable_if<std::tuple<_Elements>::_TCC<std::is_void<_Dummy>::value>::__is_implicitly_default_constructible(), bool>::type <anonymous> = <anonymous>; _Elements = {int (cartesian_impedance_control::WrenchPublisher::*)(int, char**), cartesian_impedance_control::WrenchPublisher, int, std::nullptr_t}][m[K’
[6.491s]   713 |         [01;36m[Ktuple[m[K()
[6.491s]       |         [01;36m[K^~~~~[m[K
[6.491s] [01m[K/usr/include/c++/11/tuple:713:9:[m[K [01;36m[Knote: [m[K  template argument deduction/substitution failed:
[6.491s] In file included from [01m[K/usr/include/c++/11/thread:43[m[K,
[6.492s]                  from [01m[K/home/simi/franka_ros2_ws/src/cartesian_impedance_control/include/cartesian_impedance_control/cartesian_impedance_controller.hpp:26[m[K,
[6.492s]                  from [01m[K/home/simi/franka_ros2_ws/src/cartesian_impedance_control/src/cartesian_impedance_controller.cpp:15[m[K:
[6.492s] [01m[K/usr/include/c++/11/bits/std_thread.h:244:13:[m[K [01;36m[Knote: [m[K  candidate expects 0 arguments, 4 provided
[6.492s]   244 |           : [01;36m[K_M_t(std::forward<_Args>(__args)...)[m[K
[6.492s]       |             [01;36m[K^~~~~~~~~~~~~~~~~~~~~~~~~~~~~~~~~~~~[m[K
[6.492s] In file included from [01m[K/usr/include/c++/11/bits/unique_ptr.h:37[m[K,
[6.492s]                  from [01m[K/usr/include/c++/11/memory:76[m[K,
[6.492s]                  from [01m[K/home/simi/franka_ros2_ws/src/cartesian_impedance_control/include/cartesian_impedance_control/cartesian_impedance_controller.hpp:22[m[K,
[6.492s]                  from [01m[K/home/simi/franka_ros2_ws/src/cartesian_impedance_control/src/cartesian_impedance_controller.cpp:15[m[K:
[6.492s] [01m[K/usr/include/c++/11/tuple:756:17:[m[K [01;36m[Knote: [m[Kcandidate: ‘[01m[Kconstexpr std::tuple<_Elements>::tuple(std::tuple<_Elements>&&) [with _Elements = {int (cartesian_impedance_control::WrenchPublisher::*)(int, char**), cartesian_impedance_control::WrenchPublisher, int, std::nullptr_t}][m[K’
[6.492s]   756 |       constexpr [01;36m[Ktuple[m[K(tuple&&) = default;
[6.492s]       |                 [01;36m[K^~~~~[m[K
[6.492s] [01m[K/usr/include/c++/11/tuple:756:17:[m[K [01;36m[Knote: [m[K  candidate expects 1 argument, 4 provided
[19.748s] gmake[2]: *** [CMakeFiles/cartesian_impedance_control.dir/build.make:76: CMakeFiles/cartesian_impedance_control.dir/src/cartesian_impedance_controller.cpp.o] Error 1
[19.748s] gmake[1]: *** [CMakeFiles/Makefile2:141: CMakeFiles/cartesian_impedance_control.dir/all] Error 2
[19.749s] gmake: *** [Makefile:146: all] Error 2
[19.753s] Invoked command in '/home/simi/franka_ros2_ws/build/cartesian_impedance_control' returned '2': CMAKE_PREFIX_PATH=/home/simi/franka_ros2_ws/install/franka_robot_state_broadcaster:/home/simi/franka_ros2_ws/install/franka_semantic_components:/home/simi/franka_ros2_ws/install/franka_hardware:/home/simi/franka_ros2_ws/install/messages_fr3:/home/simi/franka_ros2_ws/install/franka_msgs:/home/simi/franka_ros2_ws/install/franka_description:/home/simi/franka_ros2_ws/install/cartesian_impedance_control:/home/simi/franka_ros2_ws/install/joint_trajectory_controller:/home/simi/franka_ros2_ws/install/integration_launch_testing:/home/simi/franka_ros2_ws/install/franka_bringup:/home/simi/franka_ros2_ws/install/franka_example_controllers:/home/simi/franka_ros2_ws/install/franka_moveit_config:/home/simi/franka_ros2_ws/install/franka_gripper:/home/simi/franka_ros2_ws/install/realtime_plot_of_data:/opt/ros/humble LD_LIBRARY_PATH=/home/simi/franka_ros2_ws/install/franka_robot_state_broadcaster/lib:/home/simi/franka_ros2_ws/install/franka_semantic_components/lib:/home/simi/franka_ros2_ws/install/franka_hardware/lib:/home/simi/franka_ros2_ws/install/messages_fr3/lib:/home/simi/franka_ros2_ws/install/franka_msgs/lib:/home/simi/franka_ros2_ws/install/cartesian_impedance_control/lib:/home/simi/franka_ros2_ws/install/joint_trajectory_controller/lib:/home/simi/franka_ros2_ws/install/integration_launch_testing/lib:/home/simi/franka_ros2_ws/install/franka_example_controllers/lib:/home/simi/franka_ros2_ws/install/franka_gripper/lib:/opt/ros/humble/opt/rviz_ogre_vendor/lib:/opt/ros/humble/lib/x86_64-linux-gnu:/opt/ros/humble/lib /usr/bin/cmake --build /home/simi/franka_ros2_ws/build/cartesian_impedance_control -- -j16 -l16
