[0.022s] Invoking command in '/home/simi/franka_ros2_ws/build/franka_semantic_components': AMENT_PREFIX_PATH=/home/simi/franka_ros2_ws/install/franka_hardware:/home/simi/franka_ros2_ws/install/franka_msgs:${AMENT_PREFIX_PATH} CMAKE_PREFIX_PATH=/home/simi/franka_ros2_ws/install/franka_hardware:/home/simi/franka_ros2_ws/install/franka_msgs:/home/simi/Documents/Bachelor_Arbeit/BA_Force_Control/install/joint_trajectory_controller:/home/simi/Documents/Bachelor_Arbeit/BA_Force_Control/install/integration_launch_testing:/home/simi/Documents/Bachelor_Arbeit/BA_Force_Control/install/franka_bringup:/home/simi/Documents/Bachelor_Arbeit/BA_Force_Control/install/franka_robot_state_broadcaster:/home/simi/Documents/Bachelor_Arbeit/BA_Force_Control/install/franka_example_controllers:/home/simi/Documents/Bachelor_Arbeit/BA_Force_Control/install/franka_semantic_components:/home/simi/Documents/Bachelor_Arbeit/BA_Force_Control/install/franka_moveit_config:/home/simi/Documents/Bachelor_Arbeit/BA_Force_Control/install/franka_hardware:/home/simi/Documents/Bachelor_Arbeit/BA_Force_Control/install/franka_gripper:/home/simi/Documents/Bachelor_Arbeit/BA_Force_Control/install/franka_msgs:/home/simi/Documents/Bachelor_Arbeit/BA_Force_Control/install/franka_description:/opt/ros/humble LD_LIBRARY_PATH=/home/simi/franka_ros2_ws/install/franka_hardware/lib:/home/simi/franka_ros2_ws/install/franka_msgs/lib:${LD_LIBRARY_PATH} PYTHONPATH=/home/simi/franka_ros2_ws/install/franka_msgs/local/lib/python3.10/dist-packages:${PYTHONPATH} /usr/bin/cmake /home/simi/franka_ros2_ws/src/franka_ros2/franka_semantic_components -DCMAKE_INSTALL_PREFIX=/home/simi/franka_ros2_ws/install/franka_semantic_components
[0.037s] -- Found ament_cmake: 1.3.8 (/opt/ros/humble/share/ament_cmake/cmake)
[0.155s] -- Found franka_hardware: 0.1.13 (/home/simi/franka_ros2_ws/install/franka_hardware/share/franka_hardware/cmake)
[0.181s] -- Found rosidl_generator_c: 3.1.5 (/opt/ros/humble/share/rosidl_generator_c/cmake)
[0.183s] -- Found rosidl_adapter: 3.1.5 (/opt/ros/humble/share/rosidl_adapter/cmake)
[0.188s] -- Found rosidl_generator_cpp: 3.1.5 (/opt/ros/humble/share/rosidl_generator_cpp/cmake)
[0.198s] -- Using all available rosidl_typesupport_c: rosidl_typesupport_fastrtps_c;rosidl_typesupport_introspection_c
[0.212s] -- Using all available rosidl_typesupport_cpp: rosidl_typesupport_fastrtps_cpp;rosidl_typesupport_introspection_cpp
[0.747s] -- Found rmw_implementation_cmake: 6.1.1 (/opt/ros/humble/share/rmw_implementation_cmake/cmake)
[0.748s] -- Found rmw_fastrtps_cpp: 6.2.6 (/opt/ros/humble/share/rmw_fastrtps_cpp/cmake)
[0.774s] -- Found TinyXML2 via Config file: TinyXML2_DIR-NOTFOUND
[0.786s] -- Found TinyXML2 via Config file: TinyXML2_DIR-NOTFOUND
[0.811s] -- Found TinyXML2 via Config file: TinyXML2_DIR-NOTFOUND
[0.821s] -- Found TinyXML2 via Config file: TinyXML2_DIR-NOTFOUND
[0.834s] -- Using RMW implementation 'rmw_fastrtps_cpp' as default
[1.047s] -- Found franka_msgs: 0.1.13 (/home/simi/franka_ros2_ws/install/franka_msgs/share/franka_msgs/cmake)
[1.176s] -- Found urdf: 2.6.0 (/opt/ros/humble/share/urdf/cmake)
[1.377s] -- Found ament_cmake_clang_format: 0.12.10 (/opt/ros/humble/share/ament_cmake_clang_format/cmake)
[1.377s] -- Found ament_cmake_copyright: 0.12.10 (/opt/ros/humble/share/ament_cmake_copyright/cmake)
[1.377s] -- Found ament_cmake_cppcheck: 0.12.10 (/opt/ros/humble/share/ament_cmake_cppcheck/cmake)
[1.378s] -- Found ament_cmake_flake8: 0.12.10 (/opt/ros/humble/share/ament_cmake_flake8/cmake)
[1.378s] -- Found ament_cmake_lint_cmake: 0.12.10 (/opt/ros/humble/share/ament_cmake_lint_cmake/cmake)
[1.379s] -- Found ament_cmake_pep257: 0.12.10 (/opt/ros/humble/share/ament_cmake_pep257/cmake)
[1.379s] -- Found ament_cmake_xmllint: 0.12.10 (/opt/ros/humble/share/ament_cmake_xmllint/cmake)
[1.379s] -- Found ament_cmake_gmock: 1.3.8 (/opt/ros/humble/share/ament_cmake_gmock/cmake)
[1.380s] -- Found controller_interface: 2.40.0 (/opt/ros/humble/share/controller_interface/cmake)
[1.459s] -- Found gmock sources under '/opt/ros/humble/src/gmock_vendor': C++ tests using 'Google Mock' will be built
[1.461s] -- Found ament_cmake_gtest: 1.3.8 (/opt/ros/humble/share/ament_cmake_gtest/cmake)
[1.461s] -- Found gtest sources under '/opt/ros/humble/src/gtest_vendor': C++ tests using 'Google Test' will be built
[2.050s] -- Configuring done
[2.231s] -- Generating done
[2.234s] -- Build files have been written to: /home/simi/franka_ros2_ws/build/franka_semantic_components
[2.248s] Invoked command in '/home/simi/franka_ros2_ws/build/franka_semantic_components' returned '0': AMENT_PREFIX_PATH=/home/simi/franka_ros2_ws/install/franka_hardware:/home/simi/franka_ros2_ws/install/franka_msgs:${AMENT_PREFIX_PATH} CMAKE_PREFIX_PATH=/home/simi/franka_ros2_ws/install/franka_hardware:/home/simi/franka_ros2_ws/install/franka_msgs:/home/simi/Documents/Bachelor_Arbeit/BA_Force_Control/install/joint_trajectory_controller:/home/simi/Documents/Bachelor_Arbeit/BA_Force_Control/install/integration_launch_testing:/home/simi/Documents/Bachelor_Arbeit/BA_Force_Control/install/franka_bringup:/home/simi/Documents/Bachelor_Arbeit/BA_Force_Control/install/franka_robot_state_broadcaster:/home/simi/Documents/Bachelor_Arbeit/BA_Force_Control/install/franka_example_controllers:/home/simi/Documents/Bachelor_Arbeit/BA_Force_Control/install/franka_semantic_components:/home/simi/Documents/Bachelor_Arbeit/BA_Force_Control/install/franka_moveit_config:/home/simi/Documents/Bachelor_Arbeit/BA_Force_Control/install/franka_hardware:/home/simi/Documents/Bachelor_Arbeit/BA_Force_Control/install/franka_gripper:/home/simi/Documents/Bachelor_Arbeit/BA_Force_Control/install/franka_msgs:/home/simi/Documents/Bachelor_Arbeit/BA_Force_Control/install/franka_description:/opt/ros/humble LD_LIBRARY_PATH=/home/simi/franka_ros2_ws/install/franka_hardware/lib:/home/simi/franka_ros2_ws/install/franka_msgs/lib:${LD_LIBRARY_PATH} PYTHONPATH=/home/simi/franka_ros2_ws/install/franka_msgs/local/lib/python3.10/dist-packages:${PYTHONPATH} /usr/bin/cmake /home/simi/franka_ros2_ws/src/franka_ros2/franka_semantic_components -DCMAKE_INSTALL_PREFIX=/home/simi/franka_ros2_ws/install/franka_semantic_components
[2.251s] Invoking command in '/home/simi/franka_ros2_ws/build/franka_semantic_components': AMENT_PREFIX_PATH=/home/simi/franka_ros2_ws/install/franka_hardware:/home/simi/franka_ros2_ws/install/franka_msgs:${AMENT_PREFIX_PATH} CMAKE_PREFIX_PATH=/home/simi/franka_ros2_ws/install/franka_hardware:/home/simi/franka_ros2_ws/install/franka_msgs:/home/simi/Documents/Bachelor_Arbeit/BA_Force_Control/install/joint_trajectory_controller:/home/simi/Documents/Bachelor_Arbeit/BA_Force_Control/install/integration_launch_testing:/home/simi/Documents/Bachelor_Arbeit/BA_Force_Control/install/franka_bringup:/home/simi/Documents/Bachelor_Arbeit/BA_Force_Control/install/franka_robot_state_broadcaster:/home/simi/Documents/Bachelor_Arbeit/BA_Force_Control/install/franka_example_controllers:/home/simi/Documents/Bachelor_Arbeit/BA_Force_Control/install/franka_semantic_components:/home/simi/Documents/Bachelor_Arbeit/BA_Force_Control/install/franka_moveit_config:/home/simi/Documents/Bachelor_Arbeit/BA_Force_Control/install/franka_hardware:/home/simi/Documents/Bachelor_Arbeit/BA_Force_Control/install/franka_gripper:/home/simi/Documents/Bachelor_Arbeit/BA_Force_Control/install/franka_msgs:/home/simi/Documents/Bachelor_Arbeit/BA_Force_Control/install/franka_description:/opt/ros/humble LD_LIBRARY_PATH=/home/simi/franka_ros2_ws/install/franka_hardware/lib:/home/simi/franka_ros2_ws/install/franka_msgs/lib:${LD_LIBRARY_PATH} PYTHONPATH=/home/simi/franka_ros2_ws/install/franka_msgs/local/lib/python3.10/dist-packages:${PYTHONPATH} /usr/bin/cmake --build /home/simi/franka_ros2_ws/build/franka_semantic_components -- -j16 -l16
[2.311s] [35m[1mConsolidate compiler generated dependencies of target gmock_main[0m
[2.311s] [35m[1mConsolidate compiler generated dependencies of target gmock[0m
[2.313s] [35m[1mConsolidate compiler generated dependencies of target franka_semantic_components[0m
[2.332s] [  9%] Built target gmock_main
[2.334s] [ 22%] Built target gmock
[2.347s] [ 54%] Built target franka_semantic_components
[2.365s] [35m[1mConsolidate compiler generated dependencies of target franka_semantic_component_interface_test[0m
[2.365s] [35m[1mConsolidate compiler generated dependencies of target test_franka_robot_state[0m
[2.366s] [35m[1mConsolidate compiler generated dependencies of target test_franka_robot_model[0m
[2.366s] [35m[1mConsolidate compiler generated dependencies of target franka_cartesian_pose_interface_test[0m
[2.366s] [35m[1mConsolidate compiler generated dependencies of target franka_cartesian_velocity_interface_test[0m
[2.386s] [ 63%] Built target franka_semantic_component_interface_test
[2.388s] [ 72%] Built target test_franka_robot_model
[2.389s] [ 81%] Built target test_franka_robot_state
[2.390s] [ 90%] Built target franka_cartesian_pose_interface_test
[2.393s] [100%] Built target franka_cartesian_velocity_interface_test
[2.412s] Invoked command in '/home/simi/franka_ros2_ws/build/franka_semantic_components' returned '0': AMENT_PREFIX_PATH=/home/simi/franka_ros2_ws/install/franka_hardware:/home/simi/franka_ros2_ws/install/franka_msgs:${AMENT_PREFIX_PATH} CMAKE_PREFIX_PATH=/home/simi/franka_ros2_ws/install/franka_hardware:/home/simi/franka_ros2_ws/install/franka_msgs:/home/simi/Documents/Bachelor_Arbeit/BA_Force_Control/install/joint_trajectory_controller:/home/simi/Documents/Bachelor_Arbeit/BA_Force_Control/install/integration_launch_testing:/home/simi/Documents/Bachelor_Arbeit/BA_Force_Control/install/franka_bringup:/home/simi/Documents/Bachelor_Arbeit/BA_Force_Control/install/franka_robot_state_broadcaster:/home/simi/Documents/Bachelor_Arbeit/BA_Force_Control/install/franka_example_controllers:/home/simi/Documents/Bachelor_Arbeit/BA_Force_Control/install/franka_semantic_components:/home/simi/Documents/Bachelor_Arbeit/BA_Force_Control/install/franka_moveit_config:/home/simi/Documents/Bachelor_Arbeit/BA_Force_Control/install/franka_hardware:/home/simi/Documents/Bachelor_Arbeit/BA_Force_Control/install/franka_gripper:/home/simi/Documents/Bachelor_Arbeit/BA_Force_Control/install/franka_msgs:/home/simi/Documents/Bachelor_Arbeit/BA_Force_Control/install/franka_description:/opt/ros/humble LD_LIBRARY_PATH=/home/simi/franka_ros2_ws/install/franka_hardware/lib:/home/simi/franka_ros2_ws/install/franka_msgs/lib:${LD_LIBRARY_PATH} PYTHONPATH=/home/simi/franka_ros2_ws/install/franka_msgs/local/lib/python3.10/dist-packages:${PYTHONPATH} /usr/bin/cmake --build /home/simi/franka_ros2_ws/build/franka_semantic_components -- -j16 -l16
[2.514s] Invoking command in '/home/simi/franka_ros2_ws/build/franka_semantic_components': AMENT_PREFIX_PATH=/home/simi/franka_ros2_ws/install/franka_hardware:/home/simi/franka_ros2_ws/install/franka_msgs:${AMENT_PREFIX_PATH} CMAKE_PREFIX_PATH=/home/simi/franka_ros2_ws/install/franka_hardware:/home/simi/franka_ros2_ws/install/franka_msgs:/home/simi/Documents/Bachelor_Arbeit/BA_Force_Control/install/joint_trajectory_controller:/home/simi/Documents/Bachelor_Arbeit/BA_Force_Control/install/integration_launch_testing:/home/simi/Documents/Bachelor_Arbeit/BA_Force_Control/install/franka_bringup:/home/simi/Documents/Bachelor_Arbeit/BA_Force_Control/install/franka_robot_state_broadcaster:/home/simi/Documents/Bachelor_Arbeit/BA_Force_Control/install/franka_example_controllers:/home/simi/Documents/Bachelor_Arbeit/BA_Force_Control/install/franka_semantic_components:/home/simi/Documents/Bachelor_Arbeit/BA_Force_Control/install/franka_moveit_config:/home/simi/Documents/Bachelor_Arbeit/BA_Force_Control/install/franka_hardware:/home/simi/Documents/Bachelor_Arbeit/BA_Force_Control/install/franka_gripper:/home/simi/Documents/Bachelor_Arbeit/BA_Force_Control/install/franka_msgs:/home/simi/Documents/Bachelor_Arbeit/BA_Force_Control/install/franka_description:/opt/ros/humble LD_LIBRARY_PATH=/home/simi/franka_ros2_ws/install/franka_hardware/lib:/home/simi/franka_ros2_ws/install/franka_msgs/lib:${LD_LIBRARY_PATH} PYTHONPATH=/home/simi/franka_ros2_ws/install/franka_msgs/local/lib/python3.10/dist-packages:${PYTHONPATH} /usr/bin/cmake --install /home/simi/franka_ros2_ws/build/franka_semantic_components
[2.523s] -- Install configuration: "Release"
[2.534s] -- Up-to-date: /home/simi/franka_ros2_ws/install/franka_semantic_components/lib/libfranka_semantic_components.so
[2.535s] -- Up-to-date: /home/simi/franka_ros2_ws/install/franka_semantic_components/include
[2.535s] -- Up-to-date: /home/simi/franka_ros2_ws/install/franka_semantic_components/include/franka_semantic_components
[2.535s] -- Up-to-date: /home/simi/franka_ros2_ws/install/franka_semantic_components/include/franka_semantic_components/franka_semantic_component_interface.hpp
[2.535s] -- Up-to-date: /home/simi/franka_ros2_ws/install/franka_semantic_components/include/franka_semantic_components/franka_robot_state.hpp
[2.535s] -- Up-to-date: /home/simi/franka_ros2_ws/install/franka_semantic_components/include/franka_semantic_components/franka_robot_model.hpp
[2.535s] -- Up-to-date: /home/simi/franka_ros2_ws/install/franka_semantic_components/include/franka_semantic_components/franka_cartesian_pose_interface.hpp
[2.535s] -- Up-to-date: /home/simi/franka_ros2_ws/install/franka_semantic_components/include/franka_semantic_components/franka_cartesian_velocity_interface.hpp
[2.535s] -- Up-to-date: /home/simi/franka_ros2_ws/install/franka_semantic_components/share/franka_semantic_components/robot_description_test.txt
[2.535s] -- Up-to-date: /home/simi/franka_ros2_ws/install/franka_semantic_components/share/franka_semantic_components/environment/library_path.sh
[2.536s] -- Installing: /home/simi/franka_ros2_ws/install/franka_semantic_components/share/franka_semantic_components/environment/library_path.dsv
[2.536s] -- Up-to-date: /home/simi/franka_ros2_ws/install/franka_semantic_components/share/ament_index/resource_index/package_run_dependencies/franka_semantic_components
[2.536s] -- Installing: /home/simi/franka_ros2_ws/install/franka_semantic_components/share/ament_index/resource_index/parent_prefix_path/franka_semantic_components
[2.536s] -- Up-to-date: /home/simi/franka_ros2_ws/install/franka_semantic_components/share/franka_semantic_components/environment/ament_prefix_path.sh
[2.536s] -- Installing: /home/simi/franka_ros2_ws/install/franka_semantic_components/share/franka_semantic_components/environment/ament_prefix_path.dsv
[2.536s] -- Up-to-date: /home/simi/franka_ros2_ws/install/franka_semantic_components/share/franka_semantic_components/environment/path.sh
[2.537s] -- Installing: /home/simi/franka_ros2_ws/install/franka_semantic_components/share/franka_semantic_components/environment/path.dsv
[2.537s] -- Up-to-date: /home/simi/franka_ros2_ws/install/franka_semantic_components/share/franka_semantic_components/local_setup.bash
[2.537s] -- Up-to-date: /home/simi/franka_ros2_ws/install/franka_semantic_components/share/franka_semantic_components/local_setup.sh
[2.537s] -- Up-to-date: /home/simi/franka_ros2_ws/install/franka_semantic_components/share/franka_semantic_components/local_setup.zsh
[2.537s] -- Installing: /home/simi/franka_ros2_ws/install/franka_semantic_components/share/franka_semantic_components/local_setup.dsv
[2.537s] -- Installing: /home/simi/franka_ros2_ws/install/franka_semantic_components/share/franka_semantic_components/package.dsv
[2.537s] -- Up-to-date: /home/simi/franka_ros2_ws/install/franka_semantic_components/share/ament_index/resource_index/packages/franka_semantic_components
[2.537s] -- Up-to-date: /home/simi/franka_ros2_ws/install/franka_semantic_components/share/franka_semantic_components/cmake/ament_cmake_export_include_directories-extras.cmake
[2.537s] -- Up-to-date: /home/simi/franka_ros2_ws/install/franka_semantic_components/share/franka_semantic_components/cmake/ament_cmake_export_libraries-extras.cmake
[2.537s] -- Up-to-date: /home/simi/franka_ros2_ws/install/franka_semantic_components/share/franka_semantic_components/cmake/ament_cmake_export_dependencies-extras.cmake
[2.538s] -- Up-to-date: /home/simi/franka_ros2_ws/install/franka_semantic_components/share/franka_semantic_components/cmake/franka_semantic_componentsConfig.cmake
[2.538s] -- Up-to-date: /home/simi/franka_ros2_ws/install/franka_semantic_components/share/franka_semantic_components/cmake/franka_semantic_componentsConfig-version.cmake
[2.538s] -- Up-to-date: /home/simi/franka_ros2_ws/install/franka_semantic_components/share/franka_semantic_components/package.xml
[2.541s] Invoked command in '/home/simi/franka_ros2_ws/build/franka_semantic_components' returned '0': AMENT_PREFIX_PATH=/home/simi/franka_ros2_ws/install/franka_hardware:/home/simi/franka_ros2_ws/install/franka_msgs:${AMENT_PREFIX_PATH} CMAKE_PREFIX_PATH=/home/simi/franka_ros2_ws/install/franka_hardware:/home/simi/franka_ros2_ws/install/franka_msgs:/home/simi/Documents/Bachelor_Arbeit/BA_Force_Control/install/joint_trajectory_controller:/home/simi/Documents/Bachelor_Arbeit/BA_Force_Control/install/integration_launch_testing:/home/simi/Documents/Bachelor_Arbeit/BA_Force_Control/install/franka_bringup:/home/simi/Documents/Bachelor_Arbeit/BA_Force_Control/install/franka_robot_state_broadcaster:/home/simi/Documents/Bachelor_Arbeit/BA_Force_Control/install/franka_example_controllers:/home/simi/Documents/Bachelor_Arbeit/BA_Force_Control/install/franka_semantic_components:/home/simi/Documents/Bachelor_Arbeit/BA_Force_Control/install/franka_moveit_config:/home/simi/Documents/Bachelor_Arbeit/BA_Force_Control/install/franka_hardware:/home/simi/Documents/Bachelor_Arbeit/BA_Force_Control/install/franka_gripper:/home/simi/Documents/Bachelor_Arbeit/BA_Force_Control/install/franka_msgs:/home/simi/Documents/Bachelor_Arbeit/BA_Force_Control/install/franka_description:/opt/ros/humble LD_LIBRARY_PATH=/home/simi/franka_ros2_ws/install/franka_hardware/lib:/home/simi/franka_ros2_ws/install/franka_msgs/lib:${LD_LIBRARY_PATH} PYTHONPATH=/home/simi/franka_ros2_ws/install/franka_msgs/local/lib/python3.10/dist-packages:${PYTHONPATH} /usr/bin/cmake --install /home/simi/franka_ros2_ws/build/franka_semantic_components
