[0.015s] Invoking command in '/home/simi/franka_ros2_ws/build/franka_gripper': AMENT_PREFIX_PATH=/home/simi/franka_ros2_ws/install/franka_msgs:${AMENT_PREFIX_PATH} CMAKE_PREFIX_PATH=/home/simi/franka_ros2_ws/install/franka_msgs:/opt/ros/humble LD_LIBRARY_PATH=/home/simi/franka_ros2_ws/install/franka_msgs/lib:${LD_LIBRARY_PATH} PYTHONPATH=/home/simi/franka_ros2_ws/install/franka_msgs/local/lib/python3.10/dist-packages:${PYTHONPATH} /usr/bin/cmake /home/simi/franka_ros2_ws/src/franka_ros2/franka_gripper -DCMAKE_BUILD_TYPE=Release -DCMAKE_INSTALL_PREFIX=/home/simi/franka_ros2_ws/install/franka_gripper
[0.026s] -- Found ament_cmake: 1.3.8 (/opt/ros/humble/share/ament_cmake/cmake)
[0.138s] -- Found franka_msgs: 0.1.13 (/home/simi/franka_ros2_ws/install/franka_msgs/share/franka_msgs/cmake)
[0.161s] -- Found rosidl_generator_c: 3.1.5 (/opt/ros/humble/share/rosidl_generator_c/cmake)
[0.163s] -- Found rosidl_adapter: 3.1.5 (/opt/ros/humble/share/rosidl_adapter/cmake)
[0.168s] -- Found rosidl_generator_cpp: 3.1.5 (/opt/ros/humble/share/rosidl_generator_cpp/cmake)
[0.177s] -- Using all available rosidl_typesupport_c: rosidl_typesupport_fastrtps_c;rosidl_typesupport_introspection_c
[0.190s] -- Using all available rosidl_typesupport_cpp: rosidl_typesupport_fastrtps_cpp;rosidl_typesupport_introspection_cpp
[0.464s] -- Found rclcpp: 16.0.8 (/opt/ros/humble/share/rclcpp/cmake)
[0.503s] -- Found rmw_implementation_cmake: 6.1.1 (/opt/ros/humble/share/rmw_implementation_cmake/cmake)
[0.504s] -- Found rmw_fastrtps_cpp: 6.2.6 (/opt/ros/humble/share/rmw_fastrtps_cpp/cmake)
[0.634s] -- Using RMW implementation 'rmw_fastrtps_cpp' as default
[0.743s] -- Found rclcpp_action: 16.0.8 (/opt/ros/humble/share/rclcpp_action/cmake)
[0.767s] -- Found rclcpp_components: 16.0.8 (/opt/ros/humble/share/rclcpp_components/cmake)
[0.815s] -- Found std_srvs: 4.2.3 (/opt/ros/humble/share/std_srvs/cmake)
[0.829s] -- Found control_msgs: 4.4.0 (/opt/ros/humble/share/control_msgs/cmake)
[1.122s] -- Found ament_cmake_clang_format: 0.12.10 (/opt/ros/humble/share/ament_cmake_clang_format/cmake)
[1.123s] -- Found ament_cmake_copyright: 0.12.10 (/opt/ros/humble/share/ament_cmake_copyright/cmake)
[1.123s] -- Found ament_cmake_cppcheck: 0.12.10 (/opt/ros/humble/share/ament_cmake_cppcheck/cmake)
[1.124s] -- Found ament_cmake_flake8: 0.12.10 (/opt/ros/humble/share/ament_cmake_flake8/cmake)
[1.124s] -- Found ament_cmake_lint_cmake: 0.12.10 (/opt/ros/humble/share/ament_cmake_lint_cmake/cmake)
[1.125s] -- Found ament_cmake_pep257: 0.12.10 (/opt/ros/humble/share/ament_cmake_pep257/cmake)
[1.125s] -- Found ament_cmake_xmllint: 0.12.10 (/opt/ros/humble/share/ament_cmake_xmllint/cmake)
[1.184s] -- Configuring done
[1.202s] -- Generating done
[1.205s] -- Build files have been written to: /home/simi/franka_ros2_ws/build/franka_gripper
[1.214s] Invoked command in '/home/simi/franka_ros2_ws/build/franka_gripper' returned '0': AMENT_PREFIX_PATH=/home/simi/franka_ros2_ws/install/franka_msgs:${AMENT_PREFIX_PATH} CMAKE_PREFIX_PATH=/home/simi/franka_ros2_ws/install/franka_msgs:/opt/ros/humble LD_LIBRARY_PATH=/home/simi/franka_ros2_ws/install/franka_msgs/lib:${LD_LIBRARY_PATH} PYTHONPATH=/home/simi/franka_ros2_ws/install/franka_msgs/local/lib/python3.10/dist-packages:${PYTHONPATH} /usr/bin/cmake /home/simi/franka_ros2_ws/src/franka_ros2/franka_gripper -DCMAKE_BUILD_TYPE=Release -DCMAKE_INSTALL_PREFIX=/home/simi/franka_ros2_ws/install/franka_gripper
[1.217s] Invoking command in '/home/simi/franka_ros2_ws/build/franka_gripper': AMENT_PREFIX_PATH=/home/simi/franka_ros2_ws/install/franka_msgs:${AMENT_PREFIX_PATH} CMAKE_PREFIX_PATH=/home/simi/franka_ros2_ws/install/franka_msgs:/opt/ros/humble LD_LIBRARY_PATH=/home/simi/franka_ros2_ws/install/franka_msgs/lib:${LD_LIBRARY_PATH} PYTHONPATH=/home/simi/franka_ros2_ws/install/franka_msgs/local/lib/python3.10/dist-packages:${PYTHONPATH} /usr/bin/cmake --build /home/simi/franka_ros2_ws/build/franka_gripper -- -j16 -l16
[1.268s] [35m[1mConsolidate compiler generated dependencies of target franka_gripper_node[0m
[1.268s] [35m[1mConsolidate compiler generated dependencies of target gripper_server[0m
[1.291s] [ 50%] Built target ament_cmake_python_copy_franka_gripper
[1.292s] [100%] Built target gripper_server
[1.292s] [100%] Built target franka_gripper_node
[1.513s] running egg_info
[1.513s] writing franka_gripper.egg-info/PKG-INFO
[1.513s] writing dependency_links to franka_gripper.egg-info/dependency_links.txt
[1.514s] writing top-level names to franka_gripper.egg-info/top_level.txt
[1.516s] reading manifest file 'franka_gripper.egg-info/SOURCES.txt'
[1.516s] writing manifest file 'franka_gripper.egg-info/SOURCES.txt'
[1.550s] [100%] Built target ament_cmake_python_build_franka_gripper_egg
[1.566s] Invoked command in '/home/simi/franka_ros2_ws/build/franka_gripper' returned '0': AMENT_PREFIX_PATH=/home/simi/franka_ros2_ws/install/franka_msgs:${AMENT_PREFIX_PATH} CMAKE_PREFIX_PATH=/home/simi/franka_ros2_ws/install/franka_msgs:/opt/ros/humble LD_LIBRARY_PATH=/home/simi/franka_ros2_ws/install/franka_msgs/lib:${LD_LIBRARY_PATH} PYTHONPATH=/home/simi/franka_ros2_ws/install/franka_msgs/local/lib/python3.10/dist-packages:${PYTHONPATH} /usr/bin/cmake --build /home/simi/franka_ros2_ws/build/franka_gripper -- -j16 -l16
[1.610s] Invoking command in '/home/simi/franka_ros2_ws/build/franka_gripper': AMENT_PREFIX_PATH=/home/simi/franka_ros2_ws/install/franka_msgs:${AMENT_PREFIX_PATH} CMAKE_PREFIX_PATH=/home/simi/franka_ros2_ws/install/franka_msgs:/opt/ros/humble LD_LIBRARY_PATH=/home/simi/franka_ros2_ws/install/franka_msgs/lib:${LD_LIBRARY_PATH} PYTHONPATH=/home/simi/franka_ros2_ws/install/franka_msgs/local/lib/python3.10/dist-packages:${PYTHONPATH} /usr/bin/cmake --install /home/simi/franka_ros2_ws/build/franka_gripper
[1.622s] -- Install configuration: "Release"
[1.622s] -- Up-to-date: /home/simi/franka_ros2_ws/install/franka_gripper/lib/franka_gripper/franka_gripper_node
[1.622s] -- Up-to-date: /home/simi/franka_ros2_ws/install/franka_gripper/lib/libgripper_server.so
[1.622s] -- Up-to-date: /home/simi/franka_ros2_ws/install/franka_gripper/share/franka_gripper//launch
[1.622s] -- Up-to-date: /home/simi/franka_ros2_ws/install/franka_gripper/share/franka_gripper//launch/gripper.launch.py
[1.622s] -- Up-to-date: /home/simi/franka_ros2_ws/install/franka_gripper/share/franka_gripper//config
[1.622s] -- Up-to-date: /home/simi/franka_ros2_ws/install/franka_gripper/share/franka_gripper//config/franka_gripper_node.yaml
[1.623s] -- Up-to-date: /home/simi/franka_ros2_ws/install/franka_gripper/share/franka_gripper/environment/pythonpath.sh
[1.623s] -- Installing: /home/simi/franka_ros2_ws/install/franka_gripper/share/franka_gripper/environment/pythonpath.dsv
[1.623s] -- Up-to-date: /home/simi/franka_ros2_ws/install/franka_gripper/local/lib/python3.10/dist-packages/franka_gripper-0.1.13-py3.10.egg-info
[1.623s] -- Installing: /home/simi/franka_ros2_ws/install/franka_gripper/local/lib/python3.10/dist-packages/franka_gripper-0.1.13-py3.10.egg-info/dependency_links.txt
[1.623s] -- Installing: /home/simi/franka_ros2_ws/install/franka_gripper/local/lib/python3.10/dist-packages/franka_gripper-0.1.13-py3.10.egg-info/top_level.txt
[1.623s] -- Installing: /home/simi/franka_ros2_ws/install/franka_gripper/local/lib/python3.10/dist-packages/franka_gripper-0.1.13-py3.10.egg-info/PKG-INFO
[1.623s] -- Installing: /home/simi/franka_ros2_ws/install/franka_gripper/local/lib/python3.10/dist-packages/franka_gripper-0.1.13-py3.10.egg-info/SOURCES.txt
[1.623s] -- Up-to-date: /home/simi/franka_ros2_ws/install/franka_gripper/local/lib/python3.10/dist-packages/franka_gripper
[1.623s] -- Up-to-date: /home/simi/franka_ros2_ws/install/franka_gripper/local/lib/python3.10/dist-packages/franka_gripper/__init__.py
[1.650s] Listing '/home/simi/franka_ros2_ws/install/franka_gripper/local/lib/python3.10/dist-packages/franka_gripper'...
[1.655s] -- Up-to-date: /home/simi/franka_ros2_ws/install/franka_gripper/lib/franka_gripper/fake_gripper_state_publisher.py
[1.655s] -- Up-to-date: /home/simi/franka_ros2_ws/install/franka_gripper/share/ament_index/resource_index/package_run_dependencies/franka_gripper
[1.655s] -- Installing: /home/simi/franka_ros2_ws/install/franka_gripper/share/ament_index/resource_index/parent_prefix_path/franka_gripper
[1.655s] -- Up-to-date: /home/simi/franka_ros2_ws/install/franka_gripper/share/franka_gripper/environment/ament_prefix_path.sh
[1.655s] -- Installing: /home/simi/franka_ros2_ws/install/franka_gripper/share/franka_gripper/environment/ament_prefix_path.dsv
[1.655s] -- Up-to-date: /home/simi/franka_ros2_ws/install/franka_gripper/share/franka_gripper/environment/path.sh
[1.655s] -- Installing: /home/simi/franka_ros2_ws/install/franka_gripper/share/franka_gripper/environment/path.dsv
[1.656s] -- Up-to-date: /home/simi/franka_ros2_ws/install/franka_gripper/share/franka_gripper/local_setup.bash
[1.656s] -- Up-to-date: /home/simi/franka_ros2_ws/install/franka_gripper/share/franka_gripper/local_setup.sh
[1.656s] -- Up-to-date: /home/simi/franka_ros2_ws/install/franka_gripper/share/franka_gripper/local_setup.zsh
[1.656s] -- Installing: /home/simi/franka_ros2_ws/install/franka_gripper/share/franka_gripper/local_setup.dsv
[1.656s] -- Installing: /home/simi/franka_ros2_ws/install/franka_gripper/share/franka_gripper/package.dsv
[1.656s] -- Up-to-date: /home/simi/franka_ros2_ws/install/franka_gripper/share/ament_index/resource_index/packages/franka_gripper
[1.656s] -- Up-to-date: /home/simi/franka_ros2_ws/install/franka_gripper/share/ament_index/resource_index/rclcpp_components/franka_gripper
[1.656s] -- Up-to-date: /home/simi/franka_ros2_ws/install/franka_gripper/share/franka_gripper/cmake/franka_gripperConfig.cmake
[1.656s] -- Up-to-date: /home/simi/franka_ros2_ws/install/franka_gripper/share/franka_gripper/cmake/franka_gripperConfig-version.cmake
[1.657s] -- Up-to-date: /home/simi/franka_ros2_ws/install/franka_gripper/share/franka_gripper/package.xml
[1.660s] Invoked command in '/home/simi/franka_ros2_ws/build/franka_gripper' returned '0': AMENT_PREFIX_PATH=/home/simi/franka_ros2_ws/install/franka_msgs:${AMENT_PREFIX_PATH} CMAKE_PREFIX_PATH=/home/simi/franka_ros2_ws/install/franka_msgs:/opt/ros/humble LD_LIBRARY_PATH=/home/simi/franka_ros2_ws/install/franka_msgs/lib:${LD_LIBRARY_PATH} PYTHONPATH=/home/simi/franka_ros2_ws/install/franka_msgs/local/lib/python3.10/dist-packages:${PYTHONPATH} /usr/bin/cmake --install /home/simi/franka_ros2_ws/build/franka_gripper
