[0.035s] Invoking command in '/home/simi/franka_ros2_ws/build/messages_fr3': CMAKE_PREFIX_PATH=${CMAKE_PREFIX_PATH}:/opt/ros/humble /usr/bin/cmake --build /home/simi/franka_ros2_ws/build/messages_fr3 -- -j16 -l16
[0.115s] [35m[1mConsolidate compiler generated dependencies of target messages_fr3__rosidl_generator_c[0m
[0.141s] [  2%] Built target messages_fr3__cpp
[0.142s] [  5%] [32mBuilding C object CMakeFiles/messages_fr3__rosidl_generator_c.dir/rosidl_generator_c/messages_fr3/srv/detail/set_param__functions.c.o[0m
[0.145s] [  7%] [32mBuilding C object CMakeFiles/messages_fr3__rosidl_generator_c.dir/rosidl_generator_c/messages_fr3/srv/detail/set_pose__functions.c.o[0m
[0.208s] [  7%] Built target ament_cmake_python_copy_messages_fr3
[0.209s] [35m[1mConsolidate compiler generated dependencies of target messages_fr3__rosidl_typesupport_cpp[0m
[0.223s] [35m[1mConsolidate compiler generated dependencies of target messages_fr3__rosidl_typesupport_fastrtps_cpp[0m
[0.226s] [35m[1mConsolidate compiler generated dependencies of target messages_fr3__rosidl_typesupport_introspection_cpp[0m
[0.262s] [ 10%] [32mBuilding CXX object CMakeFiles/messages_fr3__rosidl_typesupport_cpp.dir/rosidl_typesupport_cpp/messages_fr3/srv/set_param__type_support.cpp.o[0m
[0.276s] [ 12%] [32mBuilding CXX object CMakeFiles/messages_fr3__rosidl_typesupport_introspection_cpp.dir/rosidl_typesupport_introspection_cpp/messages_fr3/srv/detail/set_pose__type_support.cpp.o[0m
[0.276s] [ 15%] [32mBuilding CXX object CMakeFiles/messages_fr3__rosidl_typesupport_introspection_cpp.dir/rosidl_typesupport_introspection_cpp/messages_fr3/srv/detail/set_param__type_support.cpp.o[0m
[0.282s] [ 17%] [32mBuilding CXX object CMakeFiles/messages_fr3__rosidl_typesupport_cpp.dir/rosidl_typesupport_cpp/messages_fr3/srv/set_pose__type_support.cpp.o[0m
[0.309s] [ 20%] [32mBuilding CXX object CMakeFiles/messages_fr3__rosidl_typesupport_fastrtps_cpp.dir/rosidl_typesupport_fastrtps_cpp/messages_fr3/srv/detail/dds_fastrtps/set_pose__type_support.cpp.o[0m
[0.309s] [ 23%] [32mBuilding CXX object CMakeFiles/messages_fr3__rosidl_typesupport_fastrtps_cpp.dir/rosidl_typesupport_fastrtps_cpp/messages_fr3/srv/detail/dds_fastrtps/set_param__type_support.cpp.o[0m
[0.630s] [ 25%] [32m[1mLinking C shared library libmessages_fr3__rosidl_generator_c.so[0m
[0.946s] [ 28%] Built target messages_fr3__rosidl_generator_c
[1.021s] [35m[1mConsolidate compiler generated dependencies of target messages_fr3__rosidl_typesupport_introspection_c[0m
[1.025s] [35m[1mConsolidate compiler generated dependencies of target messages_fr3__rosidl_typesupport_c[0m
[1.068s] [35m[1mConsolidate compiler generated dependencies of target messages_fr3__rosidl_typesupport_fastrtps_c[0m
[1.102s] [ 30%] [32mBuilding C object CMakeFiles/messages_fr3__rosidl_typesupport_introspection_c.dir/rosidl_typesupport_introspection_c/messages_fr3/srv/detail/set_param__type_support.c.o[0m
[1.103s] [ 35%] [32mBuilding CXX object CMakeFiles/messages_fr3__rosidl_typesupport_c.dir/rosidl_typesupport_c/messages_fr3/srv/set_pose__type_support.cpp.o[0m
[1.103s] [ 35%] [32mBuilding C object CMakeFiles/messages_fr3__rosidl_typesupport_introspection_c.dir/rosidl_typesupport_introspection_c/messages_fr3/srv/detail/set_pose__type_support.c.o[0m
[1.112s] running egg_info
[1.113s] writing messages_fr3.egg-info/PKG-INFO
[1.120s] writing dependency_links to messages_fr3.egg-info/dependency_links.txt
[1.134s] writing top-level names to messages_fr3.egg-info/top_level.txt
[1.137s] [ 38%] [32mBuilding CXX object CMakeFiles/messages_fr3__rosidl_typesupport_c.dir/rosidl_typesupport_c/messages_fr3/srv/set_param__type_support.cpp.o[0m
[1.148s] reading manifest file 'messages_fr3.egg-info/SOURCES.txt'
[1.154s] writing manifest file 'messages_fr3.egg-info/SOURCES.txt'
[1.185s] [ 41%] [32mBuilding CXX object CMakeFiles/messages_fr3__rosidl_typesupport_fastrtps_c.dir/rosidl_typesupport_fastrtps_c/messages_fr3/srv/detail/set_param__type_support_c.cpp.o[0m
[1.212s] [ 43%] [32mBuilding CXX object CMakeFiles/messages_fr3__rosidl_typesupport_fastrtps_c.dir/rosidl_typesupport_fastrtps_c/messages_fr3/srv/detail/set_pose__type_support_c.cpp.o[0m
[1.314s] [ 46%] [32m[1mLinking CXX shared library libmessages_fr3__rosidl_typesupport_c.so[0m
[1.362s] [ 46%] Built target ament_cmake_python_build_messages_fr3_egg
[1.472s] [ 48%] [32m[1mLinking C shared library libmessages_fr3__rosidl_typesupport_introspection_c.so[0m
[1.503s] [ 51%] Built target messages_fr3__rosidl_typesupport_c
[1.564s] [ 53%] [32m[1mLinking CXX shared library libmessages_fr3__rosidl_typesupport_cpp.so[0m
[1.585s] [ 56%] Built target messages_fr3__rosidl_typesupport_introspection_c
[1.697s] [ 58%] Built target messages_fr3__rosidl_typesupport_cpp
[1.882s] [ 61%] [32m[1mLinking CXX shared library libmessages_fr3__rosidl_typesupport_introspection_cpp.so[0m
[2.029s] [ 64%] Built target messages_fr3__rosidl_typesupport_introspection_cpp
[2.054s] [ 66%] [32m[1mLinking CXX shared library libmessages_fr3__rosidl_typesupport_fastrtps_cpp.so[0m
[2.556s] [ 69%] Built target messages_fr3__rosidl_typesupport_fastrtps_cpp
[3.579s] [ 71%] [32m[1mLinking CXX shared library libmessages_fr3__rosidl_typesupport_fastrtps_c.so[0m
[4.425s] [ 74%] Built target messages_fr3__rosidl_typesupport_fastrtps_c
[4.683s] [ 74%] Built target messages_fr3
[4.991s] [ 76%] Built target messages_fr3__py
[5.235s] [35m[1mConsolidate compiler generated dependencies of target messages_fr3__rosidl_generator_py[0m
[5.382s] [ 79%] [32mBuilding C object CMakeFiles/messages_fr3__rosidl_generator_py.dir/rosidl_generator_py/messages_fr3/srv/_set_pose_s.c.o[0m
[5.492s] [ 82%] [32mBuilding C object CMakeFiles/messages_fr3__rosidl_generator_py.dir/rosidl_generator_py/messages_fr3/srv/_set_param_s.c.o[0m
[6.460s] [ 84%] [32m[1mLinking C shared library rosidl_generator_py/messages_fr3/libmessages_fr3__rosidl_generator_py.so[0m
[6.855s] [ 84%] Built target messages_fr3__rosidl_generator_py
[6.967s] [35m[1mConsolidate compiler generated dependencies of target messages_fr3__rosidl_typesupport_introspection_c__pyext[0m
[6.968s] [35m[1mConsolidate compiler generated dependencies of target messages_fr3__rosidl_typesupport_fastrtps_c__pyext[0m
[6.971s] [35m[1mConsolidate compiler generated dependencies of target messages_fr3__rosidl_typesupport_c__pyext[0m
[7.087s] [ 89%] [32mBuilding C object CMakeFiles/messages_fr3__rosidl_typesupport_fastrtps_c__pyext.dir/rosidl_generator_py/messages_fr3/_messages_fr3_s.ep.rosidl_typesupport_fastrtps_c.c.o[0m
[7.089s] [ 89%] [32mBuilding C object CMakeFiles/messages_fr3__rosidl_typesupport_introspection_c__pyext.dir/rosidl_generator_py/messages_fr3/_messages_fr3_s.ep.rosidl_typesupport_introspection_c.c.o[0m
[7.151s] [ 92%] [32mBuilding C object CMakeFiles/messages_fr3__rosidl_typesupport_c__pyext.dir/rosidl_generator_py/messages_fr3/_messages_fr3_s.ep.rosidl_typesupport_c.c.o[0m
[8.019s] [ 94%] [32m[1mLinking C shared library rosidl_generator_py/messages_fr3/messages_fr3_s__rosidl_typesupport_fastrtps_c.cpython-310-x86_64-linux-gnu.so[0m
[8.151s] [ 97%] [32m[1mLinking C shared library rosidl_generator_py/messages_fr3/messages_fr3_s__rosidl_typesupport_introspection_c.cpython-310-x86_64-linux-gnu.so[0m
[8.187s] [100%] [32m[1mLinking C shared library rosidl_generator_py/messages_fr3/messages_fr3_s__rosidl_typesupport_c.cpython-310-x86_64-linux-gnu.so[0m
[8.486s] [100%] Built target messages_fr3__rosidl_typesupport_fastrtps_c__pyext
[8.586s] [100%] Built target messages_fr3__rosidl_typesupport_introspection_c__pyext
[8.679s] [100%] Built target messages_fr3__rosidl_typesupport_c__pyext
[8.810s] Invoked command in '/home/simi/franka_ros2_ws/build/messages_fr3' returned '0': CMAKE_PREFIX_PATH=${CMAKE_PREFIX_PATH}:/opt/ros/humble /usr/bin/cmake --build /home/simi/franka_ros2_ws/build/messages_fr3 -- -j16 -l16
[10.218s] Invoking command in '/home/simi/franka_ros2_ws/build/messages_fr3': CMAKE_PREFIX_PATH=${CMAKE_PREFIX_PATH}:/opt/ros/humble /usr/bin/cmake --install /home/simi/franka_ros2_ws/build/messages_fr3
[10.265s] -- Install configuration: "Release"
[10.267s] -- Up-to-date: /home/simi/franka_ros2_ws/install/messages_fr3/share/ament_index/resource_index/rosidl_interfaces/messages_fr3
[10.268s] -- Up-to-date: /home/simi/franka_ros2_ws/install/messages_fr3/include/messages_fr3/messages_fr3
[10.269s] -- Up-to-date: /home/simi/franka_ros2_ws/install/messages_fr3/include/messages_fr3/messages_fr3/srv
[10.270s] -- Up-to-date: /home/simi/franka_ros2_ws/install/messages_fr3/include/messages_fr3/messages_fr3/srv/detail
[10.271s] -- Up-to-date: /home/simi/franka_ros2_ws/install/messages_fr3/include/messages_fr3/messages_fr3/srv/detail/set_param__type_support.h
[10.272s] -- Up-to-date: /home/simi/franka_ros2_ws/install/messages_fr3/include/messages_fr3/messages_fr3/srv/detail/set_param__functions.c
[10.273s] -- Up-to-date: /home/simi/franka_ros2_ws/install/messages_fr3/include/messages_fr3/messages_fr3/srv/detail/set_param__struct.h
[10.274s] -- Up-to-date: /home/simi/franka_ros2_ws/install/messages_fr3/include/messages_fr3/messages_fr3/srv/detail/set_param__functions.h
[10.275s] -- Up-to-date: /home/simi/franka_ros2_ws/install/messages_fr3/include/messages_fr3/messages_fr3/srv/detail/set_pose__functions.c
[10.276s] -- Up-to-date: /home/simi/franka_ros2_ws/install/messages_fr3/include/messages_fr3/messages_fr3/srv/detail/set_pose__struct.h
[10.278s] -- Up-to-date: /home/simi/franka_ros2_ws/install/messages_fr3/include/messages_fr3/messages_fr3/srv/detail/set_pose__functions.h
[10.279s] -- Up-to-date: /home/simi/franka_ros2_ws/install/messages_fr3/include/messages_fr3/messages_fr3/srv/detail/set_pose__type_support.h
[10.280s] -- Up-to-date: /home/simi/franka_ros2_ws/install/messages_fr3/include/messages_fr3/messages_fr3/srv/set_param.h
[10.281s] -- Up-to-date: /home/simi/franka_ros2_ws/install/messages_fr3/include/messages_fr3/messages_fr3/srv/set_pose.h
[10.281s] -- Up-to-date: /home/simi/franka_ros2_ws/install/messages_fr3/include/messages_fr3/messages_fr3/msg
[10.281s] -- Up-to-date: /home/simi/franka_ros2_ws/install/messages_fr3/include/messages_fr3/messages_fr3/msg/rosidl_generator_c__visibility_control.h
[10.282s] -- Up-to-date: /home/simi/franka_ros2_ws/install/messages_fr3/share/messages_fr3/environment/library_path.sh
[10.282s] -- Up-to-date: /home/simi/franka_ros2_ws/install/messages_fr3/share/messages_fr3/environment/library_path.dsv
[10.283s] -- Installing: /home/simi/franka_ros2_ws/install/messages_fr3/lib/libmessages_fr3__rosidl_generator_c.so
[10.294s] -- Set runtime path of "/home/simi/franka_ros2_ws/install/messages_fr3/lib/libmessages_fr3__rosidl_generator_c.so" to ""
[10.294s] -- Up-to-date: /home/simi/franka_ros2_ws/install/messages_fr3/include/messages_fr3/messages_fr3
[10.294s] -- Up-to-date: /home/simi/franka_ros2_ws/install/messages_fr3/include/messages_fr3/messages_fr3/srv
[10.294s] -- Up-to-date: /home/simi/franka_ros2_ws/install/messages_fr3/include/messages_fr3/messages_fr3/srv/detail
[10.294s] -- Up-to-date: /home/simi/franka_ros2_ws/install/messages_fr3/include/messages_fr3/messages_fr3/srv/detail/set_param__rosidl_typesupport_fastrtps_c.h
[10.295s] -- Up-to-date: /home/simi/franka_ros2_ws/install/messages_fr3/include/messages_fr3/messages_fr3/srv/detail/set_pose__rosidl_typesupport_fastrtps_c.h
[10.295s] -- Up-to-date: /home/simi/franka_ros2_ws/install/messages_fr3/include/messages_fr3/messages_fr3/msg
[10.295s] -- Up-to-date: /home/simi/franka_ros2_ws/install/messages_fr3/include/messages_fr3/messages_fr3/msg/rosidl_typesupport_fastrtps_c__visibility_control.h
[10.295s] -- Installing: /home/simi/franka_ros2_ws/install/messages_fr3/lib/libmessages_fr3__rosidl_typesupport_fastrtps_c.so
[10.296s] -- Set runtime path of "/home/simi/franka_ros2_ws/install/messages_fr3/lib/libmessages_fr3__rosidl_typesupport_fastrtps_c.so" to ""
[10.296s] -- Up-to-date: /home/simi/franka_ros2_ws/install/messages_fr3/include/messages_fr3/messages_fr3
[10.296s] -- Up-to-date: /home/simi/franka_ros2_ws/install/messages_fr3/include/messages_fr3/messages_fr3/srv
[10.296s] -- Up-to-date: /home/simi/franka_ros2_ws/install/messages_fr3/include/messages_fr3/messages_fr3/srv/detail
[10.297s] -- Up-to-date: /home/simi/franka_ros2_ws/install/messages_fr3/include/messages_fr3/messages_fr3/srv/detail/set_param__rosidl_typesupport_introspection_c.h
[10.297s] -- Up-to-date: /home/simi/franka_ros2_ws/install/messages_fr3/include/messages_fr3/messages_fr3/srv/detail/set_pose__rosidl_typesupport_introspection_c.h
[10.297s] -- Up-to-date: /home/simi/franka_ros2_ws/install/messages_fr3/include/messages_fr3/messages_fr3/srv/detail/set_pose__type_support.c
[10.297s] -- Up-to-date: /home/simi/franka_ros2_ws/install/messages_fr3/include/messages_fr3/messages_fr3/srv/detail/set_param__type_support.c
[10.297s] -- Up-to-date: /home/simi/franka_ros2_ws/install/messages_fr3/include/messages_fr3/messages_fr3/msg
[10.297s] -- Up-to-date: /home/simi/franka_ros2_ws/install/messages_fr3/include/messages_fr3/messages_fr3/msg/rosidl_typesupport_introspection_c__visibility_control.h
[10.297s] -- Installing: /home/simi/franka_ros2_ws/install/messages_fr3/lib/libmessages_fr3__rosidl_typesupport_introspection_c.so
[10.300s] -- Set runtime path of "/home/simi/franka_ros2_ws/install/messages_fr3/lib/libmessages_fr3__rosidl_typesupport_introspection_c.so" to ""
[10.307s] -- Installing: /home/simi/franka_ros2_ws/install/messages_fr3/lib/libmessages_fr3__rosidl_typesupport_c.so
[10.322s] -- Set runtime path of "/home/simi/franka_ros2_ws/install/messages_fr3/lib/libmessages_fr3__rosidl_typesupport_c.so" to ""
[10.323s] -- Up-to-date: /home/simi/franka_ros2_ws/install/messages_fr3/include/messages_fr3/messages_fr3
[10.326s] -- Up-to-date: /home/simi/franka_ros2_ws/install/messages_fr3/include/messages_fr3/messages_fr3/srv
[10.326s] -- Up-to-date: /home/simi/franka_ros2_ws/install/messages_fr3/include/messages_fr3/messages_fr3/srv/detail
[10.327s] -- Up-to-date: /home/simi/franka_ros2_ws/install/messages_fr3/include/messages_fr3/messages_fr3/srv/detail/set_param__struct.hpp
[10.327s] -- Up-to-date: /home/simi/franka_ros2_ws/install/messages_fr3/include/messages_fr3/messages_fr3/srv/detail/set_pose__builder.hpp
[10.327s] -- Up-to-date: /home/simi/franka_ros2_ws/install/messages_fr3/include/messages_fr3/messages_fr3/srv/detail/set_pose__traits.hpp
[10.328s] -- Up-to-date: /home/simi/franka_ros2_ws/install/messages_fr3/include/messages_fr3/messages_fr3/srv/detail/set_pose__struct.hpp
[10.330s] -- Up-to-date: /home/simi/franka_ros2_ws/install/messages_fr3/include/messages_fr3/messages_fr3/srv/detail/set_param__traits.hpp
[10.330s] -- Up-to-date: /home/simi/franka_ros2_ws/install/messages_fr3/include/messages_fr3/messages_fr3/srv/detail/set_param__builder.hpp
[10.330s] -- Up-to-date: /home/simi/franka_ros2_ws/install/messages_fr3/include/messages_fr3/messages_fr3/srv/set_param.hpp
[10.331s] -- Up-to-date: /home/simi/franka_ros2_ws/install/messages_fr3/include/messages_fr3/messages_fr3/srv/set_pose.hpp
[10.332s] -- Up-to-date: /home/simi/franka_ros2_ws/install/messages_fr3/include/messages_fr3/messages_fr3
[10.332s] -- Up-to-date: /home/simi/franka_ros2_ws/install/messages_fr3/include/messages_fr3/messages_fr3/srv
[10.334s] -- Up-to-date: /home/simi/franka_ros2_ws/install/messages_fr3/include/messages_fr3/messages_fr3/srv/detail
[10.334s] -- Up-to-date: /home/simi/franka_ros2_ws/install/messages_fr3/include/messages_fr3/messages_fr3/srv/detail/set_pose__rosidl_typesupport_fastrtps_cpp.hpp
[10.334s] -- Up-to-date: /home/simi/franka_ros2_ws/install/messages_fr3/include/messages_fr3/messages_fr3/srv/detail/set_param__rosidl_typesupport_fastrtps_cpp.hpp
[10.334s] -- Up-to-date: /home/simi/franka_ros2_ws/install/messages_fr3/include/messages_fr3/messages_fr3/srv/detail/dds_fastrtps
[10.334s] -- Up-to-date: /home/simi/franka_ros2_ws/install/messages_fr3/include/messages_fr3/messages_fr3/msg
[10.334s] -- Up-to-date: /home/simi/franka_ros2_ws/install/messages_fr3/include/messages_fr3/messages_fr3/msg/rosidl_typesupport_fastrtps_cpp__visibility_control.h
[10.334s] -- Installing: /home/simi/franka_ros2_ws/install/messages_fr3/lib/libmessages_fr3__rosidl_typesupport_fastrtps_cpp.so
[10.334s] -- Set runtime path of "/home/simi/franka_ros2_ws/install/messages_fr3/lib/libmessages_fr3__rosidl_typesupport_fastrtps_cpp.so" to ""
[10.334s] -- Up-to-date: /home/simi/franka_ros2_ws/install/messages_fr3/include/messages_fr3/messages_fr3
[10.335s] -- Up-to-date: /home/simi/franka_ros2_ws/install/messages_fr3/include/messages_fr3/messages_fr3/srv
[10.335s] -- Up-to-date: /home/simi/franka_ros2_ws/install/messages_fr3/include/messages_fr3/messages_fr3/srv/detail
[10.335s] -- Up-to-date: /home/simi/franka_ros2_ws/install/messages_fr3/include/messages_fr3/messages_fr3/srv/detail/set_param__rosidl_typesupport_introspection_cpp.hpp
[10.335s] -- Up-to-date: /home/simi/franka_ros2_ws/install/messages_fr3/include/messages_fr3/messages_fr3/srv/detail/set_pose__rosidl_typesupport_introspection_cpp.hpp
[10.335s] -- Up-to-date: /home/simi/franka_ros2_ws/install/messages_fr3/include/messages_fr3/messages_fr3/srv/detail/set_param__type_support.cpp
[10.335s] -- Up-to-date: /home/simi/franka_ros2_ws/install/messages_fr3/include/messages_fr3/messages_fr3/srv/detail/set_pose__type_support.cpp
[10.335s] -- Installing: /home/simi/franka_ros2_ws/install/messages_fr3/lib/libmessages_fr3__rosidl_typesupport_introspection_cpp.so
[10.335s] -- Set runtime path of "/home/simi/franka_ros2_ws/install/messages_fr3/lib/libmessages_fr3__rosidl_typesupport_introspection_cpp.so" to ""
[10.335s] -- Installing: /home/simi/franka_ros2_ws/install/messages_fr3/lib/libmessages_fr3__rosidl_typesupport_cpp.so
[10.335s] -- Set runtime path of "/home/simi/franka_ros2_ws/install/messages_fr3/lib/libmessages_fr3__rosidl_typesupport_cpp.so" to ""
[10.335s] -- Up-to-date: /home/simi/franka_ros2_ws/install/messages_fr3/share/messages_fr3/environment/pythonpath.sh
[10.335s] -- Up-to-date: /home/simi/franka_ros2_ws/install/messages_fr3/share/messages_fr3/environment/pythonpath.dsv
[10.336s] -- Up-to-date: /home/simi/franka_ros2_ws/install/messages_fr3/local/lib/python3.10/dist-packages/messages_fr3-0.0.0-py3.10.egg-info
[10.336s] -- Installing: /home/simi/franka_ros2_ws/install/messages_fr3/local/lib/python3.10/dist-packages/messages_fr3-0.0.0-py3.10.egg-info/dependency_links.txt
[10.336s] -- Installing: /home/simi/franka_ros2_ws/install/messages_fr3/local/lib/python3.10/dist-packages/messages_fr3-0.0.0-py3.10.egg-info/top_level.txt
[10.336s] -- Installing: /home/simi/franka_ros2_ws/install/messages_fr3/local/lib/python3.10/dist-packages/messages_fr3-0.0.0-py3.10.egg-info/PKG-INFO
[10.336s] -- Installing: /home/simi/franka_ros2_ws/install/messages_fr3/local/lib/python3.10/dist-packages/messages_fr3-0.0.0-py3.10.egg-info/SOURCES.txt
[10.336s] -- Up-to-date: /home/simi/franka_ros2_ws/install/messages_fr3/local/lib/python3.10/dist-packages/messages_fr3
[10.336s] -- Up-to-date: /home/simi/franka_ros2_ws/install/messages_fr3/local/lib/python3.10/dist-packages/messages_fr3/__init__.py
[10.336s] -- Installing: /home/simi/franka_ros2_ws/install/messages_fr3/local/lib/python3.10/dist-packages/messages_fr3/messages_fr3_s__rosidl_typesupport_introspection_c.cpython-310-x86_64-linux-gnu.so
[10.336s] -- Installing: /home/simi/franka_ros2_ws/install/messages_fr3/local/lib/python3.10/dist-packages/messages_fr3/messages_fr3_s__rosidl_typesupport_c.cpython-310-x86_64-linux-gnu.so
[10.336s] -- Installing: /home/simi/franka_ros2_ws/install/messages_fr3/local/lib/python3.10/dist-packages/messages_fr3/libmessages_fr3__rosidl_generator_py.so
[10.336s] -- Up-to-date: /home/simi/franka_ros2_ws/install/messages_fr3/local/lib/python3.10/dist-packages/messages_fr3/srv
[10.337s] -- Up-to-date: /home/simi/franka_ros2_ws/install/messages_fr3/local/lib/python3.10/dist-packages/messages_fr3/srv/_set_param_s.c
[10.337s] -- Up-to-date: /home/simi/franka_ros2_ws/install/messages_fr3/local/lib/python3.10/dist-packages/messages_fr3/srv/__init__.py
[10.337s] -- Up-to-date: /home/simi/franka_ros2_ws/install/messages_fr3/local/lib/python3.10/dist-packages/messages_fr3/srv/_set_pose.py
[10.337s] -- Up-to-date: /home/simi/franka_ros2_ws/install/messages_fr3/local/lib/python3.10/dist-packages/messages_fr3/srv/_set_pose_s.c
[10.337s] -- Up-to-date: /home/simi/franka_ros2_ws/install/messages_fr3/local/lib/python3.10/dist-packages/messages_fr3/srv/_set_param.py
[10.337s] -- Up-to-date: /home/simi/franka_ros2_ws/install/messages_fr3/local/lib/python3.10/dist-packages/messages_fr3/_messages_fr3_s.ep.rosidl_typesupport_c.c
[10.338s] -- Up-to-date: /home/simi/franka_ros2_ws/install/messages_fr3/local/lib/python3.10/dist-packages/messages_fr3/_messages_fr3_s.ep.rosidl_typesupport_fastrtps_c.c
[10.339s] -- Installing: /home/simi/franka_ros2_ws/install/messages_fr3/local/lib/python3.10/dist-packages/messages_fr3/messages_fr3_s__rosidl_typesupport_fastrtps_c.cpython-310-x86_64-linux-gnu.so
[10.340s] -- Up-to-date: /home/simi/franka_ros2_ws/install/messages_fr3/local/lib/python3.10/dist-packages/messages_fr3/_messages_fr3_s.ep.rosidl_typesupport_introspection_c.c
[10.471s] Listing '/home/simi/franka_ros2_ws/install/messages_fr3/local/lib/python3.10/dist-packages/messages_fr3'...
[10.472s] Listing '/home/simi/franka_ros2_ws/install/messages_fr3/local/lib/python3.10/dist-packages/messages_fr3/srv'...
[10.483s] -- Installing: /home/simi/franka_ros2_ws/install/messages_fr3/local/lib/python3.10/dist-packages/messages_fr3/messages_fr3_s__rosidl_typesupport_fastrtps_c.cpython-310-x86_64-linux-gnu.so
[10.500s] -- Set runtime path of "/home/simi/franka_ros2_ws/install/messages_fr3/local/lib/python3.10/dist-packages/messages_fr3/messages_fr3_s__rosidl_typesupport_fastrtps_c.cpython-310-x86_64-linux-gnu.so" to ""
[10.501s] -- Installing: /home/simi/franka_ros2_ws/install/messages_fr3/local/lib/python3.10/dist-packages/messages_fr3/messages_fr3_s__rosidl_typesupport_introspection_c.cpython-310-x86_64-linux-gnu.so
[10.502s] -- Set runtime path of "/home/simi/franka_ros2_ws/install/messages_fr3/local/lib/python3.10/dist-packages/messages_fr3/messages_fr3_s__rosidl_typesupport_introspection_c.cpython-310-x86_64-linux-gnu.so" to ""
[10.511s] -- Installing: /home/simi/franka_ros2_ws/install/messages_fr3/local/lib/python3.10/dist-packages/messages_fr3/messages_fr3_s__rosidl_typesupport_c.cpython-310-x86_64-linux-gnu.so
[10.513s] -- Set runtime path of "/home/simi/franka_ros2_ws/install/messages_fr3/local/lib/python3.10/dist-packages/messages_fr3/messages_fr3_s__rosidl_typesupport_c.cpython-310-x86_64-linux-gnu.so" to ""
[10.514s] -- Installing: /home/simi/franka_ros2_ws/install/messages_fr3/lib/libmessages_fr3__rosidl_generator_py.so
[10.515s] -- Set runtime path of "/home/simi/franka_ros2_ws/install/messages_fr3/lib/libmessages_fr3__rosidl_generator_py.so" to ""
[10.515s] -- Up-to-date: /home/simi/franka_ros2_ws/install/messages_fr3/share/messages_fr3/srv/SetPose.idl
[10.515s] -- Up-to-date: /home/simi/franka_ros2_ws/install/messages_fr3/share/messages_fr3/srv/SetParam.idl
[10.516s] -- Up-to-date: /home/simi/franka_ros2_ws/install/messages_fr3/share/messages_fr3/srv/SetPose.srv
[10.516s] -- Up-to-date: /home/simi/franka_ros2_ws/install/messages_fr3/share/messages_fr3/srv/SetPose_Request.msg
[10.516s] -- Up-to-date: /home/simi/franka_ros2_ws/install/messages_fr3/share/messages_fr3/srv/SetPose_Response.msg
[10.516s] -- Up-to-date: /home/simi/franka_ros2_ws/install/messages_fr3/share/messages_fr3/srv/SetParam.srv
[10.516s] -- Up-to-date: /home/simi/franka_ros2_ws/install/messages_fr3/share/messages_fr3/srv/SetParam_Request.msg
[10.516s] -- Up-to-date: /home/simi/franka_ros2_ws/install/messages_fr3/share/messages_fr3/srv/SetParam_Response.msg
[10.516s] -- Up-to-date: /home/simi/franka_ros2_ws/install/messages_fr3/share/ament_index/resource_index/package_run_dependencies/messages_fr3
[10.516s] -- Up-to-date: /home/simi/franka_ros2_ws/install/messages_fr3/share/ament_index/resource_index/parent_prefix_path/messages_fr3
[10.516s] -- Up-to-date: /home/simi/franka_ros2_ws/install/messages_fr3/share/messages_fr3/environment/ament_prefix_path.sh
[10.516s] -- Up-to-date: /home/simi/franka_ros2_ws/install/messages_fr3/share/messages_fr3/environment/ament_prefix_path.dsv
[10.517s] -- Up-to-date: /home/simi/franka_ros2_ws/install/messages_fr3/share/messages_fr3/environment/path.sh
[10.517s] -- Up-to-date: /home/simi/franka_ros2_ws/install/messages_fr3/share/messages_fr3/environment/path.dsv
[10.517s] -- Up-to-date: /home/simi/franka_ros2_ws/install/messages_fr3/share/messages_fr3/local_setup.bash
[10.517s] -- Up-to-date: /home/simi/franka_ros2_ws/install/messages_fr3/share/messages_fr3/local_setup.sh
[10.517s] -- Up-to-date: /home/simi/franka_ros2_ws/install/messages_fr3/share/messages_fr3/local_setup.zsh
[10.517s] -- Up-to-date: /home/simi/franka_ros2_ws/install/messages_fr3/share/messages_fr3/local_setup.dsv
[10.517s] -- Installing: /home/simi/franka_ros2_ws/install/messages_fr3/share/messages_fr3/package.dsv
[10.517s] -- Up-to-date: /home/simi/franka_ros2_ws/install/messages_fr3/share/ament_index/resource_index/packages/messages_fr3
[10.518s] -- Up-to-date: /home/simi/franka_ros2_ws/install/messages_fr3/share/messages_fr3/cmake/export_messages_fr3__rosidl_generator_cExport.cmake
[10.518s] -- Up-to-date: /home/simi/franka_ros2_ws/install/messages_fr3/share/messages_fr3/cmake/export_messages_fr3__rosidl_generator_cExport-release.cmake
[10.518s] -- Up-to-date: /home/simi/franka_ros2_ws/install/messages_fr3/share/messages_fr3/cmake/export_messages_fr3__rosidl_typesupport_fastrtps_cExport.cmake
[10.519s] -- Up-to-date: /home/simi/franka_ros2_ws/install/messages_fr3/share/messages_fr3/cmake/export_messages_fr3__rosidl_typesupport_fastrtps_cExport-release.cmake
[10.519s] -- Up-to-date: /home/simi/franka_ros2_ws/install/messages_fr3/share/messages_fr3/cmake/messages_fr3__rosidl_typesupport_introspection_cExport.cmake
[10.519s] -- Up-to-date: /home/simi/franka_ros2_ws/install/messages_fr3/share/messages_fr3/cmake/messages_fr3__rosidl_typesupport_introspection_cExport-release.cmake
[10.519s] -- Up-to-date: /home/simi/franka_ros2_ws/install/messages_fr3/share/messages_fr3/cmake/messages_fr3__rosidl_typesupport_cExport.cmake
[10.519s] -- Up-to-date: /home/simi/franka_ros2_ws/install/messages_fr3/share/messages_fr3/cmake/messages_fr3__rosidl_typesupport_cExport-release.cmake
[10.519s] -- Up-to-date: /home/simi/franka_ros2_ws/install/messages_fr3/share/messages_fr3/cmake/export_messages_fr3__rosidl_generator_cppExport.cmake
[10.527s] -- Up-to-date: /home/simi/franka_ros2_ws/install/messages_fr3/share/messages_fr3/cmake/export_messages_fr3__rosidl_typesupport_fastrtps_cppExport.cmake
[10.534s] -- Up-to-date: /home/simi/franka_ros2_ws/install/messages_fr3/share/messages_fr3/cmake/export_messages_fr3__rosidl_typesupport_fastrtps_cppExport-release.cmake
[10.539s] -- Up-to-date: /home/simi/franka_ros2_ws/install/messages_fr3/share/messages_fr3/cmake/messages_fr3__rosidl_typesupport_introspection_cppExport.cmake
[10.540s] -- Up-to-date: /home/simi/franka_ros2_ws/install/messages_fr3/share/messages_fr3/cmake/messages_fr3__rosidl_typesupport_introspection_cppExport-release.cmake
[10.540s] -- Up-to-date: /home/simi/franka_ros2_ws/install/messages_fr3/share/messages_fr3/cmake/messages_fr3__rosidl_typesupport_cppExport.cmake
[10.541s] -- Up-to-date: /home/simi/franka_ros2_ws/install/messages_fr3/share/messages_fr3/cmake/messages_fr3__rosidl_typesupport_cppExport-release.cmake
[10.541s] -- Up-to-date: /home/simi/franka_ros2_ws/install/messages_fr3/share/messages_fr3/cmake/export_messages_fr3__rosidl_generator_pyExport.cmake
[10.542s] -- Up-to-date: /home/simi/franka_ros2_ws/install/messages_fr3/share/messages_fr3/cmake/export_messages_fr3__rosidl_generator_pyExport-release.cmake
[10.542s] -- Up-to-date: /home/simi/franka_ros2_ws/install/messages_fr3/share/messages_fr3/cmake/rosidl_cmake-extras.cmake
[10.543s] -- Up-to-date: /home/simi/franka_ros2_ws/install/messages_fr3/share/messages_fr3/cmake/ament_cmake_export_dependencies-extras.cmake
[10.543s] -- Up-to-date: /home/simi/franka_ros2_ws/install/messages_fr3/share/messages_fr3/cmake/ament_cmake_export_include_directories-extras.cmake
[10.543s] -- Up-to-date: /home/simi/franka_ros2_ws/install/messages_fr3/share/messages_fr3/cmake/ament_cmake_export_libraries-extras.cmake
[10.544s] -- Up-to-date: /home/simi/franka_ros2_ws/install/messages_fr3/share/messages_fr3/cmake/ament_cmake_export_targets-extras.cmake
[10.544s] -- Up-to-date: /home/simi/franka_ros2_ws/install/messages_fr3/share/messages_fr3/cmake/rosidl_cmake_export_typesupport_targets-extras.cmake
[10.544s] -- Up-to-date: /home/simi/franka_ros2_ws/install/messages_fr3/share/messages_fr3/cmake/rosidl_cmake_export_typesupport_libraries-extras.cmake
[10.545s] -- Up-to-date: /home/simi/franka_ros2_ws/install/messages_fr3/share/messages_fr3/cmake/messages_fr3Config.cmake
[10.546s] -- Up-to-date: /home/simi/franka_ros2_ws/install/messages_fr3/share/messages_fr3/cmake/messages_fr3Config-version.cmake
[10.546s] -- Up-to-date: /home/simi/franka_ros2_ws/install/messages_fr3/share/messages_fr3/package.xml
[10.555s] Invoked command in '/home/simi/franka_ros2_ws/build/messages_fr3' returned '0': CMAKE_PREFIX_PATH=${CMAKE_PREFIX_PATH}:/opt/ros/humble /usr/bin/cmake --install /home/simi/franka_ros2_ws/build/messages_fr3
