[0.022s] Invoking command in '/home/simi/franka_ros2_ws/build/franka_description': CMAKE_PREFIX_PATH=/opt/ros/humble /usr/bin/cmake /home/simi/franka_ros2_ws/src/franka_ros2/franka_description -DCMAKE_BUILD_TYPE=Release -DCMAKE_INSTALL_PREFIX=/home/simi/franka_ros2_ws/install/franka_description
[0.101s] -- The C compiler identification is GNU 11.4.0
[0.180s] -- The CXX compiler identification is GNU 11.4.0
[0.189s] -- Detecting C compiler ABI info
[0.285s] -- Detecting C compiler ABI info - done
[0.293s] -- Check for working C compiler: /usr/bin/cc - skipped
[0.294s] -- Detecting C compile features
[0.294s] -- Detecting C compile features - done
[0.297s] -- Detecting CXX compiler ABI info
[0.416s] -- Detecting CXX compiler ABI info - done
[0.423s] -- Check for working CXX compiler: /usr/bin/c++ - skipped
[0.423s] -- Detecting CXX compile features
[0.423s] -- Detecting CXX compile features - done
[0.427s] -- Found ament_cmake: 1.3.8 (/opt/ros/humble/share/ament_cmake/cmake)
[0.614s] -- Found Python3: /usr/bin/python3 (found version "3.10.12") found components: Interpreter 
[0.728s] -- Found ament_lint_auto: 0.12.10 (/opt/ros/humble/share/ament_lint_auto/cmake)
[1.271s] -- Added test 'copyright' to check source files copyright and LICENSE
[1.275s] -- Added test 'flake8' to check Python code syntax and style conventions
[1.276s] -- Added test 'lint_cmake' to check CMake code style
[1.276s] -- Added test 'pep257' to check Python code against some of the docstring style conventions in PEP 257
[1.279s] -- Added test 'xmllint' to check XML markup files
[1.280s] -- Configuring done
[1.283s] -- Generating done
[1.284s] -- Build files have been written to: /home/simi/franka_ros2_ws/build/franka_description
[1.291s] Invoked command in '/home/simi/franka_ros2_ws/build/franka_description' returned '0': CMAKE_PREFIX_PATH=/opt/ros/humble /usr/bin/cmake /home/simi/franka_ros2_ws/src/franka_ros2/franka_description -DCMAKE_BUILD_TYPE=Release -DCMAKE_INSTALL_PREFIX=/home/simi/franka_ros2_ws/install/franka_description
[1.292s] Invoking command in '/home/simi/franka_ros2_ws/build/franka_description': CMAKE_PREFIX_PATH=/opt/ros/humble /usr/bin/cmake --build /home/simi/franka_ros2_ws/build/franka_description -- -j16 -l16
[1.351s] Invoked command in '/home/simi/franka_ros2_ws/build/franka_description' returned '0': CMAKE_PREFIX_PATH=/opt/ros/humble /usr/bin/cmake --build /home/simi/franka_ros2_ws/build/franka_description -- -j16 -l16
[1.387s] Invoking command in '/home/simi/franka_ros2_ws/build/franka_description': CMAKE_PREFIX_PATH=/opt/ros/humble /usr/bin/cmake --install /home/simi/franka_ros2_ws/build/franka_description
[1.395s] -- Install configuration: "Release"
[1.395s] -- Installing: /home/simi/franka_ros2_ws/install/franka_description/share/franka_description//launch
[1.395s] -- Installing: /home/simi/franka_ros2_ws/install/franka_description/share/franka_description//launch/visualize_franka.launch.py
[1.395s] -- Installing: /home/simi/franka_ros2_ws/install/franka_description/share/franka_description//robots
[1.395s] -- Installing: /home/simi/franka_ros2_ws/install/franka_description/share/franka_description//robots/hand.xacro
[1.396s] -- Installing: /home/simi/franka_ros2_ws/install/franka_description/share/franka_description//robots/hand.urdf.xacro
[1.396s] -- Installing: /home/simi/franka_ros2_ws/install/franka_description/share/franka_description//robots/panda_arm.urdf.xacro
[1.396s] -- Installing: /home/simi/franka_ros2_ws/install/franka_description/share/franka_description//robots/panda_arm.xacro
[1.396s] -- Installing: /home/simi/franka_ros2_ws/install/franka_description/share/franka_description//robots/panda_arm.ros2_control.xacro
[1.396s] -- Installing: /home/simi/franka_ros2_ws/install/franka_description/share/franka_description//meshes
[1.396s] -- Installing: /home/simi/franka_ros2_ws/install/franka_description/share/franka_description//meshes/visual
[1.396s] -- Installing: /home/simi/franka_ros2_ws/install/franka_description/share/franka_description//meshes/visual/link3.dae
[1.398s] -- Installing: /home/simi/franka_ros2_ws/install/franka_description/share/franka_description//meshes/visual/hand.dae
[1.399s] -- Installing: /home/simi/franka_ros2_ws/install/franka_description/share/franka_description//meshes/visual/link4.dae
[1.401s] -- Installing: /home/simi/franka_ros2_ws/install/franka_description/share/franka_description//meshes/visual/link0.dae
[1.404s] -- Installing: /home/simi/franka_ros2_ws/install/franka_description/share/franka_description//meshes/visual/link7.dae
[1.405s] -- Installing: /home/simi/franka_ros2_ws/install/franka_description/share/franka_description//meshes/visual/link6.dae
[1.408s] -- Installing: /home/simi/franka_ros2_ws/install/franka_description/share/franka_description//meshes/visual/finger.dae
[1.409s] -- Installing: /home/simi/franka_ros2_ws/install/franka_description/share/franka_description//meshes/visual/link5.dae
[1.412s] -- Installing: /home/simi/franka_ros2_ws/install/franka_description/share/franka_description//meshes/visual/link2.dae
[1.413s] -- Installing: /home/simi/franka_ros2_ws/install/franka_description/share/franka_description//meshes/visual/link1.dae
[1.415s] -- Installing: /home/simi/franka_ros2_ws/install/franka_description/share/franka_description//rviz
[1.415s] -- Installing: /home/simi/franka_ros2_ws/install/franka_description/share/franka_description//rviz/visualize_franka.rviz
[1.416s] -- Installing: /home/simi/franka_ros2_ws/install/franka_description/share/ament_index/resource_index/package_run_dependencies/franka_description
[1.416s] -- Installing: /home/simi/franka_ros2_ws/install/franka_description/share/ament_index/resource_index/parent_prefix_path/franka_description
[1.416s] -- Installing: /home/simi/franka_ros2_ws/install/franka_description/share/franka_description/environment/ament_prefix_path.sh
[1.416s] -- Installing: /home/simi/franka_ros2_ws/install/franka_description/share/franka_description/environment/ament_prefix_path.dsv
[1.416s] -- Installing: /home/simi/franka_ros2_ws/install/franka_description/share/franka_description/environment/path.sh
[1.416s] -- Installing: /home/simi/franka_ros2_ws/install/franka_description/share/franka_description/environment/path.dsv
[1.416s] -- Installing: /home/simi/franka_ros2_ws/install/franka_description/share/franka_description/local_setup.bash
[1.417s] -- Installing: /home/simi/franka_ros2_ws/install/franka_description/share/franka_description/local_setup.sh
[1.417s] -- Installing: /home/simi/franka_ros2_ws/install/franka_description/share/franka_description/local_setup.zsh
[1.417s] -- Installing: /home/simi/franka_ros2_ws/install/franka_description/share/franka_description/local_setup.dsv
[1.417s] -- Installing: /home/simi/franka_ros2_ws/install/franka_description/share/franka_description/package.dsv
[1.417s] -- Installing: /home/simi/franka_ros2_ws/install/franka_description/share/ament_index/resource_index/packages/franka_description
[1.418s] -- Installing: /home/simi/franka_ros2_ws/install/franka_description/share/franka_description/cmake/franka_descriptionConfig.cmake
[1.418s] -- Installing: /home/simi/franka_ros2_ws/install/franka_description/share/franka_description/cmake/franka_descriptionConfig-version.cmake
[1.418s] -- Installing: /home/simi/franka_ros2_ws/install/franka_description/share/franka_description/package.xml
[1.421s] Invoked command in '/home/simi/franka_ros2_ws/build/franka_description' returned '0': CMAKE_PREFIX_PATH=/opt/ros/humble /usr/bin/cmake --install /home/simi/franka_ros2_ws/build/franka_description
