[0.025s] Invoking command in '/home/simi/franka_ros2_ws/build/franka_example_controllers': CMAKE_PREFIX_PATH=/home/simi/franka_ros2_ws/install/franka_semantic_components:/home/simi/franka_ros2_ws/install/franka_hardware:/home/simi/franka_ros2_ws/install/franka_msgs:/home/simi/franka_ros2_ws/install/cartesian_impedance_control:/home/simi/franka_ros2_ws/install/messages_fr3:/home/simi/franka_ros2_ws/install/joint_trajectory_controller:/home/simi/franka_ros2_ws/install/integration_launch_testing:/home/simi/franka_ros2_ws/install/franka_bringup:/home/simi/franka_ros2_ws/install/franka_robot_state_broadcaster:/home/simi/franka_ros2_ws/install/franka_example_controllers:/home/simi/franka_ros2_ws/install/franka_moveit_config:/home/simi/franka_ros2_ws/install/franka_gripper:/home/simi/franka_ros2_ws/install/franka_description:/home/simi/franka_ros2_ws/install/realtime_plot_of_data:/opt/ros/humble LD_LIBRARY_PATH=/home/simi/franka_ros2_ws/install/franka_semantic_components/lib:/home/simi/franka_ros2_ws/install/franka_hardware/lib:/home/simi/franka_ros2_ws/install/franka_msgs/lib:/home/simi/franka_ros2_ws/install/cartesian_impedance_control/lib:/home/simi/franka_ros2_ws/install/messages_fr3/lib:/home/simi/franka_ros2_ws/install/joint_trajectory_controller/lib:/home/simi/franka_ros2_ws/install/integration_launch_testing/lib:/home/simi/franka_ros2_ws/install/franka_robot_state_broadcaster/lib:/home/simi/franka_ros2_ws/install/franka_example_controllers/lib:/home/simi/franka_ros2_ws/install/franka_gripper/lib:/opt/ros/humble/opt/rviz_ogre_vendor/lib:/opt/ros/humble/lib/x86_64-linux-gnu:/opt/ros/humble/lib /usr/bin/cmake /home/simi/franka_ros2_ws/src/franka_ros2/franka_example_controllers -DCMAKE_INSTALL_PREFIX=/home/simi/franka_ros2_ws/install/franka_example_controllers
[0.038s] -- Found ament_cmake: 1.3.9 (/opt/ros/humble/share/ament_cmake/cmake)
[0.170s] -- Found rclcpp: 16.0.9 (/opt/ros/humble/share/rclcpp/cmake)
[0.203s] -- Found rosidl_generator_c: 3.1.5 (/opt/ros/humble/share/rosidl_generator_c/cmake)
[0.205s] -- Found rosidl_adapter: 3.1.5 (/opt/ros/humble/share/rosidl_adapter/cmake)
[0.210s] -- Found rosidl_generator_cpp: 3.1.5 (/opt/ros/humble/share/rosidl_generator_cpp/cmake)
[0.221s] -- Using all available rosidl_typesupport_c: rosidl_typesupport_fastrtps_c;rosidl_typesupport_introspection_c
[0.236s] -- Using all available rosidl_typesupport_cpp: rosidl_typesupport_fastrtps_cpp;rosidl_typesupport_introspection_cpp
[0.292s] -- Found rmw_implementation_cmake: 6.1.2 (/opt/ros/humble/share/rmw_implementation_cmake/cmake)
[0.294s] -- Found rmw_fastrtps_cpp: 6.2.6 (/opt/ros/humble/share/rmw_fastrtps_cpp/cmake)
[0.440s] -- Using RMW implementation 'rmw_fastrtps_cpp' as default
[0.579s] -- Found controller_interface: 2.41.0 (/opt/ros/humble/share/controller_interface/cmake)
[1.164s] -- Found franka_msgs: 0.1.13 (/home/simi/franka_ros2_ws/install/franka_msgs/share/franka_msgs/cmake)
[1.307s] -- Found franka_semantic_components: 0.1.0 (/home/simi/franka_ros2_ws/install/franka_semantic_components/share/franka_semantic_components/cmake)
[1.683s] -- Found generate_parameter_library: 0.3.8 (/opt/ros/humble/share/generate_parameter_library/cmake)
[1.683s] -- Found parameter_traits: 0.3.8 (/opt/ros/humble/share/parameter_traits/cmake)
[1.706s] -- Found moveit_core: 2.5.5 (/opt/ros/humble/share/moveit_core/cmake)
[1.728s] -- Found Boost: /usr/lib/x86_64-linux-gnu/cmake/Boost-1.74.0/BoostConfig.cmake (found version "1.74.0") found components: chrono date_time filesystem iostreams program_options regex serialization system thread 
[1.742s] -- Found Boost: /usr/lib/x86_64-linux-gnu/cmake/Boost-1.74.0/BoostConfig.cmake (found version "1.74.0") found components: filesystem 
[1.801s] -- library: /usr/lib/x86_64-linux-gnu/libcurl.so
[1.998s] -- Ensuring Eigen3 include directory is part of orocos-kdl CMake target
[3.794s] -- Found ament_cmake_clang_format: 0.12.11 (/opt/ros/humble/share/ament_cmake_clang_format/cmake)
[3.794s] -- Found ament_cmake_copyright: 0.12.11 (/opt/ros/humble/share/ament_cmake_copyright/cmake)
[3.795s] -- Found ament_cmake_cppcheck: 0.12.11 (/opt/ros/humble/share/ament_cmake_cppcheck/cmake)
[3.796s] -- Found ament_cmake_flake8: 0.12.11 (/opt/ros/humble/share/ament_cmake_flake8/cmake)
[3.797s] -- Found ament_cmake_lint_cmake: 0.12.11 (/opt/ros/humble/share/ament_cmake_lint_cmake/cmake)
[3.797s] -- Found ament_cmake_pep257: 0.12.11 (/opt/ros/humble/share/ament_cmake_pep257/cmake)
[3.798s] -- Found ament_cmake_xmllint: 0.12.11 (/opt/ros/humble/share/ament_cmake_xmllint/cmake)
[3.799s] -- Found ament_cmake_gmock: 1.3.9 (/opt/ros/humble/share/ament_cmake_gmock/cmake)
[3.799s] -- Found controller_manager: 2.41.0 (/opt/ros/humble/share/controller_manager/cmake)
[4.099s] -- Found ros2_control_test_assets: 2.41.0 (/opt/ros/humble/share/ros2_control_test_assets/cmake)
[4.101s] -- Found gmock sources under '/opt/ros/humble/src/gmock_vendor': C++ tests using 'Google Mock' will be built
[4.105s] -- Found ament_cmake_gtest: 1.3.9 (/opt/ros/humble/share/ament_cmake_gtest/cmake)
[4.106s] -- Found gtest sources under '/opt/ros/humble/src/gtest_vendor': C++ tests using 'Google Test' will be built
[4.624s] -- Configuring done
[4.819s] -- Generating done
[4.825s] -- Build files have been written to: /home/simi/franka_ros2_ws/build/franka_example_controllers
[4.847s] Invoked command in '/home/simi/franka_ros2_ws/build/franka_example_controllers' returned '0': CMAKE_PREFIX_PATH=/home/simi/franka_ros2_ws/install/franka_semantic_components:/home/simi/franka_ros2_ws/install/franka_hardware:/home/simi/franka_ros2_ws/install/franka_msgs:/home/simi/franka_ros2_ws/install/cartesian_impedance_control:/home/simi/franka_ros2_ws/install/messages_fr3:/home/simi/franka_ros2_ws/install/joint_trajectory_controller:/home/simi/franka_ros2_ws/install/integration_launch_testing:/home/simi/franka_ros2_ws/install/franka_bringup:/home/simi/franka_ros2_ws/install/franka_robot_state_broadcaster:/home/simi/franka_ros2_ws/install/franka_example_controllers:/home/simi/franka_ros2_ws/install/franka_moveit_config:/home/simi/franka_ros2_ws/install/franka_gripper:/home/simi/franka_ros2_ws/install/franka_description:/home/simi/franka_ros2_ws/install/realtime_plot_of_data:/opt/ros/humble LD_LIBRARY_PATH=/home/simi/franka_ros2_ws/install/franka_semantic_components/lib:/home/simi/franka_ros2_ws/install/franka_hardware/lib:/home/simi/franka_ros2_ws/install/franka_msgs/lib:/home/simi/franka_ros2_ws/install/cartesian_impedance_control/lib:/home/simi/franka_ros2_ws/install/messages_fr3/lib:/home/simi/franka_ros2_ws/install/joint_trajectory_controller/lib:/home/simi/franka_ros2_ws/install/integration_launch_testing/lib:/home/simi/franka_ros2_ws/install/franka_robot_state_broadcaster/lib:/home/simi/franka_ros2_ws/install/franka_example_controllers/lib:/home/simi/franka_ros2_ws/install/franka_gripper/lib:/opt/ros/humble/opt/rviz_ogre_vendor/lib:/opt/ros/humble/lib/x86_64-linux-gnu:/opt/ros/humble/lib /usr/bin/cmake /home/simi/franka_ros2_ws/src/franka_ros2/franka_example_controllers -DCMAKE_INSTALL_PREFIX=/home/simi/franka_ros2_ws/install/franka_example_controllers
[4.850s] Invoking command in '/home/simi/franka_ros2_ws/build/franka_example_controllers': CMAKE_PREFIX_PATH=/home/simi/franka_ros2_ws/install/franka_semantic_components:/home/simi/franka_ros2_ws/install/franka_hardware:/home/simi/franka_ros2_ws/install/franka_msgs:/home/simi/franka_ros2_ws/install/cartesian_impedance_control:/home/simi/franka_ros2_ws/install/messages_fr3:/home/simi/franka_ros2_ws/install/joint_trajectory_controller:/home/simi/franka_ros2_ws/install/integration_launch_testing:/home/simi/franka_ros2_ws/install/franka_bringup:/home/simi/franka_ros2_ws/install/franka_robot_state_broadcaster:/home/simi/franka_ros2_ws/install/franka_example_controllers:/home/simi/franka_ros2_ws/install/franka_moveit_config:/home/simi/franka_ros2_ws/install/franka_gripper:/home/simi/franka_ros2_ws/install/franka_description:/home/simi/franka_ros2_ws/install/realtime_plot_of_data:/opt/ros/humble LD_LIBRARY_PATH=/home/simi/franka_ros2_ws/install/franka_semantic_components/lib:/home/simi/franka_ros2_ws/install/franka_hardware/lib:/home/simi/franka_ros2_ws/install/franka_msgs/lib:/home/simi/franka_ros2_ws/install/cartesian_impedance_control/lib:/home/simi/franka_ros2_ws/install/messages_fr3/lib:/home/simi/franka_ros2_ws/install/joint_trajectory_controller/lib:/home/simi/franka_ros2_ws/install/integration_launch_testing/lib:/home/simi/franka_ros2_ws/install/franka_robot_state_broadcaster/lib:/home/simi/franka_ros2_ws/install/franka_example_controllers/lib:/home/simi/franka_ros2_ws/install/franka_gripper/lib:/opt/ros/humble/opt/rviz_ogre_vendor/lib:/opt/ros/humble/lib/x86_64-linux-gnu:/opt/ros/humble/lib /usr/bin/cmake --build /home/simi/franka_ros2_ws/build/franka_example_controllers -- -j16 -l16
[4.913s] [35m[1mConsolidate compiler generated dependencies of target gmock_main[0m
[4.913s] [35m[1mConsolidate compiler generated dependencies of target gmock[0m
[4.930s] [  3%] Built target franka_example_controllers_parameters
[4.937s] [  7%] [32mBuilding CXX object gmock/CMakeFiles/gmock_main.dir/src/gmock_main.cc.o[0m
[4.941s] [ 14%] [32mBuilding CXX object gmock/CMakeFiles/gmock.dir/src/gmock-all.cc.o[0m
[4.942s] [ 14%] [32mBuilding CXX object gmock/CMakeFiles/gmock.dir/opt/ros/humble/src/gtest_vendor/src/gtest-all.cc.o[0m
[4.963s] [35m[1mConsolidate compiler generated dependencies of target franka_example_controllers[0m
[5.089s] [ 17%] [32mBuilding CXX object CMakeFiles/franka_example_controllers.dir/src/gravity_compensation_example_controller.cpp.o[0m
[5.099s] [ 25%] [32mBuilding CXX object CMakeFiles/franka_example_controllers.dir/src/joint_position_example_controller.cpp.o[0m
[5.107s] [ 25%] [32mBuilding CXX object CMakeFiles/franka_example_controllers.dir/src/joint_impedance_example_controller.cpp.o[0m
[5.108s] [ 28%] [32mBuilding CXX object CMakeFiles/franka_example_controllers.dir/src/joint_velocity_example_controller.cpp.o[0m
[5.119s] [ 32%] [32mBuilding CXX object CMakeFiles/franka_example_controllers.dir/src/cartesian_velocity_example_controller.cpp.o[0m
[5.120s] [ 35%] [32mBuilding CXX object CMakeFiles/franka_example_controllers.dir/src/cartesian_pose_example_controller.cpp.o[0m
[5.127s] [ 39%] [32mBuilding CXX object CMakeFiles/franka_example_controllers.dir/src/joint_impedance_with_ik_example_controller.cpp.o[0m
[5.149s] [ 42%] [32mBuilding CXX object CMakeFiles/franka_example_controllers.dir/src/cartesian_orientation_example_controller.cpp.o[0m
[5.150s] [ 46%] [32mBuilding CXX object CMakeFiles/franka_example_controllers.dir/src/model_example_controller.cpp.o[0m
[5.153s] [ 50%] [32mBuilding CXX object CMakeFiles/franka_example_controllers.dir/src/move_to_start_example_controller.cpp.o[0m
[5.153s] [ 53%] [32mBuilding CXX object CMakeFiles/franka_example_controllers.dir/src/cartesian_elbow_example_controller.cpp.o[0m
[5.159s] [ 57%] [32mBuilding CXX object CMakeFiles/franka_example_controllers.dir/src/motion_generator.cpp.o[0m
[5.161s] [ 60%] [32mBuilding CXX object CMakeFiles/franka_example_controllers.dir/src/elbow_example_controller.cpp.o[0m
[11.461s] [ 64%] [32m[1mLinking CXX static library libgmock_main.a[0m
[11.843s] [ 64%] Built target gmock_main
[27.696s] [ 67%] [32m[1mLinking CXX static library libgmock.a[0m
[27.782s] [ 67%] Built target gmock
[28.193s] [ 71%] [32m[1mLinking CXX shared library libfranka_example_controllers.so[0m
[28.643s] [ 71%] Built target franka_example_controllers
[28.663s] [35m[1mConsolidate compiler generated dependencies of target franka_example_controllers_test_load_move_to_start[0m
[28.699s] [ 75%] [32mBuilding CXX object CMakeFiles/franka_example_controllers_test_load_move_to_start.dir/test/test_load_move_to_start_example_controller.cpp.o[0m
[33.533s] [ 78%] [32m[1mLinking CXX executable franka_example_controllers_test_load_move_to_start[0m
[33.761s] [ 78%] Built target franka_example_controllers_test_load_move_to_start
[33.780s] [35m[1mConsolidate compiler generated dependencies of target franka_example_controllers_gravity_test[0m
[33.780s] [35m[1mConsolidate compiler generated dependencies of target franka_example_controllers_move_to_start_test[0m
[33.780s] [35m[1mConsolidate compiler generated dependencies of target franka_example_controllers_test[0m
[33.812s] [ 85%] [32mBuilding CXX object CMakeFiles/franka_example_controllers_gravity_test.dir/test/test_gravity_compensation_example.cpp.o[0m
[33.812s] [ 85%] [32mBuilding CXX object CMakeFiles/franka_example_controllers_test.dir/test/test_load_gravity_compensation_controller.cpp.o[0m
[33.815s] [ 89%] [32mBuilding CXX object CMakeFiles/franka_example_controllers_move_to_start_test.dir/test/test_move_to_start_example_controller.cpp.o[0m
[38.887s] [ 92%] [32m[1mLinking CXX executable franka_example_controllers_gravity_test[0m
[39.234s] [ 92%] Built target franka_example_controllers_gravity_test
[39.565s] [ 96%] [32m[1mLinking CXX executable franka_example_controllers_move_to_start_test[0m
[39.678s] [100%] [32m[1mLinking CXX executable franka_example_controllers_test[0m
[39.872s] [100%] Built target franka_example_controllers_move_to_start_test
[39.968s] [100%] Built target franka_example_controllers_test
[39.985s] Invoked command in '/home/simi/franka_ros2_ws/build/franka_example_controllers' returned '0': CMAKE_PREFIX_PATH=/home/simi/franka_ros2_ws/install/franka_semantic_components:/home/simi/franka_ros2_ws/install/franka_hardware:/home/simi/franka_ros2_ws/install/franka_msgs:/home/simi/franka_ros2_ws/install/cartesian_impedance_control:/home/simi/franka_ros2_ws/install/messages_fr3:/home/simi/franka_ros2_ws/install/joint_trajectory_controller:/home/simi/franka_ros2_ws/install/integration_launch_testing:/home/simi/franka_ros2_ws/install/franka_bringup:/home/simi/franka_ros2_ws/install/franka_robot_state_broadcaster:/home/simi/franka_ros2_ws/install/franka_example_controllers:/home/simi/franka_ros2_ws/install/franka_moveit_config:/home/simi/franka_ros2_ws/install/franka_gripper:/home/simi/franka_ros2_ws/install/franka_description:/home/simi/franka_ros2_ws/install/realtime_plot_of_data:/opt/ros/humble LD_LIBRARY_PATH=/home/simi/franka_ros2_ws/install/franka_semantic_components/lib:/home/simi/franka_ros2_ws/install/franka_hardware/lib:/home/simi/franka_ros2_ws/install/franka_msgs/lib:/home/simi/franka_ros2_ws/install/cartesian_impedance_control/lib:/home/simi/franka_ros2_ws/install/messages_fr3/lib:/home/simi/franka_ros2_ws/install/joint_trajectory_controller/lib:/home/simi/franka_ros2_ws/install/integration_launch_testing/lib:/home/simi/franka_ros2_ws/install/franka_robot_state_broadcaster/lib:/home/simi/franka_ros2_ws/install/franka_example_controllers/lib:/home/simi/franka_ros2_ws/install/franka_gripper/lib:/opt/ros/humble/opt/rviz_ogre_vendor/lib:/opt/ros/humble/lib/x86_64-linux-gnu:/opt/ros/humble/lib /usr/bin/cmake --build /home/simi/franka_ros2_ws/build/franka_example_controllers -- -j16 -l16
[40.136s] Invoking command in '/home/simi/franka_ros2_ws/build/franka_example_controllers': CMAKE_PREFIX_PATH=/home/simi/franka_ros2_ws/install/franka_semantic_components:/home/simi/franka_ros2_ws/install/franka_hardware:/home/simi/franka_ros2_ws/install/franka_msgs:/home/simi/franka_ros2_ws/install/cartesian_impedance_control:/home/simi/franka_ros2_ws/install/messages_fr3:/home/simi/franka_ros2_ws/install/joint_trajectory_controller:/home/simi/franka_ros2_ws/install/integration_launch_testing:/home/simi/franka_ros2_ws/install/franka_bringup:/home/simi/franka_ros2_ws/install/franka_robot_state_broadcaster:/home/simi/franka_ros2_ws/install/franka_example_controllers:/home/simi/franka_ros2_ws/install/franka_moveit_config:/home/simi/franka_ros2_ws/install/franka_gripper:/home/simi/franka_ros2_ws/install/franka_description:/home/simi/franka_ros2_ws/install/realtime_plot_of_data:/opt/ros/humble LD_LIBRARY_PATH=/home/simi/franka_ros2_ws/install/franka_semantic_components/lib:/home/simi/franka_ros2_ws/install/franka_hardware/lib:/home/simi/franka_ros2_ws/install/franka_msgs/lib:/home/simi/franka_ros2_ws/install/cartesian_impedance_control/lib:/home/simi/franka_ros2_ws/install/messages_fr3/lib:/home/simi/franka_ros2_ws/install/joint_trajectory_controller/lib:/home/simi/franka_ros2_ws/install/integration_launch_testing/lib:/home/simi/franka_ros2_ws/install/franka_robot_state_broadcaster/lib:/home/simi/franka_ros2_ws/install/franka_example_controllers/lib:/home/simi/franka_ros2_ws/install/franka_gripper/lib:/opt/ros/humble/opt/rviz_ogre_vendor/lib:/opt/ros/humble/lib/x86_64-linux-gnu:/opt/ros/humble/lib /usr/bin/cmake --install /home/simi/franka_ros2_ws/build/franka_example_controllers
[40.158s] -- Install configuration: "Release"
[40.158s] -- Up-to-date: /home/simi/franka_ros2_ws/install/franka_example_controllers/include/franka_example_controllers_parameters
[40.159s] -- Up-to-date: /home/simi/franka_ros2_ws/install/franka_example_controllers/include/franka_example_controllers_parameters/franka_example_controllers_parameters.hpp
[40.159s] -- Up-to-date: /home/simi/franka_ros2_ws/install/franka_example_controllers/share/franka_example_controllers/franka_example_controllers.xml
[40.160s] -- Installing: /home/simi/franka_ros2_ws/install/franka_example_controllers/lib/libfranka_example_controllers.so
[40.163s] -- Set runtime path of "/home/simi/franka_ros2_ws/install/franka_example_controllers/lib/libfranka_example_controllers.so" to ""
[40.163s] -- Up-to-date: /home/simi/franka_ros2_ws/install/franka_example_controllers/include
[40.163s] -- Up-to-date: /home/simi/franka_ros2_ws/install/franka_example_controllers/include/franka_example_controllers
[40.163s] -- Up-to-date: /home/simi/franka_ros2_ws/install/franka_example_controllers/include/franka_example_controllers/joint_impedance_with_ik_example_controller.hpp
[40.163s] -- Up-to-date: /home/simi/franka_ros2_ws/install/franka_example_controllers/include/franka_example_controllers/motion_generator.hpp
[40.163s] -- Up-to-date: /home/simi/franka_ros2_ws/install/franka_example_controllers/include/franka_example_controllers/cartesian_orientation_example_controller.hpp
[40.163s] -- Up-to-date: /home/simi/franka_ros2_ws/install/franka_example_controllers/include/franka_example_controllers/model_example_controller.hpp
[40.164s] -- Up-to-date: /home/simi/franka_ros2_ws/install/franka_example_controllers/include/franka_example_controllers/joint_position_example_controller.hpp
[40.164s] -- Up-to-date: /home/simi/franka_ros2_ws/install/franka_example_controllers/include/franka_example_controllers/cartesian_velocity_example_controller.hpp
[40.164s] -- Up-to-date: /home/simi/franka_ros2_ws/install/franka_example_controllers/include/franka_example_controllers/elbow_example_controller.hpp
[40.164s] -- Up-to-date: /home/simi/franka_ros2_ws/install/franka_example_controllers/include/franka_example_controllers/joint_velocity_example_controller.hpp
[40.164s] -- Up-to-date: /home/simi/franka_ros2_ws/install/franka_example_controllers/include/franka_example_controllers/joint_impedance_example_controller.hpp
[40.164s] -- Up-to-date: /home/simi/franka_ros2_ws/install/franka_example_controllers/include/franka_example_controllers/gravity_compensation_example_controller.hpp
[40.164s] -- Up-to-date: /home/simi/franka_ros2_ws/install/franka_example_controllers/include/franka_example_controllers/cartesian_pose_example_controller.hpp
[40.164s] -- Up-to-date: /home/simi/franka_ros2_ws/install/franka_example_controllers/include/franka_example_controllers/default_robot_behavior_utils.hpp
[40.164s] -- Up-to-date: /home/simi/franka_ros2_ws/install/franka_example_controllers/include/franka_example_controllers/visibility_control.h
[40.164s] -- Up-to-date: /home/simi/franka_ros2_ws/install/franka_example_controllers/include/franka_example_controllers/move_to_start_example_controller.hpp
[40.164s] -- Up-to-date: /home/simi/franka_ros2_ws/install/franka_example_controllers/include/franka_example_controllers/cartesian_elbow_example_controller.hpp
[40.164s] -- Up-to-date: /home/simi/franka_ros2_ws/install/franka_example_controllers/share/franka_example_controllers/environment/library_path.sh
[40.165s] -- Installing: /home/simi/franka_ros2_ws/install/franka_example_controllers/share/franka_example_controllers/environment/library_path.dsv
[40.166s] -- Up-to-date: /home/simi/franka_ros2_ws/install/franka_example_controllers/share/ament_index/resource_index/package_run_dependencies/franka_example_controllers
[40.166s] -- Up-to-date: /home/simi/franka_ros2_ws/install/franka_example_controllers/share/ament_index/resource_index/parent_prefix_path/franka_example_controllers
[40.167s] -- Up-to-date: /home/simi/franka_ros2_ws/install/franka_example_controllers/share/franka_example_controllers/environment/ament_prefix_path.sh
[40.167s] -- Installing: /home/simi/franka_ros2_ws/install/franka_example_controllers/share/franka_example_controllers/environment/ament_prefix_path.dsv
[40.167s] -- Up-to-date: /home/simi/franka_ros2_ws/install/franka_example_controllers/share/franka_example_controllers/environment/path.sh
[40.167s] -- Installing: /home/simi/franka_ros2_ws/install/franka_example_controllers/share/franka_example_controllers/environment/path.dsv
[40.167s] -- Up-to-date: /home/simi/franka_ros2_ws/install/franka_example_controllers/share/franka_example_controllers/local_setup.bash
[40.167s] -- Up-to-date: /home/simi/franka_ros2_ws/install/franka_example_controllers/share/franka_example_controllers/local_setup.sh
[40.167s] -- Up-to-date: /home/simi/franka_ros2_ws/install/franka_example_controllers/share/franka_example_controllers/local_setup.zsh
[40.168s] -- Installing: /home/simi/franka_ros2_ws/install/franka_example_controllers/share/franka_example_controllers/local_setup.dsv
[40.168s] -- Installing: /home/simi/franka_ros2_ws/install/franka_example_controllers/share/franka_example_controllers/package.dsv
[40.168s] -- Up-to-date: /home/simi/franka_ros2_ws/install/franka_example_controllers/share/ament_index/resource_index/packages/franka_example_controllers
[40.168s] -- Up-to-date: /home/simi/franka_ros2_ws/install/franka_example_controllers/share/ament_index/resource_index/controller_interface__pluginlib__plugin/franka_example_controllers
[40.169s] -- Up-to-date: /home/simi/franka_ros2_ws/install/franka_example_controllers/share/franka_example_controllers/cmake/ament_cmake_export_include_directories-extras.cmake
[40.169s] -- Up-to-date: /home/simi/franka_ros2_ws/install/franka_example_controllers/share/franka_example_controllers/cmake/ament_cmake_export_libraries-extras.cmake
[40.169s] -- Up-to-date: /home/simi/franka_ros2_ws/install/franka_example_controllers/share/franka_example_controllers/cmake/ament_cmake_export_dependencies-extras.cmake
[40.169s] -- Up-to-date: /home/simi/franka_ros2_ws/install/franka_example_controllers/share/franka_example_controllers/cmake/franka_example_controllersConfig.cmake
[40.169s] -- Up-to-date: /home/simi/franka_ros2_ws/install/franka_example_controllers/share/franka_example_controllers/cmake/franka_example_controllersConfig-version.cmake
[40.169s] -- Up-to-date: /home/simi/franka_ros2_ws/install/franka_example_controllers/share/franka_example_controllers/package.xml
[40.173s] Invoked command in '/home/simi/franka_ros2_ws/build/franka_example_controllers' returned '0': CMAKE_PREFIX_PATH=/home/simi/franka_ros2_ws/install/franka_semantic_components:/home/simi/franka_ros2_ws/install/franka_hardware:/home/simi/franka_ros2_ws/install/franka_msgs:/home/simi/franka_ros2_ws/install/cartesian_impedance_control:/home/simi/franka_ros2_ws/install/messages_fr3:/home/simi/franka_ros2_ws/install/joint_trajectory_controller:/home/simi/franka_ros2_ws/install/integration_launch_testing:/home/simi/franka_ros2_ws/install/franka_bringup:/home/simi/franka_ros2_ws/install/franka_robot_state_broadcaster:/home/simi/franka_ros2_ws/install/franka_example_controllers:/home/simi/franka_ros2_ws/install/franka_moveit_config:/home/simi/franka_ros2_ws/install/franka_gripper:/home/simi/franka_ros2_ws/install/franka_description:/home/simi/franka_ros2_ws/install/realtime_plot_of_data:/opt/ros/humble LD_LIBRARY_PATH=/home/simi/franka_ros2_ws/install/franka_semantic_components/lib:/home/simi/franka_ros2_ws/install/franka_hardware/lib:/home/simi/franka_ros2_ws/install/franka_msgs/lib:/home/simi/franka_ros2_ws/install/cartesian_impedance_control/lib:/home/simi/franka_ros2_ws/install/messages_fr3/lib:/home/simi/franka_ros2_ws/install/joint_trajectory_controller/lib:/home/simi/franka_ros2_ws/install/integration_launch_testing/lib:/home/simi/franka_ros2_ws/install/franka_robot_state_broadcaster/lib:/home/simi/franka_ros2_ws/install/franka_example_controllers/lib:/home/simi/franka_ros2_ws/install/franka_gripper/lib:/opt/ros/humble/opt/rviz_ogre_vendor/lib:/opt/ros/humble/lib/x86_64-linux-gnu:/opt/ros/humble/lib /usr/bin/cmake --install /home/simi/franka_ros2_ws/build/franka_example_controllers
