[0.020s] Invoking command in '/home/simi/franka_ros2_ws/build/messages_fr3': CMAKE_PREFIX_PATH=${CMAKE_PREFIX_PATH}:/home/simi/franka_ros2_ws/install/realtime_plot_of_data:/opt/ros/humble /usr/bin/cmake --build /home/simi/franka_ros2_ws/build/messages_fr3 -- -j16 -l16
[0.071s] -- Found ament_cmake: 1.3.10 (/opt/ros/humble/share/ament_cmake/cmake)
[0.217s] -- Found rosidl_default_generators: 1.2.0 (/opt/ros/humble/share/rosidl_default_generators/cmake)
[0.221s] -- Using all available rosidl_typesupport_c: rosidl_typesupport_fastrtps_c;rosidl_typesupport_introspection_c
[0.225s] -- Found rosidl_adapter: 3.1.5 (/opt/ros/humble/share/rosidl_adapter/cmake)
[0.263s] -- Using all available rosidl_typesupport_cpp: rosidl_typesupport_fastrtps_cpp;rosidl_typesupport_introspection_cpp
[0.292s] -- Found std_msgs: 4.2.4 (/opt/ros/humble/share/std_msgs/cmake)
[0.646s] -- Found ament_cmake_ros: 0.10.0 (/opt/ros/humble/share/ament_cmake_ros/cmake)
[0.880s] -- Using all available rosidl_typesupport_c: rosidl_typesupport_fastrtps_c;rosidl_typesupport_introspection_c
[1.188s] -- Using all available rosidl_typesupport_cpp: rosidl_typesupport_fastrtps_cpp;rosidl_typesupport_introspection_cpp
[1.214s] -- Found python_cmake_module: 0.10.0 (/opt/ros/humble/share/python_cmake_module/cmake)
[1.240s] -- Using PYTHON_EXECUTABLE: /usr/bin/python3
[1.240s] -- Using PYTHON_INCLUDE_DIRS: /usr/include/python3.10
[1.240s] -- Using PYTHON_LIBRARIES: /usr/lib/x86_64-linux-gnu/libpython3.10.so
[1.269s] -- Found ament_lint_auto: 0.12.11 (/opt/ros/humble/share/ament_lint_auto/cmake)
[1.287s] -- Added test 'copyright' to check source files copyright and LICENSE
[1.289s] -- Added test 'lint_cmake' to check CMake code style
[1.291s] -- Added test 'xmllint' to check XML markup files
[1.293s] -- Configuring done
[1.354s] -- Generating done
[1.358s] -- Build files have been written to: /home/simi/franka_ros2_ws/build/messages_fr3
[1.401s] [  1%] [34m[1mGenerating C code for ROS interfaces[0m
[1.420s] [  3%] [34m[1mGenerating C++ code for ROS interfaces[0m
[1.441s] [  3%] Built target ament_cmake_python_copy_messages_fr3
[1.734s] running egg_info
[1.735s] writing messages_fr3.egg-info/PKG-INFO
[1.735s] writing dependency_links to messages_fr3.egg-info/dependency_links.txt
[1.735s] writing top-level names to messages_fr3.egg-info/top_level.txt
[1.740s] reading manifest file 'messages_fr3.egg-info/SOURCES.txt'
[1.740s] writing manifest file 'messages_fr3.egg-info/SOURCES.txt'
[1.791s] [  3%] Built target ament_cmake_python_build_messages_fr3_egg
[1.920s] [  3%] Built target messages_fr3__cpp
[1.947s] [  7%] [34m[1mGenerating C++ type support dispatch for ROS interfaces[0m
[1.947s] [  7%] [34m[1mGenerating C++ introspection for ROS interfaces[0m
[1.952s] [  9%] [34m[1mGenerating C++ type support for eProsima Fast-RTPS[0m
[2.000s] [35m[1mConsolidate compiler generated dependencies of target messages_fr3__rosidl_generator_c[0m
[2.026s] [ 10%] [32mBuilding C object CMakeFiles/messages_fr3__rosidl_generator_c.dir/rosidl_generator_c/messages_fr3/srv/detail/set_pose__functions.c.o[0m
[2.027s] [ 14%] [32mBuilding C object CMakeFiles/messages_fr3__rosidl_generator_c.dir/rosidl_generator_c/messages_fr3/srv/detail/set_mode__functions.c.o[0m
[2.027s] [ 14%] [32mBuilding C object CMakeFiles/messages_fr3__rosidl_generator_c.dir/rosidl_generator_c/messages_fr3/srv/detail/set_param__functions.c.o[0m
[2.029s] [ 16%] [32mBuilding C object CMakeFiles/messages_fr3__rosidl_generator_c.dir/rosidl_generator_c/messages_fr3/srv/detail/set_force__functions.c.o[0m
[2.206s] [ 18%] [32m[1mLinking C shared library libmessages_fr3__rosidl_generator_c.so[0m
[2.267s] [ 18%] Built target messages_fr3__rosidl_generator_c
[2.285s] [ 21%] [34m[1mGenerating C introspection for ROS interfaces[0m
[2.285s] [ 21%] [34m[1mGenerating C type support for eProsima Fast-RTPS[0m
[2.286s] [ 23%] [34m[1mGenerating C type support dispatch for ROS interfaces[0m
[2.458s] [35m[1mConsolidate compiler generated dependencies of target messages_fr3__rosidl_typesupport_introspection_cpp[0m
[2.488s] [ 25%] [32mBuilding CXX object CMakeFiles/messages_fr3__rosidl_typesupport_introspection_cpp.dir/rosidl_typesupport_introspection_cpp/messages_fr3/srv/detail/set_pose__type_support.cpp.o[0m
[2.493s] [ 27%] [32mBuilding CXX object CMakeFiles/messages_fr3__rosidl_typesupport_introspection_cpp.dir/rosidl_typesupport_introspection_cpp/messages_fr3/srv/detail/set_param__type_support.cpp.o[0m
[2.493s] [ 30%] [32mBuilding CXX object CMakeFiles/messages_fr3__rosidl_typesupport_introspection_cpp.dir/rosidl_typesupport_introspection_cpp/messages_fr3/srv/detail/set_mode__type_support.cpp.o[0m
[2.493s] [ 30%] [32mBuilding CXX object CMakeFiles/messages_fr3__rosidl_typesupport_introspection_cpp.dir/rosidl_typesupport_introspection_cpp/messages_fr3/srv/detail/set_force__type_support.cpp.o[0m
[2.510s] [35m[1mConsolidate compiler generated dependencies of target messages_fr3__rosidl_typesupport_cpp[0m
[2.565s] [ 32%] [32mBuilding CXX object CMakeFiles/messages_fr3__rosidl_typesupport_cpp.dir/rosidl_typesupport_cpp/messages_fr3/srv/set_pose__type_support.cpp.o[0m
[2.572s] [ 34%] [32mBuilding CXX object CMakeFiles/messages_fr3__rosidl_typesupport_cpp.dir/rosidl_typesupport_cpp/messages_fr3/srv/set_param__type_support.cpp.o[0m
[2.572s] [ 36%] [32mBuilding CXX object CMakeFiles/messages_fr3__rosidl_typesupport_cpp.dir/rosidl_typesupport_cpp/messages_fr3/srv/set_force__type_support.cpp.o[0m
[2.572s] [ 38%] [32mBuilding CXX object CMakeFiles/messages_fr3__rosidl_typesupport_cpp.dir/rosidl_typesupport_cpp/messages_fr3/srv/set_mode__type_support.cpp.o[0m
[2.824s] [35m[1mConsolidate compiler generated dependencies of target messages_fr3__rosidl_typesupport_fastrtps_cpp[0m
[2.839s] [35m[1mConsolidate compiler generated dependencies of target messages_fr3__rosidl_typesupport_c[0m
[2.938s] [ 40%] [32mBuilding CXX object CMakeFiles/messages_fr3__rosidl_typesupport_c.dir/rosidl_typesupport_c/messages_fr3/srv/set_pose__type_support.cpp.o[0m
[2.962s] [ 41%] [32mBuilding CXX object CMakeFiles/messages_fr3__rosidl_typesupport_fastrtps_cpp.dir/rosidl_typesupport_fastrtps_cpp/messages_fr3/srv/detail/dds_fastrtps/set_pose__type_support.cpp.o[0m
[2.975s] [ 43%] [32mBuilding CXX object CMakeFiles/messages_fr3__rosidl_typesupport_c.dir/rosidl_typesupport_c/messages_fr3/srv/set_param__type_support.cpp.o[0m
[2.990s] [ 45%] [32mBuilding CXX object CMakeFiles/messages_fr3__rosidl_typesupport_fastrtps_cpp.dir/rosidl_typesupport_fastrtps_cpp/messages_fr3/srv/detail/dds_fastrtps/set_param__type_support.cpp.o[0m
[3.006s] [35m[1mConsolidate compiler generated dependencies of target messages_fr3__rosidl_typesupport_introspection_c[0m
[3.032s] [35m[1mConsolidate compiler generated dependencies of target messages_fr3__rosidl_typesupport_fastrtps_c[0m
[3.039s] [ 47%] [32mBuilding CXX object CMakeFiles/messages_fr3__rosidl_typesupport_c.dir/rosidl_typesupport_c/messages_fr3/srv/set_force__type_support.cpp.o[0m
[3.039s] [ 49%] [32mBuilding CXX object CMakeFiles/messages_fr3__rosidl_typesupport_c.dir/rosidl_typesupport_c/messages_fr3/srv/set_mode__type_support.cpp.o[0m
[3.099s] [ 50%] [32mBuilding C object CMakeFiles/messages_fr3__rosidl_typesupport_introspection_c.dir/rosidl_typesupport_introspection_c/messages_fr3/srv/detail/set_pose__type_support.c.o[0m
[3.170s] [ 52%] [32mBuilding CXX object CMakeFiles/messages_fr3__rosidl_typesupport_fastrtps_c.dir/rosidl_typesupport_fastrtps_c/messages_fr3/srv/detail/set_pose__type_support_c.cpp.o[0m
[3.237s] [ 54%] [32mBuilding CXX object CMakeFiles/messages_fr3__rosidl_typesupport_fastrtps_c.dir/rosidl_typesupport_fastrtps_c/messages_fr3/srv/detail/set_param__type_support_c.cpp.o[0m
[3.274s] [ 56%] [32mBuilding CXX object CMakeFiles/messages_fr3__rosidl_typesupport_fastrtps_c.dir/rosidl_typesupport_fastrtps_c/messages_fr3/srv/detail/set_mode__type_support_c.cpp.o[0m
[3.327s] [ 58%] [32m[1mLinking CXX shared library libmessages_fr3__rosidl_typesupport_c.so[0m
[3.347s] [ 60%] [32mBuilding CXX object CMakeFiles/messages_fr3__rosidl_typesupport_fastrtps_c.dir/rosidl_typesupport_fastrtps_c/messages_fr3/srv/detail/set_force__type_support_c.cpp.o[0m
[3.502s] [ 61%] [32mBuilding C object CMakeFiles/messages_fr3__rosidl_typesupport_introspection_c.dir/rosidl_typesupport_introspection_c/messages_fr3/srv/detail/set_param__type_support.c.o[0m
[3.851s] [ 63%] [32mBuilding C object CMakeFiles/messages_fr3__rosidl_typesupport_introspection_c.dir/rosidl_typesupport_introspection_c/messages_fr3/srv/detail/set_force__type_support.c.o[0m
[3.893s] [ 63%] Built target messages_fr3__rosidl_typesupport_c
[3.968s] [ 65%] [32mBuilding C object CMakeFiles/messages_fr3__rosidl_typesupport_introspection_c.dir/rosidl_typesupport_introspection_c/messages_fr3/srv/detail/set_mode__type_support.c.o[0m
[4.051s] [ 67%] [32mBuilding CXX object CMakeFiles/messages_fr3__rosidl_typesupport_fastrtps_cpp.dir/rosidl_typesupport_fastrtps_cpp/messages_fr3/srv/detail/dds_fastrtps/set_force__type_support.cpp.o[0m
[4.206s] [ 69%] [32mBuilding CXX object CMakeFiles/messages_fr3__rosidl_typesupport_fastrtps_cpp.dir/rosidl_typesupport_fastrtps_cpp/messages_fr3/srv/detail/dds_fastrtps/set_mode__type_support.cpp.o[0m
[4.360s] [ 70%] [32m[1mLinking C shared library libmessages_fr3__rosidl_typesupport_introspection_c.so[0m
[4.383s] [ 72%] [32m[1mLinking CXX shared library libmessages_fr3__rosidl_typesupport_cpp.so[0m
[4.534s] [ 72%] Built target messages_fr3__rosidl_typesupport_introspection_c
[4.535s] [ 72%] Built target messages_fr3__rosidl_typesupport_cpp
[4.590s] [ 74%] [32m[1mLinking CXX shared library libmessages_fr3__rosidl_typesupport_introspection_cpp.so[0m
[4.668s] [ 74%] Built target messages_fr3__rosidl_typesupport_introspection_cpp
[4.798s] [ 76%] [32m[1mLinking CXX shared library libmessages_fr3__rosidl_typesupport_fastrtps_c.so[0m
[4.917s] [ 76%] Built target messages_fr3__rosidl_typesupport_fastrtps_c
[5.032s] [ 78%] [32m[1mLinking CXX shared library libmessages_fr3__rosidl_typesupport_fastrtps_cpp.so[0m
[5.144s] [ 78%] Built target messages_fr3__rosidl_typesupport_fastrtps_cpp
[5.183s] [ 78%] Built target messages_fr3
[5.216s] [ 80%] [34m[1mGenerating Python code for ROS interfaces[0m
[5.878s] [ 80%] Built target messages_fr3__py
[5.895s] [35m[1mConsolidate compiler generated dependencies of target messages_fr3__rosidl_generator_py[0m
[5.920s] [ 81%] [32mBuilding C object CMakeFiles/messages_fr3__rosidl_generator_py.dir/rosidl_generator_py/messages_fr3/srv/_set_pose_s.c.o[0m
[5.921s] [ 83%] [32mBuilding C object CMakeFiles/messages_fr3__rosidl_generator_py.dir/rosidl_generator_py/messages_fr3/srv/_set_param_s.c.o[0m
[5.921s] [ 87%] [32mBuilding C object CMakeFiles/messages_fr3__rosidl_generator_py.dir/rosidl_generator_py/messages_fr3/srv/_set_mode_s.c.o[0m
[5.922s] [ 87%] [32mBuilding C object CMakeFiles/messages_fr3__rosidl_generator_py.dir/rosidl_generator_py/messages_fr3/srv/_set_force_s.c.o[0m
[6.079s] [ 89%] [32m[1mLinking C shared library rosidl_generator_py/messages_fr3/libmessages_fr3__rosidl_generator_py.so[0m
[6.139s] [ 89%] Built target messages_fr3__rosidl_generator_py
[6.156s] [35m[1mConsolidate compiler generated dependencies of target messages_fr3__rosidl_typesupport_introspection_c__pyext[0m
[6.156s] [35m[1mConsolidate compiler generated dependencies of target messages_fr3__rosidl_typesupport_fastrtps_c__pyext[0m
[6.158s] [35m[1mConsolidate compiler generated dependencies of target messages_fr3__rosidl_typesupport_c__pyext[0m
[6.177s] [ 92%] [32mBuilding C object CMakeFiles/messages_fr3__rosidl_typesupport_introspection_c__pyext.dir/rosidl_generator_py/messages_fr3/_messages_fr3_s.ep.rosidl_typesupport_introspection_c.c.o[0m
[6.177s] [ 92%] [32mBuilding C object CMakeFiles/messages_fr3__rosidl_typesupport_fastrtps_c__pyext.dir/rosidl_generator_py/messages_fr3/_messages_fr3_s.ep.rosidl_typesupport_fastrtps_c.c.o[0m
[6.178s] [ 94%] [32mBuilding C object CMakeFiles/messages_fr3__rosidl_typesupport_c__pyext.dir/rosidl_generator_py/messages_fr3/_messages_fr3_s.ep.rosidl_typesupport_c.c.o[0m
[6.370s] [ 98%] [32m[1mLinking C shared library rosidl_generator_py/messages_fr3/messages_fr3_s__rosidl_typesupport_fastrtps_c.cpython-310-x86_64-linux-gnu.so[0m
[6.371s] [ 98%] [32m[1mLinking C shared library rosidl_generator_py/messages_fr3/messages_fr3_s__rosidl_typesupport_introspection_c.cpython-310-x86_64-linux-gnu.so[0m
[6.381s] [100%] [32m[1mLinking C shared library rosidl_generator_py/messages_fr3/messages_fr3_s__rosidl_typesupport_c.cpython-310-x86_64-linux-gnu.so[0m
[6.421s] [100%] Built target messages_fr3__rosidl_typesupport_introspection_c__pyext
[6.421s] [100%] Built target messages_fr3__rosidl_typesupport_fastrtps_c__pyext
[6.437s] [100%] Built target messages_fr3__rosidl_typesupport_c__pyext
[6.456s] Invoked command in '/home/simi/franka_ros2_ws/build/messages_fr3' returned '0': CMAKE_PREFIX_PATH=${CMAKE_PREFIX_PATH}:/home/simi/franka_ros2_ws/install/realtime_plot_of_data:/opt/ros/humble /usr/bin/cmake --build /home/simi/franka_ros2_ws/build/messages_fr3 -- -j16 -l16
[6.735s] Invoking command in '/home/simi/franka_ros2_ws/build/messages_fr3': CMAKE_PREFIX_PATH=${CMAKE_PREFIX_PATH}:/home/simi/franka_ros2_ws/install/realtime_plot_of_data:/opt/ros/humble /usr/bin/cmake --install /home/simi/franka_ros2_ws/build/messages_fr3
[6.747s] -- Install configuration: "Release"
[6.747s] -- Up-to-date: /home/simi/franka_ros2_ws/install/messages_fr3/share/ament_index/resource_index/rosidl_interfaces/messages_fr3
[6.747s] -- Up-to-date: /home/simi/franka_ros2_ws/install/messages_fr3/include/messages_fr3/messages_fr3
[6.747s] -- Up-to-date: /home/simi/franka_ros2_ws/install/messages_fr3/include/messages_fr3/messages_fr3/srv
[6.748s] -- Up-to-date: /home/simi/franka_ros2_ws/install/messages_fr3/include/messages_fr3/messages_fr3/srv/detail
[6.748s] -- Installing: /home/simi/franka_ros2_ws/install/messages_fr3/include/messages_fr3/messages_fr3/srv/detail/set_param__type_support.h
[6.748s] -- Installing: /home/simi/franka_ros2_ws/install/messages_fr3/include/messages_fr3/messages_fr3/srv/detail/set_force__functions.h
[6.748s] -- Installing: /home/simi/franka_ros2_ws/install/messages_fr3/include/messages_fr3/messages_fr3/srv/detail/set_param__functions.c
[6.748s] -- Installing: /home/simi/franka_ros2_ws/install/messages_fr3/include/messages_fr3/messages_fr3/srv/detail/set_mode__type_support.h
[6.749s] -- Installing: /home/simi/franka_ros2_ws/install/messages_fr3/include/messages_fr3/messages_fr3/srv/detail/set_force__struct.h
[6.749s] -- Installing: /home/simi/franka_ros2_ws/install/messages_fr3/include/messages_fr3/messages_fr3/srv/detail/set_param__struct.h
[6.749s] -- Installing: /home/simi/franka_ros2_ws/install/messages_fr3/include/messages_fr3/messages_fr3/srv/detail/set_mode__functions.h
[6.749s] -- Installing: /home/simi/franka_ros2_ws/install/messages_fr3/include/messages_fr3/messages_fr3/srv/detail/set_param__functions.h
[6.749s] -- Installing: /home/simi/franka_ros2_ws/install/messages_fr3/include/messages_fr3/messages_fr3/srv/detail/set_pose__functions.c
[6.749s] -- Installing: /home/simi/franka_ros2_ws/install/messages_fr3/include/messages_fr3/messages_fr3/srv/detail/set_mode__functions.c
[6.749s] -- Installing: /home/simi/franka_ros2_ws/install/messages_fr3/include/messages_fr3/messages_fr3/srv/detail/set_pose__struct.h
[6.749s] -- Installing: /home/simi/franka_ros2_ws/install/messages_fr3/include/messages_fr3/messages_fr3/srv/detail/set_force__type_support.h
[6.749s] -- Installing: /home/simi/franka_ros2_ws/install/messages_fr3/include/messages_fr3/messages_fr3/srv/detail/set_pose__functions.h
[6.750s] -- Installing: /home/simi/franka_ros2_ws/install/messages_fr3/include/messages_fr3/messages_fr3/srv/detail/set_force__functions.c
[6.750s] -- Installing: /home/simi/franka_ros2_ws/install/messages_fr3/include/messages_fr3/messages_fr3/srv/detail/set_pose__type_support.h
[6.750s] -- Installing: /home/simi/franka_ros2_ws/install/messages_fr3/include/messages_fr3/messages_fr3/srv/detail/set_mode__struct.h
[6.750s] -- Installing: /home/simi/franka_ros2_ws/install/messages_fr3/include/messages_fr3/messages_fr3/srv/set_mode.h
[6.750s] -- Installing: /home/simi/franka_ros2_ws/install/messages_fr3/include/messages_fr3/messages_fr3/srv/set_force.h
[6.751s] -- Installing: /home/simi/franka_ros2_ws/install/messages_fr3/include/messages_fr3/messages_fr3/srv/set_param.h
[6.751s] -- Installing: /home/simi/franka_ros2_ws/install/messages_fr3/include/messages_fr3/messages_fr3/srv/set_pose.h
[6.751s] -- Up-to-date: /home/simi/franka_ros2_ws/install/messages_fr3/include/messages_fr3/messages_fr3/msg
[6.751s] -- Up-to-date: /home/simi/franka_ros2_ws/install/messages_fr3/include/messages_fr3/messages_fr3/msg/rosidl_generator_c__visibility_control.h
[6.751s] -- Up-to-date: /home/simi/franka_ros2_ws/install/messages_fr3/share/messages_fr3/environment/library_path.sh
[6.751s] -- Installing: /home/simi/franka_ros2_ws/install/messages_fr3/share/messages_fr3/environment/library_path.dsv
[6.763s] -- Installing: /home/simi/franka_ros2_ws/install/messages_fr3/lib/libmessages_fr3__rosidl_generator_c.so
[6.764s] -- Set runtime path of "/home/simi/franka_ros2_ws/install/messages_fr3/lib/libmessages_fr3__rosidl_generator_c.so" to ""
[6.764s] -- Up-to-date: /home/simi/franka_ros2_ws/install/messages_fr3/include/messages_fr3/messages_fr3
[6.764s] -- Up-to-date: /home/simi/franka_ros2_ws/install/messages_fr3/include/messages_fr3/messages_fr3/srv
[6.765s] -- Up-to-date: /home/simi/franka_ros2_ws/install/messages_fr3/include/messages_fr3/messages_fr3/srv/detail
[6.765s] -- Installing: /home/simi/franka_ros2_ws/install/messages_fr3/include/messages_fr3/messages_fr3/srv/detail/set_param__rosidl_typesupport_fastrtps_c.h
[6.765s] -- Installing: /home/simi/franka_ros2_ws/install/messages_fr3/include/messages_fr3/messages_fr3/srv/detail/set_mode__rosidl_typesupport_fastrtps_c.h
[6.765s] -- Installing: /home/simi/franka_ros2_ws/install/messages_fr3/include/messages_fr3/messages_fr3/srv/detail/set_force__rosidl_typesupport_fastrtps_c.h
[6.765s] -- Installing: /home/simi/franka_ros2_ws/install/messages_fr3/include/messages_fr3/messages_fr3/srv/detail/set_pose__rosidl_typesupport_fastrtps_c.h
[6.766s] -- Up-to-date: /home/simi/franka_ros2_ws/install/messages_fr3/include/messages_fr3/messages_fr3/msg
[6.766s] -- Up-to-date: /home/simi/franka_ros2_ws/install/messages_fr3/include/messages_fr3/messages_fr3/msg/rosidl_typesupport_fastrtps_c__visibility_control.h
[6.766s] -- Installing: /home/simi/franka_ros2_ws/install/messages_fr3/lib/libmessages_fr3__rosidl_typesupport_fastrtps_c.so
[6.767s] -- Set runtime path of "/home/simi/franka_ros2_ws/install/messages_fr3/lib/libmessages_fr3__rosidl_typesupport_fastrtps_c.so" to ""
[6.767s] -- Up-to-date: /home/simi/franka_ros2_ws/install/messages_fr3/include/messages_fr3/messages_fr3
[6.767s] -- Up-to-date: /home/simi/franka_ros2_ws/install/messages_fr3/include/messages_fr3/messages_fr3/srv
[6.767s] -- Up-to-date: /home/simi/franka_ros2_ws/install/messages_fr3/include/messages_fr3/messages_fr3/srv/detail
[6.767s] -- Installing: /home/simi/franka_ros2_ws/install/messages_fr3/include/messages_fr3/messages_fr3/srv/detail/set_mode__rosidl_typesupport_introspection_c.h
[6.767s] -- Installing: /home/simi/franka_ros2_ws/install/messages_fr3/include/messages_fr3/messages_fr3/srv/detail/set_param__rosidl_typesupport_introspection_c.h
[6.767s] -- Installing: /home/simi/franka_ros2_ws/install/messages_fr3/include/messages_fr3/messages_fr3/srv/detail/set_force__type_support.c
[6.768s] -- Installing: /home/simi/franka_ros2_ws/install/messages_fr3/include/messages_fr3/messages_fr3/srv/detail/set_pose__rosidl_typesupport_introspection_c.h
[6.768s] -- Installing: /home/simi/franka_ros2_ws/install/messages_fr3/include/messages_fr3/messages_fr3/srv/detail/set_force__rosidl_typesupport_introspection_c.h
[6.768s] -- Installing: /home/simi/franka_ros2_ws/install/messages_fr3/include/messages_fr3/messages_fr3/srv/detail/set_pose__type_support.c
[6.768s] -- Installing: /home/simi/franka_ros2_ws/install/messages_fr3/include/messages_fr3/messages_fr3/srv/detail/set_mode__type_support.c
[6.768s] -- Installing: /home/simi/franka_ros2_ws/install/messages_fr3/include/messages_fr3/messages_fr3/srv/detail/set_param__type_support.c
[6.769s] -- Up-to-date: /home/simi/franka_ros2_ws/install/messages_fr3/include/messages_fr3/messages_fr3/msg
[6.769s] -- Up-to-date: /home/simi/franka_ros2_ws/install/messages_fr3/include/messages_fr3/messages_fr3/msg/rosidl_typesupport_introspection_c__visibility_control.h
[6.769s] -- Installing: /home/simi/franka_ros2_ws/install/messages_fr3/lib/libmessages_fr3__rosidl_typesupport_introspection_c.so
[6.770s] -- Set runtime path of "/home/simi/franka_ros2_ws/install/messages_fr3/lib/libmessages_fr3__rosidl_typesupport_introspection_c.so" to ""
[6.770s] -- Installing: /home/simi/franka_ros2_ws/install/messages_fr3/lib/libmessages_fr3__rosidl_typesupport_c.so
[6.770s] -- Set runtime path of "/home/simi/franka_ros2_ws/install/messages_fr3/lib/libmessages_fr3__rosidl_typesupport_c.so" to ""
[6.770s] -- Up-to-date: /home/simi/franka_ros2_ws/install/messages_fr3/include/messages_fr3/messages_fr3
[6.770s] -- Up-to-date: /home/simi/franka_ros2_ws/install/messages_fr3/include/messages_fr3/messages_fr3/srv
[6.770s] -- Up-to-date: /home/simi/franka_ros2_ws/install/messages_fr3/include/messages_fr3/messages_fr3/srv/detail
[6.771s] -- Installing: /home/simi/franka_ros2_ws/install/messages_fr3/include/messages_fr3/messages_fr3/srv/detail/set_mode__struct.hpp
[6.771s] -- Installing: /home/simi/franka_ros2_ws/install/messages_fr3/include/messages_fr3/messages_fr3/srv/detail/set_mode__builder.hpp
[6.771s] -- Installing: /home/simi/franka_ros2_ws/install/messages_fr3/include/messages_fr3/messages_fr3/srv/detail/set_force__builder.hpp
[6.771s] -- Installing: /home/simi/franka_ros2_ws/install/messages_fr3/include/messages_fr3/messages_fr3/srv/detail/set_param__struct.hpp
[6.771s] -- Installing: /home/simi/franka_ros2_ws/install/messages_fr3/include/messages_fr3/messages_fr3/srv/detail/set_pose__builder.hpp
[6.771s] -- Installing: /home/simi/franka_ros2_ws/install/messages_fr3/include/messages_fr3/messages_fr3/srv/detail/set_pose__traits.hpp
[6.772s] -- Installing: /home/simi/franka_ros2_ws/install/messages_fr3/include/messages_fr3/messages_fr3/srv/detail/set_pose__struct.hpp
[6.772s] -- Installing: /home/simi/franka_ros2_ws/install/messages_fr3/include/messages_fr3/messages_fr3/srv/detail/set_force__struct.hpp
[6.772s] -- Installing: /home/simi/franka_ros2_ws/install/messages_fr3/include/messages_fr3/messages_fr3/srv/detail/set_param__traits.hpp
[6.772s] -- Installing: /home/simi/franka_ros2_ws/install/messages_fr3/include/messages_fr3/messages_fr3/srv/detail/set_param__builder.hpp
[6.772s] -- Installing: /home/simi/franka_ros2_ws/install/messages_fr3/include/messages_fr3/messages_fr3/srv/detail/set_mode__traits.hpp
[6.772s] -- Installing: /home/simi/franka_ros2_ws/install/messages_fr3/include/messages_fr3/messages_fr3/srv/detail/set_force__traits.hpp
[6.773s] -- Installing: /home/simi/franka_ros2_ws/install/messages_fr3/include/messages_fr3/messages_fr3/srv/set_mode.hpp
[6.773s] -- Installing: /home/simi/franka_ros2_ws/install/messages_fr3/include/messages_fr3/messages_fr3/srv/set_param.hpp
[6.773s] -- Installing: /home/simi/franka_ros2_ws/install/messages_fr3/include/messages_fr3/messages_fr3/srv/set_pose.hpp
[6.773s] -- Installing: /home/simi/franka_ros2_ws/install/messages_fr3/include/messages_fr3/messages_fr3/srv/set_force.hpp
[6.773s] -- Up-to-date: /home/simi/franka_ros2_ws/install/messages_fr3/include/messages_fr3/messages_fr3
[6.774s] -- Up-to-date: /home/simi/franka_ros2_ws/install/messages_fr3/include/messages_fr3/messages_fr3/srv
[6.774s] -- Up-to-date: /home/simi/franka_ros2_ws/install/messages_fr3/include/messages_fr3/messages_fr3/srv/detail
[6.774s] -- Installing: /home/simi/franka_ros2_ws/install/messages_fr3/include/messages_fr3/messages_fr3/srv/detail/set_pose__rosidl_typesupport_fastrtps_cpp.hpp
[6.774s] -- Installing: /home/simi/franka_ros2_ws/install/messages_fr3/include/messages_fr3/messages_fr3/srv/detail/set_param__rosidl_typesupport_fastrtps_cpp.hpp
[6.774s] -- Installing: /home/simi/franka_ros2_ws/install/messages_fr3/include/messages_fr3/messages_fr3/srv/detail/set_mode__rosidl_typesupport_fastrtps_cpp.hpp
[6.774s] -- Installing: /home/simi/franka_ros2_ws/install/messages_fr3/include/messages_fr3/messages_fr3/srv/detail/set_force__rosidl_typesupport_fastrtps_cpp.hpp
[6.774s] -- Up-to-date: /home/simi/franka_ros2_ws/install/messages_fr3/include/messages_fr3/messages_fr3/srv/detail/dds_fastrtps
[6.774s] -- Up-to-date: /home/simi/franka_ros2_ws/install/messages_fr3/include/messages_fr3/messages_fr3/msg
[6.775s] -- Up-to-date: /home/simi/franka_ros2_ws/install/messages_fr3/include/messages_fr3/messages_fr3/msg/rosidl_typesupport_fastrtps_cpp__visibility_control.h
[6.775s] -- Installing: /home/simi/franka_ros2_ws/install/messages_fr3/lib/libmessages_fr3__rosidl_typesupport_fastrtps_cpp.so
[6.775s] -- Set runtime path of "/home/simi/franka_ros2_ws/install/messages_fr3/lib/libmessages_fr3__rosidl_typesupport_fastrtps_cpp.so" to ""
[6.775s] -- Up-to-date: /home/simi/franka_ros2_ws/install/messages_fr3/include/messages_fr3/messages_fr3
[6.775s] -- Up-to-date: /home/simi/franka_ros2_ws/install/messages_fr3/include/messages_fr3/messages_fr3/srv
[6.775s] -- Up-to-date: /home/simi/franka_ros2_ws/install/messages_fr3/include/messages_fr3/messages_fr3/srv/detail
[6.776s] -- Installing: /home/simi/franka_ros2_ws/install/messages_fr3/include/messages_fr3/messages_fr3/srv/detail/set_param__rosidl_typesupport_introspection_cpp.hpp
[6.776s] -- Installing: /home/simi/franka_ros2_ws/install/messages_fr3/include/messages_fr3/messages_fr3/srv/detail/set_pose__rosidl_typesupport_introspection_cpp.hpp
[6.776s] -- Installing: /home/simi/franka_ros2_ws/install/messages_fr3/include/messages_fr3/messages_fr3/srv/detail/set_mode__type_support.cpp
[6.776s] -- Installing: /home/simi/franka_ros2_ws/install/messages_fr3/include/messages_fr3/messages_fr3/srv/detail/set_mode__rosidl_typesupport_introspection_cpp.hpp
[6.776s] -- Installing: /home/simi/franka_ros2_ws/install/messages_fr3/include/messages_fr3/messages_fr3/srv/detail/set_force__type_support.cpp
[6.776s] -- Installing: /home/simi/franka_ros2_ws/install/messages_fr3/include/messages_fr3/messages_fr3/srv/detail/set_param__type_support.cpp
[6.777s] -- Installing: /home/simi/franka_ros2_ws/install/messages_fr3/include/messages_fr3/messages_fr3/srv/detail/set_pose__type_support.cpp
[6.777s] -- Installing: /home/simi/franka_ros2_ws/install/messages_fr3/include/messages_fr3/messages_fr3/srv/detail/set_force__rosidl_typesupport_introspection_cpp.hpp
[6.777s] -- Installing: /home/simi/franka_ros2_ws/install/messages_fr3/lib/libmessages_fr3__rosidl_typesupport_introspection_cpp.so
[6.778s] -- Set runtime path of "/home/simi/franka_ros2_ws/install/messages_fr3/lib/libmessages_fr3__rosidl_typesupport_introspection_cpp.so" to ""
[6.778s] -- Installing: /home/simi/franka_ros2_ws/install/messages_fr3/lib/libmessages_fr3__rosidl_typesupport_cpp.so
[6.779s] -- Set runtime path of "/home/simi/franka_ros2_ws/install/messages_fr3/lib/libmessages_fr3__rosidl_typesupport_cpp.so" to ""
[6.779s] -- Up-to-date: /home/simi/franka_ros2_ws/install/messages_fr3/share/messages_fr3/environment/pythonpath.sh
[6.779s] -- Installing: /home/simi/franka_ros2_ws/install/messages_fr3/share/messages_fr3/environment/pythonpath.dsv
[6.779s] -- Up-to-date: /home/simi/franka_ros2_ws/install/messages_fr3/local/lib/python3.10/dist-packages/messages_fr3-1.0.0-py3.10.egg-info
[6.779s] -- Installing: /home/simi/franka_ros2_ws/install/messages_fr3/local/lib/python3.10/dist-packages/messages_fr3-1.0.0-py3.10.egg-info/dependency_links.txt
[6.779s] -- Installing: /home/simi/franka_ros2_ws/install/messages_fr3/local/lib/python3.10/dist-packages/messages_fr3-1.0.0-py3.10.egg-info/top_level.txt
[6.779s] -- Installing: /home/simi/franka_ros2_ws/install/messages_fr3/local/lib/python3.10/dist-packages/messages_fr3-1.0.0-py3.10.egg-info/PKG-INFO
[6.779s] -- Installing: /home/simi/franka_ros2_ws/install/messages_fr3/local/lib/python3.10/dist-packages/messages_fr3-1.0.0-py3.10.egg-info/SOURCES.txt
[6.780s] -- Up-to-date: /home/simi/franka_ros2_ws/install/messages_fr3/local/lib/python3.10/dist-packages/messages_fr3
[6.780s] -- Installing: /home/simi/franka_ros2_ws/install/messages_fr3/local/lib/python3.10/dist-packages/messages_fr3/__init__.py
[6.780s] -- Installing: /home/simi/franka_ros2_ws/install/messages_fr3/local/lib/python3.10/dist-packages/messages_fr3/messages_fr3_s__rosidl_typesupport_introspection_c.cpython-310-x86_64-linux-gnu.so
[6.780s] -- Installing: /home/simi/franka_ros2_ws/install/messages_fr3/local/lib/python3.10/dist-packages/messages_fr3/messages_fr3_s__rosidl_typesupport_c.cpython-310-x86_64-linux-gnu.so
[6.780s] -- Installing: /home/simi/franka_ros2_ws/install/messages_fr3/local/lib/python3.10/dist-packages/messages_fr3/libmessages_fr3__rosidl_generator_py.so
[6.780s] -- Up-to-date: /home/simi/franka_ros2_ws/install/messages_fr3/local/lib/python3.10/dist-packages/messages_fr3/srv
[6.781s] -- Installing: /home/simi/franka_ros2_ws/install/messages_fr3/local/lib/python3.10/dist-packages/messages_fr3/srv/_set_param_s.c
[6.781s] -- Installing: /home/simi/franka_ros2_ws/install/messages_fr3/local/lib/python3.10/dist-packages/messages_fr3/srv/_set_mode_s.c
[6.781s] -- Installing: /home/simi/franka_ros2_ws/install/messages_fr3/local/lib/python3.10/dist-packages/messages_fr3/srv/__init__.py
[6.781s] -- Installing: /home/simi/franka_ros2_ws/install/messages_fr3/local/lib/python3.10/dist-packages/messages_fr3/srv/_set_mode.py
[6.781s] -- Installing: /home/simi/franka_ros2_ws/install/messages_fr3/local/lib/python3.10/dist-packages/messages_fr3/srv/_set_pose.py
[6.782s] -- Installing: /home/simi/franka_ros2_ws/install/messages_fr3/local/lib/python3.10/dist-packages/messages_fr3/srv/_set_force_s.c
[6.782s] -- Installing: /home/simi/franka_ros2_ws/install/messages_fr3/local/lib/python3.10/dist-packages/messages_fr3/srv/_set_pose_s.c
[6.782s] -- Installing: /home/simi/franka_ros2_ws/install/messages_fr3/local/lib/python3.10/dist-packages/messages_fr3/srv/_set_force.py
[6.782s] -- Installing: /home/simi/franka_ros2_ws/install/messages_fr3/local/lib/python3.10/dist-packages/messages_fr3/srv/_set_param.py
[6.782s] -- Installing: /home/simi/franka_ros2_ws/install/messages_fr3/local/lib/python3.10/dist-packages/messages_fr3/_messages_fr3_s.ep.rosidl_typesupport_c.c
[6.783s] -- Installing: /home/simi/franka_ros2_ws/install/messages_fr3/local/lib/python3.10/dist-packages/messages_fr3/_messages_fr3_s.ep.rosidl_typesupport_fastrtps_c.c
[6.783s] -- Installing: /home/simi/franka_ros2_ws/install/messages_fr3/local/lib/python3.10/dist-packages/messages_fr3/messages_fr3_s__rosidl_typesupport_fastrtps_c.cpython-310-x86_64-linux-gnu.so
[6.783s] -- Installing: /home/simi/franka_ros2_ws/install/messages_fr3/local/lib/python3.10/dist-packages/messages_fr3/_messages_fr3_s.ep.rosidl_typesupport_introspection_c.c
[6.825s] Listing '/home/simi/franka_ros2_ws/install/messages_fr3/local/lib/python3.10/dist-packages/messages_fr3'...
[6.825s] Compiling '/home/simi/franka_ros2_ws/install/messages_fr3/local/lib/python3.10/dist-packages/messages_fr3/__init__.py'...
[6.825s] Listing '/home/simi/franka_ros2_ws/install/messages_fr3/local/lib/python3.10/dist-packages/messages_fr3/srv'...
[6.825s] Compiling '/home/simi/franka_ros2_ws/install/messages_fr3/local/lib/python3.10/dist-packages/messages_fr3/srv/__init__.py'...
[6.825s] Compiling '/home/simi/franka_ros2_ws/install/messages_fr3/local/lib/python3.10/dist-packages/messages_fr3/srv/_set_force.py'...
[6.825s] Compiling '/home/simi/franka_ros2_ws/install/messages_fr3/local/lib/python3.10/dist-packages/messages_fr3/srv/_set_mode.py'...
[6.825s] Compiling '/home/simi/franka_ros2_ws/install/messages_fr3/local/lib/python3.10/dist-packages/messages_fr3/srv/_set_param.py'...
[6.826s] Compiling '/home/simi/franka_ros2_ws/install/messages_fr3/local/lib/python3.10/dist-packages/messages_fr3/srv/_set_pose.py'...
[6.831s] -- Installing: /home/simi/franka_ros2_ws/install/messages_fr3/local/lib/python3.10/dist-packages/messages_fr3/messages_fr3_s__rosidl_typesupport_fastrtps_c.cpython-310-x86_64-linux-gnu.so
[6.832s] -- Set runtime path of "/home/simi/franka_ros2_ws/install/messages_fr3/local/lib/python3.10/dist-packages/messages_fr3/messages_fr3_s__rosidl_typesupport_fastrtps_c.cpython-310-x86_64-linux-gnu.so" to ""
[6.832s] -- Installing: /home/simi/franka_ros2_ws/install/messages_fr3/local/lib/python3.10/dist-packages/messages_fr3/messages_fr3_s__rosidl_typesupport_introspection_c.cpython-310-x86_64-linux-gnu.so
[6.833s] -- Set runtime path of "/home/simi/franka_ros2_ws/install/messages_fr3/local/lib/python3.10/dist-packages/messages_fr3/messages_fr3_s__rosidl_typesupport_introspection_c.cpython-310-x86_64-linux-gnu.so" to ""
[6.833s] -- Installing: /home/simi/franka_ros2_ws/install/messages_fr3/local/lib/python3.10/dist-packages/messages_fr3/messages_fr3_s__rosidl_typesupport_c.cpython-310-x86_64-linux-gnu.so
[6.834s] -- Set runtime path of "/home/simi/franka_ros2_ws/install/messages_fr3/local/lib/python3.10/dist-packages/messages_fr3/messages_fr3_s__rosidl_typesupport_c.cpython-310-x86_64-linux-gnu.so" to ""
[6.834s] -- Installing: /home/simi/franka_ros2_ws/install/messages_fr3/lib/libmessages_fr3__rosidl_generator_py.so
[6.835s] -- Set runtime path of "/home/simi/franka_ros2_ws/install/messages_fr3/lib/libmessages_fr3__rosidl_generator_py.so" to ""
[6.835s] -- Installing: /home/simi/franka_ros2_ws/install/messages_fr3/share/messages_fr3/srv/SetPose.idl
[6.835s] -- Up-to-date: /home/simi/franka_ros2_ws/install/messages_fr3/share/messages_fr3/srv/SetParam.idl
[6.835s] -- Up-to-date: /home/simi/franka_ros2_ws/install/messages_fr3/share/messages_fr3/srv/SetForce.idl
[6.835s] -- Up-to-date: /home/simi/franka_ros2_ws/install/messages_fr3/share/messages_fr3/srv/SetMode.idl
[6.835s] -- Installing: /home/simi/franka_ros2_ws/install/messages_fr3/share/messages_fr3/srv/SetPose.srv
[6.835s] -- Installing: /home/simi/franka_ros2_ws/install/messages_fr3/share/messages_fr3/srv/SetPose_Request.msg
[6.835s] -- Up-to-date: /home/simi/franka_ros2_ws/install/messages_fr3/share/messages_fr3/srv/SetPose_Response.msg
[6.835s] -- Up-to-date: /home/simi/franka_ros2_ws/install/messages_fr3/share/messages_fr3/srv/SetParam.srv
[6.836s] -- Up-to-date: /home/simi/franka_ros2_ws/install/messages_fr3/share/messages_fr3/srv/SetParam_Request.msg
[6.836s] -- Up-to-date: /home/simi/franka_ros2_ws/install/messages_fr3/share/messages_fr3/srv/SetParam_Response.msg
[6.836s] -- Up-to-date: /home/simi/franka_ros2_ws/install/messages_fr3/share/messages_fr3/srv/SetForce.srv
[6.836s] -- Up-to-date: /home/simi/franka_ros2_ws/install/messages_fr3/share/messages_fr3/srv/SetForce_Request.msg
[6.836s] -- Up-to-date: /home/simi/franka_ros2_ws/install/messages_fr3/share/messages_fr3/srv/SetForce_Response.msg
[6.836s] -- Up-to-date: /home/simi/franka_ros2_ws/install/messages_fr3/share/messages_fr3/srv/SetMode.srv
[6.836s] -- Up-to-date: /home/simi/franka_ros2_ws/install/messages_fr3/share/messages_fr3/srv/SetMode_Request.msg
[6.836s] -- Up-to-date: /home/simi/franka_ros2_ws/install/messages_fr3/share/messages_fr3/srv/SetMode_Response.msg
[6.836s] -- Up-to-date: /home/simi/franka_ros2_ws/install/messages_fr3/share/ament_index/resource_index/package_run_dependencies/messages_fr3
[6.836s] -- Up-to-date: /home/simi/franka_ros2_ws/install/messages_fr3/share/ament_index/resource_index/parent_prefix_path/messages_fr3
[6.836s] -- Up-to-date: /home/simi/franka_ros2_ws/install/messages_fr3/share/messages_fr3/environment/ament_prefix_path.sh
[6.837s] -- Installing: /home/simi/franka_ros2_ws/install/messages_fr3/share/messages_fr3/environment/ament_prefix_path.dsv
[6.837s] -- Up-to-date: /home/simi/franka_ros2_ws/install/messages_fr3/share/messages_fr3/environment/path.sh
[6.837s] -- Installing: /home/simi/franka_ros2_ws/install/messages_fr3/share/messages_fr3/environment/path.dsv
[6.837s] -- Up-to-date: /home/simi/franka_ros2_ws/install/messages_fr3/share/messages_fr3/local_setup.bash
[6.837s] -- Up-to-date: /home/simi/franka_ros2_ws/install/messages_fr3/share/messages_fr3/local_setup.sh
[6.837s] -- Up-to-date: /home/simi/franka_ros2_ws/install/messages_fr3/share/messages_fr3/local_setup.zsh
[6.837s] -- Installing: /home/simi/franka_ros2_ws/install/messages_fr3/share/messages_fr3/local_setup.dsv
[6.837s] -- Installing: /home/simi/franka_ros2_ws/install/messages_fr3/share/messages_fr3/package.dsv
[6.837s] -- Up-to-date: /home/simi/franka_ros2_ws/install/messages_fr3/share/ament_index/resource_index/packages/messages_fr3
[6.837s] -- Up-to-date: /home/simi/franka_ros2_ws/install/messages_fr3/share/messages_fr3/cmake/export_messages_fr3__rosidl_generator_cExport.cmake
[6.837s] -- Up-to-date: /home/simi/franka_ros2_ws/install/messages_fr3/share/messages_fr3/cmake/export_messages_fr3__rosidl_generator_cExport-release.cmake
[6.837s] -- Up-to-date: /home/simi/franka_ros2_ws/install/messages_fr3/share/messages_fr3/cmake/export_messages_fr3__rosidl_typesupport_fastrtps_cExport.cmake
[6.838s] -- Up-to-date: /home/simi/franka_ros2_ws/install/messages_fr3/share/messages_fr3/cmake/export_messages_fr3__rosidl_typesupport_fastrtps_cExport-release.cmake
[6.838s] -- Up-to-date: /home/simi/franka_ros2_ws/install/messages_fr3/share/messages_fr3/cmake/messages_fr3__rosidl_typesupport_introspection_cExport.cmake
[6.838s] -- Up-to-date: /home/simi/franka_ros2_ws/install/messages_fr3/share/messages_fr3/cmake/messages_fr3__rosidl_typesupport_introspection_cExport-release.cmake
[6.838s] -- Up-to-date: /home/simi/franka_ros2_ws/install/messages_fr3/share/messages_fr3/cmake/messages_fr3__rosidl_typesupport_cExport.cmake
[6.838s] -- Up-to-date: /home/simi/franka_ros2_ws/install/messages_fr3/share/messages_fr3/cmake/messages_fr3__rosidl_typesupport_cExport-release.cmake
[6.838s] -- Up-to-date: /home/simi/franka_ros2_ws/install/messages_fr3/share/messages_fr3/cmake/export_messages_fr3__rosidl_generator_cppExport.cmake
[6.838s] -- Up-to-date: /home/simi/franka_ros2_ws/install/messages_fr3/share/messages_fr3/cmake/export_messages_fr3__rosidl_typesupport_fastrtps_cppExport.cmake
[6.838s] -- Up-to-date: /home/simi/franka_ros2_ws/install/messages_fr3/share/messages_fr3/cmake/export_messages_fr3__rosidl_typesupport_fastrtps_cppExport-release.cmake
[6.838s] -- Up-to-date: /home/simi/franka_ros2_ws/install/messages_fr3/share/messages_fr3/cmake/messages_fr3__rosidl_typesupport_introspection_cppExport.cmake
[6.839s] -- Up-to-date: /home/simi/franka_ros2_ws/install/messages_fr3/share/messages_fr3/cmake/messages_fr3__rosidl_typesupport_introspection_cppExport-release.cmake
[6.839s] -- Up-to-date: /home/simi/franka_ros2_ws/install/messages_fr3/share/messages_fr3/cmake/messages_fr3__rosidl_typesupport_cppExport.cmake
[6.839s] -- Up-to-date: /home/simi/franka_ros2_ws/install/messages_fr3/share/messages_fr3/cmake/messages_fr3__rosidl_typesupport_cppExport-release.cmake
[6.839s] -- Up-to-date: /home/simi/franka_ros2_ws/install/messages_fr3/share/messages_fr3/cmake/export_messages_fr3__rosidl_generator_pyExport.cmake
[6.839s] -- Up-to-date: /home/simi/franka_ros2_ws/install/messages_fr3/share/messages_fr3/cmake/export_messages_fr3__rosidl_generator_pyExport-release.cmake
[6.839s] -- Up-to-date: /home/simi/franka_ros2_ws/install/messages_fr3/share/messages_fr3/cmake/rosidl_cmake-extras.cmake
[6.839s] -- Up-to-date: /home/simi/franka_ros2_ws/install/messages_fr3/share/messages_fr3/cmake/ament_cmake_export_dependencies-extras.cmake
[6.839s] -- Up-to-date: /home/simi/franka_ros2_ws/install/messages_fr3/share/messages_fr3/cmake/ament_cmake_export_include_directories-extras.cmake
[6.839s] -- Up-to-date: /home/simi/franka_ros2_ws/install/messages_fr3/share/messages_fr3/cmake/ament_cmake_export_libraries-extras.cmake
[6.839s] -- Up-to-date: /home/simi/franka_ros2_ws/install/messages_fr3/share/messages_fr3/cmake/ament_cmake_export_targets-extras.cmake
[6.839s] -- Up-to-date: /home/simi/franka_ros2_ws/install/messages_fr3/share/messages_fr3/cmake/rosidl_cmake_export_typesupport_targets-extras.cmake
[6.839s] -- Up-to-date: /home/simi/franka_ros2_ws/install/messages_fr3/share/messages_fr3/cmake/rosidl_cmake_export_typesupport_libraries-extras.cmake
[6.839s] -- Up-to-date: /home/simi/franka_ros2_ws/install/messages_fr3/share/messages_fr3/cmake/messages_fr3Config.cmake
[6.839s] -- Up-to-date: /home/simi/franka_ros2_ws/install/messages_fr3/share/messages_fr3/cmake/messages_fr3Config-version.cmake
[6.839s] -- Installing: /home/simi/franka_ros2_ws/install/messages_fr3/share/messages_fr3/package.xml
[6.841s] Invoked command in '/home/simi/franka_ros2_ws/build/messages_fr3' returned '0': CMAKE_PREFIX_PATH=${CMAKE_PREFIX_PATH}:/home/simi/franka_ros2_ws/install/realtime_plot_of_data:/opt/ros/humble /usr/bin/cmake --install /home/simi/franka_ros2_ws/build/messages_fr3
