[0.024s] Invoking command in '/home/simi/franka_ros2_ws/build/franka_msgs': CMAKE_PREFIX_PATH=/opt/ros/humble /usr/bin/cmake /home/simi/franka_ros2_ws/src/franka_ros2/franka_msgs -DCMAKE_BUILD_TYPE=Release -DCMAKE_INSTALL_PREFIX=/home/simi/franka_ros2_ws/install/franka_msgs
[0.102s] -- The C compiler identification is GNU 11.4.0
[0.178s] -- The CXX compiler identification is GNU 11.4.0
[0.188s] -- Detecting C compiler ABI info
[0.293s] -- Detecting C compiler ABI info - done
[0.299s] -- Check for working C compiler: /usr/bin/cc - skipped
[0.300s] -- Detecting C compile features
[0.300s] -- Detecting C compile features - done
[0.303s] -- Detecting CXX compiler ABI info
[0.421s] -- Detecting CXX compiler ABI info - done
[0.428s] -- Check for working CXX compiler: /usr/bin/c++ - skipped
[0.428s] -- Detecting CXX compile features
[0.429s] -- Detecting CXX compile features - done
[0.432s] -- Found ament_cmake: 1.3.8 (/opt/ros/humble/share/ament_cmake/cmake)
[0.623s] -- Found Python3: /usr/bin/python3 (found version "3.10.12") found components: Interpreter 
[0.741s] -- Found rosidl_default_generators: 1.2.0 (/opt/ros/humble/share/rosidl_default_generators/cmake)
[0.746s] -- Using all available rosidl_typesupport_c: rosidl_typesupport_fastrtps_c;rosidl_typesupport_introspection_c
[0.753s] -- Found rosidl_adapter: 3.1.5 (/opt/ros/humble/share/rosidl_adapter/cmake)
[0.799s] -- Using all available rosidl_typesupport_cpp: rosidl_typesupport_fastrtps_cpp;rosidl_typesupport_introspection_cpp
[0.837s] -- Found std_msgs: 4.2.3 (/opt/ros/humble/share/std_msgs/cmake)
[0.895s] -- Found geometry_msgs: 4.2.3 (/opt/ros/humble/share/geometry_msgs/cmake)
[0.941s] -- Found sensor_msgs: 4.2.3 (/opt/ros/humble/share/sensor_msgs/cmake)
[1.534s] -- Found ament_cmake_ros: 0.10.0 (/opt/ros/humble/share/ament_cmake_ros/cmake)
[1.806s] -- Using all available rosidl_typesupport_c: rosidl_typesupport_fastrtps_c;rosidl_typesupport_introspection_c
[2.160s] -- Using all available rosidl_typesupport_cpp: rosidl_typesupport_fastrtps_cpp;rosidl_typesupport_introspection_cpp
[2.182s] -- Found PythonInterp: /usr/bin/python3 (found suitable version "3.10.12", minimum required is "3.6") 
[2.184s] -- Found python_cmake_module: 0.10.0 (/opt/ros/humble/share/python_cmake_module/cmake)
[2.208s] -- Found PythonLibs: /usr/lib/x86_64-linux-gnu/libpython3.10.so (found suitable version "3.10.12", minimum required is "3.5") 
[2.208s] -- Using PYTHON_EXECUTABLE: /usr/bin/python3
[2.208s] -- Using PYTHON_INCLUDE_DIRS: /usr/include/python3.10
[2.208s] -- Using PYTHON_LIBRARIES: /usr/lib/x86_64-linux-gnu/libpython3.10.so
[2.228s] -- Found PythonExtra: .so  
[2.299s] -- Found ament_lint_auto: 0.12.10 (/opt/ros/humble/share/ament_lint_auto/cmake)
[2.322s] -- Added test 'copyright' to check source files copyright and LICENSE
[2.325s] -- Added test 'lint_cmake' to check CMake code style
[2.327s] -- Added test 'xmllint' to check XML markup files
[2.330s] -- Configuring done
[2.391s] -- Generating done
[2.393s] -- Build files have been written to: /home/simi/franka_ros2_ws/build/franka_msgs
[2.405s] Invoked command in '/home/simi/franka_ros2_ws/build/franka_msgs' returned '0': CMAKE_PREFIX_PATH=/opt/ros/humble /usr/bin/cmake /home/simi/franka_ros2_ws/src/franka_ros2/franka_msgs -DCMAKE_BUILD_TYPE=Release -DCMAKE_INSTALL_PREFIX=/home/simi/franka_ros2_ws/install/franka_msgs
[2.407s] Invoking command in '/home/simi/franka_ros2_ws/build/franka_msgs': CMAKE_PREFIX_PATH=/opt/ros/humble /usr/bin/cmake --build /home/simi/franka_ros2_ws/build/franka_msgs -- -j16 -l16
[2.465s] [  1%] [34m[1mGenerating C code for ROS interfaces[0m
[2.479s] [  1%] [34m[1mGenerating C++ code for ROS interfaces[0m
[2.486s] [  1%] Built target ament_cmake_python_copy_franka_msgs
[2.713s] running egg_info
[2.714s] creating franka_msgs.egg-info
[2.714s] writing franka_msgs.egg-info/PKG-INFO
[2.714s] writing dependency_links to franka_msgs.egg-info/dependency_links.txt
[2.714s] writing top-level names to franka_msgs.egg-info/top_level.txt
[2.714s] writing manifest file 'franka_msgs.egg-info/SOURCES.txt'
[2.717s] reading manifest file 'franka_msgs.egg-info/SOURCES.txt'
[2.717s] writing manifest file 'franka_msgs.egg-info/SOURCES.txt'
[2.752s] [  1%] Built target ament_cmake_python_build_franka_msgs_egg
[4.488s] [  1%] Built target franka_msgs__cpp
[4.528s] [  2%] [34m[1mGenerating C++ type support for eProsima Fast-RTPS[0m
[4.541s] [  2%] [34m[1mGenerating C++ introspection for ROS interfaces[0m
[4.550s] [  3%] [34m[1mGenerating C++ type support dispatch for ROS interfaces[0m
[4.669s] [  4%] [32mBuilding C object CMakeFiles/franka_msgs__rosidl_generator_c.dir/rosidl_generator_c/franka_msgs/action/detail/homing__functions.c.o[0m
[4.671s] [  6%] [32mBuilding C object CMakeFiles/franka_msgs__rosidl_generator_c.dir/rosidl_generator_c/franka_msgs/msg/detail/elbow__functions.c.o[0m
[4.672s] [  7%] [32mBuilding C object CMakeFiles/franka_msgs__rosidl_generator_c.dir/rosidl_generator_c/franka_msgs/msg/detail/errors__functions.c.o[0m
[4.672s] [  7%] [32mBuilding C object CMakeFiles/franka_msgs__rosidl_generator_c.dir/rosidl_generator_c/franka_msgs/action/detail/move__functions.c.o[0m
[4.675s] [  4%] [32mBuilding C object CMakeFiles/franka_msgs__rosidl_generator_c.dir/rosidl_generator_c/franka_msgs/action/detail/grasp__functions.c.o[0m
[4.676s] [  7%] [32mBuilding C object CMakeFiles/franka_msgs__rosidl_generator_c.dir/rosidl_generator_c/franka_msgs/msg/detail/collision_indicators__functions.c.o[0m
[4.679s] [  8%] [32mBuilding C object CMakeFiles/franka_msgs__rosidl_generator_c.dir/rosidl_generator_c/franka_msgs/srv/detail/set_tcp_frame__functions.c.o[0m
[4.680s] [  9%] [32mBuilding C object CMakeFiles/franka_msgs__rosidl_generator_c.dir/rosidl_generator_c/franka_msgs/srv/detail/set_cartesian_stiffness__functions.c.o[0m
[4.684s] [  9%] [32mBuilding C object CMakeFiles/franka_msgs__rosidl_generator_c.dir/rosidl_generator_c/franka_msgs/msg/detail/grasp_epsilon__functions.c.o[0m
[4.686s] [ 10%] [32mBuilding C object CMakeFiles/franka_msgs__rosidl_generator_c.dir/rosidl_generator_c/franka_msgs/msg/detail/franka_robot_state__functions.c.o[0m
[4.689s] [ 11%] [32mBuilding C object CMakeFiles/franka_msgs__rosidl_generator_c.dir/rosidl_generator_c/franka_msgs/srv/detail/set_force_torque_collision_behavior__functions.c.o[0m
[4.689s] [ 11%] [32mBuilding C object CMakeFiles/franka_msgs__rosidl_generator_c.dir/rosidl_generator_c/franka_msgs/srv/detail/set_full_collision_behavior__functions.c.o[0m
[4.701s] [ 12%] [32mBuilding C object CMakeFiles/franka_msgs__rosidl_generator_c.dir/rosidl_generator_c/franka_msgs/srv/detail/set_joint_stiffness__functions.c.o[0m
[4.970s] [ 12%] [32mBuilding C object CMakeFiles/franka_msgs__rosidl_generator_c.dir/rosidl_generator_c/franka_msgs/srv/detail/set_stiffness_frame__functions.c.o[0m
[4.971s] [ 13%] [32mBuilding C object CMakeFiles/franka_msgs__rosidl_generator_c.dir/rosidl_generator_c/franka_msgs/srv/detail/set_load__functions.c.o[0m
[5.354s] [ 14%] [32m[1mLinking C shared library libfranka_msgs__rosidl_generator_c.so[0m
[5.424s] [ 14%] Built target franka_msgs__rosidl_generator_c
[5.441s] [ 17%] [34m[1mGenerating C type support for eProsima Fast-RTPS[0m
[5.442s] [ 17%] [34m[1mGenerating C type support dispatch for ROS interfaces[0m
[5.442s] [ 17%] [34m[1mGenerating C introspection for ROS interfaces[0m
[6.362s] [ 18%] [32mBuilding CXX object CMakeFiles/franka_msgs__rosidl_typesupport_cpp.dir/rosidl_typesupport_cpp/franka_msgs/action/grasp__type_support.cpp.o[0m
[6.365s] [ 19%] [32mBuilding CXX object CMakeFiles/franka_msgs__rosidl_typesupport_cpp.dir/rosidl_typesupport_cpp/franka_msgs/msg/collision_indicators__type_support.cpp.o[0m
[6.365s] [ 20%] [32mBuilding CXX object CMakeFiles/franka_msgs__rosidl_typesupport_cpp.dir/rosidl_typesupport_cpp/franka_msgs/msg/grasp_epsilon__type_support.cpp.o[0m
[6.365s] [ 20%] [32mBuilding CXX object CMakeFiles/franka_msgs__rosidl_typesupport_cpp.dir/rosidl_typesupport_cpp/franka_msgs/action/homing__type_support.cpp.o[0m
[6.366s] [ 21%] [32mBuilding CXX object CMakeFiles/franka_msgs__rosidl_typesupport_cpp.dir/rosidl_typesupport_cpp/franka_msgs/msg/errors__type_support.cpp.o[0m
[6.371s] [ 21%] [32mBuilding CXX object CMakeFiles/franka_msgs__rosidl_typesupport_cpp.dir/rosidl_typesupport_cpp/franka_msgs/srv/set_cartesian_stiffness__type_support.cpp.o[0m
[6.374s] [ 22%] [32mBuilding CXX object CMakeFiles/franka_msgs__rosidl_typesupport_cpp.dir/rosidl_typesupport_cpp/franka_msgs/action/move__type_support.cpp.o[0m
[6.377s] [ 22%] [32mBuilding CXX object CMakeFiles/franka_msgs__rosidl_typesupport_cpp.dir/rosidl_typesupport_cpp/franka_msgs/msg/elbow__type_support.cpp.o[0m
[6.380s] [ 23%] [32mBuilding CXX object CMakeFiles/franka_msgs__rosidl_typesupport_cpp.dir/rosidl_typesupport_cpp/franka_msgs/srv/set_tcp_frame__type_support.cpp.o[0m
[6.383s] [ 25%] [32mBuilding CXX object CMakeFiles/franka_msgs__rosidl_typesupport_cpp.dir/rosidl_typesupport_cpp/franka_msgs/srv/set_force_torque_collision_behavior__type_support.cpp.o[0m
[6.394s] [ 25%] [32mBuilding CXX object CMakeFiles/franka_msgs__rosidl_typesupport_cpp.dir/rosidl_typesupport_cpp/franka_msgs/msg/franka_robot_state__type_support.cpp.o[0m
[7.082s] [ 25%] [32mBuilding CXX object CMakeFiles/franka_msgs__rosidl_typesupport_cpp.dir/rosidl_typesupport_cpp/franka_msgs/srv/set_full_collision_behavior__type_support.cpp.o[0m
[7.174s] [ 26%] [32mBuilding CXX object CMakeFiles/franka_msgs__rosidl_typesupport_cpp.dir/rosidl_typesupport_cpp/franka_msgs/srv/set_joint_stiffness__type_support.cpp.o[0m
[7.219s] [ 27%] [32mBuilding CXX object CMakeFiles/franka_msgs__rosidl_typesupport_cpp.dir/rosidl_typesupport_cpp/franka_msgs/srv/set_stiffness_frame__type_support.cpp.o[0m
[7.334s] [ 27%] [32mBuilding CXX object CMakeFiles/franka_msgs__rosidl_typesupport_cpp.dir/rosidl_typesupport_cpp/franka_msgs/srv/set_load__type_support.cpp.o[0m
[7.630s] [ 28%] [32mBuilding CXX object CMakeFiles/franka_msgs__rosidl_typesupport_introspection_cpp.dir/rosidl_typesupport_introspection_cpp/franka_msgs/action/detail/grasp__type_support.cpp.o[0m
[7.638s] [ 28%] [32mBuilding CXX object CMakeFiles/franka_msgs__rosidl_typesupport_introspection_cpp.dir/rosidl_typesupport_introspection_cpp/franka_msgs/action/detail/move__type_support.cpp.o[0m
[7.651s] [ 29%] [32mBuilding CXX object CMakeFiles/franka_msgs__rosidl_typesupport_introspection_cpp.dir/rosidl_typesupport_introspection_cpp/franka_msgs/action/detail/homing__type_support.cpp.o[0m
[7.654s] [ 30%] [32mBuilding CXX object CMakeFiles/franka_msgs__rosidl_typesupport_introspection_cpp.dir/rosidl_typesupport_introspection_cpp/franka_msgs/msg/detail/collision_indicators__type_support.cpp.o[0m
[7.678s] [ 31%] [32mBuilding CXX object CMakeFiles/franka_msgs__rosidl_typesupport_introspection_cpp.dir/rosidl_typesupport_introspection_cpp/franka_msgs/msg/detail/errors__type_support.cpp.o[0m
[7.694s] [ 32%] [32mBuilding CXX object CMakeFiles/franka_msgs__rosidl_typesupport_introspection_cpp.dir/rosidl_typesupport_introspection_cpp/franka_msgs/msg/detail/elbow__type_support.cpp.o[0m
[7.734s] [ 32%] [32mBuilding CXX object CMakeFiles/franka_msgs__rosidl_typesupport_introspection_cpp.dir/rosidl_typesupport_introspection_cpp/franka_msgs/msg/detail/grasp_epsilon__type_support.cpp.o[0m
[7.738s] [ 33%] [32mBuilding CXX object CMakeFiles/franka_msgs__rosidl_typesupport_introspection_cpp.dir/rosidl_typesupport_introspection_cpp/franka_msgs/msg/detail/franka_robot_state__type_support.cpp.o[0m
[7.798s] [ 34%] [32mBuilding CXX object CMakeFiles/franka_msgs__rosidl_typesupport_introspection_cpp.dir/rosidl_typesupport_introspection_cpp/franka_msgs/srv/detail/set_cartesian_stiffness__type_support.cpp.o[0m
[7.821s] [ 34%] [32mBuilding CXX object CMakeFiles/franka_msgs__rosidl_typesupport_introspection_cpp.dir/rosidl_typesupport_introspection_cpp/franka_msgs/srv/detail/set_tcp_frame__type_support.cpp.o[0m
[7.867s] [ 35%] [32mBuilding CXX object CMakeFiles/franka_msgs__rosidl_typesupport_introspection_cpp.dir/rosidl_typesupport_introspection_cpp/franka_msgs/srv/detail/set_force_torque_collision_behavior__type_support.cpp.o[0m
[7.998s] [ 36%] [32m[1mLinking CXX shared library libfranka_msgs__rosidl_typesupport_cpp.so[0m
[8.194s] [ 36%] Built target franka_msgs__rosidl_typesupport_cpp
[8.290s] [ 36%] [32mBuilding CXX object CMakeFiles/franka_msgs__rosidl_typesupport_c.dir/rosidl_typesupport_c/franka_msgs/action/grasp__type_support.cpp.o[0m
[8.542s] [ 37%] [32mBuilding CXX object CMakeFiles/franka_msgs__rosidl_typesupport_c.dir/rosidl_typesupport_c/franka_msgs/action/homing__type_support.cpp.o[0m
[8.698s] [ 38%] [32mBuilding CXX object CMakeFiles/franka_msgs__rosidl_typesupport_introspection_cpp.dir/rosidl_typesupport_introspection_cpp/franka_msgs/srv/detail/set_full_collision_behavior__type_support.cpp.o[0m
[8.764s] [ 39%] [32mBuilding CXX object CMakeFiles/franka_msgs__rosidl_typesupport_c.dir/rosidl_typesupport_c/franka_msgs/action/move__type_support.cpp.o[0m
[8.816s] [ 39%] [32mBuilding CXX object CMakeFiles/franka_msgs__rosidl_typesupport_introspection_cpp.dir/rosidl_typesupport_introspection_cpp/franka_msgs/srv/detail/set_joint_stiffness__type_support.cpp.o[0m
[8.830s] [ 40%] [32mBuilding CXX object CMakeFiles/franka_msgs__rosidl_typesupport_introspection_cpp.dir/rosidl_typesupport_introspection_cpp/franka_msgs/srv/detail/set_stiffness_frame__type_support.cpp.o[0m
[8.846s] [ 40%] [32mBuilding CXX object CMakeFiles/franka_msgs__rosidl_typesupport_c.dir/rosidl_typesupport_c/franka_msgs/msg/collision_indicators__type_support.cpp.o[0m
[8.905s] [ 41%] [32mBuilding CXX object CMakeFiles/franka_msgs__rosidl_typesupport_introspection_cpp.dir/rosidl_typesupport_introspection_cpp/franka_msgs/srv/detail/set_load__type_support.cpp.o[0m
[8.908s] [ 42%] [32mBuilding CXX object CMakeFiles/franka_msgs__rosidl_typesupport_c.dir/rosidl_typesupport_c/franka_msgs/msg/elbow__type_support.cpp.o[0m
[8.946s] [ 43%] [32mBuilding CXX object CMakeFiles/franka_msgs__rosidl_typesupport_c.dir/rosidl_typesupport_c/franka_msgs/msg/errors__type_support.cpp.o[0m
[8.950s] [ 44%] [32mBuilding CXX object CMakeFiles/franka_msgs__rosidl_typesupport_c.dir/rosidl_typesupport_c/franka_msgs/msg/grasp_epsilon__type_support.cpp.o[0m
[8.978s] [ 45%] [32mBuilding C object CMakeFiles/franka_msgs__rosidl_typesupport_introspection_c.dir/rosidl_typesupport_introspection_c/franka_msgs/action/detail/grasp__type_support.c.o[0m
[8.989s] [ 45%] [32mBuilding C object CMakeFiles/franka_msgs__rosidl_typesupport_introspection_c.dir/rosidl_typesupport_introspection_c/franka_msgs/action/detail/homing__type_support.c.o[0m
[9.009s] [ 46%] [32mBuilding CXX object CMakeFiles/franka_msgs__rosidl_typesupport_c.dir/rosidl_typesupport_c/franka_msgs/srv/set_cartesian_stiffness__type_support.cpp.o[0m
[9.019s] [ 46%] [32mBuilding CXX object CMakeFiles/franka_msgs__rosidl_typesupport_c.dir/rosidl_typesupport_c/franka_msgs/msg/franka_robot_state__type_support.cpp.o[0m
[9.088s] [ 47%] [32mBuilding CXX object CMakeFiles/franka_msgs__rosidl_typesupport_c.dir/rosidl_typesupport_c/franka_msgs/srv/set_tcp_frame__type_support.cpp.o[0m
[9.126s] [ 47%] [32mBuilding CXX object CMakeFiles/franka_msgs__rosidl_typesupport_c.dir/rosidl_typesupport_c/franka_msgs/srv/set_force_torque_collision_behavior__type_support.cpp.o[0m
[9.142s] [ 48%] [32mBuilding CXX object CMakeFiles/franka_msgs__rosidl_typesupport_c.dir/rosidl_typesupport_c/franka_msgs/srv/set_full_collision_behavior__type_support.cpp.o[0m
[9.180s] [ 49%] [32mBuilding CXX object CMakeFiles/franka_msgs__rosidl_typesupport_fastrtps_cpp.dir/rosidl_typesupport_fastrtps_cpp/franka_msgs/action/detail/dds_fastrtps/grasp__type_support.cpp.o[0m
[9.188s] [ 50%] [32mBuilding C object CMakeFiles/franka_msgs__rosidl_typesupport_introspection_c.dir/rosidl_typesupport_introspection_c/franka_msgs/action/detail/move__type_support.c.o[0m
[9.195s] [ 51%] [32mBuilding CXX object CMakeFiles/franka_msgs__rosidl_typesupport_fastrtps_cpp.dir/rosidl_typesupport_fastrtps_cpp/franka_msgs/action/detail/dds_fastrtps/homing__type_support.cpp.o[0m
[9.206s] [ 52%] [32mBuilding C object CMakeFiles/franka_msgs__rosidl_typesupport_introspection_c.dir/rosidl_typesupport_introspection_c/franka_msgs/msg/detail/collision_indicators__type_support.c.o[0m
[9.216s] [ 53%] [32mBuilding C object CMakeFiles/franka_msgs__rosidl_typesupport_introspection_c.dir/rosidl_typesupport_introspection_c/franka_msgs/msg/detail/elbow__type_support.c.o[0m
[9.238s] [ 53%] [32mBuilding C object CMakeFiles/franka_msgs__rosidl_typesupport_introspection_c.dir/rosidl_typesupport_introspection_c/franka_msgs/msg/detail/errors__type_support.c.o[0m
[9.241s] [ 54%] [32mBuilding CXX object CMakeFiles/franka_msgs__rosidl_typesupport_c.dir/rosidl_typesupport_c/franka_msgs/srv/set_joint_stiffness__type_support.cpp.o[0m
[9.252s] [ 54%] [32mBuilding CXX object CMakeFiles/franka_msgs__rosidl_typesupport_c.dir/rosidl_typesupport_c/franka_msgs/srv/set_stiffness_frame__type_support.cpp.o[0m
[9.269s] [ 55%] [32mBuilding CXX object CMakeFiles/franka_msgs__rosidl_typesupport_c.dir/rosidl_typesupport_c/franka_msgs/srv/set_load__type_support.cpp.o[0m
[9.330s] [ 56%] [32mBuilding C object CMakeFiles/franka_msgs__rosidl_typesupport_introspection_c.dir/rosidl_typesupport_introspection_c/franka_msgs/msg/detail/grasp_epsilon__type_support.c.o[0m
[9.347s] [ 56%] [32mBuilding C object CMakeFiles/franka_msgs__rosidl_typesupport_introspection_c.dir/rosidl_typesupport_introspection_c/franka_msgs/srv/detail/set_cartesian_stiffness__type_support.c.o[0m
[9.355s] [ 57%] [32mBuilding C object CMakeFiles/franka_msgs__rosidl_typesupport_introspection_c.dir/rosidl_typesupport_introspection_c/franka_msgs/msg/detail/franka_robot_state__type_support.c.o[0m
[9.382s] [ 57%] [32mBuilding CXX object CMakeFiles/franka_msgs__rosidl_typesupport_fastrtps_cpp.dir/rosidl_typesupport_fastrtps_cpp/franka_msgs/action/detail/dds_fastrtps/move__type_support.cpp.o[0m
[9.386s] [ 58%] [32mBuilding C object CMakeFiles/franka_msgs__rosidl_typesupport_introspection_c.dir/rosidl_typesupport_introspection_c/franka_msgs/srv/detail/set_tcp_frame__type_support.c.o[0m
[9.390s] [ 59%] [32mBuilding CXX object CMakeFiles/franka_msgs__rosidl_typesupport_fastrtps_cpp.dir/rosidl_typesupport_fastrtps_cpp/franka_msgs/msg/detail/dds_fastrtps/collision_indicators__type_support.cpp.o[0m
[9.398s] [ 60%] [32mBuilding C object CMakeFiles/franka_msgs__rosidl_typesupport_introspection_c.dir/rosidl_typesupport_introspection_c/franka_msgs/srv/detail/set_force_torque_collision_behavior__type_support.c.o[0m
[9.402s] [ 61%] [32m[1mLinking CXX shared library libfranka_msgs__rosidl_typesupport_c.so[0m
[9.441s] [ 61%] [32mBuilding C object CMakeFiles/franka_msgs__rosidl_typesupport_introspection_c.dir/rosidl_typesupport_introspection_c/franka_msgs/srv/detail/set_full_collision_behavior__type_support.c.o[0m
[9.448s] [ 62%] [32mBuilding C object CMakeFiles/franka_msgs__rosidl_typesupport_introspection_c.dir/rosidl_typesupport_introspection_c/franka_msgs/srv/detail/set_joint_stiffness__type_support.c.o[0m
[9.495s] [ 63%] [32mBuilding CXX object CMakeFiles/franka_msgs__rosidl_typesupport_fastrtps_cpp.dir/rosidl_typesupport_fastrtps_cpp/franka_msgs/msg/detail/dds_fastrtps/elbow__type_support.cpp.o[0m
[9.524s] [ 64%] [32mBuilding C object CMakeFiles/franka_msgs__rosidl_typesupport_introspection_c.dir/rosidl_typesupport_introspection_c/franka_msgs/srv/detail/set_stiffness_frame__type_support.c.o[0m
[9.543s] [ 65%] [32mBuilding CXX object CMakeFiles/franka_msgs__rosidl_typesupport_fastrtps_c.dir/rosidl_typesupport_fastrtps_c/franka_msgs/action/detail/grasp__type_support_c.cpp.o[0m
[9.564s] [ 66%] [32mBuilding C object CMakeFiles/franka_msgs__rosidl_typesupport_introspection_c.dir/rosidl_typesupport_introspection_c/franka_msgs/srv/detail/set_load__type_support.c.o[0m
[9.583s] [ 66%] [32mBuilding CXX object CMakeFiles/franka_msgs__rosidl_typesupport_fastrtps_cpp.dir/rosidl_typesupport_fastrtps_cpp/franka_msgs/msg/detail/dds_fastrtps/errors__type_support.cpp.o[0m
[9.604s] [ 66%] Built target franka_msgs__rosidl_typesupport_c
[9.634s] [ 66%] [32mBuilding CXX object CMakeFiles/franka_msgs__rosidl_typesupport_fastrtps_c.dir/rosidl_typesupport_fastrtps_c/franka_msgs/action/detail/homing__type_support_c.cpp.o[0m
[9.670s] [ 67%] [32mBuilding CXX object CMakeFiles/franka_msgs__rosidl_typesupport_fastrtps_c.dir/rosidl_typesupport_fastrtps_c/franka_msgs/action/detail/move__type_support_c.cpp.o[0m
[9.670s] [ 68%] [32mBuilding CXX object CMakeFiles/franka_msgs__rosidl_typesupport_fastrtps_cpp.dir/rosidl_typesupport_fastrtps_cpp/franka_msgs/msg/detail/dds_fastrtps/grasp_epsilon__type_support.cpp.o[0m
[9.696s] [ 69%] [32mBuilding CXX object CMakeFiles/franka_msgs__rosidl_typesupport_fastrtps_c.dir/rosidl_typesupport_fastrtps_c/franka_msgs/msg/detail/collision_indicators__type_support_c.cpp.o[0m
[9.745s] [ 70%] [32mBuilding CXX object CMakeFiles/franka_msgs__rosidl_typesupport_fastrtps_cpp.dir/rosidl_typesupport_fastrtps_cpp/franka_msgs/msg/detail/dds_fastrtps/franka_robot_state__type_support.cpp.o[0m
[9.755s] [ 70%] [32m[1mLinking C shared library libfranka_msgs__rosidl_typesupport_introspection_c.so[0m
[9.789s] [ 70%] [32mBuilding CXX object CMakeFiles/franka_msgs__rosidl_typesupport_fastrtps_cpp.dir/rosidl_typesupport_fastrtps_cpp/franka_msgs/srv/detail/dds_fastrtps/set_cartesian_stiffness__type_support.cpp.o[0m
[9.805s] [ 71%] [32mBuilding CXX object CMakeFiles/franka_msgs__rosidl_typesupport_fastrtps_cpp.dir/rosidl_typesupport_fastrtps_cpp/franka_msgs/srv/detail/dds_fastrtps/set_tcp_frame__type_support.cpp.o[0m
[9.829s] [ 72%] [32m[1mLinking CXX shared library libfranka_msgs__rosidl_typesupport_introspection_cpp.so[0m
[9.875s] [ 72%] Built target franka_msgs__rosidl_typesupport_introspection_c
[9.899s] [ 73%] [32mBuilding CXX object CMakeFiles/franka_msgs__rosidl_typesupport_fastrtps_cpp.dir/rosidl_typesupport_fastrtps_cpp/franka_msgs/srv/detail/dds_fastrtps/set_force_torque_collision_behavior__type_support.cpp.o[0m
[10.157s] [ 73%] Built target franka_msgs__rosidl_typesupport_introspection_cpp
[10.220s] [ 73%] [32mBuilding CXX object CMakeFiles/franka_msgs__rosidl_typesupport_fastrtps_c.dir/rosidl_typesupport_fastrtps_c/franka_msgs/msg/detail/elbow__type_support_c.cpp.o[0m
[10.448s] [ 74%] [32mBuilding CXX object CMakeFiles/franka_msgs__rosidl_typesupport_fastrtps_cpp.dir/rosidl_typesupport_fastrtps_cpp/franka_msgs/srv/detail/dds_fastrtps/set_full_collision_behavior__type_support.cpp.o[0m
[10.550s] [ 74%] [32mBuilding CXX object CMakeFiles/franka_msgs__rosidl_typesupport_fastrtps_cpp.dir/rosidl_typesupport_fastrtps_cpp/franka_msgs/srv/detail/dds_fastrtps/set_joint_stiffness__type_support.cpp.o[0m
[10.593s] [ 75%] [32mBuilding CXX object CMakeFiles/franka_msgs__rosidl_typesupport_fastrtps_cpp.dir/rosidl_typesupport_fastrtps_cpp/franka_msgs/srv/detail/dds_fastrtps/set_stiffness_frame__type_support.cpp.o[0m
[10.618s] [ 76%] [32mBuilding CXX object CMakeFiles/franka_msgs__rosidl_typesupport_fastrtps_cpp.dir/rosidl_typesupport_fastrtps_cpp/franka_msgs/srv/detail/dds_fastrtps/set_load__type_support.cpp.o[0m
[10.718s] [ 77%] [32mBuilding CXX object CMakeFiles/franka_msgs__rosidl_typesupport_fastrtps_c.dir/rosidl_typesupport_fastrtps_c/franka_msgs/msg/detail/errors__type_support_c.cpp.o[0m
[10.730s] [ 78%] [32mBuilding CXX object CMakeFiles/franka_msgs__rosidl_typesupport_fastrtps_c.dir/rosidl_typesupport_fastrtps_c/franka_msgs/msg/detail/grasp_epsilon__type_support_c.cpp.o[0m
[10.750s] [ 78%] [32mBuilding CXX object CMakeFiles/franka_msgs__rosidl_typesupport_fastrtps_c.dir/rosidl_typesupport_fastrtps_c/franka_msgs/msg/detail/franka_robot_state__type_support_c.cpp.o[0m
[10.826s] [ 79%] [32mBuilding CXX object CMakeFiles/franka_msgs__rosidl_typesupport_fastrtps_c.dir/rosidl_typesupport_fastrtps_c/franka_msgs/srv/detail/set_cartesian_stiffness__type_support_c.cpp.o[0m
[10.838s] [ 80%] [32mBuilding CXX object CMakeFiles/franka_msgs__rosidl_typesupport_fastrtps_c.dir/rosidl_typesupport_fastrtps_c/franka_msgs/srv/detail/set_tcp_frame__type_support_c.cpp.o[0m
[10.859s] [ 81%] [32mBuilding CXX object CMakeFiles/franka_msgs__rosidl_typesupport_fastrtps_c.dir/rosidl_typesupport_fastrtps_c/franka_msgs/srv/detail/set_force_torque_collision_behavior__type_support_c.cpp.o[0m
[10.937s] [ 81%] [32mBuilding CXX object CMakeFiles/franka_msgs__rosidl_typesupport_fastrtps_c.dir/rosidl_typesupport_fastrtps_c/franka_msgs/srv/detail/set_full_collision_behavior__type_support_c.cpp.o[0m
[10.942s] [ 82%] [32mBuilding CXX object CMakeFiles/franka_msgs__rosidl_typesupport_fastrtps_c.dir/rosidl_typesupport_fastrtps_c/franka_msgs/srv/detail/set_stiffness_frame__type_support_c.cpp.o[0m
[10.944s] [ 83%] [32mBuilding CXX object CMakeFiles/franka_msgs__rosidl_typesupport_fastrtps_c.dir/rosidl_typesupport_fastrtps_c/franka_msgs/srv/detail/set_joint_stiffness__type_support_c.cpp.o[0m
[10.959s] [ 83%] [32mBuilding CXX object CMakeFiles/franka_msgs__rosidl_typesupport_fastrtps_c.dir/rosidl_typesupport_fastrtps_c/franka_msgs/srv/detail/set_load__type_support_c.cpp.o[0m
[11.634s] [ 83%] [32m[1mLinking CXX shared library libfranka_msgs__rosidl_typesupport_fastrtps_cpp.so[0m
[11.780s] [ 84%] [32m[1mLinking CXX shared library libfranka_msgs__rosidl_typesupport_fastrtps_c.so[0m
[11.790s] [ 84%] Built target franka_msgs__rosidl_typesupport_fastrtps_cpp
[11.896s] [ 84%] Built target franka_msgs__rosidl_typesupport_fastrtps_c
[11.925s] [ 84%] Built target franka_msgs
[11.958s] [ 85%] [34m[1mGenerating Python code for ROS interfaces[0m
[15.668s] [ 85%] Built target franka_msgs__py
[15.704s] [ 86%] [32mBuilding C object CMakeFiles/franka_msgs__rosidl_generator_py.dir/rosidl_generator_py/franka_msgs/action/_homing_s.c.o[0m
[15.705s] [ 87%] [32mBuilding C object CMakeFiles/franka_msgs__rosidl_generator_py.dir/rosidl_generator_py/franka_msgs/action/_grasp_s.c.o[0m
[15.705s] [ 87%] [32mBuilding C object CMakeFiles/franka_msgs__rosidl_generator_py.dir/rosidl_generator_py/franka_msgs/msg/_collision_indicators_s.c.o[0m
[15.707s] [ 90%] [32mBuilding C object CMakeFiles/franka_msgs__rosidl_generator_py.dir/rosidl_generator_py/franka_msgs/srv/_set_cartesian_stiffness_s.c.o[0m
[15.707s] [ 90%] [32mBuilding C object CMakeFiles/franka_msgs__rosidl_generator_py.dir/rosidl_generator_py/franka_msgs/action/_move_s.c.o[0m
[15.707s] [ 90%] [32mBuilding C object CMakeFiles/franka_msgs__rosidl_generator_py.dir/rosidl_generator_py/franka_msgs/msg/_errors_s.c.o[0m
[15.713s] [ 90%] [32mBuilding C object CMakeFiles/franka_msgs__rosidl_generator_py.dir/rosidl_generator_py/franka_msgs/msg/_franka_robot_state_s.c.o[0m
[15.714s] [ 90%] [32mBuilding C object CMakeFiles/franka_msgs__rosidl_generator_py.dir/rosidl_generator_py/franka_msgs/srv/_set_force_torque_collision_behavior_s.c.o[0m
[15.714s] [ 90%] [32mBuilding C object CMakeFiles/franka_msgs__rosidl_generator_py.dir/rosidl_generator_py/franka_msgs/msg/_elbow_s.c.o[0m
[15.716s] [ 91%] [32mBuilding C object CMakeFiles/franka_msgs__rosidl_generator_py.dir/rosidl_generator_py/franka_msgs/msg/_grasp_epsilon_s.c.o[0m
[15.718s] [ 93%] [32mBuilding C object CMakeFiles/franka_msgs__rosidl_generator_py.dir/rosidl_generator_py/franka_msgs/srv/_set_tcp_frame_s.c.o[0m
[15.718s] [ 94%] [32mBuilding C object CMakeFiles/franka_msgs__rosidl_generator_py.dir/rosidl_generator_py/franka_msgs/srv/_set_joint_stiffness_s.c.o[0m
[15.718s] [ 94%] [32mBuilding C object CMakeFiles/franka_msgs__rosidl_generator_py.dir/rosidl_generator_py/franka_msgs/srv/_set_full_collision_behavior_s.c.o[0m
[15.719s] [ 94%] [32mBuilding C object CMakeFiles/franka_msgs__rosidl_generator_py.dir/rosidl_generator_py/franka_msgs/srv/_set_load_s.c.o[0m
[15.720s] [ 95%] [32mBuilding C object CMakeFiles/franka_msgs__rosidl_generator_py.dir/rosidl_generator_py/franka_msgs/srv/_set_stiffness_frame_s.c.o[0m
[16.181s] [ 96%] [32m[1mLinking C shared library rosidl_generator_py/franka_msgs/libfranka_msgs__rosidl_generator_py.so[0m
[16.241s] [ 96%] Built target franka_msgs__rosidl_generator_py
[16.269s] [ 97%] [32mBuilding C object CMakeFiles/franka_msgs__rosidl_typesupport_fastrtps_c__pyext.dir/rosidl_generator_py/franka_msgs/_franka_msgs_s.ep.rosidl_typesupport_fastrtps_c.c.o[0m
[16.269s] [ 98%] [32mBuilding C object CMakeFiles/franka_msgs__rosidl_typesupport_c__pyext.dir/rosidl_generator_py/franka_msgs/_franka_msgs_s.ep.rosidl_typesupport_c.c.o[0m
[16.270s] [ 99%] [32mBuilding C object CMakeFiles/franka_msgs__rosidl_typesupport_introspection_c__pyext.dir/rosidl_generator_py/franka_msgs/_franka_msgs_s.ep.rosidl_typesupport_introspection_c.c.o[0m
[16.803s] [ 99%] [32m[1mLinking C shared library rosidl_generator_py/franka_msgs/franka_msgs_s__rosidl_typesupport_fastrtps_c.cpython-310-x86_64-linux-gnu.so[0m
[16.866s] [ 99%] Built target franka_msgs__rosidl_typesupport_fastrtps_c__pyext
[16.957s] [ 99%] [32m[1mLinking C shared library rosidl_generator_py/franka_msgs/franka_msgs_s__rosidl_typesupport_c.cpython-310-x86_64-linux-gnu.so[0m
[16.993s] [100%] [32m[1mLinking C shared library rosidl_generator_py/franka_msgs/franka_msgs_s__rosidl_typesupport_introspection_c.cpython-310-x86_64-linux-gnu.so[0m
[17.019s] [100%] Built target franka_msgs__rosidl_typesupport_c__pyext
[17.051s] [100%] Built target franka_msgs__rosidl_typesupport_introspection_c__pyext
[17.070s] Invoked command in '/home/simi/franka_ros2_ws/build/franka_msgs' returned '0': CMAKE_PREFIX_PATH=/opt/ros/humble /usr/bin/cmake --build /home/simi/franka_ros2_ws/build/franka_msgs -- -j16 -l16
[17.590s] Invoking command in '/home/simi/franka_ros2_ws/build/franka_msgs': CMAKE_PREFIX_PATH=/opt/ros/humble /usr/bin/cmake --install /home/simi/franka_ros2_ws/build/franka_msgs
[17.602s] -- Install configuration: "Release"
[17.602s] -- Installing: /home/simi/franka_ros2_ws/install/franka_msgs/share/ament_index/resource_index/rosidl_interfaces/franka_msgs
[17.602s] -- Installing: /home/simi/franka_ros2_ws/install/franka_msgs/include/franka_msgs/franka_msgs
[17.602s] -- Installing: /home/simi/franka_ros2_ws/install/franka_msgs/include/franka_msgs/franka_msgs/srv
[17.602s] -- Installing: /home/simi/franka_ros2_ws/install/franka_msgs/include/franka_msgs/franka_msgs/srv/detail
[17.603s] -- Installing: /home/simi/franka_ros2_ws/install/franka_msgs/include/franka_msgs/franka_msgs/srv/detail/set_stiffness_frame__struct.h
[17.603s] -- Installing: /home/simi/franka_ros2_ws/install/franka_msgs/include/franka_msgs/franka_msgs/srv/detail/set_load__functions.c
[17.603s] -- Installing: /home/simi/franka_ros2_ws/install/franka_msgs/include/franka_msgs/franka_msgs/srv/detail/set_tcp_frame__functions.h
[17.603s] -- Installing: /home/simi/franka_ros2_ws/install/franka_msgs/include/franka_msgs/franka_msgs/srv/detail/set_cartesian_stiffness__type_support.h
[17.603s] -- Installing: /home/simi/franka_ros2_ws/install/franka_msgs/include/franka_msgs/franka_msgs/srv/detail/set_full_collision_behavior__functions.c
[17.603s] -- Installing: /home/simi/franka_ros2_ws/install/franka_msgs/include/franka_msgs/franka_msgs/srv/detail/set_full_collision_behavior__struct.h
[17.603s] -- Installing: /home/simi/franka_ros2_ws/install/franka_msgs/include/franka_msgs/franka_msgs/srv/detail/set_joint_stiffness__functions.c
[17.603s] -- Installing: /home/simi/franka_ros2_ws/install/franka_msgs/include/franka_msgs/franka_msgs/srv/detail/set_full_collision_behavior__type_support.h
[17.604s] -- Installing: /home/simi/franka_ros2_ws/install/franka_msgs/include/franka_msgs/franka_msgs/srv/detail/set_joint_stiffness__type_support.h
[17.604s] -- Installing: /home/simi/franka_ros2_ws/install/franka_msgs/include/franka_msgs/franka_msgs/srv/detail/set_joint_stiffness__functions.h
[17.604s] -- Installing: /home/simi/franka_ros2_ws/install/franka_msgs/include/franka_msgs/franka_msgs/srv/detail/set_stiffness_frame__functions.c
[17.604s] -- Installing: /home/simi/franka_ros2_ws/install/franka_msgs/include/franka_msgs/franka_msgs/srv/detail/set_load__functions.h
[17.604s] -- Installing: /home/simi/franka_ros2_ws/install/franka_msgs/include/franka_msgs/franka_msgs/srv/detail/set_force_torque_collision_behavior__functions.h
[17.604s] -- Installing: /home/simi/franka_ros2_ws/install/franka_msgs/include/franka_msgs/franka_msgs/srv/detail/set_force_torque_collision_behavior__struct.h
[17.604s] -- Installing: /home/simi/franka_ros2_ws/install/franka_msgs/include/franka_msgs/franka_msgs/srv/detail/set_force_torque_collision_behavior__functions.c
[17.605s] -- Installing: /home/simi/franka_ros2_ws/install/franka_msgs/include/franka_msgs/franka_msgs/srv/detail/set_joint_stiffness__struct.h
[17.605s] -- Installing: /home/simi/franka_ros2_ws/install/franka_msgs/include/franka_msgs/franka_msgs/srv/detail/set_tcp_frame__type_support.h
[17.605s] -- Installing: /home/simi/franka_ros2_ws/install/franka_msgs/include/franka_msgs/franka_msgs/srv/detail/set_cartesian_stiffness__functions.c
[17.605s] -- Installing: /home/simi/franka_ros2_ws/install/franka_msgs/include/franka_msgs/franka_msgs/srv/detail/set_full_collision_behavior__functions.h
[17.605s] -- Installing: /home/simi/franka_ros2_ws/install/franka_msgs/include/franka_msgs/franka_msgs/srv/detail/set_stiffness_frame__type_support.h
[17.605s] -- Installing: /home/simi/franka_ros2_ws/install/franka_msgs/include/franka_msgs/franka_msgs/srv/detail/set_cartesian_stiffness__struct.h
[17.605s] -- Installing: /home/simi/franka_ros2_ws/install/franka_msgs/include/franka_msgs/franka_msgs/srv/detail/set_force_torque_collision_behavior__type_support.h
[17.605s] -- Installing: /home/simi/franka_ros2_ws/install/franka_msgs/include/franka_msgs/franka_msgs/srv/detail/set_load__struct.h
[17.606s] -- Installing: /home/simi/franka_ros2_ws/install/franka_msgs/include/franka_msgs/franka_msgs/srv/detail/set_stiffness_frame__functions.h
[17.606s] -- Installing: /home/simi/franka_ros2_ws/install/franka_msgs/include/franka_msgs/franka_msgs/srv/detail/set_tcp_frame__struct.h
[17.606s] -- Installing: /home/simi/franka_ros2_ws/install/franka_msgs/include/franka_msgs/franka_msgs/srv/detail/set_load__type_support.h
[17.606s] -- Installing: /home/simi/franka_ros2_ws/install/franka_msgs/include/franka_msgs/franka_msgs/srv/detail/set_tcp_frame__functions.c
[17.606s] -- Installing: /home/simi/franka_ros2_ws/install/franka_msgs/include/franka_msgs/franka_msgs/srv/detail/set_cartesian_stiffness__functions.h
[17.606s] -- Installing: /home/simi/franka_ros2_ws/install/franka_msgs/include/franka_msgs/franka_msgs/srv/set_stiffness_frame.h
[17.606s] -- Installing: /home/simi/franka_ros2_ws/install/franka_msgs/include/franka_msgs/franka_msgs/srv/set_force_torque_collision_behavior.h
[17.606s] -- Installing: /home/simi/franka_ros2_ws/install/franka_msgs/include/franka_msgs/franka_msgs/srv/set_cartesian_stiffness.h
[17.607s] -- Installing: /home/simi/franka_ros2_ws/install/franka_msgs/include/franka_msgs/franka_msgs/srv/set_full_collision_behavior.h
[17.607s] -- Installing: /home/simi/franka_ros2_ws/install/franka_msgs/include/franka_msgs/franka_msgs/srv/set_tcp_frame.h
[17.607s] -- Installing: /home/simi/franka_ros2_ws/install/franka_msgs/include/franka_msgs/franka_msgs/srv/set_joint_stiffness.h
[17.607s] -- Installing: /home/simi/franka_ros2_ws/install/franka_msgs/include/franka_msgs/franka_msgs/srv/set_load.h
[17.607s] -- Installing: /home/simi/franka_ros2_ws/install/franka_msgs/include/franka_msgs/franka_msgs/msg
[17.607s] -- Installing: /home/simi/franka_ros2_ws/install/franka_msgs/include/franka_msgs/franka_msgs/msg/errors.h
[17.607s] -- Installing: /home/simi/franka_ros2_ws/install/franka_msgs/include/franka_msgs/franka_msgs/msg/detail
[17.607s] -- Installing: /home/simi/franka_ros2_ws/install/franka_msgs/include/franka_msgs/franka_msgs/msg/detail/franka_robot_state__functions.h
[17.608s] -- Installing: /home/simi/franka_ros2_ws/install/franka_msgs/include/franka_msgs/franka_msgs/msg/detail/grasp_epsilon__type_support.h
[17.608s] -- Installing: /home/simi/franka_ros2_ws/install/franka_msgs/include/franka_msgs/franka_msgs/msg/detail/collision_indicators__type_support.h
[17.608s] -- Installing: /home/simi/franka_ros2_ws/install/franka_msgs/include/franka_msgs/franka_msgs/msg/detail/errors__type_support.h
[17.608s] -- Installing: /home/simi/franka_ros2_ws/install/franka_msgs/include/franka_msgs/franka_msgs/msg/detail/elbow__functions.c
[17.608s] -- Installing: /home/simi/franka_ros2_ws/install/franka_msgs/include/franka_msgs/franka_msgs/msg/detail/errors__functions.c
[17.608s] -- Installing: /home/simi/franka_ros2_ws/install/franka_msgs/include/franka_msgs/franka_msgs/msg/detail/collision_indicators__functions.c
[17.609s] -- Installing: /home/simi/franka_ros2_ws/install/franka_msgs/include/franka_msgs/franka_msgs/msg/detail/errors__functions.h
[17.609s] -- Installing: /home/simi/franka_ros2_ws/install/franka_msgs/include/franka_msgs/franka_msgs/msg/detail/elbow__type_support.h
[17.609s] -- Installing: /home/simi/franka_ros2_ws/install/franka_msgs/include/franka_msgs/franka_msgs/msg/detail/grasp_epsilon__struct.h
[17.609s] -- Installing: /home/simi/franka_ros2_ws/install/franka_msgs/include/franka_msgs/franka_msgs/msg/detail/franka_robot_state__type_support.h
[17.609s] -- Installing: /home/simi/franka_ros2_ws/install/franka_msgs/include/franka_msgs/franka_msgs/msg/detail/elbow__struct.h
[17.609s] -- Installing: /home/simi/franka_ros2_ws/install/franka_msgs/include/franka_msgs/franka_msgs/msg/detail/grasp_epsilon__functions.h
[17.609s] -- Installing: /home/simi/franka_ros2_ws/install/franka_msgs/include/franka_msgs/franka_msgs/msg/detail/franka_robot_state__functions.c
[17.609s] -- Installing: /home/simi/franka_ros2_ws/install/franka_msgs/include/franka_msgs/franka_msgs/msg/detail/collision_indicators__struct.h
[17.610s] -- Installing: /home/simi/franka_ros2_ws/install/franka_msgs/include/franka_msgs/franka_msgs/msg/detail/franka_robot_state__struct.h
[17.610s] -- Installing: /home/simi/franka_ros2_ws/install/franka_msgs/include/franka_msgs/franka_msgs/msg/detail/errors__struct.h
[17.610s] -- Installing: /home/simi/franka_ros2_ws/install/franka_msgs/include/franka_msgs/franka_msgs/msg/detail/collision_indicators__functions.h
[17.610s] -- Installing: /home/simi/franka_ros2_ws/install/franka_msgs/include/franka_msgs/franka_msgs/msg/detail/elbow__functions.h
[17.610s] -- Installing: /home/simi/franka_ros2_ws/install/franka_msgs/include/franka_msgs/franka_msgs/msg/detail/grasp_epsilon__functions.c
[17.610s] -- Installing: /home/simi/franka_ros2_ws/install/franka_msgs/include/franka_msgs/franka_msgs/msg/elbow.h
[17.610s] -- Installing: /home/simi/franka_ros2_ws/install/franka_msgs/include/franka_msgs/franka_msgs/msg/collision_indicators.h
[17.611s] -- Installing: /home/simi/franka_ros2_ws/install/franka_msgs/include/franka_msgs/franka_msgs/msg/franka_robot_state.h
[17.611s] -- Installing: /home/simi/franka_ros2_ws/install/franka_msgs/include/franka_msgs/franka_msgs/msg/grasp_epsilon.h
[17.611s] -- Installing: /home/simi/franka_ros2_ws/install/franka_msgs/include/franka_msgs/franka_msgs/msg/rosidl_generator_c__visibility_control.h
[17.611s] -- Installing: /home/simi/franka_ros2_ws/install/franka_msgs/include/franka_msgs/franka_msgs/action
[17.611s] -- Installing: /home/simi/franka_ros2_ws/install/franka_msgs/include/franka_msgs/franka_msgs/action/detail
[17.611s] -- Installing: /home/simi/franka_ros2_ws/install/franka_msgs/include/franka_msgs/franka_msgs/action/detail/grasp__functions.c
[17.611s] -- Installing: /home/simi/franka_ros2_ws/install/franka_msgs/include/franka_msgs/franka_msgs/action/detail/grasp__struct.h
[17.611s] -- Installing: /home/simi/franka_ros2_ws/install/franka_msgs/include/franka_msgs/franka_msgs/action/detail/move__struct.h
[17.612s] -- Installing: /home/simi/franka_ros2_ws/install/franka_msgs/include/franka_msgs/franka_msgs/action/detail/homing__type_support.h
[17.612s] -- Installing: /home/simi/franka_ros2_ws/install/franka_msgs/include/franka_msgs/franka_msgs/action/detail/homing__struct.h
[17.612s] -- Installing: /home/simi/franka_ros2_ws/install/franka_msgs/include/franka_msgs/franka_msgs/action/detail/grasp__functions.h
[17.612s] -- Installing: /home/simi/franka_ros2_ws/install/franka_msgs/include/franka_msgs/franka_msgs/action/detail/move__functions.c
[17.612s] -- Installing: /home/simi/franka_ros2_ws/install/franka_msgs/include/franka_msgs/franka_msgs/action/detail/move__type_support.h
[17.613s] -- Installing: /home/simi/franka_ros2_ws/install/franka_msgs/include/franka_msgs/franka_msgs/action/detail/homing__functions.h
[17.613s] -- Installing: /home/simi/franka_ros2_ws/install/franka_msgs/include/franka_msgs/franka_msgs/action/detail/homing__functions.c
[17.613s] -- Installing: /home/simi/franka_ros2_ws/install/franka_msgs/include/franka_msgs/franka_msgs/action/detail/move__functions.h
[17.613s] -- Installing: /home/simi/franka_ros2_ws/install/franka_msgs/include/franka_msgs/franka_msgs/action/detail/grasp__type_support.h
[17.613s] -- Installing: /home/simi/franka_ros2_ws/install/franka_msgs/include/franka_msgs/franka_msgs/action/move.h
[17.613s] -- Installing: /home/simi/franka_ros2_ws/install/franka_msgs/include/franka_msgs/franka_msgs/action/homing.h
[17.613s] -- Installing: /home/simi/franka_ros2_ws/install/franka_msgs/include/franka_msgs/franka_msgs/action/grasp.h
[17.614s] -- Installing: /home/simi/franka_ros2_ws/install/franka_msgs/share/franka_msgs/environment/library_path.sh
[17.614s] -- Installing: /home/simi/franka_ros2_ws/install/franka_msgs/share/franka_msgs/environment/library_path.dsv
[17.614s] -- Installing: /home/simi/franka_ros2_ws/install/franka_msgs/lib/libfranka_msgs__rosidl_generator_c.so
[17.615s] -- Set runtime path of "/home/simi/franka_ros2_ws/install/franka_msgs/lib/libfranka_msgs__rosidl_generator_c.so" to ""
[17.615s] -- Up-to-date: /home/simi/franka_ros2_ws/install/franka_msgs/include/franka_msgs/franka_msgs
[17.615s] -- Up-to-date: /home/simi/franka_ros2_ws/install/franka_msgs/include/franka_msgs/franka_msgs/srv
[17.615s] -- Up-to-date: /home/simi/franka_ros2_ws/install/franka_msgs/include/franka_msgs/franka_msgs/srv/detail
[17.615s] -- Installing: /home/simi/franka_ros2_ws/install/franka_msgs/include/franka_msgs/franka_msgs/srv/detail/set_stiffness_frame__rosidl_typesupport_fastrtps_c.h
[17.615s] -- Installing: /home/simi/franka_ros2_ws/install/franka_msgs/include/franka_msgs/franka_msgs/srv/detail/set_load__rosidl_typesupport_fastrtps_c.h
[17.615s] -- Installing: /home/simi/franka_ros2_ws/install/franka_msgs/include/franka_msgs/franka_msgs/srv/detail/set_force_torque_collision_behavior__rosidl_typesupport_fastrtps_c.h
[17.615s] -- Installing: /home/simi/franka_ros2_ws/install/franka_msgs/include/franka_msgs/franka_msgs/srv/detail/set_cartesian_stiffness__rosidl_typesupport_fastrtps_c.h
[17.616s] -- Installing: /home/simi/franka_ros2_ws/install/franka_msgs/include/franka_msgs/franka_msgs/srv/detail/set_tcp_frame__rosidl_typesupport_fastrtps_c.h
[17.616s] -- Installing: /home/simi/franka_ros2_ws/install/franka_msgs/include/franka_msgs/franka_msgs/srv/detail/set_joint_stiffness__rosidl_typesupport_fastrtps_c.h
[17.616s] -- Installing: /home/simi/franka_ros2_ws/install/franka_msgs/include/franka_msgs/franka_msgs/srv/detail/set_full_collision_behavior__rosidl_typesupport_fastrtps_c.h
[17.616s] -- Up-to-date: /home/simi/franka_ros2_ws/install/franka_msgs/include/franka_msgs/franka_msgs/msg
[17.616s] -- Up-to-date: /home/simi/franka_ros2_ws/install/franka_msgs/include/franka_msgs/franka_msgs/msg/detail
[17.616s] -- Installing: /home/simi/franka_ros2_ws/install/franka_msgs/include/franka_msgs/franka_msgs/msg/detail/errors__rosidl_typesupport_fastrtps_c.h
[17.616s] -- Installing: /home/simi/franka_ros2_ws/install/franka_msgs/include/franka_msgs/franka_msgs/msg/detail/collision_indicators__rosidl_typesupport_fastrtps_c.h
[17.616s] -- Installing: /home/simi/franka_ros2_ws/install/franka_msgs/include/franka_msgs/franka_msgs/msg/detail/elbow__rosidl_typesupport_fastrtps_c.h
[17.616s] -- Installing: /home/simi/franka_ros2_ws/install/franka_msgs/include/franka_msgs/franka_msgs/msg/detail/grasp_epsilon__rosidl_typesupport_fastrtps_c.h
[17.617s] -- Installing: /home/simi/franka_ros2_ws/install/franka_msgs/include/franka_msgs/franka_msgs/msg/detail/franka_robot_state__rosidl_typesupport_fastrtps_c.h
[17.617s] -- Installing: /home/simi/franka_ros2_ws/install/franka_msgs/include/franka_msgs/franka_msgs/msg/rosidl_typesupport_fastrtps_c__visibility_control.h
[17.617s] -- Up-to-date: /home/simi/franka_ros2_ws/install/franka_msgs/include/franka_msgs/franka_msgs/action
[17.617s] -- Up-to-date: /home/simi/franka_ros2_ws/install/franka_msgs/include/franka_msgs/franka_msgs/action/detail
[17.617s] -- Installing: /home/simi/franka_ros2_ws/install/franka_msgs/include/franka_msgs/franka_msgs/action/detail/homing__rosidl_typesupport_fastrtps_c.h
[17.617s] -- Installing: /home/simi/franka_ros2_ws/install/franka_msgs/include/franka_msgs/franka_msgs/action/detail/move__rosidl_typesupport_fastrtps_c.h
[17.617s] -- Installing: /home/simi/franka_ros2_ws/install/franka_msgs/include/franka_msgs/franka_msgs/action/detail/grasp__rosidl_typesupport_fastrtps_c.h
[17.617s] -- Installing: /home/simi/franka_ros2_ws/install/franka_msgs/lib/libfranka_msgs__rosidl_typesupport_fastrtps_c.so
[17.618s] -- Set runtime path of "/home/simi/franka_ros2_ws/install/franka_msgs/lib/libfranka_msgs__rosidl_typesupport_fastrtps_c.so" to ""
[17.618s] -- Up-to-date: /home/simi/franka_ros2_ws/install/franka_msgs/include/franka_msgs/franka_msgs
[17.618s] -- Up-to-date: /home/simi/franka_ros2_ws/install/franka_msgs/include/franka_msgs/franka_msgs/srv
[17.618s] -- Up-to-date: /home/simi/franka_ros2_ws/install/franka_msgs/include/franka_msgs/franka_msgs/srv/detail
[17.618s] -- Installing: /home/simi/franka_ros2_ws/install/franka_msgs/include/franka_msgs/franka_msgs/srv/detail/set_force_torque_collision_behavior__rosidl_typesupport_introspection_c.h
[17.618s] -- Installing: /home/simi/franka_ros2_ws/install/franka_msgs/include/franka_msgs/franka_msgs/srv/detail/set_load__type_support.c
[17.619s] -- Installing: /home/simi/franka_ros2_ws/install/franka_msgs/include/franka_msgs/franka_msgs/srv/detail/set_force_torque_collision_behavior__type_support.c
[17.619s] -- Installing: /home/simi/franka_ros2_ws/install/franka_msgs/include/franka_msgs/franka_msgs/srv/detail/set_tcp_frame__rosidl_typesupport_introspection_c.h
[17.619s] -- Installing: /home/simi/franka_ros2_ws/install/franka_msgs/include/franka_msgs/franka_msgs/srv/detail/set_joint_stiffness__type_support.c
[17.619s] -- Installing: /home/simi/franka_ros2_ws/install/franka_msgs/include/franka_msgs/franka_msgs/srv/detail/set_stiffness_frame__type_support.c
[17.619s] -- Installing: /home/simi/franka_ros2_ws/install/franka_msgs/include/franka_msgs/franka_msgs/srv/detail/set_joint_stiffness__rosidl_typesupport_introspection_c.h
[17.619s] -- Installing: /home/simi/franka_ros2_ws/install/franka_msgs/include/franka_msgs/franka_msgs/srv/detail/set_tcp_frame__type_support.c
[17.620s] -- Installing: /home/simi/franka_ros2_ws/install/franka_msgs/include/franka_msgs/franka_msgs/srv/detail/set_cartesian_stiffness__rosidl_typesupport_introspection_c.h
[17.620s] -- Installing: /home/simi/franka_ros2_ws/install/franka_msgs/include/franka_msgs/franka_msgs/srv/detail/set_full_collision_behavior__type_support.c
[17.620s] -- Installing: /home/simi/franka_ros2_ws/install/franka_msgs/include/franka_msgs/franka_msgs/srv/detail/set_cartesian_stiffness__type_support.c
[17.620s] -- Installing: /home/simi/franka_ros2_ws/install/franka_msgs/include/franka_msgs/franka_msgs/srv/detail/set_load__rosidl_typesupport_introspection_c.h
[17.620s] -- Installing: /home/simi/franka_ros2_ws/install/franka_msgs/include/franka_msgs/franka_msgs/srv/detail/set_full_collision_behavior__rosidl_typesupport_introspection_c.h
[17.620s] -- Installing: /home/simi/franka_ros2_ws/install/franka_msgs/include/franka_msgs/franka_msgs/srv/detail/set_stiffness_frame__rosidl_typesupport_introspection_c.h
[17.621s] -- Up-to-date: /home/simi/franka_ros2_ws/install/franka_msgs/include/franka_msgs/franka_msgs/msg
[17.621s] -- Up-to-date: /home/simi/franka_ros2_ws/install/franka_msgs/include/franka_msgs/franka_msgs/msg/detail
[17.621s] -- Installing: /home/simi/franka_ros2_ws/install/franka_msgs/include/franka_msgs/franka_msgs/msg/detail/franka_robot_state__rosidl_typesupport_introspection_c.h
[17.621s] -- Installing: /home/simi/franka_ros2_ws/install/franka_msgs/include/franka_msgs/franka_msgs/msg/detail/errors__type_support.c
[17.621s] -- Installing: /home/simi/franka_ros2_ws/install/franka_msgs/include/franka_msgs/franka_msgs/msg/detail/errors__rosidl_typesupport_introspection_c.h
[17.621s] -- Installing: /home/simi/franka_ros2_ws/install/franka_msgs/include/franka_msgs/franka_msgs/msg/detail/elbow__type_support.c
[17.621s] -- Installing: /home/simi/franka_ros2_ws/install/franka_msgs/include/franka_msgs/franka_msgs/msg/detail/franka_robot_state__type_support.c
[17.621s] -- Installing: /home/simi/franka_ros2_ws/install/franka_msgs/include/franka_msgs/franka_msgs/msg/detail/collision_indicators__rosidl_typesupport_introspection_c.h
[17.622s] -- Installing: /home/simi/franka_ros2_ws/install/franka_msgs/include/franka_msgs/franka_msgs/msg/detail/grasp_epsilon__type_support.c
[17.622s] -- Installing: /home/simi/franka_ros2_ws/install/franka_msgs/include/franka_msgs/franka_msgs/msg/detail/elbow__rosidl_typesupport_introspection_c.h
[17.622s] -- Installing: /home/simi/franka_ros2_ws/install/franka_msgs/include/franka_msgs/franka_msgs/msg/detail/grasp_epsilon__rosidl_typesupport_introspection_c.h
[17.622s] -- Installing: /home/simi/franka_ros2_ws/install/franka_msgs/include/franka_msgs/franka_msgs/msg/detail/collision_indicators__type_support.c
[17.622s] -- Installing: /home/simi/franka_ros2_ws/install/franka_msgs/include/franka_msgs/franka_msgs/msg/rosidl_typesupport_introspection_c__visibility_control.h
[17.622s] -- Up-to-date: /home/simi/franka_ros2_ws/install/franka_msgs/include/franka_msgs/franka_msgs/action
[17.622s] -- Up-to-date: /home/simi/franka_ros2_ws/install/franka_msgs/include/franka_msgs/franka_msgs/action/detail
[17.622s] -- Installing: /home/simi/franka_ros2_ws/install/franka_msgs/include/franka_msgs/franka_msgs/action/detail/homing__type_support.c
[17.623s] -- Installing: /home/simi/franka_ros2_ws/install/franka_msgs/include/franka_msgs/franka_msgs/action/detail/move__rosidl_typesupport_introspection_c.h
[17.623s] -- Installing: /home/simi/franka_ros2_ws/install/franka_msgs/include/franka_msgs/franka_msgs/action/detail/move__type_support.c
[17.623s] -- Installing: /home/simi/franka_ros2_ws/install/franka_msgs/include/franka_msgs/franka_msgs/action/detail/homing__rosidl_typesupport_introspection_c.h
[17.623s] -- Installing: /home/simi/franka_ros2_ws/install/franka_msgs/include/franka_msgs/franka_msgs/action/detail/grasp__type_support.c
[17.623s] -- Installing: /home/simi/franka_ros2_ws/install/franka_msgs/include/franka_msgs/franka_msgs/action/detail/grasp__rosidl_typesupport_introspection_c.h
[17.624s] -- Installing: /home/simi/franka_ros2_ws/install/franka_msgs/lib/libfranka_msgs__rosidl_typesupport_introspection_c.so
[17.624s] -- Set runtime path of "/home/simi/franka_ros2_ws/install/franka_msgs/lib/libfranka_msgs__rosidl_typesupport_introspection_c.so" to ""
[17.624s] -- Installing: /home/simi/franka_ros2_ws/install/franka_msgs/lib/libfranka_msgs__rosidl_typesupport_c.so
[17.625s] -- Set runtime path of "/home/simi/franka_ros2_ws/install/franka_msgs/lib/libfranka_msgs__rosidl_typesupport_c.so" to ""
[17.625s] -- Up-to-date: /home/simi/franka_ros2_ws/install/franka_msgs/include/franka_msgs/franka_msgs
[17.625s] -- Up-to-date: /home/simi/franka_ros2_ws/install/franka_msgs/include/franka_msgs/franka_msgs/srv
[17.625s] -- Up-to-date: /home/simi/franka_ros2_ws/install/franka_msgs/include/franka_msgs/franka_msgs/srv/detail
[17.625s] -- Installing: /home/simi/franka_ros2_ws/install/franka_msgs/include/franka_msgs/franka_msgs/srv/detail/set_tcp_frame__struct.hpp
[17.625s] -- Installing: /home/simi/franka_ros2_ws/install/franka_msgs/include/franka_msgs/franka_msgs/srv/detail/set_full_collision_behavior__struct.hpp
[17.625s] -- Installing: /home/simi/franka_ros2_ws/install/franka_msgs/include/franka_msgs/franka_msgs/srv/detail/set_force_torque_collision_behavior__struct.hpp
[17.625s] -- Installing: /home/simi/franka_ros2_ws/install/franka_msgs/include/franka_msgs/franka_msgs/srv/detail/set_load__builder.hpp
[17.626s] -- Installing: /home/simi/franka_ros2_ws/install/franka_msgs/include/franka_msgs/franka_msgs/srv/detail/set_cartesian_stiffness__builder.hpp
[17.626s] -- Installing: /home/simi/franka_ros2_ws/install/franka_msgs/include/franka_msgs/franka_msgs/srv/detail/set_tcp_frame__builder.hpp
[17.626s] -- Installing: /home/simi/franka_ros2_ws/install/franka_msgs/include/franka_msgs/franka_msgs/srv/detail/set_stiffness_frame__struct.hpp
[17.626s] -- Installing: /home/simi/franka_ros2_ws/install/franka_msgs/include/franka_msgs/franka_msgs/srv/detail/set_stiffness_frame__builder.hpp
[17.626s] -- Installing: /home/simi/franka_ros2_ws/install/franka_msgs/include/franka_msgs/franka_msgs/srv/detail/set_joint_stiffness__builder.hpp
[17.626s] -- Installing: /home/simi/franka_ros2_ws/install/franka_msgs/include/franka_msgs/franka_msgs/srv/detail/set_cartesian_stiffness__traits.hpp
[17.627s] -- Installing: /home/simi/franka_ros2_ws/install/franka_msgs/include/franka_msgs/franka_msgs/srv/detail/set_stiffness_frame__traits.hpp
[17.627s] -- Installing: /home/simi/franka_ros2_ws/install/franka_msgs/include/franka_msgs/franka_msgs/srv/detail/set_full_collision_behavior__traits.hpp
[17.627s] -- Installing: /home/simi/franka_ros2_ws/install/franka_msgs/include/franka_msgs/franka_msgs/srv/detail/set_force_torque_collision_behavior__builder.hpp
[17.627s] -- Installing: /home/simi/franka_ros2_ws/install/franka_msgs/include/franka_msgs/franka_msgs/srv/detail/set_load__struct.hpp
[17.627s] -- Installing: /home/simi/franka_ros2_ws/install/franka_msgs/include/franka_msgs/franka_msgs/srv/detail/set_force_torque_collision_behavior__traits.hpp
[17.627s] -- Installing: /home/simi/franka_ros2_ws/install/franka_msgs/include/franka_msgs/franka_msgs/srv/detail/set_load__traits.hpp
[17.628s] -- Installing: /home/simi/franka_ros2_ws/install/franka_msgs/include/franka_msgs/franka_msgs/srv/detail/set_tcp_frame__traits.hpp
[17.628s] -- Installing: /home/simi/franka_ros2_ws/install/franka_msgs/include/franka_msgs/franka_msgs/srv/detail/set_joint_stiffness__traits.hpp
[17.628s] -- Installing: /home/simi/franka_ros2_ws/install/franka_msgs/include/franka_msgs/franka_msgs/srv/detail/set_full_collision_behavior__builder.hpp
[17.628s] -- Installing: /home/simi/franka_ros2_ws/install/franka_msgs/include/franka_msgs/franka_msgs/srv/detail/set_cartesian_stiffness__struct.hpp
[17.628s] -- Installing: /home/simi/franka_ros2_ws/install/franka_msgs/include/franka_msgs/franka_msgs/srv/detail/set_joint_stiffness__struct.hpp
[17.628s] -- Installing: /home/simi/franka_ros2_ws/install/franka_msgs/include/franka_msgs/franka_msgs/srv/set_force_torque_collision_behavior.hpp
[17.628s] -- Installing: /home/simi/franka_ros2_ws/install/franka_msgs/include/franka_msgs/franka_msgs/srv/set_load.hpp
[17.629s] -- Installing: /home/simi/franka_ros2_ws/install/franka_msgs/include/franka_msgs/franka_msgs/srv/set_joint_stiffness.hpp
[17.629s] -- Installing: /home/simi/franka_ros2_ws/install/franka_msgs/include/franka_msgs/franka_msgs/srv/set_cartesian_stiffness.hpp
[17.629s] -- Installing: /home/simi/franka_ros2_ws/install/franka_msgs/include/franka_msgs/franka_msgs/srv/set_tcp_frame.hpp
[17.629s] -- Installing: /home/simi/franka_ros2_ws/install/franka_msgs/include/franka_msgs/franka_msgs/srv/set_stiffness_frame.hpp
[17.629s] -- Installing: /home/simi/franka_ros2_ws/install/franka_msgs/include/franka_msgs/franka_msgs/srv/set_full_collision_behavior.hpp
[17.629s] -- Up-to-date: /home/simi/franka_ros2_ws/install/franka_msgs/include/franka_msgs/franka_msgs/msg
[17.629s] -- Up-to-date: /home/simi/franka_ros2_ws/install/franka_msgs/include/franka_msgs/franka_msgs/msg/detail
[17.629s] -- Installing: /home/simi/franka_ros2_ws/install/franka_msgs/include/franka_msgs/franka_msgs/msg/detail/errors__traits.hpp
[17.630s] -- Installing: /home/simi/franka_ros2_ws/install/franka_msgs/include/franka_msgs/franka_msgs/msg/detail/grasp_epsilon__builder.hpp
[17.630s] -- Installing: /home/simi/franka_ros2_ws/install/franka_msgs/include/franka_msgs/franka_msgs/msg/detail/errors__struct.hpp
[17.630s] -- Installing: /home/simi/franka_ros2_ws/install/franka_msgs/include/franka_msgs/franka_msgs/msg/detail/collision_indicators__struct.hpp
[17.630s] -- Installing: /home/simi/franka_ros2_ws/install/franka_msgs/include/franka_msgs/franka_msgs/msg/detail/franka_robot_state__builder.hpp
[17.630s] -- Installing: /home/simi/franka_ros2_ws/install/franka_msgs/include/franka_msgs/franka_msgs/msg/detail/elbow__builder.hpp
[17.630s] -- Installing: /home/simi/franka_ros2_ws/install/franka_msgs/include/franka_msgs/franka_msgs/msg/detail/elbow__struct.hpp
[17.630s] -- Installing: /home/simi/franka_ros2_ws/install/franka_msgs/include/franka_msgs/franka_msgs/msg/detail/grasp_epsilon__struct.hpp
[17.631s] -- Installing: /home/simi/franka_ros2_ws/install/franka_msgs/include/franka_msgs/franka_msgs/msg/detail/collision_indicators__builder.hpp
[17.631s] -- Installing: /home/simi/franka_ros2_ws/install/franka_msgs/include/franka_msgs/franka_msgs/msg/detail/franka_robot_state__traits.hpp
[17.631s] -- Installing: /home/simi/franka_ros2_ws/install/franka_msgs/include/franka_msgs/franka_msgs/msg/detail/franka_robot_state__struct.hpp
[17.631s] -- Installing: /home/simi/franka_ros2_ws/install/franka_msgs/include/franka_msgs/franka_msgs/msg/detail/grasp_epsilon__traits.hpp
[17.631s] -- Installing: /home/simi/franka_ros2_ws/install/franka_msgs/include/franka_msgs/franka_msgs/msg/detail/elbow__traits.hpp
[17.631s] -- Installing: /home/simi/franka_ros2_ws/install/franka_msgs/include/franka_msgs/franka_msgs/msg/detail/collision_indicators__traits.hpp
[17.632s] -- Installing: /home/simi/franka_ros2_ws/install/franka_msgs/include/franka_msgs/franka_msgs/msg/detail/errors__builder.hpp
[17.632s] -- Installing: /home/simi/franka_ros2_ws/install/franka_msgs/include/franka_msgs/franka_msgs/msg/errors.hpp
[17.632s] -- Installing: /home/simi/franka_ros2_ws/install/franka_msgs/include/franka_msgs/franka_msgs/msg/franka_robot_state.hpp
[17.632s] -- Installing: /home/simi/franka_ros2_ws/install/franka_msgs/include/franka_msgs/franka_msgs/msg/collision_indicators.hpp
[17.632s] -- Installing: /home/simi/franka_ros2_ws/install/franka_msgs/include/franka_msgs/franka_msgs/msg/grasp_epsilon.hpp
[17.632s] -- Installing: /home/simi/franka_ros2_ws/install/franka_msgs/include/franka_msgs/franka_msgs/msg/elbow.hpp
[17.633s] -- Up-to-date: /home/simi/franka_ros2_ws/install/franka_msgs/include/franka_msgs/franka_msgs/action
[17.633s] -- Up-to-date: /home/simi/franka_ros2_ws/install/franka_msgs/include/franka_msgs/franka_msgs/action/detail
[17.633s] -- Installing: /home/simi/franka_ros2_ws/install/franka_msgs/include/franka_msgs/franka_msgs/action/detail/move__builder.hpp
[17.633s] -- Installing: /home/simi/franka_ros2_ws/install/franka_msgs/include/franka_msgs/franka_msgs/action/detail/homing__struct.hpp
[17.633s] -- Installing: /home/simi/franka_ros2_ws/install/franka_msgs/include/franka_msgs/franka_msgs/action/detail/homing__builder.hpp
[17.633s] -- Installing: /home/simi/franka_ros2_ws/install/franka_msgs/include/franka_msgs/franka_msgs/action/detail/grasp__struct.hpp
[17.633s] -- Installing: /home/simi/franka_ros2_ws/install/franka_msgs/include/franka_msgs/franka_msgs/action/detail/move__traits.hpp
[17.633s] -- Installing: /home/simi/franka_ros2_ws/install/franka_msgs/include/franka_msgs/franka_msgs/action/detail/grasp__traits.hpp
[17.634s] -- Installing: /home/simi/franka_ros2_ws/install/franka_msgs/include/franka_msgs/franka_msgs/action/detail/homing__traits.hpp
[17.634s] -- Installing: /home/simi/franka_ros2_ws/install/franka_msgs/include/franka_msgs/franka_msgs/action/detail/move__struct.hpp
[17.634s] -- Installing: /home/simi/franka_ros2_ws/install/franka_msgs/include/franka_msgs/franka_msgs/action/detail/grasp__builder.hpp
[17.634s] -- Installing: /home/simi/franka_ros2_ws/install/franka_msgs/include/franka_msgs/franka_msgs/action/grasp.hpp
[17.634s] -- Installing: /home/simi/franka_ros2_ws/install/franka_msgs/include/franka_msgs/franka_msgs/action/move.hpp
[17.634s] -- Installing: /home/simi/franka_ros2_ws/install/franka_msgs/include/franka_msgs/franka_msgs/action/homing.hpp
[17.635s] -- Up-to-date: /home/simi/franka_ros2_ws/install/franka_msgs/include/franka_msgs/franka_msgs
[17.635s] -- Up-to-date: /home/simi/franka_ros2_ws/install/franka_msgs/include/franka_msgs/franka_msgs/srv
[17.635s] -- Up-to-date: /home/simi/franka_ros2_ws/install/franka_msgs/include/franka_msgs/franka_msgs/srv/detail
[17.635s] -- Installing: /home/simi/franka_ros2_ws/install/franka_msgs/include/franka_msgs/franka_msgs/srv/detail/set_force_torque_collision_behavior__rosidl_typesupport_fastrtps_cpp.hpp
[17.635s] -- Installing: /home/simi/franka_ros2_ws/install/franka_msgs/include/franka_msgs/franka_msgs/srv/detail/set_joint_stiffness__rosidl_typesupport_fastrtps_cpp.hpp
[17.635s] -- Installing: /home/simi/franka_ros2_ws/install/franka_msgs/include/franka_msgs/franka_msgs/srv/detail/set_load__rosidl_typesupport_fastrtps_cpp.hpp
[17.635s] -- Installing: /home/simi/franka_ros2_ws/install/franka_msgs/include/franka_msgs/franka_msgs/srv/detail/set_tcp_frame__rosidl_typesupport_fastrtps_cpp.hpp
[17.635s] -- Installing: /home/simi/franka_ros2_ws/install/franka_msgs/include/franka_msgs/franka_msgs/srv/detail/set_cartesian_stiffness__rosidl_typesupport_fastrtps_cpp.hpp
[17.635s] -- Installing: /home/simi/franka_ros2_ws/install/franka_msgs/include/franka_msgs/franka_msgs/srv/detail/set_stiffness_frame__rosidl_typesupport_fastrtps_cpp.hpp
[17.636s] -- Installing: /home/simi/franka_ros2_ws/install/franka_msgs/include/franka_msgs/franka_msgs/srv/detail/set_full_collision_behavior__rosidl_typesupport_fastrtps_cpp.hpp
[17.636s] -- Installing: /home/simi/franka_ros2_ws/install/franka_msgs/include/franka_msgs/franka_msgs/srv/detail/dds_fastrtps
[17.636s] -- Up-to-date: /home/simi/franka_ros2_ws/install/franka_msgs/include/franka_msgs/franka_msgs/msg
[17.636s] -- Up-to-date: /home/simi/franka_ros2_ws/install/franka_msgs/include/franka_msgs/franka_msgs/msg/detail
[17.636s] -- Installing: /home/simi/franka_ros2_ws/install/franka_msgs/include/franka_msgs/franka_msgs/msg/detail/errors__rosidl_typesupport_fastrtps_cpp.hpp
[17.636s] -- Installing: /home/simi/franka_ros2_ws/install/franka_msgs/include/franka_msgs/franka_msgs/msg/detail/franka_robot_state__rosidl_typesupport_fastrtps_cpp.hpp
[17.636s] -- Installing: /home/simi/franka_ros2_ws/install/franka_msgs/include/franka_msgs/franka_msgs/msg/detail/elbow__rosidl_typesupport_fastrtps_cpp.hpp
[17.636s] -- Installing: /home/simi/franka_ros2_ws/install/franka_msgs/include/franka_msgs/franka_msgs/msg/detail/collision_indicators__rosidl_typesupport_fastrtps_cpp.hpp
[17.637s] -- Installing: /home/simi/franka_ros2_ws/install/franka_msgs/include/franka_msgs/franka_msgs/msg/detail/grasp_epsilon__rosidl_typesupport_fastrtps_cpp.hpp
[17.637s] -- Installing: /home/simi/franka_ros2_ws/install/franka_msgs/include/franka_msgs/franka_msgs/msg/detail/dds_fastrtps
[17.637s] -- Installing: /home/simi/franka_ros2_ws/install/franka_msgs/include/franka_msgs/franka_msgs/msg/rosidl_typesupport_fastrtps_cpp__visibility_control.h
[17.637s] -- Up-to-date: /home/simi/franka_ros2_ws/install/franka_msgs/include/franka_msgs/franka_msgs/action
[17.637s] -- Up-to-date: /home/simi/franka_ros2_ws/install/franka_msgs/include/franka_msgs/franka_msgs/action/detail
[17.637s] -- Installing: /home/simi/franka_ros2_ws/install/franka_msgs/include/franka_msgs/franka_msgs/action/detail/homing__rosidl_typesupport_fastrtps_cpp.hpp
[17.637s] -- Installing: /home/simi/franka_ros2_ws/install/franka_msgs/include/franka_msgs/franka_msgs/action/detail/grasp__rosidl_typesupport_fastrtps_cpp.hpp
[17.637s] -- Installing: /home/simi/franka_ros2_ws/install/franka_msgs/include/franka_msgs/franka_msgs/action/detail/move__rosidl_typesupport_fastrtps_cpp.hpp
[17.637s] -- Installing: /home/simi/franka_ros2_ws/install/franka_msgs/include/franka_msgs/franka_msgs/action/detail/dds_fastrtps
[17.638s] -- Installing: /home/simi/franka_ros2_ws/install/franka_msgs/lib/libfranka_msgs__rosidl_typesupport_fastrtps_cpp.so
[17.639s] -- Set runtime path of "/home/simi/franka_ros2_ws/install/franka_msgs/lib/libfranka_msgs__rosidl_typesupport_fastrtps_cpp.so" to ""
[17.639s] -- Up-to-date: /home/simi/franka_ros2_ws/install/franka_msgs/include/franka_msgs/franka_msgs
[17.639s] -- Up-to-date: /home/simi/franka_ros2_ws/install/franka_msgs/include/franka_msgs/franka_msgs/srv
[17.639s] -- Up-to-date: /home/simi/franka_ros2_ws/install/franka_msgs/include/franka_msgs/franka_msgs/srv/detail
[17.639s] -- Installing: /home/simi/franka_ros2_ws/install/franka_msgs/include/franka_msgs/franka_msgs/srv/detail/set_stiffness_frame__type_support.cpp
[17.639s] -- Installing: /home/simi/franka_ros2_ws/install/franka_msgs/include/franka_msgs/franka_msgs/srv/detail/set_tcp_frame__type_support.cpp
[17.639s] -- Installing: /home/simi/franka_ros2_ws/install/franka_msgs/include/franka_msgs/franka_msgs/srv/detail/set_joint_stiffness__type_support.cpp
[17.639s] -- Installing: /home/simi/franka_ros2_ws/install/franka_msgs/include/franka_msgs/franka_msgs/srv/detail/set_load__type_support.cpp
[17.639s] -- Installing: /home/simi/franka_ros2_ws/install/franka_msgs/include/franka_msgs/franka_msgs/srv/detail/set_force_torque_collision_behavior__rosidl_typesupport_introspection_cpp.hpp
[17.639s] -- Installing: /home/simi/franka_ros2_ws/install/franka_msgs/include/franka_msgs/franka_msgs/srv/detail/set_stiffness_frame__rosidl_typesupport_introspection_cpp.hpp
[17.640s] -- Installing: /home/simi/franka_ros2_ws/install/franka_msgs/include/franka_msgs/franka_msgs/srv/detail/set_joint_stiffness__rosidl_typesupport_introspection_cpp.hpp
[17.640s] -- Installing: /home/simi/franka_ros2_ws/install/franka_msgs/include/franka_msgs/franka_msgs/srv/detail/set_tcp_frame__rosidl_typesupport_introspection_cpp.hpp
[17.640s] -- Installing: /home/simi/franka_ros2_ws/install/franka_msgs/include/franka_msgs/franka_msgs/srv/detail/set_full_collision_behavior__rosidl_typesupport_introspection_cpp.hpp
[17.640s] -- Installing: /home/simi/franka_ros2_ws/install/franka_msgs/include/franka_msgs/franka_msgs/srv/detail/set_load__rosidl_typesupport_introspection_cpp.hpp
[17.640s] -- Installing: /home/simi/franka_ros2_ws/install/franka_msgs/include/franka_msgs/franka_msgs/srv/detail/set_cartesian_stiffness__type_support.cpp
[17.641s] -- Installing: /home/simi/franka_ros2_ws/install/franka_msgs/include/franka_msgs/franka_msgs/srv/detail/set_cartesian_stiffness__rosidl_typesupport_introspection_cpp.hpp
[17.641s] -- Installing: /home/simi/franka_ros2_ws/install/franka_msgs/include/franka_msgs/franka_msgs/srv/detail/set_full_collision_behavior__type_support.cpp
[17.641s] -- Installing: /home/simi/franka_ros2_ws/install/franka_msgs/include/franka_msgs/franka_msgs/srv/detail/set_force_torque_collision_behavior__type_support.cpp
[17.641s] -- Up-to-date: /home/simi/franka_ros2_ws/install/franka_msgs/include/franka_msgs/franka_msgs/msg
[17.641s] -- Up-to-date: /home/simi/franka_ros2_ws/install/franka_msgs/include/franka_msgs/franka_msgs/msg/detail
[17.641s] -- Installing: /home/simi/franka_ros2_ws/install/franka_msgs/include/franka_msgs/franka_msgs/msg/detail/collision_indicators__type_support.cpp
[17.641s] -- Installing: /home/simi/franka_ros2_ws/install/franka_msgs/include/franka_msgs/franka_msgs/msg/detail/collision_indicators__rosidl_typesupport_introspection_cpp.hpp
[17.641s] -- Installing: /home/simi/franka_ros2_ws/install/franka_msgs/include/franka_msgs/franka_msgs/msg/detail/grasp_epsilon__rosidl_typesupport_introspection_cpp.hpp
[17.642s] -- Installing: /home/simi/franka_ros2_ws/install/franka_msgs/include/franka_msgs/franka_msgs/msg/detail/franka_robot_state__type_support.cpp
[17.642s] -- Installing: /home/simi/franka_ros2_ws/install/franka_msgs/include/franka_msgs/franka_msgs/msg/detail/errors__type_support.cpp
[17.642s] -- Installing: /home/simi/franka_ros2_ws/install/franka_msgs/include/franka_msgs/franka_msgs/msg/detail/franka_robot_state__rosidl_typesupport_introspection_cpp.hpp
[17.642s] -- Installing: /home/simi/franka_ros2_ws/install/franka_msgs/include/franka_msgs/franka_msgs/msg/detail/elbow__rosidl_typesupport_introspection_cpp.hpp
[17.642s] -- Installing: /home/simi/franka_ros2_ws/install/franka_msgs/include/franka_msgs/franka_msgs/msg/detail/elbow__type_support.cpp
[17.643s] -- Installing: /home/simi/franka_ros2_ws/install/franka_msgs/include/franka_msgs/franka_msgs/msg/detail/grasp_epsilon__type_support.cpp
[17.643s] -- Installing: /home/simi/franka_ros2_ws/install/franka_msgs/include/franka_msgs/franka_msgs/msg/detail/errors__rosidl_typesupport_introspection_cpp.hpp
[17.643s] -- Up-to-date: /home/simi/franka_ros2_ws/install/franka_msgs/include/franka_msgs/franka_msgs/action
[17.643s] -- Up-to-date: /home/simi/franka_ros2_ws/install/franka_msgs/include/franka_msgs/franka_msgs/action/detail
[17.643s] -- Installing: /home/simi/franka_ros2_ws/install/franka_msgs/include/franka_msgs/franka_msgs/action/detail/move__rosidl_typesupport_introspection_cpp.hpp
[17.643s] -- Installing: /home/simi/franka_ros2_ws/install/franka_msgs/include/franka_msgs/franka_msgs/action/detail/move__type_support.cpp
[17.643s] -- Installing: /home/simi/franka_ros2_ws/install/franka_msgs/include/franka_msgs/franka_msgs/action/detail/grasp__rosidl_typesupport_introspection_cpp.hpp
[17.643s] -- Installing: /home/simi/franka_ros2_ws/install/franka_msgs/include/franka_msgs/franka_msgs/action/detail/homing__type_support.cpp
[17.644s] -- Installing: /home/simi/franka_ros2_ws/install/franka_msgs/include/franka_msgs/franka_msgs/action/detail/grasp__type_support.cpp
[17.644s] -- Installing: /home/simi/franka_ros2_ws/install/franka_msgs/include/franka_msgs/franka_msgs/action/detail/homing__rosidl_typesupport_introspection_cpp.hpp
[17.644s] -- Installing: /home/simi/franka_ros2_ws/install/franka_msgs/lib/libfranka_msgs__rosidl_typesupport_introspection_cpp.so
[17.645s] -- Set runtime path of "/home/simi/franka_ros2_ws/install/franka_msgs/lib/libfranka_msgs__rosidl_typesupport_introspection_cpp.so" to ""
[17.645s] -- Installing: /home/simi/franka_ros2_ws/install/franka_msgs/lib/libfranka_msgs__rosidl_typesupport_cpp.so
[17.645s] -- Set runtime path of "/home/simi/franka_ros2_ws/install/franka_msgs/lib/libfranka_msgs__rosidl_typesupport_cpp.so" to ""
[17.645s] -- Installing: /home/simi/franka_ros2_ws/install/franka_msgs/share/franka_msgs/environment/pythonpath.sh
[17.646s] -- Installing: /home/simi/franka_ros2_ws/install/franka_msgs/share/franka_msgs/environment/pythonpath.dsv
[17.646s] -- Installing: /home/simi/franka_ros2_ws/install/franka_msgs/local/lib/python3.10/dist-packages/franka_msgs-0.1.13-py3.10.egg-info
[17.646s] -- Installing: /home/simi/franka_ros2_ws/install/franka_msgs/local/lib/python3.10/dist-packages/franka_msgs-0.1.13-py3.10.egg-info/dependency_links.txt
[17.646s] -- Installing: /home/simi/franka_ros2_ws/install/franka_msgs/local/lib/python3.10/dist-packages/franka_msgs-0.1.13-py3.10.egg-info/top_level.txt
[17.646s] -- Installing: /home/simi/franka_ros2_ws/install/franka_msgs/local/lib/python3.10/dist-packages/franka_msgs-0.1.13-py3.10.egg-info/PKG-INFO
[17.647s] -- Installing: /home/simi/franka_ros2_ws/install/franka_msgs/local/lib/python3.10/dist-packages/franka_msgs-0.1.13-py3.10.egg-info/SOURCES.txt
[17.647s] -- Installing: /home/simi/franka_ros2_ws/install/franka_msgs/local/lib/python3.10/dist-packages/franka_msgs
[17.647s] -- Installing: /home/simi/franka_ros2_ws/install/franka_msgs/local/lib/python3.10/dist-packages/franka_msgs/__init__.py
[17.647s] -- Installing: /home/simi/franka_ros2_ws/install/franka_msgs/local/lib/python3.10/dist-packages/franka_msgs/libfranka_msgs__rosidl_generator_py.so
[17.647s] -- Installing: /home/simi/franka_ros2_ws/install/franka_msgs/local/lib/python3.10/dist-packages/franka_msgs/srv
[17.647s] -- Installing: /home/simi/franka_ros2_ws/install/franka_msgs/local/lib/python3.10/dist-packages/franka_msgs/srv/_set_full_collision_behavior_s.c
[17.647s] -- Installing: /home/simi/franka_ros2_ws/install/franka_msgs/local/lib/python3.10/dist-packages/franka_msgs/srv/_set_load_s.c
[17.648s] -- Installing: /home/simi/franka_ros2_ws/install/franka_msgs/local/lib/python3.10/dist-packages/franka_msgs/srv/__init__.py
[17.648s] -- Installing: /home/simi/franka_ros2_ws/install/franka_msgs/local/lib/python3.10/dist-packages/franka_msgs/srv/_set_cartesian_stiffness_s.c
[17.648s] -- Installing: /home/simi/franka_ros2_ws/install/franka_msgs/local/lib/python3.10/dist-packages/franka_msgs/srv/_set_cartesian_stiffness.py
[17.648s] -- Installing: /home/simi/franka_ros2_ws/install/franka_msgs/local/lib/python3.10/dist-packages/franka_msgs/srv/_set_stiffness_frame_s.c
[17.648s] -- Installing: /home/simi/franka_ros2_ws/install/franka_msgs/local/lib/python3.10/dist-packages/franka_msgs/srv/_set_stiffness_frame.py
[17.648s] -- Installing: /home/simi/franka_ros2_ws/install/franka_msgs/local/lib/python3.10/dist-packages/franka_msgs/srv/_set_joint_stiffness_s.c
[17.649s] -- Installing: /home/simi/franka_ros2_ws/install/franka_msgs/local/lib/python3.10/dist-packages/franka_msgs/srv/_set_tcp_frame.py
[17.649s] -- Installing: /home/simi/franka_ros2_ws/install/franka_msgs/local/lib/python3.10/dist-packages/franka_msgs/srv/_set_load.py
[17.649s] -- Installing: /home/simi/franka_ros2_ws/install/franka_msgs/local/lib/python3.10/dist-packages/franka_msgs/srv/_set_tcp_frame_s.c
[17.649s] -- Installing: /home/simi/franka_ros2_ws/install/franka_msgs/local/lib/python3.10/dist-packages/franka_msgs/srv/_set_full_collision_behavior.py
[17.649s] -- Installing: /home/simi/franka_ros2_ws/install/franka_msgs/local/lib/python3.10/dist-packages/franka_msgs/srv/_set_force_torque_collision_behavior.py
[17.649s] -- Installing: /home/simi/franka_ros2_ws/install/franka_msgs/local/lib/python3.10/dist-packages/franka_msgs/srv/_set_joint_stiffness.py
[17.650s] -- Installing: /home/simi/franka_ros2_ws/install/franka_msgs/local/lib/python3.10/dist-packages/franka_msgs/srv/_set_force_torque_collision_behavior_s.c
[17.650s] -- Installing: /home/simi/franka_ros2_ws/install/franka_msgs/local/lib/python3.10/dist-packages/franka_msgs/franka_msgs_s__rosidl_typesupport_introspection_c.cpython-310-x86_64-linux-gnu.so
[17.650s] -- Installing: /home/simi/franka_ros2_ws/install/franka_msgs/local/lib/python3.10/dist-packages/franka_msgs/franka_msgs_s__rosidl_typesupport_c.cpython-310-x86_64-linux-gnu.so
[17.650s] -- Installing: /home/simi/franka_ros2_ws/install/franka_msgs/local/lib/python3.10/dist-packages/franka_msgs/msg
[17.651s] -- Installing: /home/simi/franka_ros2_ws/install/franka_msgs/local/lib/python3.10/dist-packages/franka_msgs/msg/_errors_s.c
[17.651s] -- Installing: /home/simi/franka_ros2_ws/install/franka_msgs/local/lib/python3.10/dist-packages/franka_msgs/msg/_errors.py
[17.651s] -- Installing: /home/simi/franka_ros2_ws/install/franka_msgs/local/lib/python3.10/dist-packages/franka_msgs/msg/__init__.py
[17.651s] -- Installing: /home/simi/franka_ros2_ws/install/franka_msgs/local/lib/python3.10/dist-packages/franka_msgs/msg/_collision_indicators.py
[17.651s] -- Installing: /home/simi/franka_ros2_ws/install/franka_msgs/local/lib/python3.10/dist-packages/franka_msgs/msg/_franka_robot_state_s.c
[17.651s] -- Installing: /home/simi/franka_ros2_ws/install/franka_msgs/local/lib/python3.10/dist-packages/franka_msgs/msg/_collision_indicators_s.c
[17.652s] -- Installing: /home/simi/franka_ros2_ws/install/franka_msgs/local/lib/python3.10/dist-packages/franka_msgs/msg/_franka_robot_state.py
[17.652s] -- Installing: /home/simi/franka_ros2_ws/install/franka_msgs/local/lib/python3.10/dist-packages/franka_msgs/msg/_elbow.py
[17.652s] -- Installing: /home/simi/franka_ros2_ws/install/franka_msgs/local/lib/python3.10/dist-packages/franka_msgs/msg/_grasp_epsilon_s.c
[17.652s] -- Installing: /home/simi/franka_ros2_ws/install/franka_msgs/local/lib/python3.10/dist-packages/franka_msgs/msg/_elbow_s.c
[17.652s] -- Installing: /home/simi/franka_ros2_ws/install/franka_msgs/local/lib/python3.10/dist-packages/franka_msgs/msg/_grasp_epsilon.py
[17.652s] -- Installing: /home/simi/franka_ros2_ws/install/franka_msgs/local/lib/python3.10/dist-packages/franka_msgs/_franka_msgs_s.ep.rosidl_typesupport_c.c
[17.653s] -- Installing: /home/simi/franka_ros2_ws/install/franka_msgs/local/lib/python3.10/dist-packages/franka_msgs/_franka_msgs_s.ep.rosidl_typesupport_fastrtps_c.c
[17.653s] -- Installing: /home/simi/franka_ros2_ws/install/franka_msgs/local/lib/python3.10/dist-packages/franka_msgs/action
[17.653s] -- Installing: /home/simi/franka_ros2_ws/install/franka_msgs/local/lib/python3.10/dist-packages/franka_msgs/action/_homing_s.c
[17.654s] -- Installing: /home/simi/franka_ros2_ws/install/franka_msgs/local/lib/python3.10/dist-packages/franka_msgs/action/_move.py
[17.654s] -- Installing: /home/simi/franka_ros2_ws/install/franka_msgs/local/lib/python3.10/dist-packages/franka_msgs/action/__init__.py
[17.654s] -- Installing: /home/simi/franka_ros2_ws/install/franka_msgs/local/lib/python3.10/dist-packages/franka_msgs/action/_move_s.c
[17.654s] -- Installing: /home/simi/franka_ros2_ws/install/franka_msgs/local/lib/python3.10/dist-packages/franka_msgs/action/_grasp_s.c
[17.654s] -- Installing: /home/simi/franka_ros2_ws/install/franka_msgs/local/lib/python3.10/dist-packages/franka_msgs/action/_grasp.py
[17.654s] -- Installing: /home/simi/franka_ros2_ws/install/franka_msgs/local/lib/python3.10/dist-packages/franka_msgs/action/_homing.py
[17.655s] -- Installing: /home/simi/franka_ros2_ws/install/franka_msgs/local/lib/python3.10/dist-packages/franka_msgs/franka_msgs_s__rosidl_typesupport_fastrtps_c.cpython-310-x86_64-linux-gnu.so
[17.655s] -- Installing: /home/simi/franka_ros2_ws/install/franka_msgs/local/lib/python3.10/dist-packages/franka_msgs/_franka_msgs_s.ep.rosidl_typesupport_introspection_c.c
[17.728s] Listing '/home/simi/franka_ros2_ws/install/franka_msgs/local/lib/python3.10/dist-packages/franka_msgs'...
[17.728s] Compiling '/home/simi/franka_ros2_ws/install/franka_msgs/local/lib/python3.10/dist-packages/franka_msgs/__init__.py'...
[17.728s] Listing '/home/simi/franka_ros2_ws/install/franka_msgs/local/lib/python3.10/dist-packages/franka_msgs/action'...
[17.728s] Compiling '/home/simi/franka_ros2_ws/install/franka_msgs/local/lib/python3.10/dist-packages/franka_msgs/action/__init__.py'...
[17.728s] Compiling '/home/simi/franka_ros2_ws/install/franka_msgs/local/lib/python3.10/dist-packages/franka_msgs/action/_grasp.py'...
[17.728s] Compiling '/home/simi/franka_ros2_ws/install/franka_msgs/local/lib/python3.10/dist-packages/franka_msgs/action/_homing.py'...
[17.729s] Compiling '/home/simi/franka_ros2_ws/install/franka_msgs/local/lib/python3.10/dist-packages/franka_msgs/action/_move.py'...
[17.729s] Listing '/home/simi/franka_ros2_ws/install/franka_msgs/local/lib/python3.10/dist-packages/franka_msgs/msg'...
[17.729s] Compiling '/home/simi/franka_ros2_ws/install/franka_msgs/local/lib/python3.10/dist-packages/franka_msgs/msg/__init__.py'...
[17.729s] Compiling '/home/simi/franka_ros2_ws/install/franka_msgs/local/lib/python3.10/dist-packages/franka_msgs/msg/_collision_indicators.py'...
[17.729s] Compiling '/home/simi/franka_ros2_ws/install/franka_msgs/local/lib/python3.10/dist-packages/franka_msgs/msg/_elbow.py'...
[17.729s] Compiling '/home/simi/franka_ros2_ws/install/franka_msgs/local/lib/python3.10/dist-packages/franka_msgs/msg/_errors.py'...
[17.729s] Compiling '/home/simi/franka_ros2_ws/install/franka_msgs/local/lib/python3.10/dist-packages/franka_msgs/msg/_franka_robot_state.py'...
[17.729s] Compiling '/home/simi/franka_ros2_ws/install/franka_msgs/local/lib/python3.10/dist-packages/franka_msgs/msg/_grasp_epsilon.py'...
[17.729s] Listing '/home/simi/franka_ros2_ws/install/franka_msgs/local/lib/python3.10/dist-packages/franka_msgs/srv'...
[17.730s] Compiling '/home/simi/franka_ros2_ws/install/franka_msgs/local/lib/python3.10/dist-packages/franka_msgs/srv/__init__.py'...
[17.730s] Compiling '/home/simi/franka_ros2_ws/install/franka_msgs/local/lib/python3.10/dist-packages/franka_msgs/srv/_set_cartesian_stiffness.py'...
[17.730s] Compiling '/home/simi/franka_ros2_ws/install/franka_msgs/local/lib/python3.10/dist-packages/franka_msgs/srv/_set_force_torque_collision_behavior.py'...
[17.730s] Compiling '/home/simi/franka_ros2_ws/install/franka_msgs/local/lib/python3.10/dist-packages/franka_msgs/srv/_set_full_collision_behavior.py'...
[17.730s] Compiling '/home/simi/franka_ros2_ws/install/franka_msgs/local/lib/python3.10/dist-packages/franka_msgs/srv/_set_joint_stiffness.py'...
[17.730s] Compiling '/home/simi/franka_ros2_ws/install/franka_msgs/local/lib/python3.10/dist-packages/franka_msgs/srv/_set_load.py'...
[17.730s] Compiling '/home/simi/franka_ros2_ws/install/franka_msgs/local/lib/python3.10/dist-packages/franka_msgs/srv/_set_stiffness_frame.py'...
[17.730s] Compiling '/home/simi/franka_ros2_ws/install/franka_msgs/local/lib/python3.10/dist-packages/franka_msgs/srv/_set_tcp_frame.py'...
[17.733s] -- Installing: /home/simi/franka_ros2_ws/install/franka_msgs/local/lib/python3.10/dist-packages/franka_msgs/franka_msgs_s__rosidl_typesupport_fastrtps_c.cpython-310-x86_64-linux-gnu.so
[17.735s] -- Set runtime path of "/home/simi/franka_ros2_ws/install/franka_msgs/local/lib/python3.10/dist-packages/franka_msgs/franka_msgs_s__rosidl_typesupport_fastrtps_c.cpython-310-x86_64-linux-gnu.so" to ""
[17.735s] -- Installing: /home/simi/franka_ros2_ws/install/franka_msgs/local/lib/python3.10/dist-packages/franka_msgs/franka_msgs_s__rosidl_typesupport_introspection_c.cpython-310-x86_64-linux-gnu.so
[17.736s] -- Set runtime path of "/home/simi/franka_ros2_ws/install/franka_msgs/local/lib/python3.10/dist-packages/franka_msgs/franka_msgs_s__rosidl_typesupport_introspection_c.cpython-310-x86_64-linux-gnu.so" to ""
[17.736s] -- Installing: /home/simi/franka_ros2_ws/install/franka_msgs/local/lib/python3.10/dist-packages/franka_msgs/franka_msgs_s__rosidl_typesupport_c.cpython-310-x86_64-linux-gnu.so
[17.736s] -- Set runtime path of "/home/simi/franka_ros2_ws/install/franka_msgs/local/lib/python3.10/dist-packages/franka_msgs/franka_msgs_s__rosidl_typesupport_c.cpython-310-x86_64-linux-gnu.so" to ""
[17.737s] -- Installing: /home/simi/franka_ros2_ws/install/franka_msgs/lib/libfranka_msgs__rosidl_generator_py.so
[17.737s] -- Set runtime path of "/home/simi/franka_ros2_ws/install/franka_msgs/lib/libfranka_msgs__rosidl_generator_py.so" to ""
[17.737s] -- Installing: /home/simi/franka_ros2_ws/install/franka_msgs/share/franka_msgs/action/Grasp.idl
[17.738s] -- Installing: /home/simi/franka_ros2_ws/install/franka_msgs/share/franka_msgs/action/Homing.idl
[17.738s] -- Installing: /home/simi/franka_ros2_ws/install/franka_msgs/share/franka_msgs/action/Move.idl
[17.738s] -- Installing: /home/simi/franka_ros2_ws/install/franka_msgs/share/franka_msgs/msg/CollisionIndicators.idl
[17.739s] -- Installing: /home/simi/franka_ros2_ws/install/franka_msgs/share/franka_msgs/msg/Elbow.idl
[17.739s] -- Installing: /home/simi/franka_ros2_ws/install/franka_msgs/share/franka_msgs/msg/Errors.idl
[17.739s] -- Installing: /home/simi/franka_ros2_ws/install/franka_msgs/share/franka_msgs/msg/GraspEpsilon.idl
[17.739s] -- Installing: /home/simi/franka_ros2_ws/install/franka_msgs/share/franka_msgs/msg/FrankaRobotState.idl
[17.739s] -- Installing: /home/simi/franka_ros2_ws/install/franka_msgs/share/franka_msgs/srv/SetCartesianStiffness.idl
[17.739s] -- Installing: /home/simi/franka_ros2_ws/install/franka_msgs/share/franka_msgs/srv/SetTCPFrame.idl
[17.739s] -- Installing: /home/simi/franka_ros2_ws/install/franka_msgs/share/franka_msgs/srv/SetForceTorqueCollisionBehavior.idl
[17.740s] -- Installing: /home/simi/franka_ros2_ws/install/franka_msgs/share/franka_msgs/srv/SetFullCollisionBehavior.idl
[17.740s] -- Installing: /home/simi/franka_ros2_ws/install/franka_msgs/share/franka_msgs/srv/SetJointStiffness.idl
[17.740s] -- Installing: /home/simi/franka_ros2_ws/install/franka_msgs/share/franka_msgs/srv/SetStiffnessFrame.idl
[17.740s] -- Installing: /home/simi/franka_ros2_ws/install/franka_msgs/share/franka_msgs/srv/SetLoad.idl
[17.740s] -- Installing: /home/simi/franka_ros2_ws/install/franka_msgs/share/franka_msgs/action/Grasp.action
[17.740s] -- Installing: /home/simi/franka_ros2_ws/install/franka_msgs/share/franka_msgs/action/Homing.action
[17.741s] -- Installing: /home/simi/franka_ros2_ws/install/franka_msgs/share/franka_msgs/action/Move.action
[17.741s] -- Installing: /home/simi/franka_ros2_ws/install/franka_msgs/share/franka_msgs/msg/CollisionIndicators.msg
[17.741s] -- Installing: /home/simi/franka_ros2_ws/install/franka_msgs/share/franka_msgs/msg/Elbow.msg
[17.741s] -- Installing: /home/simi/franka_ros2_ws/install/franka_msgs/share/franka_msgs/msg/Errors.msg
[17.741s] -- Installing: /home/simi/franka_ros2_ws/install/franka_msgs/share/franka_msgs/msg/GraspEpsilon.msg
[17.741s] -- Installing: /home/simi/franka_ros2_ws/install/franka_msgs/share/franka_msgs/msg/FrankaRobotState.msg
[17.742s] -- Installing: /home/simi/franka_ros2_ws/install/franka_msgs/share/franka_msgs/srv/SetCartesianStiffness.srv
[17.742s] -- Installing: /home/simi/franka_ros2_ws/install/franka_msgs/share/franka_msgs/srv/SetCartesianStiffness_Request.msg
[17.742s] -- Installing: /home/simi/franka_ros2_ws/install/franka_msgs/share/franka_msgs/srv/SetCartesianStiffness_Response.msg
[17.742s] -- Installing: /home/simi/franka_ros2_ws/install/franka_msgs/share/franka_msgs/srv/SetTCPFrame.srv
[17.742s] -- Installing: /home/simi/franka_ros2_ws/install/franka_msgs/share/franka_msgs/srv/SetTCPFrame_Request.msg
[17.742s] -- Installing: /home/simi/franka_ros2_ws/install/franka_msgs/share/franka_msgs/srv/SetTCPFrame_Response.msg
[17.743s] -- Installing: /home/simi/franka_ros2_ws/install/franka_msgs/share/franka_msgs/srv/SetForceTorqueCollisionBehavior.srv
[17.743s] -- Installing: /home/simi/franka_ros2_ws/install/franka_msgs/share/franka_msgs/srv/SetForceTorqueCollisionBehavior_Request.msg
[17.743s] -- Installing: /home/simi/franka_ros2_ws/install/franka_msgs/share/franka_msgs/srv/SetForceTorqueCollisionBehavior_Response.msg
[17.743s] -- Installing: /home/simi/franka_ros2_ws/install/franka_msgs/share/franka_msgs/srv/SetFullCollisionBehavior.srv
[17.743s] -- Installing: /home/simi/franka_ros2_ws/install/franka_msgs/share/franka_msgs/srv/SetFullCollisionBehavior_Request.msg
[17.743s] -- Installing: /home/simi/franka_ros2_ws/install/franka_msgs/share/franka_msgs/srv/SetFullCollisionBehavior_Response.msg
[17.744s] -- Installing: /home/simi/franka_ros2_ws/install/franka_msgs/share/franka_msgs/srv/SetJointStiffness.srv
[17.744s] -- Installing: /home/simi/franka_ros2_ws/install/franka_msgs/share/franka_msgs/srv/SetJointStiffness_Request.msg
[17.744s] -- Installing: /home/simi/franka_ros2_ws/install/franka_msgs/share/franka_msgs/srv/SetJointStiffness_Response.msg
[17.744s] -- Installing: /home/simi/franka_ros2_ws/install/franka_msgs/share/franka_msgs/srv/SetStiffnessFrame.srv
[17.744s] -- Installing: /home/simi/franka_ros2_ws/install/franka_msgs/share/franka_msgs/srv/SetStiffnessFrame_Request.msg
[17.744s] -- Installing: /home/simi/franka_ros2_ws/install/franka_msgs/share/franka_msgs/srv/SetStiffnessFrame_Response.msg
[17.745s] -- Installing: /home/simi/franka_ros2_ws/install/franka_msgs/share/franka_msgs/srv/SetLoad.srv
[17.745s] -- Installing: /home/simi/franka_ros2_ws/install/franka_msgs/share/franka_msgs/srv/SetLoad_Request.msg
[17.745s] -- Installing: /home/simi/franka_ros2_ws/install/franka_msgs/share/franka_msgs/srv/SetLoad_Response.msg
[17.745s] -- Installing: /home/simi/franka_ros2_ws/install/franka_msgs/share/ament_index/resource_index/package_run_dependencies/franka_msgs
[17.745s] -- Installing: /home/simi/franka_ros2_ws/install/franka_msgs/share/ament_index/resource_index/parent_prefix_path/franka_msgs
[17.746s] -- Installing: /home/simi/franka_ros2_ws/install/franka_msgs/share/franka_msgs/environment/ament_prefix_path.sh
[17.746s] -- Installing: /home/simi/franka_ros2_ws/install/franka_msgs/share/franka_msgs/environment/ament_prefix_path.dsv
[17.746s] -- Installing: /home/simi/franka_ros2_ws/install/franka_msgs/share/franka_msgs/environment/path.sh
[17.746s] -- Installing: /home/simi/franka_ros2_ws/install/franka_msgs/share/franka_msgs/environment/path.dsv
[17.746s] -- Installing: /home/simi/franka_ros2_ws/install/franka_msgs/share/franka_msgs/local_setup.bash
[17.746s] -- Installing: /home/simi/franka_ros2_ws/install/franka_msgs/share/franka_msgs/local_setup.sh
[17.747s] -- Installing: /home/simi/franka_ros2_ws/install/franka_msgs/share/franka_msgs/local_setup.zsh
[17.747s] -- Installing: /home/simi/franka_ros2_ws/install/franka_msgs/share/franka_msgs/local_setup.dsv
[17.747s] -- Installing: /home/simi/franka_ros2_ws/install/franka_msgs/share/franka_msgs/package.dsv
[17.747s] -- Installing: /home/simi/franka_ros2_ws/install/franka_msgs/share/ament_index/resource_index/packages/franka_msgs
[17.747s] -- Installing: /home/simi/franka_ros2_ws/install/franka_msgs/share/franka_msgs/cmake/export_franka_msgs__rosidl_generator_cExport.cmake
[17.747s] -- Installing: /home/simi/franka_ros2_ws/install/franka_msgs/share/franka_msgs/cmake/export_franka_msgs__rosidl_generator_cExport-release.cmake
[17.748s] -- Installing: /home/simi/franka_ros2_ws/install/franka_msgs/share/franka_msgs/cmake/export_franka_msgs__rosidl_typesupport_fastrtps_cExport.cmake
[17.748s] -- Installing: /home/simi/franka_ros2_ws/install/franka_msgs/share/franka_msgs/cmake/export_franka_msgs__rosidl_typesupport_fastrtps_cExport-release.cmake
[17.748s] -- Installing: /home/simi/franka_ros2_ws/install/franka_msgs/share/franka_msgs/cmake/franka_msgs__rosidl_typesupport_introspection_cExport.cmake
[17.748s] -- Installing: /home/simi/franka_ros2_ws/install/franka_msgs/share/franka_msgs/cmake/franka_msgs__rosidl_typesupport_introspection_cExport-release.cmake
[17.748s] -- Installing: /home/simi/franka_ros2_ws/install/franka_msgs/share/franka_msgs/cmake/franka_msgs__rosidl_typesupport_cExport.cmake
[17.749s] -- Installing: /home/simi/franka_ros2_ws/install/franka_msgs/share/franka_msgs/cmake/franka_msgs__rosidl_typesupport_cExport-release.cmake
[17.749s] -- Installing: /home/simi/franka_ros2_ws/install/franka_msgs/share/franka_msgs/cmake/export_franka_msgs__rosidl_generator_cppExport.cmake
[17.749s] -- Installing: /home/simi/franka_ros2_ws/install/franka_msgs/share/franka_msgs/cmake/export_franka_msgs__rosidl_typesupport_fastrtps_cppExport.cmake
[17.749s] -- Installing: /home/simi/franka_ros2_ws/install/franka_msgs/share/franka_msgs/cmake/export_franka_msgs__rosidl_typesupport_fastrtps_cppExport-release.cmake
[17.749s] -- Installing: /home/simi/franka_ros2_ws/install/franka_msgs/share/franka_msgs/cmake/franka_msgs__rosidl_typesupport_introspection_cppExport.cmake
[17.750s] -- Installing: /home/simi/franka_ros2_ws/install/franka_msgs/share/franka_msgs/cmake/franka_msgs__rosidl_typesupport_introspection_cppExport-release.cmake
[17.750s] -- Installing: /home/simi/franka_ros2_ws/install/franka_msgs/share/franka_msgs/cmake/franka_msgs__rosidl_typesupport_cppExport.cmake
[17.750s] -- Installing: /home/simi/franka_ros2_ws/install/franka_msgs/share/franka_msgs/cmake/franka_msgs__rosidl_typesupport_cppExport-release.cmake
[17.750s] -- Installing: /home/simi/franka_ros2_ws/install/franka_msgs/share/franka_msgs/cmake/export_franka_msgs__rosidl_generator_pyExport.cmake
[17.750s] -- Installing: /home/simi/franka_ros2_ws/install/franka_msgs/share/franka_msgs/cmake/export_franka_msgs__rosidl_generator_pyExport-release.cmake
[17.750s] -- Installing: /home/simi/franka_ros2_ws/install/franka_msgs/share/franka_msgs/cmake/rosidl_cmake-extras.cmake
[17.751s] -- Installing: /home/simi/franka_ros2_ws/install/franka_msgs/share/franka_msgs/cmake/ament_cmake_export_dependencies-extras.cmake
[17.751s] -- Installing: /home/simi/franka_ros2_ws/install/franka_msgs/share/franka_msgs/cmake/ament_cmake_export_include_directories-extras.cmake
[17.751s] -- Installing: /home/simi/franka_ros2_ws/install/franka_msgs/share/franka_msgs/cmake/ament_cmake_export_libraries-extras.cmake
[17.751s] -- Installing: /home/simi/franka_ros2_ws/install/franka_msgs/share/franka_msgs/cmake/ament_cmake_export_targets-extras.cmake
[17.751s] -- Installing: /home/simi/franka_ros2_ws/install/franka_msgs/share/franka_msgs/cmake/rosidl_cmake_export_typesupport_targets-extras.cmake
[17.751s] -- Installing: /home/simi/franka_ros2_ws/install/franka_msgs/share/franka_msgs/cmake/rosidl_cmake_export_typesupport_libraries-extras.cmake
[17.752s] -- Installing: /home/simi/franka_ros2_ws/install/franka_msgs/share/franka_msgs/cmake/franka_msgsConfig.cmake
[17.752s] -- Installing: /home/simi/franka_ros2_ws/install/franka_msgs/share/franka_msgs/cmake/franka_msgsConfig-version.cmake
[17.752s] -- Installing: /home/simi/franka_ros2_ws/install/franka_msgs/share/franka_msgs/package.xml
[17.756s] Invoked command in '/home/simi/franka_ros2_ws/build/franka_msgs' returned '0': CMAKE_PREFIX_PATH=/opt/ros/humble /usr/bin/cmake --install /home/simi/franka_ros2_ws/build/franka_msgs
