[0.027s] Invoking command in '/home/simi/franka_ros2_ws/build/messages_fr3': CMAKE_PREFIX_PATH=${CMAKE_PREFIX_PATH}:/opt/ros/humble /usr/bin/cmake --build /home/simi/franka_ros2_ws/build/messages_fr3 -- -j16 -l16
[0.085s] [  1%] [34m[1mGenerating C code for ROS interfaces[0m
[0.102s] [  3%] [34m[1mGenerating C++ code for ROS interfaces[0m
[0.117s] [  3%] Built target ament_cmake_python_copy_messages_fr3
[0.472s] running egg_info
[0.473s] writing messages_fr3.egg-info/PKG-INFO
[0.473s] writing dependency_links to messages_fr3.egg-info/dependency_links.txt
[0.473s] writing top-level names to messages_fr3.egg-info/top_level.txt
[0.477s] reading manifest file 'messages_fr3.egg-info/SOURCES.txt'
[0.478s] writing manifest file 'messages_fr3.egg-info/SOURCES.txt'
[0.540s] [  3%] Built target ament_cmake_python_build_messages_fr3_egg
[0.765s] [  3%] Built target messages_fr3__cpp
[0.785s] [  7%] [34m[1mGenerating C++ type support dispatch for ROS interfaces[0m
[0.785s] [  7%] [34m[1mGenerating C++ type support for eProsima Fast-RTPS[0m
[0.786s] [  9%] [34m[1mGenerating C++ introspection for ROS interfaces[0m
[0.805s] [ 12%] [32mBuilding C object CMakeFiles/messages_fr3__rosidl_generator_c.dir/rosidl_generator_c/messages_fr3/srv/detail/set_param__functions.c.o[0m
[0.805s] [ 12%] [32mBuilding C object CMakeFiles/messages_fr3__rosidl_generator_c.dir/rosidl_generator_c/messages_fr3/srv/detail/set_pose__functions.c.o[0m
[0.807s] [ 16%] [32mBuilding C object CMakeFiles/messages_fr3__rosidl_generator_c.dir/rosidl_generator_c/messages_fr3/srv/detail/set_mode__functions.c.o[0m
[0.807s] [ 16%] [32mBuilding C object CMakeFiles/messages_fr3__rosidl_generator_c.dir/rosidl_generator_c/messages_fr3/srv/detail/set_force__functions.c.o[0m
[1.023s] [ 18%] [32m[1mLinking C shared library libmessages_fr3__rosidl_generator_c.so[0m
[1.082s] [ 18%] Built target messages_fr3__rosidl_generator_c
[1.099s] [ 21%] [34m[1mGenerating C introspection for ROS interfaces[0m
[1.099s] [ 21%] [34m[1mGenerating C type support dispatch for ROS interfaces[0m
[1.103s] [ 23%] [34m[1mGenerating C type support for eProsima Fast-RTPS[0m
[1.280s] [ 27%] [32mBuilding CXX object CMakeFiles/messages_fr3__rosidl_typesupport_cpp.dir/rosidl_typesupport_cpp/messages_fr3/srv/set_force__type_support.cpp.o[0m
[1.281s] [ 27%] [32mBuilding CXX object CMakeFiles/messages_fr3__rosidl_typesupport_cpp.dir/rosidl_typesupport_cpp/messages_fr3/srv/set_pose__type_support.cpp.o[0m
[1.281s] [ 30%] [32mBuilding CXX object CMakeFiles/messages_fr3__rosidl_typesupport_cpp.dir/rosidl_typesupport_cpp/messages_fr3/srv/set_param__type_support.cpp.o[0m
[1.281s] [ 30%] [32mBuilding CXX object CMakeFiles/messages_fr3__rosidl_typesupport_cpp.dir/rosidl_typesupport_cpp/messages_fr3/srv/set_mode__type_support.cpp.o[0m
[1.415s] [ 32%] [32mBuilding CXX object CMakeFiles/messages_fr3__rosidl_typesupport_introspection_cpp.dir/rosidl_typesupport_introspection_cpp/messages_fr3/srv/detail/set_pose__type_support.cpp.o[0m
[1.427s] [ 34%] [32mBuilding CXX object CMakeFiles/messages_fr3__rosidl_typesupport_introspection_cpp.dir/rosidl_typesupport_introspection_cpp/messages_fr3/srv/detail/set_force__type_support.cpp.o[0m
[1.433s] [ 36%] [32mBuilding CXX object CMakeFiles/messages_fr3__rosidl_typesupport_introspection_cpp.dir/rosidl_typesupport_introspection_cpp/messages_fr3/srv/detail/set_param__type_support.cpp.o[0m
[1.446s] [ 38%] [32mBuilding CXX object CMakeFiles/messages_fr3__rosidl_typesupport_introspection_cpp.dir/rosidl_typesupport_introspection_cpp/messages_fr3/srv/detail/set_mode__type_support.cpp.o[0m
[1.705s] [ 40%] [32mBuilding CXX object CMakeFiles/messages_fr3__rosidl_typesupport_fastrtps_cpp.dir/rosidl_typesupport_fastrtps_cpp/messages_fr3/srv/detail/dds_fastrtps/set_pose__type_support.cpp.o[0m
[1.711s] [ 41%] [32mBuilding CXX object CMakeFiles/messages_fr3__rosidl_typesupport_fastrtps_cpp.dir/rosidl_typesupport_fastrtps_cpp/messages_fr3/srv/detail/dds_fastrtps/set_force__type_support.cpp.o[0m
[1.718s] [ 43%] [32mBuilding CXX object CMakeFiles/messages_fr3__rosidl_typesupport_fastrtps_cpp.dir/rosidl_typesupport_fastrtps_cpp/messages_fr3/srv/detail/dds_fastrtps/set_param__type_support.cpp.o[0m
[1.741s] [ 45%] [32mBuilding CXX object CMakeFiles/messages_fr3__rosidl_typesupport_fastrtps_cpp.dir/rosidl_typesupport_fastrtps_cpp/messages_fr3/srv/detail/dds_fastrtps/set_mode__type_support.cpp.o[0m
[1.811s] [ 47%] [32mBuilding CXX object CMakeFiles/messages_fr3__rosidl_typesupport_c.dir/rosidl_typesupport_c/messages_fr3/srv/set_pose__type_support.cpp.o[0m
[1.823s] [ 49%] [32mBuilding CXX object CMakeFiles/messages_fr3__rosidl_typesupport_c.dir/rosidl_typesupport_c/messages_fr3/srv/set_param__type_support.cpp.o[0m
[1.832s] [ 50%] [32m[1mLinking CXX shared library libmessages_fr3__rosidl_typesupport_cpp.so[0m
[1.845s] [ 52%] [32mBuilding CXX object CMakeFiles/messages_fr3__rosidl_typesupport_c.dir/rosidl_typesupport_c/messages_fr3/srv/set_mode__type_support.cpp.o[0m
[1.867s] [ 54%] [32mBuilding CXX object CMakeFiles/messages_fr3__rosidl_typesupport_c.dir/rosidl_typesupport_c/messages_fr3/srv/set_force__type_support.cpp.o[0m
[1.948s] [ 56%] [32mBuilding C object CMakeFiles/messages_fr3__rosidl_typesupport_introspection_c.dir/rosidl_typesupport_introspection_c/messages_fr3/srv/detail/set_pose__type_support.c.o[0m
[1.962s] [ 58%] [32mBuilding C object CMakeFiles/messages_fr3__rosidl_typesupport_introspection_c.dir/rosidl_typesupport_introspection_c/messages_fr3/srv/detail/set_param__type_support.c.o[0m
[1.969s] [ 60%] [32mBuilding C object CMakeFiles/messages_fr3__rosidl_typesupport_introspection_c.dir/rosidl_typesupport_introspection_c/messages_fr3/srv/detail/set_force__type_support.c.o[0m
[2.047s] [ 61%] [32m[1mLinking CXX shared library libmessages_fr3__rosidl_typesupport_c.so[0m
[2.055s] [ 63%] [32mBuilding C object CMakeFiles/messages_fr3__rosidl_typesupport_introspection_c.dir/rosidl_typesupport_introspection_c/messages_fr3/srv/detail/set_mode__type_support.c.o[0m
[2.083s] [ 63%] Built target messages_fr3__rosidl_typesupport_cpp
[2.161s] [ 65%] [32mBuilding CXX object CMakeFiles/messages_fr3__rosidl_typesupport_fastrtps_c.dir/rosidl_typesupport_fastrtps_c/messages_fr3/srv/detail/set_pose__type_support_c.cpp.o[0m
[2.181s] [ 67%] [32mBuilding CXX object CMakeFiles/messages_fr3__rosidl_typesupport_fastrtps_c.dir/rosidl_typesupport_fastrtps_c/messages_fr3/srv/detail/set_force__type_support_c.cpp.o[0m
[2.187s] [ 69%] [32mBuilding CXX object CMakeFiles/messages_fr3__rosidl_typesupport_fastrtps_c.dir/rosidl_typesupport_fastrtps_c/messages_fr3/srv/detail/set_param__type_support_c.cpp.o[0m
[2.195s] [ 70%] [32m[1mLinking C shared library libmessages_fr3__rosidl_typesupport_introspection_c.so[0m
[2.196s] [ 72%] [32mBuilding CXX object CMakeFiles/messages_fr3__rosidl_typesupport_fastrtps_c.dir/rosidl_typesupport_fastrtps_c/messages_fr3/srv/detail/set_mode__type_support_c.cpp.o[0m
[2.211s] [ 72%] Built target messages_fr3__rosidl_typesupport_c
[2.247s] [ 74%] [32m[1mLinking CXX shared library libmessages_fr3__rosidl_typesupport_introspection_cpp.so[0m
[2.283s] [ 74%] Built target messages_fr3__rosidl_typesupport_introspection_c
[2.338s] [ 74%] Built target messages_fr3__rosidl_typesupport_introspection_cpp
[2.561s] [ 76%] [32m[1mLinking CXX shared library libmessages_fr3__rosidl_typesupport_fastrtps_cpp.so[0m
[2.720s] [ 76%] Built target messages_fr3__rosidl_typesupport_fastrtps_cpp
[2.784s] [ 78%] [32m[1mLinking CXX shared library libmessages_fr3__rosidl_typesupport_fastrtps_c.so[0m
[2.916s] [ 78%] Built target messages_fr3__rosidl_typesupport_fastrtps_c
[2.949s] [ 78%] Built target messages_fr3
[2.981s] [ 80%] [34m[1mGenerating Python code for ROS interfaces[0m
[3.926s] [ 80%] Built target messages_fr3__py
[3.968s] [ 83%] [32mBuilding C object CMakeFiles/messages_fr3__rosidl_generator_py.dir/rosidl_generator_py/messages_fr3/srv/_set_param_s.c.o[0m
[3.968s] [ 83%] [32mBuilding C object CMakeFiles/messages_fr3__rosidl_generator_py.dir/rosidl_generator_py/messages_fr3/srv/_set_pose_s.c.o[0m
[3.972s] [ 85%] [32mBuilding C object CMakeFiles/messages_fr3__rosidl_generator_py.dir/rosidl_generator_py/messages_fr3/srv/_set_force_s.c.o[0m
[3.973s] [ 87%] [32mBuilding C object CMakeFiles/messages_fr3__rosidl_generator_py.dir/rosidl_generator_py/messages_fr3/srv/_set_mode_s.c.o[0m
[4.170s] [ 89%] [32m[1mLinking C shared library rosidl_generator_py/messages_fr3/libmessages_fr3__rosidl_generator_py.so[0m
[4.239s] [ 89%] Built target messages_fr3__rosidl_generator_py
[4.276s] [ 90%] [32mBuilding C object CMakeFiles/messages_fr3__rosidl_typesupport_fastrtps_c__pyext.dir/rosidl_generator_py/messages_fr3/_messages_fr3_s.ep.rosidl_typesupport_fastrtps_c.c.o[0m
[4.278s] [ 92%] [32mBuilding C object CMakeFiles/messages_fr3__rosidl_typesupport_introspection_c__pyext.dir/rosidl_generator_py/messages_fr3/_messages_fr3_s.ep.rosidl_typesupport_introspection_c.c.o[0m
[4.282s] [ 94%] [32mBuilding C object CMakeFiles/messages_fr3__rosidl_typesupport_c__pyext.dir/rosidl_generator_py/messages_fr3/_messages_fr3_s.ep.rosidl_typesupport_c.c.o[0m
[4.519s] [ 96%] [32m[1mLinking C shared library rosidl_generator_py/messages_fr3/messages_fr3_s__rosidl_typesupport_c.cpython-310-x86_64-linux-gnu.so[0m
[4.537s] [ 98%] [32m[1mLinking C shared library rosidl_generator_py/messages_fr3/messages_fr3_s__rosidl_typesupport_introspection_c.cpython-310-x86_64-linux-gnu.so[0m
[4.579s] [ 98%] Built target messages_fr3__rosidl_typesupport_c__pyext
[4.594s] [100%] [32m[1mLinking C shared library rosidl_generator_py/messages_fr3/messages_fr3_s__rosidl_typesupport_fastrtps_c.cpython-310-x86_64-linux-gnu.so[0m
[4.597s] [100%] Built target messages_fr3__rosidl_typesupport_introspection_c__pyext
[4.654s] [100%] Built target messages_fr3__rosidl_typesupport_fastrtps_c__pyext
[4.675s] Invoked command in '/home/simi/franka_ros2_ws/build/messages_fr3' returned '0': CMAKE_PREFIX_PATH=${CMAKE_PREFIX_PATH}:/opt/ros/humble /usr/bin/cmake --build /home/simi/franka_ros2_ws/build/messages_fr3 -- -j16 -l16
[4.941s] Invoking command in '/home/simi/franka_ros2_ws/build/messages_fr3': CMAKE_PREFIX_PATH=${CMAKE_PREFIX_PATH}:/opt/ros/humble /usr/bin/cmake --install /home/simi/franka_ros2_ws/build/messages_fr3
[4.953s] -- Install configuration: "Release"
[4.953s] -- Up-to-date: /home/simi/franka_ros2_ws/install/messages_fr3/share/ament_index/resource_index/rosidl_interfaces/messages_fr3
[4.953s] -- Up-to-date: /home/simi/franka_ros2_ws/install/messages_fr3/include/messages_fr3/messages_fr3
[4.953s] -- Up-to-date: /home/simi/franka_ros2_ws/install/messages_fr3/include/messages_fr3/messages_fr3/srv
[4.953s] -- Up-to-date: /home/simi/franka_ros2_ws/install/messages_fr3/include/messages_fr3/messages_fr3/srv/detail
[4.954s] -- Installing: /home/simi/franka_ros2_ws/install/messages_fr3/include/messages_fr3/messages_fr3/srv/detail/set_param__type_support.h
[4.954s] -- Installing: /home/simi/franka_ros2_ws/install/messages_fr3/include/messages_fr3/messages_fr3/srv/detail/set_force__functions.h
[4.954s] -- Installing: /home/simi/franka_ros2_ws/install/messages_fr3/include/messages_fr3/messages_fr3/srv/detail/set_param__functions.c
[4.954s] -- Installing: /home/simi/franka_ros2_ws/install/messages_fr3/include/messages_fr3/messages_fr3/srv/detail/set_mode__type_support.h
[4.954s] -- Installing: /home/simi/franka_ros2_ws/install/messages_fr3/include/messages_fr3/messages_fr3/srv/detail/set_force__struct.h
[4.954s] -- Installing: /home/simi/franka_ros2_ws/install/messages_fr3/include/messages_fr3/messages_fr3/srv/detail/set_param__struct.h
[4.954s] -- Installing: /home/simi/franka_ros2_ws/install/messages_fr3/include/messages_fr3/messages_fr3/srv/detail/set_mode__functions.h
[4.954s] -- Installing: /home/simi/franka_ros2_ws/install/messages_fr3/include/messages_fr3/messages_fr3/srv/detail/set_param__functions.h
[4.954s] -- Installing: /home/simi/franka_ros2_ws/install/messages_fr3/include/messages_fr3/messages_fr3/srv/detail/set_pose__functions.c
[4.955s] -- Installing: /home/simi/franka_ros2_ws/install/messages_fr3/include/messages_fr3/messages_fr3/srv/detail/set_mode__functions.c
[4.955s] -- Installing: /home/simi/franka_ros2_ws/install/messages_fr3/include/messages_fr3/messages_fr3/srv/detail/set_pose__struct.h
[4.955s] -- Installing: /home/simi/franka_ros2_ws/install/messages_fr3/include/messages_fr3/messages_fr3/srv/detail/set_force__type_support.h
[4.955s] -- Installing: /home/simi/franka_ros2_ws/install/messages_fr3/include/messages_fr3/messages_fr3/srv/detail/set_pose__functions.h
[4.956s] -- Installing: /home/simi/franka_ros2_ws/install/messages_fr3/include/messages_fr3/messages_fr3/srv/detail/set_force__functions.c
[4.956s] -- Installing: /home/simi/franka_ros2_ws/install/messages_fr3/include/messages_fr3/messages_fr3/srv/detail/set_pose__type_support.h
[4.956s] -- Installing: /home/simi/franka_ros2_ws/install/messages_fr3/include/messages_fr3/messages_fr3/srv/detail/set_mode__struct.h
[4.956s] -- Installing: /home/simi/franka_ros2_ws/install/messages_fr3/include/messages_fr3/messages_fr3/srv/set_mode.h
[4.956s] -- Installing: /home/simi/franka_ros2_ws/install/messages_fr3/include/messages_fr3/messages_fr3/srv/set_force.h
[4.957s] -- Installing: /home/simi/franka_ros2_ws/install/messages_fr3/include/messages_fr3/messages_fr3/srv/set_param.h
[4.957s] -- Installing: /home/simi/franka_ros2_ws/install/messages_fr3/include/messages_fr3/messages_fr3/srv/set_pose.h
[4.957s] -- Up-to-date: /home/simi/franka_ros2_ws/install/messages_fr3/include/messages_fr3/messages_fr3/msg
[4.957s] -- Up-to-date: /home/simi/franka_ros2_ws/install/messages_fr3/include/messages_fr3/messages_fr3/msg/rosidl_generator_c__visibility_control.h
[4.957s] -- Up-to-date: /home/simi/franka_ros2_ws/install/messages_fr3/share/messages_fr3/environment/library_path.sh
[4.957s] -- Up-to-date: /home/simi/franka_ros2_ws/install/messages_fr3/share/messages_fr3/environment/library_path.dsv
[4.957s] -- Installing: /home/simi/franka_ros2_ws/install/messages_fr3/lib/libmessages_fr3__rosidl_generator_c.so
[4.958s] -- Set runtime path of "/home/simi/franka_ros2_ws/install/messages_fr3/lib/libmessages_fr3__rosidl_generator_c.so" to ""
[4.959s] -- Up-to-date: /home/simi/franka_ros2_ws/install/messages_fr3/include/messages_fr3/messages_fr3
[4.959s] -- Up-to-date: /home/simi/franka_ros2_ws/install/messages_fr3/include/messages_fr3/messages_fr3/srv
[4.959s] -- Up-to-date: /home/simi/franka_ros2_ws/install/messages_fr3/include/messages_fr3/messages_fr3/srv/detail
[4.959s] -- Installing: /home/simi/franka_ros2_ws/install/messages_fr3/include/messages_fr3/messages_fr3/srv/detail/set_param__rosidl_typesupport_fastrtps_c.h
[4.959s] -- Installing: /home/simi/franka_ros2_ws/install/messages_fr3/include/messages_fr3/messages_fr3/srv/detail/set_mode__rosidl_typesupport_fastrtps_c.h
[4.959s] -- Installing: /home/simi/franka_ros2_ws/install/messages_fr3/include/messages_fr3/messages_fr3/srv/detail/set_force__rosidl_typesupport_fastrtps_c.h
[4.959s] -- Installing: /home/simi/franka_ros2_ws/install/messages_fr3/include/messages_fr3/messages_fr3/srv/detail/set_pose__rosidl_typesupport_fastrtps_c.h
[4.959s] -- Up-to-date: /home/simi/franka_ros2_ws/install/messages_fr3/include/messages_fr3/messages_fr3/msg
[4.959s] -- Up-to-date: /home/simi/franka_ros2_ws/install/messages_fr3/include/messages_fr3/messages_fr3/msg/rosidl_typesupport_fastrtps_c__visibility_control.h
[4.960s] -- Installing: /home/simi/franka_ros2_ws/install/messages_fr3/lib/libmessages_fr3__rosidl_typesupport_fastrtps_c.so
[4.960s] -- Set runtime path of "/home/simi/franka_ros2_ws/install/messages_fr3/lib/libmessages_fr3__rosidl_typesupport_fastrtps_c.so" to ""
[4.961s] -- Up-to-date: /home/simi/franka_ros2_ws/install/messages_fr3/include/messages_fr3/messages_fr3
[4.961s] -- Up-to-date: /home/simi/franka_ros2_ws/install/messages_fr3/include/messages_fr3/messages_fr3/srv
[4.961s] -- Up-to-date: /home/simi/franka_ros2_ws/install/messages_fr3/include/messages_fr3/messages_fr3/srv/detail
[4.961s] -- Installing: /home/simi/franka_ros2_ws/install/messages_fr3/include/messages_fr3/messages_fr3/srv/detail/set_mode__rosidl_typesupport_introspection_c.h
[4.961s] -- Installing: /home/simi/franka_ros2_ws/install/messages_fr3/include/messages_fr3/messages_fr3/srv/detail/set_param__rosidl_typesupport_introspection_c.h
[4.961s] -- Installing: /home/simi/franka_ros2_ws/install/messages_fr3/include/messages_fr3/messages_fr3/srv/detail/set_force__type_support.c
[4.961s] -- Installing: /home/simi/franka_ros2_ws/install/messages_fr3/include/messages_fr3/messages_fr3/srv/detail/set_pose__rosidl_typesupport_introspection_c.h
[4.961s] -- Installing: /home/simi/franka_ros2_ws/install/messages_fr3/include/messages_fr3/messages_fr3/srv/detail/set_force__rosidl_typesupport_introspection_c.h
[4.962s] -- Installing: /home/simi/franka_ros2_ws/install/messages_fr3/include/messages_fr3/messages_fr3/srv/detail/set_pose__type_support.c
[4.962s] -- Installing: /home/simi/franka_ros2_ws/install/messages_fr3/include/messages_fr3/messages_fr3/srv/detail/set_mode__type_support.c
[4.962s] -- Installing: /home/simi/franka_ros2_ws/install/messages_fr3/include/messages_fr3/messages_fr3/srv/detail/set_param__type_support.c
[4.962s] -- Up-to-date: /home/simi/franka_ros2_ws/install/messages_fr3/include/messages_fr3/messages_fr3/msg
[4.962s] -- Up-to-date: /home/simi/franka_ros2_ws/install/messages_fr3/include/messages_fr3/messages_fr3/msg/rosidl_typesupport_introspection_c__visibility_control.h
[4.962s] -- Installing: /home/simi/franka_ros2_ws/install/messages_fr3/lib/libmessages_fr3__rosidl_typesupport_introspection_c.so
[4.963s] -- Set runtime path of "/home/simi/franka_ros2_ws/install/messages_fr3/lib/libmessages_fr3__rosidl_typesupport_introspection_c.so" to ""
[4.963s] -- Installing: /home/simi/franka_ros2_ws/install/messages_fr3/lib/libmessages_fr3__rosidl_typesupport_c.so
[4.964s] -- Set runtime path of "/home/simi/franka_ros2_ws/install/messages_fr3/lib/libmessages_fr3__rosidl_typesupport_c.so" to ""
[4.964s] -- Up-to-date: /home/simi/franka_ros2_ws/install/messages_fr3/include/messages_fr3/messages_fr3
[4.964s] -- Up-to-date: /home/simi/franka_ros2_ws/install/messages_fr3/include/messages_fr3/messages_fr3/srv
[4.964s] -- Up-to-date: /home/simi/franka_ros2_ws/install/messages_fr3/include/messages_fr3/messages_fr3/srv/detail
[4.964s] -- Installing: /home/simi/franka_ros2_ws/install/messages_fr3/include/messages_fr3/messages_fr3/srv/detail/set_mode__struct.hpp
[4.965s] -- Installing: /home/simi/franka_ros2_ws/install/messages_fr3/include/messages_fr3/messages_fr3/srv/detail/set_mode__builder.hpp
[4.965s] -- Installing: /home/simi/franka_ros2_ws/install/messages_fr3/include/messages_fr3/messages_fr3/srv/detail/set_force__builder.hpp
[4.965s] -- Installing: /home/simi/franka_ros2_ws/install/messages_fr3/include/messages_fr3/messages_fr3/srv/detail/set_param__struct.hpp
[4.965s] -- Installing: /home/simi/franka_ros2_ws/install/messages_fr3/include/messages_fr3/messages_fr3/srv/detail/set_pose__builder.hpp
[4.965s] -- Installing: /home/simi/franka_ros2_ws/install/messages_fr3/include/messages_fr3/messages_fr3/srv/detail/set_pose__traits.hpp
[4.965s] -- Installing: /home/simi/franka_ros2_ws/install/messages_fr3/include/messages_fr3/messages_fr3/srv/detail/set_pose__struct.hpp
[4.965s] -- Installing: /home/simi/franka_ros2_ws/install/messages_fr3/include/messages_fr3/messages_fr3/srv/detail/set_force__struct.hpp
[4.966s] -- Installing: /home/simi/franka_ros2_ws/install/messages_fr3/include/messages_fr3/messages_fr3/srv/detail/set_param__traits.hpp
[4.966s] -- Installing: /home/simi/franka_ros2_ws/install/messages_fr3/include/messages_fr3/messages_fr3/srv/detail/set_param__builder.hpp
[4.966s] -- Installing: /home/simi/franka_ros2_ws/install/messages_fr3/include/messages_fr3/messages_fr3/srv/detail/set_mode__traits.hpp
[4.966s] -- Installing: /home/simi/franka_ros2_ws/install/messages_fr3/include/messages_fr3/messages_fr3/srv/detail/set_force__traits.hpp
[4.966s] -- Installing: /home/simi/franka_ros2_ws/install/messages_fr3/include/messages_fr3/messages_fr3/srv/set_mode.hpp
[4.967s] -- Installing: /home/simi/franka_ros2_ws/install/messages_fr3/include/messages_fr3/messages_fr3/srv/set_param.hpp
[4.967s] -- Installing: /home/simi/franka_ros2_ws/install/messages_fr3/include/messages_fr3/messages_fr3/srv/set_pose.hpp
[4.967s] -- Installing: /home/simi/franka_ros2_ws/install/messages_fr3/include/messages_fr3/messages_fr3/srv/set_force.hpp
[4.967s] -- Up-to-date: /home/simi/franka_ros2_ws/install/messages_fr3/include/messages_fr3/messages_fr3
[4.967s] -- Up-to-date: /home/simi/franka_ros2_ws/install/messages_fr3/include/messages_fr3/messages_fr3/srv
[4.968s] -- Up-to-date: /home/simi/franka_ros2_ws/install/messages_fr3/include/messages_fr3/messages_fr3/srv/detail
[4.968s] -- Installing: /home/simi/franka_ros2_ws/install/messages_fr3/include/messages_fr3/messages_fr3/srv/detail/set_pose__rosidl_typesupport_fastrtps_cpp.hpp
[4.968s] -- Installing: /home/simi/franka_ros2_ws/install/messages_fr3/include/messages_fr3/messages_fr3/srv/detail/set_param__rosidl_typesupport_fastrtps_cpp.hpp
[4.968s] -- Installing: /home/simi/franka_ros2_ws/install/messages_fr3/include/messages_fr3/messages_fr3/srv/detail/set_mode__rosidl_typesupport_fastrtps_cpp.hpp
[4.968s] -- Installing: /home/simi/franka_ros2_ws/install/messages_fr3/include/messages_fr3/messages_fr3/srv/detail/set_force__rosidl_typesupport_fastrtps_cpp.hpp
[4.968s] -- Up-to-date: /home/simi/franka_ros2_ws/install/messages_fr3/include/messages_fr3/messages_fr3/srv/detail/dds_fastrtps
[4.968s] -- Up-to-date: /home/simi/franka_ros2_ws/install/messages_fr3/include/messages_fr3/messages_fr3/msg
[4.968s] -- Up-to-date: /home/simi/franka_ros2_ws/install/messages_fr3/include/messages_fr3/messages_fr3/msg/rosidl_typesupport_fastrtps_cpp__visibility_control.h
[4.969s] -- Installing: /home/simi/franka_ros2_ws/install/messages_fr3/lib/libmessages_fr3__rosidl_typesupport_fastrtps_cpp.so
[4.969s] -- Set runtime path of "/home/simi/franka_ros2_ws/install/messages_fr3/lib/libmessages_fr3__rosidl_typesupport_fastrtps_cpp.so" to ""
[4.969s] -- Up-to-date: /home/simi/franka_ros2_ws/install/messages_fr3/include/messages_fr3/messages_fr3
[4.970s] -- Up-to-date: /home/simi/franka_ros2_ws/install/messages_fr3/include/messages_fr3/messages_fr3/srv
[4.970s] -- Up-to-date: /home/simi/franka_ros2_ws/install/messages_fr3/include/messages_fr3/messages_fr3/srv/detail
[4.970s] -- Installing: /home/simi/franka_ros2_ws/install/messages_fr3/include/messages_fr3/messages_fr3/srv/detail/set_param__rosidl_typesupport_introspection_cpp.hpp
[4.970s] -- Installing: /home/simi/franka_ros2_ws/install/messages_fr3/include/messages_fr3/messages_fr3/srv/detail/set_pose__rosidl_typesupport_introspection_cpp.hpp
[4.970s] -- Installing: /home/simi/franka_ros2_ws/install/messages_fr3/include/messages_fr3/messages_fr3/srv/detail/set_mode__type_support.cpp
[4.970s] -- Installing: /home/simi/franka_ros2_ws/install/messages_fr3/include/messages_fr3/messages_fr3/srv/detail/set_mode__rosidl_typesupport_introspection_cpp.hpp
[4.971s] -- Installing: /home/simi/franka_ros2_ws/install/messages_fr3/include/messages_fr3/messages_fr3/srv/detail/set_force__type_support.cpp
[4.971s] -- Installing: /home/simi/franka_ros2_ws/install/messages_fr3/include/messages_fr3/messages_fr3/srv/detail/set_param__type_support.cpp
[4.971s] -- Installing: /home/simi/franka_ros2_ws/install/messages_fr3/include/messages_fr3/messages_fr3/srv/detail/set_pose__type_support.cpp
[4.971s] -- Installing: /home/simi/franka_ros2_ws/install/messages_fr3/include/messages_fr3/messages_fr3/srv/detail/set_force__rosidl_typesupport_introspection_cpp.hpp
[4.971s] -- Installing: /home/simi/franka_ros2_ws/install/messages_fr3/lib/libmessages_fr3__rosidl_typesupport_introspection_cpp.so
[4.972s] -- Set runtime path of "/home/simi/franka_ros2_ws/install/messages_fr3/lib/libmessages_fr3__rosidl_typesupport_introspection_cpp.so" to ""
[4.972s] -- Installing: /home/simi/franka_ros2_ws/install/messages_fr3/lib/libmessages_fr3__rosidl_typesupport_cpp.so
[4.973s] -- Set runtime path of "/home/simi/franka_ros2_ws/install/messages_fr3/lib/libmessages_fr3__rosidl_typesupport_cpp.so" to ""
[4.973s] -- Up-to-date: /home/simi/franka_ros2_ws/install/messages_fr3/share/messages_fr3/environment/pythonpath.sh
[4.973s] -- Up-to-date: /home/simi/franka_ros2_ws/install/messages_fr3/share/messages_fr3/environment/pythonpath.dsv
[4.973s] -- Up-to-date: /home/simi/franka_ros2_ws/install/messages_fr3/local/lib/python3.10/dist-packages/messages_fr3-0.0.0-py3.10.egg-info
[4.973s] -- Installing: /home/simi/franka_ros2_ws/install/messages_fr3/local/lib/python3.10/dist-packages/messages_fr3-0.0.0-py3.10.egg-info/dependency_links.txt
[4.973s] -- Installing: /home/simi/franka_ros2_ws/install/messages_fr3/local/lib/python3.10/dist-packages/messages_fr3-0.0.0-py3.10.egg-info/top_level.txt
[4.973s] -- Installing: /home/simi/franka_ros2_ws/install/messages_fr3/local/lib/python3.10/dist-packages/messages_fr3-0.0.0-py3.10.egg-info/PKG-INFO
[4.973s] -- Installing: /home/simi/franka_ros2_ws/install/messages_fr3/local/lib/python3.10/dist-packages/messages_fr3-0.0.0-py3.10.egg-info/SOURCES.txt
[4.974s] -- Up-to-date: /home/simi/franka_ros2_ws/install/messages_fr3/local/lib/python3.10/dist-packages/messages_fr3
[4.974s] -- Up-to-date: /home/simi/franka_ros2_ws/install/messages_fr3/local/lib/python3.10/dist-packages/messages_fr3/__init__.py
[4.974s] -- Installing: /home/simi/franka_ros2_ws/install/messages_fr3/local/lib/python3.10/dist-packages/messages_fr3/messages_fr3_s__rosidl_typesupport_introspection_c.cpython-310-x86_64-linux-gnu.so
[4.974s] -- Installing: /home/simi/franka_ros2_ws/install/messages_fr3/local/lib/python3.10/dist-packages/messages_fr3/messages_fr3_s__rosidl_typesupport_c.cpython-310-x86_64-linux-gnu.so
[4.974s] -- Installing: /home/simi/franka_ros2_ws/install/messages_fr3/local/lib/python3.10/dist-packages/messages_fr3/libmessages_fr3__rosidl_generator_py.so
[4.974s] -- Up-to-date: /home/simi/franka_ros2_ws/install/messages_fr3/local/lib/python3.10/dist-packages/messages_fr3/srv
[4.975s] -- Installing: /home/simi/franka_ros2_ws/install/messages_fr3/local/lib/python3.10/dist-packages/messages_fr3/srv/_set_param_s.c
[4.975s] -- Installing: /home/simi/franka_ros2_ws/install/messages_fr3/local/lib/python3.10/dist-packages/messages_fr3/srv/_set_mode_s.c
[4.975s] -- Installing: /home/simi/franka_ros2_ws/install/messages_fr3/local/lib/python3.10/dist-packages/messages_fr3/srv/__init__.py
[4.975s] -- Installing: /home/simi/franka_ros2_ws/install/messages_fr3/local/lib/python3.10/dist-packages/messages_fr3/srv/_set_mode.py
[4.975s] -- Installing: /home/simi/franka_ros2_ws/install/messages_fr3/local/lib/python3.10/dist-packages/messages_fr3/srv/_set_pose.py
[4.976s] -- Installing: /home/simi/franka_ros2_ws/install/messages_fr3/local/lib/python3.10/dist-packages/messages_fr3/srv/_set_force_s.c
[4.976s] -- Installing: /home/simi/franka_ros2_ws/install/messages_fr3/local/lib/python3.10/dist-packages/messages_fr3/srv/_set_pose_s.c
[4.976s] -- Installing: /home/simi/franka_ros2_ws/install/messages_fr3/local/lib/python3.10/dist-packages/messages_fr3/srv/_set_force.py
[4.976s] -- Installing: /home/simi/franka_ros2_ws/install/messages_fr3/local/lib/python3.10/dist-packages/messages_fr3/srv/_set_param.py
[4.977s] -- Installing: /home/simi/franka_ros2_ws/install/messages_fr3/local/lib/python3.10/dist-packages/messages_fr3/_messages_fr3_s.ep.rosidl_typesupport_c.c
[4.977s] -- Installing: /home/simi/franka_ros2_ws/install/messages_fr3/local/lib/python3.10/dist-packages/messages_fr3/_messages_fr3_s.ep.rosidl_typesupport_fastrtps_c.c
[4.977s] -- Installing: /home/simi/franka_ros2_ws/install/messages_fr3/local/lib/python3.10/dist-packages/messages_fr3/messages_fr3_s__rosidl_typesupport_fastrtps_c.cpython-310-x86_64-linux-gnu.so
[4.978s] -- Installing: /home/simi/franka_ros2_ws/install/messages_fr3/local/lib/python3.10/dist-packages/messages_fr3/_messages_fr3_s.ep.rosidl_typesupport_introspection_c.c
[5.026s] Listing '/home/simi/franka_ros2_ws/install/messages_fr3/local/lib/python3.10/dist-packages/messages_fr3'...
[5.026s] Listing '/home/simi/franka_ros2_ws/install/messages_fr3/local/lib/python3.10/dist-packages/messages_fr3/srv'...
[5.026s] Compiling '/home/simi/franka_ros2_ws/install/messages_fr3/local/lib/python3.10/dist-packages/messages_fr3/srv/__init__.py'...
[5.027s] Compiling '/home/simi/franka_ros2_ws/install/messages_fr3/local/lib/python3.10/dist-packages/messages_fr3/srv/_set_force.py'...
[5.027s] Compiling '/home/simi/franka_ros2_ws/install/messages_fr3/local/lib/python3.10/dist-packages/messages_fr3/srv/_set_mode.py'...
[5.027s] Compiling '/home/simi/franka_ros2_ws/install/messages_fr3/local/lib/python3.10/dist-packages/messages_fr3/srv/_set_param.py'...
[5.027s] Compiling '/home/simi/franka_ros2_ws/install/messages_fr3/local/lib/python3.10/dist-packages/messages_fr3/srv/_set_pose.py'...
[5.035s] -- Installing: /home/simi/franka_ros2_ws/install/messages_fr3/local/lib/python3.10/dist-packages/messages_fr3/messages_fr3_s__rosidl_typesupport_fastrtps_c.cpython-310-x86_64-linux-gnu.so
[5.036s] -- Set runtime path of "/home/simi/franka_ros2_ws/install/messages_fr3/local/lib/python3.10/dist-packages/messages_fr3/messages_fr3_s__rosidl_typesupport_fastrtps_c.cpython-310-x86_64-linux-gnu.so" to ""
[5.036s] -- Installing: /home/simi/franka_ros2_ws/install/messages_fr3/local/lib/python3.10/dist-packages/messages_fr3/messages_fr3_s__rosidl_typesupport_introspection_c.cpython-310-x86_64-linux-gnu.so
[5.036s] -- Set runtime path of "/home/simi/franka_ros2_ws/install/messages_fr3/local/lib/python3.10/dist-packages/messages_fr3/messages_fr3_s__rosidl_typesupport_introspection_c.cpython-310-x86_64-linux-gnu.so" to ""
[5.037s] -- Installing: /home/simi/franka_ros2_ws/install/messages_fr3/local/lib/python3.10/dist-packages/messages_fr3/messages_fr3_s__rosidl_typesupport_c.cpython-310-x86_64-linux-gnu.so
[5.037s] -- Set runtime path of "/home/simi/franka_ros2_ws/install/messages_fr3/local/lib/python3.10/dist-packages/messages_fr3/messages_fr3_s__rosidl_typesupport_c.cpython-310-x86_64-linux-gnu.so" to ""
[5.037s] -- Installing: /home/simi/franka_ros2_ws/install/messages_fr3/lib/libmessages_fr3__rosidl_generator_py.so
[5.038s] -- Set runtime path of "/home/simi/franka_ros2_ws/install/messages_fr3/lib/libmessages_fr3__rosidl_generator_py.so" to ""
[5.038s] -- Up-to-date: /home/simi/franka_ros2_ws/install/messages_fr3/share/messages_fr3/srv/SetPose.idl
[5.038s] -- Up-to-date: /home/simi/franka_ros2_ws/install/messages_fr3/share/messages_fr3/srv/SetParam.idl
[5.038s] -- Up-to-date: /home/simi/franka_ros2_ws/install/messages_fr3/share/messages_fr3/srv/SetForce.idl
[5.038s] -- Up-to-date: /home/simi/franka_ros2_ws/install/messages_fr3/share/messages_fr3/srv/SetMode.idl
[5.038s] -- Up-to-date: /home/simi/franka_ros2_ws/install/messages_fr3/share/messages_fr3/srv/SetPose.srv
[5.038s] -- Up-to-date: /home/simi/franka_ros2_ws/install/messages_fr3/share/messages_fr3/srv/SetPose_Request.msg
[5.039s] -- Up-to-date: /home/simi/franka_ros2_ws/install/messages_fr3/share/messages_fr3/srv/SetPose_Response.msg
[5.039s] -- Up-to-date: /home/simi/franka_ros2_ws/install/messages_fr3/share/messages_fr3/srv/SetParam.srv
[5.039s] -- Up-to-date: /home/simi/franka_ros2_ws/install/messages_fr3/share/messages_fr3/srv/SetParam_Request.msg
[5.039s] -- Up-to-date: /home/simi/franka_ros2_ws/install/messages_fr3/share/messages_fr3/srv/SetParam_Response.msg
[5.039s] -- Up-to-date: /home/simi/franka_ros2_ws/install/messages_fr3/share/messages_fr3/srv/SetForce.srv
[5.039s] -- Up-to-date: /home/simi/franka_ros2_ws/install/messages_fr3/share/messages_fr3/srv/SetForce_Request.msg
[5.039s] -- Up-to-date: /home/simi/franka_ros2_ws/install/messages_fr3/share/messages_fr3/srv/SetForce_Response.msg
[5.039s] -- Up-to-date: /home/simi/franka_ros2_ws/install/messages_fr3/share/messages_fr3/srv/SetMode.srv
[5.040s] -- Up-to-date: /home/simi/franka_ros2_ws/install/messages_fr3/share/messages_fr3/srv/SetMode_Request.msg
[5.040s] -- Up-to-date: /home/simi/franka_ros2_ws/install/messages_fr3/share/messages_fr3/srv/SetMode_Response.msg
[5.040s] -- Up-to-date: /home/simi/franka_ros2_ws/install/messages_fr3/share/ament_index/resource_index/package_run_dependencies/messages_fr3
[5.040s] -- Up-to-date: /home/simi/franka_ros2_ws/install/messages_fr3/share/ament_index/resource_index/parent_prefix_path/messages_fr3
[5.040s] -- Installing: /home/simi/franka_ros2_ws/install/messages_fr3/share/messages_fr3/environment/ament_prefix_path.sh
[5.040s] -- Up-to-date: /home/simi/franka_ros2_ws/install/messages_fr3/share/messages_fr3/environment/ament_prefix_path.dsv
[5.040s] -- Installing: /home/simi/franka_ros2_ws/install/messages_fr3/share/messages_fr3/environment/path.sh
[5.040s] -- Up-to-date: /home/simi/franka_ros2_ws/install/messages_fr3/share/messages_fr3/environment/path.dsv
[5.041s] -- Up-to-date: /home/simi/franka_ros2_ws/install/messages_fr3/share/messages_fr3/local_setup.bash
[5.041s] -- Up-to-date: /home/simi/franka_ros2_ws/install/messages_fr3/share/messages_fr3/local_setup.sh
[5.041s] -- Up-to-date: /home/simi/franka_ros2_ws/install/messages_fr3/share/messages_fr3/local_setup.zsh
[5.041s] -- Up-to-date: /home/simi/franka_ros2_ws/install/messages_fr3/share/messages_fr3/local_setup.dsv
[5.041s] -- Installing: /home/simi/franka_ros2_ws/install/messages_fr3/share/messages_fr3/package.dsv
[5.041s] -- Up-to-date: /home/simi/franka_ros2_ws/install/messages_fr3/share/ament_index/resource_index/packages/messages_fr3
[5.041s] -- Up-to-date: /home/simi/franka_ros2_ws/install/messages_fr3/share/messages_fr3/cmake/export_messages_fr3__rosidl_generator_cExport.cmake
[5.041s] -- Up-to-date: /home/simi/franka_ros2_ws/install/messages_fr3/share/messages_fr3/cmake/export_messages_fr3__rosidl_generator_cExport-release.cmake
[5.041s] -- Up-to-date: /home/simi/franka_ros2_ws/install/messages_fr3/share/messages_fr3/cmake/export_messages_fr3__rosidl_typesupport_fastrtps_cExport.cmake
[5.041s] -- Up-to-date: /home/simi/franka_ros2_ws/install/messages_fr3/share/messages_fr3/cmake/export_messages_fr3__rosidl_typesupport_fastrtps_cExport-release.cmake
[5.042s] -- Up-to-date: /home/simi/franka_ros2_ws/install/messages_fr3/share/messages_fr3/cmake/messages_fr3__rosidl_typesupport_introspection_cExport.cmake
[5.042s] -- Up-to-date: /home/simi/franka_ros2_ws/install/messages_fr3/share/messages_fr3/cmake/messages_fr3__rosidl_typesupport_introspection_cExport-release.cmake
[5.042s] -- Up-to-date: /home/simi/franka_ros2_ws/install/messages_fr3/share/messages_fr3/cmake/messages_fr3__rosidl_typesupport_cExport.cmake
[5.042s] -- Up-to-date: /home/simi/franka_ros2_ws/install/messages_fr3/share/messages_fr3/cmake/messages_fr3__rosidl_typesupport_cExport-release.cmake
[5.042s] -- Up-to-date: /home/simi/franka_ros2_ws/install/messages_fr3/share/messages_fr3/cmake/export_messages_fr3__rosidl_generator_cppExport.cmake
[5.042s] -- Up-to-date: /home/simi/franka_ros2_ws/install/messages_fr3/share/messages_fr3/cmake/export_messages_fr3__rosidl_typesupport_fastrtps_cppExport.cmake
[5.042s] -- Up-to-date: /home/simi/franka_ros2_ws/install/messages_fr3/share/messages_fr3/cmake/export_messages_fr3__rosidl_typesupport_fastrtps_cppExport-release.cmake
[5.042s] -- Up-to-date: /home/simi/franka_ros2_ws/install/messages_fr3/share/messages_fr3/cmake/messages_fr3__rosidl_typesupport_introspection_cppExport.cmake
[5.042s] -- Up-to-date: /home/simi/franka_ros2_ws/install/messages_fr3/share/messages_fr3/cmake/messages_fr3__rosidl_typesupport_introspection_cppExport-release.cmake
[5.042s] -- Up-to-date: /home/simi/franka_ros2_ws/install/messages_fr3/share/messages_fr3/cmake/messages_fr3__rosidl_typesupport_cppExport.cmake
[5.042s] -- Up-to-date: /home/simi/franka_ros2_ws/install/messages_fr3/share/messages_fr3/cmake/messages_fr3__rosidl_typesupport_cppExport-release.cmake
[5.042s] -- Up-to-date: /home/simi/franka_ros2_ws/install/messages_fr3/share/messages_fr3/cmake/export_messages_fr3__rosidl_generator_pyExport.cmake
[5.042s] -- Up-to-date: /home/simi/franka_ros2_ws/install/messages_fr3/share/messages_fr3/cmake/export_messages_fr3__rosidl_generator_pyExport-release.cmake
[5.043s] -- Up-to-date: /home/simi/franka_ros2_ws/install/messages_fr3/share/messages_fr3/cmake/rosidl_cmake-extras.cmake
[5.043s] -- Up-to-date: /home/simi/franka_ros2_ws/install/messages_fr3/share/messages_fr3/cmake/ament_cmake_export_dependencies-extras.cmake
[5.043s] -- Up-to-date: /home/simi/franka_ros2_ws/install/messages_fr3/share/messages_fr3/cmake/ament_cmake_export_include_directories-extras.cmake
[5.043s] -- Up-to-date: /home/simi/franka_ros2_ws/install/messages_fr3/share/messages_fr3/cmake/ament_cmake_export_libraries-extras.cmake
[5.043s] -- Up-to-date: /home/simi/franka_ros2_ws/install/messages_fr3/share/messages_fr3/cmake/ament_cmake_export_targets-extras.cmake
[5.043s] -- Up-to-date: /home/simi/franka_ros2_ws/install/messages_fr3/share/messages_fr3/cmake/rosidl_cmake_export_typesupport_targets-extras.cmake
[5.043s] -- Up-to-date: /home/simi/franka_ros2_ws/install/messages_fr3/share/messages_fr3/cmake/rosidl_cmake_export_typesupport_libraries-extras.cmake
[5.043s] -- Up-to-date: /home/simi/franka_ros2_ws/install/messages_fr3/share/messages_fr3/cmake/messages_fr3Config.cmake
[5.043s] -- Up-to-date: /home/simi/franka_ros2_ws/install/messages_fr3/share/messages_fr3/cmake/messages_fr3Config-version.cmake
[5.043s] -- Up-to-date: /home/simi/franka_ros2_ws/install/messages_fr3/share/messages_fr3/package.xml
[5.045s] Invoked command in '/home/simi/franka_ros2_ws/build/messages_fr3' returned '0': CMAKE_PREFIX_PATH=${CMAKE_PREFIX_PATH}:/opt/ros/humble /usr/bin/cmake --install /home/simi/franka_ros2_ws/build/messages_fr3
