[0.119s] DEBUG:colcon:Command line arguments: ['/usr/bin/colcon', 'list', '-p', '--base-paths', '/home/simi/franka_ros2_ws']
[0.119s] DEBUG:colcon:Parsed command line arguments: Namespace(log_base=None, log_level=None, verb_name='list', build_base='build', ignore_user_meta=False, metas=['./colcon.meta'], base_paths=['/home/simi/franka_ros2_ws'], packages_ignore=None, packages_ignore_regex=None, paths=None, packages_up_to=None, packages_up_to_regex=None, packages_above=None, packages_above_and_dependencies=None, packages_above_depth=None, packages_select_by_dep=None, packages_skip_by_dep=None, packages_skip_up_to=None, packages_select_build_failed=False, packages_skip_build_finished=False, packages_select_test_failures=False, packages_skip_test_passed=False, packages_select=None, packages_skip=None, packages_select_regex=None, packages_skip_regex=None, packages_start=None, packages_end=None, allow_overriding=[], topological_order=False, names_only=False, paths_only=True, topological_graph=False, topological_graph_dot=False, topological_graph_density=False, topological_graph_legend=False, topological_graph_dot_cluster=False, topological_graph_dot_include_skipped=False, verb_parser=<colcon_defaults.argument_parser.defaults.DefaultArgumentsDecorator object at 0x7f793528d360>, verb_extension=<colcon_package_information.verb.list.ListVerb object at 0x7f793528c4f0>, main=<bound method ListVerb.main of <colcon_package_information.verb.list.ListVerb object at 0x7f793528c4f0>>)
[0.295s] Level 1:colcon.colcon_core.package_discovery:discover_packages(colcon_meta) check parameters
[0.295s] Level 1:colcon.colcon_core.package_discovery:discover_packages(recursive) check parameters
[0.295s] Level 1:colcon.colcon_core.package_discovery:discover_packages(ignore) check parameters
[0.295s] Level 1:colcon.colcon_core.package_discovery:discover_packages(path) check parameters
[0.295s] Level 1:colcon.colcon_core.package_discovery:discover_packages(recursive) discover
[0.295s] INFO:colcon.colcon_core.package_discovery:Crawling recursively for packages in '/home/simi/franka_ros2_ws'
[0.296s] Level 1:colcon.colcon_core.package_identification:_identify(/home/simi/franka_ros2_ws) by extensions ['ignore', 'ignore_ament_install']
[0.296s] Level 1:colcon.colcon_core.package_identification:_identify(/home/simi/franka_ros2_ws) by extension 'ignore'
[0.296s] Level 1:colcon.colcon_core.package_identification:_identify(/home/simi/franka_ros2_ws) by extension 'ignore_ament_install'
[0.296s] Level 1:colcon.colcon_core.package_identification:_identify(/home/simi/franka_ros2_ws) by extensions ['colcon_pkg']
[0.296s] Level 1:colcon.colcon_core.package_identification:_identify(/home/simi/franka_ros2_ws) by extension 'colcon_pkg'
[0.296s] Level 1:colcon.colcon_core.package_identification:_identify(/home/simi/franka_ros2_ws) by extensions ['colcon_meta']
[0.296s] Level 1:colcon.colcon_core.package_identification:_identify(/home/simi/franka_ros2_ws) by extension 'colcon_meta'
[0.296s] Level 1:colcon.colcon_core.package_identification:_identify(/home/simi/franka_ros2_ws) by extensions ['ros']
[0.296s] Level 1:colcon.colcon_core.package_identification:_identify(/home/simi/franka_ros2_ws) by extension 'ros'
[0.308s] Level 1:colcon.colcon_core.package_identification:_identify(/home/simi/franka_ros2_ws) by extensions ['cmake', 'python']
[0.309s] Level 1:colcon.colcon_core.package_identification:_identify(/home/simi/franka_ros2_ws) by extension 'cmake'
[0.309s] Level 1:colcon.colcon_core.package_identification:_identify(/home/simi/franka_ros2_ws) by extension 'python'
[0.309s] Level 1:colcon.colcon_core.package_identification:_identify(/home/simi/franka_ros2_ws) by extensions ['python_setup_py']
[0.309s] Level 1:colcon.colcon_core.package_identification:_identify(/home/simi/franka_ros2_ws) by extension 'python_setup_py'
[0.309s] Level 1:colcon.colcon_core.package_identification:_identify(/home/simi/franka_ros2_ws/build) by extensions ['ignore', 'ignore_ament_install']
[0.309s] Level 1:colcon.colcon_core.package_identification:_identify(/home/simi/franka_ros2_ws/build) by extension 'ignore'
[0.309s] Level 1:colcon.colcon_core.package_identification:_identify(/home/simi/franka_ros2_ws/build) ignored
[0.309s] Level 1:colcon.colcon_core.package_identification:_identify(/home/simi/franka_ros2_ws/install) by extensions ['ignore', 'ignore_ament_install']
[0.309s] Level 1:colcon.colcon_core.package_identification:_identify(/home/simi/franka_ros2_ws/install) by extension 'ignore'
[0.309s] Level 1:colcon.colcon_core.package_identification:_identify(/home/simi/franka_ros2_ws/install) ignored
[0.309s] Level 1:colcon.colcon_core.package_identification:_identify(/home/simi/franka_ros2_ws/log) by extensions ['ignore', 'ignore_ament_install']
[0.309s] Level 1:colcon.colcon_core.package_identification:_identify(/home/simi/franka_ros2_ws/log) by extension 'ignore'
[0.309s] Level 1:colcon.colcon_core.package_identification:_identify(/home/simi/franka_ros2_ws/log) ignored
[0.310s] Level 1:colcon.colcon_core.package_identification:_identify(/home/simi/franka_ros2_ws/src) by extensions ['ignore', 'ignore_ament_install']
[0.310s] Level 1:colcon.colcon_core.package_identification:_identify(/home/simi/franka_ros2_ws/src) by extension 'ignore'
[0.310s] Level 1:colcon.colcon_core.package_identification:_identify(/home/simi/franka_ros2_ws/src) by extension 'ignore_ament_install'
[0.310s] Level 1:colcon.colcon_core.package_identification:_identify(/home/simi/franka_ros2_ws/src) by extensions ['colcon_pkg']
[0.310s] Level 1:colcon.colcon_core.package_identification:_identify(/home/simi/franka_ros2_ws/src) by extension 'colcon_pkg'
[0.310s] Level 1:colcon.colcon_core.package_identification:_identify(/home/simi/franka_ros2_ws/src) by extensions ['colcon_meta']
[0.310s] Level 1:colcon.colcon_core.package_identification:_identify(/home/simi/franka_ros2_ws/src) by extension 'colcon_meta'
[0.310s] Level 1:colcon.colcon_core.package_identification:_identify(/home/simi/franka_ros2_ws/src) by extensions ['ros']
[0.310s] Level 1:colcon.colcon_core.package_identification:_identify(/home/simi/franka_ros2_ws/src) by extension 'ros'
[0.310s] Level 1:colcon.colcon_core.package_identification:_identify(/home/simi/franka_ros2_ws/src) by extensions ['cmake', 'python']
[0.310s] Level 1:colcon.colcon_core.package_identification:_identify(/home/simi/franka_ros2_ws/src) by extension 'cmake'
[0.310s] Level 1:colcon.colcon_core.package_identification:_identify(/home/simi/franka_ros2_ws/src) by extension 'python'
[0.310s] Level 1:colcon.colcon_core.package_identification:_identify(/home/simi/franka_ros2_ws/src) by extensions ['python_setup_py']
[0.310s] Level 1:colcon.colcon_core.package_identification:_identify(/home/simi/franka_ros2_ws/src) by extension 'python_setup_py'
[0.310s] Level 1:colcon.colcon_core.package_identification:_identify(/home/simi/franka_ros2_ws/src/build) by extensions ['ignore', 'ignore_ament_install']
[0.310s] Level 1:colcon.colcon_core.package_identification:_identify(/home/simi/franka_ros2_ws/src/build) by extension 'ignore'
[0.310s] Level 1:colcon.colcon_core.package_identification:_identify(/home/simi/franka_ros2_ws/src/build) ignored
[0.310s] Level 1:colcon.colcon_core.package_identification:_identify(/home/simi/franka_ros2_ws/src/cartesian_impedance_control) by extensions ['ignore', 'ignore_ament_install']
[0.310s] Level 1:colcon.colcon_core.package_identification:_identify(/home/simi/franka_ros2_ws/src/cartesian_impedance_control) by extension 'ignore'
[0.310s] Level 1:colcon.colcon_core.package_identification:_identify(/home/simi/franka_ros2_ws/src/cartesian_impedance_control) by extension 'ignore_ament_install'
[0.310s] Level 1:colcon.colcon_core.package_identification:_identify(/home/simi/franka_ros2_ws/src/cartesian_impedance_control) by extensions ['colcon_pkg']
[0.310s] Level 1:colcon.colcon_core.package_identification:_identify(/home/simi/franka_ros2_ws/src/cartesian_impedance_control) by extension 'colcon_pkg'
[0.311s] Level 1:colcon.colcon_core.package_identification:_identify(/home/simi/franka_ros2_ws/src/cartesian_impedance_control) by extensions ['colcon_meta']
[0.311s] Level 1:colcon.colcon_core.package_identification:_identify(/home/simi/franka_ros2_ws/src/cartesian_impedance_control) by extension 'colcon_meta'
[0.311s] Level 1:colcon.colcon_core.package_identification:_identify(/home/simi/franka_ros2_ws/src/cartesian_impedance_control) by extensions ['ros']
[0.311s] Level 1:colcon.colcon_core.package_identification:_identify(/home/simi/franka_ros2_ws/src/cartesian_impedance_control) by extension 'ros'
[0.314s] DEBUG:colcon.colcon_core.package_identification:Package '/home/simi/franka_ros2_ws/src/cartesian_impedance_control' with type 'ros.ament_cmake' and name 'cartesian_impedance_control'
[0.314s] Level 1:colcon.colcon_core.package_identification:_identify(/home/simi/franka_ros2_ws/src/franka_ros2) by extensions ['ignore', 'ignore_ament_install']
[0.314s] Level 1:colcon.colcon_core.package_identification:_identify(/home/simi/franka_ros2_ws/src/franka_ros2) by extension 'ignore'
[0.314s] Level 1:colcon.colcon_core.package_identification:_identify(/home/simi/franka_ros2_ws/src/franka_ros2) by extension 'ignore_ament_install'
[0.314s] Level 1:colcon.colcon_core.package_identification:_identify(/home/simi/franka_ros2_ws/src/franka_ros2) by extensions ['colcon_pkg']
[0.314s] Level 1:colcon.colcon_core.package_identification:_identify(/home/simi/franka_ros2_ws/src/franka_ros2) by extension 'colcon_pkg'
[0.314s] Level 1:colcon.colcon_core.package_identification:_identify(/home/simi/franka_ros2_ws/src/franka_ros2) by extensions ['colcon_meta']
[0.314s] Level 1:colcon.colcon_core.package_identification:_identify(/home/simi/franka_ros2_ws/src/franka_ros2) by extension 'colcon_meta'
[0.315s] Level 1:colcon.colcon_core.package_identification:_identify(/home/simi/franka_ros2_ws/src/franka_ros2) by extensions ['ros']
[0.315s] Level 1:colcon.colcon_core.package_identification:_identify(/home/simi/franka_ros2_ws/src/franka_ros2) by extension 'ros'
[0.315s] Level 1:colcon.colcon_core.package_identification:_identify(/home/simi/franka_ros2_ws/src/franka_ros2) by extensions ['cmake', 'python']
[0.315s] Level 1:colcon.colcon_core.package_identification:_identify(/home/simi/franka_ros2_ws/src/franka_ros2) by extension 'cmake'
[0.315s] Level 1:colcon.colcon_core.package_identification:_identify(/home/simi/franka_ros2_ws/src/franka_ros2) by extension 'python'
[0.315s] Level 1:colcon.colcon_core.package_identification:_identify(/home/simi/franka_ros2_ws/src/franka_ros2) by extensions ['python_setup_py']
[0.315s] Level 1:colcon.colcon_core.package_identification:_identify(/home/simi/franka_ros2_ws/src/franka_ros2) by extension 'python_setup_py'
[0.315s] Level 1:colcon.colcon_core.package_identification:_identify(/home/simi/franka_ros2_ws/src/franka_ros2/build) by extensions ['ignore', 'ignore_ament_install']
[0.315s] Level 1:colcon.colcon_core.package_identification:_identify(/home/simi/franka_ros2_ws/src/franka_ros2/build) by extension 'ignore'
[0.315s] Level 1:colcon.colcon_core.package_identification:_identify(/home/simi/franka_ros2_ws/src/franka_ros2/build) ignored
[0.315s] Level 1:colcon.colcon_core.package_identification:_identify(/home/simi/franka_ros2_ws/src/franka_ros2/franka_bringup) by extensions ['ignore', 'ignore_ament_install']
[0.315s] Level 1:colcon.colcon_core.package_identification:_identify(/home/simi/franka_ros2_ws/src/franka_ros2/franka_bringup) by extension 'ignore'
[0.315s] Level 1:colcon.colcon_core.package_identification:_identify(/home/simi/franka_ros2_ws/src/franka_ros2/franka_bringup) by extension 'ignore_ament_install'
[0.315s] Level 1:colcon.colcon_core.package_identification:_identify(/home/simi/franka_ros2_ws/src/franka_ros2/franka_bringup) by extensions ['colcon_pkg']
[0.315s] Level 1:colcon.colcon_core.package_identification:_identify(/home/simi/franka_ros2_ws/src/franka_ros2/franka_bringup) by extension 'colcon_pkg'
[0.315s] Level 1:colcon.colcon_core.package_identification:_identify(/home/simi/franka_ros2_ws/src/franka_ros2/franka_bringup) by extensions ['colcon_meta']
[0.316s] Level 1:colcon.colcon_core.package_identification:_identify(/home/simi/franka_ros2_ws/src/franka_ros2/franka_bringup) by extension 'colcon_meta'
[0.316s] Level 1:colcon.colcon_core.package_identification:_identify(/home/simi/franka_ros2_ws/src/franka_ros2/franka_bringup) by extensions ['ros']
[0.316s] Level 1:colcon.colcon_core.package_identification:_identify(/home/simi/franka_ros2_ws/src/franka_ros2/franka_bringup) by extension 'ros'
[0.316s] DEBUG:colcon.colcon_core.package_identification:Package '/home/simi/franka_ros2_ws/src/franka_ros2/franka_bringup' with type 'ros.ament_cmake' and name 'franka_bringup'
[0.317s] Level 1:colcon.colcon_core.package_identification:_identify(/home/simi/franka_ros2_ws/src/franka_ros2/franka_description) by extensions ['ignore', 'ignore_ament_install']
[0.317s] Level 1:colcon.colcon_core.package_identification:_identify(/home/simi/franka_ros2_ws/src/franka_ros2/franka_description) by extension 'ignore'
[0.317s] Level 1:colcon.colcon_core.package_identification:_identify(/home/simi/franka_ros2_ws/src/franka_ros2/franka_description) by extension 'ignore_ament_install'
[0.317s] Level 1:colcon.colcon_core.package_identification:_identify(/home/simi/franka_ros2_ws/src/franka_ros2/franka_description) by extensions ['colcon_pkg']
[0.317s] Level 1:colcon.colcon_core.package_identification:_identify(/home/simi/franka_ros2_ws/src/franka_ros2/franka_description) by extension 'colcon_pkg'
[0.317s] Level 1:colcon.colcon_core.package_identification:_identify(/home/simi/franka_ros2_ws/src/franka_ros2/franka_description) by extensions ['colcon_meta']
[0.317s] Level 1:colcon.colcon_core.package_identification:_identify(/home/simi/franka_ros2_ws/src/franka_ros2/franka_description) by extension 'colcon_meta'
[0.317s] Level 1:colcon.colcon_core.package_identification:_identify(/home/simi/franka_ros2_ws/src/franka_ros2/franka_description) by extensions ['ros']
[0.317s] Level 1:colcon.colcon_core.package_identification:_identify(/home/simi/franka_ros2_ws/src/franka_ros2/franka_description) by extension 'ros'
[0.318s] DEBUG:colcon.colcon_core.package_identification:Package '/home/simi/franka_ros2_ws/src/franka_ros2/franka_description' with type 'ros.ament_cmake' and name 'franka_description'
[0.318s] Level 1:colcon.colcon_core.package_identification:_identify(/home/simi/franka_ros2_ws/src/franka_ros2/franka_example_controllers) by extensions ['ignore', 'ignore_ament_install']
[0.318s] Level 1:colcon.colcon_core.package_identification:_identify(/home/simi/franka_ros2_ws/src/franka_ros2/franka_example_controllers) by extension 'ignore'
[0.318s] Level 1:colcon.colcon_core.package_identification:_identify(/home/simi/franka_ros2_ws/src/franka_ros2/franka_example_controllers) by extension 'ignore_ament_install'
[0.318s] Level 1:colcon.colcon_core.package_identification:_identify(/home/simi/franka_ros2_ws/src/franka_ros2/franka_example_controllers) by extensions ['colcon_pkg']
[0.318s] Level 1:colcon.colcon_core.package_identification:_identify(/home/simi/franka_ros2_ws/src/franka_ros2/franka_example_controllers) by extension 'colcon_pkg'
[0.318s] Level 1:colcon.colcon_core.package_identification:_identify(/home/simi/franka_ros2_ws/src/franka_ros2/franka_example_controllers) by extensions ['colcon_meta']
[0.318s] Level 1:colcon.colcon_core.package_identification:_identify(/home/simi/franka_ros2_ws/src/franka_ros2/franka_example_controllers) by extension 'colcon_meta'
[0.318s] Level 1:colcon.colcon_core.package_identification:_identify(/home/simi/franka_ros2_ws/src/franka_ros2/franka_example_controllers) by extensions ['ros']
[0.318s] Level 1:colcon.colcon_core.package_identification:_identify(/home/simi/franka_ros2_ws/src/franka_ros2/franka_example_controllers) by extension 'ros'
[0.319s] DEBUG:colcon.colcon_core.package_identification:Package '/home/simi/franka_ros2_ws/src/franka_ros2/franka_example_controllers' with type 'ros.ament_cmake' and name 'franka_example_controllers'
[0.320s] Level 1:colcon.colcon_core.package_identification:_identify(/home/simi/franka_ros2_ws/src/franka_ros2/franka_gripper) by extensions ['ignore', 'ignore_ament_install']
[0.320s] Level 1:colcon.colcon_core.package_identification:_identify(/home/simi/franka_ros2_ws/src/franka_ros2/franka_gripper) by extension 'ignore'
[0.320s] Level 1:colcon.colcon_core.package_identification:_identify(/home/simi/franka_ros2_ws/src/franka_ros2/franka_gripper) by extension 'ignore_ament_install'
[0.320s] Level 1:colcon.colcon_core.package_identification:_identify(/home/simi/franka_ros2_ws/src/franka_ros2/franka_gripper) by extensions ['colcon_pkg']
[0.320s] Level 1:colcon.colcon_core.package_identification:_identify(/home/simi/franka_ros2_ws/src/franka_ros2/franka_gripper) by extension 'colcon_pkg'
[0.320s] Level 1:colcon.colcon_core.package_identification:_identify(/home/simi/franka_ros2_ws/src/franka_ros2/franka_gripper) by extensions ['colcon_meta']
[0.320s] Level 1:colcon.colcon_core.package_identification:_identify(/home/simi/franka_ros2_ws/src/franka_ros2/franka_gripper) by extension 'colcon_meta'
[0.320s] Level 1:colcon.colcon_core.package_identification:_identify(/home/simi/franka_ros2_ws/src/franka_ros2/franka_gripper) by extensions ['ros']
[0.320s] Level 1:colcon.colcon_core.package_identification:_identify(/home/simi/franka_ros2_ws/src/franka_ros2/franka_gripper) by extension 'ros'
[0.321s] DEBUG:colcon.colcon_core.package_identification:Package '/home/simi/franka_ros2_ws/src/franka_ros2/franka_gripper' with type 'ros.ament_cmake' and name 'franka_gripper'
[0.321s] Level 1:colcon.colcon_core.package_identification:_identify(/home/simi/franka_ros2_ws/src/franka_ros2/franka_hardware) by extensions ['ignore', 'ignore_ament_install']
[0.322s] Level 1:colcon.colcon_core.package_identification:_identify(/home/simi/franka_ros2_ws/src/franka_ros2/franka_hardware) by extension 'ignore'
[0.322s] Level 1:colcon.colcon_core.package_identification:_identify(/home/simi/franka_ros2_ws/src/franka_ros2/franka_hardware) by extension 'ignore_ament_install'
[0.322s] Level 1:colcon.colcon_core.package_identification:_identify(/home/simi/franka_ros2_ws/src/franka_ros2/franka_hardware) by extensions ['colcon_pkg']
[0.322s] Level 1:colcon.colcon_core.package_identification:_identify(/home/simi/franka_ros2_ws/src/franka_ros2/franka_hardware) by extension 'colcon_pkg'
[0.322s] Level 1:colcon.colcon_core.package_identification:_identify(/home/simi/franka_ros2_ws/src/franka_ros2/franka_hardware) by extensions ['colcon_meta']
[0.322s] Level 1:colcon.colcon_core.package_identification:_identify(/home/simi/franka_ros2_ws/src/franka_ros2/franka_hardware) by extension 'colcon_meta'
[0.322s] Level 1:colcon.colcon_core.package_identification:_identify(/home/simi/franka_ros2_ws/src/franka_ros2/franka_hardware) by extensions ['ros']
[0.322s] Level 1:colcon.colcon_core.package_identification:_identify(/home/simi/franka_ros2_ws/src/franka_ros2/franka_hardware) by extension 'ros'
[0.323s] DEBUG:colcon.colcon_core.package_identification:Package '/home/simi/franka_ros2_ws/src/franka_ros2/franka_hardware' with type 'ros.ament_cmake' and name 'franka_hardware'
[0.323s] Level 1:colcon.colcon_core.package_identification:_identify(/home/simi/franka_ros2_ws/src/franka_ros2/franka_moveit_config) by extensions ['ignore', 'ignore_ament_install']
[0.323s] Level 1:colcon.colcon_core.package_identification:_identify(/home/simi/franka_ros2_ws/src/franka_ros2/franka_moveit_config) by extension 'ignore'
[0.323s] Level 1:colcon.colcon_core.package_identification:_identify(/home/simi/franka_ros2_ws/src/franka_ros2/franka_moveit_config) by extension 'ignore_ament_install'
[0.323s] Level 1:colcon.colcon_core.package_identification:_identify(/home/simi/franka_ros2_ws/src/franka_ros2/franka_moveit_config) by extensions ['colcon_pkg']
[0.323s] Level 1:colcon.colcon_core.package_identification:_identify(/home/simi/franka_ros2_ws/src/franka_ros2/franka_moveit_config) by extension 'colcon_pkg'
[0.323s] Level 1:colcon.colcon_core.package_identification:_identify(/home/simi/franka_ros2_ws/src/franka_ros2/franka_moveit_config) by extensions ['colcon_meta']
[0.323s] Level 1:colcon.colcon_core.package_identification:_identify(/home/simi/franka_ros2_ws/src/franka_ros2/franka_moveit_config) by extension 'colcon_meta'
[0.323s] Level 1:colcon.colcon_core.package_identification:_identify(/home/simi/franka_ros2_ws/src/franka_ros2/franka_moveit_config) by extensions ['ros']
[0.323s] Level 1:colcon.colcon_core.package_identification:_identify(/home/simi/franka_ros2_ws/src/franka_ros2/franka_moveit_config) by extension 'ros'
[0.324s] DEBUG:colcon.colcon_core.package_identification:Package '/home/simi/franka_ros2_ws/src/franka_ros2/franka_moveit_config' with type 'ros.ament_cmake' and name 'franka_moveit_config'
[0.324s] Level 1:colcon.colcon_core.package_identification:_identify(/home/simi/franka_ros2_ws/src/franka_ros2/franka_msgs) by extensions ['ignore', 'ignore_ament_install']
[0.324s] Level 1:colcon.colcon_core.package_identification:_identify(/home/simi/franka_ros2_ws/src/franka_ros2/franka_msgs) by extension 'ignore'
[0.324s] Level 1:colcon.colcon_core.package_identification:_identify(/home/simi/franka_ros2_ws/src/franka_ros2/franka_msgs) by extension 'ignore_ament_install'
[0.324s] Level 1:colcon.colcon_core.package_identification:_identify(/home/simi/franka_ros2_ws/src/franka_ros2/franka_msgs) by extensions ['colcon_pkg']
[0.324s] Level 1:colcon.colcon_core.package_identification:_identify(/home/simi/franka_ros2_ws/src/franka_ros2/franka_msgs) by extension 'colcon_pkg'
[0.324s] Level 1:colcon.colcon_core.package_identification:_identify(/home/simi/franka_ros2_ws/src/franka_ros2/franka_msgs) by extensions ['colcon_meta']
[0.324s] Level 1:colcon.colcon_core.package_identification:_identify(/home/simi/franka_ros2_ws/src/franka_ros2/franka_msgs) by extension 'colcon_meta'
[0.325s] Level 1:colcon.colcon_core.package_identification:_identify(/home/simi/franka_ros2_ws/src/franka_ros2/franka_msgs) by extensions ['ros']
[0.325s] Level 1:colcon.colcon_core.package_identification:_identify(/home/simi/franka_ros2_ws/src/franka_ros2/franka_msgs) by extension 'ros'
[0.325s] DEBUG:colcon.colcon_core.package_identification:Package '/home/simi/franka_ros2_ws/src/franka_ros2/franka_msgs' with type 'ros.ament_cmake' and name 'franka_msgs'
[0.326s] Level 1:colcon.colcon_core.package_identification:_identify(/home/simi/franka_ros2_ws/src/franka_ros2/franka_robot_state_broadcaster) by extensions ['ignore', 'ignore_ament_install']
[0.326s] Level 1:colcon.colcon_core.package_identification:_identify(/home/simi/franka_ros2_ws/src/franka_ros2/franka_robot_state_broadcaster) by extension 'ignore'
[0.326s] Level 1:colcon.colcon_core.package_identification:_identify(/home/simi/franka_ros2_ws/src/franka_ros2/franka_robot_state_broadcaster) by extension 'ignore_ament_install'
[0.326s] Level 1:colcon.colcon_core.package_identification:_identify(/home/simi/franka_ros2_ws/src/franka_ros2/franka_robot_state_broadcaster) by extensions ['colcon_pkg']
[0.326s] Level 1:colcon.colcon_core.package_identification:_identify(/home/simi/franka_ros2_ws/src/franka_ros2/franka_robot_state_broadcaster) by extension 'colcon_pkg'
[0.326s] Level 1:colcon.colcon_core.package_identification:_identify(/home/simi/franka_ros2_ws/src/franka_ros2/franka_robot_state_broadcaster) by extensions ['colcon_meta']
[0.326s] Level 1:colcon.colcon_core.package_identification:_identify(/home/simi/franka_ros2_ws/src/franka_ros2/franka_robot_state_broadcaster) by extension 'colcon_meta'
[0.326s] Level 1:colcon.colcon_core.package_identification:_identify(/home/simi/franka_ros2_ws/src/franka_ros2/franka_robot_state_broadcaster) by extensions ['ros']
[0.326s] Level 1:colcon.colcon_core.package_identification:_identify(/home/simi/franka_ros2_ws/src/franka_ros2/franka_robot_state_broadcaster) by extension 'ros'
[0.327s] DEBUG:colcon.colcon_core.package_identification:Package '/home/simi/franka_ros2_ws/src/franka_ros2/franka_robot_state_broadcaster' with type 'ros.ament_cmake' and name 'franka_robot_state_broadcaster'
[0.328s] Level 1:colcon.colcon_core.package_identification:_identify(/home/simi/franka_ros2_ws/src/franka_ros2/franka_semantic_components) by extensions ['ignore', 'ignore_ament_install']
[0.328s] Level 1:colcon.colcon_core.package_identification:_identify(/home/simi/franka_ros2_ws/src/franka_ros2/franka_semantic_components) by extension 'ignore'
[0.328s] Level 1:colcon.colcon_core.package_identification:_identify(/home/simi/franka_ros2_ws/src/franka_ros2/franka_semantic_components) by extension 'ignore_ament_install'
[0.328s] Level 1:colcon.colcon_core.package_identification:_identify(/home/simi/franka_ros2_ws/src/franka_ros2/franka_semantic_components) by extensions ['colcon_pkg']
[0.328s] Level 1:colcon.colcon_core.package_identification:_identify(/home/simi/franka_ros2_ws/src/franka_ros2/franka_semantic_components) by extension 'colcon_pkg'
[0.328s] Level 1:colcon.colcon_core.package_identification:_identify(/home/simi/franka_ros2_ws/src/franka_ros2/franka_semantic_components) by extensions ['colcon_meta']
[0.328s] Level 1:colcon.colcon_core.package_identification:_identify(/home/simi/franka_ros2_ws/src/franka_ros2/franka_semantic_components) by extension 'colcon_meta'
[0.328s] Level 1:colcon.colcon_core.package_identification:_identify(/home/simi/franka_ros2_ws/src/franka_ros2/franka_semantic_components) by extensions ['ros']
[0.328s] Level 1:colcon.colcon_core.package_identification:_identify(/home/simi/franka_ros2_ws/src/franka_ros2/franka_semantic_components) by extension 'ros'
[0.329s] DEBUG:colcon.colcon_core.package_identification:Package '/home/simi/franka_ros2_ws/src/franka_ros2/franka_semantic_components' with type 'ros.ament_cmake' and name 'franka_semantic_components'
[0.330s] Level 1:colcon.colcon_core.package_identification:_identify(/home/simi/franka_ros2_ws/src/franka_ros2/install) by extensions ['ignore', 'ignore_ament_install']
[0.330s] Level 1:colcon.colcon_core.package_identification:_identify(/home/simi/franka_ros2_ws/src/franka_ros2/install) by extension 'ignore'
[0.330s] Level 1:colcon.colcon_core.package_identification:_identify(/home/simi/franka_ros2_ws/src/franka_ros2/install) ignored
[0.330s] Level 1:colcon.colcon_core.package_identification:_identify(/home/simi/franka_ros2_ws/src/franka_ros2/integration_launch_testing) by extensions ['ignore', 'ignore_ament_install']
[0.330s] Level 1:colcon.colcon_core.package_identification:_identify(/home/simi/franka_ros2_ws/src/franka_ros2/integration_launch_testing) by extension 'ignore'
[0.330s] Level 1:colcon.colcon_core.package_identification:_identify(/home/simi/franka_ros2_ws/src/franka_ros2/integration_launch_testing) by extension 'ignore_ament_install'
[0.330s] Level 1:colcon.colcon_core.package_identification:_identify(/home/simi/franka_ros2_ws/src/franka_ros2/integration_launch_testing) by extensions ['colcon_pkg']
[0.330s] Level 1:colcon.colcon_core.package_identification:_identify(/home/simi/franka_ros2_ws/src/franka_ros2/integration_launch_testing) by extension 'colcon_pkg'
[0.330s] Level 1:colcon.colcon_core.package_identification:_identify(/home/simi/franka_ros2_ws/src/franka_ros2/integration_launch_testing) by extensions ['colcon_meta']
[0.330s] Level 1:colcon.colcon_core.package_identification:_identify(/home/simi/franka_ros2_ws/src/franka_ros2/integration_launch_testing) by extension 'colcon_meta'
[0.330s] Level 1:colcon.colcon_core.package_identification:_identify(/home/simi/franka_ros2_ws/src/franka_ros2/integration_launch_testing) by extensions ['ros']
[0.330s] Level 1:colcon.colcon_core.package_identification:_identify(/home/simi/franka_ros2_ws/src/franka_ros2/integration_launch_testing) by extension 'ros'
[0.331s] DEBUG:colcon.colcon_core.package_identification:Package '/home/simi/franka_ros2_ws/src/franka_ros2/integration_launch_testing' with type 'ros.ament_cmake' and name 'integration_launch_testing'
[0.331s] Level 1:colcon.colcon_core.package_identification:_identify(/home/simi/franka_ros2_ws/src/franka_ros2/joint_trajectory_controller) by extensions ['ignore', 'ignore_ament_install']
[0.331s] Level 1:colcon.colcon_core.package_identification:_identify(/home/simi/franka_ros2_ws/src/franka_ros2/joint_trajectory_controller) by extension 'ignore'
[0.331s] Level 1:colcon.colcon_core.package_identification:_identify(/home/simi/franka_ros2_ws/src/franka_ros2/joint_trajectory_controller) by extension 'ignore_ament_install'
[0.331s] Level 1:colcon.colcon_core.package_identification:_identify(/home/simi/franka_ros2_ws/src/franka_ros2/joint_trajectory_controller) by extensions ['colcon_pkg']
[0.331s] Level 1:colcon.colcon_core.package_identification:_identify(/home/simi/franka_ros2_ws/src/franka_ros2/joint_trajectory_controller) by extension 'colcon_pkg'
[0.331s] Level 1:colcon.colcon_core.package_identification:_identify(/home/simi/franka_ros2_ws/src/franka_ros2/joint_trajectory_controller) by extensions ['colcon_meta']
[0.332s] Level 1:colcon.colcon_core.package_identification:_identify(/home/simi/franka_ros2_ws/src/franka_ros2/joint_trajectory_controller) by extension 'colcon_meta'
[0.332s] Level 1:colcon.colcon_core.package_identification:_identify(/home/simi/franka_ros2_ws/src/franka_ros2/joint_trajectory_controller) by extensions ['ros']
[0.332s] Level 1:colcon.colcon_core.package_identification:_identify(/home/simi/franka_ros2_ws/src/franka_ros2/joint_trajectory_controller) by extension 'ros'
[0.333s] DEBUG:colcon.colcon_core.package_identification:Package '/home/simi/franka_ros2_ws/src/franka_ros2/joint_trajectory_controller' with type 'ros.ament_cmake' and name 'joint_trajectory_controller'
[0.333s] Level 1:colcon.colcon_core.package_identification:_identify(/home/simi/franka_ros2_ws/src/franka_ros2/log) by extensions ['ignore', 'ignore_ament_install']
[0.333s] Level 1:colcon.colcon_core.package_identification:_identify(/home/simi/franka_ros2_ws/src/franka_ros2/log) by extension 'ignore'
[0.333s] Level 1:colcon.colcon_core.package_identification:_identify(/home/simi/franka_ros2_ws/src/franka_ros2/log) ignored
[0.333s] Level 1:colcon.colcon_core.package_identification:_identify(/home/simi/franka_ros2_ws/src/install) by extensions ['ignore', 'ignore_ament_install']
[0.333s] Level 1:colcon.colcon_core.package_identification:_identify(/home/simi/franka_ros2_ws/src/install) by extension 'ignore'
[0.333s] Level 1:colcon.colcon_core.package_identification:_identify(/home/simi/franka_ros2_ws/src/install) ignored
[0.333s] Level 1:colcon.colcon_core.package_identification:_identify(/home/simi/franka_ros2_ws/src/log) by extensions ['ignore', 'ignore_ament_install']
[0.334s] Level 1:colcon.colcon_core.package_identification:_identify(/home/simi/franka_ros2_ws/src/log) by extension 'ignore'
[0.334s] Level 1:colcon.colcon_core.package_identification:_identify(/home/simi/franka_ros2_ws/src/log) ignored
[0.334s] Level 1:colcon.colcon_core.package_identification:_identify(/home/simi/franka_ros2_ws/src/messages_fr3) by extensions ['ignore', 'ignore_ament_install']
[0.334s] Level 1:colcon.colcon_core.package_identification:_identify(/home/simi/franka_ros2_ws/src/messages_fr3) by extension 'ignore'
[0.334s] Level 1:colcon.colcon_core.package_identification:_identify(/home/simi/franka_ros2_ws/src/messages_fr3) by extension 'ignore_ament_install'
[0.334s] Level 1:colcon.colcon_core.package_identification:_identify(/home/simi/franka_ros2_ws/src/messages_fr3) by extensions ['colcon_pkg']
[0.334s] Level 1:colcon.colcon_core.package_identification:_identify(/home/simi/franka_ros2_ws/src/messages_fr3) by extension 'colcon_pkg'
[0.334s] Level 1:colcon.colcon_core.package_identification:_identify(/home/simi/franka_ros2_ws/src/messages_fr3) by extensions ['colcon_meta']
[0.334s] Level 1:colcon.colcon_core.package_identification:_identify(/home/simi/franka_ros2_ws/src/messages_fr3) by extension 'colcon_meta'
[0.334s] Level 1:colcon.colcon_core.package_identification:_identify(/home/simi/franka_ros2_ws/src/messages_fr3) by extensions ['ros']
[0.334s] Level 1:colcon.colcon_core.package_identification:_identify(/home/simi/franka_ros2_ws/src/messages_fr3) by extension 'ros'
[0.335s] DEBUG:colcon.colcon_core.package_identification:Package '/home/simi/franka_ros2_ws/src/messages_fr3' with type 'ros.ament_cmake' and name 'messages_fr3'
[0.335s] Level 1:colcon.colcon_core.package_discovery:discover_packages(recursive) using defaults
