[0.044s] Invoking command in '/home/simi/franka_ros2_ws/build/cartesian_impedance_control': CMAKE_PREFIX_PATH=/home/simi/franka_ros2_ws/install/franka_robot_state_broadcaster:/home/simi/franka_ros2_ws/install/franka_semantic_components:/home/simi/franka_ros2_ws/install/franka_hardware:/home/simi/franka_ros2_ws/install/messages_fr3:/home/simi/franka_ros2_ws/install/franka_msgs:/home/simi/franka_ros2_ws/install/franka_description:/home/simi/franka_ros2_ws/install/cartesian_impedance_control:/home/simi/franka_ros2_ws/install/joint_trajectory_controller:/home/simi/franka_ros2_ws/install/integration_launch_testing:/home/simi/franka_ros2_ws/install/franka_bringup:/home/simi/franka_ros2_ws/install/franka_example_controllers:/home/simi/franka_ros2_ws/install/franka_moveit_config:/home/simi/franka_ros2_ws/install/franka_gripper:/home/simi/franka_ros2_ws/install/realtime_plot_of_data:/opt/ros/humble LD_LIBRARY_PATH=/home/simi/franka_ros2_ws/install/franka_robot_state_broadcaster/lib:/home/simi/franka_ros2_ws/install/franka_semantic_components/lib:/home/simi/franka_ros2_ws/install/franka_hardware/lib:/home/simi/franka_ros2_ws/install/messages_fr3/lib:/home/simi/franka_ros2_ws/install/franka_msgs/lib:/home/simi/franka_ros2_ws/install/cartesian_impedance_control/lib:/home/simi/franka_ros2_ws/install/joint_trajectory_controller/lib:/home/simi/franka_ros2_ws/install/integration_launch_testing/lib:/home/simi/franka_ros2_ws/install/franka_example_controllers/lib:/home/simi/franka_ros2_ws/install/franka_gripper/lib:/opt/ros/humble/opt/rviz_ogre_vendor/lib:/opt/ros/humble/lib/x86_64-linux-gnu:/opt/ros/humble/lib /usr/bin/cmake --build /home/simi/franka_ros2_ws/build/cartesian_impedance_control -- -j16 -l16
[0.143s] [ 40%] Built target cartesian_impedance_control
[0.164s] [35m[1mConsolidate compiler generated dependencies of target user_input_client[0m
[0.189s] [ 60%] Built target gripper
[0.189s] [ 80%] Built target force_control_client
[0.199s] [ 90%] [32mBuilding CXX object CMakeFiles/user_input_client.dir/src/user_input_client.cpp.o[0m
[3.056s] In file included from [01m[K/opt/ros/humble/include/rclcpp/rclcpp/logging.hpp:24[m[K,
[3.056s]                  from [01m[K/opt/ros/humble/include/rclcpp/rclcpp/client.hpp:40[m[K,
[3.056s]                  from [01m[K/opt/ros/humble/include/rclcpp/rclcpp/callback_group.hpp:24[m[K,
[3.057s]                  from [01m[K/opt/ros/humble/include/rclcpp/rclcpp/any_executable.hpp:20[m[K,
[3.057s]                  from [01m[K/opt/ros/humble/include/rclcpp/rclcpp/memory_strategy.hpp:25[m[K,
[3.057s]                  from [01m[K/opt/ros/humble/include/rclcpp/rclcpp/memory_strategies.hpp:18[m[K,
[3.057s]                  from [01m[K/opt/ros/humble/include/rclcpp/rclcpp/executor_options.hpp:20[m[K,
[3.057s]                  from [01m[K/opt/ros/humble/include/rclcpp/rclcpp/executor.hpp:37[m[K,
[3.057s]                  from [01m[K/opt/ros/humble/include/rclcpp/rclcpp/executors/multi_threaded_executor.hpp:25[m[K,
[3.057s]                  from [01m[K/opt/ros/humble/include/rclcpp/rclcpp/executors.hpp:21[m[K,
[3.058s]                  from [01m[K/opt/ros/humble/include/rclcpp/rclcpp/rclcpp.hpp:155[m[K,
[3.058s]                  from [01m[K/home/simi/franka_ros2_ws/src/cartesian_impedance_control/src/user_input_client.cpp:1[m[K:
[3.058s] [01m[K/home/simi/franka_ros2_ws/src/cartesian_impedance_control/src/user_input_client.cpp:[m[K In function ‘[01m[Kvoid publish_force(rclcpp::Client<messages_fr3::srv::SetForce>::SharedPtr, std::shared_ptr<messages_fr3::srv::SetForce_Request_<std::allocator<void> > >, std::shared_ptr<rclcpp::Node>)[m[K’:
[3.058s] [01m[K/home/simi/franka_ros2_ws/src/cartesian_impedance_control/src/user_input_client.cpp:28:69:[m[K [01;31m[Kerror: [m[K‘[01m[Kpose_result[m[K’ was not declared in this scope; did you mean ‘[01m[Kforce_result[m[K’?
[3.058s]    28 |     RCLCPP_INFO(rclcpp::get_logger("rclcpp"), "Worked: %d", [01;31m[Kpose_result[m[K.get()->success);
[3.058s]       |                                                             [01;31m[K^~~~~~~~~~~[m[K
[3.058s] 
[3.114s] [01m[K/home/simi/franka_ros2_ws/src/cartesian_impedance_control/src/user_input_client.cpp:[m[K In function ‘[01m[Kint main(int, char**)[m[K’:
[3.115s] [01m[K/home/simi/franka_ros2_ws/src/cartesian_impedance_control/src/user_input_client.cpp:325:44:[m[K [01;31m[Kerror: [m[Kno match for ‘[01m[Koperator<[m[K’ (operand types are ‘[01m[Kstd::common_type<std::chrono::duration<long int, std::ratio<1, 1000000000> >, std::chrono::duration<long int, std::ratio<1, 1000000000> > >::type[m[K’ {aka ‘[01m[Kstd::chrono::duration<long int, std::ratio<1, 1000000000> >[m[K’} and ‘[01m[Kdouble[m[K’)
[3.115s]   325 |                 while([32m[K(time_now-start_time)[m[K[01;31m[K<[m[K[34m[K5.0[m[K){
[3.115s]       |                       [32m[K~~~~~~~~~~~~~~~~~~~~~[m[K[01;31m[K^[m[K[34m[K~~~[m[K
[3.115s]       |                                [32m[K|[m[K            [34m[K|[m[K
[3.115s]       |                                [32m[K|[m[K            [34m[Kdouble[m[K
[3.116s]       |                                [32m[Kstd::common_type<std::chrono::duration<long int, std::ratio<1, 1000000000> >, std::chrono::duration<long int, std::ratio<1, 1000000000> > >::type {aka std::chrono::duration<long int, std::ratio<1, 1000000000> >}[m[K
[3.116s] In file included from [01m[K/usr/include/c++/11/bits/stl_algobase.h:64[m[K,
[3.116s]                  from [01m[K/usr/include/c++/11/memory:63[m[K,
[3.116s]                  from [01m[K/opt/ros/humble/include/rclcpp/rclcpp/rclcpp.hpp:153[m[K,
[3.116s]                  from [01m[K/home/simi/franka_ros2_ws/src/cartesian_impedance_control/src/user_input_client.cpp:1[m[K:
[3.116s] [01m[K/usr/include/c++/11/bits/stl_pair.h:489:5:[m[K [01;36m[Knote: [m[Kcandidate: ‘[01m[Ktemplate<class _T1, class _T2> constexpr bool std::operator<(const std::pair<_T1, _T2>&, const std::pair<_T1, _T2>&)[m[K’
[3.116s]   489 |     [01;36m[Koperator[m[K<(const pair<_T1, _T2>& __x, const pair<_T1, _T2>& __y)
[3.116s]       |     [01;36m[K^~~~~~~~[m[K
[3.116s] [01m[K/usr/include/c++/11/bits/stl_pair.h:489:5:[m[K [01;36m[Knote: [m[K  template argument deduction/substitution failed:
[3.116s] [01m[K/home/simi/franka_ros2_ws/src/cartesian_impedance_control/src/user_input_client.cpp:325:45:[m[K [01;36m[Knote: [m[K  ‘[01m[Kstd::common_type<std::chrono::duration<long int, std::ratio<1, 1000000000> >, std::chrono::duration<long int, std::ratio<1, 1000000000> > >::type[m[K’ {aka ‘[01m[Kstd::chrono::duration<long int, std::ratio<1, 1000000000> >[m[K’} is not derived from ‘[01m[Kconst std::pair<_T1, _T2>[m[K’
[3.116s]   325 |                 while((time_now-start_time)<[01;36m[K5.0[m[K){
[3.116s]       |                                             [01;36m[K^~~[m[K
[3.116s] In file included from [01m[K/usr/include/c++/11/bits/stl_algobase.h:67[m[K,
[3.116s]                  from [01m[K/usr/include/c++/11/memory:63[m[K,
[3.117s]                  from [01m[K/opt/ros/humble/include/rclcpp/rclcpp/rclcpp.hpp:153[m[K,
[3.117s]                  from [01m[K/home/simi/franka_ros2_ws/src/cartesian_impedance_control/src/user_input_client.cpp:1[m[K:
[3.117s] [01m[K/usr/include/c++/11/bits/stl_iterator.h:426:5:[m[K [01;36m[Knote: [m[Kcandidate: ‘[01m[Ktemplate<class _Iterator> constexpr bool std::operator<(const std::reverse_iterator<_Iterator>&, const std::reverse_iterator<_Iterator>&)[m[K’
[3.117s]   426 |     [01;36m[Koperator[m[K<(const reverse_iterator<_Iterator>& __x,
[3.117s]       |     [01;36m[K^~~~~~~~[m[K
[3.117s] [01m[K/usr/include/c++/11/bits/stl_iterator.h:426:5:[m[K [01;36m[Knote: [m[K  template argument deduction/substitution failed:
[3.117s] [01m[K/home/simi/franka_ros2_ws/src/cartesian_impedance_control/src/user_input_client.cpp:325:45:[m[K [01;36m[Knote: [m[K  ‘[01m[Kstd::common_type<std::chrono::duration<long int, std::ratio<1, 1000000000> >, std::chrono::duration<long int, std::ratio<1, 1000000000> > >::type[m[K’ {aka ‘[01m[Kstd::chrono::duration<long int, std::ratio<1, 1000000000> >[m[K’} is not derived from ‘[01m[Kconst std::reverse_iterator<_Iterator>[m[K’
[3.117s]   325 |                 while((time_now-start_time)<[01;36m[K5.0[m[K){
[3.117s]       |                                             [01;36m[K^~~[m[K
[3.117s] In file included from [01m[K/usr/include/c++/11/bits/stl_algobase.h:67[m[K,
[3.117s]                  from [01m[K/usr/include/c++/11/memory:63[m[K,
[3.117s]                  from [01m[K/opt/ros/humble/include/rclcpp/rclcpp/rclcpp.hpp:153[m[K,
[3.117s]                  from [01m[K/home/simi/franka_ros2_ws/src/cartesian_impedance_control/src/user_input_client.cpp:1[m[K:
[3.117s] [01m[K/usr/include/c++/11/bits/stl_iterator.h:465:5:[m[K [01;36m[Knote: [m[Kcandidate: ‘[01m[Ktemplate<class _IteratorL, class _IteratorR> constexpr bool std::operator<(const std::reverse_iterator<_Iterator>&, const std::reverse_iterator<_IteratorR>&)[m[K’
[3.118s]   465 |     [01;36m[Koperator[m[K<(const reverse_iterator<_IteratorL>& __x,
[3.118s]       |     [01;36m[K^~~~~~~~[m[K
[3.118s] [01m[K/usr/include/c++/11/bits/stl_iterator.h:465:5:[m[K [01;36m[Knote: [m[K  template argument deduction/substitution failed:
[3.118s] [01m[K/home/simi/franka_ros2_ws/src/cartesian_impedance_control/src/user_input_client.cpp:325:45:[m[K [01;36m[Knote: [m[K  ‘[01m[Kstd::common_type<std::chrono::duration<long int, std::ratio<1, 1000000000> >, std::chrono::duration<long int, std::ratio<1, 1000000000> > >::type[m[K’ {aka ‘[01m[Kstd::chrono::duration<long int, std::ratio<1, 1000000000> >[m[K’} is not derived from ‘[01m[Kconst std::reverse_iterator<_Iterator>[m[K’
[3.118s]   325 |                 while((time_now-start_time)<[01;36m[K5.0[m[K){
[3.118s]       |                                             [01;36m[K^~~[m[K
[3.118s] In file included from [01m[K/usr/include/c++/11/bits/stl_algobase.h:67[m[K,
[3.118s]                  from [01m[K/usr/include/c++/11/memory:63[m[K,
[3.118s]                  from [01m[K/opt/ros/humble/include/rclcpp/rclcpp/rclcpp.hpp:153[m[K,
[3.118s]                  from [01m[K/home/simi/franka_ros2_ws/src/cartesian_impedance_control/src/user_input_client.cpp:1[m[K:
[3.118s] [01m[K/usr/include/c++/11/bits/stl_iterator.h:1609:5:[m[K [01;36m[Knote: [m[Kcandidate: ‘[01m[Ktemplate<class _IteratorL, class _IteratorR> constexpr bool std::operator<(const std::move_iterator<_IteratorL>&, const std::move_iterator<_IteratorR>&)[m[K’
[3.118s]  1609 |     [01;36m[Koperator[m[K<(const move_iterator<_IteratorL>& __x,
[3.118s]       |     [01;36m[K^~~~~~~~[m[K
[3.119s] [01m[K/usr/include/c++/11/bits/stl_iterator.h:1609:5:[m[K [01;36m[Knote: [m[K  template argument deduction/substitution failed:
[3.119s] [01m[K/home/simi/franka_ros2_ws/src/cartesian_impedance_control/src/user_input_client.cpp:325:45:[m[K [01;36m[Knote: [m[K  ‘[01m[Kstd::common_type<std::chrono::duration<long int, std::ratio<1, 1000000000> >, std::chrono::duration<long int, std::ratio<1, 1000000000> > >::type[m[K’ {aka ‘[01m[Kstd::chrono::duration<long int, std::ratio<1, 1000000000> >[m[K’} is not derived from ‘[01m[Kconst std::move_iterator<_IteratorL>[m[K’
[3.119s]   325 |                 while((time_now-start_time)<[01;36m[K5.0[m[K){
[3.119s]       |                                             [01;36m[K^~~[m[K
[3.119s] In file included from [01m[K/usr/include/c++/11/bits/stl_algobase.h:67[m[K,
[3.119s]                  from [01m[K/usr/include/c++/11/memory:63[m[K,
[3.119s]                  from [01m[K/opt/ros/humble/include/rclcpp/rclcpp/rclcpp.hpp:153[m[K,
[3.119s]                  from [01m[K/home/simi/franka_ros2_ws/src/cartesian_impedance_control/src/user_input_client.cpp:1[m[K:
[3.119s] [01m[K/usr/include/c++/11/bits/stl_iterator.h:1667:5:[m[K [01;36m[Knote: [m[Kcandidate: ‘[01m[Ktemplate<class _Iterator> constexpr bool std::operator<(const std::move_iterator<_IteratorL>&, const std::move_iterator<_IteratorL>&)[m[K’
[3.119s]  1667 |     [01;36m[Koperator[m[K<(const move_iterator<_Iterator>& __x,
[3.119s]       |     [01;36m[K^~~~~~~~[m[K
[3.119s] [01m[K/usr/include/c++/11/bits/stl_iterator.h:1667:5:[m[K [01;36m[Knote: [m[K  template argument deduction/substitution failed:
[3.119s] [01m[K/home/simi/franka_ros2_ws/src/cartesian_impedance_control/src/user_input_client.cpp:325:45:[m[K [01;36m[Knote: [m[K  ‘[01m[Kstd::common_type<std::chrono::duration<long int, std::ratio<1, 1000000000> >, std::chrono::duration<long int, std::ratio<1, 1000000000> > >::type[m[K’ {aka ‘[01m[Kstd::chrono::duration<long int, std::ratio<1, 1000000000> >[m[K’} is not derived from ‘[01m[Kconst std::move_iterator<_IteratorL>[m[K’
[3.119s]   325 |                 while((time_now-start_time)<[01;36m[K5.0[m[K){
[3.120s]       |                                             [01;36m[K^~~[m[K
[3.120s] In file included from [01m[K/usr/include/c++/11/tuple:39[m[K,
[3.120s]                  from [01m[K/usr/include/c++/11/bits/unique_ptr.h:37[m[K,
[3.120s]                  from [01m[K/usr/include/c++/11/memory:76[m[K,
[3.120s]                  from [01m[K/opt/ros/humble/include/rclcpp/rclcpp/rclcpp.hpp:153[m[K,
[3.120s]                  from [01m[K/home/simi/franka_ros2_ws/src/cartesian_impedance_control/src/user_input_client.cpp:1[m[K:
[3.120s] [01m[K/usr/include/c++/11/array:311:5:[m[K [01;36m[Knote: [m[Kcandidate: ‘[01m[Ktemplate<class _Tp, long unsigned int _Nm> bool std::operator<(const std::array<_Tp, _Nm>&, const std::array<_Tp, _Nm>&)[m[K’
[3.120s]   311 |     [01;36m[Koperator[m[K<(const array<_Tp, _Nm>& __a, const array<_Tp, _Nm>& __b)
[3.120s]       |     [01;36m[K^~~~~~~~[m[K
[3.120s] [01m[K/usr/include/c++/11/array:311:5:[m[K [01;36m[Knote: [m[K  template argument deduction/substitution failed:
[3.120s] [01m[K/home/simi/franka_ros2_ws/src/cartesian_impedance_control/src/user_input_client.cpp:325:45:[m[K [01;36m[Knote: [m[K  ‘[01m[Kstd::common_type<std::chrono::duration<long int, std::ratio<1, 1000000000> >, std::chrono::duration<long int, std::ratio<1, 1000000000> > >::type[m[K’ {aka ‘[01m[Kstd::chrono::duration<long int, std::ratio<1, 1000000000> >[m[K’} is not derived from ‘[01m[Kconst std::array<_Tp, _Nm>[m[K’
[3.121s]   325 |                 while((time_now-start_time)<[01;36m[K5.0[m[K){
[3.121s]       |                                             [01;36m[K^~~[m[K
[3.121s] In file included from [01m[K/usr/include/c++/11/bits/unique_ptr.h:37[m[K,
[3.121s]                  from [01m[K/usr/include/c++/11/memory:76[m[K,
[3.121s]                  from [01m[K/opt/ros/humble/include/rclcpp/rclcpp/rclcpp.hpp:153[m[K,
[3.121s]                  from [01m[K/home/simi/franka_ros2_ws/src/cartesian_impedance_control/src/user_input_client.cpp:1[m[K:
[3.121s] [01m[K/usr/include/c++/11/tuple:1566:5:[m[K [01;36m[Knote: [m[Kcandidate: ‘[01m[Ktemplate<class ... _TElements, class ... _UElements> constexpr bool std::operator<(const std::tuple<_Tps ...>&, const std::tuple<_UTypes ...>&)[m[K’
[3.121s]  1566 |     [01;36m[Koperator[m[K<(const tuple<_TElements...>& __t,
[3.121s]       |     [01;36m[K^~~~~~~~[m[K
[3.121s] [01m[K/usr/include/c++/11/tuple:1566:5:[m[K [01;36m[Knote: [m[K  template argument deduction/substitution failed:
[3.121s] [01m[K/home/simi/franka_ros2_ws/src/cartesian_impedance_control/src/user_input_client.cpp:325:45:[m[K [01;36m[Knote: [m[K  ‘[01m[Kstd::common_type<std::chrono::duration<long int, std::ratio<1, 1000000000> >, std::chrono::duration<long int, std::ratio<1, 1000000000> > >::type[m[K’ {aka ‘[01m[Kstd::chrono::duration<long int, std::ratio<1, 1000000000> >[m[K’} is not derived from ‘[01m[Kconst std::tuple<_Tps ...>[m[K’
[3.122s]   325 |                 while((time_now-start_time)<[01;36m[K5.0[m[K){
[3.122s]       |                                             [01;36m[K^~~[m[K
[3.122s] In file included from [01m[K/usr/include/c++/11/memory:76[m[K,
[3.122s]                  from [01m[K/opt/ros/humble/include/rclcpp/rclcpp/rclcpp.hpp:153[m[K,
[3.122s]                  from [01m[K/home/simi/franka_ros2_ws/src/cartesian_impedance_control/src/user_input_client.cpp:1[m[K:
[3.122s] [01m[K/usr/include/c++/11/bits/unique_ptr.h:795:5:[m[K [01;36m[Knote: [m[Kcandidate: ‘[01m[Ktemplate<class _Tp, class _Dp, class _Up, class _Ep> bool std::operator<(const std::unique_ptr<_Tp, _Dp>&, const std::unique_ptr<_Up, _Ep>&)[m[K’
[3.122s]   795 |     [01;36m[Koperator[m[K<(const unique_ptr<_Tp, _Dp>& __x,
[3.122s]       |     [01;36m[K^~~~~~~~[m[K
[3.122s] [01m[K/usr/include/c++/11/bits/unique_ptr.h:795:5:[m[K [01;36m[Knote: [m[K  template argument deduction/substitution failed:
[3.122s] [01m[K/home/simi/franka_ros2_ws/src/cartesian_impedance_control/src/user_input_client.cpp:325:45:[m[K [01;36m[Knote: [m[K  ‘[01m[Kstd::common_type<std::chrono::duration<long int, std::ratio<1, 1000000000> >, std::chrono::duration<long int, std::ratio<1, 1000000000> > >::type[m[K’ {aka ‘[01m[Kstd::chrono::duration<long int, std::ratio<1, 1000000000> >[m[K’} is not derived from ‘[01m[Kconst std::unique_ptr<_Tp, _Dp>[m[K’
[3.122s]   325 |                 while((time_now-start_time)<[01;36m[K5.0[m[K){
[3.122s]       |                                             [01;36m[K^~~[m[K
[3.122s] In file included from [01m[K/usr/include/c++/11/memory:76[m[K,
[3.122s]                  from [01m[K/opt/ros/humble/include/rclcpp/rclcpp/rclcpp.hpp:153[m[K,
[3.123s]                  from [01m[K/home/simi/franka_ros2_ws/src/cartesian_impedance_control/src/user_input_client.cpp:1[m[K:
[3.123s] [01m[K/usr/include/c++/11/bits/unique_ptr.h:807:5:[m[K [01;36m[Knote: [m[Kcandidate: ‘[01m[Ktemplate<class _Tp, class _Dp> bool std::operator<(const std::unique_ptr<_Tp, _Dp>&, std::nullptr_t)[m[K’
[3.123s]   807 |     [01;36m[Koperator[m[K<(const unique_ptr<_Tp, _Dp>& __x, nullptr_t)
[3.123s]       |     [01;36m[K^~~~~~~~[m[K
[3.123s] [01m[K/usr/include/c++/11/bits/unique_ptr.h:807:5:[m[K [01;36m[Knote: [m[K  template argument deduction/substitution failed:
[3.123s] [01m[K/home/simi/franka_ros2_ws/src/cartesian_impedance_control/src/user_input_client.cpp:325:45:[m[K [01;36m[Knote: [m[K  ‘[01m[Kstd::common_type<std::chrono::duration<long int, std::ratio<1, 1000000000> >, std::chrono::duration<long int, std::ratio<1, 1000000000> > >::type[m[K’ {aka ‘[01m[Kstd::chrono::duration<long int, std::ratio<1, 1000000000> >[m[K’} is not derived from ‘[01m[Kconst std::unique_ptr<_Tp, _Dp>[m[K’
[3.123s]   325 |                 while((time_now-start_time)<[01;36m[K5.0[m[K){
[3.123s]       |                                             [01;36m[K^~~[m[K
[3.123s] In file included from [01m[K/usr/include/c++/11/memory:76[m[K,
[3.123s]                  from [01m[K/opt/ros/humble/include/rclcpp/rclcpp/rclcpp.hpp:153[m[K,
[3.123s]                  from [01m[K/home/simi/franka_ros2_ws/src/cartesian_impedance_control/src/user_input_client.cpp:1[m[K:
[3.123s] [01m[K/usr/include/c++/11/bits/unique_ptr.h:816:5:[m[K [01;36m[Knote: [m[Kcandidate: ‘[01m[Ktemplate<class _Tp, class _Dp> bool std::operator<(std::nullptr_t, const std::unique_ptr<_Tp, _Dp>&)[m[K’
[3.124s]   816 |     [01;36m[Koperator[m[K<(nullptr_t, const unique_ptr<_Tp, _Dp>& __x)
[3.124s]       |     [01;36m[K^~~~~~~~[m[K
[3.124s] [01m[K/usr/include/c++/11/bits/unique_ptr.h:816:5:[m[K [01;36m[Knote: [m[K  template argument deduction/substitution failed:
[3.124s] [01m[K/home/simi/franka_ros2_ws/src/cartesian_impedance_control/src/user_input_client.cpp:325:45:[m[K [01;36m[Knote: [m[K  mismatched types ‘[01m[Kconst std::unique_ptr<_Tp, _Dp>[m[K’ and ‘[01m[Kdouble[m[K’
[3.124s]   325 |                 while((time_now-start_time)<[01;36m[K5.0[m[K){
[3.124s]       |                                             [01;36m[K^~~[m[K
[3.124s] In file included from [01m[K/usr/include/c++/11/bits/shared_ptr.h:53[m[K,
[3.124s]                  from [01m[K/usr/include/c++/11/memory:77[m[K,
[3.124s]                  from [01m[K/opt/ros/humble/include/rclcpp/rclcpp/rclcpp.hpp:153[m[K,
[3.124s]                  from [01m[K/home/simi/franka_ros2_ws/src/cartesian_impedance_control/src/user_input_client.cpp:1[m[K:
[3.124s] [01m[K/usr/include/c++/11/bits/shared_ptr_base.h:1457:5:[m[K [01;36m[Knote: [m[Kcandidate: ‘[01m[Ktemplate<class _Tp, class _Up, __gnu_cxx::_Lock_policy _Lp> bool std::operator<(const std::__shared_ptr<_Tp1, _Lp>&, const std::__shared_ptr<_Tp2, _Lp>&)[m[K’
[3.124s]  1457 |     [01;36m[Koperator[m[K<(const __shared_ptr<_Tp, _Lp>& __a,
[3.124s]       |     [01;36m[K^~~~~~~~[m[K
[3.124s] [01m[K/usr/include/c++/11/bits/shared_ptr_base.h:1457:5:[m[K [01;36m[Knote: [m[K  template argument deduction/substitution failed:
[3.125s] [01m[K/home/simi/franka_ros2_ws/src/cartesian_impedance_control/src/user_input_client.cpp:325:45:[m[K [01;36m[Knote: [m[K  ‘[01m[Kstd::common_type<std::chrono::duration<long int, std::ratio<1, 1000000000> >, std::chrono::duration<long int, std::ratio<1, 1000000000> > >::type[m[K’ {aka ‘[01m[Kstd::chrono::duration<long int, std::ratio<1, 1000000000> >[m[K’} is not derived from ‘[01m[Kconst std::__shared_ptr<_Tp1, _Lp>[m[K’
[3.125s]   325 |                 while((time_now-start_time)<[01;36m[K5.0[m[K){
[3.125s]       |                                             [01;36m[K^~~[m[K
[3.125s] In file included from [01m[K/usr/include/c++/11/bits/shared_ptr.h:53[m[K,
[3.125s]                  from [01m[K/usr/include/c++/11/memory:77[m[K,
[3.125s]                  from [01m[K/opt/ros/humble/include/rclcpp/rclcpp/rclcpp.hpp:153[m[K,
[3.125s]                  from [01m[K/home/simi/franka_ros2_ws/src/cartesian_impedance_control/src/user_input_client.cpp:1[m[K:
[3.125s] [01m[K/usr/include/c++/11/bits/shared_ptr_base.h:1468:5:[m[K [01;36m[Knote: [m[Kcandidate: ‘[01m[Ktemplate<class _Tp, __gnu_cxx::_Lock_policy _Lp> bool std::operator<(const std::__shared_ptr<_Tp, _Lp>&, std::nullptr_t)[m[K’
[3.125s]  1468 |     [01;36m[Koperator[m[K<(const __shared_ptr<_Tp, _Lp>& __a, nullptr_t) noexcept
[3.125s]       |     [01;36m[K^~~~~~~~[m[K
[3.125s] [01m[K/usr/include/c++/11/bits/shared_ptr_base.h:1468:5:[m[K [01;36m[Knote: [m[K  template argument deduction/substitution failed:
[3.125s] [01m[K/home/simi/franka_ros2_ws/src/cartesian_impedance_control/src/user_input_client.cpp:325:45:[m[K [01;36m[Knote: [m[K  ‘[01m[Kstd::common_type<std::chrono::duration<long int, std::ratio<1, 1000000000> >, std::chrono::duration<long int, std::ratio<1, 1000000000> > >::type[m[K’ {aka ‘[01m[Kstd::chrono::duration<long int, std::ratio<1, 1000000000> >[m[K’} is not derived from ‘[01m[Kconst std::__shared_ptr<_Tp, _Lp>[m[K’
[3.125s]   325 |                 while((time_now-start_time)<[01;36m[K5.0[m[K){
[3.125s]       |                                             [01;36m[K^~~[m[K
[3.126s] In file included from [01m[K/usr/include/c++/11/bits/shared_ptr.h:53[m[K,
[3.126s]                  from [01m[K/usr/include/c++/11/memory:77[m[K,
[3.126s]                  from [01m[K/opt/ros/humble/include/rclcpp/rclcpp/rclcpp.hpp:153[m[K,
[3.126s]                  from [01m[K/home/simi/franka_ros2_ws/src/cartesian_impedance_control/src/user_input_client.cpp:1[m[K:
[3.126s] [01m[K/usr/include/c++/11/bits/shared_ptr_base.h:1476:5:[m[K [01;36m[Knote: [m[Kcandidate: ‘[01m[Ktemplate<class _Tp, __gnu_cxx::_Lock_policy _Lp> bool std::operator<(std::nullptr_t, const std::__shared_ptr<_Tp, _Lp>&)[m[K’
[3.126s]  1476 |     [01;36m[Koperator[m[K<(nullptr_t, const __shared_ptr<_Tp, _Lp>& __a) noexcept
[3.126s]       |     [01;36m[K^~~~~~~~[m[K
[3.126s] [01m[K/usr/include/c++/11/bits/shared_ptr_base.h:1476:5:[m[K [01;36m[Knote: [m[K  template argument deduction/substitution failed:
[3.126s] [01m[K/home/simi/franka_ros2_ws/src/cartesian_impedance_control/src/user_input_client.cpp:325:45:[m[K [01;36m[Knote: [m[K  mismatched types ‘[01m[Kconst std::__shared_ptr<_Tp, _Lp>[m[K’ and ‘[01m[Kdouble[m[K’
[3.126s]   325 |                 while((time_now-start_time)<[01;36m[K5.0[m[K){
[3.126s]       |                                             [01;36m[K^~~[m[K
[3.126s] In file included from [01m[K/usr/include/c++/11/memory:77[m[K,
[3.126s]                  from [01m[K/opt/ros/humble/include/rclcpp/rclcpp/rclcpp.hpp:153[m[K,
[3.126s]                  from [01m[K/home/simi/franka_ros2_ws/src/cartesian_impedance_control/src/user_input_client.cpp:1[m[K:
[3.127s] [01m[K/usr/include/c++/11/bits/shared_ptr.h:488:5:[m[K [01;36m[Knote: [m[Kcandidate: ‘[01m[Ktemplate<class _Tp, class _Up> bool std::operator<(const std::shared_ptr<_Tp>&, const std::shared_ptr<_Tp>&)[m[K’
[3.127s]   488 |     [01;36m[Koperator[m[K<(const shared_ptr<_Tp>& __a, const shared_ptr<_Up>& __b) noexcept
[3.127s]       |     [01;36m[K^~~~~~~~[m[K
[3.127s] [01m[K/usr/include/c++/11/bits/shared_ptr.h:488:5:[m[K [01;36m[Knote: [m[K  template argument deduction/substitution failed:
[3.127s] [01m[K/home/simi/franka_ros2_ws/src/cartesian_impedance_control/src/user_input_client.cpp:325:45:[m[K [01;36m[Knote: [m[K  ‘[01m[Kstd::common_type<std::chrono::duration<long int, std::ratio<1, 1000000000> >, std::chrono::duration<long int, std::ratio<1, 1000000000> > >::type[m[K’ {aka ‘[01m[Kstd::chrono::duration<long int, std::ratio<1, 1000000000> >[m[K’} is not derived from ‘[01m[Kconst std::shared_ptr<_Tp>[m[K’
[3.127s]   325 |                 while((time_now-start_time)<[01;36m[K5.0[m[K){
[3.127s]       |                                             [01;36m[K^~~[m[K
[3.127s] In file included from [01m[K/usr/include/c++/11/memory:77[m[K,
[3.127s]                  from [01m[K/opt/ros/humble/include/rclcpp/rclcpp/rclcpp.hpp:153[m[K,
[3.127s]                  from [01m[K/home/simi/franka_ros2_ws/src/cartesian_impedance_control/src/user_input_client.cpp:1[m[K:
[3.127s] [01m[K/usr/include/c++/11/bits/shared_ptr.h:499:5:[m[K [01;36m[Knote: [m[Kcandidate: ‘[01m[Ktemplate<class _Tp> bool std::operator<(const std::shared_ptr<_Tp>&, std::nullptr_t)[m[K’
[3.127s]   499 |     [01;36m[Koperator[m[K<(const shared_ptr<_Tp>& __a, nullptr_t) noexcept
[3.127s]       |     [01;36m[K^~~~~~~~[m[K
[3.127s] [01m[K/usr/include/c++/11/bits/shared_ptr.h:499:5:[m[K [01;36m[Knote: [m[K  template argument deduction/substitution failed:
[3.128s] [01m[K/home/simi/franka_ros2_ws/src/cartesian_impedance_control/src/user_input_client.cpp:325:45:[m[K [01;36m[Knote: [m[K  ‘[01m[Kstd::common_type<std::chrono::duration<long int, std::ratio<1, 1000000000> >, std::chrono::duration<long int, std::ratio<1, 1000000000> > >::type[m[K’ {aka ‘[01m[Kstd::chrono::duration<long int, std::ratio<1, 1000000000> >[m[K’} is not derived from ‘[01m[Kconst std::shared_ptr<_Tp>[m[K’
[3.128s]   325 |                 while((time_now-start_time)<[01;36m[K5.0[m[K){
[3.128s]       |                                             [01;36m[K^~~[m[K
[3.128s] In file included from [01m[K/usr/include/c++/11/memory:77[m[K,
[3.128s]                  from [01m[K/opt/ros/humble/include/rclcpp/rclcpp/rclcpp.hpp:153[m[K,
[3.128s]                  from [01m[K/home/simi/franka_ros2_ws/src/cartesian_impedance_control/src/user_input_client.cpp:1[m[K:
[3.128s] [01m[K/usr/include/c++/11/bits/shared_ptr.h:508:5:[m[K [01;36m[Knote: [m[Kcandidate: ‘[01m[Ktemplate<class _Tp> bool std::operator<(std::nullptr_t, const std::shared_ptr<_Tp>&)[m[K’
[3.128s]   508 |     [01;36m[Koperator[m[K<(nullptr_t, const shared_ptr<_Tp>& __a) noexcept
[3.128s]       |     [01;36m[K^~~~~~~~[m[K
[3.128s] [01m[K/usr/include/c++/11/bits/shared_ptr.h:508:5:[m[K [01;36m[Knote: [m[K  template argument deduction/substitution failed:
[3.128s] [01m[K/home/simi/franka_ros2_ws/src/cartesian_impedance_control/src/user_input_client.cpp:325:45:[m[K [01;36m[Knote: [m[K  mismatched types ‘[01m[Kconst std::shared_ptr<_Tp>[m[K’ and ‘[01m[Kdouble[m[K’
[3.128s]   325 |                 while((time_now-start_time)<[01;36m[K5.0[m[K){
[3.128s]       |                                             [01;36m[K^~~[m[K
[3.129s] In file included from [01m[K/usr/include/c++/11/bits/basic_string.h:48[m[K,
[3.129s]                  from [01m[K/usr/include/c++/11/string:55[m[K,
[3.129s]                  from [01m[K/usr/include/c++/11/stdexcept:39[m[K,
[3.129s]                  from [01m[K/usr/include/c++/11/system_error:41[m[K,
[3.129s]                  from [01m[K/usr/include/c++/11/mutex:42[m[K,
[3.129s]                  from [01m[K/usr/include/c++/11/future:38[m[K,
[3.129s]                  from [01m[K/opt/ros/humble/include/rclcpp/rclcpp/executors.hpp:18[m[K,
[3.129s]                  from [01m[K/opt/ros/humble/include/rclcpp/rclcpp/rclcpp.hpp:155[m[K,
[3.129s]                  from [01m[K/home/simi/franka_ros2_ws/src/cartesian_impedance_control/src/user_input_client.cpp:1[m[K:
[3.129s] [01m[K/usr/include/c++/11/string_view:589:5:[m[K [01;36m[Knote: [m[Kcandidate: ‘[01m[Ktemplate<class _CharT, class _Traits> constexpr bool std::operator<(std::basic_string_view<_CharT, _Traits>, std::basic_string_view<_CharT, _Traits>)[m[K’
[3.129s]   589 |     [01;36m[Koperator[m[K< (basic_string_view<_CharT, _Traits> __x,
[3.129s]       |     [01;36m[K^~~~~~~~[m[K
[3.129s] [01m[K/usr/include/c++/11/string_view:589:5:[m[K [01;36m[Knote: [m[K  template argument deduction/substitution failed:
[3.129s] [01m[K/home/simi/franka_ros2_ws/src/cartesian_impedance_control/src/user_input_client.cpp:325:45:[m[K [01;36m[Knote: [m[K  ‘[01m[Kstd::chrono::duration<long int, std::ratio<1, 1000000000> >[m[K’ is not derived from ‘[01m[Kstd::basic_string_view<_CharT, _Traits>[m[K’
[3.129s]   325 |                 while((time_now-start_time)<[01;36m[K5.0[m[K){
[3.130s]       |                                             [01;36m[K^~~[m[K
[3.130s] In file included from [01m[K/usr/include/c++/11/bits/basic_string.h:48[m[K,
[3.130s]                  from [01m[K/usr/include/c++/11/string:55[m[K,
[3.130s]                  from [01m[K/usr/include/c++/11/stdexcept:39[m[K,
[3.130s]                  from [01m[K/usr/include/c++/11/system_error:41[m[K,
[3.130s]                  from [01m[K/usr/include/c++/11/mutex:42[m[K,
[3.130s]                  from [01m[K/usr/include/c++/11/future:38[m[K,
[3.130s]                  from [01m[K/opt/ros/humble/include/rclcpp/rclcpp/executors.hpp:18[m[K,
[3.130s]                  from [01m[K/opt/ros/humble/include/rclcpp/rclcpp/rclcpp.hpp:155[m[K,
[3.130s]                  from [01m[K/home/simi/franka_ros2_ws/src/cartesian_impedance_control/src/user_input_client.cpp:1[m[K:
[3.130s] [01m[K/usr/include/c++/11/string_view:595:5:[m[K [01;36m[Knote: [m[Kcandidate: ‘[01m[Ktemplate<class _CharT, class _Traits> constexpr bool std::operator<(std::basic_string_view<_CharT, _Traits>, std::__type_identity_t<std::basic_string_view<_CharT, _Traits> >)[m[K’
[3.130s]   595 |     [01;36m[Koperator[m[K< (basic_string_view<_CharT, _Traits> __x,
[3.130s]       |     [01;36m[K^~~~~~~~[m[K
[3.130s] [01m[K/usr/include/c++/11/string_view:595:5:[m[K [01;36m[Knote: [m[K  template argument deduction/substitution failed:
[3.131s] [01m[K/home/simi/franka_ros2_ws/src/cartesian_impedance_control/src/user_input_client.cpp:325:45:[m[K [01;36m[Knote: [m[K  ‘[01m[Kstd::chrono::duration<long int, std::ratio<1, 1000000000> >[m[K’ is not derived from ‘[01m[Kstd::basic_string_view<_CharT, _Traits>[m[K’
[3.131s]   325 |                 while((time_now-start_time)<[01;36m[K5.0[m[K){
[3.131s]       |                                             [01;36m[K^~~[m[K
[3.131s] In file included from [01m[K/usr/include/c++/11/bits/basic_string.h:48[m[K,
[3.131s]                  from [01m[K/usr/include/c++/11/string:55[m[K,
[3.131s]                  from [01m[K/usr/include/c++/11/stdexcept:39[m[K,
[3.131s]                  from [01m[K/usr/include/c++/11/system_error:41[m[K,
[3.131s]                  from [01m[K/usr/include/c++/11/mutex:42[m[K,
[3.131s]                  from [01m[K/usr/include/c++/11/future:38[m[K,
[3.131s]                  from [01m[K/opt/ros/humble/include/rclcpp/rclcpp/executors.hpp:18[m[K,
[3.131s]                  from [01m[K/opt/ros/humble/include/rclcpp/rclcpp/rclcpp.hpp:155[m[K,
[3.131s]                  from [01m[K/home/simi/franka_ros2_ws/src/cartesian_impedance_control/src/user_input_client.cpp:1[m[K:
[3.131s] [01m[K/usr/include/c++/11/string_view:602:5:[m[K [01;36m[Knote: [m[Kcandidate: ‘[01m[Ktemplate<class _CharT, class _Traits> constexpr bool std::operator<(std::__type_identity_t<std::basic_string_view<_CharT, _Traits> >, std::basic_string_view<_CharT, _Traits>)[m[K’
[3.132s]   602 |     [01;36m[Koperator[m[K< (__type_identity_t<basic_string_view<_CharT, _Traits>> __x,
[3.132s]       |     [01;36m[K^~~~~~~~[m[K
[3.132s] [01m[K/usr/include/c++/11/string_view:602:5:[m[K [01;36m[Knote: [m[K  template argument deduction/substitution failed:
[3.132s] [01m[K/home/simi/franka_ros2_ws/src/cartesian_impedance_control/src/user_input_client.cpp:325:45:[m[K [01;36m[Knote: [m[K  mismatched types ‘[01m[Kstd::basic_string_view<_CharT, _Traits>[m[K’ and ‘[01m[Kdouble[m[K’
[3.132s]   325 |                 while((time_now-start_time)<[01;36m[K5.0[m[K){
[3.132s]       |                                             [01;36m[K^~~[m[K
[3.132s] In file included from [01m[K/usr/include/c++/11/string:55[m[K,
[3.132s]                  from [01m[K/usr/include/c++/11/stdexcept:39[m[K,
[3.132s]                  from [01m[K/usr/include/c++/11/system_error:41[m[K,
[3.132s]                  from [01m[K/usr/include/c++/11/mutex:42[m[K,
[3.132s]                  from [01m[K/usr/include/c++/11/future:38[m[K,
[3.132s]                  from [01m[K/opt/ros/humble/include/rclcpp/rclcpp/executors.hpp:18[m[K,
[3.132s]                  from [01m[K/opt/ros/humble/include/rclcpp/rclcpp/rclcpp.hpp:155[m[K,
[3.132s]                  from [01m[K/home/simi/franka_ros2_ws/src/cartesian_impedance_control/src/user_input_client.cpp:1[m[K:
[3.133s] [01m[K/usr/include/c++/11/bits/basic_string.h:6340:5:[m[K [01;36m[Knote: [m[Kcandidate: ‘[01m[Ktemplate<class _CharT, class _Traits, class _Alloc> bool std::operator<(const std::__cxx11::basic_string<_CharT, _Traits, _Allocator>&, const std::__cxx11::basic_string<_CharT, _Traits, _Allocator>&)[m[K’
[3.133s]  6340 |     [01;36m[Koperator[m[K<(const basic_string<_CharT, _Traits, _Alloc>& __lhs,
[3.133s]       |     [01;36m[K^~~~~~~~[m[K
[3.133s] [01m[K/usr/include/c++/11/bits/basic_string.h:6340:5:[m[K [01;36m[Knote: [m[K  template argument deduction/substitution failed:
[3.133s] [01m[K/home/simi/franka_ros2_ws/src/cartesian_impedance_control/src/user_input_client.cpp:325:45:[m[K [01;36m[Knote: [m[K  ‘[01m[Kstd::common_type<std::chrono::duration<long int, std::ratio<1, 1000000000> >, std::chrono::duration<long int, std::ratio<1, 1000000000> > >::type[m[K’ {aka ‘[01m[Kstd::chrono::duration<long int, std::ratio<1, 1000000000> >[m[K’} is not derived from ‘[01m[Kconst std::__cxx11::basic_string<_CharT, _Traits, _Allocator>[m[K’
[3.133s]   325 |                 while((time_now-start_time)<[01;36m[K5.0[m[K){
[3.133s]       |                                             [01;36m[K^~~[m[K
[3.133s] In file included from [01m[K/usr/include/c++/11/string:55[m[K,
[3.133s]                  from [01m[K/usr/include/c++/11/stdexcept:39[m[K,
[3.133s]                  from [01m[K/usr/include/c++/11/system_error:41[m[K,
[3.133s]                  from [01m[K/usr/include/c++/11/mutex:42[m[K,
[3.133s]                  from [01m[K/usr/include/c++/11/future:38[m[K,
[3.133s]                  from [01m[K/opt/ros/humble/include/rclcpp/rclcpp/executors.hpp:18[m[K,
[3.133s]                  from [01m[K/opt/ros/humble/include/rclcpp/rclcpp/rclcpp.hpp:155[m[K,
[3.134s]                  from [01m[K/home/simi/franka_ros2_ws/src/cartesian_impedance_control/src/user_input_client.cpp:1[m[K:
[3.134s] [01m[K/usr/include/c++/11/bits/basic_string.h:6353:5:[m[K [01;36m[Knote: [m[Kcandidate: ‘[01m[Ktemplate<class _CharT, class _Traits, class _Alloc> bool std::operator<(const std::__cxx11::basic_string<_CharT, _Traits, _Allocator>&, const _CharT*)[m[K’
[3.134s]  6353 |     [01;36m[Koperator[m[K<(const basic_string<_CharT, _Traits, _Alloc>& __lhs,
[3.134s]       |     [01;36m[K^~~~~~~~[m[K
[3.134s] [01m[K/usr/include/c++/11/bits/basic_string.h:6353:5:[m[K [01;36m[Knote: [m[K  template argument deduction/substitution failed:
[3.134s] [01m[K/home/simi/franka_ros2_ws/src/cartesian_impedance_control/src/user_input_client.cpp:325:45:[m[K [01;36m[Knote: [m[K  ‘[01m[Kstd::common_type<std::chrono::duration<long int, std::ratio<1, 1000000000> >, std::chrono::duration<long int, std::ratio<1, 1000000000> > >::type[m[K’ {aka ‘[01m[Kstd::chrono::duration<long int, std::ratio<1, 1000000000> >[m[K’} is not derived from ‘[01m[Kconst std::__cxx11::basic_string<_CharT, _Traits, _Allocator>[m[K’
[3.134s]   325 |                 while((time_now-start_time)<[01;36m[K5.0[m[K){
[3.134s]       |                                             [01;36m[K^~~[m[K
[3.134s] In file included from [01m[K/usr/include/c++/11/string:55[m[K,
[3.134s]                  from [01m[K/usr/include/c++/11/stdexcept:39[m[K,
[3.134s]                  from [01m[K/usr/include/c++/11/system_error:41[m[K,
[3.134s]                  from [01m[K/usr/include/c++/11/mutex:42[m[K,
[3.134s]                  from [01m[K/usr/include/c++/11/future:38[m[K,
[3.134s]                  from [01m[K/opt/ros/humble/include/rclcpp/rclcpp/executors.hpp:18[m[K,
[3.135s]                  from [01m[K/opt/ros/humble/include/rclcpp/rclcpp/rclcpp.hpp:155[m[K,
[3.135s]                  from [01m[K/home/simi/franka_ros2_ws/src/cartesian_impedance_control/src/user_input_client.cpp:1[m[K:
[3.135s] [01m[K/usr/include/c++/11/bits/basic_string.h:6365:5:[m[K [01;36m[Knote: [m[Kcandidate: ‘[01m[Ktemplate<class _CharT, class _Traits, class _Alloc> bool std::operator<(const _CharT*, const std::__cxx11::basic_string<_CharT, _Traits, _Allocator>&)[m[K’
[3.135s]  6365 |     [01;36m[Koperator[m[K<(const _CharT* __lhs,
[3.135s]       |     [01;36m[K^~~~~~~~[m[K
[3.135s] [01m[K/usr/include/c++/11/bits/basic_string.h:6365:5:[m[K [01;36m[Knote: [m[K  template argument deduction/substitution failed:
[3.135s] [01m[K/home/simi/franka_ros2_ws/src/cartesian_impedance_control/src/user_input_client.cpp:325:45:[m[K [01;36m[Knote: [m[K  mismatched types ‘[01m[Kconst _CharT*[m[K’ and ‘[01m[Kstd::chrono::duration<long int, std::ratio<1, 1000000000> >[m[K’
[3.135s]   325 |                 while((time_now-start_time)<[01;36m[K5.0[m[K){
[3.135s]       |                                             [01;36m[K^~~[m[K
[3.135s] In file included from [01m[K/usr/include/c++/11/set:61[m[K,
[3.135s]                  from [01m[K/opt/ros/humble/include/rclcpp/rclcpp/executors/multi_threaded_executor.hpp:21[m[K,
[3.135s]                  from [01m[K/opt/ros/humble/include/rclcpp/rclcpp/executors.hpp:21[m[K,
[3.135s]                  from [01m[K/opt/ros/humble/include/rclcpp/rclcpp/rclcpp.hpp:155[m[K,
[3.136s]                  from [01m[K/home/simi/franka_ros2_ws/src/cartesian_impedance_control/src/user_input_client.cpp:1[m[K:
[3.136s] [01m[K/usr/include/c++/11/bits/stl_set.h:1023:5:[m[K [01;36m[Knote: [m[Kcandidate: ‘[01m[Ktemplate<class _Key, class _Compare, class _Alloc> bool std::operator<(const std::set<_Key, _Compare, _Allocator>&, const std::set<_Key, _Compare, _Allocator>&)[m[K’
[3.136s]  1023 |     [01;36m[Koperator[m[K<(const set<_Key, _Compare, _Alloc>& __x,
[3.136s]       |     [01;36m[K^~~~~~~~[m[K
[3.136s] [01m[K/usr/include/c++/11/bits/stl_set.h:1023:5:[m[K [01;36m[Knote: [m[K  template argument deduction/substitution failed:
[3.136s] [01m[K/home/simi/franka_ros2_ws/src/cartesian_impedance_control/src/user_input_client.cpp:325:45:[m[K [01;36m[Knote: [m[K  ‘[01m[Kstd::common_type<std::chrono::duration<long int, std::ratio<1, 1000000000> >, std::chrono::duration<long int, std::ratio<1, 1000000000> > >::type[m[K’ {aka ‘[01m[Kstd::chrono::duration<long int, std::ratio<1, 1000000000> >[m[K’} is not derived from ‘[01m[Kconst std::set<_Key, _Compare, _Allocator>[m[K’
[3.136s]   325 |                 while((time_now-start_time)<[01;36m[K5.0[m[K){
[3.136s]       |                                             [01;36m[K^~~[m[K
[3.136s] In file included from [01m[K/usr/include/c++/11/set:62[m[K,
[3.136s]                  from [01m[K/opt/ros/humble/include/rclcpp/rclcpp/executors/multi_threaded_executor.hpp:21[m[K,
[3.136s]                  from [01m[K/opt/ros/humble/include/rclcpp/rclcpp/executors.hpp:21[m[K,
[3.136s]                  from [01m[K/opt/ros/humble/include/rclcpp/rclcpp/rclcpp.hpp:155[m[K,
[3.136s]                  from [01m[K/home/simi/franka_ros2_ws/src/cartesian_impedance_control/src/user_input_client.cpp:1[m[K:
[3.136s] [01m[K/usr/include/c++/11/bits/stl_multiset.h:1009:5:[m[K [01;36m[Knote: [m[Kcandidate: ‘[01m[Ktemplate<class _Key, class _Compare, class _Alloc> bool std::operator<(const std::multiset<_Key, _Compare, _Allocator>&, const std::multiset<_Key, _Compare, _Allocator>&)[m[K’
[3.137s]  1009 |     [01;36m[Koperator[m[K<(const multiset<_Key, _Compare, _Alloc>& __x,
[3.137s]       |     [01;36m[K^~~~~~~~[m[K
[3.137s] [01m[K/usr/include/c++/11/bits/stl_multiset.h:1009:5:[m[K [01;36m[Knote: [m[K  template argument deduction/substitution failed:
[3.137s] [01m[K/home/simi/franka_ros2_ws/src/cartesian_impedance_control/src/user_input_client.cpp:325:45:[m[K [01;36m[Knote: [m[K  ‘[01m[Kstd::common_type<std::chrono::duration<long int, std::ratio<1, 1000000000> >, std::chrono::duration<long int, std::ratio<1, 1000000000> > >::type[m[K’ {aka ‘[01m[Kstd::chrono::duration<long int, std::ratio<1, 1000000000> >[m[K’} is not derived from ‘[01m[Kconst std::multiset<_Key, _Compare, _Allocator>[m[K’
[3.137s]   325 |                 while((time_now-start_time)<[01;36m[K5.0[m[K){
[3.137s]       |                                             [01;36m[K^~~[m[K
[3.137s] In file included from [01m[K/usr/include/c++/11/vector:67[m[K,
[3.137s]                  from [01m[K/usr/include/c++/11/functional:62[m[K,
[3.137s]                  from [01m[K/usr/include/c++/11/pstl/glue_algorithm_defs.h:13[m[K,
[3.137s]                  from [01m[K/usr/include/c++/11/algorithm:74[m[K,
[3.137s]                  from [01m[K/opt/ros/humble/include/rclcpp/rclcpp/executor.hpp:18[m[K,
[3.137s]                  from [01m[K/opt/ros/humble/include/rclcpp/rclcpp/executors/multi_threaded_executor.hpp:25[m[K,
[3.137s]                  from [01m[K/opt/ros/humble/include/rclcpp/rclcpp/executors.hpp:21[m[K,
[3.137s]                  from [01m[K/opt/ros/humble/include/rclcpp/rclcpp/rclcpp.hpp:155[m[K,
[3.138s]                  from [01m[K/home/simi/franka_ros2_ws/src/cartesian_impedance_control/src/user_input_client.cpp:1[m[K:
[3.138s] [01m[K/usr/include/c++/11/bits/stl_vector.h:1930:5:[m[K [01;36m[Knote: [m[Kcandidate: ‘[01m[Ktemplate<class _Tp, class _Alloc> bool std::operator<(const std::vector<_Tp, _Alloc>&, const std::vector<_Tp, _Alloc>&)[m[K’
[3.138s]  1930 |     [01;36m[Koperator[m[K<(const vector<_Tp, _Alloc>& __x, const vector<_Tp, _Alloc>& __y)
[3.138s]       |     [01;36m[K^~~~~~~~[m[K
[3.138s] [01m[K/usr/include/c++/11/bits/stl_vector.h:1930:5:[m[K [01;36m[Knote: [m[K  template argument deduction/substitution failed:
[3.138s] [01m[K/home/simi/franka_ros2_ws/src/cartesian_impedance_control/src/user_input_client.cpp:325:45:[m[K [01;36m[Knote: [m[K  ‘[01m[Kstd::common_type<std::chrono::duration<long int, std::ratio<1, 1000000000> >, std::chrono::duration<long int, std::ratio<1, 1000000000> > >::type[m[K’ {aka ‘[01m[Kstd::chrono::duration<long int, std::ratio<1, 1000000000> >[m[K’} is not derived from ‘[01m[Kconst std::vector<_Tp, _Alloc>[m[K’
[3.138s]   325 |                 while((time_now-start_time)<[01;36m[K5.0[m[K){
[3.138s]       |                                             [01;36m[K^~~[m[K
[3.138s] In file included from [01m[K/usr/include/c++/11/list:63[m[K,
[3.138s]                  from [01m[K/opt/ros/humble/include/rclcpp/rclcpp/executor.hpp:23[m[K,
[3.138s]                  from [01m[K/opt/ros/humble/include/rclcpp/rclcpp/executors/multi_threaded_executor.hpp:25[m[K,
[3.138s]                  from [01m[K/opt/ros/humble/include/rclcpp/rclcpp/executors.hpp:21[m[K,
[3.138s]                  from [01m[K/opt/ros/humble/include/rclcpp/rclcpp/rclcpp.hpp:155[m[K,
[3.139s]                  from [01m[K/home/simi/franka_ros2_ws/src/cartesian_impedance_control/src/user_input_client.cpp:1[m[K:
[3.139s] [01m[K/usr/include/c++/11/bits/stl_list.h:2085:5:[m[K [01;36m[Knote: [m[Kcandidate: ‘[01m[Ktemplate<class _Tp, class _Alloc> bool std::operator<(const std::__cxx11::list<_Tp, _Alloc>&, const std::__cxx11::list<_Tp, _Alloc>&)[m[K’
[3.139s]  2085 |     [01;36m[Koperator[m[K<(const list<_Tp, _Alloc>& __x, const list<_Tp, _Alloc>& __y)
[3.139s]       |     [01;36m[K^~~~~~~~[m[K
[3.139s] [01m[K/usr/include/c++/11/bits/stl_list.h:2085:5:[m[K [01;36m[Knote: [m[K  template argument deduction/substitution failed:
[3.139s] [01m[K/home/simi/franka_ros2_ws/src/cartesian_impedance_control/src/user_input_client.cpp:325:45:[m[K [01;36m[Knote: [m[K  ‘[01m[Kstd::common_type<std::chrono::duration<long int, std::ratio<1, 1000000000> >, std::chrono::duration<long int, std::ratio<1, 1000000000> > >::type[m[K’ {aka ‘[01m[Kstd::chrono::duration<long int, std::ratio<1, 1000000000> >[m[K’} is not derived from ‘[01m[Kconst std::__cxx11::list<_Tp, _Alloc>[m[K’
[3.139s]   325 |                 while((time_now-start_time)<[01;36m[K5.0[m[K){
[3.139s]       |                                             [01;36m[K^~~[m[K
[3.139s] In file included from [01m[K/usr/include/c++/11/map:61[m[K,
[3.139s]                  from [01m[K/opt/ros/humble/include/rclcpp/rclcpp/executor.hpp:24[m[K,
[3.139s]                  from [01m[K/opt/ros/humble/include/rclcpp/rclcpp/executors/multi_threaded_executor.hpp:25[m[K,
[3.139s]                  from [01m[K/opt/ros/humble/include/rclcpp/rclcpp/executors.hpp:21[m[K,
[3.139s]                  from [01m[K/opt/ros/humble/include/rclcpp/rclcpp/rclcpp.hpp:155[m[K,
[3.139s]                  from [01m[K/home/simi/franka_ros2_ws/src/cartesian_impedance_control/src/user_input_client.cpp:1[m[K:
[3.140s] [01m[K/usr/include/c++/11/bits/stl_map.h:1501:5:[m[K [01;36m[Knote: [m[Kcandidate: ‘[01m[Ktemplate<class _Key, class _Tp, class _Compare, class _Alloc> bool std::operator<(const std::map<_Key, _Tp, _Compare, _Allocator>&, const std::map<_Key, _Tp, _Compare, _Allocator>&)[m[K’
[3.140s]  1501 |     [01;36m[Koperator[m[K<(const map<_Key, _Tp, _Compare, _Alloc>& __x,
[3.140s]       |     [01;36m[K^~~~~~~~[m[K
[3.140s] [01m[K/usr/include/c++/11/bits/stl_map.h:1501:5:[m[K [01;36m[Knote: [m[K  template argument deduction/substitution failed:
[3.140s] [01m[K/home/simi/franka_ros2_ws/src/cartesian_impedance_control/src/user_input_client.cpp:325:45:[m[K [01;36m[Knote: [m[K  ‘[01m[Kstd::common_type<std::chrono::duration<long int, std::ratio<1, 1000000000> >, std::chrono::duration<long int, std::ratio<1, 1000000000> > >::type[m[K’ {aka ‘[01m[Kstd::chrono::duration<long int, std::ratio<1, 1000000000> >[m[K’} is not derived from ‘[01m[Kconst std::map<_Key, _Tp, _Compare, _Allocator>[m[K’
[3.140s]   325 |                 while((time_now-start_time)<[01;36m[K5.0[m[K){
[3.140s]       |                                             [01;36m[K^~~[m[K
[3.140s] In file included from [01m[K/usr/include/c++/11/map:62[m[K,
[3.140s]                  from [01m[K/opt/ros/humble/include/rclcpp/rclcpp/executor.hpp:24[m[K,
[3.140s]                  from [01m[K/opt/ros/humble/include/rclcpp/rclcpp/executors/multi_threaded_executor.hpp:25[m[K,
[3.140s]                  from [01m[K/opt/ros/humble/include/rclcpp/rclcpp/executors.hpp:21[m[K,
[3.140s]                  from [01m[K/opt/ros/humble/include/rclcpp/rclcpp/rclcpp.hpp:155[m[K,
[3.140s]                  from [01m[K/home/simi/franka_ros2_ws/src/cartesian_impedance_control/src/user_input_client.cpp:1[m[K:
[3.141s] [01m[K/usr/include/c++/11/bits/stl_multimap.h:1166:5:[m[K [01;36m[Knote: [m[Kcandidate: ‘[01m[Ktemplate<class _Key, class _Tp, class _Compare, class _Alloc> bool std::operator<(const std::multimap<_Key, _Tp, _Compare, _Allocator>&, const std::multimap<_Key, _Tp, _Compare, _Allocator>&)[m[K’
[3.141s]  1166 |     [01;36m[Koperator[m[K<(const multimap<_Key, _Tp, _Compare, _Alloc>& __x,
[3.141s]       |     [01;36m[K^~~~~~~~[m[K
[3.141s] [01m[K/usr/include/c++/11/bits/stl_multimap.h:1166:5:[m[K [01;36m[Knote: [m[K  template argument deduction/substitution failed:
[3.141s] [01m[K/home/simi/franka_ros2_ws/src/cartesian_impedance_control/src/user_input_client.cpp:325:45:[m[K [01;36m[Knote: [m[K  ‘[01m[Kstd::common_type<std::chrono::duration<long int, std::ratio<1, 1000000000> >, std::chrono::duration<long int, std::ratio<1, 1000000000> > >::type[m[K’ {aka ‘[01m[Kstd::chrono::duration<long int, std::ratio<1, 1000000000> >[m[K’} is not derived from ‘[01m[Kconst std::multimap<_Key, _Tp, _Compare, _Allocator>[m[K’
[3.141s]   325 |                 while((time_now-start_time)<[01;36m[K5.0[m[K){
[3.141s]       |                                             [01;36m[K^~~[m[K
[3.141s] In file included from [01m[K/opt/ros/humble/include/rclcpp/rclcpp/client.hpp:23[m[K,
[3.141s]                  from [01m[K/opt/ros/humble/include/rclcpp/rclcpp/callback_group.hpp:24[m[K,
[3.141s]                  from [01m[K/opt/ros/humble/include/rclcpp/rclcpp/any_executable.hpp:20[m[K,
[3.141s]                  from [01m[K/opt/ros/humble/include/rclcpp/rclcpp/memory_strategy.hpp:25[m[K,
[3.141s]                  from [01m[K/opt/ros/humble/include/rclcpp/rclcpp/memory_strategies.hpp:18[m[K,
[3.141s]                  from [01m[K/opt/ros/humble/include/rclcpp/rclcpp/executor_options.hpp:20[m[K,
[3.141s]                  from [01m[K/opt/ros/humble/include/rclcpp/rclcpp/executor.hpp:37[m[K,
[3.142s]                  from [01m[K/opt/ros/humble/include/rclcpp/rclcpp/executors/multi_threaded_executor.hpp:25[m[K,
[3.142s]                  from [01m[K/opt/ros/humble/include/rclcpp/rclcpp/executors.hpp:21[m[K,
[3.142s]                  from [01m[K/opt/ros/humble/include/rclcpp/rclcpp/rclcpp.hpp:155[m[K,
[3.142s]                  from [01m[K/home/simi/franka_ros2_ws/src/cartesian_impedance_control/src/user_input_client.cpp:1[m[K:
[3.142s] [01m[K/usr/include/c++/11/optional:1063:5:[m[K [01;36m[Knote: [m[Kcandidate: ‘[01m[Ktemplate<class _Tp, class _Up> constexpr std::__optional_lt_t<_Tp, _Up> std::operator<(const std::optional<_Tp>&, const std::optional<_Up>&)[m[K’
[3.142s]  1063 |     [01;36m[Koperator[m[K<(const optional<_Tp>& __lhs, const optional<_Up>& __rhs)
[3.142s]       |     [01;36m[K^~~~~~~~[m[K
[3.142s] [01m[K/usr/include/c++/11/optional:1063:5:[m[K [01;36m[Knote: [m[K  template argument deduction/substitution failed:
[3.142s] [01m[K/home/simi/franka_ros2_ws/src/cartesian_impedance_control/src/user_input_client.cpp:325:45:[m[K [01;36m[Knote: [m[K  ‘[01m[Kstd::common_type<std::chrono::duration<long int, std::ratio<1, 1000000000> >, std::chrono::duration<long int, std::ratio<1, 1000000000> > >::type[m[K’ {aka ‘[01m[Kstd::chrono::duration<long int, std::ratio<1, 1000000000> >[m[K’} is not derived from ‘[01m[Kconst std::optional<_Tp>[m[K’
[3.142s]   325 |                 while((time_now-start_time)<[01;36m[K5.0[m[K){
[3.142s]       |                                             [01;36m[K^~~[m[K
[3.142s] In file included from [01m[K/opt/ros/humble/include/rclcpp/rclcpp/client.hpp:23[m[K,
[3.142s]                  from [01m[K/opt/ros/humble/include/rclcpp/rclcpp/callback_group.hpp:24[m[K,
[3.142s]                  from [01m[K/opt/ros/humble/include/rclcpp/rclcpp/any_executable.hpp:20[m[K,
[3.143s]                  from [01m[K/opt/ros/humble/include/rclcpp/rclcpp/memory_strategy.hpp:25[m[K,
[3.143s]                  from [01m[K/opt/ros/humble/include/rclcpp/rclcpp/memory_strategies.hpp:18[m[K,
[3.143s]                  from [01m[K/opt/ros/humble/include/rclcpp/rclcpp/executor_options.hpp:20[m[K,
[3.143s]                  from [01m[K/opt/ros/humble/include/rclcpp/rclcpp/executor.hpp:37[m[K,
[3.143s]                  from [01m[K/opt/ros/humble/include/rclcpp/rclcpp/executors/multi_threaded_executor.hpp:25[m[K,
[3.143s]                  from [01m[K/opt/ros/humble/include/rclcpp/rclcpp/executors.hpp:21[m[K,
[3.143s]                  from [01m[K/opt/ros/humble/include/rclcpp/rclcpp/rclcpp.hpp:155[m[K,
[3.143s]                  from [01m[K/home/simi/franka_ros2_ws/src/cartesian_impedance_control/src/user_input_client.cpp:1[m[K:
[3.143s] [01m[K/usr/include/c++/11/optional:1131:5:[m[K [01;36m[Knote: [m[Kcandidate: ‘[01m[Ktemplate<class _Tp> constexpr bool std::operator<(const std::optional<_Tp>&, std::nullopt_t)[m[K’
[3.143s]  1131 |     [01;36m[Koperator[m[K<(const optional<_Tp>& /* __lhs */, nullopt_t) noexcept
[3.143s]       |     [01;36m[K^~~~~~~~[m[K
[3.143s] [01m[K/usr/include/c++/11/optional:1131:5:[m[K [01;36m[Knote: [m[K  template argument deduction/substitution failed:
[3.143s] [01m[K/home/simi/franka_ros2_ws/src/cartesian_impedance_control/src/user_input_client.cpp:325:45:[m[K [01;36m[Knote: [m[K  ‘[01m[Kstd::common_type<std::chrono::duration<long int, std::ratio<1, 1000000000> >, std::chrono::duration<long int, std::ratio<1, 1000000000> > >::type[m[K’ {aka ‘[01m[Kstd::chrono::duration<long int, std::ratio<1, 1000000000> >[m[K’} is not derived from ‘[01m[Kconst std::optional<_Tp>[m[K’
[3.143s]   325 |                 while((time_now-start_time)<[01;36m[K5.0[m[K){
[3.144s]       |                                             [01;36m[K^~~[m[K
[3.144s] In file included from [01m[K/opt/ros/humble/include/rclcpp/rclcpp/client.hpp:23[m[K,
[3.144s]                  from [01m[K/opt/ros/humble/include/rclcpp/rclcpp/callback_group.hpp:24[m[K,
[3.144s]                  from [01m[K/opt/ros/humble/include/rclcpp/rclcpp/any_executable.hpp:20[m[K,
[3.144s]                  from [01m[K/opt/ros/humble/include/rclcpp/rclcpp/memory_strategy.hpp:25[m[K,
[3.144s]                  from [01m[K/opt/ros/humble/include/rclcpp/rclcpp/memory_strategies.hpp:18[m[K,
[3.144s]                  from [01m[K/opt/ros/humble/include/rclcpp/rclcpp/executor_options.hpp:20[m[K,
[3.144s]                  from [01m[K/opt/ros/humble/include/rclcpp/rclcpp/executor.hpp:37[m[K,
[3.144s]                  from [01m[K/opt/ros/humble/include/rclcpp/rclcpp/executors/multi_threaded_executor.hpp:25[m[K,
[3.144s]                  from [01m[K/opt/ros/humble/include/rclcpp/rclcpp/executors.hpp:21[m[K,
[3.144s]                  from [01m[K/opt/ros/humble/include/rclcpp/rclcpp/rclcpp.hpp:155[m[K,
[3.144s]                  from [01m[K/home/simi/franka_ros2_ws/src/cartesian_impedance_control/src/user_input_client.cpp:1[m[K:
[3.144s] [01m[K/usr/include/c++/11/optional:1136:5:[m[K [01;36m[Knote: [m[Kcandidate: ‘[01m[Ktemplate<class _Tp> constexpr bool std::operator<(std::nullopt_t, const std::optional<_Tp>&)[m[K’
[3.144s]  1136 |     [01;36m[Koperator[m[K<(nullopt_t, const optional<_Tp>& __rhs) noexcept
[3.145s]       |     [01;36m[K^~~~~~~~[m[K
[3.145s] [01m[K/usr/include/c++/11/optional:1136:5:[m[K [01;36m[Knote: [m[K  template argument deduction/substitution failed:
[3.145s] [01m[K/home/simi/franka_ros2_ws/src/cartesian_impedance_control/src/user_input_client.cpp:325:45:[m[K [01;36m[Knote: [m[K  mismatched types ‘[01m[Kconst std::optional<_Tp>[m[K’ and ‘[01m[Kdouble[m[K’
[3.145s]   325 |                 while((time_now-start_time)<[01;36m[K5.0[m[K){
[3.145s]       |                                             [01;36m[K^~~[m[K
[3.145s] In file included from [01m[K/opt/ros/humble/include/rclcpp/rclcpp/client.hpp:23[m[K,
[3.145s]                  from [01m[K/opt/ros/humble/include/rclcpp/rclcpp/callback_group.hpp:24[m[K,
[3.145s]                  from [01m[K/opt/ros/humble/include/rclcpp/rclcpp/any_executable.hpp:20[m[K,
[3.145s]                  from [01m[K/opt/ros/humble/include/rclcpp/rclcpp/memory_strategy.hpp:25[m[K,
[3.145s]                  from [01m[K/opt/ros/humble/include/rclcpp/rclcpp/memory_strategies.hpp:18[m[K,
[3.145s]                  from [01m[K/opt/ros/humble/include/rclcpp/rclcpp/executor_options.hpp:20[m[K,
[3.145s]                  from [01m[K/opt/ros/humble/include/rclcpp/rclcpp/executor.hpp:37[m[K,
[3.145s]                  from [01m[K/opt/ros/humble/include/rclcpp/rclcpp/executors/multi_threaded_executor.hpp:25[m[K,
[3.145s]                  from [01m[K/opt/ros/humble/include/rclcpp/rclcpp/executors.hpp:21[m[K,
[3.146s]                  from [01m[K/opt/ros/humble/include/rclcpp/rclcpp/rclcpp.hpp:155[m[K,
[3.146s]                  from [01m[K/home/simi/franka_ros2_ws/src/cartesian_impedance_control/src/user_input_client.cpp:1[m[K:
[3.146s] [01m[K/usr/include/c++/11/optional:1197:5:[m[K [01;36m[Knote: [m[Kcandidate: ‘[01m[Ktemplate<class _Tp, class _Up> constexpr std::__optional_lt_t<_Tp, _Up> std::operator<(const std::optional<_Tp>&, const _Up&)[m[K’
[3.146s]  1197 |     [01;36m[Koperator[m[K<(const optional<_Tp>& __lhs, const _Up& __rhs)
[3.146s]       |     [01;36m[K^~~~~~~~[m[K
[3.146s] [01m[K/usr/include/c++/11/optional:1197:5:[m[K [01;36m[Knote: [m[K  template argument deduction/substitution failed:
[3.146s] [01m[K/home/simi/franka_ros2_ws/src/cartesian_impedance_control/src/user_input_client.cpp:325:45:[m[K [01;36m[Knote: [m[K  ‘[01m[Kstd::common_type<std::chrono::duration<long int, std::ratio<1, 1000000000> >, std::chrono::duration<long int, std::ratio<1, 1000000000> > >::type[m[K’ {aka ‘[01m[Kstd::chrono::duration<long int, std::ratio<1, 1000000000> >[m[K’} is not derived from ‘[01m[Kconst std::optional<_Tp>[m[K’
[3.146s]   325 |                 while((time_now-start_time)<[01;36m[K5.0[m[K){
[3.146s]       |                                             [01;36m[K^~~[m[K
[3.146s] In file included from [01m[K/opt/ros/humble/include/rclcpp/rclcpp/client.hpp:23[m[K,
[3.146s]                  from [01m[K/opt/ros/humble/include/rclcpp/rclcpp/callback_group.hpp:24[m[K,
[3.146s]                  from [01m[K/opt/ros/humble/include/rclcpp/rclcpp/any_executable.hpp:20[m[K,
[3.146s]                  from [01m[K/opt/ros/humble/include/rclcpp/rclcpp/memory_strategy.hpp:25[m[K,
[3.146s]                  from [01m[K/opt/ros/humble/include/rclcpp/rclcpp/memory_strategies.hpp:18[m[K,
[3.146s]                  from [01m[K/opt/ros/humble/include/rclcpp/rclcpp/executor_options.hpp:20[m[K,
[3.147s]                  from [01m[K/opt/ros/humble/include/rclcpp/rclcpp/executor.hpp:37[m[K,
[3.147s]                  from [01m[K/opt/ros/humble/include/rclcpp/rclcpp/executors/multi_threaded_executor.hpp:25[m[K,
[3.147s]                  from [01m[K/opt/ros/humble/include/rclcpp/rclcpp/executors.hpp:21[m[K,
[3.147s]                  from [01m[K/opt/ros/humble/include/rclcpp/rclcpp/rclcpp.hpp:155[m[K,
[3.147s]                  from [01m[K/home/simi/franka_ros2_ws/src/cartesian_impedance_control/src/user_input_client.cpp:1[m[K:
[3.147s] [01m[K/usr/include/c++/11/optional:1203:5:[m[K [01;36m[Knote: [m[Kcandidate: ‘[01m[Ktemplate<class _Tp, class _Up> constexpr std::__optional_lt_t<_Up, _Tp> std::operator<(const _Up&, const std::optional<_Tp>&)[m[K’
[3.147s]  1203 |     [01;36m[Koperator[m[K<(const _Up& __lhs, const optional<_Tp>& __rhs)
[3.147s]       |     [01;36m[K^~~~~~~~[m[K
[3.147s] [01m[K/usr/include/c++/11/optional:1203:5:[m[K [01;36m[Knote: [m[K  template argument deduction/substitution failed:
[3.147s] [01m[K/home/simi/franka_ros2_ws/src/cartesian_impedance_control/src/user_input_client.cpp:325:45:[m[K [01;36m[Knote: [m[K  mismatched types ‘[01m[Kconst std::optional<_Tp>[m[K’ and ‘[01m[Kdouble[m[K’
[3.147s]   325 |                 while((time_now-start_time)<[01;36m[K5.0[m[K){
[3.147s]       |                                             [01;36m[K^~~[m[K
[3.147s] In file included from [01m[K/opt/ros/humble/include/rclcpp/rclcpp/client.hpp:28[m[K,
[3.148s]                  from [01m[K/opt/ros/humble/include/rclcpp/rclcpp/callback_group.hpp:24[m[K,
[3.148s]                  from [01m[K/opt/ros/humble/include/rclcpp/rclcpp/any_executable.hpp:20[m[K,
[3.148s]                  from [01m[K/opt/ros/humble/include/rclcpp/rclcpp/memory_strategy.hpp:25[m[K,
[3.148s]                  from [01m[K/opt/ros/humble/include/rclcpp/rclcpp/memory_strategies.hpp:18[m[K,
[3.148s]                  from [01m[K/opt/ros/humble/include/rclcpp/rclcpp/executor_options.hpp:20[m[K,
[3.148s]                  from [01m[K/opt/ros/humble/include/rclcpp/rclcpp/executor.hpp:37[m[K,
[3.148s]                  from [01m[K/opt/ros/humble/include/rclcpp/rclcpp/executors/multi_threaded_executor.hpp:25[m[K,
[3.148s]                  from [01m[K/opt/ros/humble/include/rclcpp/rclcpp/executors.hpp:21[m[K,
[3.148s]                  from [01m[K/opt/ros/humble/include/rclcpp/rclcpp/rclcpp.hpp:155[m[K,
[3.148s]                  from [01m[K/home/simi/franka_ros2_ws/src/cartesian_impedance_control/src/user_input_client.cpp:1[m[K:
[3.148s] [01m[K/usr/include/c++/11/variant:1230:3:[m[K [01;36m[Knote: [m[Kcandidate: ‘[01m[Ktemplate<class ... _Types> constexpr bool std::operator<(const std::variant<_Types ...>&, const std::variant<_Types ...>&)[m[K’
[3.148s]  1230 |   [01;36m[K_VARIANT_RELATION_FUNCTION_TEMPLATE[m[K(<, less)
[3.148s]       |   [01;36m[K^~~~~~~~~~~~~~~~~~~~~~~~~~~~~~~~~~~[m[K
[3.148s] [01m[K/usr/include/c++/11/variant:1230:3:[m[K [01;36m[Knote: [m[K  template argument deduction/substitution failed:
[3.149s] [01m[K/home/simi/franka_ros2_ws/src/cartesian_impedance_control/src/user_input_client.cpp:325:45:[m[K [01;36m[Knote: [m[K  ‘[01m[Kstd::common_type<std::chrono::duration<long int, std::ratio<1, 1000000000> >, std::chrono::duration<long int, std::ratio<1, 1000000000> > >::type[m[K’ {aka ‘[01m[Kstd::chrono::duration<long int, std::ratio<1, 1000000000> >[m[K’} is not derived from ‘[01m[Kconst std::variant<_Types ...>[m[K’
[3.149s]   325 |                 while((time_now-start_time)<[01;36m[K5.0[m[K){
[3.149s]       |                                             [01;36m[K^~~[m[K
[3.149s] In file included from [01m[K/usr/include/c++/11/mutex:39[m[K,
[3.149s]                  from [01m[K/usr/include/c++/11/future:38[m[K,
[3.149s]                  from [01m[K/opt/ros/humble/include/rclcpp/rclcpp/executors.hpp:18[m[K,
[3.149s]                  from [01m[K/opt/ros/humble/include/rclcpp/rclcpp/rclcpp.hpp:155[m[K,
[3.149s]                  from [01m[K/home/simi/franka_ros2_ws/src/cartesian_impedance_control/src/user_input_client.cpp:1[m[K:
[3.149s] [01m[K/usr/include/c++/11/chrono:772:7:[m[K [01;36m[Knote: [m[Kcandidate: ‘[01m[Ktemplate<class _Rep1, class _Period1, class _Rep2, class _Period2> constexpr bool std::chrono::operator<(const std::chrono::duration<_Rep1, _Period1>&, const std::chrono::duration<_Rep2, _Period2>&)[m[K’
[3.149s]   772 |       [01;36m[Koperator[m[K<(const duration<_Rep1, _Period1>& __lhs,
[3.149s]       |       [01;36m[K^~~~~~~~[m[K
[3.149s] [01m[K/usr/include/c++/11/chrono:772:7:[m[K [01;36m[Knote: [m[K  template argument deduction/substitution failed:
[3.149s] [01m[K/home/simi/franka_ros2_ws/src/cartesian_impedance_control/src/user_input_client.cpp:325:45:[m[K [01;36m[Knote: [m[K  mismatched types ‘[01m[Kconst std::chrono::duration<_Rep2, _Period2>[m[K’ and ‘[01m[Kdouble[m[K’
[3.149s]   325 |                 while((time_now-start_time)<[01;36m[K5.0[m[K){
[3.150s]       |                                             [01;36m[K^~~[m[K
[3.150s] In file included from [01m[K/usr/include/c++/11/mutex:39[m[K,
[3.150s]                  from [01m[K/usr/include/c++/11/future:38[m[K,
[3.150s]                  from [01m[K/opt/ros/humble/include/rclcpp/rclcpp/executors.hpp:18[m[K,
[3.150s]                  from [01m[K/opt/ros/humble/include/rclcpp/rclcpp/rclcpp.hpp:155[m[K,
[3.150s]                  from [01m[K/home/simi/franka_ros2_ws/src/cartesian_impedance_control/src/user_input_client.cpp:1[m[K:
[3.150s] [01m[K/usr/include/c++/11/chrono:1075:7:[m[K [01;36m[Knote: [m[Kcandidate: ‘[01m[Ktemplate<class _Clock, class _Dur1, class _Dur2> constexpr bool std::chrono::operator<(const std::chrono::time_point<_Clock, _Duration1>&, const std::chrono::time_point<_Clock, _Duration2>&)[m[K’
[3.150s]  1075 |       [01;36m[Koperator[m[K<(const time_point<_Clock, _Dur1>& __lhs,
[3.150s]       |       [01;36m[K^~~~~~~~[m[K
[3.150s] [01m[K/usr/include/c++/11/chrono:1075:7:[m[K [01;36m[Knote: [m[K  template argument deduction/substitution failed:
[3.150s] [01m[K/home/simi/franka_ros2_ws/src/cartesian_impedance_control/src/user_input_client.cpp:325:45:[m[K [01;36m[Knote: [m[K  ‘[01m[Kstd::common_type<std::chrono::duration<long int, std::ratio<1, 1000000000> >, std::chrono::duration<long int, std::ratio<1, 1000000000> > >::type[m[K’ {aka ‘[01m[Kstd::chrono::duration<long int, std::ratio<1, 1000000000> >[m[K’} is not derived from ‘[01m[Kconst std::chrono::time_point<_Clock, _Duration1>[m[K’
[3.150s]   325 |                 while((time_now-start_time)<[01;36m[K5.0[m[K){
[3.150s]       |                                             [01;36m[K^~~[m[K
[3.150s] In file included from [01m[K/usr/include/c++/11/mutex:42[m[K,
[3.151s]                  from [01m[K/usr/include/c++/11/future:38[m[K,
[3.151s]                  from [01m[K/opt/ros/humble/include/rclcpp/rclcpp/executors.hpp:18[m[K,
[3.151s]                  from [01m[K/opt/ros/humble/include/rclcpp/rclcpp/rclcpp.hpp:155[m[K,
[3.151s]                  from [01m[K/home/simi/franka_ros2_ws/src/cartesian_impedance_control/src/user_input_client.cpp:1[m[K:
[3.151s] [01m[K/usr/include/c++/11/system_error:269:3:[m[K [01;36m[Knote: [m[Kcandidate: ‘[01m[Kbool std::operator<(const std::error_code&, const std::error_code&)[m[K’
[3.151s]   269 |   [01;36m[Koperator[m[K<(const error_code& __lhs, const error_code& __rhs) noexcept
[3.151s]       |   [01;36m[K^~~~~~~~[m[K
[3.151s] [01m[K/usr/include/c++/11/system_error:269:31:[m[K [01;36m[Knote: [m[K  no known conversion for argument 1 from ‘[01m[Kstd::common_type<std::chrono::duration<long int, std::ratio<1, 1000000000> >, std::chrono::duration<long int, std::ratio<1, 1000000000> > >::type[m[K’ {aka ‘[01m[Kstd::chrono::duration<long int, std::ratio<1, 1000000000> >[m[K’} to ‘[01m[Kconst std::error_code&[m[K’
[3.151s]   269 |   operator<([01;36m[Kconst error_code& __lhs[m[K, const error_code& __rhs) noexcept
[3.151s]       |             [01;36m[K~~~~~~~~~~~~~~~~~~^~~~~[m[K
[3.151s] [01m[K/usr/include/c++/11/system_error:398:3:[m[K [01;36m[Knote: [m[Kcandidate: ‘[01m[Kbool std::operator<(const std::error_condition&, const std::error_condition&)[m[K’
[3.151s]   398 |   [01;36m[Koperator[m[K<(const error_condition& __lhs,
[3.151s]       |   [01;36m[K^~~~~~~~[m[K
[3.151s] [01m[K/usr/include/c++/11/system_error:398:36:[m[K [01;36m[Knote: [m[K  no known conversion for argument 1 from ‘[01m[Kstd::common_type<std::chrono::duration<long int, std::ratio<1, 1000000000> >, std::chrono::duration<long int, std::ratio<1, 1000000000> > >::type[m[K’ {aka ‘[01m[Kstd::chrono::duration<long int, std::ratio<1, 1000000000> >[m[K’} to ‘[01m[Kconst std::error_condition&[m[K’
[3.152s]   398 |   operator<([01;36m[Kconst error_condition& __lhs[m[K,
[3.152s]       |             [01;36m[K~~~~~~~~~~~~~~~~~~~~~~~^~~~~[m[K
[3.152s] In file included from [01m[K/opt/ros/humble/include/rclcpp/rclcpp/executors/multi_threaded_executor.hpp:22[m[K,
[3.152s]                  from [01m[K/opt/ros/humble/include/rclcpp/rclcpp/executors.hpp:21[m[K,
[3.152s]                  from [01m[K/opt/ros/humble/include/rclcpp/rclcpp/rclcpp.hpp:155[m[K,
[3.152s]                  from [01m[K/home/simi/franka_ros2_ws/src/cartesian_impedance_control/src/user_input_client.cpp:1[m[K:
[3.152s] [01m[K/usr/include/c++/11/thread:70:3:[m[K [01;36m[Knote: [m[Kcandidate: ‘[01m[Kbool std::operator<(std::thread::id, std::thread::id)[m[K’
[3.152s]    70 |   [01;36m[Koperator[m[K<(thread::id __x, thread::id __y) noexcept
[3.152s]       |   [01;36m[K^~~~~~~~[m[K
[3.152s] [01m[K/usr/include/c++/11/thread:70:24:[m[K [01;36m[Knote: [m[K  no known conversion for argument 1 from ‘[01m[Kstd::common_type<std::chrono::duration<long int, std::ratio<1, 1000000000> >, std::chrono::duration<long int, std::ratio<1, 1000000000> > >::type[m[K’ {aka ‘[01m[Kstd::chrono::duration<long int, std::ratio<1, 1000000000> >[m[K’} to ‘[01m[Kstd::thread::id[m[K’
[3.152s]    70 |   operator<([01;36m[Kthread::id __x[m[K, thread::id __y) noexcept
[3.152s]       |             [01;36m[K~~~~~~~~~~~^~~[m[K
[3.152s] In file included from [01m[K/opt/ros/humble/include/rclcpp/rclcpp/client.hpp:28[m[K,
[3.152s]                  from [01m[K/opt/ros/humble/include/rclcpp/rclcpp/callback_group.hpp:24[m[K,
[3.153s]                  from [01m[K/opt/ros/humble/include/rclcpp/rclcpp/any_executable.hpp:20[m[K,
[3.153s]                  from [01m[K/opt/ros/humble/include/rclcpp/rclcpp/memory_strategy.hpp:25[m[K,
[3.153s]                  from [01m[K/opt/ros/humble/include/rclcpp/rclcpp/memory_strategies.hpp:18[m[K,
[3.153s]                  from [01m[K/opt/ros/humble/include/rclcpp/rclcpp/executor_options.hpp:20[m[K,
[3.153s]                  from [01m[K/opt/ros/humble/include/rclcpp/rclcpp/executor.hpp:37[m[K,
[3.153s]                  from [01m[K/opt/ros/humble/include/rclcpp/rclcpp/executors/multi_threaded_executor.hpp:25[m[K,
[3.153s]                  from [01m[K/opt/ros/humble/include/rclcpp/rclcpp/executors.hpp:21[m[K,
[3.153s]                  from [01m[K/opt/ros/humble/include/rclcpp/rclcpp/rclcpp.hpp:155[m[K,
[3.153s]                  from [01m[K/home/simi/franka_ros2_ws/src/cartesian_impedance_control/src/user_input_client.cpp:1[m[K:
[3.153s] [01m[K/usr/include/c++/11/variant:1272:18:[m[K [01;36m[Knote: [m[Kcandidate: ‘[01m[Kconstexpr bool std::operator<(std::monostate, std::monostate)[m[K’
[3.153s]  1272 |   constexpr bool [01;36m[Koperator[m[K<(monostate, monostate) noexcept { return false; }
[3.153s]       |                  [01;36m[K^~~~~~~~[m[K
[3.153s] [01m[K/usr/include/c++/11/variant:1272:28:[m[K [01;36m[Knote: [m[K  no known conversion for argument 1 from ‘[01m[Kstd::common_type<std::chrono::duration<long int, std::ratio<1, 1000000000> >, std::chrono::duration<long int, std::ratio<1, 1000000000> > >::type[m[K’ {aka ‘[01m[Kstd::chrono::duration<long int, std::ratio<1, 1000000000> >[m[K’} to ‘[01m[Kstd::monostate[m[K’
[3.153s]  1272 |   constexpr bool operator<([01;36m[Kmonostate[m[K, monostate) noexcept { return false; }
[3.154s]       |                            [01;36m[K^~~~~~~~~[m[K
[3.154s] [01m[K/home/simi/franka_ros2_ws/src/cartesian_impedance_control/src/user_input_client.cpp:337:71:[m[K [01;31m[Kerror: [m[Kno matching function for call to ‘[01m[Kduration_cast<std::chrono::seconds>(std::chrono::time_point<std::chrono::_V2::steady_clock, std::chrono::duration<long int, std::ratio<1, 1000000000> > >&)[m[K’
[3.154s]   337 |       while([01;31m[Kstd::chrono::duration_cast<std::chrono::seconds>(elapsedTime)[m[K.count() < 5.0){
[3.154s]       |             [01;31m[K~~~~~~~~~~~~~~~~~~~~~~~~~~~~~~~~~~~~~~~~~~~~~~~~^~~~~~~~~~~~~[m[K
[3.154s] 
[3.154s] In file included from [01m[K/usr/include/c++/11/mutex:39[m[K,
[3.154s]                  from [01m[K/usr/include/c++/11/future:38[m[K,
[3.154s]                  from [01m[K/opt/ros/humble/include/rclcpp/rclcpp/executors.hpp:18[m[K,
[3.154s]                  from [01m[K/opt/ros/humble/include/rclcpp/rclcpp/rclcpp.hpp:155[m[K,
[3.154s]                  from [01m[K/home/simi/franka_ros2_ws/src/cartesian_impedance_control/src/user_input_client.cpp:1[m[K:
[3.154s] [01m[K/usr/include/c++/11/chrono:267:7:[m[K [01;36m[Knote: [m[Kcandidate: ‘[01m[Ktemplate<class _ToDur, class _Rep, class _Period> constexpr std::chrono::__enable_if_is_duration<_ToDur> std::chrono::duration_cast(const std::chrono::duration<_Rep, _Period>&)[m[K’
[3.154s]   267 |       [01;36m[Kduration_cast[m[K(const duration<_Rep, _Period>& __d)
[3.154s]       |       [01;36m[K^~~~~~~~~~~~~[m[K
[3.154s] [01m[K/usr/include/c++/11/chrono:267:7:[m[K [01;36m[Knote: [m[K  template argument deduction/substitution failed:
[3.155s] [01m[K/home/simi/franka_ros2_ws/src/cartesian_impedance_control/src/user_input_client.cpp:337:71:[m[K [01;36m[Knote: [m[K  ‘[01m[Kstd::chrono::time_point<std::chrono::_V2::steady_clock, std::chrono::duration<long int, std::ratio<1, 1000000000> > >[m[K’ is not derived from ‘[01m[Kconst std::chrono::duration<_Rep, _Period>[m[K’
[3.155s]   337 |       while([01;36m[Kstd::chrono::duration_cast<std::chrono::seconds>(elapsedTime)[m[K.count() < 5.0){
[3.155s]       |             [01;36m[K~~~~~~~~~~~~~~~~~~~~~~~~~~~~~~~~~~~~~~~~~~~~~~~~^~~~~~~~~~~~~[m[K
[3.155s] 
[3.155s] [01m[K/home/simi/franka_ros2_ws/src/cartesian_impedance_control/src/user_input_client.cpp:349:71:[m[K [01;31m[Kerror: [m[Kno matching function for call to ‘[01m[Kduration_cast<std::chrono::seconds>(std::chrono::time_point<std::chrono::_V2::steady_clock, std::chrono::duration<long int, std::ratio<1, 1000000000> > >&)[m[K’
[3.155s]   349 |       while([01;31m[Kstd::chrono::duration_cast<std::chrono::seconds>(elapsedTime)[m[K.count() < 2.0){
[3.155s]       |             [01;31m[K~~~~~~~~~~~~~~~~~~~~~~~~~~~~~~~~~~~~~~~~~~~~~~~~^~~~~~~~~~~~~[m[K
[3.155s] 
[3.155s] In file included from [01m[K/usr/include/c++/11/mutex:39[m[K,
[3.155s]                  from [01m[K/usr/include/c++/11/future:38[m[K,
[3.155s]                  from [01m[K/opt/ros/humble/include/rclcpp/rclcpp/executors.hpp:18[m[K,
[3.155s]                  from [01m[K/opt/ros/humble/include/rclcpp/rclcpp/rclcpp.hpp:155[m[K,
[3.156s]                  from [01m[K/home/simi/franka_ros2_ws/src/cartesian_impedance_control/src/user_input_client.cpp:1[m[K:
[3.156s] [01m[K/usr/include/c++/11/chrono:267:7:[m[K [01;36m[Knote: [m[Kcandidate: ‘[01m[Ktemplate<class _ToDur, class _Rep, class _Period> constexpr std::chrono::__enable_if_is_duration<_ToDur> std::chrono::duration_cast(const std::chrono::duration<_Rep, _Period>&)[m[K’
[3.156s]   267 |       [01;36m[Kduration_cast[m[K(const duration<_Rep, _Period>& __d)
[3.156s]       |       [01;36m[K^~~~~~~~~~~~~[m[K
[3.156s] [01m[K/usr/include/c++/11/chrono:267:7:[m[K [01;36m[Knote: [m[K  template argument deduction/substitution failed:
[3.156s] [01m[K/home/simi/franka_ros2_ws/src/cartesian_impedance_control/src/user_input_client.cpp:349:71:[m[K [01;36m[Knote: [m[K  ‘[01m[Kstd::chrono::time_point<std::chrono::_V2::steady_clock, std::chrono::duration<long int, std::ratio<1, 1000000000> > >[m[K’ is not derived from ‘[01m[Kconst std::chrono::duration<_Rep, _Period>[m[K’
[3.156s]   349 |       while([01;36m[Kstd::chrono::duration_cast<std::chrono::seconds>(elapsedTime)[m[K.count() < 2.0){
[3.156s]       |             [01;36m[K~~~~~~~~~~~~~~~~~~~~~~~~~~~~~~~~~~~~~~~~~~~~~~~~^~~~~~~~~~~~~[m[K
[3.156s] 
[3.156s] [01m[K/home/simi/franka_ros2_ws/src/cartesian_impedance_control/src/user_input_client.cpp:362:71:[m[K [01;31m[Kerror: [m[Kno matching function for call to ‘[01m[Kduration_cast<std::chrono::seconds>(std::chrono::time_point<std::chrono::_V2::steady_clock, std::chrono::duration<long int, std::ratio<1, 1000000000> > >&)[m[K’
[3.156s]   362 |       while([01;31m[Kstd::chrono::duration_cast<std::chrono::seconds>(elapsedTime)[m[K.count() < 10.0){   //run for 10 seconds
[3.156s]       |             [01;31m[K~~~~~~~~~~~~~~~~~~~~~~~~~~~~~~~~~~~~~~~~~~~~~~~~^~~~~~~~~~~~~[m[K
[3.156s] 
[3.156s] In file included from [01m[K/usr/include/c++/11/mutex:39[m[K,
[3.157s]                  from [01m[K/usr/include/c++/11/future:38[m[K,
[3.157s]                  from [01m[K/opt/ros/humble/include/rclcpp/rclcpp/executors.hpp:18[m[K,
[3.157s]                  from [01m[K/opt/ros/humble/include/rclcpp/rclcpp/rclcpp.hpp:155[m[K,
[3.157s]                  from [01m[K/home/simi/franka_ros2_ws/src/cartesian_impedance_control/src/user_input_client.cpp:1[m[K:
[3.157s] [01m[K/usr/include/c++/11/chrono:267:7:[m[K [01;36m[Knote: [m[Kcandidate: ‘[01m[Ktemplate<class _ToDur, class _Rep, class _Period> constexpr std::chrono::__enable_if_is_duration<_ToDur> std::chrono::duration_cast(const std::chrono::duration<_Rep, _Period>&)[m[K’
[3.157s]   267 |       [01;36m[Kduration_cast[m[K(const duration<_Rep, _Period>& __d)
[3.157s]       |       [01;36m[K^~~~~~~~~~~~~[m[K
[3.157s] [01m[K/usr/include/c++/11/chrono:267:7:[m[K [01;36m[Knote: [m[K  template argument deduction/substitution failed:
[3.157s] [01m[K/home/simi/franka_ros2_ws/src/cartesian_impedance_control/src/user_input_client.cpp:362:71:[m[K [01;36m[Knote: [m[K  ‘[01m[Kstd::chrono::time_point<std::chrono::_V2::steady_clock, std::chrono::duration<long int, std::ratio<1, 1000000000> > >[m[K’ is not derived from ‘[01m[Kconst std::chrono::duration<_Rep, _Period>[m[K’
[3.157s]   362 |       while([01;36m[Kstd::chrono::duration_cast<std::chrono::seconds>(elapsedTime)[m[K.count() < 10.0){   //run for 10 seconds
[3.157s]       |             [01;36m[K~~~~~~~~~~~~~~~~~~~~~~~~~~~~~~~~~~~~~~~~~~~~~~~~^~~~~~~~~~~~~[m[K
[3.157s] 
[3.157s] [01m[K/home/simi/franka_ros2_ws/src/cartesian_impedance_control/src/user_input_client.cpp:363:109:[m[K [01;31m[Kerror: [m[K‘[01m[Kstruct std::chrono::time_point<std::chrono::_V2::steady_clock, std::chrono::duration<long int, std::ratio<1, 1000000000> > >[m[K’ has no member named ‘[01m[Kcount[m[K’
[3.157s]   363 | s_x + amplitude * std::sin(2 * M_PI * frequency * elapsedTime.[01;31m[Kcount[m[K());
[3.158s]       |                                                               [01;31m[K^~~~~[m[K
[3.158s] 
[3.158s] [01m[K/home/simi/franka_ros2_ws/src/cartesian_impedance_control/src/user_input_client.cpp:373:46:[m[K [01;31m[Kerror: [m[K‘[01m[Kstruct std::chrono::time_point<std::chrono::_V2::steady_clock, std::chrono::duration<long int, std::ratio<1, 1000000000> > >[m[K’ has no member named ‘[01m[Kcount[m[K’
[3.158s]   373 |                     std::cout << elapsedTime.[01;31m[Kcount[m[K() << std::endl;
[3.158s]       |                                              [01;31m[K^~~~~[m[K
[3.158s] [01m[K/home/simi/franka_ros2_ws/src/cartesian_impedance_control/src/user_input_client.cpp:374:70:[m[K [01;31m[Kerror: [m[Kno match for ‘[01m[Koperator=[m[K’ (operand types are ‘[01m[Kstd::chrono::time_point<std::chrono::_V2::steady_clock, std::chrono::duration<long int, std::ratio<1, 1000000000> > >[m[K’ and ‘[01m[Kstd::common_type<std::chrono::duration<long int, std::ratio<1, 1000000000> >, std::chrono::duration<long int, std::ratio<1, 1000000000> > >::type[m[K’ {aka ‘[01m[Kstd::chrono::duration<long int, std::ratio<1, 1000000000> >[m[K’})
[3.158s]   374 |            elapsedTime = std::chrono::steady_clock::now() - [01;31m[Kstart_time[m[K;
[3.158s]       |                                                             [01;31m[K^~~~~~~~~~[m[K
[3.158s] 
[3.158s] In file included from [01m[K/usr/include/c++/11/mutex:39[m[K,
[3.158s]                  from [01m[K/usr/include/c++/11/future:38[m[K,
[3.158s]                  from [01m[K/opt/ros/humble/include/rclcpp/rclcpp/executors.hpp:18[m[K,
[3.158s]                  from [01m[K/opt/ros/humble/include/rclcpp/rclcpp/rclcpp.hpp:155[m[K,
[3.158s]                  from [01m[K/home/simi/franka_ros2_ws/src/cartesian_impedance_control/src/user_input_client.cpp:1[m[K:
[3.159s] [01m[K/usr/include/c++/11/chrono:872:14:[m[K [01;36m[Knote: [m[Kcandidate: ‘[01m[Kconstexpr std::chrono::time_point<std::chrono::_V2::steady_clock, std::chrono::duration<long int, std::ratio<1, 1000000000> > >& std::chrono::time_point<std::chrono::_V2::steady_clock, std::chrono::duration<long int, std::ratio<1, 1000000000> > >::operator=(const std::chrono::time_point<std::chrono::_V2::steady_clock, std::chrono::duration<long int, std::ratio<1, 1000000000> > >&)[m[K’
[3.159s]   872 |       struct [01;36m[Ktime_point[m[K
[3.159s]       |              [01;36m[K^~~~~~~~~~[m[K
[3.159s] [01m[K/usr/include/c++/11/chrono:872:14:[m[K [01;36m[Knote: [m[K  no known conversion for argument 1 from ‘[01m[Kstd::common_type<std::chrono::duration<long int, std::ratio<1, 1000000000> >, std::chrono::duration<long int, std::ratio<1, 1000000000> > >::type[m[K’ {aka ‘[01m[Kstd::chrono::duration<long int, std::ratio<1, 1000000000> >[m[K’} to ‘[01m[Kconst std::chrono::time_point<std::chrono::_V2::steady_clock, std::chrono::duration<long int, std::ratio<1, 1000000000> > >&[m[K’
[3.159s] [01m[K/usr/include/c++/11/chrono:872:14:[m[K [01;36m[Knote: [m[Kcandidate: ‘[01m[Kconstexpr std::chrono::time_point<std::chrono::_V2::steady_clock, std::chrono::duration<long int, std::ratio<1, 1000000000> > >& std::chrono::time_point<std::chrono::_V2::steady_clock, std::chrono::duration<long int, std::ratio<1, 1000000000> > >::operator=(std::chrono::time_point<std::chrono::_V2::steady_clock, std::chrono::duration<long int, std::ratio<1, 1000000000> > >&&)[m[K’
[3.159s] [01m[K/usr/include/c++/11/chrono:872:14:[m[K [01;36m[Knote: [m[K  no known conversion for argument 1 from ‘[01m[Kstd::common_type<std::chrono::duration<long int, std::ratio<1, 1000000000> >, std::chrono::duration<long int, std::ratio<1, 1000000000> > >::type[m[K’ {aka ‘[01m[Kstd::chrono::duration<long int, std::ratio<1, 1000000000> >[m[K’} to ‘[01m[Kstd::chrono::time_point<std::chrono::_V2::steady_clock, std::chrono::duration<long int, std::ratio<1, 1000000000> > >&&[m[K’
[3.159s] [01m[K/home/simi/franka_ros2_ws/src/cartesian_impedance_control/src/user_input_client.cpp:322:22:[m[K [01;35m[Kwarning: [m[Kunused variable ‘[01m[Krun[m[K’ [[01;35m[K]8;;https://gcc.gnu.org/onlinedocs/gcc/Warning-Options.html#index-Wunused-variable-Wunused-variable]8;;[m[K]
[3.159s]   322 |                 bool [01;35m[Krun[m[K = false;
[3.159s]       |                      [01;35m[K^~~[m[K
[3.159s] [01m[K/home/simi/franka_ros2_ws/src/cartesian_impedance_control/src/user_input_client.cpp:79:9:[m[K [01;35m[Kwarning: [m[Kunused variable ‘[01m[Ktask_selection[m[K’ [[01;35m[K]8;;https://gcc.gnu.org/onlinedocs/gcc/Warning-Options.html#index-Wunused-variable-Wunused-variable]8;;[m[K]
[3.159s]    79 |     int [01;35m[Ktask_selection[m[K, param_selection;
[3.159s]       |         [01;35m[K^~~~~~~~~~~~~~[m[K
[3.159s] [01m[K/home/simi/franka_ros2_ws/src/cartesian_impedance_control/src/user_input_client.cpp:79:25:[m[K [01;35m[Kwarning: [m[Kunused variable ‘[01m[Kparam_selection[m[K’ [[01;35m[K]8;;https://gcc.gnu.org/onlinedocs/gcc/Warning-Options.html#index-Wunused-variable-Wunused-variable]8;;[m[K]
[3.160s]    79 |     int task_selection, [01;35m[Kparam_selection[m[K;
[3.160s]       |                         [01;35m[K^~~~~~~~~~~~~~~[m[K
[4.531s] gmake[2]: *** [CMakeFiles/user_input_client.dir/build.make:76: CMakeFiles/user_input_client.dir/src/user_input_client.cpp.o] Error 1
[4.531s] gmake[1]: *** [CMakeFiles/Makefile2:169: CMakeFiles/user_input_client.dir/all] Error 2
[4.532s] gmake: *** [Makefile:146: all] Error 2
[4.536s] Invoked command in '/home/simi/franka_ros2_ws/build/cartesian_impedance_control' returned '2': CMAKE_PREFIX_PATH=/home/simi/franka_ros2_ws/install/franka_robot_state_broadcaster:/home/simi/franka_ros2_ws/install/franka_semantic_components:/home/simi/franka_ros2_ws/install/franka_hardware:/home/simi/franka_ros2_ws/install/messages_fr3:/home/simi/franka_ros2_ws/install/franka_msgs:/home/simi/franka_ros2_ws/install/franka_description:/home/simi/franka_ros2_ws/install/cartesian_impedance_control:/home/simi/franka_ros2_ws/install/joint_trajectory_controller:/home/simi/franka_ros2_ws/install/integration_launch_testing:/home/simi/franka_ros2_ws/install/franka_bringup:/home/simi/franka_ros2_ws/install/franka_example_controllers:/home/simi/franka_ros2_ws/install/franka_moveit_config:/home/simi/franka_ros2_ws/install/franka_gripper:/home/simi/franka_ros2_ws/install/realtime_plot_of_data:/opt/ros/humble LD_LIBRARY_PATH=/home/simi/franka_ros2_ws/install/franka_robot_state_broadcaster/lib:/home/simi/franka_ros2_ws/install/franka_semantic_components/lib:/home/simi/franka_ros2_ws/install/franka_hardware/lib:/home/simi/franka_ros2_ws/install/messages_fr3/lib:/home/simi/franka_ros2_ws/install/franka_msgs/lib:/home/simi/franka_ros2_ws/install/cartesian_impedance_control/lib:/home/simi/franka_ros2_ws/install/joint_trajectory_controller/lib:/home/simi/franka_ros2_ws/install/integration_launch_testing/lib:/home/simi/franka_ros2_ws/install/franka_example_controllers/lib:/home/simi/franka_ros2_ws/install/franka_gripper/lib:/opt/ros/humble/opt/rviz_ogre_vendor/lib:/opt/ros/humble/lib/x86_64-linux-gnu:/opt/ros/humble/lib /usr/bin/cmake --build /home/simi/franka_ros2_ws/build/cartesian_impedance_control -- -j16 -l16
