[0.099s] DEBUG:colcon:Command line arguments: ['/usr/bin/colcon', 'build', '--packages-select', 'cartesian_impedance_control', '--cmake-args', '-DCMAKE_BUILD_TYPE=Release']
[0.099s] DEBUG:colcon:Parsed command line arguments: Namespace(log_base=None, log_level=None, verb_name='build', build_base='build', install_base='install', merge_install=False, symlink_install=False, test_result_base=None, continue_on_error=False, executor='parallel', parallel_workers=16, event_handlers=None, ignore_user_meta=False, metas=['./colcon.meta'], base_paths=['.'], packages_ignore=None, packages_ignore_regex=None, paths=None, packages_up_to=None, packages_up_to_regex=None, packages_above=None, packages_above_and_dependencies=None, packages_above_depth=None, packages_select_by_dep=None, packages_skip_by_dep=None, packages_skip_up_to=None, packages_select_build_failed=False, packages_skip_build_finished=False, packages_select_test_failures=False, packages_skip_test_passed=False, packages_select=['cartesian_impedance_control'], packages_skip=None, packages_select_regex=None, packages_skip_regex=None, packages_start=None, packages_end=None, allow_overriding=[], cmake_args=['-DCMAKE_BUILD_TYPE=Release'], cmake_target=None, cmake_target_skip_unavailable=False, cmake_clean_cache=False, cmake_clean_first=False, cmake_force_configure=False, ament_cmake_args=None, catkin_cmake_args=None, catkin_skip_building_tests=False, verb_parser=<colcon_defaults.argument_parser.defaults.DefaultArgumentsDecorator object at 0x7f2c3f6e4700>, verb_extension=<colcon_core.verb.build.BuildVerb object at 0x7f2c3f6e4190>, main=<bound method BuildVerb.main of <colcon_core.verb.build.BuildVerb object at 0x7f2c3f6e4190>>)
[0.247s] Level 1:colcon.colcon_core.package_discovery:discover_packages(colcon_meta) check parameters
[0.248s] Level 1:colcon.colcon_core.package_discovery:discover_packages(recursive) check parameters
[0.248s] Level 1:colcon.colcon_core.package_discovery:discover_packages(ignore) check parameters
[0.248s] Level 1:colcon.colcon_core.package_discovery:discover_packages(path) check parameters
[0.248s] Level 1:colcon.colcon_core.package_discovery:discover_packages(colcon_meta) discover
[0.248s] Level 1:colcon.colcon_core.package_discovery:discover_packages(recursive) discover
[0.248s] INFO:colcon.colcon_core.package_discovery:Crawling recursively for packages in '/home/simi/franka_ros2_ws'
[0.248s] Level 1:colcon.colcon_core.package_identification:_identify(.) by extensions ['ignore', 'ignore_ament_install']
[0.248s] Level 1:colcon.colcon_core.package_identification:_identify(.) by extension 'ignore'
[0.248s] Level 1:colcon.colcon_core.package_identification:_identify(.) by extension 'ignore_ament_install'
[0.248s] Level 1:colcon.colcon_core.package_identification:_identify(.) by extensions ['colcon_pkg']
[0.248s] Level 1:colcon.colcon_core.package_identification:_identify(.) by extension 'colcon_pkg'
[0.248s] Level 1:colcon.colcon_core.package_identification:_identify(.) by extensions ['colcon_meta']
[0.248s] Level 1:colcon.colcon_core.package_identification:_identify(.) by extension 'colcon_meta'
[0.248s] Level 1:colcon.colcon_core.package_identification:_identify(.) by extensions ['ros']
[0.248s] Level 1:colcon.colcon_core.package_identification:_identify(.) by extension 'ros'
[0.259s] Level 1:colcon.colcon_core.package_identification:_identify(.) by extensions ['cmake', 'python']
[0.259s] Level 1:colcon.colcon_core.package_identification:_identify(.) by extension 'cmake'
[0.259s] Level 1:colcon.colcon_core.package_identification:_identify(.) by extension 'python'
[0.259s] Level 1:colcon.colcon_core.package_identification:_identify(.) by extensions ['python_setup_py']
[0.259s] Level 1:colcon.colcon_core.package_identification:_identify(.) by extension 'python_setup_py'
[0.259s] Level 1:colcon.colcon_core.package_identification:_identify(build) by extensions ['ignore', 'ignore_ament_install']
[0.259s] Level 1:colcon.colcon_core.package_identification:_identify(build) by extension 'ignore'
[0.259s] Level 1:colcon.colcon_core.package_identification:_identify(build) ignored
[0.260s] Level 1:colcon.colcon_core.package_identification:_identify(install) by extensions ['ignore', 'ignore_ament_install']
[0.260s] Level 1:colcon.colcon_core.package_identification:_identify(install) by extension 'ignore'
[0.260s] Level 1:colcon.colcon_core.package_identification:_identify(install) ignored
[0.260s] Level 1:colcon.colcon_core.package_identification:_identify(log) by extensions ['ignore', 'ignore_ament_install']
[0.260s] Level 1:colcon.colcon_core.package_identification:_identify(log) by extension 'ignore'
[0.260s] Level 1:colcon.colcon_core.package_identification:_identify(log) ignored
[0.260s] Level 1:colcon.colcon_core.package_identification:_identify(src) by extensions ['ignore', 'ignore_ament_install']
[0.260s] Level 1:colcon.colcon_core.package_identification:_identify(src) by extension 'ignore'
[0.261s] Level 1:colcon.colcon_core.package_identification:_identify(src) by extension 'ignore_ament_install'
[0.261s] Level 1:colcon.colcon_core.package_identification:_identify(src) by extensions ['colcon_pkg']
[0.261s] Level 1:colcon.colcon_core.package_identification:_identify(src) by extension 'colcon_pkg'
[0.261s] Level 1:colcon.colcon_core.package_identification:_identify(src) by extensions ['colcon_meta']
[0.261s] Level 1:colcon.colcon_core.package_identification:_identify(src) by extension 'colcon_meta'
[0.261s] Level 1:colcon.colcon_core.package_identification:_identify(src) by extensions ['ros']
[0.261s] Level 1:colcon.colcon_core.package_identification:_identify(src) by extension 'ros'
[0.261s] Level 1:colcon.colcon_core.package_identification:_identify(src) by extensions ['cmake', 'python']
[0.261s] Level 1:colcon.colcon_core.package_identification:_identify(src) by extension 'cmake'
[0.261s] Level 1:colcon.colcon_core.package_identification:_identify(src) by extension 'python'
[0.261s] Level 1:colcon.colcon_core.package_identification:_identify(src) by extensions ['python_setup_py']
[0.261s] Level 1:colcon.colcon_core.package_identification:_identify(src) by extension 'python_setup_py'
[0.261s] Level 1:colcon.colcon_core.package_identification:_identify(src/build) by extensions ['ignore', 'ignore_ament_install']
[0.261s] Level 1:colcon.colcon_core.package_identification:_identify(src/build) by extension 'ignore'
[0.261s] Level 1:colcon.colcon_core.package_identification:_identify(src/build) ignored
[0.261s] Level 1:colcon.colcon_core.package_identification:_identify(src/cartesian_impedance_control) by extensions ['ignore', 'ignore_ament_install']
[0.261s] Level 1:colcon.colcon_core.package_identification:_identify(src/cartesian_impedance_control) by extension 'ignore'
[0.261s] Level 1:colcon.colcon_core.package_identification:_identify(src/cartesian_impedance_control) by extension 'ignore_ament_install'
[0.261s] Level 1:colcon.colcon_core.package_identification:_identify(src/cartesian_impedance_control) by extensions ['colcon_pkg']
[0.261s] Level 1:colcon.colcon_core.package_identification:_identify(src/cartesian_impedance_control) by extension 'colcon_pkg'
[0.261s] Level 1:colcon.colcon_core.package_identification:_identify(src/cartesian_impedance_control) by extensions ['colcon_meta']
[0.261s] Level 1:colcon.colcon_core.package_identification:_identify(src/cartesian_impedance_control) by extension 'colcon_meta'
[0.261s] Level 1:colcon.colcon_core.package_identification:_identify(src/cartesian_impedance_control) by extensions ['ros']
[0.261s] Level 1:colcon.colcon_core.package_identification:_identify(src/cartesian_impedance_control) by extension 'ros'
[0.264s] DEBUG:colcon.colcon_core.package_identification:Package 'src/cartesian_impedance_control' with type 'ros.ament_cmake' and name 'cartesian_impedance_control'
[0.265s] Level 1:colcon.colcon_core.package_identification:_identify(src/franka_ros2) by extensions ['ignore', 'ignore_ament_install']
[0.265s] Level 1:colcon.colcon_core.package_identification:_identify(src/franka_ros2) by extension 'ignore'
[0.265s] Level 1:colcon.colcon_core.package_identification:_identify(src/franka_ros2) by extension 'ignore_ament_install'
[0.265s] Level 1:colcon.colcon_core.package_identification:_identify(src/franka_ros2) by extensions ['colcon_pkg']
[0.265s] Level 1:colcon.colcon_core.package_identification:_identify(src/franka_ros2) by extension 'colcon_pkg'
[0.265s] Level 1:colcon.colcon_core.package_identification:_identify(src/franka_ros2) by extensions ['colcon_meta']
[0.265s] Level 1:colcon.colcon_core.package_identification:_identify(src/franka_ros2) by extension 'colcon_meta'
[0.265s] Level 1:colcon.colcon_core.package_identification:_identify(src/franka_ros2) by extensions ['ros']
[0.265s] Level 1:colcon.colcon_core.package_identification:_identify(src/franka_ros2) by extension 'ros'
[0.265s] Level 1:colcon.colcon_core.package_identification:_identify(src/franka_ros2) by extensions ['cmake', 'python']
[0.265s] Level 1:colcon.colcon_core.package_identification:_identify(src/franka_ros2) by extension 'cmake'
[0.265s] Level 1:colcon.colcon_core.package_identification:_identify(src/franka_ros2) by extension 'python'
[0.265s] Level 1:colcon.colcon_core.package_identification:_identify(src/franka_ros2) by extensions ['python_setup_py']
[0.265s] Level 1:colcon.colcon_core.package_identification:_identify(src/franka_ros2) by extension 'python_setup_py'
[0.265s] Level 1:colcon.colcon_core.package_identification:_identify(src/franka_ros2/build) by extensions ['ignore', 'ignore_ament_install']
[0.265s] Level 1:colcon.colcon_core.package_identification:_identify(src/franka_ros2/build) by extension 'ignore'
[0.265s] Level 1:colcon.colcon_core.package_identification:_identify(src/franka_ros2/build) ignored
[0.265s] Level 1:colcon.colcon_core.package_identification:_identify(src/franka_ros2/franka_bringup) by extensions ['ignore', 'ignore_ament_install']
[0.266s] Level 1:colcon.colcon_core.package_identification:_identify(src/franka_ros2/franka_bringup) by extension 'ignore'
[0.266s] Level 1:colcon.colcon_core.package_identification:_identify(src/franka_ros2/franka_bringup) by extension 'ignore_ament_install'
[0.266s] Level 1:colcon.colcon_core.package_identification:_identify(src/franka_ros2/franka_bringup) by extensions ['colcon_pkg']
[0.266s] Level 1:colcon.colcon_core.package_identification:_identify(src/franka_ros2/franka_bringup) by extension 'colcon_pkg'
[0.266s] Level 1:colcon.colcon_core.package_identification:_identify(src/franka_ros2/franka_bringup) by extensions ['colcon_meta']
[0.266s] Level 1:colcon.colcon_core.package_identification:_identify(src/franka_ros2/franka_bringup) by extension 'colcon_meta'
[0.266s] Level 1:colcon.colcon_core.package_identification:_identify(src/franka_ros2/franka_bringup) by extensions ['ros']
[0.266s] Level 1:colcon.colcon_core.package_identification:_identify(src/franka_ros2/franka_bringup) by extension 'ros'
[0.266s] DEBUG:colcon.colcon_core.package_identification:Package 'src/franka_ros2/franka_bringup' with type 'ros.ament_cmake' and name 'franka_bringup'
[0.266s] Level 1:colcon.colcon_core.package_identification:_identify(src/franka_ros2/franka_description) by extensions ['ignore', 'ignore_ament_install']
[0.267s] Level 1:colcon.colcon_core.package_identification:_identify(src/franka_ros2/franka_description) by extension 'ignore'
[0.267s] Level 1:colcon.colcon_core.package_identification:_identify(src/franka_ros2/franka_description) by extension 'ignore_ament_install'
[0.267s] Level 1:colcon.colcon_core.package_identification:_identify(src/franka_ros2/franka_description) by extensions ['colcon_pkg']
[0.267s] Level 1:colcon.colcon_core.package_identification:_identify(src/franka_ros2/franka_description) by extension 'colcon_pkg'
[0.267s] Level 1:colcon.colcon_core.package_identification:_identify(src/franka_ros2/franka_description) by extensions ['colcon_meta']
[0.267s] Level 1:colcon.colcon_core.package_identification:_identify(src/franka_ros2/franka_description) by extension 'colcon_meta'
[0.267s] Level 1:colcon.colcon_core.package_identification:_identify(src/franka_ros2/franka_description) by extensions ['ros']
[0.267s] Level 1:colcon.colcon_core.package_identification:_identify(src/franka_ros2/franka_description) by extension 'ros'
[0.268s] DEBUG:colcon.colcon_core.package_identification:Package 'src/franka_ros2/franka_description' with type 'ros.ament_cmake' and name 'franka_description'
[0.268s] Level 1:colcon.colcon_core.package_identification:_identify(src/franka_ros2/franka_example_controllers) by extensions ['ignore', 'ignore_ament_install']
[0.268s] Level 1:colcon.colcon_core.package_identification:_identify(src/franka_ros2/franka_example_controllers) by extension 'ignore'
[0.268s] Level 1:colcon.colcon_core.package_identification:_identify(src/franka_ros2/franka_example_controllers) by extension 'ignore_ament_install'
[0.268s] Level 1:colcon.colcon_core.package_identification:_identify(src/franka_ros2/franka_example_controllers) by extensions ['colcon_pkg']
[0.268s] Level 1:colcon.colcon_core.package_identification:_identify(src/franka_ros2/franka_example_controllers) by extension 'colcon_pkg'
[0.268s] Level 1:colcon.colcon_core.package_identification:_identify(src/franka_ros2/franka_example_controllers) by extensions ['colcon_meta']
[0.268s] Level 1:colcon.colcon_core.package_identification:_identify(src/franka_ros2/franka_example_controllers) by extension 'colcon_meta'
[0.268s] Level 1:colcon.colcon_core.package_identification:_identify(src/franka_ros2/franka_example_controllers) by extensions ['ros']
[0.268s] Level 1:colcon.colcon_core.package_identification:_identify(src/franka_ros2/franka_example_controllers) by extension 'ros'
[0.269s] DEBUG:colcon.colcon_core.package_identification:Package 'src/franka_ros2/franka_example_controllers' with type 'ros.ament_cmake' and name 'franka_example_controllers'
[0.269s] Level 1:colcon.colcon_core.package_identification:_identify(src/franka_ros2/franka_gripper) by extensions ['ignore', 'ignore_ament_install']
[0.269s] Level 1:colcon.colcon_core.package_identification:_identify(src/franka_ros2/franka_gripper) by extension 'ignore'
[0.269s] Level 1:colcon.colcon_core.package_identification:_identify(src/franka_ros2/franka_gripper) by extension 'ignore_ament_install'
[0.270s] Level 1:colcon.colcon_core.package_identification:_identify(src/franka_ros2/franka_gripper) by extensions ['colcon_pkg']
[0.270s] Level 1:colcon.colcon_core.package_identification:_identify(src/franka_ros2/franka_gripper) by extension 'colcon_pkg'
[0.270s] Level 1:colcon.colcon_core.package_identification:_identify(src/franka_ros2/franka_gripper) by extensions ['colcon_meta']
[0.270s] Level 1:colcon.colcon_core.package_identification:_identify(src/franka_ros2/franka_gripper) by extension 'colcon_meta'
[0.270s] Level 1:colcon.colcon_core.package_identification:_identify(src/franka_ros2/franka_gripper) by extensions ['ros']
[0.270s] Level 1:colcon.colcon_core.package_identification:_identify(src/franka_ros2/franka_gripper) by extension 'ros'
[0.271s] DEBUG:colcon.colcon_core.package_identification:Package 'src/franka_ros2/franka_gripper' with type 'ros.ament_cmake' and name 'franka_gripper'
[0.271s] Level 1:colcon.colcon_core.package_identification:_identify(src/franka_ros2/franka_hardware) by extensions ['ignore', 'ignore_ament_install']
[0.271s] Level 1:colcon.colcon_core.package_identification:_identify(src/franka_ros2/franka_hardware) by extension 'ignore'
[0.271s] Level 1:colcon.colcon_core.package_identification:_identify(src/franka_ros2/franka_hardware) by extension 'ignore_ament_install'
[0.271s] Level 1:colcon.colcon_core.package_identification:_identify(src/franka_ros2/franka_hardware) by extensions ['colcon_pkg']
[0.271s] Level 1:colcon.colcon_core.package_identification:_identify(src/franka_ros2/franka_hardware) by extension 'colcon_pkg'
[0.271s] Level 1:colcon.colcon_core.package_identification:_identify(src/franka_ros2/franka_hardware) by extensions ['colcon_meta']
[0.271s] Level 1:colcon.colcon_core.package_identification:_identify(src/franka_ros2/franka_hardware) by extension 'colcon_meta'
[0.271s] Level 1:colcon.colcon_core.package_identification:_identify(src/franka_ros2/franka_hardware) by extensions ['ros']
[0.271s] Level 1:colcon.colcon_core.package_identification:_identify(src/franka_ros2/franka_hardware) by extension 'ros'
[0.272s] DEBUG:colcon.colcon_core.package_identification:Package 'src/franka_ros2/franka_hardware' with type 'ros.ament_cmake' and name 'franka_hardware'
[0.272s] Level 1:colcon.colcon_core.package_identification:_identify(src/franka_ros2/franka_moveit_config) by extensions ['ignore', 'ignore_ament_install']
[0.272s] Level 1:colcon.colcon_core.package_identification:_identify(src/franka_ros2/franka_moveit_config) by extension 'ignore'
[0.272s] Level 1:colcon.colcon_core.package_identification:_identify(src/franka_ros2/franka_moveit_config) by extension 'ignore_ament_install'
[0.272s] Level 1:colcon.colcon_core.package_identification:_identify(src/franka_ros2/franka_moveit_config) by extensions ['colcon_pkg']
[0.272s] Level 1:colcon.colcon_core.package_identification:_identify(src/franka_ros2/franka_moveit_config) by extension 'colcon_pkg'
[0.272s] Level 1:colcon.colcon_core.package_identification:_identify(src/franka_ros2/franka_moveit_config) by extensions ['colcon_meta']
[0.272s] Level 1:colcon.colcon_core.package_identification:_identify(src/franka_ros2/franka_moveit_config) by extension 'colcon_meta'
[0.272s] Level 1:colcon.colcon_core.package_identification:_identify(src/franka_ros2/franka_moveit_config) by extensions ['ros']
[0.272s] Level 1:colcon.colcon_core.package_identification:_identify(src/franka_ros2/franka_moveit_config) by extension 'ros'
[0.273s] DEBUG:colcon.colcon_core.package_identification:Package 'src/franka_ros2/franka_moveit_config' with type 'ros.ament_cmake' and name 'franka_moveit_config'
[0.273s] Level 1:colcon.colcon_core.package_identification:_identify(src/franka_ros2/franka_msgs) by extensions ['ignore', 'ignore_ament_install']
[0.273s] Level 1:colcon.colcon_core.package_identification:_identify(src/franka_ros2/franka_msgs) by extension 'ignore'
[0.273s] Level 1:colcon.colcon_core.package_identification:_identify(src/franka_ros2/franka_msgs) by extension 'ignore_ament_install'
[0.273s] Level 1:colcon.colcon_core.package_identification:_identify(src/franka_ros2/franka_msgs) by extensions ['colcon_pkg']
[0.273s] Level 1:colcon.colcon_core.package_identification:_identify(src/franka_ros2/franka_msgs) by extension 'colcon_pkg'
[0.273s] Level 1:colcon.colcon_core.package_identification:_identify(src/franka_ros2/franka_msgs) by extensions ['colcon_meta']
[0.273s] Level 1:colcon.colcon_core.package_identification:_identify(src/franka_ros2/franka_msgs) by extension 'colcon_meta'
[0.273s] Level 1:colcon.colcon_core.package_identification:_identify(src/franka_ros2/franka_msgs) by extensions ['ros']
[0.273s] Level 1:colcon.colcon_core.package_identification:_identify(src/franka_ros2/franka_msgs) by extension 'ros'
[0.274s] DEBUG:colcon.colcon_core.package_identification:Package 'src/franka_ros2/franka_msgs' with type 'ros.ament_cmake' and name 'franka_msgs'
[0.274s] Level 1:colcon.colcon_core.package_identification:_identify(src/franka_ros2/franka_robot_state_broadcaster) by extensions ['ignore', 'ignore_ament_install']
[0.274s] Level 1:colcon.colcon_core.package_identification:_identify(src/franka_ros2/franka_robot_state_broadcaster) by extension 'ignore'
[0.274s] Level 1:colcon.colcon_core.package_identification:_identify(src/franka_ros2/franka_robot_state_broadcaster) by extension 'ignore_ament_install'
[0.274s] Level 1:colcon.colcon_core.package_identification:_identify(src/franka_ros2/franka_robot_state_broadcaster) by extensions ['colcon_pkg']
[0.274s] Level 1:colcon.colcon_core.package_identification:_identify(src/franka_ros2/franka_robot_state_broadcaster) by extension 'colcon_pkg'
[0.274s] Level 1:colcon.colcon_core.package_identification:_identify(src/franka_ros2/franka_robot_state_broadcaster) by extensions ['colcon_meta']
[0.274s] Level 1:colcon.colcon_core.package_identification:_identify(src/franka_ros2/franka_robot_state_broadcaster) by extension 'colcon_meta'
[0.274s] Level 1:colcon.colcon_core.package_identification:_identify(src/franka_ros2/franka_robot_state_broadcaster) by extensions ['ros']
[0.274s] Level 1:colcon.colcon_core.package_identification:_identify(src/franka_ros2/franka_robot_state_broadcaster) by extension 'ros'
[0.275s] DEBUG:colcon.colcon_core.package_identification:Package 'src/franka_ros2/franka_robot_state_broadcaster' with type 'ros.ament_cmake' and name 'franka_robot_state_broadcaster'
[0.275s] Level 1:colcon.colcon_core.package_identification:_identify(src/franka_ros2/franka_semantic_components) by extensions ['ignore', 'ignore_ament_install']
[0.275s] Level 1:colcon.colcon_core.package_identification:_identify(src/franka_ros2/franka_semantic_components) by extension 'ignore'
[0.275s] Level 1:colcon.colcon_core.package_identification:_identify(src/franka_ros2/franka_semantic_components) by extension 'ignore_ament_install'
[0.275s] Level 1:colcon.colcon_core.package_identification:_identify(src/franka_ros2/franka_semantic_components) by extensions ['colcon_pkg']
[0.275s] Level 1:colcon.colcon_core.package_identification:_identify(src/franka_ros2/franka_semantic_components) by extension 'colcon_pkg'
[0.275s] Level 1:colcon.colcon_core.package_identification:_identify(src/franka_ros2/franka_semantic_components) by extensions ['colcon_meta']
[0.275s] Level 1:colcon.colcon_core.package_identification:_identify(src/franka_ros2/franka_semantic_components) by extension 'colcon_meta'
[0.275s] Level 1:colcon.colcon_core.package_identification:_identify(src/franka_ros2/franka_semantic_components) by extensions ['ros']
[0.275s] Level 1:colcon.colcon_core.package_identification:_identify(src/franka_ros2/franka_semantic_components) by extension 'ros'
[0.276s] DEBUG:colcon.colcon_core.package_identification:Package 'src/franka_ros2/franka_semantic_components' with type 'ros.ament_cmake' and name 'franka_semantic_components'
[0.276s] Level 1:colcon.colcon_core.package_identification:_identify(src/franka_ros2/install) by extensions ['ignore', 'ignore_ament_install']
[0.276s] Level 1:colcon.colcon_core.package_identification:_identify(src/franka_ros2/install) by extension 'ignore'
[0.276s] Level 1:colcon.colcon_core.package_identification:_identify(src/franka_ros2/install) ignored
[0.277s] Level 1:colcon.colcon_core.package_identification:_identify(src/franka_ros2/integration_launch_testing) by extensions ['ignore', 'ignore_ament_install']
[0.277s] Level 1:colcon.colcon_core.package_identification:_identify(src/franka_ros2/integration_launch_testing) by extension 'ignore'
[0.277s] Level 1:colcon.colcon_core.package_identification:_identify(src/franka_ros2/integration_launch_testing) by extension 'ignore_ament_install'
[0.277s] Level 1:colcon.colcon_core.package_identification:_identify(src/franka_ros2/integration_launch_testing) by extensions ['colcon_pkg']
[0.277s] Level 1:colcon.colcon_core.package_identification:_identify(src/franka_ros2/integration_launch_testing) by extension 'colcon_pkg'
[0.277s] Level 1:colcon.colcon_core.package_identification:_identify(src/franka_ros2/integration_launch_testing) by extensions ['colcon_meta']
[0.277s] Level 1:colcon.colcon_core.package_identification:_identify(src/franka_ros2/integration_launch_testing) by extension 'colcon_meta'
[0.277s] Level 1:colcon.colcon_core.package_identification:_identify(src/franka_ros2/integration_launch_testing) by extensions ['ros']
[0.277s] Level 1:colcon.colcon_core.package_identification:_identify(src/franka_ros2/integration_launch_testing) by extension 'ros'
[0.277s] DEBUG:colcon.colcon_core.package_identification:Package 'src/franka_ros2/integration_launch_testing' with type 'ros.ament_cmake' and name 'integration_launch_testing'
[0.277s] Level 1:colcon.colcon_core.package_identification:_identify(src/franka_ros2/joint_trajectory_controller) by extensions ['ignore', 'ignore_ament_install']
[0.277s] Level 1:colcon.colcon_core.package_identification:_identify(src/franka_ros2/joint_trajectory_controller) by extension 'ignore'
[0.278s] Level 1:colcon.colcon_core.package_identification:_identify(src/franka_ros2/joint_trajectory_controller) by extension 'ignore_ament_install'
[0.278s] Level 1:colcon.colcon_core.package_identification:_identify(src/franka_ros2/joint_trajectory_controller) by extensions ['colcon_pkg']
[0.278s] Level 1:colcon.colcon_core.package_identification:_identify(src/franka_ros2/joint_trajectory_controller) by extension 'colcon_pkg'
[0.278s] Level 1:colcon.colcon_core.package_identification:_identify(src/franka_ros2/joint_trajectory_controller) by extensions ['colcon_meta']
[0.278s] Level 1:colcon.colcon_core.package_identification:_identify(src/franka_ros2/joint_trajectory_controller) by extension 'colcon_meta'
[0.278s] Level 1:colcon.colcon_core.package_identification:_identify(src/franka_ros2/joint_trajectory_controller) by extensions ['ros']
[0.278s] Level 1:colcon.colcon_core.package_identification:_identify(src/franka_ros2/joint_trajectory_controller) by extension 'ros'
[0.279s] DEBUG:colcon.colcon_core.package_identification:Package 'src/franka_ros2/joint_trajectory_controller' with type 'ros.ament_cmake' and name 'joint_trajectory_controller'
[0.279s] Level 1:colcon.colcon_core.package_identification:_identify(src/franka_ros2/log) by extensions ['ignore', 'ignore_ament_install']
[0.279s] Level 1:colcon.colcon_core.package_identification:_identify(src/franka_ros2/log) by extension 'ignore'
[0.279s] Level 1:colcon.colcon_core.package_identification:_identify(src/franka_ros2/log) ignored
[0.279s] Level 1:colcon.colcon_core.package_identification:_identify(src/install) by extensions ['ignore', 'ignore_ament_install']
[0.279s] Level 1:colcon.colcon_core.package_identification:_identify(src/install) by extension 'ignore'
[0.279s] Level 1:colcon.colcon_core.package_identification:_identify(src/install) ignored
[0.279s] Level 1:colcon.colcon_core.package_identification:_identify(src/log) by extensions ['ignore', 'ignore_ament_install']
[0.279s] Level 1:colcon.colcon_core.package_identification:_identify(src/log) by extension 'ignore'
[0.279s] Level 1:colcon.colcon_core.package_identification:_identify(src/log) ignored
[0.279s] Level 1:colcon.colcon_core.package_identification:_identify(src/messages_fr3) by extensions ['ignore', 'ignore_ament_install']
[0.279s] Level 1:colcon.colcon_core.package_identification:_identify(src/messages_fr3) by extension 'ignore'
[0.279s] Level 1:colcon.colcon_core.package_identification:_identify(src/messages_fr3) by extension 'ignore_ament_install'
[0.280s] Level 1:colcon.colcon_core.package_identification:_identify(src/messages_fr3) by extensions ['colcon_pkg']
[0.280s] Level 1:colcon.colcon_core.package_identification:_identify(src/messages_fr3) by extension 'colcon_pkg'
[0.280s] Level 1:colcon.colcon_core.package_identification:_identify(src/messages_fr3) by extensions ['colcon_meta']
[0.280s] Level 1:colcon.colcon_core.package_identification:_identify(src/messages_fr3) by extension 'colcon_meta'
[0.280s] Level 1:colcon.colcon_core.package_identification:_identify(src/messages_fr3) by extensions ['ros']
[0.280s] Level 1:colcon.colcon_core.package_identification:_identify(src/messages_fr3) by extension 'ros'
[0.280s] DEBUG:colcon.colcon_core.package_identification:Package 'src/messages_fr3' with type 'ros.ament_cmake' and name 'messages_fr3'
[0.280s] Level 1:colcon.colcon_core.package_identification:_identify(src/realtime_plot_of_data) by extensions ['ignore', 'ignore_ament_install']
[0.280s] Level 1:colcon.colcon_core.package_identification:_identify(src/realtime_plot_of_data) by extension 'ignore'
[0.280s] Level 1:colcon.colcon_core.package_identification:_identify(src/realtime_plot_of_data) by extension 'ignore_ament_install'
[0.281s] Level 1:colcon.colcon_core.package_identification:_identify(src/realtime_plot_of_data) by extensions ['colcon_pkg']
[0.281s] Level 1:colcon.colcon_core.package_identification:_identify(src/realtime_plot_of_data) by extension 'colcon_pkg'
[0.281s] Level 1:colcon.colcon_core.package_identification:_identify(src/realtime_plot_of_data) by extensions ['colcon_meta']
[0.281s] Level 1:colcon.colcon_core.package_identification:_identify(src/realtime_plot_of_data) by extension 'colcon_meta'
[0.281s] Level 1:colcon.colcon_core.package_identification:_identify(src/realtime_plot_of_data) by extensions ['ros']
[0.281s] Level 1:colcon.colcon_core.package_identification:_identify(src/realtime_plot_of_data) by extension 'ros'
[0.281s] DEBUG:colcon.colcon_core.package_identification:Package 'src/realtime_plot_of_data' with type 'ros.ament_python' and name 'realtime_plot_of_data'
[0.281s] Level 1:colcon.colcon_core.package_discovery:discover_packages(recursive) using defaults
[0.281s] Level 1:colcon.colcon_core.package_discovery:discover_packages(ignore) discover
[0.281s] Level 1:colcon.colcon_core.package_discovery:discover_packages(ignore) using defaults
[0.281s] Level 1:colcon.colcon_core.package_discovery:discover_packages(path) discover
[0.281s] Level 1:colcon.colcon_core.package_discovery:discover_packages(path) using defaults
[0.304s] INFO:colcon.colcon_core.package_selection:Skipping not selected package 'franka_description' in 'src/franka_ros2/franka_description'
[0.304s] INFO:colcon.colcon_core.package_selection:Skipping not selected package 'franka_msgs' in 'src/franka_ros2/franka_msgs'
[0.304s] INFO:colcon.colcon_core.package_selection:Skipping not selected package 'integration_launch_testing' in 'src/franka_ros2/integration_launch_testing'
[0.304s] INFO:colcon.colcon_core.package_selection:Skipping not selected package 'joint_trajectory_controller' in 'src/franka_ros2/joint_trajectory_controller'
[0.304s] INFO:colcon.colcon_core.package_selection:Skipping not selected package 'messages_fr3' in 'src/messages_fr3'
[0.304s] INFO:colcon.colcon_core.package_selection:Skipping not selected package 'realtime_plot_of_data' in 'src/realtime_plot_of_data'
[0.304s] INFO:colcon.colcon_core.package_selection:Skipping not selected package 'franka_gripper' in 'src/franka_ros2/franka_gripper'
[0.304s] INFO:colcon.colcon_core.package_selection:Skipping not selected package 'franka_hardware' in 'src/franka_ros2/franka_hardware'
[0.304s] INFO:colcon.colcon_core.package_selection:Skipping not selected package 'franka_moveit_config' in 'src/franka_ros2/franka_moveit_config'
[0.304s] INFO:colcon.colcon_core.package_selection:Skipping not selected package 'franka_semantic_components' in 'src/franka_ros2/franka_semantic_components'
[0.304s] INFO:colcon.colcon_core.package_selection:Skipping not selected package 'franka_example_controllers' in 'src/franka_ros2/franka_example_controllers'
[0.304s] INFO:colcon.colcon_core.package_selection:Skipping not selected package 'franka_robot_state_broadcaster' in 'src/franka_ros2/franka_robot_state_broadcaster'
[0.304s] INFO:colcon.colcon_core.package_selection:Skipping not selected package 'franka_bringup' in 'src/franka_ros2/franka_bringup'
[0.305s] Level 1:colcon.colcon_core.package_discovery:discover_packages(prefix_path) check parameters
[0.305s] Level 1:colcon.colcon_core.package_discovery:discover_packages(prefix_path) discover
[0.307s] DEBUG:colcon.colcon_installed_package_information.package_discovery:Found 14 installed packages in /home/simi/franka_ros2_ws/install
[0.309s] DEBUG:colcon.colcon_installed_package_information.package_discovery:Found 350 installed packages in /opt/ros/humble
[0.310s] Level 1:colcon.colcon_core.package_discovery:discover_packages(prefix_path) using defaults
[0.382s] Level 5:colcon.colcon_core.verb:set package 'cartesian_impedance_control' build argument 'cmake_args' from command line to '['-DCMAKE_BUILD_TYPE=Release']'
[0.382s] Level 5:colcon.colcon_core.verb:set package 'cartesian_impedance_control' build argument 'cmake_target' from command line to 'None'
[0.382s] Level 5:colcon.colcon_core.verb:set package 'cartesian_impedance_control' build argument 'cmake_target_skip_unavailable' from command line to 'False'
[0.382s] Level 5:colcon.colcon_core.verb:set package 'cartesian_impedance_control' build argument 'cmake_clean_cache' from command line to 'False'
[0.382s] Level 5:colcon.colcon_core.verb:set package 'cartesian_impedance_control' build argument 'cmake_clean_first' from command line to 'False'
[0.382s] Level 5:colcon.colcon_core.verb:set package 'cartesian_impedance_control' build argument 'cmake_force_configure' from command line to 'False'
[0.382s] Level 5:colcon.colcon_core.verb:set package 'cartesian_impedance_control' build argument 'ament_cmake_args' from command line to 'None'
[0.382s] Level 5:colcon.colcon_core.verb:set package 'cartesian_impedance_control' build argument 'catkin_cmake_args' from command line to 'None'
[0.383s] Level 5:colcon.colcon_core.verb:set package 'cartesian_impedance_control' build argument 'catkin_skip_building_tests' from command line to 'False'
[0.383s] DEBUG:colcon.colcon_core.verb:Building package 'cartesian_impedance_control' with the following arguments: {'ament_cmake_args': None, 'build_base': '/home/simi/franka_ros2_ws/build/cartesian_impedance_control', 'catkin_cmake_args': None, 'catkin_skip_building_tests': False, 'cmake_args': ['-DCMAKE_BUILD_TYPE=Release'], 'cmake_clean_cache': False, 'cmake_clean_first': False, 'cmake_force_configure': False, 'cmake_target': None, 'cmake_target_skip_unavailable': False, 'install_base': '/home/simi/franka_ros2_ws/install/cartesian_impedance_control', 'merge_install': False, 'path': '/home/simi/franka_ros2_ws/src/cartesian_impedance_control', 'symlink_install': False, 'test_result_base': None}
[0.383s] INFO:colcon.colcon_core.executor:Executing jobs using 'parallel' executor
[0.384s] DEBUG:colcon.colcon_parallel_executor.executor.parallel:run_until_complete
[0.385s] INFO:colcon.colcon_ros.task.ament_cmake.build:Building ROS package in '/home/simi/franka_ros2_ws/src/cartesian_impedance_control' with build type 'ament_cmake'
[0.385s] INFO:colcon.colcon_cmake.task.cmake.build:Building CMake package in '/home/simi/franka_ros2_ws/src/cartesian_impedance_control'
[0.387s] INFO:colcon.colcon_core.plugin_system:Skipping extension 'colcon_core.shell.bat': Not used on non-Windows systems
[0.387s] INFO:colcon.colcon_core.shell:Skip shell extension 'powershell' for command environment: Not usable outside of PowerShell
[0.387s] DEBUG:colcon.colcon_core.shell:Skip shell extension 'dsv' for command environment
[0.428s] DEBUG:colcon.colcon_core.event_handler.log_command:Invoking command in '/home/simi/franka_ros2_ws/build/cartesian_impedance_control': CMAKE_PREFIX_PATH=/home/simi/franka_ros2_ws/install/franka_robot_state_broadcaster:/home/simi/franka_ros2_ws/install/franka_semantic_components:/home/simi/franka_ros2_ws/install/franka_hardware:/home/simi/franka_ros2_ws/install/messages_fr3:/home/simi/franka_ros2_ws/install/franka_msgs:/home/simi/franka_ros2_ws/install/franka_description:/home/simi/franka_ros2_ws/install/cartesian_impedance_control:/home/simi/franka_ros2_ws/install/joint_trajectory_controller:/home/simi/franka_ros2_ws/install/integration_launch_testing:/home/simi/franka_ros2_ws/install/franka_bringup:/home/simi/franka_ros2_ws/install/franka_example_controllers:/home/simi/franka_ros2_ws/install/franka_moveit_config:/home/simi/franka_ros2_ws/install/franka_gripper:/home/simi/franka_ros2_ws/install/realtime_plot_of_data:/opt/ros/humble LD_LIBRARY_PATH=/home/simi/franka_ros2_ws/install/franka_robot_state_broadcaster/lib:/home/simi/franka_ros2_ws/install/franka_semantic_components/lib:/home/simi/franka_ros2_ws/install/franka_hardware/lib:/home/simi/franka_ros2_ws/install/messages_fr3/lib:/home/simi/franka_ros2_ws/install/franka_msgs/lib:/home/simi/franka_ros2_ws/install/cartesian_impedance_control/lib:/home/simi/franka_ros2_ws/install/joint_trajectory_controller/lib:/home/simi/franka_ros2_ws/install/integration_launch_testing/lib:/home/simi/franka_ros2_ws/install/franka_example_controllers/lib:/home/simi/franka_ros2_ws/install/franka_gripper/lib:/opt/ros/humble/opt/rviz_ogre_vendor/lib:/opt/ros/humble/lib/x86_64-linux-gnu:/opt/ros/humble/lib /usr/bin/cmake --build /home/simi/franka_ros2_ws/build/cartesian_impedance_control -- -j16 -l16
[33.457s] DEBUG:colcon.colcon_core.event_handler.log_command:Invoked command in '/home/simi/franka_ros2_ws/build/cartesian_impedance_control' returned '0': CMAKE_PREFIX_PATH=/home/simi/franka_ros2_ws/install/franka_robot_state_broadcaster:/home/simi/franka_ros2_ws/install/franka_semantic_components:/home/simi/franka_ros2_ws/install/franka_hardware:/home/simi/franka_ros2_ws/install/messages_fr3:/home/simi/franka_ros2_ws/install/franka_msgs:/home/simi/franka_ros2_ws/install/franka_description:/home/simi/franka_ros2_ws/install/cartesian_impedance_control:/home/simi/franka_ros2_ws/install/joint_trajectory_controller:/home/simi/franka_ros2_ws/install/integration_launch_testing:/home/simi/franka_ros2_ws/install/franka_bringup:/home/simi/franka_ros2_ws/install/franka_example_controllers:/home/simi/franka_ros2_ws/install/franka_moveit_config:/home/simi/franka_ros2_ws/install/franka_gripper:/home/simi/franka_ros2_ws/install/realtime_plot_of_data:/opt/ros/humble LD_LIBRARY_PATH=/home/simi/franka_ros2_ws/install/franka_robot_state_broadcaster/lib:/home/simi/franka_ros2_ws/install/franka_semantic_components/lib:/home/simi/franka_ros2_ws/install/franka_hardware/lib:/home/simi/franka_ros2_ws/install/messages_fr3/lib:/home/simi/franka_ros2_ws/install/franka_msgs/lib:/home/simi/franka_ros2_ws/install/cartesian_impedance_control/lib:/home/simi/franka_ros2_ws/install/joint_trajectory_controller/lib:/home/simi/franka_ros2_ws/install/integration_launch_testing/lib:/home/simi/franka_ros2_ws/install/franka_example_controllers/lib:/home/simi/franka_ros2_ws/install/franka_gripper/lib:/opt/ros/humble/opt/rviz_ogre_vendor/lib:/opt/ros/humble/lib/x86_64-linux-gnu:/opt/ros/humble/lib /usr/bin/cmake --build /home/simi/franka_ros2_ws/build/cartesian_impedance_control -- -j16 -l16
[33.534s] DEBUG:colcon.colcon_core.event_handler.log_command:Invoking command in '/home/simi/franka_ros2_ws/build/cartesian_impedance_control': CMAKE_PREFIX_PATH=/home/simi/franka_ros2_ws/install/franka_robot_state_broadcaster:/home/simi/franka_ros2_ws/install/franka_semantic_components:/home/simi/franka_ros2_ws/install/franka_hardware:/home/simi/franka_ros2_ws/install/messages_fr3:/home/simi/franka_ros2_ws/install/franka_msgs:/home/simi/franka_ros2_ws/install/franka_description:/home/simi/franka_ros2_ws/install/cartesian_impedance_control:/home/simi/franka_ros2_ws/install/joint_trajectory_controller:/home/simi/franka_ros2_ws/install/integration_launch_testing:/home/simi/franka_ros2_ws/install/franka_bringup:/home/simi/franka_ros2_ws/install/franka_example_controllers:/home/simi/franka_ros2_ws/install/franka_moveit_config:/home/simi/franka_ros2_ws/install/franka_gripper:/home/simi/franka_ros2_ws/install/realtime_plot_of_data:/opt/ros/humble LD_LIBRARY_PATH=/home/simi/franka_ros2_ws/install/franka_robot_state_broadcaster/lib:/home/simi/franka_ros2_ws/install/franka_semantic_components/lib:/home/simi/franka_ros2_ws/install/franka_hardware/lib:/home/simi/franka_ros2_ws/install/messages_fr3/lib:/home/simi/franka_ros2_ws/install/franka_msgs/lib:/home/simi/franka_ros2_ws/install/cartesian_impedance_control/lib:/home/simi/franka_ros2_ws/install/joint_trajectory_controller/lib:/home/simi/franka_ros2_ws/install/integration_launch_testing/lib:/home/simi/franka_ros2_ws/install/franka_example_controllers/lib:/home/simi/franka_ros2_ws/install/franka_gripper/lib:/opt/ros/humble/opt/rviz_ogre_vendor/lib:/opt/ros/humble/lib/x86_64-linux-gnu:/opt/ros/humble/lib /usr/bin/cmake --install /home/simi/franka_ros2_ws/build/cartesian_impedance_control
[33.556s] Level 1:colcon.colcon_core.environment:create_environment_scripts_only(cartesian_impedance_control)
[33.557s] DEBUG:colcon.colcon_core.event_handler.log_command:Invoked command in '/home/simi/franka_ros2_ws/build/cartesian_impedance_control' returned '0': CMAKE_PREFIX_PATH=/home/simi/franka_ros2_ws/install/franka_robot_state_broadcaster:/home/simi/franka_ros2_ws/install/franka_semantic_components:/home/simi/franka_ros2_ws/install/franka_hardware:/home/simi/franka_ros2_ws/install/messages_fr3:/home/simi/franka_ros2_ws/install/franka_msgs:/home/simi/franka_ros2_ws/install/franka_description:/home/simi/franka_ros2_ws/install/cartesian_impedance_control:/home/simi/franka_ros2_ws/install/joint_trajectory_controller:/home/simi/franka_ros2_ws/install/integration_launch_testing:/home/simi/franka_ros2_ws/install/franka_bringup:/home/simi/franka_ros2_ws/install/franka_example_controllers:/home/simi/franka_ros2_ws/install/franka_moveit_config:/home/simi/franka_ros2_ws/install/franka_gripper:/home/simi/franka_ros2_ws/install/realtime_plot_of_data:/opt/ros/humble LD_LIBRARY_PATH=/home/simi/franka_ros2_ws/install/franka_robot_state_broadcaster/lib:/home/simi/franka_ros2_ws/install/franka_semantic_components/lib:/home/simi/franka_ros2_ws/install/franka_hardware/lib:/home/simi/franka_ros2_ws/install/messages_fr3/lib:/home/simi/franka_ros2_ws/install/franka_msgs/lib:/home/simi/franka_ros2_ws/install/cartesian_impedance_control/lib:/home/simi/franka_ros2_ws/install/joint_trajectory_controller/lib:/home/simi/franka_ros2_ws/install/integration_launch_testing/lib:/home/simi/franka_ros2_ws/install/franka_example_controllers/lib:/home/simi/franka_ros2_ws/install/franka_gripper/lib:/opt/ros/humble/opt/rviz_ogre_vendor/lib:/opt/ros/humble/lib/x86_64-linux-gnu:/opt/ros/humble/lib /usr/bin/cmake --install /home/simi/franka_ros2_ws/build/cartesian_impedance_control
[33.559s] Level 1:colcon.colcon_core.environment:checking '/home/simi/franka_ros2_ws/install/cartesian_impedance_control' for CMake module files
[33.559s] Level 1:colcon.colcon_core.environment:checking '/home/simi/franka_ros2_ws/install/cartesian_impedance_control' for CMake config files
[33.560s] Level 1:colcon.colcon_core.shell:create_environment_hook('cartesian_impedance_control', 'cmake_prefix_path')
[33.560s] INFO:colcon.colcon_core.shell:Creating environment hook '/home/simi/franka_ros2_ws/install/cartesian_impedance_control/share/cartesian_impedance_control/hook/cmake_prefix_path.ps1'
[33.560s] INFO:colcon.colcon_core.shell:Creating environment descriptor '/home/simi/franka_ros2_ws/install/cartesian_impedance_control/share/cartesian_impedance_control/hook/cmake_prefix_path.dsv'
[33.561s] INFO:colcon.colcon_core.shell:Creating environment hook '/home/simi/franka_ros2_ws/install/cartesian_impedance_control/share/cartesian_impedance_control/hook/cmake_prefix_path.sh'
[33.562s] Level 1:colcon.colcon_core.environment:checking '/home/simi/franka_ros2_ws/install/cartesian_impedance_control/lib'
[33.562s] Level 1:colcon.colcon_core.shell:create_environment_hook('cartesian_impedance_control', 'ld_library_path_lib')
[33.562s] INFO:colcon.colcon_core.shell:Creating environment hook '/home/simi/franka_ros2_ws/install/cartesian_impedance_control/share/cartesian_impedance_control/hook/ld_library_path_lib.ps1'
[33.562s] INFO:colcon.colcon_core.shell:Creating environment descriptor '/home/simi/franka_ros2_ws/install/cartesian_impedance_control/share/cartesian_impedance_control/hook/ld_library_path_lib.dsv'
[33.562s] INFO:colcon.colcon_core.shell:Creating environment hook '/home/simi/franka_ros2_ws/install/cartesian_impedance_control/share/cartesian_impedance_control/hook/ld_library_path_lib.sh'
[33.563s] Level 1:colcon.colcon_core.environment:checking '/home/simi/franka_ros2_ws/install/cartesian_impedance_control/bin'
[33.563s] Level 1:colcon.colcon_core.environment:checking '/home/simi/franka_ros2_ws/install/cartesian_impedance_control/lib/pkgconfig/cartesian_impedance_control.pc'
[33.563s] Level 1:colcon.colcon_core.environment:checking '/home/simi/franka_ros2_ws/install/cartesian_impedance_control/lib/python3.10/site-packages'
[33.563s] Level 1:colcon.colcon_core.environment:checking '/home/simi/franka_ros2_ws/install/cartesian_impedance_control/bin'
[33.563s] INFO:colcon.colcon_core.shell:Creating package script '/home/simi/franka_ros2_ws/install/cartesian_impedance_control/share/cartesian_impedance_control/package.ps1'
[33.564s] INFO:colcon.colcon_core.shell:Creating package descriptor '/home/simi/franka_ros2_ws/install/cartesian_impedance_control/share/cartesian_impedance_control/package.dsv'
[33.564s] INFO:colcon.colcon_core.shell:Creating package script '/home/simi/franka_ros2_ws/install/cartesian_impedance_control/share/cartesian_impedance_control/package.sh'
[33.565s] INFO:colcon.colcon_core.shell:Creating package script '/home/simi/franka_ros2_ws/install/cartesian_impedance_control/share/cartesian_impedance_control/package.bash'
[33.566s] INFO:colcon.colcon_core.shell:Creating package script '/home/simi/franka_ros2_ws/install/cartesian_impedance_control/share/cartesian_impedance_control/package.zsh'
[33.567s] Level 1:colcon.colcon_core.environment:create_file_with_runtime_dependencies(/home/simi/franka_ros2_ws/install/cartesian_impedance_control/share/colcon-core/packages/cartesian_impedance_control)
[33.649s] Level 1:colcon.colcon_core.environment:create_environment_scripts_only(cartesian_impedance_control)
[33.650s] Level 1:colcon.colcon_core.environment:checking '/home/simi/franka_ros2_ws/install/cartesian_impedance_control' for CMake module files
[33.650s] Level 1:colcon.colcon_core.environment:checking '/home/simi/franka_ros2_ws/install/cartesian_impedance_control' for CMake config files
[33.650s] Level 1:colcon.colcon_core.shell:create_environment_hook('cartesian_impedance_control', 'cmake_prefix_path')
[33.651s] INFO:colcon.colcon_core.shell:Creating environment hook '/home/simi/franka_ros2_ws/install/cartesian_impedance_control/share/cartesian_impedance_control/hook/cmake_prefix_path.ps1'
[33.651s] INFO:colcon.colcon_core.shell:Creating environment descriptor '/home/simi/franka_ros2_ws/install/cartesian_impedance_control/share/cartesian_impedance_control/hook/cmake_prefix_path.dsv'
[33.651s] INFO:colcon.colcon_core.shell:Creating environment hook '/home/simi/franka_ros2_ws/install/cartesian_impedance_control/share/cartesian_impedance_control/hook/cmake_prefix_path.sh'
[33.652s] Level 1:colcon.colcon_core.environment:checking '/home/simi/franka_ros2_ws/install/cartesian_impedance_control/lib'
[33.652s] Level 1:colcon.colcon_core.shell:create_environment_hook('cartesian_impedance_control', 'ld_library_path_lib')
[33.652s] INFO:colcon.colcon_core.shell:Creating environment hook '/home/simi/franka_ros2_ws/install/cartesian_impedance_control/share/cartesian_impedance_control/hook/ld_library_path_lib.ps1'
[33.653s] INFO:colcon.colcon_core.shell:Creating environment descriptor '/home/simi/franka_ros2_ws/install/cartesian_impedance_control/share/cartesian_impedance_control/hook/ld_library_path_lib.dsv'
[33.653s] INFO:colcon.colcon_core.shell:Creating environment hook '/home/simi/franka_ros2_ws/install/cartesian_impedance_control/share/cartesian_impedance_control/hook/ld_library_path_lib.sh'
[33.654s] Level 1:colcon.colcon_core.environment:checking '/home/simi/franka_ros2_ws/install/cartesian_impedance_control/bin'
[33.654s] Level 1:colcon.colcon_core.environment:checking '/home/simi/franka_ros2_ws/install/cartesian_impedance_control/lib/pkgconfig/cartesian_impedance_control.pc'
[33.654s] Level 1:colcon.colcon_core.environment:checking '/home/simi/franka_ros2_ws/install/cartesian_impedance_control/lib/python3.10/site-packages'
[33.654s] Level 1:colcon.colcon_core.environment:checking '/home/simi/franka_ros2_ws/install/cartesian_impedance_control/bin'
[33.654s] INFO:colcon.colcon_core.shell:Creating package script '/home/simi/franka_ros2_ws/install/cartesian_impedance_control/share/cartesian_impedance_control/package.ps1'
[33.655s] INFO:colcon.colcon_core.shell:Creating package descriptor '/home/simi/franka_ros2_ws/install/cartesian_impedance_control/share/cartesian_impedance_control/package.dsv'
[33.656s] INFO:colcon.colcon_core.shell:Creating package script '/home/simi/franka_ros2_ws/install/cartesian_impedance_control/share/cartesian_impedance_control/package.sh'
[33.656s] INFO:colcon.colcon_core.shell:Creating package script '/home/simi/franka_ros2_ws/install/cartesian_impedance_control/share/cartesian_impedance_control/package.bash'
[33.657s] INFO:colcon.colcon_core.shell:Creating package script '/home/simi/franka_ros2_ws/install/cartesian_impedance_control/share/cartesian_impedance_control/package.zsh'
[33.658s] Level 1:colcon.colcon_core.environment:create_file_with_runtime_dependencies(/home/simi/franka_ros2_ws/install/cartesian_impedance_control/share/colcon-core/packages/cartesian_impedance_control)
[33.658s] DEBUG:colcon.colcon_parallel_executor.executor.parallel:closing loop
[33.658s] DEBUG:colcon.colcon_parallel_executor.executor.parallel:loop closed
[33.659s] DEBUG:colcon.colcon_parallel_executor.executor.parallel:run_until_complete finished with '0'
[33.659s] DEBUG:colcon.colcon_core.event_reactor:joining thread
[33.664s] INFO:colcon.colcon_core.plugin_system:Skipping extension 'colcon_notification.desktop_notification.terminal_notifier': Not used on non-Darwin systems
[33.665s] INFO:colcon.colcon_core.plugin_system:Skipping extension 'colcon_notification.desktop_notification.win32': Not used on non-Windows systems
[33.665s] INFO:colcon.colcon_notification.desktop_notification:Sending desktop notification using 'notify2'
[33.678s] DEBUG:colcon.colcon_core.event_reactor:joined thread
[33.678s] INFO:colcon.colcon_core.shell:Creating prefix script '/home/simi/franka_ros2_ws/install/local_setup.ps1'
[33.679s] INFO:colcon.colcon_core.shell:Creating prefix util module '/home/simi/franka_ros2_ws/install/_local_setup_util_ps1.py'
[33.680s] INFO:colcon.colcon_core.shell:Creating prefix chain script '/home/simi/franka_ros2_ws/install/setup.ps1'
[33.681s] INFO:colcon.colcon_core.shell:Creating prefix script '/home/simi/franka_ros2_ws/install/local_setup.sh'
[33.682s] INFO:colcon.colcon_core.shell:Creating prefix util module '/home/simi/franka_ros2_ws/install/_local_setup_util_sh.py'
[33.682s] INFO:colcon.colcon_core.shell:Creating prefix chain script '/home/simi/franka_ros2_ws/install/setup.sh'
[33.684s] INFO:colcon.colcon_core.shell:Creating prefix script '/home/simi/franka_ros2_ws/install/local_setup.bash'
[33.684s] INFO:colcon.colcon_core.shell:Creating prefix chain script '/home/simi/franka_ros2_ws/install/setup.bash'
[33.686s] INFO:colcon.colcon_core.shell:Creating prefix script '/home/simi/franka_ros2_ws/install/local_setup.zsh'
[33.686s] INFO:colcon.colcon_core.shell:Creating prefix chain script '/home/simi/franka_ros2_ws/install/setup.zsh'
