[0.023s] Invoking command in '/home/simi/franka_ros2_ws/build/franka_example_controllers': AMENT_PREFIX_PATH=/home/simi/franka_ros2_ws/install/franka_semantic_components:/home/simi/franka_ros2_ws/install/franka_hardware:/home/simi/franka_ros2_ws/install/franka_msgs:${AMENT_PREFIX_PATH} CMAKE_PREFIX_PATH=/home/simi/franka_ros2_ws/install/franka_semantic_components:/home/simi/franka_ros2_ws/install/franka_hardware:/home/simi/franka_ros2_ws/install/franka_msgs:/home/simi/Documents/Bachelor_Arbeit/BA_Force_Control/install/joint_trajectory_controller:/home/simi/Documents/Bachelor_Arbeit/BA_Force_Control/install/integration_launch_testing:/home/simi/Documents/Bachelor_Arbeit/BA_Force_Control/install/franka_bringup:/home/simi/Documents/Bachelor_Arbeit/BA_Force_Control/install/franka_robot_state_broadcaster:/home/simi/Documents/Bachelor_Arbeit/BA_Force_Control/install/franka_example_controllers:/home/simi/Documents/Bachelor_Arbeit/BA_Force_Control/install/franka_semantic_components:/home/simi/Documents/Bachelor_Arbeit/BA_Force_Control/install/franka_moveit_config:/home/simi/Documents/Bachelor_Arbeit/BA_Force_Control/install/franka_hardware:/home/simi/Documents/Bachelor_Arbeit/BA_Force_Control/install/franka_gripper:/home/simi/Documents/Bachelor_Arbeit/BA_Force_Control/install/franka_msgs:/home/simi/Documents/Bachelor_Arbeit/BA_Force_Control/install/franka_description:/opt/ros/humble LD_LIBRARY_PATH=/home/simi/franka_ros2_ws/install/franka_semantic_components/lib:/home/simi/franka_ros2_ws/install/franka_hardware/lib:/home/simi/franka_ros2_ws/install/franka_msgs/lib:${LD_LIBRARY_PATH} PYTHONPATH=/home/simi/franka_ros2_ws/install/franka_msgs/local/lib/python3.10/dist-packages:${PYTHONPATH} /usr/bin/cmake /home/simi/franka_ros2_ws/src/franka_ros2/franka_example_controllers -DCMAKE_INSTALL_PREFIX=/home/simi/franka_ros2_ws/install/franka_example_controllers
[0.038s] -- Found ament_cmake: 1.3.8 (/opt/ros/humble/share/ament_cmake/cmake)
[0.155s] -- Found rclcpp: 16.0.8 (/opt/ros/humble/share/rclcpp/cmake)
[0.181s] -- Found rosidl_generator_c: 3.1.5 (/opt/ros/humble/share/rosidl_generator_c/cmake)
[0.183s] -- Found rosidl_adapter: 3.1.5 (/opt/ros/humble/share/rosidl_adapter/cmake)
[0.188s] -- Found rosidl_generator_cpp: 3.1.5 (/opt/ros/humble/share/rosidl_generator_cpp/cmake)
[0.199s] -- Using all available rosidl_typesupport_c: rosidl_typesupport_fastrtps_c;rosidl_typesupport_introspection_c
[0.212s] -- Using all available rosidl_typesupport_cpp: rosidl_typesupport_fastrtps_cpp;rosidl_typesupport_introspection_cpp
[0.261s] -- Found rmw_implementation_cmake: 6.1.1 (/opt/ros/humble/share/rmw_implementation_cmake/cmake)
[0.262s] -- Found rmw_fastrtps_cpp: 6.2.6 (/opt/ros/humble/share/rmw_fastrtps_cpp/cmake)
[0.406s] -- Using RMW implementation 'rmw_fastrtps_cpp' as default
[0.538s] -- Found controller_interface: 2.40.0 (/opt/ros/humble/share/controller_interface/cmake)
[1.083s] -- Found franka_msgs: 0.1.13 (/home/simi/franka_ros2_ws/install/franka_msgs/share/franka_msgs/cmake)
[1.212s] -- Found franka_semantic_components: 0.1.0 (/home/simi/franka_ros2_ws/install/franka_semantic_components/share/franka_semantic_components/cmake)
[1.578s] -- Found generate_parameter_library: 0.3.7 (/opt/ros/humble/share/generate_parameter_library/cmake)
[1.579s] -- Found parameter_traits: 0.3.7 (/opt/ros/humble/share/parameter_traits/cmake)
[1.590s] -- Found moveit_core: 2.5.5 (/opt/ros/humble/share/moveit_core/cmake)
[1.602s] -- Found Boost: /usr/lib/x86_64-linux-gnu/cmake/Boost-1.74.0/BoostConfig.cmake (found version "1.74.0") found components: chrono date_time filesystem iostreams program_options regex serialization system thread 
[1.610s] -- Found Boost: /usr/lib/x86_64-linux-gnu/cmake/Boost-1.74.0/BoostConfig.cmake (found version "1.74.0") found components: filesystem 
[1.670s] -- library: /usr/lib/x86_64-linux-gnu/libcurl.so
[1.847s] -- Ensuring Eigen3 include directory is part of orocos-kdl CMake target
[3.487s] -- Found ament_cmake_clang_format: 0.12.10 (/opt/ros/humble/share/ament_cmake_clang_format/cmake)
[3.487s] -- Found ament_cmake_copyright: 0.12.10 (/opt/ros/humble/share/ament_cmake_copyright/cmake)
[3.487s] -- Found ament_cmake_cppcheck: 0.12.10 (/opt/ros/humble/share/ament_cmake_cppcheck/cmake)
[3.488s] -- Found ament_cmake_flake8: 0.12.10 (/opt/ros/humble/share/ament_cmake_flake8/cmake)
[3.488s] -- Found ament_cmake_lint_cmake: 0.12.10 (/opt/ros/humble/share/ament_cmake_lint_cmake/cmake)
[3.488s] -- Found ament_cmake_pep257: 0.12.10 (/opt/ros/humble/share/ament_cmake_pep257/cmake)
[3.489s] -- Found ament_cmake_xmllint: 0.12.10 (/opt/ros/humble/share/ament_cmake_xmllint/cmake)
[3.489s] -- Found ament_cmake_gmock: 1.3.8 (/opt/ros/humble/share/ament_cmake_gmock/cmake)
[3.489s] -- Found controller_manager: 2.40.0 (/opt/ros/humble/share/controller_manager/cmake)
[3.698s] -- Found ros2_control_test_assets: 2.40.0 (/opt/ros/humble/share/ros2_control_test_assets/cmake)
[3.700s] -- Found gmock sources under '/opt/ros/humble/src/gmock_vendor': C++ tests using 'Google Mock' will be built
[3.703s] -- Found ament_cmake_gtest: 1.3.8 (/opt/ros/humble/share/ament_cmake_gtest/cmake)
[3.703s] -- Found gtest sources under '/opt/ros/humble/src/gtest_vendor': C++ tests using 'Google Test' will be built
[4.156s] -- Configuring done
[4.334s] -- Generating done
[4.338s] -- Build files have been written to: /home/simi/franka_ros2_ws/build/franka_example_controllers
[4.355s] Invoked command in '/home/simi/franka_ros2_ws/build/franka_example_controllers' returned '0': AMENT_PREFIX_PATH=/home/simi/franka_ros2_ws/install/franka_semantic_components:/home/simi/franka_ros2_ws/install/franka_hardware:/home/simi/franka_ros2_ws/install/franka_msgs:${AMENT_PREFIX_PATH} CMAKE_PREFIX_PATH=/home/simi/franka_ros2_ws/install/franka_semantic_components:/home/simi/franka_ros2_ws/install/franka_hardware:/home/simi/franka_ros2_ws/install/franka_msgs:/home/simi/Documents/Bachelor_Arbeit/BA_Force_Control/install/joint_trajectory_controller:/home/simi/Documents/Bachelor_Arbeit/BA_Force_Control/install/integration_launch_testing:/home/simi/Documents/Bachelor_Arbeit/BA_Force_Control/install/franka_bringup:/home/simi/Documents/Bachelor_Arbeit/BA_Force_Control/install/franka_robot_state_broadcaster:/home/simi/Documents/Bachelor_Arbeit/BA_Force_Control/install/franka_example_controllers:/home/simi/Documents/Bachelor_Arbeit/BA_Force_Control/install/franka_semantic_components:/home/simi/Documents/Bachelor_Arbeit/BA_Force_Control/install/franka_moveit_config:/home/simi/Documents/Bachelor_Arbeit/BA_Force_Control/install/franka_hardware:/home/simi/Documents/Bachelor_Arbeit/BA_Force_Control/install/franka_gripper:/home/simi/Documents/Bachelor_Arbeit/BA_Force_Control/install/franka_msgs:/home/simi/Documents/Bachelor_Arbeit/BA_Force_Control/install/franka_description:/opt/ros/humble LD_LIBRARY_PATH=/home/simi/franka_ros2_ws/install/franka_semantic_components/lib:/home/simi/franka_ros2_ws/install/franka_hardware/lib:/home/simi/franka_ros2_ws/install/franka_msgs/lib:${LD_LIBRARY_PATH} PYTHONPATH=/home/simi/franka_ros2_ws/install/franka_msgs/local/lib/python3.10/dist-packages:${PYTHONPATH} /usr/bin/cmake /home/simi/franka_ros2_ws/src/franka_ros2/franka_example_controllers -DCMAKE_INSTALL_PREFIX=/home/simi/franka_ros2_ws/install/franka_example_controllers
[4.358s] Invoking command in '/home/simi/franka_ros2_ws/build/franka_example_controllers': AMENT_PREFIX_PATH=/home/simi/franka_ros2_ws/install/franka_semantic_components:/home/simi/franka_ros2_ws/install/franka_hardware:/home/simi/franka_ros2_ws/install/franka_msgs:${AMENT_PREFIX_PATH} CMAKE_PREFIX_PATH=/home/simi/franka_ros2_ws/install/franka_semantic_components:/home/simi/franka_ros2_ws/install/franka_hardware:/home/simi/franka_ros2_ws/install/franka_msgs:/home/simi/Documents/Bachelor_Arbeit/BA_Force_Control/install/joint_trajectory_controller:/home/simi/Documents/Bachelor_Arbeit/BA_Force_Control/install/integration_launch_testing:/home/simi/Documents/Bachelor_Arbeit/BA_Force_Control/install/franka_bringup:/home/simi/Documents/Bachelor_Arbeit/BA_Force_Control/install/franka_robot_state_broadcaster:/home/simi/Documents/Bachelor_Arbeit/BA_Force_Control/install/franka_example_controllers:/home/simi/Documents/Bachelor_Arbeit/BA_Force_Control/install/franka_semantic_components:/home/simi/Documents/Bachelor_Arbeit/BA_Force_Control/install/franka_moveit_config:/home/simi/Documents/Bachelor_Arbeit/BA_Force_Control/install/franka_hardware:/home/simi/Documents/Bachelor_Arbeit/BA_Force_Control/install/franka_gripper:/home/simi/Documents/Bachelor_Arbeit/BA_Force_Control/install/franka_msgs:/home/simi/Documents/Bachelor_Arbeit/BA_Force_Control/install/franka_description:/opt/ros/humble LD_LIBRARY_PATH=/home/simi/franka_ros2_ws/install/franka_semantic_components/lib:/home/simi/franka_ros2_ws/install/franka_hardware/lib:/home/simi/franka_ros2_ws/install/franka_msgs/lib:${LD_LIBRARY_PATH} PYTHONPATH=/home/simi/franka_ros2_ws/install/franka_msgs/local/lib/python3.10/dist-packages:${PYTHONPATH} /usr/bin/cmake --build /home/simi/franka_ros2_ws/build/franka_example_controllers -- -j16 -l16
[4.422s] [35m[1mConsolidate compiler generated dependencies of target gmock_main[0m
[4.422s] [35m[1mConsolidate compiler generated dependencies of target gmock[0m
[4.437s] [  3%] Built target franka_example_controllers_parameters
[4.443s] [ 10%] Built target gmock_main
[4.447s] [ 21%] Built target gmock
[4.466s] [35m[1mConsolidate compiler generated dependencies of target franka_example_controllers[0m
[4.467s] [35m[1mConsolidate compiler generated dependencies of target franka_example_controllers_test_load_move_to_start[0m
[4.467s] [35m[1mConsolidate compiler generated dependencies of target franka_example_controllers_test[0m
[4.495s] [ 28%] Built target franka_example_controllers_test_load_move_to_start
[4.498s] [ 35%] Built target franka_example_controllers_test
[4.539s] [ 85%] Built target franka_example_controllers
[4.557s] [35m[1mConsolidate compiler generated dependencies of target franka_example_controllers_gravity_test[0m
[4.557s] [35m[1mConsolidate compiler generated dependencies of target franka_example_controllers_move_to_start_test[0m
[4.585s] [ 92%] Built target franka_example_controllers_gravity_test
[4.587s] [100%] Built target franka_example_controllers_move_to_start_test
[4.607s] Invoked command in '/home/simi/franka_ros2_ws/build/franka_example_controllers' returned '0': AMENT_PREFIX_PATH=/home/simi/franka_ros2_ws/install/franka_semantic_components:/home/simi/franka_ros2_ws/install/franka_hardware:/home/simi/franka_ros2_ws/install/franka_msgs:${AMENT_PREFIX_PATH} CMAKE_PREFIX_PATH=/home/simi/franka_ros2_ws/install/franka_semantic_components:/home/simi/franka_ros2_ws/install/franka_hardware:/home/simi/franka_ros2_ws/install/franka_msgs:/home/simi/Documents/Bachelor_Arbeit/BA_Force_Control/install/joint_trajectory_controller:/home/simi/Documents/Bachelor_Arbeit/BA_Force_Control/install/integration_launch_testing:/home/simi/Documents/Bachelor_Arbeit/BA_Force_Control/install/franka_bringup:/home/simi/Documents/Bachelor_Arbeit/BA_Force_Control/install/franka_robot_state_broadcaster:/home/simi/Documents/Bachelor_Arbeit/BA_Force_Control/install/franka_example_controllers:/home/simi/Documents/Bachelor_Arbeit/BA_Force_Control/install/franka_semantic_components:/home/simi/Documents/Bachelor_Arbeit/BA_Force_Control/install/franka_moveit_config:/home/simi/Documents/Bachelor_Arbeit/BA_Force_Control/install/franka_hardware:/home/simi/Documents/Bachelor_Arbeit/BA_Force_Control/install/franka_gripper:/home/simi/Documents/Bachelor_Arbeit/BA_Force_Control/install/franka_msgs:/home/simi/Documents/Bachelor_Arbeit/BA_Force_Control/install/franka_description:/opt/ros/humble LD_LIBRARY_PATH=/home/simi/franka_ros2_ws/install/franka_semantic_components/lib:/home/simi/franka_ros2_ws/install/franka_hardware/lib:/home/simi/franka_ros2_ws/install/franka_msgs/lib:${LD_LIBRARY_PATH} PYTHONPATH=/home/simi/franka_ros2_ws/install/franka_msgs/local/lib/python3.10/dist-packages:${PYTHONPATH} /usr/bin/cmake --build /home/simi/franka_ros2_ws/build/franka_example_controllers -- -j16 -l16
[4.780s] Invoking command in '/home/simi/franka_ros2_ws/build/franka_example_controllers': AMENT_PREFIX_PATH=/home/simi/franka_ros2_ws/install/franka_semantic_components:/home/simi/franka_ros2_ws/install/franka_hardware:/home/simi/franka_ros2_ws/install/franka_msgs:${AMENT_PREFIX_PATH} CMAKE_PREFIX_PATH=/home/simi/franka_ros2_ws/install/franka_semantic_components:/home/simi/franka_ros2_ws/install/franka_hardware:/home/simi/franka_ros2_ws/install/franka_msgs:/home/simi/Documents/Bachelor_Arbeit/BA_Force_Control/install/joint_trajectory_controller:/home/simi/Documents/Bachelor_Arbeit/BA_Force_Control/install/integration_launch_testing:/home/simi/Documents/Bachelor_Arbeit/BA_Force_Control/install/franka_bringup:/home/simi/Documents/Bachelor_Arbeit/BA_Force_Control/install/franka_robot_state_broadcaster:/home/simi/Documents/Bachelor_Arbeit/BA_Force_Control/install/franka_example_controllers:/home/simi/Documents/Bachelor_Arbeit/BA_Force_Control/install/franka_semantic_components:/home/simi/Documents/Bachelor_Arbeit/BA_Force_Control/install/franka_moveit_config:/home/simi/Documents/Bachelor_Arbeit/BA_Force_Control/install/franka_hardware:/home/simi/Documents/Bachelor_Arbeit/BA_Force_Control/install/franka_gripper:/home/simi/Documents/Bachelor_Arbeit/BA_Force_Control/install/franka_msgs:/home/simi/Documents/Bachelor_Arbeit/BA_Force_Control/install/franka_description:/opt/ros/humble LD_LIBRARY_PATH=/home/simi/franka_ros2_ws/install/franka_semantic_components/lib:/home/simi/franka_ros2_ws/install/franka_hardware/lib:/home/simi/franka_ros2_ws/install/franka_msgs/lib:${LD_LIBRARY_PATH} PYTHONPATH=/home/simi/franka_ros2_ws/install/franka_msgs/local/lib/python3.10/dist-packages:${PYTHONPATH} /usr/bin/cmake --install /home/simi/franka_ros2_ws/build/franka_example_controllers
[4.790s] -- Install configuration: "Release"
[4.801s] -- Up-to-date: /home/simi/franka_ros2_ws/install/franka_example_controllers/include/franka_example_controllers_parameters
[4.801s] -- Up-to-date: /home/simi/franka_ros2_ws/install/franka_example_controllers/include/franka_example_controllers_parameters/franka_example_controllers_parameters.hpp
[4.801s] -- Up-to-date: /home/simi/franka_ros2_ws/install/franka_example_controllers/share/franka_example_controllers/franka_example_controllers.xml
[4.802s] -- Up-to-date: /home/simi/franka_ros2_ws/install/franka_example_controllers/lib/libfranka_example_controllers.so
[4.802s] -- Up-to-date: /home/simi/franka_ros2_ws/install/franka_example_controllers/include
[4.802s] -- Up-to-date: /home/simi/franka_ros2_ws/install/franka_example_controllers/include/franka_example_controllers
[4.803s] -- Up-to-date: /home/simi/franka_ros2_ws/install/franka_example_controllers/include/franka_example_controllers/joint_impedance_with_ik_example_controller.hpp
[4.803s] -- Up-to-date: /home/simi/franka_ros2_ws/install/franka_example_controllers/include/franka_example_controllers/motion_generator.hpp
[4.803s] -- Up-to-date: /home/simi/franka_ros2_ws/install/franka_example_controllers/include/franka_example_controllers/cartesian_orientation_example_controller.hpp
[4.803s] -- Up-to-date: /home/simi/franka_ros2_ws/install/franka_example_controllers/include/franka_example_controllers/model_example_controller.hpp
[4.803s] -- Up-to-date: /home/simi/franka_ros2_ws/install/franka_example_controllers/include/franka_example_controllers/joint_position_example_controller.hpp
[4.803s] -- Up-to-date: /home/simi/franka_ros2_ws/install/franka_example_controllers/include/franka_example_controllers/cartesian_velocity_example_controller.hpp
[4.803s] -- Up-to-date: /home/simi/franka_ros2_ws/install/franka_example_controllers/include/franka_example_controllers/elbow_example_controller.hpp
[4.803s] -- Up-to-date: /home/simi/franka_ros2_ws/install/franka_example_controllers/include/franka_example_controllers/joint_velocity_example_controller.hpp
[4.803s] -- Up-to-date: /home/simi/franka_ros2_ws/install/franka_example_controllers/include/franka_example_controllers/joint_impedance_example_controller.hpp
[4.803s] -- Up-to-date: /home/simi/franka_ros2_ws/install/franka_example_controllers/include/franka_example_controllers/gravity_compensation_example_controller.hpp
[4.803s] -- Up-to-date: /home/simi/franka_ros2_ws/install/franka_example_controllers/include/franka_example_controllers/cartesian_pose_example_controller.hpp
[4.803s] -- Up-to-date: /home/simi/franka_ros2_ws/install/franka_example_controllers/include/franka_example_controllers/default_robot_behavior_utils.hpp
[4.804s] -- Up-to-date: /home/simi/franka_ros2_ws/install/franka_example_controllers/include/franka_example_controllers/visibility_control.h
[4.804s] -- Up-to-date: /home/simi/franka_ros2_ws/install/franka_example_controllers/include/franka_example_controllers/move_to_start_example_controller.hpp
[4.804s] -- Up-to-date: /home/simi/franka_ros2_ws/install/franka_example_controllers/include/franka_example_controllers/cartesian_elbow_example_controller.hpp
[4.804s] -- Up-to-date: /home/simi/franka_ros2_ws/install/franka_example_controllers/share/franka_example_controllers/environment/library_path.sh
[4.804s] -- Installing: /home/simi/franka_ros2_ws/install/franka_example_controllers/share/franka_example_controllers/environment/library_path.dsv
[4.804s] -- Up-to-date: /home/simi/franka_ros2_ws/install/franka_example_controllers/share/ament_index/resource_index/package_run_dependencies/franka_example_controllers
[4.804s] -- Installing: /home/simi/franka_ros2_ws/install/franka_example_controllers/share/ament_index/resource_index/parent_prefix_path/franka_example_controllers
[4.804s] -- Up-to-date: /home/simi/franka_ros2_ws/install/franka_example_controllers/share/franka_example_controllers/environment/ament_prefix_path.sh
[4.804s] -- Installing: /home/simi/franka_ros2_ws/install/franka_example_controllers/share/franka_example_controllers/environment/ament_prefix_path.dsv
[4.804s] -- Up-to-date: /home/simi/franka_ros2_ws/install/franka_example_controllers/share/franka_example_controllers/environment/path.sh
[4.804s] -- Installing: /home/simi/franka_ros2_ws/install/franka_example_controllers/share/franka_example_controllers/environment/path.dsv
[4.804s] -- Up-to-date: /home/simi/franka_ros2_ws/install/franka_example_controllers/share/franka_example_controllers/local_setup.bash
[4.804s] -- Up-to-date: /home/simi/franka_ros2_ws/install/franka_example_controllers/share/franka_example_controllers/local_setup.sh
[4.804s] -- Up-to-date: /home/simi/franka_ros2_ws/install/franka_example_controllers/share/franka_example_controllers/local_setup.zsh
[4.805s] -- Installing: /home/simi/franka_ros2_ws/install/franka_example_controllers/share/franka_example_controllers/local_setup.dsv
[4.805s] -- Installing: /home/simi/franka_ros2_ws/install/franka_example_controllers/share/franka_example_controllers/package.dsv
[4.805s] -- Up-to-date: /home/simi/franka_ros2_ws/install/franka_example_controllers/share/ament_index/resource_index/packages/franka_example_controllers
[4.805s] -- Up-to-date: /home/simi/franka_ros2_ws/install/franka_example_controllers/share/ament_index/resource_index/controller_interface__pluginlib__plugin/franka_example_controllers
[4.805s] -- Up-to-date: /home/simi/franka_ros2_ws/install/franka_example_controllers/share/franka_example_controllers/cmake/ament_cmake_export_include_directories-extras.cmake
[4.805s] -- Up-to-date: /home/simi/franka_ros2_ws/install/franka_example_controllers/share/franka_example_controllers/cmake/ament_cmake_export_libraries-extras.cmake
[4.806s] -- Up-to-date: /home/simi/franka_ros2_ws/install/franka_example_controllers/share/franka_example_controllers/cmake/ament_cmake_export_dependencies-extras.cmake
[4.806s] -- Up-to-date: /home/simi/franka_ros2_ws/install/franka_example_controllers/share/franka_example_controllers/cmake/franka_example_controllersConfig.cmake
[4.806s] -- Up-to-date: /home/simi/franka_ros2_ws/install/franka_example_controllers/share/franka_example_controllers/cmake/franka_example_controllersConfig-version.cmake
[4.806s] -- Up-to-date: /home/simi/franka_ros2_ws/install/franka_example_controllers/share/franka_example_controllers/package.xml
[4.809s] Invoked command in '/home/simi/franka_ros2_ws/build/franka_example_controllers' returned '0': AMENT_PREFIX_PATH=/home/simi/franka_ros2_ws/install/franka_semantic_components:/home/simi/franka_ros2_ws/install/franka_hardware:/home/simi/franka_ros2_ws/install/franka_msgs:${AMENT_PREFIX_PATH} CMAKE_PREFIX_PATH=/home/simi/franka_ros2_ws/install/franka_semantic_components:/home/simi/franka_ros2_ws/install/franka_hardware:/home/simi/franka_ros2_ws/install/franka_msgs:/home/simi/Documents/Bachelor_Arbeit/BA_Force_Control/install/joint_trajectory_controller:/home/simi/Documents/Bachelor_Arbeit/BA_Force_Control/install/integration_launch_testing:/home/simi/Documents/Bachelor_Arbeit/BA_Force_Control/install/franka_bringup:/home/simi/Documents/Bachelor_Arbeit/BA_Force_Control/install/franka_robot_state_broadcaster:/home/simi/Documents/Bachelor_Arbeit/BA_Force_Control/install/franka_example_controllers:/home/simi/Documents/Bachelor_Arbeit/BA_Force_Control/install/franka_semantic_components:/home/simi/Documents/Bachelor_Arbeit/BA_Force_Control/install/franka_moveit_config:/home/simi/Documents/Bachelor_Arbeit/BA_Force_Control/install/franka_hardware:/home/simi/Documents/Bachelor_Arbeit/BA_Force_Control/install/franka_gripper:/home/simi/Documents/Bachelor_Arbeit/BA_Force_Control/install/franka_msgs:/home/simi/Documents/Bachelor_Arbeit/BA_Force_Control/install/franka_description:/opt/ros/humble LD_LIBRARY_PATH=/home/simi/franka_ros2_ws/install/franka_semantic_components/lib:/home/simi/franka_ros2_ws/install/franka_hardware/lib:/home/simi/franka_ros2_ws/install/franka_msgs/lib:${LD_LIBRARY_PATH} PYTHONPATH=/home/simi/franka_ros2_ws/install/franka_msgs/local/lib/python3.10/dist-packages:${PYTHONPATH} /usr/bin/cmake --install /home/simi/franka_ros2_ws/build/franka_example_controllers
