[0.012s] Invoking command in '/home/simi/franka_ros2_ws/build/franka_gripper': AMENT_PREFIX_PATH=/home/simi/franka_ros2_ws/install/franka_msgs:${AMENT_PREFIX_PATH} CMAKE_PREFIX_PATH=/home/simi/franka_ros2_ws/install/franka_msgs:/opt/ros/humble LD_LIBRARY_PATH=/home/simi/franka_ros2_ws/install/franka_msgs/lib:${LD_LIBRARY_PATH} PYTHONPATH=/home/simi/franka_ros2_ws/install/franka_msgs/local/lib/python3.10/dist-packages:${PYTHONPATH} /usr/bin/cmake /home/simi/franka_ros2_ws/src/franka_ros2/franka_gripper -DCMAKE_BUILD_TYPE=Release -DCMAKE_INSTALL_PREFIX=/home/simi/franka_ros2_ws/install/franka_gripper
[0.077s] -- The C compiler identification is GNU 11.4.0
[0.143s] -- The CXX compiler identification is GNU 11.4.0
[0.151s] -- Detecting C compiler ABI info
[0.236s] -- Detecting C compiler ABI info - done
[0.243s] -- Check for working C compiler: /usr/bin/cc - skipped
[0.243s] -- Detecting C compile features
[0.243s] -- Detecting C compile features - done
[0.246s] -- Detecting CXX compiler ABI info
[0.342s] -- Detecting CXX compiler ABI info - done
[0.349s] -- Check for working CXX compiler: /usr/bin/c++ - skipped
[0.349s] -- Detecting CXX compile features
[0.350s] -- Detecting CXX compile features - done
[0.353s] -- Found ament_cmake: 1.3.8 (/opt/ros/humble/share/ament_cmake/cmake)
[0.514s] -- Found Python3: /usr/bin/python3 (found version "3.10.12") found components: Interpreter 
[0.613s] -- Found franka_msgs: 0.1.13 (/home/simi/franka_ros2_ws/install/franka_msgs/share/franka_msgs/cmake)
[0.655s] -- Found rosidl_generator_c: 3.1.5 (/opt/ros/humble/share/rosidl_generator_c/cmake)
[0.662s] -- Found rosidl_adapter: 3.1.5 (/opt/ros/humble/share/rosidl_adapter/cmake)
[0.671s] -- Found rosidl_generator_cpp: 3.1.5 (/opt/ros/humble/share/rosidl_generator_cpp/cmake)
[0.685s] -- Using all available rosidl_typesupport_c: rosidl_typesupport_fastrtps_c;rosidl_typesupport_introspection_c
[0.705s] -- Using all available rosidl_typesupport_cpp: rosidl_typesupport_fastrtps_cpp;rosidl_typesupport_introspection_cpp
[1.013s] -- Found rclcpp: 16.0.8 (/opt/ros/humble/share/rclcpp/cmake)
[1.072s] -- Found rmw_implementation_cmake: 6.1.1 (/opt/ros/humble/share/rmw_implementation_cmake/cmake)
[1.075s] -- Found rmw_fastrtps_cpp: 6.2.6 (/opt/ros/humble/share/rmw_fastrtps_cpp/cmake)
[1.227s] -- Found OpenSSL: /usr/lib/x86_64-linux-gnu/libcrypto.so (found version "3.0.2")  
[1.259s] -- Found FastRTPS: /opt/ros/humble/include  
[1.316s] -- Using RMW implementation 'rmw_fastrtps_cpp' as default
[1.326s] -- Looking for pthread.h
[1.421s] -- Looking for pthread.h - found
[1.421s] -- Performing Test CMAKE_HAVE_LIBC_PTHREAD
[1.519s] -- Performing Test CMAKE_HAVE_LIBC_PTHREAD - Success
[1.520s] -- Found Threads: TRUE  
[1.640s] -- Found rclcpp_action: 16.0.8 (/opt/ros/humble/share/rclcpp_action/cmake)
[1.670s] -- Found rclcpp_components: 16.0.8 (/opt/ros/humble/share/rclcpp_components/cmake)
[1.745s] -- Found std_srvs: 4.2.3 (/opt/ros/humble/share/std_srvs/cmake)
[1.768s] -- Found control_msgs: 4.4.0 (/opt/ros/humble/share/control_msgs/cmake)
[2.103s] -- Found ament_cmake_clang_format: 0.12.10 (/opt/ros/humble/share/ament_cmake_clang_format/cmake)
[2.106s] -- Found ament_cmake_copyright: 0.12.10 (/opt/ros/humble/share/ament_cmake_copyright/cmake)
[2.108s] -- Found ament_cmake_cppcheck: 0.12.10 (/opt/ros/humble/share/ament_cmake_cppcheck/cmake)
[2.110s] -- Found ament_cmake_flake8: 0.12.10 (/opt/ros/humble/share/ament_cmake_flake8/cmake)
[2.112s] -- Found ament_cmake_lint_cmake: 0.12.10 (/opt/ros/humble/share/ament_cmake_lint_cmake/cmake)
[2.115s] -- Found ament_cmake_pep257: 0.12.10 (/opt/ros/humble/share/ament_cmake_pep257/cmake)
[2.117s] -- Found ament_cmake_xmllint: 0.12.10 (/opt/ros/humble/share/ament_cmake_xmllint/cmake)
[2.181s] -- Configuring done
[2.202s] -- Generating done
[2.205s] -- Build files have been written to: /home/simi/franka_ros2_ws/build/franka_gripper
[2.219s] Invoked command in '/home/simi/franka_ros2_ws/build/franka_gripper' returned '0': AMENT_PREFIX_PATH=/home/simi/franka_ros2_ws/install/franka_msgs:${AMENT_PREFIX_PATH} CMAKE_PREFIX_PATH=/home/simi/franka_ros2_ws/install/franka_msgs:/opt/ros/humble LD_LIBRARY_PATH=/home/simi/franka_ros2_ws/install/franka_msgs/lib:${LD_LIBRARY_PATH} PYTHONPATH=/home/simi/franka_ros2_ws/install/franka_msgs/local/lib/python3.10/dist-packages:${PYTHONPATH} /usr/bin/cmake /home/simi/franka_ros2_ws/src/franka_ros2/franka_gripper -DCMAKE_BUILD_TYPE=Release -DCMAKE_INSTALL_PREFIX=/home/simi/franka_ros2_ws/install/franka_gripper
[2.222s] Invoking command in '/home/simi/franka_ros2_ws/build/franka_gripper': AMENT_PREFIX_PATH=/home/simi/franka_ros2_ws/install/franka_msgs:${AMENT_PREFIX_PATH} CMAKE_PREFIX_PATH=/home/simi/franka_ros2_ws/install/franka_msgs:/opt/ros/humble LD_LIBRARY_PATH=/home/simi/franka_ros2_ws/install/franka_msgs/lib:${LD_LIBRARY_PATH} PYTHONPATH=/home/simi/franka_ros2_ws/install/franka_msgs/local/lib/python3.10/dist-packages:${PYTHONPATH} /usr/bin/cmake --build /home/simi/franka_ros2_ws/build/franka_gripper -- -j16 -l16
[2.287s] [ 25%] [32mBuilding CXX object CMakeFiles/gripper_server.dir/src/gripper_action_server.cpp.o[0m
[2.288s] [ 50%] [32mBuilding CXX object CMakeFiles/franka_gripper_node.dir/rclcpp_components/node_main_franka_gripper_node.cpp.o[0m
[2.298s] [ 50%] Built target ament_cmake_python_copy_franka_gripper
[2.617s] running egg_info
[2.617s] creating franka_gripper.egg-info
[2.617s] writing franka_gripper.egg-info/PKG-INFO
[2.618s] writing dependency_links to franka_gripper.egg-info/dependency_links.txt
[2.618s] writing top-level names to franka_gripper.egg-info/top_level.txt
[2.618s] writing manifest file 'franka_gripper.egg-info/SOURCES.txt'
[2.623s] reading manifest file 'franka_gripper.egg-info/SOURCES.txt'
[2.624s] writing manifest file 'franka_gripper.egg-info/SOURCES.txt'
[2.693s] [ 50%] Built target ament_cmake_python_build_franka_gripper_egg
[7.559s] [ 75%] [32m[1mLinking CXX executable franka_gripper_node[0m
[7.738s] [ 75%] Built target franka_gripper_node
[17.637s] [100%] [32m[1mLinking CXX shared library libgripper_server.so[0m
[17.897s] [100%] Built target gripper_server
[17.916s] Invoked command in '/home/simi/franka_ros2_ws/build/franka_gripper' returned '0': AMENT_PREFIX_PATH=/home/simi/franka_ros2_ws/install/franka_msgs:${AMENT_PREFIX_PATH} CMAKE_PREFIX_PATH=/home/simi/franka_ros2_ws/install/franka_msgs:/opt/ros/humble LD_LIBRARY_PATH=/home/simi/franka_ros2_ws/install/franka_msgs/lib:${LD_LIBRARY_PATH} PYTHONPATH=/home/simi/franka_ros2_ws/install/franka_msgs/local/lib/python3.10/dist-packages:${PYTHONPATH} /usr/bin/cmake --build /home/simi/franka_ros2_ws/build/franka_gripper -- -j16 -l16
[17.966s] Invoking command in '/home/simi/franka_ros2_ws/build/franka_gripper': AMENT_PREFIX_PATH=/home/simi/franka_ros2_ws/install/franka_msgs:${AMENT_PREFIX_PATH} CMAKE_PREFIX_PATH=/home/simi/franka_ros2_ws/install/franka_msgs:/opt/ros/humble LD_LIBRARY_PATH=/home/simi/franka_ros2_ws/install/franka_msgs/lib:${LD_LIBRARY_PATH} PYTHONPATH=/home/simi/franka_ros2_ws/install/franka_msgs/local/lib/python3.10/dist-packages:${PYTHONPATH} /usr/bin/cmake --install /home/simi/franka_ros2_ws/build/franka_gripper
[17.977s] -- Install configuration: "Release"
[17.977s] -- Installing: /home/simi/franka_ros2_ws/install/franka_gripper/lib/franka_gripper/franka_gripper_node
[17.978s] -- Set runtime path of "/home/simi/franka_ros2_ws/install/franka_gripper/lib/franka_gripper/franka_gripper_node" to ""
[17.978s] -- Installing: /home/simi/franka_ros2_ws/install/franka_gripper/lib/libgripper_server.so
[17.980s] -- Set runtime path of "/home/simi/franka_ros2_ws/install/franka_gripper/lib/libgripper_server.so" to ""
[17.980s] -- Installing: /home/simi/franka_ros2_ws/install/franka_gripper/share/franka_gripper//launch
[17.980s] -- Installing: /home/simi/franka_ros2_ws/install/franka_gripper/share/franka_gripper//launch/gripper.launch.py
[17.981s] -- Installing: /home/simi/franka_ros2_ws/install/franka_gripper/share/franka_gripper//config
[17.981s] -- Installing: /home/simi/franka_ros2_ws/install/franka_gripper/share/franka_gripper//config/franka_gripper_node.yaml
[17.981s] -- Installing: /home/simi/franka_ros2_ws/install/franka_gripper/share/franka_gripper/environment/pythonpath.sh
[17.981s] -- Installing: /home/simi/franka_ros2_ws/install/franka_gripper/share/franka_gripper/environment/pythonpath.dsv
[17.981s] -- Installing: /home/simi/franka_ros2_ws/install/franka_gripper/local/lib/python3.10/dist-packages/franka_gripper-0.1.13-py3.10.egg-info
[17.981s] -- Installing: /home/simi/franka_ros2_ws/install/franka_gripper/local/lib/python3.10/dist-packages/franka_gripper-0.1.13-py3.10.egg-info/dependency_links.txt
[17.981s] -- Installing: /home/simi/franka_ros2_ws/install/franka_gripper/local/lib/python3.10/dist-packages/franka_gripper-0.1.13-py3.10.egg-info/top_level.txt
[17.982s] -- Installing: /home/simi/franka_ros2_ws/install/franka_gripper/local/lib/python3.10/dist-packages/franka_gripper-0.1.13-py3.10.egg-info/PKG-INFO
[17.982s] -- Installing: /home/simi/franka_ros2_ws/install/franka_gripper/local/lib/python3.10/dist-packages/franka_gripper-0.1.13-py3.10.egg-info/SOURCES.txt
[17.982s] -- Installing: /home/simi/franka_ros2_ws/install/franka_gripper/local/lib/python3.10/dist-packages/franka_gripper
[17.982s] -- Installing: /home/simi/franka_ros2_ws/install/franka_gripper/local/lib/python3.10/dist-packages/franka_gripper/__init__.py
[18.019s] Listing '/home/simi/franka_ros2_ws/install/franka_gripper/local/lib/python3.10/dist-packages/franka_gripper'...
[18.019s] Compiling '/home/simi/franka_ros2_ws/install/franka_gripper/local/lib/python3.10/dist-packages/franka_gripper/__init__.py'...
[18.027s] -- Installing: /home/simi/franka_ros2_ws/install/franka_gripper/lib/franka_gripper/fake_gripper_state_publisher.py
[18.028s] -- Installing: /home/simi/franka_ros2_ws/install/franka_gripper/share/ament_index/resource_index/package_run_dependencies/franka_gripper
[18.029s] -- Installing: /home/simi/franka_ros2_ws/install/franka_gripper/share/ament_index/resource_index/parent_prefix_path/franka_gripper
[18.029s] -- Installing: /home/simi/franka_ros2_ws/install/franka_gripper/share/franka_gripper/environment/ament_prefix_path.sh
[18.030s] -- Installing: /home/simi/franka_ros2_ws/install/franka_gripper/share/franka_gripper/environment/ament_prefix_path.dsv
[18.030s] -- Installing: /home/simi/franka_ros2_ws/install/franka_gripper/share/franka_gripper/environment/path.sh
[18.030s] -- Installing: /home/simi/franka_ros2_ws/install/franka_gripper/share/franka_gripper/environment/path.dsv
[18.030s] -- Installing: /home/simi/franka_ros2_ws/install/franka_gripper/share/franka_gripper/local_setup.bash
[18.030s] -- Installing: /home/simi/franka_ros2_ws/install/franka_gripper/share/franka_gripper/local_setup.sh
[18.031s] -- Installing: /home/simi/franka_ros2_ws/install/franka_gripper/share/franka_gripper/local_setup.zsh
[18.031s] -- Installing: /home/simi/franka_ros2_ws/install/franka_gripper/share/franka_gripper/local_setup.dsv
[18.031s] -- Installing: /home/simi/franka_ros2_ws/install/franka_gripper/share/franka_gripper/package.dsv
[18.032s] -- Installing: /home/simi/franka_ros2_ws/install/franka_gripper/share/ament_index/resource_index/packages/franka_gripper
[18.032s] -- Installing: /home/simi/franka_ros2_ws/install/franka_gripper/share/ament_index/resource_index/rclcpp_components/franka_gripper
[18.032s] -- Installing: /home/simi/franka_ros2_ws/install/franka_gripper/share/franka_gripper/cmake/franka_gripperConfig.cmake
[18.032s] -- Installing: /home/simi/franka_ros2_ws/install/franka_gripper/share/franka_gripper/cmake/franka_gripperConfig-version.cmake
[18.033s] -- Installing: /home/simi/franka_ros2_ws/install/franka_gripper/share/franka_gripper/package.xml
[18.037s] Invoked command in '/home/simi/franka_ros2_ws/build/franka_gripper' returned '0': AMENT_PREFIX_PATH=/home/simi/franka_ros2_ws/install/franka_msgs:${AMENT_PREFIX_PATH} CMAKE_PREFIX_PATH=/home/simi/franka_ros2_ws/install/franka_msgs:/opt/ros/humble LD_LIBRARY_PATH=/home/simi/franka_ros2_ws/install/franka_msgs/lib:${LD_LIBRARY_PATH} PYTHONPATH=/home/simi/franka_ros2_ws/install/franka_msgs/local/lib/python3.10/dist-packages:${PYTHONPATH} /usr/bin/cmake --install /home/simi/franka_ros2_ws/build/franka_gripper
