[0.038s] Invoking command in '/home/simi/franka_ros2_ws/build/cartesian_impedance_control': CMAKE_PREFIX_PATH=/home/simi/franka_ros2_ws/install/franka_robot_state_broadcaster:/home/simi/franka_ros2_ws/install/franka_semantic_components:/home/simi/franka_ros2_ws/install/franka_hardware:/home/simi/franka_ros2_ws/install/messages_fr3:/home/simi/franka_ros2_ws/install/franka_msgs:/home/simi/franka_ros2_ws/install/franka_description:/home/simi/franka_ros2_ws/install/cartesian_impedance_control:/home/simi/franka_ros2_ws/install/joint_trajectory_controller:/home/simi/franka_ros2_ws/install/integration_launch_testing:/home/simi/franka_ros2_ws/install/franka_bringup:/home/simi/franka_ros2_ws/install/franka_example_controllers:/home/simi/franka_ros2_ws/install/franka_moveit_config:/home/simi/franka_ros2_ws/install/franka_gripper:/opt/ros/humble LD_LIBRARY_PATH=/home/simi/franka_ros2_ws/install/franka_robot_state_broadcaster/lib:/home/simi/franka_ros2_ws/install/franka_semantic_components/lib:/home/simi/franka_ros2_ws/install/franka_hardware/lib:/home/simi/franka_ros2_ws/install/messages_fr3/lib:/home/simi/franka_ros2_ws/install/franka_msgs/lib:/home/simi/franka_ros2_ws/install/cartesian_impedance_control/lib:/home/simi/franka_ros2_ws/install/joint_trajectory_controller/lib:/home/simi/franka_ros2_ws/install/integration_launch_testing/lib:/home/simi/franka_ros2_ws/install/franka_example_controllers/lib:/home/simi/franka_ros2_ws/install/franka_gripper/lib:/opt/ros/humble/opt/rviz_ogre_vendor/lib:/opt/ros/humble/lib/x86_64-linux-gnu:/opt/ros/humble/lib /usr/bin/cmake --build /home/simi/franka_ros2_ws/build/cartesian_impedance_control -- -j16 -l16
[0.113s] [35m[1mConsolidate compiler generated dependencies of target cartesian_impedance_control[0m
[0.165s] [ 12%] [32mBuilding CXX object CMakeFiles/cartesian_impedance_control.dir/src/cartesian_impedance_controller.cpp.o[0m
[5.039s] [01m[K/home/simi/franka_ros2_ws/src/cartesian_impedance_control/src/cartesian_impedance_controller.cpp:[m[K In member function ‘[01m[Kvirtual controller_interface::return_type cartesian_impedance_control::CartesianImpedanceController::update(const rclcpp::Time&, const rclcpp::Duration&)[m[K’:
[5.040s] [01m[K/home/simi/franka_ros2_ws/src/cartesian_impedance_control/src/cartesian_impedance_controller.cpp:338:23:[m[K [01;31m[Kerror: [m[Kno match for ‘[01m[Koperator+[m[K’ (operand types are ‘[01m[Kconst Eigen::CwiseBinaryOp<Eigen::internal::scalar_product_op<double, double>, const Eigen::CwiseNullaryOp<Eigen::internal::scalar_constant_op<double>, const Eigen::Matrix<double, 6, 1> >, const Eigen::Matrix<double, 6, 1> >[m[K’ and ‘[01m[Kdouble[m[K’)
[5.040s]   338 |   F_ext = [32m[K0.9 * F_ext[m[K [01;31m[K+[m[K [34m[K0.1[m[K O_F_ext_hat_K_M /*O_F_ext_hat_K_M_no_friction*/; //Filtering       //the second part is the measured external force                                               // exponential filtering with smoothing factor = 0.1
[5.040s]       |           [32m[K~~~~~~~~~~~[m[K [01;31m[K^[m[K [34m[K~~~[m[K
[5.040s]       |               [32m[K|[m[K         [34m[K|[m[K
[5.041s]       |               [32m[K|[m[K         [34m[Kdouble[m[K
[5.041s]       |               [32m[Kconst Eigen::CwiseBinaryOp<Eigen::internal::scalar_product_op<double, double>, const Eigen::CwiseNullaryOp<Eigen::internal::scalar_constant_op<double>, const Eigen::Matrix<double, 6, 1> >, const Eigen::Matrix<double, 6, 1> >[m[K
[5.041s] In file included from [01m[K/usr/include/eigen3/Eigen/Core:19[m[K,
[5.041s]                  from [01m[K/usr/include/eigen3/Eigen/Dense:1[m[K,
[5.041s]                  from [01m[K/usr/include/eigen3/Eigen/Eigen:1[m[K,
[5.041s]                  from [01m[K/home/simi/franka_ros2_ws/src/cartesian_impedance_control/include/cartesian_impedance_control/user_input_server.hpp:3[m[K,
[5.041s]                  from [01m[K/home/simi/franka_ros2_ws/src/cartesian_impedance_control/include/cartesian_impedance_control/cartesian_impedance_controller.hpp:29[m[K,
[5.041s]                  from [01m[K/home/simi/franka_ros2_ws/src/cartesian_impedance_control/src/cartesian_impedance_controller.cpp:15[m[K:
[5.042s] [01m[K/usr/include/eigen3/Eigen/src/Core/../plugins/CommonCwiseBinaryOps.h:27:28:[m[K [01;36m[Knote: [m[Kcandidate: ‘[01m[Ktemplate<class OtherDerived> const Eigen::CwiseBinaryOp<Eigen::internal::scalar_sum_op<typename Eigen::internal::traits<T>::Scalar, typename Eigen::internal::traits<OtherDerived>::Scalar>, const Derived, const OtherDerived> Eigen::MatrixBase<Derived>::operator+(const Eigen::MatrixBase<OtherDerived>&) const [with OtherDerived = OtherDerived; Derived = Eigen::CwiseBinaryOp<Eigen::internal::scalar_product_op<double, double>, const Eigen::CwiseNullaryOp<Eigen::internal::scalar_constant_op<double>, const Eigen::Matrix<double, 6, 1> >, const Eigen::Matrix<double, 6, 1> >][m[K’
[5.042s]    27 | EIGEN_MAKE_CWISE_BINARY_OP([01;36m[Koperator[m[K+,sum)
[5.042s]       |                            [01;36m[K^~~~~~~~[m[K
[5.042s] [01m[K/usr/include/eigen3/Eigen/src/Core/util/Macros.h:1339:4:[m[K [01;36m[Knote: [m[Kin definition of macro ‘[01m[KEIGEN_MAKE_CWISE_BINARY_OP[m[K’
[5.042s]  1339 |   ([01;36m[KMETHOD[m[K)(const EIGEN_CURRENT_STORAGE_BASE_CLASS<OtherDerived> &other) const \
[5.042s]       |    [01;36m[K^~~~~~[m[K
[5.042s] [01m[K/usr/include/eigen3/Eigen/src/Core/../plugins/CommonCwiseBinaryOps.h:27:28:[m[K [01;36m[Knote: [m[K  template argument deduction/substitution failed:
[5.042s]    27 | EIGEN_MAKE_CWISE_BINARY_OP([01;36m[Koperator[m[K+,sum)
[5.042s]       |                            [01;36m[K^~~~~~~~[m[K
[5.043s] [01m[K/usr/include/eigen3/Eigen/src/Core/util/Macros.h:1339:4:[m[K [01;36m[Knote: [m[Kin definition of macro ‘[01m[KEIGEN_MAKE_CWISE_BINARY_OP[m[K’
[5.043s]  1339 |   ([01;36m[KMETHOD[m[K)(const EIGEN_CURRENT_STORAGE_BASE_CLASS<OtherDerived> &other) const \
[5.043s]       |    [01;36m[K^~~~~~[m[K
[5.043s] [01m[K/home/simi/franka_ros2_ws/src/cartesian_impedance_control/src/cartesian_impedance_controller.cpp:338:25:[m[K [01;36m[Knote: [m[K  mismatched types ‘[01m[Kconst Eigen::MatrixBase<Derived>[m[K’ and ‘[01m[Kdouble[m[K’
[5.043s]   338 |   F_ext = 0.9 * F_ext + [01;36m[K0.1[m[K O_F_ext_hat_K_M /*O_F_ext_hat_K_M_no_friction*/; //Filtering       //the second part is the measured external force                                               // exponential filtering with smoothing factor = 0.1
[5.043s]       |                         [01;36m[K^~~[m[K
[5.043s] In file included from [01m[K/usr/include/eigen3/Eigen/SparseCore:48[m[K,
[5.043s]                  from [01m[K/usr/include/eigen3/Eigen/Sparse:26[m[K,
[5.043s]                  from [01m[K/usr/include/eigen3/Eigen/Eigen:2[m[K,
[5.043s]                  from [01m[K/home/simi/franka_ros2_ws/src/cartesian_impedance_control/include/cartesian_impedance_control/user_input_server.hpp:3[m[K,
[5.043s]                  from [01m[K/home/simi/franka_ros2_ws/src/cartesian_impedance_control/include/cartesian_impedance_control/cartesian_impedance_controller.hpp:29[m[K,
[5.043s]                  from [01m[K/home/simi/franka_ros2_ws/src/cartesian_impedance_control/src/cartesian_impedance_controller.cpp:15[m[K:
[5.043s] [01m[K/usr/include/eigen3/Eigen/src/SparseCore/SparseCwiseBinaryOp.h:694:1:[m[K [01;36m[Knote: [m[Kcandidate: ‘[01m[Ktemplate<class DenseDerived, class SparseDerived> const Eigen::CwiseBinaryOp<Eigen::internal::scalar_sum_op<typename Lhs::Scalar, typename Rhs::Scalar>, const DenseDerived, const SparseDerived> Eigen::operator+(const Eigen::MatrixBase<Derived>&, const Eigen::SparseMatrixBase<SparseDerived>&)[m[K’
[5.043s]   694 | [01;36m[Koperator[m[K+(const MatrixBase<DenseDerived> &a, const SparseMatrixBase<SparseDerived> &b)
[5.043s]       | [01;36m[K^~~~~~~~[m[K
[5.043s] [01m[K/usr/include/eigen3/Eigen/src/SparseCore/SparseCwiseBinaryOp.h:694:1:[m[K [01;36m[Knote: [m[K  template argument deduction/substitution failed:
[5.043s] [01m[K/home/simi/franka_ros2_ws/src/cartesian_impedance_control/src/cartesian_impedance_controller.cpp:338:25:[m[K [01;36m[Knote: [m[K  mismatched types ‘[01m[Kconst Eigen::SparseMatrixBase<SparseDerived>[m[K’ and ‘[01m[Kdouble[m[K’
[5.043s]   338 |   F_ext = 0.9 * F_ext + [01;36m[K0.1[m[K O_F_ext_hat_K_M /*O_F_ext_hat_K_M_no_friction*/; //Filtering       //the second part is the measured external force                                               // exponential filtering with smoothing factor = 0.1
[5.043s]       |                         [01;36m[K^~~[m[K
[5.044s] In file included from [01m[K/usr/include/eigen3/Eigen/SparseCore:48[m[K,
[5.044s]                  from [01m[K/usr/include/eigen3/Eigen/Sparse:26[m[K,
[5.044s]                  from [01m[K/usr/include/eigen3/Eigen/Eigen:2[m[K,
[5.044s]                  from [01m[K/home/simi/franka_ros2_ws/src/cartesian_impedance_control/include/cartesian_impedance_control/user_input_server.hpp:3[m[K,
[5.044s]                  from [01m[K/home/simi/franka_ros2_ws/src/cartesian_impedance_control/include/cartesian_impedance_control/cartesian_impedance_controller.hpp:29[m[K,
[5.044s]                  from [01m[K/home/simi/franka_ros2_ws/src/cartesian_impedance_control/src/cartesian_impedance_controller.cpp:15[m[K:
[5.044s] [01m[K/usr/include/eigen3/Eigen/src/SparseCore/SparseCwiseBinaryOp.h:701:1:[m[K [01;36m[Knote: [m[Kcandidate: ‘[01m[Ktemplate<class SparseDerived, class DenseDerived> const Eigen::CwiseBinaryOp<Eigen::internal::scalar_sum_op<typename Lhs::Scalar, typename Rhs::Scalar>, const DenseDerived, const SparseDerived> Eigen::operator+(const Eigen::SparseMatrixBase<OtherDerived>&, const Eigen::MatrixBase<U>&)[m[K’
[5.044s]   701 | [01;36m[Koperator[m[K+(const SparseMatrixBase<SparseDerived> &a, const MatrixBase<DenseDerived> &b)
[5.044s]       | [01;36m[K^~~~~~~~[m[K
[5.044s] [01m[K/usr/include/eigen3/Eigen/src/SparseCore/SparseCwiseBinaryOp.h:701:1:[m[K [01;36m[Knote: [m[K  template argument deduction/substitution failed:
[5.044s] [01m[K/home/simi/franka_ros2_ws/src/cartesian_impedance_control/src/cartesian_impedance_controller.cpp:338:25:[m[K [01;36m[Knote: [m[K  ‘[01m[Kconst Eigen::CwiseBinaryOp<Eigen::internal::scalar_product_op<double, double>, const Eigen::CwiseNullaryOp<Eigen::internal::scalar_constant_op<double>, const Eigen::Matrix<double, 6, 1> >, const Eigen::Matrix<double, 6, 1> >[m[K’ is not derived from ‘[01m[Kconst Eigen::SparseMatrixBase<OtherDerived>[m[K’
[5.044s]   338 |   F_ext = 0.9 * F_ext + [01;36m[K0.1[m[K O_F_ext_hat_K_M /*O_F_ext_hat_K_M_no_friction*/; //Filtering       //the second part is the measured external force                                               // exponential filtering with smoothing factor = 0.1
[5.044s]       |                         [01;36m[K^~~[m[K
[18.931s] gmake[2]: *** [CMakeFiles/cartesian_impedance_control.dir/build.make:76: CMakeFiles/cartesian_impedance_control.dir/src/cartesian_impedance_controller.cpp.o] Error 1
[18.931s] gmake[1]: *** [CMakeFiles/Makefile2:141: CMakeFiles/cartesian_impedance_control.dir/all] Error 2
[18.932s] gmake: *** [Makefile:146: all] Error 2
[18.935s] Invoked command in '/home/simi/franka_ros2_ws/build/cartesian_impedance_control' returned '2': CMAKE_PREFIX_PATH=/home/simi/franka_ros2_ws/install/franka_robot_state_broadcaster:/home/simi/franka_ros2_ws/install/franka_semantic_components:/home/simi/franka_ros2_ws/install/franka_hardware:/home/simi/franka_ros2_ws/install/messages_fr3:/home/simi/franka_ros2_ws/install/franka_msgs:/home/simi/franka_ros2_ws/install/franka_description:/home/simi/franka_ros2_ws/install/cartesian_impedance_control:/home/simi/franka_ros2_ws/install/joint_trajectory_controller:/home/simi/franka_ros2_ws/install/integration_launch_testing:/home/simi/franka_ros2_ws/install/franka_bringup:/home/simi/franka_ros2_ws/install/franka_example_controllers:/home/simi/franka_ros2_ws/install/franka_moveit_config:/home/simi/franka_ros2_ws/install/franka_gripper:/opt/ros/humble LD_LIBRARY_PATH=/home/simi/franka_ros2_ws/install/franka_robot_state_broadcaster/lib:/home/simi/franka_ros2_ws/install/franka_semantic_components/lib:/home/simi/franka_ros2_ws/install/franka_hardware/lib:/home/simi/franka_ros2_ws/install/messages_fr3/lib:/home/simi/franka_ros2_ws/install/franka_msgs/lib:/home/simi/franka_ros2_ws/install/cartesian_impedance_control/lib:/home/simi/franka_ros2_ws/install/joint_trajectory_controller/lib:/home/simi/franka_ros2_ws/install/integration_launch_testing/lib:/home/simi/franka_ros2_ws/install/franka_example_controllers/lib:/home/simi/franka_ros2_ws/install/franka_gripper/lib:/opt/ros/humble/opt/rviz_ogre_vendor/lib:/opt/ros/humble/lib/x86_64-linux-gnu:/opt/ros/humble/lib /usr/bin/cmake --build /home/simi/franka_ros2_ws/build/cartesian_impedance_control -- -j16 -l16
