[0.015s] Invoking command in '/home/simi/franka_ros2_ws/build/franka_hardware': AMENT_PREFIX_PATH=/home/simi/franka_ros2_ws/install/franka_msgs:${AMENT_PREFIX_PATH} CMAKE_PREFIX_PATH=/home/simi/franka_ros2_ws/install/franka_msgs:/opt/ros/humble LD_LIBRARY_PATH=/home/simi/franka_ros2_ws/install/franka_msgs/lib:${LD_LIBRARY_PATH} PYTHONPATH=/home/simi/franka_ros2_ws/install/franka_msgs/local/lib/python3.10/dist-packages:${PYTHONPATH} /usr/bin/cmake /home/simi/franka_ros2_ws/src/franka_ros2/franka_hardware -DCMAKE_BUILD_TYPE=Release -DCMAKE_INSTALL_PREFIX=/home/simi/franka_ros2_ws/install/franka_hardware
[0.027s] -- Found ament_cmake: 1.3.8 (/opt/ros/humble/share/ament_cmake/cmake)
[0.143s] -- Found rclcpp: 16.0.8 (/opt/ros/humble/share/rclcpp/cmake)
[0.169s] -- Found rosidl_generator_c: 3.1.5 (/opt/ros/humble/share/rosidl_generator_c/cmake)
[0.171s] -- Found rosidl_adapter: 3.1.5 (/opt/ros/humble/share/rosidl_adapter/cmake)
[0.176s] -- Found rosidl_generator_cpp: 3.1.5 (/opt/ros/humble/share/rosidl_generator_cpp/cmake)
[0.186s] -- Using all available rosidl_typesupport_c: rosidl_typesupport_fastrtps_c;rosidl_typesupport_introspection_c
[0.199s] -- Using all available rosidl_typesupport_cpp: rosidl_typesupport_fastrtps_cpp;rosidl_typesupport_introspection_cpp
[0.248s] -- Found rmw_implementation_cmake: 6.1.1 (/opt/ros/humble/share/rmw_implementation_cmake/cmake)
[0.249s] -- Found rmw_fastrtps_cpp: 6.2.6 (/opt/ros/humble/share/rmw_fastrtps_cpp/cmake)
[0.381s] -- Using RMW implementation 'rmw_fastrtps_cpp' as default
[0.513s] -- Found franka_msgs: 0.1.13 (/home/simi/franka_ros2_ws/install/franka_msgs/share/franka_msgs/cmake)
[0.745s] -- Found hardware_interface: 2.40.0 (/opt/ros/humble/share/hardware_interface/cmake)
[1.051s] -- Found rclcpp_components: 16.0.8 (/opt/ros/humble/share/rclcpp_components/cmake)
[1.145s] -- Found ament_cmake_clang_format: 0.12.10 (/opt/ros/humble/share/ament_cmake_clang_format/cmake)
[1.145s] -- Found ament_cmake_copyright: 0.12.10 (/opt/ros/humble/share/ament_cmake_copyright/cmake)
[1.146s] -- Found ament_cmake_cppcheck: 0.12.10 (/opt/ros/humble/share/ament_cmake_cppcheck/cmake)
[1.146s] -- Found ament_cmake_flake8: 0.12.10 (/opt/ros/humble/share/ament_cmake_flake8/cmake)
[1.146s] -- Found ament_cmake_lint_cmake: 0.12.10 (/opt/ros/humble/share/ament_cmake_lint_cmake/cmake)
[1.147s] -- Found ament_cmake_pep257: 0.12.10 (/opt/ros/humble/share/ament_cmake_pep257/cmake)
[1.147s] -- Found ament_cmake_xmllint: 0.12.10 (/opt/ros/humble/share/ament_cmake_xmllint/cmake)
[1.150s] -- Found ament_cmake_gmock: 1.3.8 (/opt/ros/humble/share/ament_cmake_gmock/cmake)
[1.150s] -- Found gmock sources under '/opt/ros/humble/src/gmock_vendor': C++ tests using 'Google Mock' will be built
[1.152s] -- Found ament_cmake_gtest: 1.3.8 (/opt/ros/humble/share/ament_cmake_gtest/cmake)
[1.152s] -- Found gtest sources under '/opt/ros/humble/src/gtest_vendor': C++ tests using 'Google Test' will be built
[1.216s] -- Configuring done
[1.306s] -- Generating done
[1.309s] -- Build files have been written to: /home/simi/franka_ros2_ws/build/franka_hardware
[1.323s] Invoked command in '/home/simi/franka_ros2_ws/build/franka_hardware' returned '0': AMENT_PREFIX_PATH=/home/simi/franka_ros2_ws/install/franka_msgs:${AMENT_PREFIX_PATH} CMAKE_PREFIX_PATH=/home/simi/franka_ros2_ws/install/franka_msgs:/opt/ros/humble LD_LIBRARY_PATH=/home/simi/franka_ros2_ws/install/franka_msgs/lib:${LD_LIBRARY_PATH} PYTHONPATH=/home/simi/franka_ros2_ws/install/franka_msgs/local/lib/python3.10/dist-packages:${PYTHONPATH} /usr/bin/cmake /home/simi/franka_ros2_ws/src/franka_ros2/franka_hardware -DCMAKE_BUILD_TYPE=Release -DCMAKE_INSTALL_PREFIX=/home/simi/franka_ros2_ws/install/franka_hardware
[1.324s] Invoking command in '/home/simi/franka_ros2_ws/build/franka_hardware': AMENT_PREFIX_PATH=/home/simi/franka_ros2_ws/install/franka_msgs:${AMENT_PREFIX_PATH} CMAKE_PREFIX_PATH=/home/simi/franka_ros2_ws/install/franka_msgs:/opt/ros/humble LD_LIBRARY_PATH=/home/simi/franka_ros2_ws/install/franka_msgs/lib:${LD_LIBRARY_PATH} PYTHONPATH=/home/simi/franka_ros2_ws/install/franka_msgs/local/lib/python3.10/dist-packages:${PYTHONPATH} /usr/bin/cmake --build /home/simi/franka_ros2_ws/build/franka_hardware -- -j16 -l16
[1.378s] [35m[1mConsolidate compiler generated dependencies of target gmock[0m
[1.380s] [35m[1mConsolidate compiler generated dependencies of target gmock_main[0m
[1.380s] [35m[1mConsolidate compiler generated dependencies of target franka_hardware[0m
[1.399s] [ 18%] Built target gmock
[1.399s] [ 31%] Built target gmock_main
[1.411s] [ 62%] Built target franka_hardware
[1.426s] [35m[1mConsolidate compiler generated dependencies of target franka_hardware_robot_test[0m
[1.426s] [35m[1mConsolidate compiler generated dependencies of target franka_hardware_test[0m
[1.427s] [35m[1mConsolidate compiler generated dependencies of target franka_hardware_command_interface_test[0m
[1.452s] [100%] Built target franka_hardware_test
[1.452s] [100%] Built target franka_hardware_command_interface_test
[1.452s] [100%] Built target franka_hardware_robot_test
[1.466s] Invoked command in '/home/simi/franka_ros2_ws/build/franka_hardware' returned '0': AMENT_PREFIX_PATH=/home/simi/franka_ros2_ws/install/franka_msgs:${AMENT_PREFIX_PATH} CMAKE_PREFIX_PATH=/home/simi/franka_ros2_ws/install/franka_msgs:/opt/ros/humble LD_LIBRARY_PATH=/home/simi/franka_ros2_ws/install/franka_msgs/lib:${LD_LIBRARY_PATH} PYTHONPATH=/home/simi/franka_ros2_ws/install/franka_msgs/local/lib/python3.10/dist-packages:${PYTHONPATH} /usr/bin/cmake --build /home/simi/franka_ros2_ws/build/franka_hardware -- -j16 -l16
[1.522s] Invoking command in '/home/simi/franka_ros2_ws/build/franka_hardware': AMENT_PREFIX_PATH=/home/simi/franka_ros2_ws/install/franka_msgs:${AMENT_PREFIX_PATH} CMAKE_PREFIX_PATH=/home/simi/franka_ros2_ws/install/franka_msgs:/opt/ros/humble LD_LIBRARY_PATH=/home/simi/franka_ros2_ws/install/franka_msgs/lib:${LD_LIBRARY_PATH} PYTHONPATH=/home/simi/franka_ros2_ws/install/franka_msgs/local/lib/python3.10/dist-packages:${PYTHONPATH} /usr/bin/cmake --install /home/simi/franka_ros2_ws/build/franka_hardware
[1.531s] -- Install configuration: "Release"
[1.531s] -- Up-to-date: /home/simi/franka_ros2_ws/install/franka_hardware/share/franka_hardware/franka_hardware.xml
[1.531s] -- Up-to-date: /home/simi/franka_ros2_ws/install/franka_hardware/lib/libfranka_hardware.so
[1.531s] -- Up-to-date: /home/simi/franka_ros2_ws/install/franka_hardware/include
[1.531s] -- Up-to-date: /home/simi/franka_ros2_ws/install/franka_hardware/include/franka_hardware
[1.531s] -- Up-to-date: /home/simi/franka_ros2_ws/install/franka_hardware/include/franka_hardware/franka_param_service_server.hpp
[1.531s] -- Up-to-date: /home/simi/franka_ros2_ws/install/franka_hardware/include/franka_hardware/franka_executor.hpp
[1.532s] -- Up-to-date: /home/simi/franka_ros2_ws/install/franka_hardware/include/franka_hardware/model.hpp
[1.532s] -- Up-to-date: /home/simi/franka_ros2_ws/install/franka_hardware/include/franka_hardware/franka_hardware_interface.hpp
[1.532s] -- Up-to-date: /home/simi/franka_ros2_ws/install/franka_hardware/include/franka_hardware/robot.hpp
[1.532s] -- Up-to-date: /home/simi/franka_ros2_ws/install/franka_hardware/share/franka_hardware/environment/library_path.sh
[1.532s] -- Installing: /home/simi/franka_ros2_ws/install/franka_hardware/share/franka_hardware/environment/library_path.dsv
[1.532s] -- Up-to-date: /home/simi/franka_ros2_ws/install/franka_hardware/share/ament_index/resource_index/package_run_dependencies/franka_hardware
[1.532s] -- Installing: /home/simi/franka_ros2_ws/install/franka_hardware/share/ament_index/resource_index/parent_prefix_path/franka_hardware
[1.533s] -- Up-to-date: /home/simi/franka_ros2_ws/install/franka_hardware/share/franka_hardware/environment/ament_prefix_path.sh
[1.533s] -- Installing: /home/simi/franka_ros2_ws/install/franka_hardware/share/franka_hardware/environment/ament_prefix_path.dsv
[1.533s] -- Up-to-date: /home/simi/franka_ros2_ws/install/franka_hardware/share/franka_hardware/environment/path.sh
[1.533s] -- Installing: /home/simi/franka_ros2_ws/install/franka_hardware/share/franka_hardware/environment/path.dsv
[1.533s] -- Up-to-date: /home/simi/franka_ros2_ws/install/franka_hardware/share/franka_hardware/local_setup.bash
[1.533s] -- Up-to-date: /home/simi/franka_ros2_ws/install/franka_hardware/share/franka_hardware/local_setup.sh
[1.533s] -- Up-to-date: /home/simi/franka_ros2_ws/install/franka_hardware/share/franka_hardware/local_setup.zsh
[1.533s] -- Installing: /home/simi/franka_ros2_ws/install/franka_hardware/share/franka_hardware/local_setup.dsv
[1.533s] -- Installing: /home/simi/franka_ros2_ws/install/franka_hardware/share/franka_hardware/package.dsv
[1.533s] -- Up-to-date: /home/simi/franka_ros2_ws/install/franka_hardware/share/ament_index/resource_index/packages/franka_hardware
[1.533s] -- Up-to-date: /home/simi/franka_ros2_ws/install/franka_hardware/share/ament_index/resource_index/hardware_interface__pluginlib__plugin/franka_hardware
[1.533s] -- Up-to-date: /home/simi/franka_ros2_ws/install/franka_hardware/share/franka_hardware/cmake/ament_cmake_export_include_directories-extras.cmake
[1.533s] -- Up-to-date: /home/simi/franka_ros2_ws/install/franka_hardware/share/franka_hardware/cmake/ament_cmake_export_libraries-extras.cmake
[1.533s] -- Up-to-date: /home/simi/franka_ros2_ws/install/franka_hardware/share/franka_hardware/cmake/ament_cmake_export_dependencies-extras.cmake
[1.533s] -- Up-to-date: /home/simi/franka_ros2_ws/install/franka_hardware/share/franka_hardware/cmake/franka_hardwareConfig.cmake
[1.534s] -- Up-to-date: /home/simi/franka_ros2_ws/install/franka_hardware/share/franka_hardware/cmake/franka_hardwareConfig-version.cmake
[1.534s] -- Up-to-date: /home/simi/franka_ros2_ws/install/franka_hardware/share/franka_hardware/package.xml
[1.536s] Invoked command in '/home/simi/franka_ros2_ws/build/franka_hardware' returned '0': AMENT_PREFIX_PATH=/home/simi/franka_ros2_ws/install/franka_msgs:${AMENT_PREFIX_PATH} CMAKE_PREFIX_PATH=/home/simi/franka_ros2_ws/install/franka_msgs:/opt/ros/humble LD_LIBRARY_PATH=/home/simi/franka_ros2_ws/install/franka_msgs/lib:${LD_LIBRARY_PATH} PYTHONPATH=/home/simi/franka_ros2_ws/install/franka_msgs/local/lib/python3.10/dist-packages:${PYTHONPATH} /usr/bin/cmake --install /home/simi/franka_ros2_ws/build/franka_hardware
