[0.027s] Invoking command in '/home/simi/franka_ros2_ws/build/cartesian_impedance_control': AMENT_PREFIX_PATH=/home/simi/franka_ros2_ws/install/franka_robot_state_broadcaster:/home/simi/franka_ros2_ws/install/franka_semantic_components:/home/simi/franka_ros2_ws/install/franka_hardware:/home/simi/franka_ros2_ws/install/messages_fr3:/home/simi/franka_ros2_ws/install/franka_msgs:/home/simi/franka_ros2_ws/install/franka_description:${AMENT_PREFIX_PATH} CMAKE_PREFIX_PATH=/home/simi/franka_ros2_ws/install/franka_robot_state_broadcaster:/home/simi/franka_ros2_ws/install/franka_semantic_components:/home/simi/franka_ros2_ws/install/franka_hardware:/home/simi/franka_ros2_ws/install/messages_fr3:/home/simi/franka_ros2_ws/install/franka_msgs:/home/simi/franka_ros2_ws/install/franka_description:/opt/ros/humble LD_LIBRARY_PATH=/home/simi/franka_ros2_ws/install/franka_robot_state_broadcaster/lib:/home/simi/franka_ros2_ws/install/franka_semantic_components/lib:/home/simi/franka_ros2_ws/install/franka_hardware/lib:/home/simi/franka_ros2_ws/install/messages_fr3/lib:/home/simi/franka_ros2_ws/install/franka_msgs/lib:${LD_LIBRARY_PATH} PYTHONPATH=/home/simi/franka_ros2_ws/install/messages_fr3/local/lib/python3.10/dist-packages:/home/simi/franka_ros2_ws/install/franka_msgs/local/lib/python3.10/dist-packages:${PYTHONPATH} /usr/bin/cmake --build /home/simi/franka_ros2_ws/build/cartesian_impedance_control -- -j16 -l16
[0.086s] [35m[1mConsolidate compiler generated dependencies of target cartesian_impedance_control[0m
[0.124s] [ 40%] [32mBuilding CXX object CMakeFiles/cartesian_impedance_control.dir/src/cartesian_impedance_controller.cpp.o[0m
[0.124s] [ 40%] [32mBuilding CXX object CMakeFiles/cartesian_impedance_control.dir/src/user_input_server.cpp.o[0m
[21.472s] In file included from [01m[K/usr/include/eigen3/Eigen/Core:341[m[K,
[21.472s]                  from [01m[K/usr/include/eigen3/Eigen/Dense:1[m[K,
[21.472s]                  from [01m[K/usr/include/eigen3/Eigen/Eigen:1[m[K,
[21.473s]                  from [01m[K/home/simi/franka_ros2_ws/src/cartesian_impedance_control/include/cartesian_impedance_control/user_input_server.hpp:3[m[K,
[21.473s]                  from [01m[K/home/simi/franka_ros2_ws/src/cartesian_impedance_control/include/cartesian_impedance_control/cartesian_impedance_controller.hpp:29[m[K,
[21.473s]                  from [01m[K/home/simi/franka_ros2_ws/src/cartesian_impedance_control/src/cartesian_impedance_controller.cpp:15[m[K:
[21.473s] [01m[K/usr/include/eigen3/Eigen/src/Core/products/TriangularMatrixVector.h:[m[K In function ‘[01m[Kstatic void Eigen::internal::trmv_selector<Mode, 1>::run(const Lhs&, const Rhs&, Dest&, const typename Dest::Scalar&) [with Lhs = Eigen::Transpose<const Eigen::Block<const Eigen::Block<Eigen::Matrix<double, -1, -1>, -1, -1, false>, -1, -1, false> >; Rhs = Eigen::Transpose<const Eigen::CwiseBinaryOp<Eigen::internal::scalar_product_op<double, double>, const Eigen::CwiseNullaryOp<Eigen::internal::scalar_constant_op<double>, const Eigen::Matrix<double, 1, -1> >, const Eigen::Transpose<const Eigen::Block<const Eigen::Block<const Eigen::Block<Eigen::Matrix<double, -1, -1>, -1, -1, false>, -1, 1, true>, -1, 1, false> > > >; Dest = Eigen::Transpose<Eigen::Block<Eigen::Block<Eigen::Matrix<double, -1, -1, 1, -1, -1>, 1, -1, true>, 1, -1, false> >; int Mode = 6][m[K’:
[21.473s] [01m[K/usr/include/eigen3/Eigen/src/Core/products/TriangularMatrixVector.h:332:12:[m[K [01;35m[Kwarning: [m[K‘[01m[Kresult[m[K’ may be used uninitialized [[01;35m[K]8;;https://gcc.gnu.org/onlinedocs/gcc/Warning-Options.html#index-Wmaybe-uninitialized-Wmaybe-uninitialized]8;;[m[K]
[21.473s]   327 |     [01;35m[Kinternal::triangular_matrix_vector_product[m[K
[21.473s]       |     [01;35m[K~~~~~~~~~~~~~~~~~~~~~~~~~~~~~~~~~~~~~~~~~~[m[K
[21.473s]   328 | [01;35m[K      <Index,Mode,[m[K
[21.473s]       |       [01;35m[K~~~~~~~~~~~~[m[K
[21.474s]   329 | [01;35m[K       LhsScalar, LhsBlasTraits::NeedToConjugate,[m[K
[21.474s]       |        [01;35m[K~~~~~~~~~~~~~~~~~~~~~~~~~~~~~~~~~~~~~~~~~~[m[K
[21.474s]   330 | [01;35m[K       RhsScalar, RhsBlasTraits::NeedToConjugate,[m[K
[21.474s]       |        [01;35m[K~~~~~~~~~~~~~~~~~~~~~~~~~~~~~~~~~~~~~~~~~~[m[K
[21.474s]   331 | [01;35m[K       RowMajor>[m[K
[21.474s]       |        [01;35m[K~~~~~~~~~[m[K
[21.474s]   332 | [01;35m[K      ::run(actualLhs.rows(),actualLhs.cols(),[m[K
[21.474s]       |       [01;35m[K~~~~~^~~~~~~~~~~~~~~~~~~~~~~~~~~~~~~~~~~[m[K
[21.474s]   333 | [01;35m[K            actualLhs.data(),actualLhs.outerStride(),[m[K
[21.474s]       |             [01;35m[K~~~~~~~~~~~~~~~~~~~~~~~~~~~~~~~~~~~~~~~~~[m[K
[21.474s]   334 | [01;35m[K            actualRhsPtr,1,[m[K
[21.474s]       |             [01;35m[K~~~~~~~~~~~~~~~[m[K
[21.474s]   335 | [01;35m[K            dest.data(),dest.innerStride(),[m[K
[21.475s]       |             [01;35m[K~~~~~~~~~~~~~~~~~~~~~~~~~~~~~~~[m[K
[21.475s]   336 | [01;35m[K            actualAlpha)[m[K;
[21.475s]       |             [01;35m[K~~~~~~~~~~~~[m[K
[21.475s] [01m[K/usr/include/eigen3/Eigen/src/Core/products/TriangularMatrixVector.h:105:24:[m[K [01;36m[Knote: [m[Kby argument 5 of type ‘[01m[Kconst double*[m[K’ to ‘[01m[Kstatic void Eigen::internal::triangular_matrix_vector_product<Index, Mode, LhsScalar, ConjLhs, RhsScalar, ConjRhs, 1, Version>::run(Index, Index, const LhsScalar*, Index, const RhsScalar*, Index, Eigen::internal::triangular_matrix_vector_product<Index, Mode, LhsScalar, ConjLhs, RhsScalar, ConjRhs, 1, Version>::ResScalar*, Index, const ResScalar&) [with Index = long int; int Mode = 6; LhsScalar = double; bool ConjLhs = false; RhsScalar = double; bool ConjRhs = false; int Version = 0][m[K’ declared here
[21.475s]   105 | EIGEN_DONT_INLINE void [01;36m[Ktriangular_matrix_vector_product<Index,Mode,LhsScalar,ConjLhs,RhsScalar,ConjRhs,RowMajor,Version>[m[K
[21.475s]       |                        [01;36m[K^~~~~~~~~~~~~~~~~~~~~~~~~~~~~~~~~~~~~~~~~~~~~~~~~~~~~~~~~~~~~~~~~~~~~~~~~~~~~~~~~~~~~~~~~~~~~~~~~[m[K
[27.153s] [ 60%] [32m[1mLinking CXX shared library libcartesian_impedance_control.so[0m
[27.436s] [ 60%] Built target cartesian_impedance_control
[27.471s] [ 80%] [32m[1mLinking CXX executable user_input_client[0m
[27.671s] [100%] Built target user_input_client
[27.689s] Invoked command in '/home/simi/franka_ros2_ws/build/cartesian_impedance_control' returned '0': AMENT_PREFIX_PATH=/home/simi/franka_ros2_ws/install/franka_robot_state_broadcaster:/home/simi/franka_ros2_ws/install/franka_semantic_components:/home/simi/franka_ros2_ws/install/franka_hardware:/home/simi/franka_ros2_ws/install/messages_fr3:/home/simi/franka_ros2_ws/install/franka_msgs:/home/simi/franka_ros2_ws/install/franka_description:${AMENT_PREFIX_PATH} CMAKE_PREFIX_PATH=/home/simi/franka_ros2_ws/install/franka_robot_state_broadcaster:/home/simi/franka_ros2_ws/install/franka_semantic_components:/home/simi/franka_ros2_ws/install/franka_hardware:/home/simi/franka_ros2_ws/install/messages_fr3:/home/simi/franka_ros2_ws/install/franka_msgs:/home/simi/franka_ros2_ws/install/franka_description:/opt/ros/humble LD_LIBRARY_PATH=/home/simi/franka_ros2_ws/install/franka_robot_state_broadcaster/lib:/home/simi/franka_ros2_ws/install/franka_semantic_components/lib:/home/simi/franka_ros2_ws/install/franka_hardware/lib:/home/simi/franka_ros2_ws/install/messages_fr3/lib:/home/simi/franka_ros2_ws/install/franka_msgs/lib:${LD_LIBRARY_PATH} PYTHONPATH=/home/simi/franka_ros2_ws/install/messages_fr3/local/lib/python3.10/dist-packages:/home/simi/franka_ros2_ws/install/franka_msgs/local/lib/python3.10/dist-packages:${PYTHONPATH} /usr/bin/cmake --build /home/simi/franka_ros2_ws/build/cartesian_impedance_control -- -j16 -l16
[27.732s] Invoking command in '/home/simi/franka_ros2_ws/build/cartesian_impedance_control': AMENT_PREFIX_PATH=/home/simi/franka_ros2_ws/install/franka_robot_state_broadcaster:/home/simi/franka_ros2_ws/install/franka_semantic_components:/home/simi/franka_ros2_ws/install/franka_hardware:/home/simi/franka_ros2_ws/install/messages_fr3:/home/simi/franka_ros2_ws/install/franka_msgs:/home/simi/franka_ros2_ws/install/franka_description:${AMENT_PREFIX_PATH} CMAKE_PREFIX_PATH=/home/simi/franka_ros2_ws/install/franka_robot_state_broadcaster:/home/simi/franka_ros2_ws/install/franka_semantic_components:/home/simi/franka_ros2_ws/install/franka_hardware:/home/simi/franka_ros2_ws/install/messages_fr3:/home/simi/franka_ros2_ws/install/franka_msgs:/home/simi/franka_ros2_ws/install/franka_description:/opt/ros/humble LD_LIBRARY_PATH=/home/simi/franka_ros2_ws/install/franka_robot_state_broadcaster/lib:/home/simi/franka_ros2_ws/install/franka_semantic_components/lib:/home/simi/franka_ros2_ws/install/franka_hardware/lib:/home/simi/franka_ros2_ws/install/messages_fr3/lib:/home/simi/franka_ros2_ws/install/franka_msgs/lib:${LD_LIBRARY_PATH} PYTHONPATH=/home/simi/franka_ros2_ws/install/messages_fr3/local/lib/python3.10/dist-packages:/home/simi/franka_ros2_ws/install/franka_msgs/local/lib/python3.10/dist-packages:${PYTHONPATH} /usr/bin/cmake --install /home/simi/franka_ros2_ws/build/cartesian_impedance_control
[27.741s] -- Install configuration: "Release"
[27.741s] -- Up-to-date: /home/simi/franka_ros2_ws/install/cartesian_impedance_control/share/cartesian_impedance_control/cartesian_impedance_control.xml
[27.741s] -- Installing: /home/simi/franka_ros2_ws/install/cartesian_impedance_control/lib/cartesian_impedance_control/user_input_client
[27.742s] -- Set runtime path of "/home/simi/franka_ros2_ws/install/cartesian_impedance_control/lib/cartesian_impedance_control/user_input_client" to ""
[27.742s] -- Installing: /home/simi/franka_ros2_ws/install/cartesian_impedance_control/lib/libcartesian_impedance_control.so
[27.746s] -- Set runtime path of "/home/simi/franka_ros2_ws/install/cartesian_impedance_control/lib/libcartesian_impedance_control.so" to ""
[27.746s] -- Up-to-date: /home/simi/franka_ros2_ws/install/cartesian_impedance_control/include
[27.747s] -- Up-to-date: /home/simi/franka_ros2_ws/install/cartesian_impedance_control/include/cartesian_impedance_control
[27.747s] -- Up-to-date: /home/simi/franka_ros2_ws/install/cartesian_impedance_control/include/cartesian_impedance_control/user_input_server.hpp
[27.747s] -- Installing: /home/simi/franka_ros2_ws/install/cartesian_impedance_control/include/cartesian_impedance_control/cartesian_impedance_controller.hpp
[27.747s] -- Up-to-date: /home/simi/franka_ros2_ws/install/cartesian_impedance_control/share/cartesian_impedance_control/launch
[27.747s] -- Up-to-date: /home/simi/franka_ros2_ws/install/cartesian_impedance_control/share/cartesian_impedance_control/launch/controllers.yaml
[27.747s] -- Up-to-date: /home/simi/franka_ros2_ws/install/cartesian_impedance_control/share/cartesian_impedance_control/launch/__pycache__
[27.747s] -- Up-to-date: /home/simi/franka_ros2_ws/install/cartesian_impedance_control/share/cartesian_impedance_control/launch/__pycache__/cartesian_impedance_controller.launch.cpython-310.pyc
[27.747s] -- Up-to-date: /home/simi/franka_ros2_ws/install/cartesian_impedance_control/share/cartesian_impedance_control/launch/cartesian_impedance_controller.launch.py
[27.747s] -- Up-to-date: /home/simi/franka_ros2_ws/install/cartesian_impedance_control/share/cartesian_impedance_control/environment/library_path.sh
[27.747s] -- Up-to-date: /home/simi/franka_ros2_ws/install/cartesian_impedance_control/share/cartesian_impedance_control/environment/library_path.dsv
[27.748s] -- Up-to-date: /home/simi/franka_ros2_ws/install/cartesian_impedance_control/share/ament_index/resource_index/package_run_dependencies/cartesian_impedance_control
[27.748s] -- Up-to-date: /home/simi/franka_ros2_ws/install/cartesian_impedance_control/share/ament_index/resource_index/parent_prefix_path/cartesian_impedance_control
[27.748s] -- Up-to-date: /home/simi/franka_ros2_ws/install/cartesian_impedance_control/share/cartesian_impedance_control/environment/ament_prefix_path.sh
[27.748s] -- Up-to-date: /home/simi/franka_ros2_ws/install/cartesian_impedance_control/share/cartesian_impedance_control/environment/ament_prefix_path.dsv
[27.748s] -- Up-to-date: /home/simi/franka_ros2_ws/install/cartesian_impedance_control/share/cartesian_impedance_control/environment/path.sh
[27.748s] -- Up-to-date: /home/simi/franka_ros2_ws/install/cartesian_impedance_control/share/cartesian_impedance_control/environment/path.dsv
[27.748s] -- Up-to-date: /home/simi/franka_ros2_ws/install/cartesian_impedance_control/share/cartesian_impedance_control/local_setup.bash
[27.748s] -- Up-to-date: /home/simi/franka_ros2_ws/install/cartesian_impedance_control/share/cartesian_impedance_control/local_setup.sh
[27.748s] -- Up-to-date: /home/simi/franka_ros2_ws/install/cartesian_impedance_control/share/cartesian_impedance_control/local_setup.zsh
[27.748s] -- Up-to-date: /home/simi/franka_ros2_ws/install/cartesian_impedance_control/share/cartesian_impedance_control/local_setup.dsv
[27.748s] -- Installing: /home/simi/franka_ros2_ws/install/cartesian_impedance_control/share/cartesian_impedance_control/package.dsv
[27.748s] -- Up-to-date: /home/simi/franka_ros2_ws/install/cartesian_impedance_control/share/ament_index/resource_index/packages/cartesian_impedance_control
[27.748s] -- Up-to-date: /home/simi/franka_ros2_ws/install/cartesian_impedance_control/share/ament_index/resource_index/controller_interface__pluginlib__plugin/cartesian_impedance_control
[27.748s] -- Up-to-date: /home/simi/franka_ros2_ws/install/cartesian_impedance_control/share/cartesian_impedance_control/cmake/ament_cmake_export_include_directories-extras.cmake
[27.748s] -- Up-to-date: /home/simi/franka_ros2_ws/install/cartesian_impedance_control/share/cartesian_impedance_control/cmake/ament_cmake_export_libraries-extras.cmake
[27.748s] -- Up-to-date: /home/simi/franka_ros2_ws/install/cartesian_impedance_control/share/cartesian_impedance_control/cmake/ament_cmake_export_dependencies-extras.cmake
[27.749s] -- Up-to-date: /home/simi/franka_ros2_ws/install/cartesian_impedance_control/share/cartesian_impedance_control/cmake/cartesian_impedance_controlConfig.cmake
[27.749s] -- Up-to-date: /home/simi/franka_ros2_ws/install/cartesian_impedance_control/share/cartesian_impedance_control/cmake/cartesian_impedance_controlConfig-version.cmake
[27.749s] -- Up-to-date: /home/simi/franka_ros2_ws/install/cartesian_impedance_control/share/cartesian_impedance_control/package.xml
[27.750s] Invoked command in '/home/simi/franka_ros2_ws/build/cartesian_impedance_control' returned '0': AMENT_PREFIX_PATH=/home/simi/franka_ros2_ws/install/franka_robot_state_broadcaster:/home/simi/franka_ros2_ws/install/franka_semantic_components:/home/simi/franka_ros2_ws/install/franka_hardware:/home/simi/franka_ros2_ws/install/messages_fr3:/home/simi/franka_ros2_ws/install/franka_msgs:/home/simi/franka_ros2_ws/install/franka_description:${AMENT_PREFIX_PATH} CMAKE_PREFIX_PATH=/home/simi/franka_ros2_ws/install/franka_robot_state_broadcaster:/home/simi/franka_ros2_ws/install/franka_semantic_components:/home/simi/franka_ros2_ws/install/franka_hardware:/home/simi/franka_ros2_ws/install/messages_fr3:/home/simi/franka_ros2_ws/install/franka_msgs:/home/simi/franka_ros2_ws/install/franka_description:/opt/ros/humble LD_LIBRARY_PATH=/home/simi/franka_ros2_ws/install/franka_robot_state_broadcaster/lib:/home/simi/franka_ros2_ws/install/franka_semantic_components/lib:/home/simi/franka_ros2_ws/install/franka_hardware/lib:/home/simi/franka_ros2_ws/install/messages_fr3/lib:/home/simi/franka_ros2_ws/install/franka_msgs/lib:${LD_LIBRARY_PATH} PYTHONPATH=/home/simi/franka_ros2_ws/install/messages_fr3/local/lib/python3.10/dist-packages:/home/simi/franka_ros2_ws/install/franka_msgs/local/lib/python3.10/dist-packages:${PYTHONPATH} /usr/bin/cmake --install /home/simi/franka_ros2_ws/build/cartesian_impedance_control
