[0.017s] Invoking command in '/home/simi/franka_ros2_ws/build/franka_gripper': AMENT_PREFIX_PATH=/home/simi/franka_ros2_ws/install/franka_msgs:${AMENT_PREFIX_PATH} CMAKE_PREFIX_PATH=/home/simi/franka_ros2_ws/install/franka_msgs:/home/simi/Documents/Bachelor_Arbeit/BA_Force_Control/install/joint_trajectory_controller:/home/simi/Documents/Bachelor_Arbeit/BA_Force_Control/install/integration_launch_testing:/home/simi/Documents/Bachelor_Arbeit/BA_Force_Control/install/franka_bringup:/home/simi/Documents/Bachelor_Arbeit/BA_Force_Control/install/franka_robot_state_broadcaster:/home/simi/Documents/Bachelor_Arbeit/BA_Force_Control/install/franka_example_controllers:/home/simi/Documents/Bachelor_Arbeit/BA_Force_Control/install/franka_semantic_components:/home/simi/Documents/Bachelor_Arbeit/BA_Force_Control/install/franka_moveit_config:/home/simi/Documents/Bachelor_Arbeit/BA_Force_Control/install/franka_hardware:/home/simi/Documents/Bachelor_Arbeit/BA_Force_Control/install/franka_gripper:/home/simi/Documents/Bachelor_Arbeit/BA_Force_Control/install/franka_msgs:/home/simi/Documents/Bachelor_Arbeit/BA_Force_Control/install/franka_description:/opt/ros/humble LD_LIBRARY_PATH=/home/simi/franka_ros2_ws/install/franka_msgs/lib:${LD_LIBRARY_PATH} PYTHONPATH=/home/simi/franka_ros2_ws/install/franka_msgs/local/lib/python3.10/dist-packages:${PYTHONPATH} /usr/bin/cmake /home/simi/franka_ros2_ws/src/franka_ros2/franka_gripper -DCMAKE_INSTALL_PREFIX=/home/simi/franka_ros2_ws/install/franka_gripper
[0.033s] -- Found ament_cmake: 1.3.8 (/opt/ros/humble/share/ament_cmake/cmake)
[0.153s] -- Found franka_msgs: 0.1.13 (/home/simi/franka_ros2_ws/install/franka_msgs/share/franka_msgs/cmake)
[0.177s] -- Found rosidl_generator_c: 3.1.5 (/opt/ros/humble/share/rosidl_generator_c/cmake)
[0.179s] -- Found rosidl_adapter: 3.1.5 (/opt/ros/humble/share/rosidl_adapter/cmake)
[0.184s] -- Found rosidl_generator_cpp: 3.1.5 (/opt/ros/humble/share/rosidl_generator_cpp/cmake)
[0.195s] -- Using all available rosidl_typesupport_c: rosidl_typesupport_fastrtps_c;rosidl_typesupport_introspection_c
[0.209s] -- Using all available rosidl_typesupport_cpp: rosidl_typesupport_fastrtps_cpp;rosidl_typesupport_introspection_cpp
[0.489s] -- Found rclcpp: 16.0.8 (/opt/ros/humble/share/rclcpp/cmake)
[0.529s] -- Found rmw_implementation_cmake: 6.1.1 (/opt/ros/humble/share/rmw_implementation_cmake/cmake)
[0.531s] -- Found rmw_fastrtps_cpp: 6.2.6 (/opt/ros/humble/share/rmw_fastrtps_cpp/cmake)
[0.673s] -- Using RMW implementation 'rmw_fastrtps_cpp' as default
[0.782s] -- Found rclcpp_action: 16.0.8 (/opt/ros/humble/share/rclcpp_action/cmake)
[0.805s] -- Found rclcpp_components: 16.0.8 (/opt/ros/humble/share/rclcpp_components/cmake)
[0.855s] -- Found std_srvs: 4.2.3 (/opt/ros/humble/share/std_srvs/cmake)
[0.869s] -- Found control_msgs: 4.4.0 (/opt/ros/humble/share/control_msgs/cmake)
[1.180s] -- Found ament_cmake_clang_format: 0.12.10 (/opt/ros/humble/share/ament_cmake_clang_format/cmake)
[1.181s] -- Found ament_cmake_copyright: 0.12.10 (/opt/ros/humble/share/ament_cmake_copyright/cmake)
[1.181s] -- Found ament_cmake_cppcheck: 0.12.10 (/opt/ros/humble/share/ament_cmake_cppcheck/cmake)
[1.182s] -- Found ament_cmake_flake8: 0.12.10 (/opt/ros/humble/share/ament_cmake_flake8/cmake)
[1.182s] -- Found ament_cmake_lint_cmake: 0.12.10 (/opt/ros/humble/share/ament_cmake_lint_cmake/cmake)
[1.183s] -- Found ament_cmake_pep257: 0.12.10 (/opt/ros/humble/share/ament_cmake_pep257/cmake)
[1.183s] -- Found ament_cmake_xmllint: 0.12.10 (/opt/ros/humble/share/ament_cmake_xmllint/cmake)
[1.245s] -- Configuring done
[1.267s] -- Generating done
[1.269s] -- Build files have been written to: /home/simi/franka_ros2_ws/build/franka_gripper
[1.278s] Invoked command in '/home/simi/franka_ros2_ws/build/franka_gripper' returned '0': AMENT_PREFIX_PATH=/home/simi/franka_ros2_ws/install/franka_msgs:${AMENT_PREFIX_PATH} CMAKE_PREFIX_PATH=/home/simi/franka_ros2_ws/install/franka_msgs:/home/simi/Documents/Bachelor_Arbeit/BA_Force_Control/install/joint_trajectory_controller:/home/simi/Documents/Bachelor_Arbeit/BA_Force_Control/install/integration_launch_testing:/home/simi/Documents/Bachelor_Arbeit/BA_Force_Control/install/franka_bringup:/home/simi/Documents/Bachelor_Arbeit/BA_Force_Control/install/franka_robot_state_broadcaster:/home/simi/Documents/Bachelor_Arbeit/BA_Force_Control/install/franka_example_controllers:/home/simi/Documents/Bachelor_Arbeit/BA_Force_Control/install/franka_semantic_components:/home/simi/Documents/Bachelor_Arbeit/BA_Force_Control/install/franka_moveit_config:/home/simi/Documents/Bachelor_Arbeit/BA_Force_Control/install/franka_hardware:/home/simi/Documents/Bachelor_Arbeit/BA_Force_Control/install/franka_gripper:/home/simi/Documents/Bachelor_Arbeit/BA_Force_Control/install/franka_msgs:/home/simi/Documents/Bachelor_Arbeit/BA_Force_Control/install/franka_description:/opt/ros/humble LD_LIBRARY_PATH=/home/simi/franka_ros2_ws/install/franka_msgs/lib:${LD_LIBRARY_PATH} PYTHONPATH=/home/simi/franka_ros2_ws/install/franka_msgs/local/lib/python3.10/dist-packages:${PYTHONPATH} /usr/bin/cmake /home/simi/franka_ros2_ws/src/franka_ros2/franka_gripper -DCMAKE_INSTALL_PREFIX=/home/simi/franka_ros2_ws/install/franka_gripper
[1.281s] Invoking command in '/home/simi/franka_ros2_ws/build/franka_gripper': AMENT_PREFIX_PATH=/home/simi/franka_ros2_ws/install/franka_msgs:${AMENT_PREFIX_PATH} CMAKE_PREFIX_PATH=/home/simi/franka_ros2_ws/install/franka_msgs:/home/simi/Documents/Bachelor_Arbeit/BA_Force_Control/install/joint_trajectory_controller:/home/simi/Documents/Bachelor_Arbeit/BA_Force_Control/install/integration_launch_testing:/home/simi/Documents/Bachelor_Arbeit/BA_Force_Control/install/franka_bringup:/home/simi/Documents/Bachelor_Arbeit/BA_Force_Control/install/franka_robot_state_broadcaster:/home/simi/Documents/Bachelor_Arbeit/BA_Force_Control/install/franka_example_controllers:/home/simi/Documents/Bachelor_Arbeit/BA_Force_Control/install/franka_semantic_components:/home/simi/Documents/Bachelor_Arbeit/BA_Force_Control/install/franka_moveit_config:/home/simi/Documents/Bachelor_Arbeit/BA_Force_Control/install/franka_hardware:/home/simi/Documents/Bachelor_Arbeit/BA_Force_Control/install/franka_gripper:/home/simi/Documents/Bachelor_Arbeit/BA_Force_Control/install/franka_msgs:/home/simi/Documents/Bachelor_Arbeit/BA_Force_Control/install/franka_description:/opt/ros/humble LD_LIBRARY_PATH=/home/simi/franka_ros2_ws/install/franka_msgs/lib:${LD_LIBRARY_PATH} PYTHONPATH=/home/simi/franka_ros2_ws/install/franka_msgs/local/lib/python3.10/dist-packages:${PYTHONPATH} /usr/bin/cmake --build /home/simi/franka_ros2_ws/build/franka_gripper -- -j16 -l16
[1.341s] [35m[1mConsolidate compiler generated dependencies of target gripper_server[0m
[1.341s] [35m[1mConsolidate compiler generated dependencies of target franka_gripper_node[0m
[1.366s] [  0%] Built target ament_cmake_python_copy_franka_gripper
[1.366s] [ 75%] Built target franka_gripper_node
[1.367s] [100%] Built target gripper_server
[1.586s] running egg_info
[1.586s] writing franka_gripper.egg-info/PKG-INFO
[1.587s] writing dependency_links to franka_gripper.egg-info/dependency_links.txt
[1.587s] writing top-level names to franka_gripper.egg-info/top_level.txt
[1.588s] reading manifest file 'franka_gripper.egg-info/SOURCES.txt'
[1.598s] writing manifest file 'franka_gripper.egg-info/SOURCES.txt'
[1.632s] [100%] Built target ament_cmake_python_build_franka_gripper_egg
[1.649s] Invoked command in '/home/simi/franka_ros2_ws/build/franka_gripper' returned '0': AMENT_PREFIX_PATH=/home/simi/franka_ros2_ws/install/franka_msgs:${AMENT_PREFIX_PATH} CMAKE_PREFIX_PATH=/home/simi/franka_ros2_ws/install/franka_msgs:/home/simi/Documents/Bachelor_Arbeit/BA_Force_Control/install/joint_trajectory_controller:/home/simi/Documents/Bachelor_Arbeit/BA_Force_Control/install/integration_launch_testing:/home/simi/Documents/Bachelor_Arbeit/BA_Force_Control/install/franka_bringup:/home/simi/Documents/Bachelor_Arbeit/BA_Force_Control/install/franka_robot_state_broadcaster:/home/simi/Documents/Bachelor_Arbeit/BA_Force_Control/install/franka_example_controllers:/home/simi/Documents/Bachelor_Arbeit/BA_Force_Control/install/franka_semantic_components:/home/simi/Documents/Bachelor_Arbeit/BA_Force_Control/install/franka_moveit_config:/home/simi/Documents/Bachelor_Arbeit/BA_Force_Control/install/franka_hardware:/home/simi/Documents/Bachelor_Arbeit/BA_Force_Control/install/franka_gripper:/home/simi/Documents/Bachelor_Arbeit/BA_Force_Control/install/franka_msgs:/home/simi/Documents/Bachelor_Arbeit/BA_Force_Control/install/franka_description:/opt/ros/humble LD_LIBRARY_PATH=/home/simi/franka_ros2_ws/install/franka_msgs/lib:${LD_LIBRARY_PATH} PYTHONPATH=/home/simi/franka_ros2_ws/install/franka_msgs/local/lib/python3.10/dist-packages:${PYTHONPATH} /usr/bin/cmake --build /home/simi/franka_ros2_ws/build/franka_gripper -- -j16 -l16
[1.722s] Invoking command in '/home/simi/franka_ros2_ws/build/franka_gripper': AMENT_PREFIX_PATH=/home/simi/franka_ros2_ws/install/franka_msgs:${AMENT_PREFIX_PATH} CMAKE_PREFIX_PATH=/home/simi/franka_ros2_ws/install/franka_msgs:/home/simi/Documents/Bachelor_Arbeit/BA_Force_Control/install/joint_trajectory_controller:/home/simi/Documents/Bachelor_Arbeit/BA_Force_Control/install/integration_launch_testing:/home/simi/Documents/Bachelor_Arbeit/BA_Force_Control/install/franka_bringup:/home/simi/Documents/Bachelor_Arbeit/BA_Force_Control/install/franka_robot_state_broadcaster:/home/simi/Documents/Bachelor_Arbeit/BA_Force_Control/install/franka_example_controllers:/home/simi/Documents/Bachelor_Arbeit/BA_Force_Control/install/franka_semantic_components:/home/simi/Documents/Bachelor_Arbeit/BA_Force_Control/install/franka_moveit_config:/home/simi/Documents/Bachelor_Arbeit/BA_Force_Control/install/franka_hardware:/home/simi/Documents/Bachelor_Arbeit/BA_Force_Control/install/franka_gripper:/home/simi/Documents/Bachelor_Arbeit/BA_Force_Control/install/franka_msgs:/home/simi/Documents/Bachelor_Arbeit/BA_Force_Control/install/franka_description:/opt/ros/humble LD_LIBRARY_PATH=/home/simi/franka_ros2_ws/install/franka_msgs/lib:${LD_LIBRARY_PATH} PYTHONPATH=/home/simi/franka_ros2_ws/install/franka_msgs/local/lib/python3.10/dist-packages:${PYTHONPATH} /usr/bin/cmake --install /home/simi/franka_ros2_ws/build/franka_gripper
[1.732s] -- Install configuration: "Release"
[1.744s] -- Up-to-date: /home/simi/franka_ros2_ws/install/franka_gripper/lib/franka_gripper/franka_gripper_node
[1.745s] -- Up-to-date: /home/simi/franka_ros2_ws/install/franka_gripper/lib/libgripper_server.so
[1.746s] -- Up-to-date: /home/simi/franka_ros2_ws/install/franka_gripper/share/franka_gripper//launch
[1.746s] -- Up-to-date: /home/simi/franka_ros2_ws/install/franka_gripper/share/franka_gripper//launch/gripper.launch.py
[1.746s] -- Up-to-date: /home/simi/franka_ros2_ws/install/franka_gripper/share/franka_gripper//config
[1.747s] -- Up-to-date: /home/simi/franka_ros2_ws/install/franka_gripper/share/franka_gripper//config/franka_gripper_node.yaml
[1.747s] -- Up-to-date: /home/simi/franka_ros2_ws/install/franka_gripper/share/franka_gripper/environment/pythonpath.sh
[1.747s] -- Installing: /home/simi/franka_ros2_ws/install/franka_gripper/share/franka_gripper/environment/pythonpath.dsv
[1.747s] -- Up-to-date: /home/simi/franka_ros2_ws/install/franka_gripper/local/lib/python3.10/dist-packages/franka_gripper-0.1.13-py3.10.egg-info
[1.747s] -- Installing: /home/simi/franka_ros2_ws/install/franka_gripper/local/lib/python3.10/dist-packages/franka_gripper-0.1.13-py3.10.egg-info/dependency_links.txt
[1.748s] -- Installing: /home/simi/franka_ros2_ws/install/franka_gripper/local/lib/python3.10/dist-packages/franka_gripper-0.1.13-py3.10.egg-info/top_level.txt
[1.748s] -- Installing: /home/simi/franka_ros2_ws/install/franka_gripper/local/lib/python3.10/dist-packages/franka_gripper-0.1.13-py3.10.egg-info/PKG-INFO
[1.748s] -- Installing: /home/simi/franka_ros2_ws/install/franka_gripper/local/lib/python3.10/dist-packages/franka_gripper-0.1.13-py3.10.egg-info/SOURCES.txt
[1.748s] -- Up-to-date: /home/simi/franka_ros2_ws/install/franka_gripper/local/lib/python3.10/dist-packages/franka_gripper
[1.748s] -- Up-to-date: /home/simi/franka_ros2_ws/install/franka_gripper/local/lib/python3.10/dist-packages/franka_gripper/__init__.py
[1.776s] Listing '/home/simi/franka_ros2_ws/install/franka_gripper/local/lib/python3.10/dist-packages/franka_gripper'...
[1.780s] -- Up-to-date: /home/simi/franka_ros2_ws/install/franka_gripper/lib/franka_gripper/fake_gripper_state_publisher.py
[1.780s] -- Up-to-date: /home/simi/franka_ros2_ws/install/franka_gripper/share/ament_index/resource_index/package_run_dependencies/franka_gripper
[1.780s] -- Installing: /home/simi/franka_ros2_ws/install/franka_gripper/share/ament_index/resource_index/parent_prefix_path/franka_gripper
[1.781s] -- Up-to-date: /home/simi/franka_ros2_ws/install/franka_gripper/share/franka_gripper/environment/ament_prefix_path.sh
[1.781s] -- Installing: /home/simi/franka_ros2_ws/install/franka_gripper/share/franka_gripper/environment/ament_prefix_path.dsv
[1.781s] -- Up-to-date: /home/simi/franka_ros2_ws/install/franka_gripper/share/franka_gripper/environment/path.sh
[1.782s] -- Installing: /home/simi/franka_ros2_ws/install/franka_gripper/share/franka_gripper/environment/path.dsv
[1.782s] -- Up-to-date: /home/simi/franka_ros2_ws/install/franka_gripper/share/franka_gripper/local_setup.bash
[1.782s] -- Up-to-date: /home/simi/franka_ros2_ws/install/franka_gripper/share/franka_gripper/local_setup.sh
[1.782s] -- Up-to-date: /home/simi/franka_ros2_ws/install/franka_gripper/share/franka_gripper/local_setup.zsh
[1.782s] -- Installing: /home/simi/franka_ros2_ws/install/franka_gripper/share/franka_gripper/local_setup.dsv
[1.782s] -- Installing: /home/simi/franka_ros2_ws/install/franka_gripper/share/franka_gripper/package.dsv
[1.782s] -- Up-to-date: /home/simi/franka_ros2_ws/install/franka_gripper/share/ament_index/resource_index/packages/franka_gripper
[1.782s] -- Up-to-date: /home/simi/franka_ros2_ws/install/franka_gripper/share/ament_index/resource_index/rclcpp_components/franka_gripper
[1.782s] -- Up-to-date: /home/simi/franka_ros2_ws/install/franka_gripper/share/franka_gripper/cmake/franka_gripperConfig.cmake
[1.782s] -- Up-to-date: /home/simi/franka_ros2_ws/install/franka_gripper/share/franka_gripper/cmake/franka_gripperConfig-version.cmake
[1.783s] -- Up-to-date: /home/simi/franka_ros2_ws/install/franka_gripper/share/franka_gripper/package.xml
[1.785s] Invoked command in '/home/simi/franka_ros2_ws/build/franka_gripper' returned '0': AMENT_PREFIX_PATH=/home/simi/franka_ros2_ws/install/franka_msgs:${AMENT_PREFIX_PATH} CMAKE_PREFIX_PATH=/home/simi/franka_ros2_ws/install/franka_msgs:/home/simi/Documents/Bachelor_Arbeit/BA_Force_Control/install/joint_trajectory_controller:/home/simi/Documents/Bachelor_Arbeit/BA_Force_Control/install/integration_launch_testing:/home/simi/Documents/Bachelor_Arbeit/BA_Force_Control/install/franka_bringup:/home/simi/Documents/Bachelor_Arbeit/BA_Force_Control/install/franka_robot_state_broadcaster:/home/simi/Documents/Bachelor_Arbeit/BA_Force_Control/install/franka_example_controllers:/home/simi/Documents/Bachelor_Arbeit/BA_Force_Control/install/franka_semantic_components:/home/simi/Documents/Bachelor_Arbeit/BA_Force_Control/install/franka_moveit_config:/home/simi/Documents/Bachelor_Arbeit/BA_Force_Control/install/franka_hardware:/home/simi/Documents/Bachelor_Arbeit/BA_Force_Control/install/franka_gripper:/home/simi/Documents/Bachelor_Arbeit/BA_Force_Control/install/franka_msgs:/home/simi/Documents/Bachelor_Arbeit/BA_Force_Control/install/franka_description:/opt/ros/humble LD_LIBRARY_PATH=/home/simi/franka_ros2_ws/install/franka_msgs/lib:${LD_LIBRARY_PATH} PYTHONPATH=/home/simi/franka_ros2_ws/install/franka_msgs/local/lib/python3.10/dist-packages:${PYTHONPATH} /usr/bin/cmake --install /home/simi/franka_ros2_ws/build/franka_gripper
