[0.035s] Invoking command in '/home/simi/franka_ros2_ws/build/cartesian_impedance_control': CMAKE_PREFIX_PATH=/home/simi/franka_ros2_ws/install/franka_robot_state_broadcaster:/home/simi/franka_ros2_ws/install/franka_semantic_components:/home/simi/franka_ros2_ws/install/franka_hardware:/home/simi/franka_ros2_ws/install/messages_fr3:/home/simi/franka_ros2_ws/install/franka_msgs:/home/simi/franka_ros2_ws/install/franka_description:/home/simi/franka_ros2_ws/install/cartesian_impedance_control:/home/simi/franka_ros2_ws/install/joint_trajectory_controller:/home/simi/franka_ros2_ws/install/integration_launch_testing:/home/simi/franka_ros2_ws/install/franka_bringup:/home/simi/franka_ros2_ws/install/franka_example_controllers:/home/simi/franka_ros2_ws/install/franka_moveit_config:/home/simi/franka_ros2_ws/install/franka_gripper:/home/simi/franka_ros2_ws/install/realtime_plot_of_data:/opt/ros/humble LD_LIBRARY_PATH=/home/simi/franka_ros2_ws/install/franka_robot_state_broadcaster/lib:/home/simi/franka_ros2_ws/install/franka_semantic_components/lib:/home/simi/franka_ros2_ws/install/franka_hardware/lib:/home/simi/franka_ros2_ws/install/messages_fr3/lib:/home/simi/franka_ros2_ws/install/franka_msgs/lib:/home/simi/franka_ros2_ws/install/cartesian_impedance_control/lib:/home/simi/franka_ros2_ws/install/joint_trajectory_controller/lib:/home/simi/franka_ros2_ws/install/integration_launch_testing/lib:/home/simi/franka_ros2_ws/install/franka_example_controllers/lib:/home/simi/franka_ros2_ws/install/franka_gripper/lib:/opt/ros/humble/opt/rviz_ogre_vendor/lib:/opt/ros/humble/lib/x86_64-linux-gnu:/opt/ros/humble/lib /usr/bin/cmake --build /home/simi/franka_ros2_ws/build/cartesian_impedance_control -- -j16 -l16
[0.121s] [ 40%] Built target cartesian_impedance_control
[0.138s] [35m[1mConsolidate compiler generated dependencies of target gripper[0m
[0.138s] [35m[1mConsolidate compiler generated dependencies of target user_input_client[0m
[0.158s] [ 60%] Built target force_control_client
[0.166s] [ 70%] [32mBuilding CXX object CMakeFiles/gripper.dir/src/gripper.cpp.o[0m
[0.167s] [ 90%] Built target user_input_client
[8.488s] [100%] [32m[1mLinking CXX executable gripper[0m
[8.769s] [100%] Built target gripper
[8.786s] Invoked command in '/home/simi/franka_ros2_ws/build/cartesian_impedance_control' returned '0': CMAKE_PREFIX_PATH=/home/simi/franka_ros2_ws/install/franka_robot_state_broadcaster:/home/simi/franka_ros2_ws/install/franka_semantic_components:/home/simi/franka_ros2_ws/install/franka_hardware:/home/simi/franka_ros2_ws/install/messages_fr3:/home/simi/franka_ros2_ws/install/franka_msgs:/home/simi/franka_ros2_ws/install/franka_description:/home/simi/franka_ros2_ws/install/cartesian_impedance_control:/home/simi/franka_ros2_ws/install/joint_trajectory_controller:/home/simi/franka_ros2_ws/install/integration_launch_testing:/home/simi/franka_ros2_ws/install/franka_bringup:/home/simi/franka_ros2_ws/install/franka_example_controllers:/home/simi/franka_ros2_ws/install/franka_moveit_config:/home/simi/franka_ros2_ws/install/franka_gripper:/home/simi/franka_ros2_ws/install/realtime_plot_of_data:/opt/ros/humble LD_LIBRARY_PATH=/home/simi/franka_ros2_ws/install/franka_robot_state_broadcaster/lib:/home/simi/franka_ros2_ws/install/franka_semantic_components/lib:/home/simi/franka_ros2_ws/install/franka_hardware/lib:/home/simi/franka_ros2_ws/install/messages_fr3/lib:/home/simi/franka_ros2_ws/install/franka_msgs/lib:/home/simi/franka_ros2_ws/install/cartesian_impedance_control/lib:/home/simi/franka_ros2_ws/install/joint_trajectory_controller/lib:/home/simi/franka_ros2_ws/install/integration_launch_testing/lib:/home/simi/franka_ros2_ws/install/franka_example_controllers/lib:/home/simi/franka_ros2_ws/install/franka_gripper/lib:/opt/ros/humble/opt/rviz_ogre_vendor/lib:/opt/ros/humble/lib/x86_64-linux-gnu:/opt/ros/humble/lib /usr/bin/cmake --build /home/simi/franka_ros2_ws/build/cartesian_impedance_control -- -j16 -l16
[8.879s] Invoking command in '/home/simi/franka_ros2_ws/build/cartesian_impedance_control': CMAKE_PREFIX_PATH=/home/simi/franka_ros2_ws/install/franka_robot_state_broadcaster:/home/simi/franka_ros2_ws/install/franka_semantic_components:/home/simi/franka_ros2_ws/install/franka_hardware:/home/simi/franka_ros2_ws/install/messages_fr3:/home/simi/franka_ros2_ws/install/franka_msgs:/home/simi/franka_ros2_ws/install/franka_description:/home/simi/franka_ros2_ws/install/cartesian_impedance_control:/home/simi/franka_ros2_ws/install/joint_trajectory_controller:/home/simi/franka_ros2_ws/install/integration_launch_testing:/home/simi/franka_ros2_ws/install/franka_bringup:/home/simi/franka_ros2_ws/install/franka_example_controllers:/home/simi/franka_ros2_ws/install/franka_moveit_config:/home/simi/franka_ros2_ws/install/franka_gripper:/home/simi/franka_ros2_ws/install/realtime_plot_of_data:/opt/ros/humble LD_LIBRARY_PATH=/home/simi/franka_ros2_ws/install/franka_robot_state_broadcaster/lib:/home/simi/franka_ros2_ws/install/franka_semantic_components/lib:/home/simi/franka_ros2_ws/install/franka_hardware/lib:/home/simi/franka_ros2_ws/install/messages_fr3/lib:/home/simi/franka_ros2_ws/install/franka_msgs/lib:/home/simi/franka_ros2_ws/install/cartesian_impedance_control/lib:/home/simi/franka_ros2_ws/install/joint_trajectory_controller/lib:/home/simi/franka_ros2_ws/install/integration_launch_testing/lib:/home/simi/franka_ros2_ws/install/franka_example_controllers/lib:/home/simi/franka_ros2_ws/install/franka_gripper/lib:/opt/ros/humble/opt/rviz_ogre_vendor/lib:/opt/ros/humble/lib/x86_64-linux-gnu:/opt/ros/humble/lib /usr/bin/cmake --install /home/simi/franka_ros2_ws/build/cartesian_impedance_control
[8.889s] -- Install configuration: "Release"
[8.889s] -- Up-to-date: /home/simi/franka_ros2_ws/install/cartesian_impedance_control/share/cartesian_impedance_control/cartesian_impedance_control.xml
[8.890s] -- Up-to-date: /home/simi/franka_ros2_ws/install/cartesian_impedance_control/lib/cartesian_impedance_control/user_input_client
[8.890s] -- Up-to-date: /home/simi/franka_ros2_ws/install/cartesian_impedance_control/lib/cartesian_impedance_control/force_control_client
[8.890s] -- Installing: /home/simi/franka_ros2_ws/install/cartesian_impedance_control/lib/cartesian_impedance_control/gripper
[8.892s] -- Set runtime path of "/home/simi/franka_ros2_ws/install/cartesian_impedance_control/lib/cartesian_impedance_control/gripper" to ""
[8.892s] -- Up-to-date: /home/simi/franka_ros2_ws/install/cartesian_impedance_control/lib/libcartesian_impedance_control.so
[8.893s] -- Up-to-date: /home/simi/franka_ros2_ws/install/cartesian_impedance_control/include
[8.893s] -- Up-to-date: /home/simi/franka_ros2_ws/install/cartesian_impedance_control/include/cartesian_impedance_control
[8.893s] -- Up-to-date: /home/simi/franka_ros2_ws/install/cartesian_impedance_control/include/cartesian_impedance_control/user_input_server.hpp
[8.893s] -- Up-to-date: /home/simi/franka_ros2_ws/install/cartesian_impedance_control/include/cartesian_impedance_control/force_control_server.hpp
[8.893s] -- Up-to-date: /home/simi/franka_ros2_ws/install/cartesian_impedance_control/include/cartesian_impedance_control/cartesian_impedance_controller.hpp
[8.893s] -- Up-to-date: /home/simi/franka_ros2_ws/install/cartesian_impedance_control/share/cartesian_impedance_control/launch
[8.893s] -- Up-to-date: /home/simi/franka_ros2_ws/install/cartesian_impedance_control/share/cartesian_impedance_control/launch/controllers.yaml
[8.894s] -- Up-to-date: /home/simi/franka_ros2_ws/install/cartesian_impedance_control/share/cartesian_impedance_control/launch/__pycache__
[8.894s] -- Installing: /home/simi/franka_ros2_ws/install/cartesian_impedance_control/share/cartesian_impedance_control/launch/__pycache__/cartesian_impedance_controller.launch.cpython-310.pyc
[8.894s] -- Up-to-date: /home/simi/franka_ros2_ws/install/cartesian_impedance_control/share/cartesian_impedance_control/launch/cartesian_impedance_controller.launch.py
[8.894s] -- Up-to-date: /home/simi/franka_ros2_ws/install/cartesian_impedance_control/share/cartesian_impedance_control/environment/library_path.sh
[8.894s] -- Up-to-date: /home/simi/franka_ros2_ws/install/cartesian_impedance_control/share/cartesian_impedance_control/environment/library_path.dsv
[8.894s] -- Up-to-date: /home/simi/franka_ros2_ws/install/cartesian_impedance_control/share/ament_index/resource_index/package_run_dependencies/cartesian_impedance_control
[8.894s] -- Up-to-date: /home/simi/franka_ros2_ws/install/cartesian_impedance_control/share/ament_index/resource_index/parent_prefix_path/cartesian_impedance_control
[8.894s] -- Up-to-date: /home/simi/franka_ros2_ws/install/cartesian_impedance_control/share/cartesian_impedance_control/environment/ament_prefix_path.sh
[8.894s] -- Up-to-date: /home/simi/franka_ros2_ws/install/cartesian_impedance_control/share/cartesian_impedance_control/environment/ament_prefix_path.dsv
[8.895s] -- Up-to-date: /home/simi/franka_ros2_ws/install/cartesian_impedance_control/share/cartesian_impedance_control/environment/path.sh
[8.895s] -- Up-to-date: /home/simi/franka_ros2_ws/install/cartesian_impedance_control/share/cartesian_impedance_control/environment/path.dsv
[8.895s] -- Up-to-date: /home/simi/franka_ros2_ws/install/cartesian_impedance_control/share/cartesian_impedance_control/local_setup.bash
[8.895s] -- Up-to-date: /home/simi/franka_ros2_ws/install/cartesian_impedance_control/share/cartesian_impedance_control/local_setup.sh
[8.895s] -- Up-to-date: /home/simi/franka_ros2_ws/install/cartesian_impedance_control/share/cartesian_impedance_control/local_setup.zsh
[8.895s] -- Up-to-date: /home/simi/franka_ros2_ws/install/cartesian_impedance_control/share/cartesian_impedance_control/local_setup.dsv
[8.895s] -- Installing: /home/simi/franka_ros2_ws/install/cartesian_impedance_control/share/cartesian_impedance_control/package.dsv
[8.895s] -- Up-to-date: /home/simi/franka_ros2_ws/install/cartesian_impedance_control/share/ament_index/resource_index/packages/cartesian_impedance_control
[8.895s] -- Up-to-date: /home/simi/franka_ros2_ws/install/cartesian_impedance_control/share/ament_index/resource_index/controller_interface__pluginlib__plugin/cartesian_impedance_control
[8.895s] -- Up-to-date: /home/simi/franka_ros2_ws/install/cartesian_impedance_control/share/cartesian_impedance_control/cmake/ament_cmake_export_include_directories-extras.cmake
[8.895s] -- Up-to-date: /home/simi/franka_ros2_ws/install/cartesian_impedance_control/share/cartesian_impedance_control/cmake/ament_cmake_export_libraries-extras.cmake
[8.895s] -- Up-to-date: /home/simi/franka_ros2_ws/install/cartesian_impedance_control/share/cartesian_impedance_control/cmake/ament_cmake_export_dependencies-extras.cmake
[8.895s] -- Up-to-date: /home/simi/franka_ros2_ws/install/cartesian_impedance_control/share/cartesian_impedance_control/cmake/cartesian_impedance_controlConfig.cmake
[8.896s] -- Up-to-date: /home/simi/franka_ros2_ws/install/cartesian_impedance_control/share/cartesian_impedance_control/cmake/cartesian_impedance_controlConfig-version.cmake
[8.896s] -- Up-to-date: /home/simi/franka_ros2_ws/install/cartesian_impedance_control/share/cartesian_impedance_control/package.xml
[8.897s] Invoked command in '/home/simi/franka_ros2_ws/build/cartesian_impedance_control' returned '0': CMAKE_PREFIX_PATH=/home/simi/franka_ros2_ws/install/franka_robot_state_broadcaster:/home/simi/franka_ros2_ws/install/franka_semantic_components:/home/simi/franka_ros2_ws/install/franka_hardware:/home/simi/franka_ros2_ws/install/messages_fr3:/home/simi/franka_ros2_ws/install/franka_msgs:/home/simi/franka_ros2_ws/install/franka_description:/home/simi/franka_ros2_ws/install/cartesian_impedance_control:/home/simi/franka_ros2_ws/install/joint_trajectory_controller:/home/simi/franka_ros2_ws/install/integration_launch_testing:/home/simi/franka_ros2_ws/install/franka_bringup:/home/simi/franka_ros2_ws/install/franka_example_controllers:/home/simi/franka_ros2_ws/install/franka_moveit_config:/home/simi/franka_ros2_ws/install/franka_gripper:/home/simi/franka_ros2_ws/install/realtime_plot_of_data:/opt/ros/humble LD_LIBRARY_PATH=/home/simi/franka_ros2_ws/install/franka_robot_state_broadcaster/lib:/home/simi/franka_ros2_ws/install/franka_semantic_components/lib:/home/simi/franka_ros2_ws/install/franka_hardware/lib:/home/simi/franka_ros2_ws/install/messages_fr3/lib:/home/simi/franka_ros2_ws/install/franka_msgs/lib:/home/simi/franka_ros2_ws/install/cartesian_impedance_control/lib:/home/simi/franka_ros2_ws/install/joint_trajectory_controller/lib:/home/simi/franka_ros2_ws/install/integration_launch_testing/lib:/home/simi/franka_ros2_ws/install/franka_example_controllers/lib:/home/simi/franka_ros2_ws/install/franka_gripper/lib:/opt/ros/humble/opt/rviz_ogre_vendor/lib:/opt/ros/humble/lib/x86_64-linux-gnu:/opt/ros/humble/lib /usr/bin/cmake --install /home/simi/franka_ros2_ws/build/cartesian_impedance_control
