[  6%] [32mBuilding CXX object gmock/CMakeFiles/gmock_main.dir/src/gmock_main.cc.o[0m
[ 12%] [32mBuilding CXX object gmock/CMakeFiles/gmock.dir/opt/ros/humble/src/gtest_vendor/src/gtest-all.cc.o[0m
[ 18%] [32mBuilding CXX object gmock/CMakeFiles/gmock.dir/src/gmock-all.cc.o[0m
[ 25%] [32mBuilding CXX object CMakeFiles/franka_hardware.dir/src/franka_hardware_interface.cpp.o[0m
[ 31%] [32mBuilding CXX object CMakeFiles/franka_hardware.dir/src/robot.cpp.o[0m
[ 37%] [32mBuilding CXX object CMakeFiles/franka_hardware.dir/src/franka_param_service_server.cpp.o[0m
[ 43%] [32mBuilding CXX object CMakeFiles/franka_hardware.dir/src/franka_executor.cpp.o[0m
[ 50%] [32m[1mLinking CXX static library libgmock_main.a[0m
[ 50%] Built target gmock_main
[ 56%] [32m[1mLinking CXX static library libgmock.a[0m
[ 56%] Built target gmock
[ 62%] [32m[1mLinking CXX shared library libfranka_hardware.so[0m
[ 62%] Built target franka_hardware
[ 75%] [32mBuilding CXX object test/CMakeFiles/franka_hardware_robot_test.dir/franka_robot_test.cpp.o[0m
[ 75%] [32mBuilding CXX object test/CMakeFiles/franka_hardware_test.dir/franka_hardware_interface_test.cpp.o[0m
[ 81%] [32mBuilding CXX object test/CMakeFiles/franka_hardware_command_interface_test.dir/franka_hardware_cartesian_command_interface_test.cpp.o[0m
In file included from [01m[K/opt/ros/humble/src/gtest_vendor/include/gtest/gtest.h:375[m[K,
                 from [01m[K/opt/ros/humble/src/gmock_vendor/include/gmock/internal/gmock-internal-utils.h:47[m[K,
                 from [01m[K/opt/ros/humble/src/gmock_vendor/include/gmock/gmock-actions.h:51[m[K,
                 from [01m[K/opt/ros/humble/src/gmock_vendor/include/gmock/gmock.h:59[m[K,
                 from [01m[K/home/simi/franka_ros2_ws/src/franka_ros2/franka_hardware/test/franka_hardware_interface_test.cpp:15[m[K:
[01m[K/home/simi/franka_ros2_ws/src/franka_ros2/franka_hardware/test/franka_hardware_interface_test.cpp:[m[K In member function ‘[01m[Kvirtual void FrankaHardwareInterfaceTest_given_that_the_robot_interfaces_are_set_when_call_export_state_interface_robot_model_interface_exists_Test::TestBody()[m[K’:
[01m[K/home/simi/franka_ros2_ws/src/franka_ros2/franka_hardware/test/franka_hardware_interface_test.cpp:227:16:[m[K [01;35m[Kwarning: [m[Kdereferencing type-punned pointer will break strict-aliasing rules [[01;35m[K]8;;https://gcc.gnu.org/onlinedocs/gcc/Warning-Options.html#index-Wstrict-aliasing-Wstrict-aliasing]8;;[m[K]
  227 |               *[01;35m[Kreinterpret_cast<double*>(&model_address)[m[K,
      |                [01;35m[K^~~~~~~~~~~~~~~~~~~~~~~~~~~~~~~~~~~~~~~~~[m[K
[01m[K/home/simi/franka_ros2_ws/src/franka_ros2/franka_hardware/test/franka_hardware_interface_test.cpp:[m[K In member function ‘[01m[Kvirtual void FrankaHardwareInterfaceTest_given_that_the_robot_interfaces_are_set_when_call_export_state_interface_robot_state_interface_exists_Test::TestBody()[m[K’:
[01m[K/home/simi/franka_ros2_ws/src/franka_ros2/franka_hardware/test/franka_hardware_interface_test.cpp:258:16:[m[K [01;35m[Kwarning: [m[Kdereferencing type-punned pointer will break strict-aliasing rules [[01;35m[K]8;;https://gcc.gnu.org/onlinedocs/gcc/Warning-Options.html#index-Wstrict-aliasing-Wstrict-aliasing]8;;[m[K]
  258 |               *[01;35m[Kreinterpret_cast<double*>(&robot_state_address)[m[K,
      |                [01;35m[K^~~~~~~~~~~~~~~~~~~~~~~~~~~~~~~~~~~~~~~~~~~~~~~[m[K
[ 87%] [32m[1mLinking CXX executable franka_hardware_robot_test[0m
[ 87%] Built target franka_hardware_robot_test
[ 93%] [32m[1mLinking CXX executable franka_hardware_command_interface_test[0m
[ 93%] Built target franka_hardware_command_interface_test
[100%] [32m[1mLinking CXX executable franka_hardware_test[0m
[100%] Built target franka_hardware_test
-- Install configuration: "Release"
-- Up-to-date: /home/simi/franka_ros2_ws/install/franka_hardware/share/franka_hardware/franka_hardware.xml
-- Installing: /home/simi/franka_ros2_ws/install/franka_hardware/lib/libfranka_hardware.so
-- Set runtime path of "/home/simi/franka_ros2_ws/install/franka_hardware/lib/libfranka_hardware.so" to ""
-- Up-to-date: /home/simi/franka_ros2_ws/install/franka_hardware/include
-- Up-to-date: /home/simi/franka_ros2_ws/install/franka_hardware/include/franka_hardware
-- Up-to-date: /home/simi/franka_ros2_ws/install/franka_hardware/include/franka_hardware/franka_param_service_server.hpp
-- Up-to-date: /home/simi/franka_ros2_ws/install/franka_hardware/include/franka_hardware/franka_executor.hpp
-- Up-to-date: /home/simi/franka_ros2_ws/install/franka_hardware/include/franka_hardware/model.hpp
-- Up-to-date: /home/simi/franka_ros2_ws/install/franka_hardware/include/franka_hardware/franka_hardware_interface.hpp
-- Up-to-date: /home/simi/franka_ros2_ws/install/franka_hardware/include/franka_hardware/robot.hpp
-- Up-to-date: /home/simi/franka_ros2_ws/install/franka_hardware/share/franka_hardware/environment/library_path.sh
-- Up-to-date: /home/simi/franka_ros2_ws/install/franka_hardware/share/franka_hardware/environment/library_path.dsv
-- Up-to-date: /home/simi/franka_ros2_ws/install/franka_hardware/share/ament_index/resource_index/package_run_dependencies/franka_hardware
-- Up-to-date: /home/simi/franka_ros2_ws/install/franka_hardware/share/ament_index/resource_index/parent_prefix_path/franka_hardware
-- Up-to-date: /home/simi/franka_ros2_ws/install/franka_hardware/share/franka_hardware/environment/ament_prefix_path.sh
-- Up-to-date: /home/simi/franka_ros2_ws/install/franka_hardware/share/franka_hardware/environment/ament_prefix_path.dsv
-- Up-to-date: /home/simi/franka_ros2_ws/install/franka_hardware/share/franka_hardware/environment/path.sh
-- Up-to-date: /home/simi/franka_ros2_ws/install/franka_hardware/share/franka_hardware/environment/path.dsv
-- Up-to-date: /home/simi/franka_ros2_ws/install/franka_hardware/share/franka_hardware/local_setup.bash
-- Up-to-date: /home/simi/franka_ros2_ws/install/franka_hardware/share/franka_hardware/local_setup.sh
-- Up-to-date: /home/simi/franka_ros2_ws/install/franka_hardware/share/franka_hardware/local_setup.zsh
-- Up-to-date: /home/simi/franka_ros2_ws/install/franka_hardware/share/franka_hardware/local_setup.dsv
-- Up-to-date: /home/simi/franka_ros2_ws/install/franka_hardware/share/franka_hardware/package.dsv
-- Up-to-date: /home/simi/franka_ros2_ws/install/franka_hardware/share/ament_index/resource_index/packages/franka_hardware
-- Up-to-date: /home/simi/franka_ros2_ws/install/franka_hardware/share/ament_index/resource_index/hardware_interface__pluginlib__plugin/franka_hardware
-- Up-to-date: /home/simi/franka_ros2_ws/install/franka_hardware/share/franka_hardware/cmake/ament_cmake_export_include_directories-extras.cmake
-- Up-to-date: /home/simi/franka_ros2_ws/install/franka_hardware/share/franka_hardware/cmake/ament_cmake_export_libraries-extras.cmake
-- Up-to-date: /home/simi/franka_ros2_ws/install/franka_hardware/share/franka_hardware/cmake/ament_cmake_export_dependencies-extras.cmake
-- Up-to-date: /home/simi/franka_ros2_ws/install/franka_hardware/share/franka_hardware/cmake/franka_hardwareConfig.cmake
-- Up-to-date: /home/simi/franka_ros2_ws/install/franka_hardware/share/franka_hardware/cmake/franka_hardwareConfig-version.cmake
-- Up-to-date: /home/simi/franka_ros2_ws/install/franka_hardware/share/franka_hardware/package.xml
