[0.017s] Invoking command in '/home/simi/franka_ros2_ws/build/franka_hardware': CMAKE_PREFIX_PATH=/home/simi/franka_ros2_ws/install/franka_msgs:/home/simi/franka_ros2_ws/install/cartesian_impedance_control:/home/simi/franka_ros2_ws/install/messages_fr3:/home/simi/franka_ros2_ws/install/joint_trajectory_controller:/home/simi/franka_ros2_ws/install/integration_launch_testing:/home/simi/franka_ros2_ws/install/franka_bringup:/home/simi/franka_ros2_ws/install/franka_robot_state_broadcaster:/home/simi/franka_ros2_ws/install/franka_example_controllers:/home/simi/franka_ros2_ws/install/franka_semantic_components:/home/simi/franka_ros2_ws/install/franka_moveit_config:/home/simi/franka_ros2_ws/install/franka_hardware:/home/simi/franka_ros2_ws/install/franka_gripper:/home/simi/franka_ros2_ws/install/franka_description:/opt/ros/humble LD_LIBRARY_PATH=/home/simi/franka_ros2_ws/install/franka_msgs/lib:/home/simi/franka_ros2_ws/install/cartesian_impedance_control/lib:/home/simi/franka_ros2_ws/install/messages_fr3/lib:/home/simi/franka_ros2_ws/install/joint_trajectory_controller/lib:/home/simi/franka_ros2_ws/install/integration_launch_testing/lib:/home/simi/franka_ros2_ws/install/franka_robot_state_broadcaster/lib:/home/simi/franka_ros2_ws/install/franka_example_controllers/lib:/home/simi/franka_ros2_ws/install/franka_semantic_components/lib:/home/simi/franka_ros2_ws/install/franka_hardware/lib:/home/simi/franka_ros2_ws/install/franka_gripper/lib:/opt/ros/humble/opt/rviz_ogre_vendor/lib:/opt/ros/humble/lib/x86_64-linux-gnu:/opt/ros/humble/lib /usr/bin/cmake --build /home/simi/franka_ros2_ws/build/franka_hardware -- -j16 -l16
[0.112s] [  6%] [32mBuilding CXX object gmock/CMakeFiles/gmock_main.dir/src/gmock_main.cc.o[0m
[0.114s] [ 12%] [32mBuilding CXX object gmock/CMakeFiles/gmock.dir/opt/ros/humble/src/gtest_vendor/src/gtest-all.cc.o[0m
[0.116s] [ 18%] [32mBuilding CXX object gmock/CMakeFiles/gmock.dir/src/gmock-all.cc.o[0m
[0.138s] [ 25%] [32mBuilding CXX object CMakeFiles/franka_hardware.dir/src/franka_hardware_interface.cpp.o[0m
[0.142s] [ 31%] [32mBuilding CXX object CMakeFiles/franka_hardware.dir/src/robot.cpp.o[0m
[0.149s] [ 37%] [32mBuilding CXX object CMakeFiles/franka_hardware.dir/src/franka_param_service_server.cpp.o[0m
[0.151s] [ 43%] [32mBuilding CXX object CMakeFiles/franka_hardware.dir/src/franka_executor.cpp.o[0m
[3.801s] [ 50%] [32m[1mLinking CXX static library libgmock_main.a[0m
[3.881s] [ 50%] Built target gmock_main
[15.344s] [ 56%] [32m[1mLinking CXX static library libgmock.a[0m
[15.435s] [ 56%] Built target gmock
[16.588s] [ 62%] [32m[1mLinking CXX shared library libfranka_hardware.so[0m
[16.875s] [ 62%] Built target franka_hardware
[16.919s] [ 75%] [32mBuilding CXX object test/CMakeFiles/franka_hardware_robot_test.dir/franka_robot_test.cpp.o[0m
[16.920s] [ 75%] [32mBuilding CXX object test/CMakeFiles/franka_hardware_test.dir/franka_hardware_interface_test.cpp.o[0m
[16.922s] [ 81%] [32mBuilding CXX object test/CMakeFiles/franka_hardware_command_interface_test.dir/franka_hardware_cartesian_command_interface_test.cpp.o[0m
[22.303s] In file included from [01m[K/opt/ros/humble/src/gtest_vendor/include/gtest/gtest.h:375[m[K,
[22.303s]                  from [01m[K/opt/ros/humble/src/gmock_vendor/include/gmock/internal/gmock-internal-utils.h:47[m[K,
[22.303s]                  from [01m[K/opt/ros/humble/src/gmock_vendor/include/gmock/gmock-actions.h:51[m[K,
[22.303s]                  from [01m[K/opt/ros/humble/src/gmock_vendor/include/gmock/gmock.h:59[m[K,
[22.303s]                  from [01m[K/home/simi/franka_ros2_ws/src/franka_ros2/franka_hardware/test/franka_hardware_interface_test.cpp:15[m[K:
[22.303s] [01m[K/home/simi/franka_ros2_ws/src/franka_ros2/franka_hardware/test/franka_hardware_interface_test.cpp:[m[K In member function ‘[01m[Kvirtual void FrankaHardwareInterfaceTest_given_that_the_robot_interfaces_are_set_when_call_export_state_interface_robot_model_interface_exists_Test::TestBody()[m[K’:
[22.303s] [01m[K/home/simi/franka_ros2_ws/src/franka_ros2/franka_hardware/test/franka_hardware_interface_test.cpp:227:16:[m[K [01;35m[Kwarning: [m[Kdereferencing type-punned pointer will break strict-aliasing rules [[01;35m[K]8;;https://gcc.gnu.org/onlinedocs/gcc/Warning-Options.html#index-Wstrict-aliasing-Wstrict-aliasing]8;;[m[K]
[22.303s]   227 |               *[01;35m[Kreinterpret_cast<double*>(&model_address)[m[K,
[22.304s]       |                [01;35m[K^~~~~~~~~~~~~~~~~~~~~~~~~~~~~~~~~~~~~~~~~[m[K
[22.306s] [01m[K/home/simi/franka_ros2_ws/src/franka_ros2/franka_hardware/test/franka_hardware_interface_test.cpp:[m[K In member function ‘[01m[Kvirtual void FrankaHardwareInterfaceTest_given_that_the_robot_interfaces_are_set_when_call_export_state_interface_robot_state_interface_exists_Test::TestBody()[m[K’:
[22.306s] [01m[K/home/simi/franka_ros2_ws/src/franka_ros2/franka_hardware/test/franka_hardware_interface_test.cpp:258:16:[m[K [01;35m[Kwarning: [m[Kdereferencing type-punned pointer will break strict-aliasing rules [[01;35m[K]8;;https://gcc.gnu.org/onlinedocs/gcc/Warning-Options.html#index-Wstrict-aliasing-Wstrict-aliasing]8;;[m[K]
[22.306s]   258 |               *[01;35m[Kreinterpret_cast<double*>(&robot_state_address)[m[K,
[22.306s]       |                [01;35m[K^~~~~~~~~~~~~~~~~~~~~~~~~~~~~~~~~~~~~~~~~~~~~~~[m[K
[29.060s] [ 87%] [32m[1mLinking CXX executable franka_hardware_robot_test[0m
[29.421s] [ 87%] Built target franka_hardware_robot_test
[32.736s] [ 93%] [32m[1mLinking CXX executable franka_hardware_command_interface_test[0m
[33.093s] [ 93%] Built target franka_hardware_command_interface_test
[40.146s] [100%] [32m[1mLinking CXX executable franka_hardware_test[0m
[40.569s] [100%] Built target franka_hardware_test
[40.589s] Invoked command in '/home/simi/franka_ros2_ws/build/franka_hardware' returned '0': CMAKE_PREFIX_PATH=/home/simi/franka_ros2_ws/install/franka_msgs:/home/simi/franka_ros2_ws/install/cartesian_impedance_control:/home/simi/franka_ros2_ws/install/messages_fr3:/home/simi/franka_ros2_ws/install/joint_trajectory_controller:/home/simi/franka_ros2_ws/install/integration_launch_testing:/home/simi/franka_ros2_ws/install/franka_bringup:/home/simi/franka_ros2_ws/install/franka_robot_state_broadcaster:/home/simi/franka_ros2_ws/install/franka_example_controllers:/home/simi/franka_ros2_ws/install/franka_semantic_components:/home/simi/franka_ros2_ws/install/franka_moveit_config:/home/simi/franka_ros2_ws/install/franka_hardware:/home/simi/franka_ros2_ws/install/franka_gripper:/home/simi/franka_ros2_ws/install/franka_description:/opt/ros/humble LD_LIBRARY_PATH=/home/simi/franka_ros2_ws/install/franka_msgs/lib:/home/simi/franka_ros2_ws/install/cartesian_impedance_control/lib:/home/simi/franka_ros2_ws/install/messages_fr3/lib:/home/simi/franka_ros2_ws/install/joint_trajectory_controller/lib:/home/simi/franka_ros2_ws/install/integration_launch_testing/lib:/home/simi/franka_ros2_ws/install/franka_robot_state_broadcaster/lib:/home/simi/franka_ros2_ws/install/franka_example_controllers/lib:/home/simi/franka_ros2_ws/install/franka_semantic_components/lib:/home/simi/franka_ros2_ws/install/franka_hardware/lib:/home/simi/franka_ros2_ws/install/franka_gripper/lib:/opt/ros/humble/opt/rviz_ogre_vendor/lib:/opt/ros/humble/lib/x86_64-linux-gnu:/opt/ros/humble/lib /usr/bin/cmake --build /home/simi/franka_ros2_ws/build/franka_hardware -- -j16 -l16
[40.681s] Invoking command in '/home/simi/franka_ros2_ws/build/franka_hardware': CMAKE_PREFIX_PATH=/home/simi/franka_ros2_ws/install/franka_msgs:/home/simi/franka_ros2_ws/install/cartesian_impedance_control:/home/simi/franka_ros2_ws/install/messages_fr3:/home/simi/franka_ros2_ws/install/joint_trajectory_controller:/home/simi/franka_ros2_ws/install/integration_launch_testing:/home/simi/franka_ros2_ws/install/franka_bringup:/home/simi/franka_ros2_ws/install/franka_robot_state_broadcaster:/home/simi/franka_ros2_ws/install/franka_example_controllers:/home/simi/franka_ros2_ws/install/franka_semantic_components:/home/simi/franka_ros2_ws/install/franka_moveit_config:/home/simi/franka_ros2_ws/install/franka_hardware:/home/simi/franka_ros2_ws/install/franka_gripper:/home/simi/franka_ros2_ws/install/franka_description:/opt/ros/humble LD_LIBRARY_PATH=/home/simi/franka_ros2_ws/install/franka_msgs/lib:/home/simi/franka_ros2_ws/install/cartesian_impedance_control/lib:/home/simi/franka_ros2_ws/install/messages_fr3/lib:/home/simi/franka_ros2_ws/install/joint_trajectory_controller/lib:/home/simi/franka_ros2_ws/install/integration_launch_testing/lib:/home/simi/franka_ros2_ws/install/franka_robot_state_broadcaster/lib:/home/simi/franka_ros2_ws/install/franka_example_controllers/lib:/home/simi/franka_ros2_ws/install/franka_semantic_components/lib:/home/simi/franka_ros2_ws/install/franka_hardware/lib:/home/simi/franka_ros2_ws/install/franka_gripper/lib:/opt/ros/humble/opt/rviz_ogre_vendor/lib:/opt/ros/humble/lib/x86_64-linux-gnu:/opt/ros/humble/lib /usr/bin/cmake --install /home/simi/franka_ros2_ws/build/franka_hardware
[40.693s] -- Install configuration: "Release"
[40.693s] -- Up-to-date: /home/simi/franka_ros2_ws/install/franka_hardware/share/franka_hardware/franka_hardware.xml
[40.693s] -- Installing: /home/simi/franka_ros2_ws/install/franka_hardware/lib/libfranka_hardware.so
[40.696s] -- Set runtime path of "/home/simi/franka_ros2_ws/install/franka_hardware/lib/libfranka_hardware.so" to ""
[40.697s] -- Up-to-date: /home/simi/franka_ros2_ws/install/franka_hardware/include
[40.697s] -- Up-to-date: /home/simi/franka_ros2_ws/install/franka_hardware/include/franka_hardware
[40.697s] -- Up-to-date: /home/simi/franka_ros2_ws/install/franka_hardware/include/franka_hardware/franka_param_service_server.hpp
[40.697s] -- Up-to-date: /home/simi/franka_ros2_ws/install/franka_hardware/include/franka_hardware/franka_executor.hpp
[40.697s] -- Up-to-date: /home/simi/franka_ros2_ws/install/franka_hardware/include/franka_hardware/model.hpp
[40.697s] -- Up-to-date: /home/simi/franka_ros2_ws/install/franka_hardware/include/franka_hardware/franka_hardware_interface.hpp
[40.697s] -- Up-to-date: /home/simi/franka_ros2_ws/install/franka_hardware/include/franka_hardware/robot.hpp
[40.697s] -- Up-to-date: /home/simi/franka_ros2_ws/install/franka_hardware/share/franka_hardware/environment/library_path.sh
[40.697s] -- Up-to-date: /home/simi/franka_ros2_ws/install/franka_hardware/share/franka_hardware/environment/library_path.dsv
[40.697s] -- Up-to-date: /home/simi/franka_ros2_ws/install/franka_hardware/share/ament_index/resource_index/package_run_dependencies/franka_hardware
[40.697s] -- Up-to-date: /home/simi/franka_ros2_ws/install/franka_hardware/share/ament_index/resource_index/parent_prefix_path/franka_hardware
[40.697s] -- Up-to-date: /home/simi/franka_ros2_ws/install/franka_hardware/share/franka_hardware/environment/ament_prefix_path.sh
[40.698s] -- Up-to-date: /home/simi/franka_ros2_ws/install/franka_hardware/share/franka_hardware/environment/ament_prefix_path.dsv
[40.698s] -- Up-to-date: /home/simi/franka_ros2_ws/install/franka_hardware/share/franka_hardware/environment/path.sh
[40.698s] -- Up-to-date: /home/simi/franka_ros2_ws/install/franka_hardware/share/franka_hardware/environment/path.dsv
[40.698s] -- Up-to-date: /home/simi/franka_ros2_ws/install/franka_hardware/share/franka_hardware/local_setup.bash
[40.698s] -- Up-to-date: /home/simi/franka_ros2_ws/install/franka_hardware/share/franka_hardware/local_setup.sh
[40.698s] -- Up-to-date: /home/simi/franka_ros2_ws/install/franka_hardware/share/franka_hardware/local_setup.zsh
[40.698s] -- Up-to-date: /home/simi/franka_ros2_ws/install/franka_hardware/share/franka_hardware/local_setup.dsv
[40.698s] -- Up-to-date: /home/simi/franka_ros2_ws/install/franka_hardware/share/franka_hardware/package.dsv
[40.698s] -- Up-to-date: /home/simi/franka_ros2_ws/install/franka_hardware/share/ament_index/resource_index/packages/franka_hardware
[40.698s] -- Up-to-date: /home/simi/franka_ros2_ws/install/franka_hardware/share/ament_index/resource_index/hardware_interface__pluginlib__plugin/franka_hardware
[40.698s] -- Up-to-date: /home/simi/franka_ros2_ws/install/franka_hardware/share/franka_hardware/cmake/ament_cmake_export_include_directories-extras.cmake
[40.698s] -- Up-to-date: /home/simi/franka_ros2_ws/install/franka_hardware/share/franka_hardware/cmake/ament_cmake_export_libraries-extras.cmake
[40.698s] -- Up-to-date: /home/simi/franka_ros2_ws/install/franka_hardware/share/franka_hardware/cmake/ament_cmake_export_dependencies-extras.cmake
[40.698s] -- Up-to-date: /home/simi/franka_ros2_ws/install/franka_hardware/share/franka_hardware/cmake/franka_hardwareConfig.cmake
[40.698s] -- Up-to-date: /home/simi/franka_ros2_ws/install/franka_hardware/share/franka_hardware/cmake/franka_hardwareConfig-version.cmake
[40.699s] -- Up-to-date: /home/simi/franka_ros2_ws/install/franka_hardware/share/franka_hardware/package.xml
[40.701s] Invoked command in '/home/simi/franka_ros2_ws/build/franka_hardware' returned '0': CMAKE_PREFIX_PATH=/home/simi/franka_ros2_ws/install/franka_msgs:/home/simi/franka_ros2_ws/install/cartesian_impedance_control:/home/simi/franka_ros2_ws/install/messages_fr3:/home/simi/franka_ros2_ws/install/joint_trajectory_controller:/home/simi/franka_ros2_ws/install/integration_launch_testing:/home/simi/franka_ros2_ws/install/franka_bringup:/home/simi/franka_ros2_ws/install/franka_robot_state_broadcaster:/home/simi/franka_ros2_ws/install/franka_example_controllers:/home/simi/franka_ros2_ws/install/franka_semantic_components:/home/simi/franka_ros2_ws/install/franka_moveit_config:/home/simi/franka_ros2_ws/install/franka_hardware:/home/simi/franka_ros2_ws/install/franka_gripper:/home/simi/franka_ros2_ws/install/franka_description:/opt/ros/humble LD_LIBRARY_PATH=/home/simi/franka_ros2_ws/install/franka_msgs/lib:/home/simi/franka_ros2_ws/install/cartesian_impedance_control/lib:/home/simi/franka_ros2_ws/install/messages_fr3/lib:/home/simi/franka_ros2_ws/install/joint_trajectory_controller/lib:/home/simi/franka_ros2_ws/install/integration_launch_testing/lib:/home/simi/franka_ros2_ws/install/franka_robot_state_broadcaster/lib:/home/simi/franka_ros2_ws/install/franka_example_controllers/lib:/home/simi/franka_ros2_ws/install/franka_semantic_components/lib:/home/simi/franka_ros2_ws/install/franka_hardware/lib:/home/simi/franka_ros2_ws/install/franka_gripper/lib:/opt/ros/humble/opt/rviz_ogre_vendor/lib:/opt/ros/humble/lib/x86_64-linux-gnu:/opt/ros/humble/lib /usr/bin/cmake --install /home/simi/franka_ros2_ws/build/franka_hardware
