[0.028s] Invoking command in '/home/simi/franka_ros2_ws/build/franka_msgs': CMAKE_PREFIX_PATH=/opt/ros/humble /usr/bin/cmake /home/simi/franka_ros2_ws/src/franka_ros2/franka_msgs -DCMAKE_BUILD_TYPE=Release -DCMAKE_INSTALL_PREFIX=/home/simi/franka_ros2_ws/install/franka_msgs
[0.044s] -- Found ament_cmake: 1.3.8 (/opt/ros/humble/share/ament_cmake/cmake)
[0.209s] -- Found rosidl_default_generators: 1.2.0 (/opt/ros/humble/share/rosidl_default_generators/cmake)
[0.210s] -- Using all available rosidl_typesupport_c: rosidl_typesupport_fastrtps_c;rosidl_typesupport_introspection_c
[0.213s] -- Found rosidl_adapter: 3.1.5 (/opt/ros/humble/share/rosidl_adapter/cmake)
[0.244s] -- Using all available rosidl_typesupport_cpp: rosidl_typesupport_fastrtps_cpp;rosidl_typesupport_introspection_cpp
[0.269s] -- Found std_msgs: 4.2.3 (/opt/ros/humble/share/std_msgs/cmake)
[0.329s] -- Found geometry_msgs: 4.2.3 (/opt/ros/humble/share/geometry_msgs/cmake)
[0.370s] -- Found sensor_msgs: 4.2.3 (/opt/ros/humble/share/sensor_msgs/cmake)
[0.959s] -- Found ament_cmake_ros: 0.10.0 (/opt/ros/humble/share/ament_cmake_ros/cmake)
[1.245s] -- Using all available rosidl_typesupport_c: rosidl_typesupport_fastrtps_c;rosidl_typesupport_introspection_c
[1.775s] -- Using all available rosidl_typesupport_cpp: rosidl_typesupport_fastrtps_cpp;rosidl_typesupport_introspection_cpp
[1.824s] -- Found python_cmake_module: 0.10.0 (/opt/ros/humble/share/python_cmake_module/cmake)
[1.858s] -- Using PYTHON_EXECUTABLE: /usr/bin/python3
[1.858s] -- Using PYTHON_INCLUDE_DIRS: /usr/include/python3.10
[1.858s] -- Using PYTHON_LIBRARIES: /usr/lib/x86_64-linux-gnu/libpython3.10.so
[1.922s] -- Found ament_lint_auto: 0.12.10 (/opt/ros/humble/share/ament_lint_auto/cmake)
[1.932s] -- Added test 'copyright' to check source files copyright and LICENSE
[1.936s] -- Added test 'lint_cmake' to check CMake code style
[1.938s] -- Added test 'xmllint' to check XML markup files
[1.940s] -- Configuring done
[2.023s] -- Generating done
[2.028s] -- Build files have been written to: /home/simi/franka_ros2_ws/build/franka_msgs
[2.044s] Invoked command in '/home/simi/franka_ros2_ws/build/franka_msgs' returned '0': CMAKE_PREFIX_PATH=/opt/ros/humble /usr/bin/cmake /home/simi/franka_ros2_ws/src/franka_ros2/franka_msgs -DCMAKE_BUILD_TYPE=Release -DCMAKE_INSTALL_PREFIX=/home/simi/franka_ros2_ws/install/franka_msgs
[2.046s] Invoking command in '/home/simi/franka_ros2_ws/build/franka_msgs': CMAKE_PREFIX_PATH=/opt/ros/humble /usr/bin/cmake --build /home/simi/franka_ros2_ws/build/franka_msgs -- -j16 -l16
[2.108s] [35m[1mConsolidate compiler generated dependencies of target franka_msgs__rosidl_generator_c[0m
[2.120s] [  0%] Built target franka_msgs__cpp
[2.133s] [ 12%] Built target franka_msgs__rosidl_generator_c
[2.141s] [35m[1mConsolidate compiler generated dependencies of target franka_msgs__rosidl_typesupport_cpp[0m
[2.142s] [35m[1mConsolidate compiler generated dependencies of target franka_msgs__rosidl_typesupport_fastrtps_cpp[0m
[2.145s] [35m[1mConsolidate compiler generated dependencies of target franka_msgs__rosidl_typesupport_introspection_cpp[0m
[2.151s] [ 12%] Built target ament_cmake_python_copy_franka_msgs
[2.153s] [35m[1mConsolidate compiler generated dependencies of target franka_msgs__rosidl_typesupport_c[0m
[2.154s] [35m[1mConsolidate compiler generated dependencies of target franka_msgs__rosidl_typesupport_introspection_c[0m
[2.156s] [35m[1mConsolidate compiler generated dependencies of target franka_msgs__rosidl_typesupport_fastrtps_c[0m
[2.176s] [ 24%] Built target franka_msgs__rosidl_typesupport_c
[2.180s] [ 36%] Built target franka_msgs__rosidl_typesupport_cpp
[2.185s] [ 48%] Built target franka_msgs__rosidl_typesupport_introspection_c
[2.189s] [ 60%] Built target franka_msgs__rosidl_typesupport_fastrtps_cpp
[2.190s] [ 72%] Built target franka_msgs__rosidl_typesupport_introspection_cpp
[2.200s] [ 84%] Built target franka_msgs__rosidl_typesupport_fastrtps_c
[2.232s] [ 84%] Built target franka_msgs
[2.261s] [ 85%] Built target franka_msgs__py
[2.278s] [35m[1mConsolidate compiler generated dependencies of target franka_msgs__rosidl_generator_py[0m
[2.310s] [ 96%] Built target franka_msgs__rosidl_generator_py
[2.324s] [35m[1mConsolidate compiler generated dependencies of target franka_msgs__rosidl_typesupport_introspection_c__pyext[0m
[2.324s] [35m[1mConsolidate compiler generated dependencies of target franka_msgs__rosidl_typesupport_fastrtps_c__pyext[0m
[2.326s] [35m[1mConsolidate compiler generated dependencies of target franka_msgs__rosidl_typesupport_c__pyext[0m
[2.343s] [ 98%] Built target franka_msgs__rosidl_typesupport_fastrtps_c__pyext
[2.343s] [ 99%] Built target franka_msgs__rosidl_typesupport_introspection_c__pyext
[2.345s] [100%] Built target franka_msgs__rosidl_typesupport_c__pyext
[2.391s] running egg_info
[2.392s] writing franka_msgs.egg-info/PKG-INFO
[2.392s] writing dependency_links to franka_msgs.egg-info/dependency_links.txt
[2.392s] writing top-level names to franka_msgs.egg-info/top_level.txt
[2.395s] reading manifest file 'franka_msgs.egg-info/SOURCES.txt'
[2.396s] writing manifest file 'franka_msgs.egg-info/SOURCES.txt'
[2.427s] [100%] Built target ament_cmake_python_build_franka_msgs_egg
[2.445s] Invoked command in '/home/simi/franka_ros2_ws/build/franka_msgs' returned '0': CMAKE_PREFIX_PATH=/opt/ros/humble /usr/bin/cmake --build /home/simi/franka_ros2_ws/build/franka_msgs -- -j16 -l16
[2.925s] Invoking command in '/home/simi/franka_ros2_ws/build/franka_msgs': CMAKE_PREFIX_PATH=/opt/ros/humble /usr/bin/cmake --install /home/simi/franka_ros2_ws/build/franka_msgs
[2.935s] -- Install configuration: "Release"
[2.935s] -- Up-to-date: /home/simi/franka_ros2_ws/install/franka_msgs/share/ament_index/resource_index/rosidl_interfaces/franka_msgs
[2.935s] -- Up-to-date: /home/simi/franka_ros2_ws/install/franka_msgs/include/franka_msgs/franka_msgs
[2.935s] -- Up-to-date: /home/simi/franka_ros2_ws/install/franka_msgs/include/franka_msgs/franka_msgs/srv
[2.935s] -- Up-to-date: /home/simi/franka_ros2_ws/install/franka_msgs/include/franka_msgs/franka_msgs/srv/detail
[2.936s] -- Up-to-date: /home/simi/franka_ros2_ws/install/franka_msgs/include/franka_msgs/franka_msgs/srv/detail/set_stiffness_frame__struct.h
[2.936s] -- Up-to-date: /home/simi/franka_ros2_ws/install/franka_msgs/include/franka_msgs/franka_msgs/srv/detail/set_load__functions.c
[2.936s] -- Up-to-date: /home/simi/franka_ros2_ws/install/franka_msgs/include/franka_msgs/franka_msgs/srv/detail/set_tcp_frame__functions.h
[2.936s] -- Up-to-date: /home/simi/franka_ros2_ws/install/franka_msgs/include/franka_msgs/franka_msgs/srv/detail/set_cartesian_stiffness__type_support.h
[2.936s] -- Up-to-date: /home/simi/franka_ros2_ws/install/franka_msgs/include/franka_msgs/franka_msgs/srv/detail/set_full_collision_behavior__functions.c
[2.936s] -- Up-to-date: /home/simi/franka_ros2_ws/install/franka_msgs/include/franka_msgs/franka_msgs/srv/detail/set_full_collision_behavior__struct.h
[2.937s] -- Up-to-date: /home/simi/franka_ros2_ws/install/franka_msgs/include/franka_msgs/franka_msgs/srv/detail/set_joint_stiffness__functions.c
[2.937s] -- Up-to-date: /home/simi/franka_ros2_ws/install/franka_msgs/include/franka_msgs/franka_msgs/srv/detail/set_full_collision_behavior__type_support.h
[2.937s] -- Up-to-date: /home/simi/franka_ros2_ws/install/franka_msgs/include/franka_msgs/franka_msgs/srv/detail/set_joint_stiffness__type_support.h
[2.937s] -- Up-to-date: /home/simi/franka_ros2_ws/install/franka_msgs/include/franka_msgs/franka_msgs/srv/detail/set_joint_stiffness__functions.h
[2.937s] -- Up-to-date: /home/simi/franka_ros2_ws/install/franka_msgs/include/franka_msgs/franka_msgs/srv/detail/set_stiffness_frame__functions.c
[2.937s] -- Up-to-date: /home/simi/franka_ros2_ws/install/franka_msgs/include/franka_msgs/franka_msgs/srv/detail/set_load__functions.h
[2.937s] -- Up-to-date: /home/simi/franka_ros2_ws/install/franka_msgs/include/franka_msgs/franka_msgs/srv/detail/set_force_torque_collision_behavior__functions.h
[2.938s] -- Up-to-date: /home/simi/franka_ros2_ws/install/franka_msgs/include/franka_msgs/franka_msgs/srv/detail/set_force_torque_collision_behavior__struct.h
[2.938s] -- Up-to-date: /home/simi/franka_ros2_ws/install/franka_msgs/include/franka_msgs/franka_msgs/srv/detail/set_force_torque_collision_behavior__functions.c
[2.938s] -- Up-to-date: /home/simi/franka_ros2_ws/install/franka_msgs/include/franka_msgs/franka_msgs/srv/detail/set_joint_stiffness__struct.h
[2.938s] -- Up-to-date: /home/simi/franka_ros2_ws/install/franka_msgs/include/franka_msgs/franka_msgs/srv/detail/set_tcp_frame__type_support.h
[2.938s] -- Up-to-date: /home/simi/franka_ros2_ws/install/franka_msgs/include/franka_msgs/franka_msgs/srv/detail/set_cartesian_stiffness__functions.c
[2.938s] -- Up-to-date: /home/simi/franka_ros2_ws/install/franka_msgs/include/franka_msgs/franka_msgs/srv/detail/set_full_collision_behavior__functions.h
[2.938s] -- Up-to-date: /home/simi/franka_ros2_ws/install/franka_msgs/include/franka_msgs/franka_msgs/srv/detail/set_stiffness_frame__type_support.h
[2.938s] -- Up-to-date: /home/simi/franka_ros2_ws/install/franka_msgs/include/franka_msgs/franka_msgs/srv/detail/set_cartesian_stiffness__struct.h
[2.938s] -- Up-to-date: /home/simi/franka_ros2_ws/install/franka_msgs/include/franka_msgs/franka_msgs/srv/detail/set_force_torque_collision_behavior__type_support.h
[2.938s] -- Up-to-date: /home/simi/franka_ros2_ws/install/franka_msgs/include/franka_msgs/franka_msgs/srv/detail/set_load__struct.h
[2.938s] -- Up-to-date: /home/simi/franka_ros2_ws/install/franka_msgs/include/franka_msgs/franka_msgs/srv/detail/set_stiffness_frame__functions.h
[2.939s] -- Up-to-date: /home/simi/franka_ros2_ws/install/franka_msgs/include/franka_msgs/franka_msgs/srv/detail/set_tcp_frame__struct.h
[2.939s] -- Up-to-date: /home/simi/franka_ros2_ws/install/franka_msgs/include/franka_msgs/franka_msgs/srv/detail/set_load__type_support.h
[2.939s] -- Up-to-date: /home/simi/franka_ros2_ws/install/franka_msgs/include/franka_msgs/franka_msgs/srv/detail/set_tcp_frame__functions.c
[2.939s] -- Up-to-date: /home/simi/franka_ros2_ws/install/franka_msgs/include/franka_msgs/franka_msgs/srv/detail/set_cartesian_stiffness__functions.h
[2.939s] -- Up-to-date: /home/simi/franka_ros2_ws/install/franka_msgs/include/franka_msgs/franka_msgs/srv/set_stiffness_frame.h
[2.939s] -- Up-to-date: /home/simi/franka_ros2_ws/install/franka_msgs/include/franka_msgs/franka_msgs/srv/set_force_torque_collision_behavior.h
[2.939s] -- Up-to-date: /home/simi/franka_ros2_ws/install/franka_msgs/include/franka_msgs/franka_msgs/srv/set_cartesian_stiffness.h
[2.939s] -- Up-to-date: /home/simi/franka_ros2_ws/install/franka_msgs/include/franka_msgs/franka_msgs/srv/set_full_collision_behavior.h
[2.939s] -- Up-to-date: /home/simi/franka_ros2_ws/install/franka_msgs/include/franka_msgs/franka_msgs/srv/set_tcp_frame.h
[2.940s] -- Up-to-date: /home/simi/franka_ros2_ws/install/franka_msgs/include/franka_msgs/franka_msgs/srv/set_joint_stiffness.h
[2.940s] -- Up-to-date: /home/simi/franka_ros2_ws/install/franka_msgs/include/franka_msgs/franka_msgs/srv/set_load.h
[2.940s] -- Up-to-date: /home/simi/franka_ros2_ws/install/franka_msgs/include/franka_msgs/franka_msgs/msg
[2.940s] -- Up-to-date: /home/simi/franka_ros2_ws/install/franka_msgs/include/franka_msgs/franka_msgs/msg/errors.h
[2.940s] -- Up-to-date: /home/simi/franka_ros2_ws/install/franka_msgs/include/franka_msgs/franka_msgs/msg/detail
[2.940s] -- Up-to-date: /home/simi/franka_ros2_ws/install/franka_msgs/include/franka_msgs/franka_msgs/msg/detail/franka_robot_state__functions.h
[2.940s] -- Up-to-date: /home/simi/franka_ros2_ws/install/franka_msgs/include/franka_msgs/franka_msgs/msg/detail/grasp_epsilon__type_support.h
[2.941s] -- Up-to-date: /home/simi/franka_ros2_ws/install/franka_msgs/include/franka_msgs/franka_msgs/msg/detail/collision_indicators__type_support.h
[2.941s] -- Up-to-date: /home/simi/franka_ros2_ws/install/franka_msgs/include/franka_msgs/franka_msgs/msg/detail/errors__type_support.h
[2.941s] -- Up-to-date: /home/simi/franka_ros2_ws/install/franka_msgs/include/franka_msgs/franka_msgs/msg/detail/elbow__functions.c
[2.941s] -- Up-to-date: /home/simi/franka_ros2_ws/install/franka_msgs/include/franka_msgs/franka_msgs/msg/detail/errors__functions.c
[2.941s] -- Up-to-date: /home/simi/franka_ros2_ws/install/franka_msgs/include/franka_msgs/franka_msgs/msg/detail/collision_indicators__functions.c
[2.941s] -- Up-to-date: /home/simi/franka_ros2_ws/install/franka_msgs/include/franka_msgs/franka_msgs/msg/detail/errors__functions.h
[2.941s] -- Up-to-date: /home/simi/franka_ros2_ws/install/franka_msgs/include/franka_msgs/franka_msgs/msg/detail/elbow__type_support.h
[2.941s] -- Up-to-date: /home/simi/franka_ros2_ws/install/franka_msgs/include/franka_msgs/franka_msgs/msg/detail/grasp_epsilon__struct.h
[2.941s] -- Up-to-date: /home/simi/franka_ros2_ws/install/franka_msgs/include/franka_msgs/franka_msgs/msg/detail/franka_robot_state__type_support.h
[2.941s] -- Up-to-date: /home/simi/franka_ros2_ws/install/franka_msgs/include/franka_msgs/franka_msgs/msg/detail/elbow__struct.h
[2.942s] -- Up-to-date: /home/simi/franka_ros2_ws/install/franka_msgs/include/franka_msgs/franka_msgs/msg/detail/grasp_epsilon__functions.h
[2.942s] -- Up-to-date: /home/simi/franka_ros2_ws/install/franka_msgs/include/franka_msgs/franka_msgs/msg/detail/franka_robot_state__functions.c
[2.942s] -- Up-to-date: /home/simi/franka_ros2_ws/install/franka_msgs/include/franka_msgs/franka_msgs/msg/detail/collision_indicators__struct.h
[2.942s] -- Up-to-date: /home/simi/franka_ros2_ws/install/franka_msgs/include/franka_msgs/franka_msgs/msg/detail/franka_robot_state__struct.h
[2.942s] -- Up-to-date: /home/simi/franka_ros2_ws/install/franka_msgs/include/franka_msgs/franka_msgs/msg/detail/errors__struct.h
[2.942s] -- Up-to-date: /home/simi/franka_ros2_ws/install/franka_msgs/include/franka_msgs/franka_msgs/msg/detail/collision_indicators__functions.h
[2.942s] -- Up-to-date: /home/simi/franka_ros2_ws/install/franka_msgs/include/franka_msgs/franka_msgs/msg/detail/elbow__functions.h
[2.942s] -- Up-to-date: /home/simi/franka_ros2_ws/install/franka_msgs/include/franka_msgs/franka_msgs/msg/detail/grasp_epsilon__functions.c
[2.942s] -- Up-to-date: /home/simi/franka_ros2_ws/install/franka_msgs/include/franka_msgs/franka_msgs/msg/elbow.h
[2.943s] -- Up-to-date: /home/simi/franka_ros2_ws/install/franka_msgs/include/franka_msgs/franka_msgs/msg/collision_indicators.h
[2.943s] -- Up-to-date: /home/simi/franka_ros2_ws/install/franka_msgs/include/franka_msgs/franka_msgs/msg/franka_robot_state.h
[2.943s] -- Up-to-date: /home/simi/franka_ros2_ws/install/franka_msgs/include/franka_msgs/franka_msgs/msg/grasp_epsilon.h
[2.943s] -- Up-to-date: /home/simi/franka_ros2_ws/install/franka_msgs/include/franka_msgs/franka_msgs/msg/rosidl_generator_c__visibility_control.h
[2.943s] -- Up-to-date: /home/simi/franka_ros2_ws/install/franka_msgs/include/franka_msgs/franka_msgs/action
[2.943s] -- Up-to-date: /home/simi/franka_ros2_ws/install/franka_msgs/include/franka_msgs/franka_msgs/action/detail
[2.943s] -- Up-to-date: /home/simi/franka_ros2_ws/install/franka_msgs/include/franka_msgs/franka_msgs/action/detail/grasp__functions.c
[2.943s] -- Up-to-date: /home/simi/franka_ros2_ws/install/franka_msgs/include/franka_msgs/franka_msgs/action/detail/grasp__struct.h
[2.943s] -- Up-to-date: /home/simi/franka_ros2_ws/install/franka_msgs/include/franka_msgs/franka_msgs/action/detail/move__struct.h
[2.943s] -- Up-to-date: /home/simi/franka_ros2_ws/install/franka_msgs/include/franka_msgs/franka_msgs/action/detail/homing__type_support.h
[2.944s] -- Up-to-date: /home/simi/franka_ros2_ws/install/franka_msgs/include/franka_msgs/franka_msgs/action/detail/homing__struct.h
[2.944s] -- Up-to-date: /home/simi/franka_ros2_ws/install/franka_msgs/include/franka_msgs/franka_msgs/action/detail/grasp__functions.h
[2.944s] -- Up-to-date: /home/simi/franka_ros2_ws/install/franka_msgs/include/franka_msgs/franka_msgs/action/detail/move__functions.c
[2.944s] -- Up-to-date: /home/simi/franka_ros2_ws/install/franka_msgs/include/franka_msgs/franka_msgs/action/detail/move__type_support.h
[2.944s] -- Up-to-date: /home/simi/franka_ros2_ws/install/franka_msgs/include/franka_msgs/franka_msgs/action/detail/homing__functions.h
[2.944s] -- Up-to-date: /home/simi/franka_ros2_ws/install/franka_msgs/include/franka_msgs/franka_msgs/action/detail/homing__functions.c
[2.944s] -- Up-to-date: /home/simi/franka_ros2_ws/install/franka_msgs/include/franka_msgs/franka_msgs/action/detail/move__functions.h
[2.944s] -- Up-to-date: /home/simi/franka_ros2_ws/install/franka_msgs/include/franka_msgs/franka_msgs/action/detail/grasp__type_support.h
[2.944s] -- Up-to-date: /home/simi/franka_ros2_ws/install/franka_msgs/include/franka_msgs/franka_msgs/action/move.h
[2.945s] -- Up-to-date: /home/simi/franka_ros2_ws/install/franka_msgs/include/franka_msgs/franka_msgs/action/homing.h
[2.945s] -- Up-to-date: /home/simi/franka_ros2_ws/install/franka_msgs/include/franka_msgs/franka_msgs/action/grasp.h
[2.945s] -- Up-to-date: /home/simi/franka_ros2_ws/install/franka_msgs/share/franka_msgs/environment/library_path.sh
[2.945s] -- Installing: /home/simi/franka_ros2_ws/install/franka_msgs/share/franka_msgs/environment/library_path.dsv
[2.945s] -- Up-to-date: /home/simi/franka_ros2_ws/install/franka_msgs/lib/libfranka_msgs__rosidl_generator_c.so
[2.945s] -- Up-to-date: /home/simi/franka_ros2_ws/install/franka_msgs/include/franka_msgs/franka_msgs
[2.945s] -- Up-to-date: /home/simi/franka_ros2_ws/install/franka_msgs/include/franka_msgs/franka_msgs/srv
[2.945s] -- Up-to-date: /home/simi/franka_ros2_ws/install/franka_msgs/include/franka_msgs/franka_msgs/srv/detail
[2.945s] -- Up-to-date: /home/simi/franka_ros2_ws/install/franka_msgs/include/franka_msgs/franka_msgs/srv/detail/set_stiffness_frame__rosidl_typesupport_fastrtps_c.h
[2.945s] -- Up-to-date: /home/simi/franka_ros2_ws/install/franka_msgs/include/franka_msgs/franka_msgs/srv/detail/set_load__rosidl_typesupport_fastrtps_c.h
[2.945s] -- Up-to-date: /home/simi/franka_ros2_ws/install/franka_msgs/include/franka_msgs/franka_msgs/srv/detail/set_force_torque_collision_behavior__rosidl_typesupport_fastrtps_c.h
[2.946s] -- Up-to-date: /home/simi/franka_ros2_ws/install/franka_msgs/include/franka_msgs/franka_msgs/srv/detail/set_cartesian_stiffness__rosidl_typesupport_fastrtps_c.h
[2.946s] -- Up-to-date: /home/simi/franka_ros2_ws/install/franka_msgs/include/franka_msgs/franka_msgs/srv/detail/set_tcp_frame__rosidl_typesupport_fastrtps_c.h
[2.946s] -- Up-to-date: /home/simi/franka_ros2_ws/install/franka_msgs/include/franka_msgs/franka_msgs/srv/detail/set_joint_stiffness__rosidl_typesupport_fastrtps_c.h
[2.946s] -- Up-to-date: /home/simi/franka_ros2_ws/install/franka_msgs/include/franka_msgs/franka_msgs/srv/detail/set_full_collision_behavior__rosidl_typesupport_fastrtps_c.h
[2.946s] -- Up-to-date: /home/simi/franka_ros2_ws/install/franka_msgs/include/franka_msgs/franka_msgs/msg
[2.946s] -- Up-to-date: /home/simi/franka_ros2_ws/install/franka_msgs/include/franka_msgs/franka_msgs/msg/detail
[2.946s] -- Up-to-date: /home/simi/franka_ros2_ws/install/franka_msgs/include/franka_msgs/franka_msgs/msg/detail/errors__rosidl_typesupport_fastrtps_c.h
[2.946s] -- Up-to-date: /home/simi/franka_ros2_ws/install/franka_msgs/include/franka_msgs/franka_msgs/msg/detail/collision_indicators__rosidl_typesupport_fastrtps_c.h
[2.947s] -- Up-to-date: /home/simi/franka_ros2_ws/install/franka_msgs/include/franka_msgs/franka_msgs/msg/detail/elbow__rosidl_typesupport_fastrtps_c.h
[2.947s] -- Up-to-date: /home/simi/franka_ros2_ws/install/franka_msgs/include/franka_msgs/franka_msgs/msg/detail/grasp_epsilon__rosidl_typesupport_fastrtps_c.h
[2.947s] -- Up-to-date: /home/simi/franka_ros2_ws/install/franka_msgs/include/franka_msgs/franka_msgs/msg/detail/franka_robot_state__rosidl_typesupport_fastrtps_c.h
[2.947s] -- Up-to-date: /home/simi/franka_ros2_ws/install/franka_msgs/include/franka_msgs/franka_msgs/msg/rosidl_typesupport_fastrtps_c__visibility_control.h
[2.947s] -- Up-to-date: /home/simi/franka_ros2_ws/install/franka_msgs/include/franka_msgs/franka_msgs/action
[2.947s] -- Up-to-date: /home/simi/franka_ros2_ws/install/franka_msgs/include/franka_msgs/franka_msgs/action/detail
[2.947s] -- Up-to-date: /home/simi/franka_ros2_ws/install/franka_msgs/include/franka_msgs/franka_msgs/action/detail/homing__rosidl_typesupport_fastrtps_c.h
[2.947s] -- Up-to-date: /home/simi/franka_ros2_ws/install/franka_msgs/include/franka_msgs/franka_msgs/action/detail/move__rosidl_typesupport_fastrtps_c.h
[2.947s] -- Up-to-date: /home/simi/franka_ros2_ws/install/franka_msgs/include/franka_msgs/franka_msgs/action/detail/grasp__rosidl_typesupport_fastrtps_c.h
[2.947s] -- Up-to-date: /home/simi/franka_ros2_ws/install/franka_msgs/lib/libfranka_msgs__rosidl_typesupport_fastrtps_c.so
[2.947s] -- Up-to-date: /home/simi/franka_ros2_ws/install/franka_msgs/include/franka_msgs/franka_msgs
[2.948s] -- Up-to-date: /home/simi/franka_ros2_ws/install/franka_msgs/include/franka_msgs/franka_msgs/srv
[2.948s] -- Up-to-date: /home/simi/franka_ros2_ws/install/franka_msgs/include/franka_msgs/franka_msgs/srv/detail
[2.948s] -- Up-to-date: /home/simi/franka_ros2_ws/install/franka_msgs/include/franka_msgs/franka_msgs/srv/detail/set_force_torque_collision_behavior__rosidl_typesupport_introspection_c.h
[2.948s] -- Up-to-date: /home/simi/franka_ros2_ws/install/franka_msgs/include/franka_msgs/franka_msgs/srv/detail/set_load__type_support.c
[2.948s] -- Up-to-date: /home/simi/franka_ros2_ws/install/franka_msgs/include/franka_msgs/franka_msgs/srv/detail/set_force_torque_collision_behavior__type_support.c
[2.948s] -- Up-to-date: /home/simi/franka_ros2_ws/install/franka_msgs/include/franka_msgs/franka_msgs/srv/detail/set_tcp_frame__rosidl_typesupport_introspection_c.h
[2.948s] -- Up-to-date: /home/simi/franka_ros2_ws/install/franka_msgs/include/franka_msgs/franka_msgs/srv/detail/set_joint_stiffness__type_support.c
[2.948s] -- Up-to-date: /home/simi/franka_ros2_ws/install/franka_msgs/include/franka_msgs/franka_msgs/srv/detail/set_stiffness_frame__type_support.c
[2.948s] -- Up-to-date: /home/simi/franka_ros2_ws/install/franka_msgs/include/franka_msgs/franka_msgs/srv/detail/set_joint_stiffness__rosidl_typesupport_introspection_c.h
[2.948s] -- Up-to-date: /home/simi/franka_ros2_ws/install/franka_msgs/include/franka_msgs/franka_msgs/srv/detail/set_tcp_frame__type_support.c
[2.949s] -- Up-to-date: /home/simi/franka_ros2_ws/install/franka_msgs/include/franka_msgs/franka_msgs/srv/detail/set_cartesian_stiffness__rosidl_typesupport_introspection_c.h
[2.949s] -- Up-to-date: /home/simi/franka_ros2_ws/install/franka_msgs/include/franka_msgs/franka_msgs/srv/detail/set_full_collision_behavior__type_support.c
[2.949s] -- Up-to-date: /home/simi/franka_ros2_ws/install/franka_msgs/include/franka_msgs/franka_msgs/srv/detail/set_cartesian_stiffness__type_support.c
[2.949s] -- Up-to-date: /home/simi/franka_ros2_ws/install/franka_msgs/include/franka_msgs/franka_msgs/srv/detail/set_load__rosidl_typesupport_introspection_c.h
[2.949s] -- Up-to-date: /home/simi/franka_ros2_ws/install/franka_msgs/include/franka_msgs/franka_msgs/srv/detail/set_full_collision_behavior__rosidl_typesupport_introspection_c.h
[2.949s] -- Up-to-date: /home/simi/franka_ros2_ws/install/franka_msgs/include/franka_msgs/franka_msgs/srv/detail/set_stiffness_frame__rosidl_typesupport_introspection_c.h
[2.949s] -- Up-to-date: /home/simi/franka_ros2_ws/install/franka_msgs/include/franka_msgs/franka_msgs/msg
[2.949s] -- Up-to-date: /home/simi/franka_ros2_ws/install/franka_msgs/include/franka_msgs/franka_msgs/msg/detail
[2.949s] -- Up-to-date: /home/simi/franka_ros2_ws/install/franka_msgs/include/franka_msgs/franka_msgs/msg/detail/franka_robot_state__rosidl_typesupport_introspection_c.h
[2.950s] -- Up-to-date: /home/simi/franka_ros2_ws/install/franka_msgs/include/franka_msgs/franka_msgs/msg/detail/errors__type_support.c
[2.950s] -- Up-to-date: /home/simi/franka_ros2_ws/install/franka_msgs/include/franka_msgs/franka_msgs/msg/detail/errors__rosidl_typesupport_introspection_c.h
[2.950s] -- Up-to-date: /home/simi/franka_ros2_ws/install/franka_msgs/include/franka_msgs/franka_msgs/msg/detail/elbow__type_support.c
[2.950s] -- Up-to-date: /home/simi/franka_ros2_ws/install/franka_msgs/include/franka_msgs/franka_msgs/msg/detail/franka_robot_state__type_support.c
[2.950s] -- Up-to-date: /home/simi/franka_ros2_ws/install/franka_msgs/include/franka_msgs/franka_msgs/msg/detail/collision_indicators__rosidl_typesupport_introspection_c.h
[2.950s] -- Up-to-date: /home/simi/franka_ros2_ws/install/franka_msgs/include/franka_msgs/franka_msgs/msg/detail/grasp_epsilon__type_support.c
[2.950s] -- Up-to-date: /home/simi/franka_ros2_ws/install/franka_msgs/include/franka_msgs/franka_msgs/msg/detail/elbow__rosidl_typesupport_introspection_c.h
[2.950s] -- Up-to-date: /home/simi/franka_ros2_ws/install/franka_msgs/include/franka_msgs/franka_msgs/msg/detail/grasp_epsilon__rosidl_typesupport_introspection_c.h
[2.950s] -- Up-to-date: /home/simi/franka_ros2_ws/install/franka_msgs/include/franka_msgs/franka_msgs/msg/detail/collision_indicators__type_support.c
[2.950s] -- Up-to-date: /home/simi/franka_ros2_ws/install/franka_msgs/include/franka_msgs/franka_msgs/msg/rosidl_typesupport_introspection_c__visibility_control.h
[2.950s] -- Up-to-date: /home/simi/franka_ros2_ws/install/franka_msgs/include/franka_msgs/franka_msgs/action
[2.950s] -- Up-to-date: /home/simi/franka_ros2_ws/install/franka_msgs/include/franka_msgs/franka_msgs/action/detail
[2.951s] -- Up-to-date: /home/simi/franka_ros2_ws/install/franka_msgs/include/franka_msgs/franka_msgs/action/detail/homing__type_support.c
[2.951s] -- Up-to-date: /home/simi/franka_ros2_ws/install/franka_msgs/include/franka_msgs/franka_msgs/action/detail/move__rosidl_typesupport_introspection_c.h
[2.951s] -- Up-to-date: /home/simi/franka_ros2_ws/install/franka_msgs/include/franka_msgs/franka_msgs/action/detail/move__type_support.c
[2.951s] -- Up-to-date: /home/simi/franka_ros2_ws/install/franka_msgs/include/franka_msgs/franka_msgs/action/detail/homing__rosidl_typesupport_introspection_c.h
[2.951s] -- Up-to-date: /home/simi/franka_ros2_ws/install/franka_msgs/include/franka_msgs/franka_msgs/action/detail/grasp__type_support.c
[2.951s] -- Up-to-date: /home/simi/franka_ros2_ws/install/franka_msgs/include/franka_msgs/franka_msgs/action/detail/grasp__rosidl_typesupport_introspection_c.h
[2.951s] -- Up-to-date: /home/simi/franka_ros2_ws/install/franka_msgs/lib/libfranka_msgs__rosidl_typesupport_introspection_c.so
[2.951s] -- Up-to-date: /home/simi/franka_ros2_ws/install/franka_msgs/lib/libfranka_msgs__rosidl_typesupport_c.so
[2.951s] -- Up-to-date: /home/simi/franka_ros2_ws/install/franka_msgs/include/franka_msgs/franka_msgs
[2.951s] -- Up-to-date: /home/simi/franka_ros2_ws/install/franka_msgs/include/franka_msgs/franka_msgs/srv
[2.952s] -- Up-to-date: /home/simi/franka_ros2_ws/install/franka_msgs/include/franka_msgs/franka_msgs/srv/detail
[2.952s] -- Up-to-date: /home/simi/franka_ros2_ws/install/franka_msgs/include/franka_msgs/franka_msgs/srv/detail/set_tcp_frame__struct.hpp
[2.952s] -- Up-to-date: /home/simi/franka_ros2_ws/install/franka_msgs/include/franka_msgs/franka_msgs/srv/detail/set_full_collision_behavior__struct.hpp
[2.952s] -- Up-to-date: /home/simi/franka_ros2_ws/install/franka_msgs/include/franka_msgs/franka_msgs/srv/detail/set_force_torque_collision_behavior__struct.hpp
[2.952s] -- Up-to-date: /home/simi/franka_ros2_ws/install/franka_msgs/include/franka_msgs/franka_msgs/srv/detail/set_load__builder.hpp
[2.952s] -- Up-to-date: /home/simi/franka_ros2_ws/install/franka_msgs/include/franka_msgs/franka_msgs/srv/detail/set_cartesian_stiffness__builder.hpp
[2.952s] -- Up-to-date: /home/simi/franka_ros2_ws/install/franka_msgs/include/franka_msgs/franka_msgs/srv/detail/set_tcp_frame__builder.hpp
[2.952s] -- Up-to-date: /home/simi/franka_ros2_ws/install/franka_msgs/include/franka_msgs/franka_msgs/srv/detail/set_stiffness_frame__struct.hpp
[2.952s] -- Up-to-date: /home/simi/franka_ros2_ws/install/franka_msgs/include/franka_msgs/franka_msgs/srv/detail/set_stiffness_frame__builder.hpp
[2.952s] -- Up-to-date: /home/simi/franka_ros2_ws/install/franka_msgs/include/franka_msgs/franka_msgs/srv/detail/set_joint_stiffness__builder.hpp
[2.952s] -- Up-to-date: /home/simi/franka_ros2_ws/install/franka_msgs/include/franka_msgs/franka_msgs/srv/detail/set_cartesian_stiffness__traits.hpp
[2.952s] -- Up-to-date: /home/simi/franka_ros2_ws/install/franka_msgs/include/franka_msgs/franka_msgs/srv/detail/set_stiffness_frame__traits.hpp
[2.953s] -- Up-to-date: /home/simi/franka_ros2_ws/install/franka_msgs/include/franka_msgs/franka_msgs/srv/detail/set_full_collision_behavior__traits.hpp
[2.953s] -- Up-to-date: /home/simi/franka_ros2_ws/install/franka_msgs/include/franka_msgs/franka_msgs/srv/detail/set_force_torque_collision_behavior__builder.hpp
[2.953s] -- Up-to-date: /home/simi/franka_ros2_ws/install/franka_msgs/include/franka_msgs/franka_msgs/srv/detail/set_load__struct.hpp
[2.953s] -- Up-to-date: /home/simi/franka_ros2_ws/install/franka_msgs/include/franka_msgs/franka_msgs/srv/detail/set_force_torque_collision_behavior__traits.hpp
[2.953s] -- Up-to-date: /home/simi/franka_ros2_ws/install/franka_msgs/include/franka_msgs/franka_msgs/srv/detail/set_load__traits.hpp
[2.953s] -- Up-to-date: /home/simi/franka_ros2_ws/install/franka_msgs/include/franka_msgs/franka_msgs/srv/detail/set_tcp_frame__traits.hpp
[2.953s] -- Up-to-date: /home/simi/franka_ros2_ws/install/franka_msgs/include/franka_msgs/franka_msgs/srv/detail/set_joint_stiffness__traits.hpp
[2.953s] -- Up-to-date: /home/simi/franka_ros2_ws/install/franka_msgs/include/franka_msgs/franka_msgs/srv/detail/set_full_collision_behavior__builder.hpp
[2.953s] -- Up-to-date: /home/simi/franka_ros2_ws/install/franka_msgs/include/franka_msgs/franka_msgs/srv/detail/set_cartesian_stiffness__struct.hpp
[2.953s] -- Up-to-date: /home/simi/franka_ros2_ws/install/franka_msgs/include/franka_msgs/franka_msgs/srv/detail/set_joint_stiffness__struct.hpp
[2.953s] -- Up-to-date: /home/simi/franka_ros2_ws/install/franka_msgs/include/franka_msgs/franka_msgs/srv/set_force_torque_collision_behavior.hpp
[2.953s] -- Up-to-date: /home/simi/franka_ros2_ws/install/franka_msgs/include/franka_msgs/franka_msgs/srv/set_load.hpp
[2.954s] -- Up-to-date: /home/simi/franka_ros2_ws/install/franka_msgs/include/franka_msgs/franka_msgs/srv/set_joint_stiffness.hpp
[2.954s] -- Up-to-date: /home/simi/franka_ros2_ws/install/franka_msgs/include/franka_msgs/franka_msgs/srv/set_cartesian_stiffness.hpp
[2.954s] -- Up-to-date: /home/simi/franka_ros2_ws/install/franka_msgs/include/franka_msgs/franka_msgs/srv/set_tcp_frame.hpp
[2.954s] -- Up-to-date: /home/simi/franka_ros2_ws/install/franka_msgs/include/franka_msgs/franka_msgs/srv/set_stiffness_frame.hpp
[2.954s] -- Up-to-date: /home/simi/franka_ros2_ws/install/franka_msgs/include/franka_msgs/franka_msgs/srv/set_full_collision_behavior.hpp
[2.954s] -- Up-to-date: /home/simi/franka_ros2_ws/install/franka_msgs/include/franka_msgs/franka_msgs/msg
[2.954s] -- Up-to-date: /home/simi/franka_ros2_ws/install/franka_msgs/include/franka_msgs/franka_msgs/msg/detail
[2.954s] -- Up-to-date: /home/simi/franka_ros2_ws/install/franka_msgs/include/franka_msgs/franka_msgs/msg/detail/errors__traits.hpp
[2.954s] -- Up-to-date: /home/simi/franka_ros2_ws/install/franka_msgs/include/franka_msgs/franka_msgs/msg/detail/grasp_epsilon__builder.hpp
[2.954s] -- Up-to-date: /home/simi/franka_ros2_ws/install/franka_msgs/include/franka_msgs/franka_msgs/msg/detail/errors__struct.hpp
[2.954s] -- Up-to-date: /home/simi/franka_ros2_ws/install/franka_msgs/include/franka_msgs/franka_msgs/msg/detail/collision_indicators__struct.hpp
[2.954s] -- Up-to-date: /home/simi/franka_ros2_ws/install/franka_msgs/include/franka_msgs/franka_msgs/msg/detail/franka_robot_state__builder.hpp
[2.955s] -- Up-to-date: /home/simi/franka_ros2_ws/install/franka_msgs/include/franka_msgs/franka_msgs/msg/detail/elbow__builder.hpp
[2.955s] -- Up-to-date: /home/simi/franka_ros2_ws/install/franka_msgs/include/franka_msgs/franka_msgs/msg/detail/elbow__struct.hpp
[2.955s] -- Up-to-date: /home/simi/franka_ros2_ws/install/franka_msgs/include/franka_msgs/franka_msgs/msg/detail/grasp_epsilon__struct.hpp
[2.955s] -- Up-to-date: /home/simi/franka_ros2_ws/install/franka_msgs/include/franka_msgs/franka_msgs/msg/detail/collision_indicators__builder.hpp
[2.955s] -- Up-to-date: /home/simi/franka_ros2_ws/install/franka_msgs/include/franka_msgs/franka_msgs/msg/detail/franka_robot_state__traits.hpp
[2.955s] -- Up-to-date: /home/simi/franka_ros2_ws/install/franka_msgs/include/franka_msgs/franka_msgs/msg/detail/franka_robot_state__struct.hpp
[2.955s] -- Up-to-date: /home/simi/franka_ros2_ws/install/franka_msgs/include/franka_msgs/franka_msgs/msg/detail/grasp_epsilon__traits.hpp
[2.955s] -- Up-to-date: /home/simi/franka_ros2_ws/install/franka_msgs/include/franka_msgs/franka_msgs/msg/detail/elbow__traits.hpp
[2.955s] -- Up-to-date: /home/simi/franka_ros2_ws/install/franka_msgs/include/franka_msgs/franka_msgs/msg/detail/collision_indicators__traits.hpp
[2.955s] -- Up-to-date: /home/simi/franka_ros2_ws/install/franka_msgs/include/franka_msgs/franka_msgs/msg/detail/errors__builder.hpp
[2.955s] -- Up-to-date: /home/simi/franka_ros2_ws/install/franka_msgs/include/franka_msgs/franka_msgs/msg/errors.hpp
[2.955s] -- Up-to-date: /home/simi/franka_ros2_ws/install/franka_msgs/include/franka_msgs/franka_msgs/msg/franka_robot_state.hpp
[2.956s] -- Up-to-date: /home/simi/franka_ros2_ws/install/franka_msgs/include/franka_msgs/franka_msgs/msg/collision_indicators.hpp
[2.956s] -- Up-to-date: /home/simi/franka_ros2_ws/install/franka_msgs/include/franka_msgs/franka_msgs/msg/grasp_epsilon.hpp
[2.956s] -- Up-to-date: /home/simi/franka_ros2_ws/install/franka_msgs/include/franka_msgs/franka_msgs/msg/elbow.hpp
[2.956s] -- Up-to-date: /home/simi/franka_ros2_ws/install/franka_msgs/include/franka_msgs/franka_msgs/action
[2.956s] -- Up-to-date: /home/simi/franka_ros2_ws/install/franka_msgs/include/franka_msgs/franka_msgs/action/detail
[2.956s] -- Up-to-date: /home/simi/franka_ros2_ws/install/franka_msgs/include/franka_msgs/franka_msgs/action/detail/move__builder.hpp
[2.956s] -- Up-to-date: /home/simi/franka_ros2_ws/install/franka_msgs/include/franka_msgs/franka_msgs/action/detail/homing__struct.hpp
[2.956s] -- Up-to-date: /home/simi/franka_ros2_ws/install/franka_msgs/include/franka_msgs/franka_msgs/action/detail/homing__builder.hpp
[2.956s] -- Up-to-date: /home/simi/franka_ros2_ws/install/franka_msgs/include/franka_msgs/franka_msgs/action/detail/grasp__struct.hpp
[2.956s] -- Up-to-date: /home/simi/franka_ros2_ws/install/franka_msgs/include/franka_msgs/franka_msgs/action/detail/move__traits.hpp
[2.956s] -- Up-to-date: /home/simi/franka_ros2_ws/install/franka_msgs/include/franka_msgs/franka_msgs/action/detail/grasp__traits.hpp
[2.956s] -- Up-to-date: /home/simi/franka_ros2_ws/install/franka_msgs/include/franka_msgs/franka_msgs/action/detail/homing__traits.hpp
[2.957s] -- Up-to-date: /home/simi/franka_ros2_ws/install/franka_msgs/include/franka_msgs/franka_msgs/action/detail/move__struct.hpp
[2.957s] -- Up-to-date: /home/simi/franka_ros2_ws/install/franka_msgs/include/franka_msgs/franka_msgs/action/detail/grasp__builder.hpp
[2.957s] -- Up-to-date: /home/simi/franka_ros2_ws/install/franka_msgs/include/franka_msgs/franka_msgs/action/grasp.hpp
[2.957s] -- Up-to-date: /home/simi/franka_ros2_ws/install/franka_msgs/include/franka_msgs/franka_msgs/action/move.hpp
[2.957s] -- Up-to-date: /home/simi/franka_ros2_ws/install/franka_msgs/include/franka_msgs/franka_msgs/action/homing.hpp
[2.957s] -- Up-to-date: /home/simi/franka_ros2_ws/install/franka_msgs/include/franka_msgs/franka_msgs
[2.957s] -- Up-to-date: /home/simi/franka_ros2_ws/install/franka_msgs/include/franka_msgs/franka_msgs/srv
[2.957s] -- Up-to-date: /home/simi/franka_ros2_ws/install/franka_msgs/include/franka_msgs/franka_msgs/srv/detail
[2.957s] -- Up-to-date: /home/simi/franka_ros2_ws/install/franka_msgs/include/franka_msgs/franka_msgs/srv/detail/set_force_torque_collision_behavior__rosidl_typesupport_fastrtps_cpp.hpp
[2.957s] -- Up-to-date: /home/simi/franka_ros2_ws/install/franka_msgs/include/franka_msgs/franka_msgs/srv/detail/set_joint_stiffness__rosidl_typesupport_fastrtps_cpp.hpp
[2.958s] -- Up-to-date: /home/simi/franka_ros2_ws/install/franka_msgs/include/franka_msgs/franka_msgs/srv/detail/set_load__rosidl_typesupport_fastrtps_cpp.hpp
[2.958s] -- Up-to-date: /home/simi/franka_ros2_ws/install/franka_msgs/include/franka_msgs/franka_msgs/srv/detail/set_tcp_frame__rosidl_typesupport_fastrtps_cpp.hpp
[2.958s] -- Up-to-date: /home/simi/franka_ros2_ws/install/franka_msgs/include/franka_msgs/franka_msgs/srv/detail/set_cartesian_stiffness__rosidl_typesupport_fastrtps_cpp.hpp
[2.958s] -- Up-to-date: /home/simi/franka_ros2_ws/install/franka_msgs/include/franka_msgs/franka_msgs/srv/detail/set_stiffness_frame__rosidl_typesupport_fastrtps_cpp.hpp
[2.958s] -- Up-to-date: /home/simi/franka_ros2_ws/install/franka_msgs/include/franka_msgs/franka_msgs/srv/detail/set_full_collision_behavior__rosidl_typesupport_fastrtps_cpp.hpp
[2.958s] -- Up-to-date: /home/simi/franka_ros2_ws/install/franka_msgs/include/franka_msgs/franka_msgs/srv/detail/dds_fastrtps
[2.958s] -- Up-to-date: /home/simi/franka_ros2_ws/install/franka_msgs/include/franka_msgs/franka_msgs/msg
[2.958s] -- Up-to-date: /home/simi/franka_ros2_ws/install/franka_msgs/include/franka_msgs/franka_msgs/msg/detail
[2.958s] -- Up-to-date: /home/simi/franka_ros2_ws/install/franka_msgs/include/franka_msgs/franka_msgs/msg/detail/errors__rosidl_typesupport_fastrtps_cpp.hpp
[2.958s] -- Up-to-date: /home/simi/franka_ros2_ws/install/franka_msgs/include/franka_msgs/franka_msgs/msg/detail/franka_robot_state__rosidl_typesupport_fastrtps_cpp.hpp
[2.958s] -- Up-to-date: /home/simi/franka_ros2_ws/install/franka_msgs/include/franka_msgs/franka_msgs/msg/detail/elbow__rosidl_typesupport_fastrtps_cpp.hpp
[2.958s] -- Up-to-date: /home/simi/franka_ros2_ws/install/franka_msgs/include/franka_msgs/franka_msgs/msg/detail/collision_indicators__rosidl_typesupport_fastrtps_cpp.hpp
[2.958s] -- Up-to-date: /home/simi/franka_ros2_ws/install/franka_msgs/include/franka_msgs/franka_msgs/msg/detail/grasp_epsilon__rosidl_typesupport_fastrtps_cpp.hpp
[2.959s] -- Up-to-date: /home/simi/franka_ros2_ws/install/franka_msgs/include/franka_msgs/franka_msgs/msg/detail/dds_fastrtps
[2.959s] -- Up-to-date: /home/simi/franka_ros2_ws/install/franka_msgs/include/franka_msgs/franka_msgs/msg/rosidl_typesupport_fastrtps_cpp__visibility_control.h
[2.959s] -- Up-to-date: /home/simi/franka_ros2_ws/install/franka_msgs/include/franka_msgs/franka_msgs/action
[2.959s] -- Up-to-date: /home/simi/franka_ros2_ws/install/franka_msgs/include/franka_msgs/franka_msgs/action/detail
[2.959s] -- Up-to-date: /home/simi/franka_ros2_ws/install/franka_msgs/include/franka_msgs/franka_msgs/action/detail/homing__rosidl_typesupport_fastrtps_cpp.hpp
[2.959s] -- Up-to-date: /home/simi/franka_ros2_ws/install/franka_msgs/include/franka_msgs/franka_msgs/action/detail/grasp__rosidl_typesupport_fastrtps_cpp.hpp
[2.959s] -- Up-to-date: /home/simi/franka_ros2_ws/install/franka_msgs/include/franka_msgs/franka_msgs/action/detail/move__rosidl_typesupport_fastrtps_cpp.hpp
[2.959s] -- Up-to-date: /home/simi/franka_ros2_ws/install/franka_msgs/include/franka_msgs/franka_msgs/action/detail/dds_fastrtps
[2.959s] -- Up-to-date: /home/simi/franka_ros2_ws/install/franka_msgs/lib/libfranka_msgs__rosidl_typesupport_fastrtps_cpp.so
[2.959s] -- Up-to-date: /home/simi/franka_ros2_ws/install/franka_msgs/include/franka_msgs/franka_msgs
[2.959s] -- Up-to-date: /home/simi/franka_ros2_ws/install/franka_msgs/include/franka_msgs/franka_msgs/srv
[2.959s] -- Up-to-date: /home/simi/franka_ros2_ws/install/franka_msgs/include/franka_msgs/franka_msgs/srv/detail
[2.959s] -- Up-to-date: /home/simi/franka_ros2_ws/install/franka_msgs/include/franka_msgs/franka_msgs/srv/detail/set_stiffness_frame__type_support.cpp
[2.959s] -- Up-to-date: /home/simi/franka_ros2_ws/install/franka_msgs/include/franka_msgs/franka_msgs/srv/detail/set_tcp_frame__type_support.cpp
[2.959s] -- Up-to-date: /home/simi/franka_ros2_ws/install/franka_msgs/include/franka_msgs/franka_msgs/srv/detail/set_joint_stiffness__type_support.cpp
[2.959s] -- Up-to-date: /home/simi/franka_ros2_ws/install/franka_msgs/include/franka_msgs/franka_msgs/srv/detail/set_load__type_support.cpp
[2.959s] -- Up-to-date: /home/simi/franka_ros2_ws/install/franka_msgs/include/franka_msgs/franka_msgs/srv/detail/set_force_torque_collision_behavior__rosidl_typesupport_introspection_cpp.hpp
[2.959s] -- Up-to-date: /home/simi/franka_ros2_ws/install/franka_msgs/include/franka_msgs/franka_msgs/srv/detail/set_stiffness_frame__rosidl_typesupport_introspection_cpp.hpp
[2.960s] -- Up-to-date: /home/simi/franka_ros2_ws/install/franka_msgs/include/franka_msgs/franka_msgs/srv/detail/set_joint_stiffness__rosidl_typesupport_introspection_cpp.hpp
[2.960s] -- Up-to-date: /home/simi/franka_ros2_ws/install/franka_msgs/include/franka_msgs/franka_msgs/srv/detail/set_tcp_frame__rosidl_typesupport_introspection_cpp.hpp
[2.960s] -- Up-to-date: /home/simi/franka_ros2_ws/install/franka_msgs/include/franka_msgs/franka_msgs/srv/detail/set_full_collision_behavior__rosidl_typesupport_introspection_cpp.hpp
[2.960s] -- Up-to-date: /home/simi/franka_ros2_ws/install/franka_msgs/include/franka_msgs/franka_msgs/srv/detail/set_load__rosidl_typesupport_introspection_cpp.hpp
[2.960s] -- Up-to-date: /home/simi/franka_ros2_ws/install/franka_msgs/include/franka_msgs/franka_msgs/srv/detail/set_cartesian_stiffness__type_support.cpp
[2.960s] -- Up-to-date: /home/simi/franka_ros2_ws/install/franka_msgs/include/franka_msgs/franka_msgs/srv/detail/set_cartesian_stiffness__rosidl_typesupport_introspection_cpp.hpp
[2.960s] -- Up-to-date: /home/simi/franka_ros2_ws/install/franka_msgs/include/franka_msgs/franka_msgs/srv/detail/set_full_collision_behavior__type_support.cpp
[2.960s] -- Up-to-date: /home/simi/franka_ros2_ws/install/franka_msgs/include/franka_msgs/franka_msgs/srv/detail/set_force_torque_collision_behavior__type_support.cpp
[2.960s] -- Up-to-date: /home/simi/franka_ros2_ws/install/franka_msgs/include/franka_msgs/franka_msgs/msg
[2.960s] -- Up-to-date: /home/simi/franka_ros2_ws/install/franka_msgs/include/franka_msgs/franka_msgs/msg/detail
[2.960s] -- Up-to-date: /home/simi/franka_ros2_ws/install/franka_msgs/include/franka_msgs/franka_msgs/msg/detail/collision_indicators__type_support.cpp
[2.960s] -- Up-to-date: /home/simi/franka_ros2_ws/install/franka_msgs/include/franka_msgs/franka_msgs/msg/detail/collision_indicators__rosidl_typesupport_introspection_cpp.hpp
[2.960s] -- Up-to-date: /home/simi/franka_ros2_ws/install/franka_msgs/include/franka_msgs/franka_msgs/msg/detail/grasp_epsilon__rosidl_typesupport_introspection_cpp.hpp
[2.961s] -- Up-to-date: /home/simi/franka_ros2_ws/install/franka_msgs/include/franka_msgs/franka_msgs/msg/detail/franka_robot_state__type_support.cpp
[2.961s] -- Up-to-date: /home/simi/franka_ros2_ws/install/franka_msgs/include/franka_msgs/franka_msgs/msg/detail/errors__type_support.cpp
[2.961s] -- Up-to-date: /home/simi/franka_ros2_ws/install/franka_msgs/include/franka_msgs/franka_msgs/msg/detail/franka_robot_state__rosidl_typesupport_introspection_cpp.hpp
[2.961s] -- Up-to-date: /home/simi/franka_ros2_ws/install/franka_msgs/include/franka_msgs/franka_msgs/msg/detail/elbow__rosidl_typesupport_introspection_cpp.hpp
[2.961s] -- Up-to-date: /home/simi/franka_ros2_ws/install/franka_msgs/include/franka_msgs/franka_msgs/msg/detail/elbow__type_support.cpp
[2.961s] -- Up-to-date: /home/simi/franka_ros2_ws/install/franka_msgs/include/franka_msgs/franka_msgs/msg/detail/grasp_epsilon__type_support.cpp
[2.961s] -- Up-to-date: /home/simi/franka_ros2_ws/install/franka_msgs/include/franka_msgs/franka_msgs/msg/detail/errors__rosidl_typesupport_introspection_cpp.hpp
[2.961s] -- Up-to-date: /home/simi/franka_ros2_ws/install/franka_msgs/include/franka_msgs/franka_msgs/action
[2.961s] -- Up-to-date: /home/simi/franka_ros2_ws/install/franka_msgs/include/franka_msgs/franka_msgs/action/detail
[2.961s] -- Up-to-date: /home/simi/franka_ros2_ws/install/franka_msgs/include/franka_msgs/franka_msgs/action/detail/move__rosidl_typesupport_introspection_cpp.hpp
[2.961s] -- Up-to-date: /home/simi/franka_ros2_ws/install/franka_msgs/include/franka_msgs/franka_msgs/action/detail/move__type_support.cpp
[2.961s] -- Up-to-date: /home/simi/franka_ros2_ws/install/franka_msgs/include/franka_msgs/franka_msgs/action/detail/grasp__rosidl_typesupport_introspection_cpp.hpp
[2.961s] -- Up-to-date: /home/simi/franka_ros2_ws/install/franka_msgs/include/franka_msgs/franka_msgs/action/detail/homing__type_support.cpp
[2.961s] -- Up-to-date: /home/simi/franka_ros2_ws/install/franka_msgs/include/franka_msgs/franka_msgs/action/detail/grasp__type_support.cpp
[2.961s] -- Up-to-date: /home/simi/franka_ros2_ws/install/franka_msgs/include/franka_msgs/franka_msgs/action/detail/homing__rosidl_typesupport_introspection_cpp.hpp
[2.961s] -- Up-to-date: /home/simi/franka_ros2_ws/install/franka_msgs/lib/libfranka_msgs__rosidl_typesupport_introspection_cpp.so
[2.962s] -- Up-to-date: /home/simi/franka_ros2_ws/install/franka_msgs/lib/libfranka_msgs__rosidl_typesupport_cpp.so
[2.962s] -- Up-to-date: /home/simi/franka_ros2_ws/install/franka_msgs/share/franka_msgs/environment/pythonpath.sh
[2.962s] -- Installing: /home/simi/franka_ros2_ws/install/franka_msgs/share/franka_msgs/environment/pythonpath.dsv
[2.962s] -- Up-to-date: /home/simi/franka_ros2_ws/install/franka_msgs/local/lib/python3.10/dist-packages/franka_msgs-0.1.13-py3.10.egg-info
[2.962s] -- Installing: /home/simi/franka_ros2_ws/install/franka_msgs/local/lib/python3.10/dist-packages/franka_msgs-0.1.13-py3.10.egg-info/dependency_links.txt
[2.962s] -- Installing: /home/simi/franka_ros2_ws/install/franka_msgs/local/lib/python3.10/dist-packages/franka_msgs-0.1.13-py3.10.egg-info/top_level.txt
[2.962s] -- Installing: /home/simi/franka_ros2_ws/install/franka_msgs/local/lib/python3.10/dist-packages/franka_msgs-0.1.13-py3.10.egg-info/PKG-INFO
[2.962s] -- Installing: /home/simi/franka_ros2_ws/install/franka_msgs/local/lib/python3.10/dist-packages/franka_msgs-0.1.13-py3.10.egg-info/SOURCES.txt
[2.962s] -- Up-to-date: /home/simi/franka_ros2_ws/install/franka_msgs/local/lib/python3.10/dist-packages/franka_msgs
[2.962s] -- Installing: /home/simi/franka_ros2_ws/install/franka_msgs/local/lib/python3.10/dist-packages/franka_msgs/__init__.py
[2.962s] -- Up-to-date: /home/simi/franka_ros2_ws/install/franka_msgs/local/lib/python3.10/dist-packages/franka_msgs/libfranka_msgs__rosidl_generator_py.so
[2.962s] -- Up-to-date: /home/simi/franka_ros2_ws/install/franka_msgs/local/lib/python3.10/dist-packages/franka_msgs/srv
[2.962s] -- Up-to-date: /home/simi/franka_ros2_ws/install/franka_msgs/local/lib/python3.10/dist-packages/franka_msgs/srv/_set_full_collision_behavior_s.c
[2.962s] -- Up-to-date: /home/simi/franka_ros2_ws/install/franka_msgs/local/lib/python3.10/dist-packages/franka_msgs/srv/_set_load_s.c
[2.962s] -- Up-to-date: /home/simi/franka_ros2_ws/install/franka_msgs/local/lib/python3.10/dist-packages/franka_msgs/srv/__init__.py
[2.962s] -- Up-to-date: /home/simi/franka_ros2_ws/install/franka_msgs/local/lib/python3.10/dist-packages/franka_msgs/srv/_set_cartesian_stiffness_s.c
[2.963s] -- Up-to-date: /home/simi/franka_ros2_ws/install/franka_msgs/local/lib/python3.10/dist-packages/franka_msgs/srv/_set_cartesian_stiffness.py
[2.963s] -- Up-to-date: /home/simi/franka_ros2_ws/install/franka_msgs/local/lib/python3.10/dist-packages/franka_msgs/srv/_set_stiffness_frame_s.c
[2.963s] -- Up-to-date: /home/simi/franka_ros2_ws/install/franka_msgs/local/lib/python3.10/dist-packages/franka_msgs/srv/_set_stiffness_frame.py
[2.963s] -- Up-to-date: /home/simi/franka_ros2_ws/install/franka_msgs/local/lib/python3.10/dist-packages/franka_msgs/srv/_set_joint_stiffness_s.c
[2.963s] -- Up-to-date: /home/simi/franka_ros2_ws/install/franka_msgs/local/lib/python3.10/dist-packages/franka_msgs/srv/_set_tcp_frame.py
[2.963s] -- Up-to-date: /home/simi/franka_ros2_ws/install/franka_msgs/local/lib/python3.10/dist-packages/franka_msgs/srv/_set_load.py
[2.963s] -- Up-to-date: /home/simi/franka_ros2_ws/install/franka_msgs/local/lib/python3.10/dist-packages/franka_msgs/srv/_set_tcp_frame_s.c
[2.963s] -- Up-to-date: /home/simi/franka_ros2_ws/install/franka_msgs/local/lib/python3.10/dist-packages/franka_msgs/srv/_set_full_collision_behavior.py
[2.963s] -- Up-to-date: /home/simi/franka_ros2_ws/install/franka_msgs/local/lib/python3.10/dist-packages/franka_msgs/srv/_set_force_torque_collision_behavior.py
[2.963s] -- Up-to-date: /home/simi/franka_ros2_ws/install/franka_msgs/local/lib/python3.10/dist-packages/franka_msgs/srv/_set_joint_stiffness.py
[2.963s] -- Up-to-date: /home/simi/franka_ros2_ws/install/franka_msgs/local/lib/python3.10/dist-packages/franka_msgs/srv/_set_force_torque_collision_behavior_s.c
[2.963s] -- Up-to-date: /home/simi/franka_ros2_ws/install/franka_msgs/local/lib/python3.10/dist-packages/franka_msgs/franka_msgs_s__rosidl_typesupport_introspection_c.cpython-310-x86_64-linux-gnu.so
[2.963s] -- Up-to-date: /home/simi/franka_ros2_ws/install/franka_msgs/local/lib/python3.10/dist-packages/franka_msgs/franka_msgs_s__rosidl_typesupport_c.cpython-310-x86_64-linux-gnu.so
[2.963s] -- Up-to-date: /home/simi/franka_ros2_ws/install/franka_msgs/local/lib/python3.10/dist-packages/franka_msgs/msg
[2.963s] -- Up-to-date: /home/simi/franka_ros2_ws/install/franka_msgs/local/lib/python3.10/dist-packages/franka_msgs/msg/_errors_s.c
[2.963s] -- Up-to-date: /home/simi/franka_ros2_ws/install/franka_msgs/local/lib/python3.10/dist-packages/franka_msgs/msg/_errors.py
[2.963s] -- Up-to-date: /home/simi/franka_ros2_ws/install/franka_msgs/local/lib/python3.10/dist-packages/franka_msgs/msg/__init__.py
[2.964s] -- Up-to-date: /home/simi/franka_ros2_ws/install/franka_msgs/local/lib/python3.10/dist-packages/franka_msgs/msg/_collision_indicators.py
[2.964s] -- Up-to-date: /home/simi/franka_ros2_ws/install/franka_msgs/local/lib/python3.10/dist-packages/franka_msgs/msg/_franka_robot_state_s.c
[2.964s] -- Up-to-date: /home/simi/franka_ros2_ws/install/franka_msgs/local/lib/python3.10/dist-packages/franka_msgs/msg/_collision_indicators_s.c
[2.964s] -- Up-to-date: /home/simi/franka_ros2_ws/install/franka_msgs/local/lib/python3.10/dist-packages/franka_msgs/msg/_franka_robot_state.py
[2.964s] -- Up-to-date: /home/simi/franka_ros2_ws/install/franka_msgs/local/lib/python3.10/dist-packages/franka_msgs/msg/_elbow.py
[2.964s] -- Up-to-date: /home/simi/franka_ros2_ws/install/franka_msgs/local/lib/python3.10/dist-packages/franka_msgs/msg/_grasp_epsilon_s.c
[2.964s] -- Up-to-date: /home/simi/franka_ros2_ws/install/franka_msgs/local/lib/python3.10/dist-packages/franka_msgs/msg/_elbow_s.c
[2.964s] -- Up-to-date: /home/simi/franka_ros2_ws/install/franka_msgs/local/lib/python3.10/dist-packages/franka_msgs/msg/_grasp_epsilon.py
[2.964s] -- Up-to-date: /home/simi/franka_ros2_ws/install/franka_msgs/local/lib/python3.10/dist-packages/franka_msgs/_franka_msgs_s.ep.rosidl_typesupport_c.c
[2.964s] -- Up-to-date: /home/simi/franka_ros2_ws/install/franka_msgs/local/lib/python3.10/dist-packages/franka_msgs/_franka_msgs_s.ep.rosidl_typesupport_fastrtps_c.c
[2.964s] -- Up-to-date: /home/simi/franka_ros2_ws/install/franka_msgs/local/lib/python3.10/dist-packages/franka_msgs/action
[2.964s] -- Up-to-date: /home/simi/franka_ros2_ws/install/franka_msgs/local/lib/python3.10/dist-packages/franka_msgs/action/_homing_s.c
[2.964s] -- Up-to-date: /home/simi/franka_ros2_ws/install/franka_msgs/local/lib/python3.10/dist-packages/franka_msgs/action/_move.py
[2.964s] -- Up-to-date: /home/simi/franka_ros2_ws/install/franka_msgs/local/lib/python3.10/dist-packages/franka_msgs/action/__init__.py
[2.964s] -- Up-to-date: /home/simi/franka_ros2_ws/install/franka_msgs/local/lib/python3.10/dist-packages/franka_msgs/action/_move_s.c
[2.964s] -- Up-to-date: /home/simi/franka_ros2_ws/install/franka_msgs/local/lib/python3.10/dist-packages/franka_msgs/action/_grasp_s.c
[2.965s] -- Up-to-date: /home/simi/franka_ros2_ws/install/franka_msgs/local/lib/python3.10/dist-packages/franka_msgs/action/_grasp.py
[2.965s] -- Up-to-date: /home/simi/franka_ros2_ws/install/franka_msgs/local/lib/python3.10/dist-packages/franka_msgs/action/_homing.py
[2.965s] -- Up-to-date: /home/simi/franka_ros2_ws/install/franka_msgs/local/lib/python3.10/dist-packages/franka_msgs/franka_msgs_s__rosidl_typesupport_fastrtps_c.cpython-310-x86_64-linux-gnu.so
[2.965s] -- Up-to-date: /home/simi/franka_ros2_ws/install/franka_msgs/local/lib/python3.10/dist-packages/franka_msgs/_franka_msgs_s.ep.rosidl_typesupport_introspection_c.c
[2.981s] Listing '/home/simi/franka_ros2_ws/install/franka_msgs/local/lib/python3.10/dist-packages/franka_msgs'...
[2.981s] Compiling '/home/simi/franka_ros2_ws/install/franka_msgs/local/lib/python3.10/dist-packages/franka_msgs/__init__.py'...
[2.981s] Listing '/home/simi/franka_ros2_ws/install/franka_msgs/local/lib/python3.10/dist-packages/franka_msgs/action'...
[2.981s] Listing '/home/simi/franka_ros2_ws/install/franka_msgs/local/lib/python3.10/dist-packages/franka_msgs/msg'...
[2.982s] Listing '/home/simi/franka_ros2_ws/install/franka_msgs/local/lib/python3.10/dist-packages/franka_msgs/srv'...
[2.987s] -- Up-to-date: /home/simi/franka_ros2_ws/install/franka_msgs/local/lib/python3.10/dist-packages/franka_msgs/franka_msgs_s__rosidl_typesupport_fastrtps_c.cpython-310-x86_64-linux-gnu.so
[2.987s] -- Up-to-date: /home/simi/franka_ros2_ws/install/franka_msgs/local/lib/python3.10/dist-packages/franka_msgs/franka_msgs_s__rosidl_typesupport_introspection_c.cpython-310-x86_64-linux-gnu.so
[2.987s] -- Up-to-date: /home/simi/franka_ros2_ws/install/franka_msgs/local/lib/python3.10/dist-packages/franka_msgs/franka_msgs_s__rosidl_typesupport_c.cpython-310-x86_64-linux-gnu.so
[2.987s] -- Up-to-date: /home/simi/franka_ros2_ws/install/franka_msgs/lib/libfranka_msgs__rosidl_generator_py.so
[2.988s] -- Up-to-date: /home/simi/franka_ros2_ws/install/franka_msgs/share/franka_msgs/action/Grasp.idl
[2.988s] -- Up-to-date: /home/simi/franka_ros2_ws/install/franka_msgs/share/franka_msgs/action/Homing.idl
[2.988s] -- Up-to-date: /home/simi/franka_ros2_ws/install/franka_msgs/share/franka_msgs/action/Move.idl
[2.988s] -- Up-to-date: /home/simi/franka_ros2_ws/install/franka_msgs/share/franka_msgs/msg/CollisionIndicators.idl
[2.988s] -- Up-to-date: /home/simi/franka_ros2_ws/install/franka_msgs/share/franka_msgs/msg/Elbow.idl
[2.988s] -- Up-to-date: /home/simi/franka_ros2_ws/install/franka_msgs/share/franka_msgs/msg/Errors.idl
[2.988s] -- Up-to-date: /home/simi/franka_ros2_ws/install/franka_msgs/share/franka_msgs/msg/GraspEpsilon.idl
[2.988s] -- Up-to-date: /home/simi/franka_ros2_ws/install/franka_msgs/share/franka_msgs/msg/FrankaRobotState.idl
[2.988s] -- Up-to-date: /home/simi/franka_ros2_ws/install/franka_msgs/share/franka_msgs/srv/SetCartesianStiffness.idl
[2.988s] -- Up-to-date: /home/simi/franka_ros2_ws/install/franka_msgs/share/franka_msgs/srv/SetTCPFrame.idl
[2.988s] -- Up-to-date: /home/simi/franka_ros2_ws/install/franka_msgs/share/franka_msgs/srv/SetForceTorqueCollisionBehavior.idl
[2.989s] -- Up-to-date: /home/simi/franka_ros2_ws/install/franka_msgs/share/franka_msgs/srv/SetFullCollisionBehavior.idl
[2.989s] -- Up-to-date: /home/simi/franka_ros2_ws/install/franka_msgs/share/franka_msgs/srv/SetJointStiffness.idl
[2.989s] -- Up-to-date: /home/simi/franka_ros2_ws/install/franka_msgs/share/franka_msgs/srv/SetStiffnessFrame.idl
[2.989s] -- Up-to-date: /home/simi/franka_ros2_ws/install/franka_msgs/share/franka_msgs/srv/SetLoad.idl
[2.989s] -- Up-to-date: /home/simi/franka_ros2_ws/install/franka_msgs/share/franka_msgs/action/Grasp.action
[2.989s] -- Up-to-date: /home/simi/franka_ros2_ws/install/franka_msgs/share/franka_msgs/action/Homing.action
[2.989s] -- Up-to-date: /home/simi/franka_ros2_ws/install/franka_msgs/share/franka_msgs/action/Move.action
[2.989s] -- Up-to-date: /home/simi/franka_ros2_ws/install/franka_msgs/share/franka_msgs/msg/CollisionIndicators.msg
[2.989s] -- Up-to-date: /home/simi/franka_ros2_ws/install/franka_msgs/share/franka_msgs/msg/Elbow.msg
[2.989s] -- Up-to-date: /home/simi/franka_ros2_ws/install/franka_msgs/share/franka_msgs/msg/Errors.msg
[2.989s] -- Up-to-date: /home/simi/franka_ros2_ws/install/franka_msgs/share/franka_msgs/msg/GraspEpsilon.msg
[2.989s] -- Up-to-date: /home/simi/franka_ros2_ws/install/franka_msgs/share/franka_msgs/msg/FrankaRobotState.msg
[2.989s] -- Up-to-date: /home/simi/franka_ros2_ws/install/franka_msgs/share/franka_msgs/srv/SetCartesianStiffness.srv
[2.989s] -- Up-to-date: /home/simi/franka_ros2_ws/install/franka_msgs/share/franka_msgs/srv/SetCartesianStiffness_Request.msg
[2.989s] -- Up-to-date: /home/simi/franka_ros2_ws/install/franka_msgs/share/franka_msgs/srv/SetCartesianStiffness_Response.msg
[2.990s] -- Up-to-date: /home/simi/franka_ros2_ws/install/franka_msgs/share/franka_msgs/srv/SetTCPFrame.srv
[2.990s] -- Up-to-date: /home/simi/franka_ros2_ws/install/franka_msgs/share/franka_msgs/srv/SetTCPFrame_Request.msg
[2.990s] -- Up-to-date: /home/simi/franka_ros2_ws/install/franka_msgs/share/franka_msgs/srv/SetTCPFrame_Response.msg
[2.990s] -- Up-to-date: /home/simi/franka_ros2_ws/install/franka_msgs/share/franka_msgs/srv/SetForceTorqueCollisionBehavior.srv
[2.990s] -- Up-to-date: /home/simi/franka_ros2_ws/install/franka_msgs/share/franka_msgs/srv/SetForceTorqueCollisionBehavior_Request.msg
[2.990s] -- Up-to-date: /home/simi/franka_ros2_ws/install/franka_msgs/share/franka_msgs/srv/SetForceTorqueCollisionBehavior_Response.msg
[2.990s] -- Up-to-date: /home/simi/franka_ros2_ws/install/franka_msgs/share/franka_msgs/srv/SetFullCollisionBehavior.srv
[2.990s] -- Up-to-date: /home/simi/franka_ros2_ws/install/franka_msgs/share/franka_msgs/srv/SetFullCollisionBehavior_Request.msg
[2.990s] -- Up-to-date: /home/simi/franka_ros2_ws/install/franka_msgs/share/franka_msgs/srv/SetFullCollisionBehavior_Response.msg
[2.990s] -- Up-to-date: /home/simi/franka_ros2_ws/install/franka_msgs/share/franka_msgs/srv/SetJointStiffness.srv
[2.990s] -- Up-to-date: /home/simi/franka_ros2_ws/install/franka_msgs/share/franka_msgs/srv/SetJointStiffness_Request.msg
[2.990s] -- Up-to-date: /home/simi/franka_ros2_ws/install/franka_msgs/share/franka_msgs/srv/SetJointStiffness_Response.msg
[2.991s] -- Up-to-date: /home/simi/franka_ros2_ws/install/franka_msgs/share/franka_msgs/srv/SetStiffnessFrame.srv
[2.991s] -- Up-to-date: /home/simi/franka_ros2_ws/install/franka_msgs/share/franka_msgs/srv/SetStiffnessFrame_Request.msg
[2.991s] -- Up-to-date: /home/simi/franka_ros2_ws/install/franka_msgs/share/franka_msgs/srv/SetStiffnessFrame_Response.msg
[2.991s] -- Up-to-date: /home/simi/franka_ros2_ws/install/franka_msgs/share/franka_msgs/srv/SetLoad.srv
[2.991s] -- Up-to-date: /home/simi/franka_ros2_ws/install/franka_msgs/share/franka_msgs/srv/SetLoad_Request.msg
[2.991s] -- Up-to-date: /home/simi/franka_ros2_ws/install/franka_msgs/share/franka_msgs/srv/SetLoad_Response.msg
[2.991s] -- Up-to-date: /home/simi/franka_ros2_ws/install/franka_msgs/share/ament_index/resource_index/package_run_dependencies/franka_msgs
[2.991s] -- Installing: /home/simi/franka_ros2_ws/install/franka_msgs/share/ament_index/resource_index/parent_prefix_path/franka_msgs
[2.991s] -- Up-to-date: /home/simi/franka_ros2_ws/install/franka_msgs/share/franka_msgs/environment/ament_prefix_path.sh
[2.991s] -- Installing: /home/simi/franka_ros2_ws/install/franka_msgs/share/franka_msgs/environment/ament_prefix_path.dsv
[2.991s] -- Up-to-date: /home/simi/franka_ros2_ws/install/franka_msgs/share/franka_msgs/environment/path.sh
[2.991s] -- Installing: /home/simi/franka_ros2_ws/install/franka_msgs/share/franka_msgs/environment/path.dsv
[2.991s] -- Up-to-date: /home/simi/franka_ros2_ws/install/franka_msgs/share/franka_msgs/local_setup.bash
[2.991s] -- Up-to-date: /home/simi/franka_ros2_ws/install/franka_msgs/share/franka_msgs/local_setup.sh
[2.992s] -- Up-to-date: /home/simi/franka_ros2_ws/install/franka_msgs/share/franka_msgs/local_setup.zsh
[2.992s] -- Installing: /home/simi/franka_ros2_ws/install/franka_msgs/share/franka_msgs/local_setup.dsv
[2.992s] -- Installing: /home/simi/franka_ros2_ws/install/franka_msgs/share/franka_msgs/package.dsv
[2.992s] -- Up-to-date: /home/simi/franka_ros2_ws/install/franka_msgs/share/ament_index/resource_index/packages/franka_msgs
[2.992s] -- Up-to-date: /home/simi/franka_ros2_ws/install/franka_msgs/share/franka_msgs/cmake/export_franka_msgs__rosidl_generator_cExport.cmake
[2.992s] -- Up-to-date: /home/simi/franka_ros2_ws/install/franka_msgs/share/franka_msgs/cmake/export_franka_msgs__rosidl_generator_cExport-release.cmake
[2.992s] -- Up-to-date: /home/simi/franka_ros2_ws/install/franka_msgs/share/franka_msgs/cmake/export_franka_msgs__rosidl_typesupport_fastrtps_cExport.cmake
[2.992s] -- Up-to-date: /home/simi/franka_ros2_ws/install/franka_msgs/share/franka_msgs/cmake/export_franka_msgs__rosidl_typesupport_fastrtps_cExport-release.cmake
[2.992s] -- Up-to-date: /home/simi/franka_ros2_ws/install/franka_msgs/share/franka_msgs/cmake/franka_msgs__rosidl_typesupport_introspection_cExport.cmake
[2.992s] -- Up-to-date: /home/simi/franka_ros2_ws/install/franka_msgs/share/franka_msgs/cmake/franka_msgs__rosidl_typesupport_introspection_cExport-release.cmake
[2.993s] -- Up-to-date: /home/simi/franka_ros2_ws/install/franka_msgs/share/franka_msgs/cmake/franka_msgs__rosidl_typesupport_cExport.cmake
[2.993s] -- Up-to-date: /home/simi/franka_ros2_ws/install/franka_msgs/share/franka_msgs/cmake/franka_msgs__rosidl_typesupport_cExport-release.cmake
[2.993s] -- Up-to-date: /home/simi/franka_ros2_ws/install/franka_msgs/share/franka_msgs/cmake/export_franka_msgs__rosidl_generator_cppExport.cmake
[2.993s] -- Up-to-date: /home/simi/franka_ros2_ws/install/franka_msgs/share/franka_msgs/cmake/export_franka_msgs__rosidl_typesupport_fastrtps_cppExport.cmake
[2.993s] -- Up-to-date: /home/simi/franka_ros2_ws/install/franka_msgs/share/franka_msgs/cmake/export_franka_msgs__rosidl_typesupport_fastrtps_cppExport-release.cmake
[2.993s] -- Up-to-date: /home/simi/franka_ros2_ws/install/franka_msgs/share/franka_msgs/cmake/franka_msgs__rosidl_typesupport_introspection_cppExport.cmake
[2.993s] -- Up-to-date: /home/simi/franka_ros2_ws/install/franka_msgs/share/franka_msgs/cmake/franka_msgs__rosidl_typesupport_introspection_cppExport-release.cmake
[2.993s] -- Up-to-date: /home/simi/franka_ros2_ws/install/franka_msgs/share/franka_msgs/cmake/franka_msgs__rosidl_typesupport_cppExport.cmake
[2.993s] -- Up-to-date: /home/simi/franka_ros2_ws/install/franka_msgs/share/franka_msgs/cmake/franka_msgs__rosidl_typesupport_cppExport-release.cmake
[2.993s] -- Up-to-date: /home/simi/franka_ros2_ws/install/franka_msgs/share/franka_msgs/cmake/export_franka_msgs__rosidl_generator_pyExport.cmake
[2.993s] -- Up-to-date: /home/simi/franka_ros2_ws/install/franka_msgs/share/franka_msgs/cmake/export_franka_msgs__rosidl_generator_pyExport-release.cmake
[2.993s] -- Up-to-date: /home/simi/franka_ros2_ws/install/franka_msgs/share/franka_msgs/cmake/rosidl_cmake-extras.cmake
[2.994s] -- Up-to-date: /home/simi/franka_ros2_ws/install/franka_msgs/share/franka_msgs/cmake/ament_cmake_export_dependencies-extras.cmake
[2.994s] -- Up-to-date: /home/simi/franka_ros2_ws/install/franka_msgs/share/franka_msgs/cmake/ament_cmake_export_include_directories-extras.cmake
[2.994s] -- Up-to-date: /home/simi/franka_ros2_ws/install/franka_msgs/share/franka_msgs/cmake/ament_cmake_export_libraries-extras.cmake
[2.994s] -- Up-to-date: /home/simi/franka_ros2_ws/install/franka_msgs/share/franka_msgs/cmake/ament_cmake_export_targets-extras.cmake
[2.994s] -- Up-to-date: /home/simi/franka_ros2_ws/install/franka_msgs/share/franka_msgs/cmake/rosidl_cmake_export_typesupport_targets-extras.cmake
[2.994s] -- Up-to-date: /home/simi/franka_ros2_ws/install/franka_msgs/share/franka_msgs/cmake/rosidl_cmake_export_typesupport_libraries-extras.cmake
[2.994s] -- Up-to-date: /home/simi/franka_ros2_ws/install/franka_msgs/share/franka_msgs/cmake/franka_msgsConfig.cmake
[2.994s] -- Up-to-date: /home/simi/franka_ros2_ws/install/franka_msgs/share/franka_msgs/cmake/franka_msgsConfig-version.cmake
[2.994s] -- Up-to-date: /home/simi/franka_ros2_ws/install/franka_msgs/share/franka_msgs/package.xml
[2.998s] Invoked command in '/home/simi/franka_ros2_ws/build/franka_msgs' returned '0': CMAKE_PREFIX_PATH=/opt/ros/humble /usr/bin/cmake --install /home/simi/franka_ros2_ws/build/franka_msgs
