[0.036s] Invoking command in '/home/simi/franka_ros2_ws/build/messages_fr3': CMAKE_PREFIX_PATH=${CMAKE_PREFIX_PATH}:/home/simi/franka_ros2_ws/install/realtime_plot_of_data:/opt/ros/humble /usr/bin/cmake --build /home/simi/franka_ros2_ws/build/messages_fr3 -- -j16 -l16
[0.162s] [  1%] Built target messages_fr3__cpp
[0.191s] [ 12%] Built target messages_fr3__rosidl_generator_c
[0.228s] [ 12%] Built target ament_cmake_python_copy_messages_fr3
[0.318s] [ 23%] Built target messages_fr3__rosidl_typesupport_fastrtps_cpp
[0.354s] [ 45%] Built target messages_fr3__rosidl_typesupport_cpp
[0.357s] [ 45%] Built target messages_fr3__rosidl_typesupport_introspection_cpp
[0.412s] [ 67%] Built target messages_fr3__rosidl_typesupport_introspection_c
[0.413s] [ 65%] Built target messages_fr3__rosidl_typesupport_fastrtps_c
[0.413s] [ 78%] Built target messages_fr3__rosidl_typesupport_c
[0.463s] [ 78%] Built target messages_fr3
[0.497s] [ 80%] Built target messages_fr3__py
[0.536s] [ 89%] Built target messages_fr3__rosidl_generator_py
[0.577s] [ 92%] Built target messages_fr3__rosidl_typesupport_fastrtps_c__pyext
[0.578s] [ 96%] Built target messages_fr3__rosidl_typesupport_introspection_c__pyext
[0.582s] [100%] Built target messages_fr3__rosidl_typesupport_c__pyext
[0.725s] running egg_info
[0.725s] writing messages_fr3.egg-info/PKG-INFO
[0.725s] writing dependency_links to messages_fr3.egg-info/dependency_links.txt
[0.725s] writing top-level names to messages_fr3.egg-info/top_level.txt
[0.729s] reading manifest file 'messages_fr3.egg-info/SOURCES.txt'
[0.730s] writing manifest file 'messages_fr3.egg-info/SOURCES.txt'
[0.811s] [100%] Built target ament_cmake_python_build_messages_fr3_egg
[0.832s] Invoked command in '/home/simi/franka_ros2_ws/build/messages_fr3' returned '0': CMAKE_PREFIX_PATH=${CMAKE_PREFIX_PATH}:/home/simi/franka_ros2_ws/install/realtime_plot_of_data:/opt/ros/humble /usr/bin/cmake --build /home/simi/franka_ros2_ws/build/messages_fr3 -- -j16 -l16
[1.071s] Invoking command in '/home/simi/franka_ros2_ws/build/messages_fr3': CMAKE_PREFIX_PATH=${CMAKE_PREFIX_PATH}:/home/simi/franka_ros2_ws/install/realtime_plot_of_data:/opt/ros/humble /usr/bin/cmake --install /home/simi/franka_ros2_ws/build/messages_fr3
[1.082s] -- Install configuration: "Release"
[1.083s] -- Up-to-date: /home/simi/franka_ros2_ws/install/messages_fr3/share/ament_index/resource_index/rosidl_interfaces/messages_fr3
[1.083s] -- Up-to-date: /home/simi/franka_ros2_ws/install/messages_fr3/include/messages_fr3/messages_fr3
[1.083s] -- Up-to-date: /home/simi/franka_ros2_ws/install/messages_fr3/include/messages_fr3/messages_fr3/srv
[1.083s] -- Up-to-date: /home/simi/franka_ros2_ws/install/messages_fr3/include/messages_fr3/messages_fr3/srv/detail
[1.083s] -- Up-to-date: /home/simi/franka_ros2_ws/install/messages_fr3/include/messages_fr3/messages_fr3/srv/detail/set_param__type_support.h
[1.083s] -- Up-to-date: /home/simi/franka_ros2_ws/install/messages_fr3/include/messages_fr3/messages_fr3/srv/detail/set_force__functions.h
[1.083s] -- Up-to-date: /home/simi/franka_ros2_ws/install/messages_fr3/include/messages_fr3/messages_fr3/srv/detail/set_param__functions.c
[1.083s] -- Up-to-date: /home/simi/franka_ros2_ws/install/messages_fr3/include/messages_fr3/messages_fr3/srv/detail/set_mode__type_support.h
[1.084s] -- Up-to-date: /home/simi/franka_ros2_ws/install/messages_fr3/include/messages_fr3/messages_fr3/srv/detail/set_force__struct.h
[1.084s] -- Up-to-date: /home/simi/franka_ros2_ws/install/messages_fr3/include/messages_fr3/messages_fr3/srv/detail/set_param__struct.h
[1.084s] -- Up-to-date: /home/simi/franka_ros2_ws/install/messages_fr3/include/messages_fr3/messages_fr3/srv/detail/set_mode__functions.h
[1.084s] -- Up-to-date: /home/simi/franka_ros2_ws/install/messages_fr3/include/messages_fr3/messages_fr3/srv/detail/set_param__functions.h
[1.084s] -- Up-to-date: /home/simi/franka_ros2_ws/install/messages_fr3/include/messages_fr3/messages_fr3/srv/detail/set_pose__functions.c
[1.084s] -- Up-to-date: /home/simi/franka_ros2_ws/install/messages_fr3/include/messages_fr3/messages_fr3/srv/detail/set_mode__functions.c
[1.084s] -- Up-to-date: /home/simi/franka_ros2_ws/install/messages_fr3/include/messages_fr3/messages_fr3/srv/detail/set_pose__struct.h
[1.085s] -- Up-to-date: /home/simi/franka_ros2_ws/install/messages_fr3/include/messages_fr3/messages_fr3/srv/detail/set_force__type_support.h
[1.085s] -- Up-to-date: /home/simi/franka_ros2_ws/install/messages_fr3/include/messages_fr3/messages_fr3/srv/detail/set_pose__functions.h
[1.085s] -- Up-to-date: /home/simi/franka_ros2_ws/install/messages_fr3/include/messages_fr3/messages_fr3/srv/detail/set_force__functions.c
[1.085s] -- Up-to-date: /home/simi/franka_ros2_ws/install/messages_fr3/include/messages_fr3/messages_fr3/srv/detail/set_pose__type_support.h
[1.085s] -- Up-to-date: /home/simi/franka_ros2_ws/install/messages_fr3/include/messages_fr3/messages_fr3/srv/detail/set_mode__struct.h
[1.085s] -- Up-to-date: /home/simi/franka_ros2_ws/install/messages_fr3/include/messages_fr3/messages_fr3/srv/set_mode.h
[1.085s] -- Up-to-date: /home/simi/franka_ros2_ws/install/messages_fr3/include/messages_fr3/messages_fr3/srv/set_force.h
[1.085s] -- Up-to-date: /home/simi/franka_ros2_ws/install/messages_fr3/include/messages_fr3/messages_fr3/srv/set_param.h
[1.085s] -- Up-to-date: /home/simi/franka_ros2_ws/install/messages_fr3/include/messages_fr3/messages_fr3/srv/set_pose.h
[1.085s] -- Up-to-date: /home/simi/franka_ros2_ws/install/messages_fr3/include/messages_fr3/messages_fr3/msg
[1.086s] -- Up-to-date: /home/simi/franka_ros2_ws/install/messages_fr3/include/messages_fr3/messages_fr3/msg/rosidl_generator_c__visibility_control.h
[1.086s] -- Up-to-date: /home/simi/franka_ros2_ws/install/messages_fr3/share/messages_fr3/environment/library_path.sh
[1.086s] -- Up-to-date: /home/simi/franka_ros2_ws/install/messages_fr3/share/messages_fr3/environment/library_path.dsv
[1.086s] -- Up-to-date: /home/simi/franka_ros2_ws/install/messages_fr3/lib/libmessages_fr3__rosidl_generator_c.so
[1.086s] -- Up-to-date: /home/simi/franka_ros2_ws/install/messages_fr3/include/messages_fr3/messages_fr3
[1.086s] -- Up-to-date: /home/simi/franka_ros2_ws/install/messages_fr3/include/messages_fr3/messages_fr3/srv
[1.086s] -- Up-to-date: /home/simi/franka_ros2_ws/install/messages_fr3/include/messages_fr3/messages_fr3/srv/detail
[1.086s] -- Up-to-date: /home/simi/franka_ros2_ws/install/messages_fr3/include/messages_fr3/messages_fr3/srv/detail/set_param__rosidl_typesupport_fastrtps_c.h
[1.087s] -- Up-to-date: /home/simi/franka_ros2_ws/install/messages_fr3/include/messages_fr3/messages_fr3/srv/detail/set_mode__rosidl_typesupport_fastrtps_c.h
[1.087s] -- Up-to-date: /home/simi/franka_ros2_ws/install/messages_fr3/include/messages_fr3/messages_fr3/srv/detail/set_force__rosidl_typesupport_fastrtps_c.h
[1.087s] -- Up-to-date: /home/simi/franka_ros2_ws/install/messages_fr3/include/messages_fr3/messages_fr3/srv/detail/set_pose__rosidl_typesupport_fastrtps_c.h
[1.087s] -- Up-to-date: /home/simi/franka_ros2_ws/install/messages_fr3/include/messages_fr3/messages_fr3/msg
[1.087s] -- Up-to-date: /home/simi/franka_ros2_ws/install/messages_fr3/include/messages_fr3/messages_fr3/msg/rosidl_typesupport_fastrtps_c__visibility_control.h
[1.087s] -- Up-to-date: /home/simi/franka_ros2_ws/install/messages_fr3/lib/libmessages_fr3__rosidl_typesupport_fastrtps_c.so
[1.087s] -- Up-to-date: /home/simi/franka_ros2_ws/install/messages_fr3/include/messages_fr3/messages_fr3
[1.087s] -- Up-to-date: /home/simi/franka_ros2_ws/install/messages_fr3/include/messages_fr3/messages_fr3/srv
[1.088s] -- Up-to-date: /home/simi/franka_ros2_ws/install/messages_fr3/include/messages_fr3/messages_fr3/srv/detail
[1.088s] -- Up-to-date: /home/simi/franka_ros2_ws/install/messages_fr3/include/messages_fr3/messages_fr3/srv/detail/set_mode__rosidl_typesupport_introspection_c.h
[1.088s] -- Up-to-date: /home/simi/franka_ros2_ws/install/messages_fr3/include/messages_fr3/messages_fr3/srv/detail/set_param__rosidl_typesupport_introspection_c.h
[1.088s] -- Up-to-date: /home/simi/franka_ros2_ws/install/messages_fr3/include/messages_fr3/messages_fr3/srv/detail/set_force__type_support.c
[1.088s] -- Up-to-date: /home/simi/franka_ros2_ws/install/messages_fr3/include/messages_fr3/messages_fr3/srv/detail/set_pose__rosidl_typesupport_introspection_c.h
[1.088s] -- Up-to-date: /home/simi/franka_ros2_ws/install/messages_fr3/include/messages_fr3/messages_fr3/srv/detail/set_force__rosidl_typesupport_introspection_c.h
[1.088s] -- Up-to-date: /home/simi/franka_ros2_ws/install/messages_fr3/include/messages_fr3/messages_fr3/srv/detail/set_pose__type_support.c
[1.088s] -- Up-to-date: /home/simi/franka_ros2_ws/install/messages_fr3/include/messages_fr3/messages_fr3/srv/detail/set_mode__type_support.c
[1.088s] -- Up-to-date: /home/simi/franka_ros2_ws/install/messages_fr3/include/messages_fr3/messages_fr3/srv/detail/set_param__type_support.c
[1.088s] -- Up-to-date: /home/simi/franka_ros2_ws/install/messages_fr3/include/messages_fr3/messages_fr3/msg
[1.088s] -- Up-to-date: /home/simi/franka_ros2_ws/install/messages_fr3/include/messages_fr3/messages_fr3/msg/rosidl_typesupport_introspection_c__visibility_control.h
[1.088s] -- Up-to-date: /home/simi/franka_ros2_ws/install/messages_fr3/lib/libmessages_fr3__rosidl_typesupport_introspection_c.so
[1.089s] -- Up-to-date: /home/simi/franka_ros2_ws/install/messages_fr3/lib/libmessages_fr3__rosidl_typesupport_c.so
[1.089s] -- Up-to-date: /home/simi/franka_ros2_ws/install/messages_fr3/include/messages_fr3/messages_fr3
[1.089s] -- Up-to-date: /home/simi/franka_ros2_ws/install/messages_fr3/include/messages_fr3/messages_fr3/srv
[1.089s] -- Up-to-date: /home/simi/franka_ros2_ws/install/messages_fr3/include/messages_fr3/messages_fr3/srv/detail
[1.089s] -- Up-to-date: /home/simi/franka_ros2_ws/install/messages_fr3/include/messages_fr3/messages_fr3/srv/detail/set_mode__struct.hpp
[1.089s] -- Up-to-date: /home/simi/franka_ros2_ws/install/messages_fr3/include/messages_fr3/messages_fr3/srv/detail/set_mode__builder.hpp
[1.089s] -- Up-to-date: /home/simi/franka_ros2_ws/install/messages_fr3/include/messages_fr3/messages_fr3/srv/detail/set_force__builder.hpp
[1.089s] -- Up-to-date: /home/simi/franka_ros2_ws/install/messages_fr3/include/messages_fr3/messages_fr3/srv/detail/set_param__struct.hpp
[1.089s] -- Up-to-date: /home/simi/franka_ros2_ws/install/messages_fr3/include/messages_fr3/messages_fr3/srv/detail/set_pose__builder.hpp
[1.090s] -- Up-to-date: /home/simi/franka_ros2_ws/install/messages_fr3/include/messages_fr3/messages_fr3/srv/detail/set_pose__traits.hpp
[1.090s] -- Up-to-date: /home/simi/franka_ros2_ws/install/messages_fr3/include/messages_fr3/messages_fr3/srv/detail/set_pose__struct.hpp
[1.090s] -- Up-to-date: /home/simi/franka_ros2_ws/install/messages_fr3/include/messages_fr3/messages_fr3/srv/detail/set_force__struct.hpp
[1.090s] -- Up-to-date: /home/simi/franka_ros2_ws/install/messages_fr3/include/messages_fr3/messages_fr3/srv/detail/set_param__traits.hpp
[1.090s] -- Up-to-date: /home/simi/franka_ros2_ws/install/messages_fr3/include/messages_fr3/messages_fr3/srv/detail/set_param__builder.hpp
[1.090s] -- Up-to-date: /home/simi/franka_ros2_ws/install/messages_fr3/include/messages_fr3/messages_fr3/srv/detail/set_mode__traits.hpp
[1.090s] -- Up-to-date: /home/simi/franka_ros2_ws/install/messages_fr3/include/messages_fr3/messages_fr3/srv/detail/set_force__traits.hpp
[1.090s] -- Up-to-date: /home/simi/franka_ros2_ws/install/messages_fr3/include/messages_fr3/messages_fr3/srv/set_mode.hpp
[1.090s] -- Up-to-date: /home/simi/franka_ros2_ws/install/messages_fr3/include/messages_fr3/messages_fr3/srv/set_param.hpp
[1.090s] -- Up-to-date: /home/simi/franka_ros2_ws/install/messages_fr3/include/messages_fr3/messages_fr3/srv/set_pose.hpp
[1.090s] -- Up-to-date: /home/simi/franka_ros2_ws/install/messages_fr3/include/messages_fr3/messages_fr3/srv/set_force.hpp
[1.091s] -- Up-to-date: /home/simi/franka_ros2_ws/install/messages_fr3/include/messages_fr3/messages_fr3
[1.091s] -- Up-to-date: /home/simi/franka_ros2_ws/install/messages_fr3/include/messages_fr3/messages_fr3/srv
[1.091s] -- Up-to-date: /home/simi/franka_ros2_ws/install/messages_fr3/include/messages_fr3/messages_fr3/srv/detail
[1.091s] -- Up-to-date: /home/simi/franka_ros2_ws/install/messages_fr3/include/messages_fr3/messages_fr3/srv/detail/set_pose__rosidl_typesupport_fastrtps_cpp.hpp
[1.091s] -- Up-to-date: /home/simi/franka_ros2_ws/install/messages_fr3/include/messages_fr3/messages_fr3/srv/detail/set_param__rosidl_typesupport_fastrtps_cpp.hpp
[1.091s] -- Up-to-date: /home/simi/franka_ros2_ws/install/messages_fr3/include/messages_fr3/messages_fr3/srv/detail/set_mode__rosidl_typesupport_fastrtps_cpp.hpp
[1.091s] -- Up-to-date: /home/simi/franka_ros2_ws/install/messages_fr3/include/messages_fr3/messages_fr3/srv/detail/set_force__rosidl_typesupport_fastrtps_cpp.hpp
[1.091s] -- Up-to-date: /home/simi/franka_ros2_ws/install/messages_fr3/include/messages_fr3/messages_fr3/srv/detail/dds_fastrtps
[1.091s] -- Up-to-date: /home/simi/franka_ros2_ws/install/messages_fr3/include/messages_fr3/messages_fr3/msg
[1.091s] -- Up-to-date: /home/simi/franka_ros2_ws/install/messages_fr3/include/messages_fr3/messages_fr3/msg/rosidl_typesupport_fastrtps_cpp__visibility_control.h
[1.091s] -- Up-to-date: /home/simi/franka_ros2_ws/install/messages_fr3/lib/libmessages_fr3__rosidl_typesupport_fastrtps_cpp.so
[1.091s] -- Up-to-date: /home/simi/franka_ros2_ws/install/messages_fr3/include/messages_fr3/messages_fr3
[1.092s] -- Up-to-date: /home/simi/franka_ros2_ws/install/messages_fr3/include/messages_fr3/messages_fr3/srv
[1.092s] -- Up-to-date: /home/simi/franka_ros2_ws/install/messages_fr3/include/messages_fr3/messages_fr3/srv/detail
[1.092s] -- Up-to-date: /home/simi/franka_ros2_ws/install/messages_fr3/include/messages_fr3/messages_fr3/srv/detail/set_param__rosidl_typesupport_introspection_cpp.hpp
[1.092s] -- Up-to-date: /home/simi/franka_ros2_ws/install/messages_fr3/include/messages_fr3/messages_fr3/srv/detail/set_pose__rosidl_typesupport_introspection_cpp.hpp
[1.092s] -- Up-to-date: /home/simi/franka_ros2_ws/install/messages_fr3/include/messages_fr3/messages_fr3/srv/detail/set_mode__type_support.cpp
[1.092s] -- Up-to-date: /home/simi/franka_ros2_ws/install/messages_fr3/include/messages_fr3/messages_fr3/srv/detail/set_mode__rosidl_typesupport_introspection_cpp.hpp
[1.092s] -- Up-to-date: /home/simi/franka_ros2_ws/install/messages_fr3/include/messages_fr3/messages_fr3/srv/detail/set_force__type_support.cpp
[1.092s] -- Up-to-date: /home/simi/franka_ros2_ws/install/messages_fr3/include/messages_fr3/messages_fr3/srv/detail/set_param__type_support.cpp
[1.093s] -- Up-to-date: /home/simi/franka_ros2_ws/install/messages_fr3/include/messages_fr3/messages_fr3/srv/detail/set_pose__type_support.cpp
[1.093s] -- Up-to-date: /home/simi/franka_ros2_ws/install/messages_fr3/include/messages_fr3/messages_fr3/srv/detail/set_force__rosidl_typesupport_introspection_cpp.hpp
[1.093s] -- Up-to-date: /home/simi/franka_ros2_ws/install/messages_fr3/lib/libmessages_fr3__rosidl_typesupport_introspection_cpp.so
[1.093s] -- Up-to-date: /home/simi/franka_ros2_ws/install/messages_fr3/lib/libmessages_fr3__rosidl_typesupport_cpp.so
[1.093s] -- Up-to-date: /home/simi/franka_ros2_ws/install/messages_fr3/share/messages_fr3/environment/pythonpath.sh
[1.093s] -- Up-to-date: /home/simi/franka_ros2_ws/install/messages_fr3/share/messages_fr3/environment/pythonpath.dsv
[1.093s] -- Up-to-date: /home/simi/franka_ros2_ws/install/messages_fr3/local/lib/python3.10/dist-packages/messages_fr3-0.0.0-py3.10.egg-info
[1.093s] -- Installing: /home/simi/franka_ros2_ws/install/messages_fr3/local/lib/python3.10/dist-packages/messages_fr3-0.0.0-py3.10.egg-info/dependency_links.txt
[1.093s] -- Installing: /home/simi/franka_ros2_ws/install/messages_fr3/local/lib/python3.10/dist-packages/messages_fr3-0.0.0-py3.10.egg-info/top_level.txt
[1.093s] -- Installing: /home/simi/franka_ros2_ws/install/messages_fr3/local/lib/python3.10/dist-packages/messages_fr3-0.0.0-py3.10.egg-info/PKG-INFO
[1.093s] -- Installing: /home/simi/franka_ros2_ws/install/messages_fr3/local/lib/python3.10/dist-packages/messages_fr3-0.0.0-py3.10.egg-info/SOURCES.txt
[1.093s] -- Up-to-date: /home/simi/franka_ros2_ws/install/messages_fr3/local/lib/python3.10/dist-packages/messages_fr3
[1.093s] -- Up-to-date: /home/simi/franka_ros2_ws/install/messages_fr3/local/lib/python3.10/dist-packages/messages_fr3/__init__.py
[1.094s] -- Up-to-date: /home/simi/franka_ros2_ws/install/messages_fr3/local/lib/python3.10/dist-packages/messages_fr3/messages_fr3_s__rosidl_typesupport_introspection_c.cpython-310-x86_64-linux-gnu.so
[1.094s] -- Up-to-date: /home/simi/franka_ros2_ws/install/messages_fr3/local/lib/python3.10/dist-packages/messages_fr3/messages_fr3_s__rosidl_typesupport_c.cpython-310-x86_64-linux-gnu.so
[1.094s] -- Up-to-date: /home/simi/franka_ros2_ws/install/messages_fr3/local/lib/python3.10/dist-packages/messages_fr3/libmessages_fr3__rosidl_generator_py.so
[1.094s] -- Up-to-date: /home/simi/franka_ros2_ws/install/messages_fr3/local/lib/python3.10/dist-packages/messages_fr3/srv
[1.094s] -- Up-to-date: /home/simi/franka_ros2_ws/install/messages_fr3/local/lib/python3.10/dist-packages/messages_fr3/srv/_set_param_s.c
[1.094s] -- Up-to-date: /home/simi/franka_ros2_ws/install/messages_fr3/local/lib/python3.10/dist-packages/messages_fr3/srv/_set_mode_s.c
[1.094s] -- Up-to-date: /home/simi/franka_ros2_ws/install/messages_fr3/local/lib/python3.10/dist-packages/messages_fr3/srv/__init__.py
[1.094s] -- Up-to-date: /home/simi/franka_ros2_ws/install/messages_fr3/local/lib/python3.10/dist-packages/messages_fr3/srv/_set_mode.py
[1.094s] -- Up-to-date: /home/simi/franka_ros2_ws/install/messages_fr3/local/lib/python3.10/dist-packages/messages_fr3/srv/_set_pose.py
[1.094s] -- Up-to-date: /home/simi/franka_ros2_ws/install/messages_fr3/local/lib/python3.10/dist-packages/messages_fr3/srv/_set_force_s.c
[1.095s] -- Up-to-date: /home/simi/franka_ros2_ws/install/messages_fr3/local/lib/python3.10/dist-packages/messages_fr3/srv/_set_pose_s.c
[1.095s] -- Up-to-date: /home/simi/franka_ros2_ws/install/messages_fr3/local/lib/python3.10/dist-packages/messages_fr3/srv/_set_force.py
[1.095s] -- Up-to-date: /home/simi/franka_ros2_ws/install/messages_fr3/local/lib/python3.10/dist-packages/messages_fr3/srv/_set_param.py
[1.095s] -- Up-to-date: /home/simi/franka_ros2_ws/install/messages_fr3/local/lib/python3.10/dist-packages/messages_fr3/_messages_fr3_s.ep.rosidl_typesupport_c.c
[1.095s] -- Up-to-date: /home/simi/franka_ros2_ws/install/messages_fr3/local/lib/python3.10/dist-packages/messages_fr3/_messages_fr3_s.ep.rosidl_typesupport_fastrtps_c.c
[1.095s] -- Up-to-date: /home/simi/franka_ros2_ws/install/messages_fr3/local/lib/python3.10/dist-packages/messages_fr3/messages_fr3_s__rosidl_typesupport_fastrtps_c.cpython-310-x86_64-linux-gnu.so
[1.095s] -- Up-to-date: /home/simi/franka_ros2_ws/install/messages_fr3/local/lib/python3.10/dist-packages/messages_fr3/_messages_fr3_s.ep.rosidl_typesupport_introspection_c.c
[1.129s] Listing '/home/simi/franka_ros2_ws/install/messages_fr3/local/lib/python3.10/dist-packages/messages_fr3'...
[1.129s] Listing '/home/simi/franka_ros2_ws/install/messages_fr3/local/lib/python3.10/dist-packages/messages_fr3/srv'...
[1.137s] -- Up-to-date: /home/simi/franka_ros2_ws/install/messages_fr3/local/lib/python3.10/dist-packages/messages_fr3/messages_fr3_s__rosidl_typesupport_fastrtps_c.cpython-310-x86_64-linux-gnu.so
[1.137s] -- Up-to-date: /home/simi/franka_ros2_ws/install/messages_fr3/local/lib/python3.10/dist-packages/messages_fr3/messages_fr3_s__rosidl_typesupport_introspection_c.cpython-310-x86_64-linux-gnu.so
[1.137s] -- Up-to-date: /home/simi/franka_ros2_ws/install/messages_fr3/local/lib/python3.10/dist-packages/messages_fr3/messages_fr3_s__rosidl_typesupport_c.cpython-310-x86_64-linux-gnu.so
[1.137s] -- Up-to-date: /home/simi/franka_ros2_ws/install/messages_fr3/lib/libmessages_fr3__rosidl_generator_py.so
[1.138s] -- Up-to-date: /home/simi/franka_ros2_ws/install/messages_fr3/share/messages_fr3/srv/SetPose.idl
[1.138s] -- Up-to-date: /home/simi/franka_ros2_ws/install/messages_fr3/share/messages_fr3/srv/SetParam.idl
[1.138s] -- Up-to-date: /home/simi/franka_ros2_ws/install/messages_fr3/share/messages_fr3/srv/SetForce.idl
[1.138s] -- Up-to-date: /home/simi/franka_ros2_ws/install/messages_fr3/share/messages_fr3/srv/SetMode.idl
[1.138s] -- Up-to-date: /home/simi/franka_ros2_ws/install/messages_fr3/share/messages_fr3/srv/SetPose.srv
[1.138s] -- Up-to-date: /home/simi/franka_ros2_ws/install/messages_fr3/share/messages_fr3/srv/SetPose_Request.msg
[1.138s] -- Up-to-date: /home/simi/franka_ros2_ws/install/messages_fr3/share/messages_fr3/srv/SetPose_Response.msg
[1.138s] -- Up-to-date: /home/simi/franka_ros2_ws/install/messages_fr3/share/messages_fr3/srv/SetParam.srv
[1.139s] -- Up-to-date: /home/simi/franka_ros2_ws/install/messages_fr3/share/messages_fr3/srv/SetParam_Request.msg
[1.139s] -- Up-to-date: /home/simi/franka_ros2_ws/install/messages_fr3/share/messages_fr3/srv/SetParam_Response.msg
[1.139s] -- Up-to-date: /home/simi/franka_ros2_ws/install/messages_fr3/share/messages_fr3/srv/SetForce.srv
[1.139s] -- Up-to-date: /home/simi/franka_ros2_ws/install/messages_fr3/share/messages_fr3/srv/SetForce_Request.msg
[1.139s] -- Up-to-date: /home/simi/franka_ros2_ws/install/messages_fr3/share/messages_fr3/srv/SetForce_Response.msg
[1.139s] -- Up-to-date: /home/simi/franka_ros2_ws/install/messages_fr3/share/messages_fr3/srv/SetMode.srv
[1.139s] -- Up-to-date: /home/simi/franka_ros2_ws/install/messages_fr3/share/messages_fr3/srv/SetMode_Request.msg
[1.139s] -- Up-to-date: /home/simi/franka_ros2_ws/install/messages_fr3/share/messages_fr3/srv/SetMode_Response.msg
[1.140s] -- Up-to-date: /home/simi/franka_ros2_ws/install/messages_fr3/share/ament_index/resource_index/package_run_dependencies/messages_fr3
[1.140s] -- Up-to-date: /home/simi/franka_ros2_ws/install/messages_fr3/share/ament_index/resource_index/parent_prefix_path/messages_fr3
[1.140s] -- Up-to-date: /home/simi/franka_ros2_ws/install/messages_fr3/share/messages_fr3/environment/ament_prefix_path.sh
[1.140s] -- Up-to-date: /home/simi/franka_ros2_ws/install/messages_fr3/share/messages_fr3/environment/ament_prefix_path.dsv
[1.140s] -- Up-to-date: /home/simi/franka_ros2_ws/install/messages_fr3/share/messages_fr3/environment/path.sh
[1.140s] -- Up-to-date: /home/simi/franka_ros2_ws/install/messages_fr3/share/messages_fr3/environment/path.dsv
[1.140s] -- Up-to-date: /home/simi/franka_ros2_ws/install/messages_fr3/share/messages_fr3/local_setup.bash
[1.140s] -- Up-to-date: /home/simi/franka_ros2_ws/install/messages_fr3/share/messages_fr3/local_setup.sh
[1.141s] -- Up-to-date: /home/simi/franka_ros2_ws/install/messages_fr3/share/messages_fr3/local_setup.zsh
[1.141s] -- Up-to-date: /home/simi/franka_ros2_ws/install/messages_fr3/share/messages_fr3/local_setup.dsv
[1.142s] -- Installing: /home/simi/franka_ros2_ws/install/messages_fr3/share/messages_fr3/package.dsv
[1.142s] -- Up-to-date: /home/simi/franka_ros2_ws/install/messages_fr3/share/ament_index/resource_index/packages/messages_fr3
[1.142s] -- Up-to-date: /home/simi/franka_ros2_ws/install/messages_fr3/share/messages_fr3/cmake/export_messages_fr3__rosidl_generator_cExport.cmake
[1.142s] -- Up-to-date: /home/simi/franka_ros2_ws/install/messages_fr3/share/messages_fr3/cmake/export_messages_fr3__rosidl_generator_cExport-release.cmake
[1.142s] -- Up-to-date: /home/simi/franka_ros2_ws/install/messages_fr3/share/messages_fr3/cmake/export_messages_fr3__rosidl_typesupport_fastrtps_cExport.cmake
[1.142s] -- Up-to-date: /home/simi/franka_ros2_ws/install/messages_fr3/share/messages_fr3/cmake/export_messages_fr3__rosidl_typesupport_fastrtps_cExport-release.cmake
[1.142s] -- Up-to-date: /home/simi/franka_ros2_ws/install/messages_fr3/share/messages_fr3/cmake/messages_fr3__rosidl_typesupport_introspection_cExport.cmake
[1.142s] -- Up-to-date: /home/simi/franka_ros2_ws/install/messages_fr3/share/messages_fr3/cmake/messages_fr3__rosidl_typesupport_introspection_cExport-release.cmake
[1.142s] -- Up-to-date: /home/simi/franka_ros2_ws/install/messages_fr3/share/messages_fr3/cmake/messages_fr3__rosidl_typesupport_cExport.cmake
[1.142s] -- Up-to-date: /home/simi/franka_ros2_ws/install/messages_fr3/share/messages_fr3/cmake/messages_fr3__rosidl_typesupport_cExport-release.cmake
[1.142s] -- Up-to-date: /home/simi/franka_ros2_ws/install/messages_fr3/share/messages_fr3/cmake/export_messages_fr3__rosidl_generator_cppExport.cmake
[1.143s] -- Up-to-date: /home/simi/franka_ros2_ws/install/messages_fr3/share/messages_fr3/cmake/export_messages_fr3__rosidl_typesupport_fastrtps_cppExport.cmake
[1.143s] -- Up-to-date: /home/simi/franka_ros2_ws/install/messages_fr3/share/messages_fr3/cmake/export_messages_fr3__rosidl_typesupport_fastrtps_cppExport-release.cmake
[1.143s] -- Up-to-date: /home/simi/franka_ros2_ws/install/messages_fr3/share/messages_fr3/cmake/messages_fr3__rosidl_typesupport_introspection_cppExport.cmake
[1.143s] -- Up-to-date: /home/simi/franka_ros2_ws/install/messages_fr3/share/messages_fr3/cmake/messages_fr3__rosidl_typesupport_introspection_cppExport-release.cmake
[1.143s] -- Up-to-date: /home/simi/franka_ros2_ws/install/messages_fr3/share/messages_fr3/cmake/messages_fr3__rosidl_typesupport_cppExport.cmake
[1.143s] -- Up-to-date: /home/simi/franka_ros2_ws/install/messages_fr3/share/messages_fr3/cmake/messages_fr3__rosidl_typesupport_cppExport-release.cmake
[1.143s] -- Up-to-date: /home/simi/franka_ros2_ws/install/messages_fr3/share/messages_fr3/cmake/export_messages_fr3__rosidl_generator_pyExport.cmake
[1.143s] -- Up-to-date: /home/simi/franka_ros2_ws/install/messages_fr3/share/messages_fr3/cmake/export_messages_fr3__rosidl_generator_pyExport-release.cmake
[1.143s] -- Up-to-date: /home/simi/franka_ros2_ws/install/messages_fr3/share/messages_fr3/cmake/rosidl_cmake-extras.cmake
[1.143s] -- Up-to-date: /home/simi/franka_ros2_ws/install/messages_fr3/share/messages_fr3/cmake/ament_cmake_export_dependencies-extras.cmake
[1.143s] -- Up-to-date: /home/simi/franka_ros2_ws/install/messages_fr3/share/messages_fr3/cmake/ament_cmake_export_include_directories-extras.cmake
[1.143s] -- Up-to-date: /home/simi/franka_ros2_ws/install/messages_fr3/share/messages_fr3/cmake/ament_cmake_export_libraries-extras.cmake
[1.143s] -- Up-to-date: /home/simi/franka_ros2_ws/install/messages_fr3/share/messages_fr3/cmake/ament_cmake_export_targets-extras.cmake
[1.143s] -- Up-to-date: /home/simi/franka_ros2_ws/install/messages_fr3/share/messages_fr3/cmake/rosidl_cmake_export_typesupport_targets-extras.cmake
[1.144s] -- Up-to-date: /home/simi/franka_ros2_ws/install/messages_fr3/share/messages_fr3/cmake/rosidl_cmake_export_typesupport_libraries-extras.cmake
[1.144s] -- Up-to-date: /home/simi/franka_ros2_ws/install/messages_fr3/share/messages_fr3/cmake/messages_fr3Config.cmake
[1.144s] -- Up-to-date: /home/simi/franka_ros2_ws/install/messages_fr3/share/messages_fr3/cmake/messages_fr3Config-version.cmake
[1.144s] -- Up-to-date: /home/simi/franka_ros2_ws/install/messages_fr3/share/messages_fr3/package.xml
[1.147s] Invoked command in '/home/simi/franka_ros2_ws/build/messages_fr3' returned '0': CMAKE_PREFIX_PATH=${CMAKE_PREFIX_PATH}:/home/simi/franka_ros2_ws/install/realtime_plot_of_data:/opt/ros/humble /usr/bin/cmake --install /home/simi/franka_ros2_ws/build/messages_fr3
