[0.024s] Invoking command in '/home/simi/franka_ros2_ws/build/franka_semantic_components': CMAKE_PREFIX_PATH=/home/simi/franka_ros2_ws/install/franka_hardware:/home/simi/franka_ros2_ws/install/franka_msgs:/home/simi/franka_ros2_ws/install/cartesian_impedance_control:/home/simi/franka_ros2_ws/install/messages_fr3:/home/simi/franka_ros2_ws/install/joint_trajectory_controller:/home/simi/franka_ros2_ws/install/integration_launch_testing:/home/simi/franka_ros2_ws/install/franka_bringup:/home/simi/franka_ros2_ws/install/franka_robot_state_broadcaster:/home/simi/franka_ros2_ws/install/franka_example_controllers:/home/simi/franka_ros2_ws/install/franka_semantic_components:/home/simi/franka_ros2_ws/install/franka_moveit_config:/home/simi/franka_ros2_ws/install/franka_gripper:/home/simi/franka_ros2_ws/install/franka_description:/home/simi/franka_ros2_ws/install/realtime_plot_of_data:/opt/ros/humble LD_LIBRARY_PATH=/home/simi/franka_ros2_ws/install/franka_hardware/lib:/home/simi/franka_ros2_ws/install/franka_msgs/lib:/home/simi/franka_ros2_ws/install/cartesian_impedance_control/lib:/home/simi/franka_ros2_ws/install/messages_fr3/lib:/home/simi/franka_ros2_ws/install/joint_trajectory_controller/lib:/home/simi/franka_ros2_ws/install/integration_launch_testing/lib:/home/simi/franka_ros2_ws/install/franka_robot_state_broadcaster/lib:/home/simi/franka_ros2_ws/install/franka_example_controllers/lib:/home/simi/franka_ros2_ws/install/franka_semantic_components/lib:/home/simi/franka_ros2_ws/install/franka_gripper/lib:/opt/ros/humble/opt/rviz_ogre_vendor/lib:/opt/ros/humble/lib/x86_64-linux-gnu:/opt/ros/humble/lib /usr/bin/cmake /home/simi/franka_ros2_ws/src/franka_ros2/franka_semantic_components -DCMAKE_INSTALL_PREFIX=/home/simi/franka_ros2_ws/install/franka_semantic_components
[0.039s] -- Found ament_cmake: 1.3.9 (/opt/ros/humble/share/ament_cmake/cmake)
[0.175s] -- Found franka_hardware: 0.1.13 (/home/simi/franka_ros2_ws/install/franka_hardware/share/franka_hardware/cmake)
[0.208s] -- Found rosidl_generator_c: 3.1.5 (/opt/ros/humble/share/rosidl_generator_c/cmake)
[0.210s] -- Found rosidl_adapter: 3.1.5 (/opt/ros/humble/share/rosidl_adapter/cmake)
[0.216s] -- Found rosidl_generator_cpp: 3.1.5 (/opt/ros/humble/share/rosidl_generator_cpp/cmake)
[0.226s] -- Using all available rosidl_typesupport_c: rosidl_typesupport_fastrtps_c;rosidl_typesupport_introspection_c
[0.241s] -- Using all available rosidl_typesupport_cpp: rosidl_typesupport_fastrtps_cpp;rosidl_typesupport_introspection_cpp
[0.904s] -- Found rmw_implementation_cmake: 6.1.2 (/opt/ros/humble/share/rmw_implementation_cmake/cmake)
[0.906s] -- Found rmw_fastrtps_cpp: 6.2.6 (/opt/ros/humble/share/rmw_fastrtps_cpp/cmake)
[0.935s] -- Found TinyXML2 via Config file: TinyXML2_DIR-NOTFOUND
[0.948s] -- Found TinyXML2 via Config file: TinyXML2_DIR-NOTFOUND
[0.975s] -- Found TinyXML2 via Config file: TinyXML2_DIR-NOTFOUND
[0.986s] -- Found TinyXML2 via Config file: TinyXML2_DIR-NOTFOUND
[1.002s] -- Using RMW implementation 'rmw_fastrtps_cpp' as default
[1.248s] -- Found franka_msgs: 0.1.13 (/home/simi/franka_ros2_ws/install/franka_msgs/share/franka_msgs/cmake)
[1.396s] -- Found urdf: 2.6.0 (/opt/ros/humble/share/urdf/cmake)
[1.604s] -- Found ament_cmake_clang_format: 0.12.11 (/opt/ros/humble/share/ament_cmake_clang_format/cmake)
[1.604s] -- Found ament_cmake_copyright: 0.12.11 (/opt/ros/humble/share/ament_cmake_copyright/cmake)
[1.604s] -- Found ament_cmake_cppcheck: 0.12.11 (/opt/ros/humble/share/ament_cmake_cppcheck/cmake)
[1.605s] -- Found ament_cmake_flake8: 0.12.11 (/opt/ros/humble/share/ament_cmake_flake8/cmake)
[1.606s] -- Found ament_cmake_lint_cmake: 0.12.11 (/opt/ros/humble/share/ament_cmake_lint_cmake/cmake)
[1.606s] -- Found ament_cmake_pep257: 0.12.11 (/opt/ros/humble/share/ament_cmake_pep257/cmake)
[1.606s] -- Found ament_cmake_xmllint: 0.12.11 (/opt/ros/humble/share/ament_cmake_xmllint/cmake)
[1.607s] -- Found ament_cmake_gmock: 1.3.9 (/opt/ros/humble/share/ament_cmake_gmock/cmake)
[1.608s] -- Found controller_interface: 2.41.0 (/opt/ros/humble/share/controller_interface/cmake)
[1.685s] -- Found gmock sources under '/opt/ros/humble/src/gmock_vendor': C++ tests using 'Google Mock' will be built
[1.686s] -- Found ament_cmake_gtest: 1.3.9 (/opt/ros/humble/share/ament_cmake_gtest/cmake)
[1.687s] -- Found gtest sources under '/opt/ros/humble/src/gtest_vendor': C++ tests using 'Google Test' will be built
[2.290s] -- Configuring done
[2.474s] -- Generating done
[2.477s] -- Build files have been written to: /home/simi/franka_ros2_ws/build/franka_semantic_components
[2.492s] Invoked command in '/home/simi/franka_ros2_ws/build/franka_semantic_components' returned '0': CMAKE_PREFIX_PATH=/home/simi/franka_ros2_ws/install/franka_hardware:/home/simi/franka_ros2_ws/install/franka_msgs:/home/simi/franka_ros2_ws/install/cartesian_impedance_control:/home/simi/franka_ros2_ws/install/messages_fr3:/home/simi/franka_ros2_ws/install/joint_trajectory_controller:/home/simi/franka_ros2_ws/install/integration_launch_testing:/home/simi/franka_ros2_ws/install/franka_bringup:/home/simi/franka_ros2_ws/install/franka_robot_state_broadcaster:/home/simi/franka_ros2_ws/install/franka_example_controllers:/home/simi/franka_ros2_ws/install/franka_semantic_components:/home/simi/franka_ros2_ws/install/franka_moveit_config:/home/simi/franka_ros2_ws/install/franka_gripper:/home/simi/franka_ros2_ws/install/franka_description:/home/simi/franka_ros2_ws/install/realtime_plot_of_data:/opt/ros/humble LD_LIBRARY_PATH=/home/simi/franka_ros2_ws/install/franka_hardware/lib:/home/simi/franka_ros2_ws/install/franka_msgs/lib:/home/simi/franka_ros2_ws/install/cartesian_impedance_control/lib:/home/simi/franka_ros2_ws/install/messages_fr3/lib:/home/simi/franka_ros2_ws/install/joint_trajectory_controller/lib:/home/simi/franka_ros2_ws/install/integration_launch_testing/lib:/home/simi/franka_ros2_ws/install/franka_robot_state_broadcaster/lib:/home/simi/franka_ros2_ws/install/franka_example_controllers/lib:/home/simi/franka_ros2_ws/install/franka_semantic_components/lib:/home/simi/franka_ros2_ws/install/franka_gripper/lib:/opt/ros/humble/opt/rviz_ogre_vendor/lib:/opt/ros/humble/lib/x86_64-linux-gnu:/opt/ros/humble/lib /usr/bin/cmake /home/simi/franka_ros2_ws/src/franka_ros2/franka_semantic_components -DCMAKE_INSTALL_PREFIX=/home/simi/franka_ros2_ws/install/franka_semantic_components
[2.495s] Invoking command in '/home/simi/franka_ros2_ws/build/franka_semantic_components': CMAKE_PREFIX_PATH=/home/simi/franka_ros2_ws/install/franka_hardware:/home/simi/franka_ros2_ws/install/franka_msgs:/home/simi/franka_ros2_ws/install/cartesian_impedance_control:/home/simi/franka_ros2_ws/install/messages_fr3:/home/simi/franka_ros2_ws/install/joint_trajectory_controller:/home/simi/franka_ros2_ws/install/integration_launch_testing:/home/simi/franka_ros2_ws/install/franka_bringup:/home/simi/franka_ros2_ws/install/franka_robot_state_broadcaster:/home/simi/franka_ros2_ws/install/franka_example_controllers:/home/simi/franka_ros2_ws/install/franka_semantic_components:/home/simi/franka_ros2_ws/install/franka_moveit_config:/home/simi/franka_ros2_ws/install/franka_gripper:/home/simi/franka_ros2_ws/install/franka_description:/home/simi/franka_ros2_ws/install/realtime_plot_of_data:/opt/ros/humble LD_LIBRARY_PATH=/home/simi/franka_ros2_ws/install/franka_hardware/lib:/home/simi/franka_ros2_ws/install/franka_msgs/lib:/home/simi/franka_ros2_ws/install/cartesian_impedance_control/lib:/home/simi/franka_ros2_ws/install/messages_fr3/lib:/home/simi/franka_ros2_ws/install/joint_trajectory_controller/lib:/home/simi/franka_ros2_ws/install/integration_launch_testing/lib:/home/simi/franka_ros2_ws/install/franka_robot_state_broadcaster/lib:/home/simi/franka_ros2_ws/install/franka_example_controllers/lib:/home/simi/franka_ros2_ws/install/franka_semantic_components/lib:/home/simi/franka_ros2_ws/install/franka_gripper/lib:/opt/ros/humble/opt/rviz_ogre_vendor/lib:/opt/ros/humble/lib/x86_64-linux-gnu:/opt/ros/humble/lib /usr/bin/cmake --build /home/simi/franka_ros2_ws/build/franka_semantic_components -- -j16 -l16
[2.559s] [35m[1mConsolidate compiler generated dependencies of target gmock[0m
[2.560s] [35m[1mConsolidate compiler generated dependencies of target gmock_main[0m
[2.562s] [35m[1mConsolidate compiler generated dependencies of target franka_semantic_components[0m
[2.586s] [  9%] [32mBuilding CXX object gmock/CMakeFiles/gmock_main.dir/src/gmock_main.cc.o[0m
[2.586s] [  9%] [32mBuilding CXX object gmock/CMakeFiles/gmock.dir/opt/ros/humble/src/gtest_vendor/src/gtest-all.cc.o[0m
[2.589s] [ 13%] [32mBuilding CXX object gmock/CMakeFiles/gmock.dir/src/gmock-all.cc.o[0m
[2.626s] [ 22%] [32mBuilding CXX object CMakeFiles/franka_semantic_components.dir/src/franka_robot_model.cpp.o[0m
[2.626s] [ 22%] [32mBuilding CXX object CMakeFiles/franka_semantic_components.dir/src/franka_robot_state.cpp.o[0m
[2.643s] [ 31%] [32mBuilding CXX object CMakeFiles/franka_semantic_components.dir/src/franka_cartesian_velocity_interface.cpp.o[0m
[2.646s] [ 31%] [32mBuilding CXX object CMakeFiles/franka_semantic_components.dir/src/franka_cartesian_pose_interface.cpp.o[0m
[2.646s] [ 36%] [32mBuilding CXX object CMakeFiles/franka_semantic_components.dir/src/franka_semantic_component_interface.cpp.o[0m
[2.651s] [ 40%] [32mBuilding CXX object CMakeFiles/franka_semantic_components.dir/src/translation_utils.cpp.o[0m
[5.564s] [ 45%] [32m[1mLinking CXX static library libgmock_main.a[0m
[5.642s] [ 45%] Built target gmock_main
[6.366s] [ 50%] [32m[1mLinking CXX shared library libfranka_semantic_components.so[0m
[6.609s] [ 50%] Built target franka_semantic_components
[10.868s] [ 54%] [32m[1mLinking CXX static library libgmock.a[0m
[10.936s] [ 54%] Built target gmock
[10.952s] [35m[1mConsolidate compiler generated dependencies of target test_franka_robot_model[0m
[10.952s] [35m[1mConsolidate compiler generated dependencies of target franka_cartesian_velocity_interface_test[0m
[10.953s] [35m[1mConsolidate compiler generated dependencies of target franka_semantic_component_interface_test[0m
[10.954s] [35m[1mConsolidate compiler generated dependencies of target test_franka_robot_state[0m
[10.954s] [35m[1mConsolidate compiler generated dependencies of target franka_cartesian_pose_interface_test[0m
[10.978s] [ 59%] [32mBuilding CXX object CMakeFiles/test_franka_robot_model.dir/test/franka_robot_model_test.cpp.o[0m
[10.979s] [ 68%] [32mBuilding CXX object CMakeFiles/test_franka_robot_state.dir/test/franka_robot_state_test.cpp.o[0m
[10.979s] [ 68%] [32mBuilding CXX object CMakeFiles/franka_semantic_component_interface_test.dir/test/franka_semantic_interface_test.cpp.o[0m
[10.983s] [ 72%] [32mBuilding CXX object CMakeFiles/franka_cartesian_velocity_interface_test.dir/test/franka_cartesian_velocity_interface_test.cpp.o[0m
[10.984s] [ 77%] [32mBuilding CXX object CMakeFiles/franka_cartesian_pose_interface_test.dir/test/franka_cartesian_pose_interface_test.cpp.o[0m
[14.046s] [ 81%] [32m[1mLinking CXX executable franka_semantic_component_interface_test[0m
[14.338s] [ 81%] Built target franka_semantic_component_interface_test
[14.546s] [ 86%] [32m[1mLinking CXX executable franka_cartesian_velocity_interface_test[0m
[14.655s] [ 90%] [32m[1mLinking CXX executable test_franka_robot_state[0m
[14.890s] [ 90%] Built target franka_cartesian_velocity_interface_test
[15.001s] [ 90%] Built target test_franka_robot_state
[15.043s] [ 95%] [32m[1mLinking CXX executable franka_cartesian_pose_interface_test[0m
[15.302s] [ 95%] Built target franka_cartesian_pose_interface_test
[15.302s] [100%] [32m[1mLinking CXX executable test_franka_robot_model[0m
[15.569s] [100%] Built target test_franka_robot_model
[15.587s] Invoked command in '/home/simi/franka_ros2_ws/build/franka_semantic_components' returned '0': CMAKE_PREFIX_PATH=/home/simi/franka_ros2_ws/install/franka_hardware:/home/simi/franka_ros2_ws/install/franka_msgs:/home/simi/franka_ros2_ws/install/cartesian_impedance_control:/home/simi/franka_ros2_ws/install/messages_fr3:/home/simi/franka_ros2_ws/install/joint_trajectory_controller:/home/simi/franka_ros2_ws/install/integration_launch_testing:/home/simi/franka_ros2_ws/install/franka_bringup:/home/simi/franka_ros2_ws/install/franka_robot_state_broadcaster:/home/simi/franka_ros2_ws/install/franka_example_controllers:/home/simi/franka_ros2_ws/install/franka_semantic_components:/home/simi/franka_ros2_ws/install/franka_moveit_config:/home/simi/franka_ros2_ws/install/franka_gripper:/home/simi/franka_ros2_ws/install/franka_description:/home/simi/franka_ros2_ws/install/realtime_plot_of_data:/opt/ros/humble LD_LIBRARY_PATH=/home/simi/franka_ros2_ws/install/franka_hardware/lib:/home/simi/franka_ros2_ws/install/franka_msgs/lib:/home/simi/franka_ros2_ws/install/cartesian_impedance_control/lib:/home/simi/franka_ros2_ws/install/messages_fr3/lib:/home/simi/franka_ros2_ws/install/joint_trajectory_controller/lib:/home/simi/franka_ros2_ws/install/integration_launch_testing/lib:/home/simi/franka_ros2_ws/install/franka_robot_state_broadcaster/lib:/home/simi/franka_ros2_ws/install/franka_example_controllers/lib:/home/simi/franka_ros2_ws/install/franka_semantic_components/lib:/home/simi/franka_ros2_ws/install/franka_gripper/lib:/opt/ros/humble/opt/rviz_ogre_vendor/lib:/opt/ros/humble/lib/x86_64-linux-gnu:/opt/ros/humble/lib /usr/bin/cmake --build /home/simi/franka_ros2_ws/build/franka_semantic_components -- -j16 -l16
[15.692s] Invoking command in '/home/simi/franka_ros2_ws/build/franka_semantic_components': CMAKE_PREFIX_PATH=/home/simi/franka_ros2_ws/install/franka_hardware:/home/simi/franka_ros2_ws/install/franka_msgs:/home/simi/franka_ros2_ws/install/cartesian_impedance_control:/home/simi/franka_ros2_ws/install/messages_fr3:/home/simi/franka_ros2_ws/install/joint_trajectory_controller:/home/simi/franka_ros2_ws/install/integration_launch_testing:/home/simi/franka_ros2_ws/install/franka_bringup:/home/simi/franka_ros2_ws/install/franka_robot_state_broadcaster:/home/simi/franka_ros2_ws/install/franka_example_controllers:/home/simi/franka_ros2_ws/install/franka_semantic_components:/home/simi/franka_ros2_ws/install/franka_moveit_config:/home/simi/franka_ros2_ws/install/franka_gripper:/home/simi/franka_ros2_ws/install/franka_description:/home/simi/franka_ros2_ws/install/realtime_plot_of_data:/opt/ros/humble LD_LIBRARY_PATH=/home/simi/franka_ros2_ws/install/franka_hardware/lib:/home/simi/franka_ros2_ws/install/franka_msgs/lib:/home/simi/franka_ros2_ws/install/cartesian_impedance_control/lib:/home/simi/franka_ros2_ws/install/messages_fr3/lib:/home/simi/franka_ros2_ws/install/joint_trajectory_controller/lib:/home/simi/franka_ros2_ws/install/integration_launch_testing/lib:/home/simi/franka_ros2_ws/install/franka_robot_state_broadcaster/lib:/home/simi/franka_ros2_ws/install/franka_example_controllers/lib:/home/simi/franka_ros2_ws/install/franka_semantic_components/lib:/home/simi/franka_ros2_ws/install/franka_gripper/lib:/opt/ros/humble/opt/rviz_ogre_vendor/lib:/opt/ros/humble/lib/x86_64-linux-gnu:/opt/ros/humble/lib /usr/bin/cmake --install /home/simi/franka_ros2_ws/build/franka_semantic_components
[15.702s] -- Install configuration: "Release"
[15.702s] -- Installing: /home/simi/franka_ros2_ws/install/franka_semantic_components/lib/libfranka_semantic_components.so
[15.703s] -- Set runtime path of "/home/simi/franka_ros2_ws/install/franka_semantic_components/lib/libfranka_semantic_components.so" to ""
[15.703s] -- Up-to-date: /home/simi/franka_ros2_ws/install/franka_semantic_components/include
[15.704s] -- Up-to-date: /home/simi/franka_ros2_ws/install/franka_semantic_components/include/franka_semantic_components
[15.704s] -- Up-to-date: /home/simi/franka_ros2_ws/install/franka_semantic_components/include/franka_semantic_components/franka_semantic_component_interface.hpp
[15.704s] -- Up-to-date: /home/simi/franka_ros2_ws/install/franka_semantic_components/include/franka_semantic_components/franka_robot_state.hpp
[15.704s] -- Up-to-date: /home/simi/franka_ros2_ws/install/franka_semantic_components/include/franka_semantic_components/franka_robot_model.hpp
[15.704s] -- Up-to-date: /home/simi/franka_ros2_ws/install/franka_semantic_components/include/franka_semantic_components/franka_cartesian_pose_interface.hpp
[15.704s] -- Up-to-date: /home/simi/franka_ros2_ws/install/franka_semantic_components/include/franka_semantic_components/franka_cartesian_velocity_interface.hpp
[15.704s] -- Up-to-date: /home/simi/franka_ros2_ws/install/franka_semantic_components/share/franka_semantic_components/robot_description_test.txt
[15.704s] -- Up-to-date: /home/simi/franka_ros2_ws/install/franka_semantic_components/share/franka_semantic_components/environment/library_path.sh
[15.704s] -- Installing: /home/simi/franka_ros2_ws/install/franka_semantic_components/share/franka_semantic_components/environment/library_path.dsv
[15.704s] -- Up-to-date: /home/simi/franka_ros2_ws/install/franka_semantic_components/share/ament_index/resource_index/package_run_dependencies/franka_semantic_components
[15.704s] -- Installing: /home/simi/franka_ros2_ws/install/franka_semantic_components/share/ament_index/resource_index/parent_prefix_path/franka_semantic_components
[15.704s] -- Up-to-date: /home/simi/franka_ros2_ws/install/franka_semantic_components/share/franka_semantic_components/environment/ament_prefix_path.sh
[15.705s] -- Installing: /home/simi/franka_ros2_ws/install/franka_semantic_components/share/franka_semantic_components/environment/ament_prefix_path.dsv
[15.705s] -- Up-to-date: /home/simi/franka_ros2_ws/install/franka_semantic_components/share/franka_semantic_components/environment/path.sh
[15.705s] -- Installing: /home/simi/franka_ros2_ws/install/franka_semantic_components/share/franka_semantic_components/environment/path.dsv
[15.705s] -- Up-to-date: /home/simi/franka_ros2_ws/install/franka_semantic_components/share/franka_semantic_components/local_setup.bash
[15.705s] -- Up-to-date: /home/simi/franka_ros2_ws/install/franka_semantic_components/share/franka_semantic_components/local_setup.sh
[15.705s] -- Up-to-date: /home/simi/franka_ros2_ws/install/franka_semantic_components/share/franka_semantic_components/local_setup.zsh
[15.705s] -- Installing: /home/simi/franka_ros2_ws/install/franka_semantic_components/share/franka_semantic_components/local_setup.dsv
[15.705s] -- Installing: /home/simi/franka_ros2_ws/install/franka_semantic_components/share/franka_semantic_components/package.dsv
[15.705s] -- Up-to-date: /home/simi/franka_ros2_ws/install/franka_semantic_components/share/ament_index/resource_index/packages/franka_semantic_components
[15.705s] -- Up-to-date: /home/simi/franka_ros2_ws/install/franka_semantic_components/share/franka_semantic_components/cmake/ament_cmake_export_include_directories-extras.cmake
[15.705s] -- Up-to-date: /home/simi/franka_ros2_ws/install/franka_semantic_components/share/franka_semantic_components/cmake/ament_cmake_export_libraries-extras.cmake
[15.705s] -- Up-to-date: /home/simi/franka_ros2_ws/install/franka_semantic_components/share/franka_semantic_components/cmake/ament_cmake_export_dependencies-extras.cmake
[15.707s] -- Up-to-date: /home/simi/franka_ros2_ws/install/franka_semantic_components/share/franka_semantic_components/cmake/franka_semantic_componentsConfig.cmake
[15.707s] -- Up-to-date: /home/simi/franka_ros2_ws/install/franka_semantic_components/share/franka_semantic_components/cmake/franka_semantic_componentsConfig-version.cmake
[15.707s] -- Up-to-date: /home/simi/franka_ros2_ws/install/franka_semantic_components/share/franka_semantic_components/package.xml
[15.710s] Invoked command in '/home/simi/franka_ros2_ws/build/franka_semantic_components' returned '0': CMAKE_PREFIX_PATH=/home/simi/franka_ros2_ws/install/franka_hardware:/home/simi/franka_ros2_ws/install/franka_msgs:/home/simi/franka_ros2_ws/install/cartesian_impedance_control:/home/simi/franka_ros2_ws/install/messages_fr3:/home/simi/franka_ros2_ws/install/joint_trajectory_controller:/home/simi/franka_ros2_ws/install/integration_launch_testing:/home/simi/franka_ros2_ws/install/franka_bringup:/home/simi/franka_ros2_ws/install/franka_robot_state_broadcaster:/home/simi/franka_ros2_ws/install/franka_example_controllers:/home/simi/franka_ros2_ws/install/franka_semantic_components:/home/simi/franka_ros2_ws/install/franka_moveit_config:/home/simi/franka_ros2_ws/install/franka_gripper:/home/simi/franka_ros2_ws/install/franka_description:/home/simi/franka_ros2_ws/install/realtime_plot_of_data:/opt/ros/humble LD_LIBRARY_PATH=/home/simi/franka_ros2_ws/install/franka_hardware/lib:/home/simi/franka_ros2_ws/install/franka_msgs/lib:/home/simi/franka_ros2_ws/install/cartesian_impedance_control/lib:/home/simi/franka_ros2_ws/install/messages_fr3/lib:/home/simi/franka_ros2_ws/install/joint_trajectory_controller/lib:/home/simi/franka_ros2_ws/install/integration_launch_testing/lib:/home/simi/franka_ros2_ws/install/franka_robot_state_broadcaster/lib:/home/simi/franka_ros2_ws/install/franka_example_controllers/lib:/home/simi/franka_ros2_ws/install/franka_semantic_components/lib:/home/simi/franka_ros2_ws/install/franka_gripper/lib:/opt/ros/humble/opt/rviz_ogre_vendor/lib:/opt/ros/humble/lib/x86_64-linux-gnu:/opt/ros/humble/lib /usr/bin/cmake --install /home/simi/franka_ros2_ws/build/franka_semantic_components
