[0.012s] Invoking command in '/home/simi/franka_ros2_ws/build/messages_fr3': CMAKE_PREFIX_PATH=${CMAKE_PREFIX_PATH}:/home/simi/franka_ros2_ws/install/realtime_plot_of_data:/opt/ros/humble /usr/bin/cmake /home/simi/franka_ros2_ws/src/messages_fr3 -DCMAKE_BUILD_TYPE=Release -DCMAKE_INSTALL_PREFIX=/home/simi/franka_ros2_ws/install/messages_fr3
[0.031s] -- Found ament_cmake: 1.3.9 (/opt/ros/humble/share/ament_cmake/cmake)
[0.159s] -- Found rosidl_default_generators: 1.2.0 (/opt/ros/humble/share/rosidl_default_generators/cmake)
[0.163s] -- Using all available rosidl_typesupport_c: rosidl_typesupport_fastrtps_c;rosidl_typesupport_introspection_c
[0.167s] -- Found rosidl_adapter: 3.1.5 (/opt/ros/humble/share/rosidl_adapter/cmake)
[0.202s] -- Using all available rosidl_typesupport_cpp: rosidl_typesupport_fastrtps_cpp;rosidl_typesupport_introspection_cpp
[0.231s] -- Found std_msgs: 4.2.4 (/opt/ros/humble/share/std_msgs/cmake)
[0.460s] [31mCMake Error at /opt/ros/humble/share/rosidl_adapter/cmake/rosidl_adapt_interfaces.cmake:59 (message):
[0.460s]   execute_process(/usr/bin/python3 -m rosidl_adapter --package-name
[0.460s]   messages_fr3 --arguments-file
[0.460s]   /home/simi/franka_ros2_ws/build/messages_fr3/rosidl_adapter__arguments__messages_fr3.json
[0.460s]   --output-dir
[0.460s]   /home/simi/franka_ros2_ws/build/messages_fr3/rosidl_adapter/messages_fr3
[0.460s]   --output-file
[0.460s]   /home/simi/franka_ros2_ws/build/messages_fr3/rosidl_adapter/messages_fr3.idls)
[0.460s]   returned error code 1:
[0.460s] 
[0.461s]   Error processing 'int frame' of 'messages_fr3/SetForce_Request': ''int' is
[0.461s]   an invalid message name.  It should have the pattern '^[A-Z][A-Za-z0-9]*$''
[0.461s] 
[0.461s]   Traceback (most recent call last):
[0.461s] 
[0.461s]     File "/usr/lib/python3.10/runpy.py", line 196, in _run_module_as_main
[0.461s]       return _run_code(code, main_globals, None,
[0.461s]     File "/usr/lib/python3.10/runpy.py", line 86, in _run_code
[0.461s]       exec(code, run_globals)
[0.461s]     File "/opt/ros/humble/local/lib/python3.10/dist-packages/rosidl_adapter/__main__.py", line 19, in <module>
[0.461s]       sys.exit(main())
[0.462s]     File "/opt/ros/humble/local/lib/python3.10/dist-packages/rosidl_adapter/main.py", line 53, in main
[0.462s]       abs_idl_file = convert_to_idl(
[0.462s]     File "/opt/ros/humble/local/lib/python3.10/dist-packages/rosidl_adapter/__init__.py", line 24, in convert_to_idl
[0.462s]       return convert_srv_to_idl(
[0.462s]     File "/opt/ros/humble/local/lib/python3.10/dist-packages/rosidl_adapter/srv/__init__.py", line 28, in convert_srv_to_idl
[0.462s]       srv = parse_service_string(package_name, input_file.stem, content)
[0.462s]     File "/opt/ros/humble/local/lib/python3.10/dist-packages/rosidl_adapter/parser.py", line 859, in parse_service_string
[0.462s]       request_message = parse_message_string(
[0.462s]     File "/opt/ros/humble/local/lib/python3.10/dist-packages/rosidl_adapter/parser.py", line 520, in parse_message_string
[0.462s]       Type(type_string, context_package_name=pkg_name),
[0.462s]     File "/opt/ros/humble/local/lib/python3.10/dist-packages/rosidl_adapter/parser.py", line 277, in __init__
[0.462s]       super(Type, self).__init__(
[0.462s]     File "/opt/ros/humble/local/lib/python3.10/dist-packages/rosidl_adapter/parser.py", line 205, in __init__
[0.462s]       raise InvalidResourceName(
[0.462s] 
[0.462s]   rosidl_adapter.parser.InvalidResourceName: 'int' is an invalid message
[0.462s]   name.  It should have the pattern '^[A-Z][A-Za-z0-9]*$'
[0.462s] 
[0.463s] Call Stack (most recent call first):
[0.463s]   /opt/ros/humble/share/rosidl_cmake/cmake/rosidl_generate_interfaces.cmake:130 (rosidl_adapt_interfaces)
[0.463s]   CMakeLists.txt:8 (rosidl_generate_interfaces)
[0.463s] 
[0.463s] [0m
[0.463s] -- Configuring incomplete, errors occurred!
[0.463s] See also "/home/simi/franka_ros2_ws/build/messages_fr3/CMakeFiles/CMakeOutput.log".
[0.466s] Invoked command in '/home/simi/franka_ros2_ws/build/messages_fr3' returned '1': CMAKE_PREFIX_PATH=${CMAKE_PREFIX_PATH}:/home/simi/franka_ros2_ws/install/realtime_plot_of_data:/opt/ros/humble /usr/bin/cmake /home/simi/franka_ros2_ws/src/messages_fr3 -DCMAKE_BUILD_TYPE=Release -DCMAKE_INSTALL_PREFIX=/home/simi/franka_ros2_ws/install/messages_fr3
