[0.021s] Invoking command in '/home/simi/franka_ros2_ws/build/franka_semantic_components': CMAKE_PREFIX_PATH=/home/simi/franka_ros2_ws/install/franka_hardware:/home/simi/franka_ros2_ws/install/franka_msgs:/home/simi/franka_ros2_ws/install/cartesian_impedance_control:/home/simi/franka_ros2_ws/install/messages_fr3:/home/simi/franka_ros2_ws/install/joint_trajectory_controller:/home/simi/franka_ros2_ws/install/integration_launch_testing:/home/simi/franka_ros2_ws/install/franka_bringup:/home/simi/franka_ros2_ws/install/franka_robot_state_broadcaster:/home/simi/franka_ros2_ws/install/franka_example_controllers:/home/simi/franka_ros2_ws/install/franka_semantic_components:/home/simi/franka_ros2_ws/install/franka_moveit_config:/home/simi/franka_ros2_ws/install/franka_gripper:/home/simi/franka_ros2_ws/install/franka_description:/opt/ros/humble LD_LIBRARY_PATH=/home/simi/franka_ros2_ws/install/franka_hardware/lib:/home/simi/franka_ros2_ws/install/franka_msgs/lib:/home/simi/franka_ros2_ws/install/cartesian_impedance_control/lib:/home/simi/franka_ros2_ws/install/messages_fr3/lib:/home/simi/franka_ros2_ws/install/joint_trajectory_controller/lib:/home/simi/franka_ros2_ws/install/integration_launch_testing/lib:/home/simi/franka_ros2_ws/install/franka_robot_state_broadcaster/lib:/home/simi/franka_ros2_ws/install/franka_example_controllers/lib:/home/simi/franka_ros2_ws/install/franka_semantic_components/lib:/home/simi/franka_ros2_ws/install/franka_gripper/lib:/opt/ros/humble/opt/rviz_ogre_vendor/lib:/opt/ros/humble/lib/x86_64-linux-gnu:/opt/ros/humble/lib /usr/bin/cmake --build /home/simi/franka_ros2_ws/build/franka_semantic_components -- -j16 -l16
[0.059s] -- Found ament_cmake: 1.3.9 (/opt/ros/humble/share/ament_cmake/cmake)
[0.215s] -- Found franka_hardware: 0.1.13 (/home/simi/franka_ros2_ws/install/franka_hardware/share/franka_hardware/cmake)
[0.258s] -- Found rosidl_generator_c: 3.1.5 (/opt/ros/humble/share/rosidl_generator_c/cmake)
[0.261s] -- Found rosidl_adapter: 3.1.5 (/opt/ros/humble/share/rosidl_adapter/cmake)
[0.271s] -- Found rosidl_generator_cpp: 3.1.5 (/opt/ros/humble/share/rosidl_generator_cpp/cmake)
[0.288s] -- Using all available rosidl_typesupport_c: rosidl_typesupport_fastrtps_c;rosidl_typesupport_introspection_c
[0.305s] -- Using all available rosidl_typesupport_cpp: rosidl_typesupport_fastrtps_cpp;rosidl_typesupport_introspection_cpp
[0.909s] -- Found rmw_implementation_cmake: 6.1.2 (/opt/ros/humble/share/rmw_implementation_cmake/cmake)
[0.911s] -- Found rmw_fastrtps_cpp: 6.2.6 (/opt/ros/humble/share/rmw_fastrtps_cpp/cmake)
[0.942s] -- Found TinyXML2 via Config file: TinyXML2_DIR-NOTFOUND
[0.955s] -- Found TinyXML2 via Config file: TinyXML2_DIR-NOTFOUND
[0.978s] -- Found TinyXML2 via Config file: TinyXML2_DIR-NOTFOUND
[0.989s] -- Found TinyXML2 via Config file: TinyXML2_DIR-NOTFOUND
[1.001s] -- Using RMW implementation 'rmw_fastrtps_cpp' as default
[1.230s] -- Found franka_msgs: 0.1.13 (/home/simi/franka_ros2_ws/install/franka_msgs/share/franka_msgs/cmake)
[1.406s] -- Found urdf: 2.6.0 (/opt/ros/humble/share/urdf/cmake)
[1.627s] -- Found ament_cmake_clang_format: 0.12.11 (/opt/ros/humble/share/ament_cmake_clang_format/cmake)
[1.627s] -- Found ament_cmake_copyright: 0.12.11 (/opt/ros/humble/share/ament_cmake_copyright/cmake)
[1.628s] -- Found ament_cmake_cppcheck: 0.12.11 (/opt/ros/humble/share/ament_cmake_cppcheck/cmake)
[1.629s] -- Found ament_cmake_flake8: 0.12.11 (/opt/ros/humble/share/ament_cmake_flake8/cmake)
[1.630s] -- Found ament_cmake_lint_cmake: 0.12.11 (/opt/ros/humble/share/ament_cmake_lint_cmake/cmake)
[1.630s] -- Found ament_cmake_pep257: 0.12.11 (/opt/ros/humble/share/ament_cmake_pep257/cmake)
[1.630s] -- Found ament_cmake_xmllint: 0.12.11 (/opt/ros/humble/share/ament_cmake_xmllint/cmake)
[1.631s] -- Found ament_cmake_gmock: 1.3.9 (/opt/ros/humble/share/ament_cmake_gmock/cmake)
[1.632s] -- Found controller_interface: 2.41.0 (/opt/ros/humble/share/controller_interface/cmake)
[1.711s] -- Found gmock sources under '/opt/ros/humble/src/gmock_vendor': C++ tests using 'Google Mock' will be built
[1.713s] -- Found ament_cmake_gtest: 1.3.9 (/opt/ros/humble/share/ament_cmake_gtest/cmake)
[1.714s] -- Found gtest sources under '/opt/ros/humble/src/gtest_vendor': C++ tests using 'Google Test' will be built
[2.322s] -- Configuring done
[2.517s] -- Generating done
[2.521s] -- Build files have been written to: /home/simi/franka_ros2_ws/build/franka_semantic_components
[2.562s] [35m[1mConsolidate compiler generated dependencies of target gmock[0m
[2.564s] [35m[1mConsolidate compiler generated dependencies of target gmock_main[0m
[2.565s] [35m[1mConsolidate compiler generated dependencies of target franka_semantic_components[0m
[2.590s] [ 18%] Built target gmock
[2.591s] [ 22%] Built target gmock_main
[2.609s] [ 27%] [32mBuilding CXX object CMakeFiles/franka_semantic_components.dir/src/franka_robot_model.cpp.o[0m
[2.611s] [ 40%] [32mBuilding CXX object CMakeFiles/franka_semantic_components.dir/src/franka_semantic_component_interface.cpp.o[0m
[2.611s] [ 40%] [32mBuilding CXX object CMakeFiles/franka_semantic_components.dir/src/translation_utils.cpp.o[0m
[2.611s] [ 40%] [32mBuilding CXX object CMakeFiles/franka_semantic_components.dir/src/franka_robot_state.cpp.o[0m
[2.613s] [ 50%] [32mBuilding CXX object CMakeFiles/franka_semantic_components.dir/src/franka_cartesian_velocity_interface.cpp.o[0m
[2.613s] [ 50%] [32mBuilding CXX object CMakeFiles/franka_semantic_components.dir/src/franka_cartesian_pose_interface.cpp.o[0m
[5.044s] [ 54%] [32m[1mLinking CXX shared library libfranka_semantic_components.so[0m
[5.244s] [ 54%] Built target franka_semantic_components
[5.260s] [35m[1mConsolidate compiler generated dependencies of target franka_semantic_component_interface_test[0m
[5.260s] [35m[1mConsolidate compiler generated dependencies of target test_franka_robot_state[0m
[5.260s] [35m[1mConsolidate compiler generated dependencies of target test_franka_robot_model[0m
[5.260s] [35m[1mConsolidate compiler generated dependencies of target franka_cartesian_velocity_interface_test[0m
[5.262s] [35m[1mConsolidate compiler generated dependencies of target franka_cartesian_pose_interface_test[0m
[5.285s] [ 59%] [32mBuilding CXX object CMakeFiles/franka_semantic_component_interface_test.dir/test/franka_semantic_interface_test.cpp.o[0m
[5.288s] [ 72%] [32mBuilding CXX object CMakeFiles/test_franka_robot_state.dir/test/franka_robot_state_test.cpp.o[0m
[5.288s] [ 72%] [32mBuilding CXX object CMakeFiles/test_franka_robot_model.dir/test/franka_robot_model_test.cpp.o[0m
[5.288s] [ 72%] [32mBuilding CXX object CMakeFiles/franka_cartesian_pose_interface_test.dir/test/franka_cartesian_pose_interface_test.cpp.o[0m
[5.290s] [ 77%] [32mBuilding CXX object CMakeFiles/franka_cartesian_velocity_interface_test.dir/test/franka_cartesian_velocity_interface_test.cpp.o[0m
[8.543s] [ 81%] [32m[1mLinking CXX executable franka_semantic_component_interface_test[0m
[8.811s] [ 86%] [32m[1mLinking CXX executable test_franka_robot_state[0m
[8.836s] [ 86%] Built target franka_semantic_component_interface_test
[9.063s] [ 90%] [32m[1mLinking CXX executable franka_cartesian_velocity_interface_test[0m
[9.124s] [ 90%] Built target test_franka_robot_state
[9.407s] [ 90%] Built target franka_cartesian_velocity_interface_test
[9.493s] [ 95%] [32m[1mLinking CXX executable franka_cartesian_pose_interface_test[0m
[9.752s] [ 95%] Built target franka_cartesian_pose_interface_test
[9.854s] [100%] [32m[1mLinking CXX executable test_franka_robot_model[0m
[10.126s] [100%] Built target test_franka_robot_model
[10.143s] Invoked command in '/home/simi/franka_ros2_ws/build/franka_semantic_components' returned '0': CMAKE_PREFIX_PATH=/home/simi/franka_ros2_ws/install/franka_hardware:/home/simi/franka_ros2_ws/install/franka_msgs:/home/simi/franka_ros2_ws/install/cartesian_impedance_control:/home/simi/franka_ros2_ws/install/messages_fr3:/home/simi/franka_ros2_ws/install/joint_trajectory_controller:/home/simi/franka_ros2_ws/install/integration_launch_testing:/home/simi/franka_ros2_ws/install/franka_bringup:/home/simi/franka_ros2_ws/install/franka_robot_state_broadcaster:/home/simi/franka_ros2_ws/install/franka_example_controllers:/home/simi/franka_ros2_ws/install/franka_semantic_components:/home/simi/franka_ros2_ws/install/franka_moveit_config:/home/simi/franka_ros2_ws/install/franka_gripper:/home/simi/franka_ros2_ws/install/franka_description:/opt/ros/humble LD_LIBRARY_PATH=/home/simi/franka_ros2_ws/install/franka_hardware/lib:/home/simi/franka_ros2_ws/install/franka_msgs/lib:/home/simi/franka_ros2_ws/install/cartesian_impedance_control/lib:/home/simi/franka_ros2_ws/install/messages_fr3/lib:/home/simi/franka_ros2_ws/install/joint_trajectory_controller/lib:/home/simi/franka_ros2_ws/install/integration_launch_testing/lib:/home/simi/franka_ros2_ws/install/franka_robot_state_broadcaster/lib:/home/simi/franka_ros2_ws/install/franka_example_controllers/lib:/home/simi/franka_ros2_ws/install/franka_semantic_components/lib:/home/simi/franka_ros2_ws/install/franka_gripper/lib:/opt/ros/humble/opt/rviz_ogre_vendor/lib:/opt/ros/humble/lib/x86_64-linux-gnu:/opt/ros/humble/lib /usr/bin/cmake --build /home/simi/franka_ros2_ws/build/franka_semantic_components -- -j16 -l16
[10.264s] Invoking command in '/home/simi/franka_ros2_ws/build/franka_semantic_components': CMAKE_PREFIX_PATH=/home/simi/franka_ros2_ws/install/franka_hardware:/home/simi/franka_ros2_ws/install/franka_msgs:/home/simi/franka_ros2_ws/install/cartesian_impedance_control:/home/simi/franka_ros2_ws/install/messages_fr3:/home/simi/franka_ros2_ws/install/joint_trajectory_controller:/home/simi/franka_ros2_ws/install/integration_launch_testing:/home/simi/franka_ros2_ws/install/franka_bringup:/home/simi/franka_ros2_ws/install/franka_robot_state_broadcaster:/home/simi/franka_ros2_ws/install/franka_example_controllers:/home/simi/franka_ros2_ws/install/franka_semantic_components:/home/simi/franka_ros2_ws/install/franka_moveit_config:/home/simi/franka_ros2_ws/install/franka_gripper:/home/simi/franka_ros2_ws/install/franka_description:/opt/ros/humble LD_LIBRARY_PATH=/home/simi/franka_ros2_ws/install/franka_hardware/lib:/home/simi/franka_ros2_ws/install/franka_msgs/lib:/home/simi/franka_ros2_ws/install/cartesian_impedance_control/lib:/home/simi/franka_ros2_ws/install/messages_fr3/lib:/home/simi/franka_ros2_ws/install/joint_trajectory_controller/lib:/home/simi/franka_ros2_ws/install/integration_launch_testing/lib:/home/simi/franka_ros2_ws/install/franka_robot_state_broadcaster/lib:/home/simi/franka_ros2_ws/install/franka_example_controllers/lib:/home/simi/franka_ros2_ws/install/franka_semantic_components/lib:/home/simi/franka_ros2_ws/install/franka_gripper/lib:/opt/ros/humble/opt/rviz_ogre_vendor/lib:/opt/ros/humble/lib/x86_64-linux-gnu:/opt/ros/humble/lib /usr/bin/cmake --install /home/simi/franka_ros2_ws/build/franka_semantic_components
[10.275s] -- Install configuration: "Release"
[10.286s] -- Installing: /home/simi/franka_ros2_ws/install/franka_semantic_components/lib/libfranka_semantic_components.so
[10.288s] -- Set runtime path of "/home/simi/franka_ros2_ws/install/franka_semantic_components/lib/libfranka_semantic_components.so" to ""
[10.288s] -- Up-to-date: /home/simi/franka_ros2_ws/install/franka_semantic_components/include
[10.289s] -- Up-to-date: /home/simi/franka_ros2_ws/install/franka_semantic_components/include/franka_semantic_components
[10.289s] -- Up-to-date: /home/simi/franka_ros2_ws/install/franka_semantic_components/include/franka_semantic_components/franka_semantic_component_interface.hpp
[10.289s] -- Up-to-date: /home/simi/franka_ros2_ws/install/franka_semantic_components/include/franka_semantic_components/franka_robot_state.hpp
[10.289s] -- Up-to-date: /home/simi/franka_ros2_ws/install/franka_semantic_components/include/franka_semantic_components/franka_robot_model.hpp
[10.289s] -- Up-to-date: /home/simi/franka_ros2_ws/install/franka_semantic_components/include/franka_semantic_components/franka_cartesian_pose_interface.hpp
[10.289s] -- Up-to-date: /home/simi/franka_ros2_ws/install/franka_semantic_components/include/franka_semantic_components/franka_cartesian_velocity_interface.hpp
[10.290s] -- Up-to-date: /home/simi/franka_ros2_ws/install/franka_semantic_components/share/franka_semantic_components/robot_description_test.txt
[10.290s] -- Up-to-date: /home/simi/franka_ros2_ws/install/franka_semantic_components/share/franka_semantic_components/environment/library_path.sh
[10.290s] -- Installing: /home/simi/franka_ros2_ws/install/franka_semantic_components/share/franka_semantic_components/environment/library_path.dsv
[10.290s] -- Up-to-date: /home/simi/franka_ros2_ws/install/franka_semantic_components/share/ament_index/resource_index/package_run_dependencies/franka_semantic_components
[10.290s] -- Installing: /home/simi/franka_ros2_ws/install/franka_semantic_components/share/ament_index/resource_index/parent_prefix_path/franka_semantic_components
[10.291s] -- Installing: /home/simi/franka_ros2_ws/install/franka_semantic_components/share/franka_semantic_components/environment/ament_prefix_path.sh
[10.291s] -- Installing: /home/simi/franka_ros2_ws/install/franka_semantic_components/share/franka_semantic_components/environment/ament_prefix_path.dsv
[10.291s] -- Installing: /home/simi/franka_ros2_ws/install/franka_semantic_components/share/franka_semantic_components/environment/path.sh
[10.291s] -- Installing: /home/simi/franka_ros2_ws/install/franka_semantic_components/share/franka_semantic_components/environment/path.dsv
[10.291s] -- Up-to-date: /home/simi/franka_ros2_ws/install/franka_semantic_components/share/franka_semantic_components/local_setup.bash
[10.291s] -- Up-to-date: /home/simi/franka_ros2_ws/install/franka_semantic_components/share/franka_semantic_components/local_setup.sh
[10.291s] -- Up-to-date: /home/simi/franka_ros2_ws/install/franka_semantic_components/share/franka_semantic_components/local_setup.zsh
[10.291s] -- Installing: /home/simi/franka_ros2_ws/install/franka_semantic_components/share/franka_semantic_components/local_setup.dsv
[10.291s] -- Installing: /home/simi/franka_ros2_ws/install/franka_semantic_components/share/franka_semantic_components/package.dsv
[10.291s] -- Up-to-date: /home/simi/franka_ros2_ws/install/franka_semantic_components/share/ament_index/resource_index/packages/franka_semantic_components
[10.291s] -- Up-to-date: /home/simi/franka_ros2_ws/install/franka_semantic_components/share/franka_semantic_components/cmake/ament_cmake_export_include_directories-extras.cmake
[10.291s] -- Up-to-date: /home/simi/franka_ros2_ws/install/franka_semantic_components/share/franka_semantic_components/cmake/ament_cmake_export_libraries-extras.cmake
[10.291s] -- Up-to-date: /home/simi/franka_ros2_ws/install/franka_semantic_components/share/franka_semantic_components/cmake/ament_cmake_export_dependencies-extras.cmake
[10.291s] -- Up-to-date: /home/simi/franka_ros2_ws/install/franka_semantic_components/share/franka_semantic_components/cmake/franka_semantic_componentsConfig.cmake
[10.291s] -- Up-to-date: /home/simi/franka_ros2_ws/install/franka_semantic_components/share/franka_semantic_components/cmake/franka_semantic_componentsConfig-version.cmake
[10.291s] -- Up-to-date: /home/simi/franka_ros2_ws/install/franka_semantic_components/share/franka_semantic_components/package.xml
[10.294s] Invoked command in '/home/simi/franka_ros2_ws/build/franka_semantic_components' returned '0': CMAKE_PREFIX_PATH=/home/simi/franka_ros2_ws/install/franka_hardware:/home/simi/franka_ros2_ws/install/franka_msgs:/home/simi/franka_ros2_ws/install/cartesian_impedance_control:/home/simi/franka_ros2_ws/install/messages_fr3:/home/simi/franka_ros2_ws/install/joint_trajectory_controller:/home/simi/franka_ros2_ws/install/integration_launch_testing:/home/simi/franka_ros2_ws/install/franka_bringup:/home/simi/franka_ros2_ws/install/franka_robot_state_broadcaster:/home/simi/franka_ros2_ws/install/franka_example_controllers:/home/simi/franka_ros2_ws/install/franka_semantic_components:/home/simi/franka_ros2_ws/install/franka_moveit_config:/home/simi/franka_ros2_ws/install/franka_gripper:/home/simi/franka_ros2_ws/install/franka_description:/opt/ros/humble LD_LIBRARY_PATH=/home/simi/franka_ros2_ws/install/franka_hardware/lib:/home/simi/franka_ros2_ws/install/franka_msgs/lib:/home/simi/franka_ros2_ws/install/cartesian_impedance_control/lib:/home/simi/franka_ros2_ws/install/messages_fr3/lib:/home/simi/franka_ros2_ws/install/joint_trajectory_controller/lib:/home/simi/franka_ros2_ws/install/integration_launch_testing/lib:/home/simi/franka_ros2_ws/install/franka_robot_state_broadcaster/lib:/home/simi/franka_ros2_ws/install/franka_example_controllers/lib:/home/simi/franka_ros2_ws/install/franka_semantic_components/lib:/home/simi/franka_ros2_ws/install/franka_gripper/lib:/opt/ros/humble/opt/rviz_ogre_vendor/lib:/opt/ros/humble/lib/x86_64-linux-gnu:/opt/ros/humble/lib /usr/bin/cmake --install /home/simi/franka_ros2_ws/build/franka_semantic_components
