[ 25%] [32mBuilding CXX object CMakeFiles/cartesian_impedance_control.dir/src/force_control_server.cpp.o[0m
[ 25%] [32mBuilding CXX object CMakeFiles/cartesian_impedance_control.dir/src/cartesian_impedance_controller.cpp.o[0m
[ 37%] [32mBuilding CXX object CMakeFiles/cartesian_impedance_control.dir/src/user_input_server.cpp.o[0m
[01m[K/home/simi/franka_ros2_ws/src/cartesian_impedance_control/src/cartesian_impedance_controller.cpp:[m[K In member function ‘[01m[Kvirtual CallbackReturn cartesian_impedance_control::CartesianImpedanceController::on_init()[m[K’:
[01m[K/home/simi/franka_ros2_ws/src/cartesian_impedance_control/src/cartesian_impedance_controller.cpp:261:42:[m[K [01;35m[Kwarning: [m[Kempty parentheses were disambiguated as a function declaration [[01;35m[K]8;;https://gcc.gnu.org/onlinedocs/gcc/Warning-Options.html#index-Wvexing-parse-Wvexing-parse]8;;[m[K]
  261 |    WrenchPublisher data_publisher_service[01;35m[K()[m[K;
      |                                          [01;35m[K^~[m[K
[01m[K/home/simi/franka_ros2_ws/src/cartesian_impedance_control/src/cartesian_impedance_controller.cpp:261:42:[m[K [01;36m[Knote: [m[Kremove parentheses to default-initialize a variable
  261 |    WrenchPublisher data_publisher_service[01;36m[K()[m[K;
      |                                          [01;36m[K^~[m[K
      |                                          [31m[K--[m[K
[01m[K/home/simi/franka_ros2_ws/src/cartesian_impedance_control/src/cartesian_impedance_controller.cpp:261:42:[m[K [01;36m[Knote: [m[Kor replace parentheses with braces to value-initialize a variable
In file included from [01m[K/usr/include/c++/11/thread:43[m[K,
                 from [01m[K/home/simi/franka_ros2_ws/src/cartesian_impedance_control/include/cartesian_impedance_control/cartesian_impedance_controller.hpp:26[m[K,
                 from [01m[K/home/simi/franka_ros2_ws/src/cartesian_impedance_control/src/cartesian_impedance_controller.cpp:15[m[K:
/usr/include/c++/11/bits/std_thread.h: In instantiation of ‘[01m[Kstd::thread::thread(_Callable&&, _Args&& ...) [with _Callable = int (cartesian_impedance_control::WrenchPublisher::*)(int, char**); _Args = {cartesian_impedance_control::WrenchPublisher (&)(), int, std::nullptr_t}; <template-parameter-1-3> = void][m[K’:
[01m[K/home/simi/franka_ros2_ws/src/cartesian_impedance_control/src/cartesian_impedance_controller.cpp:262:96:[m[K   required from here
[01m[K/usr/include/c++/11/bits/std_thread.h:130:72:[m[K [01;31m[Kerror: [m[Kstatic assertion failed: std::thread arguments must be invocable after conversion to rvalues
  130 |                                 typename decay<_Args>::type...>::[01;31m[Kvalue[m[K,
      |                                                                  [01;31m[K^~~~~[m[K

[01m[K/usr/include/c++/11/bits/std_thread.h:130:72:[m[K [01;36m[Knote: [m[K‘[01m[Kstd::integral_constant<bool, false>::value[m[K’ evaluates to false
/usr/include/c++/11/bits/std_thread.h: In instantiation of ‘[01m[Kstruct std::thread::_Invoker<std::tuple<int (cartesian_impedance_control::WrenchPublisher::*)(int, char**), cartesian_impedance_control::WrenchPublisher (*)(), int, std::nullptr_t> >[m[K’:
[01m[K/usr/include/c++/11/bits/std_thread.h:203:13:[m[K   required from ‘[01m[Kstruct std::thread::_State_impl<std::thread::_Invoker<std::tuple<int (cartesian_impedance_control::WrenchPublisher::*)(int, char**), cartesian_impedance_control::WrenchPublisher (*)(), int, std::nullptr_t> > >[m[K’
[01m[K/usr/include/c++/11/bits/std_thread.h:143:29:[m[K   required from ‘[01m[Kstd::thread::thread(_Callable&&, _Args&& ...) [with _Callable = int (cartesian_impedance_control::WrenchPublisher::*)(int, char**); _Args = {cartesian_impedance_control::WrenchPublisher (&)(), int, std::nullptr_t}; <template-parameter-1-3> = void][m[K’
[01m[K/home/simi/franka_ros2_ws/src/cartesian_impedance_control/src/cartesian_impedance_controller.cpp:262:96:[m[K   required from here
[01m[K/usr/include/c++/11/bits/std_thread.h:258:11:[m[K [01;31m[Kerror: [m[Kno type named ‘[01m[Ktype[m[K’ in ‘[01m[Kstruct std::thread::_Invoker<std::tuple<int (cartesian_impedance_control::WrenchPublisher::*)(int, char**), cartesian_impedance_control::WrenchPublisher (*)(), int, std::nullptr_t> >::__result<std::tuple<int (cartesian_impedance_control::WrenchPublisher::*)(int, char**), cartesian_impedance_control::WrenchPublisher (*)(), int, std::nullptr_t> >[m[K’
  258 |           [01;31m[K_M_invoke[m[K(_Index_tuple<_Ind...>)
      |           [01;31m[K^~~~~~~~~[m[K
[01m[K/usr/include/c++/11/bits/std_thread.h:262:9:[m[K [01;31m[Kerror: [m[Kno type named ‘[01m[Ktype[m[K’ in ‘[01m[Kstruct std::thread::_Invoker<std::tuple<int (cartesian_impedance_control::WrenchPublisher::*)(int, char**), cartesian_impedance_control::WrenchPublisher (*)(), int, std::nullptr_t> >::__result<std::tuple<int (cartesian_impedance_control::WrenchPublisher::*)(int, char**), cartesian_impedance_control::WrenchPublisher (*)(), int, std::nullptr_t> >[m[K’
  262 |         [01;31m[Koperator[m[K()()
      |         [01;31m[K^~~~~~~~[m[K
gmake[2]: *** [CMakeFiles/cartesian_impedance_control.dir/build.make:76: CMakeFiles/cartesian_impedance_control.dir/src/cartesian_impedance_controller.cpp.o] Error 1
gmake[1]: *** [CMakeFiles/Makefile2:141: CMakeFiles/cartesian_impedance_control.dir/all] Error 2
gmake: *** [Makefile:146: all] Error 2
