[0.017s] Invoking command in '/home/simi/franka_ros2_ws/build/franka_hardware': CMAKE_PREFIX_PATH=/home/simi/franka_ros2_ws/install/franka_msgs:/home/simi/franka_ros2_ws/install/cartesian_impedance_control:/home/simi/franka_ros2_ws/install/messages_fr3:/home/simi/franka_ros2_ws/install/joint_trajectory_controller:/home/simi/franka_ros2_ws/install/integration_launch_testing:/home/simi/franka_ros2_ws/install/franka_bringup:/home/simi/franka_ros2_ws/install/franka_robot_state_broadcaster:/home/simi/franka_ros2_ws/install/franka_example_controllers:/home/simi/franka_ros2_ws/install/franka_semantic_components:/home/simi/franka_ros2_ws/install/franka_moveit_config:/home/simi/franka_ros2_ws/install/franka_hardware:/home/simi/franka_ros2_ws/install/franka_gripper:/home/simi/franka_ros2_ws/install/franka_description:/home/simi/franka_ros2_ws/install/realtime_plot_of_data:/opt/ros/humble LD_LIBRARY_PATH=/home/simi/franka_ros2_ws/install/franka_msgs/lib:/home/simi/franka_ros2_ws/install/cartesian_impedance_control/lib:/home/simi/franka_ros2_ws/install/messages_fr3/lib:/home/simi/franka_ros2_ws/install/joint_trajectory_controller/lib:/home/simi/franka_ros2_ws/install/integration_launch_testing/lib:/home/simi/franka_ros2_ws/install/franka_robot_state_broadcaster/lib:/home/simi/franka_ros2_ws/install/franka_example_controllers/lib:/home/simi/franka_ros2_ws/install/franka_semantic_components/lib:/home/simi/franka_ros2_ws/install/franka_hardware/lib:/home/simi/franka_ros2_ws/install/franka_gripper/lib:/opt/ros/humble/opt/rviz_ogre_vendor/lib:/opt/ros/humble/lib/x86_64-linux-gnu:/opt/ros/humble/lib /usr/bin/cmake /home/simi/franka_ros2_ws/src/franka_ros2/franka_hardware -DCMAKE_INSTALL_PREFIX=/home/simi/franka_ros2_ws/install/franka_hardware
[0.031s] -- Found ament_cmake: 1.3.9 (/opt/ros/humble/share/ament_cmake/cmake)
[0.161s] -- Found rclcpp: 16.0.9 (/opt/ros/humble/share/rclcpp/cmake)
[0.199s] -- Found rosidl_generator_c: 3.1.5 (/opt/ros/humble/share/rosidl_generator_c/cmake)
[0.202s] -- Found rosidl_adapter: 3.1.5 (/opt/ros/humble/share/rosidl_adapter/cmake)
[0.210s] -- Found rosidl_generator_cpp: 3.1.5 (/opt/ros/humble/share/rosidl_generator_cpp/cmake)
[0.224s] -- Using all available rosidl_typesupport_c: rosidl_typesupport_fastrtps_c;rosidl_typesupport_introspection_c
[0.245s] -- Using all available rosidl_typesupport_cpp: rosidl_typesupport_fastrtps_cpp;rosidl_typesupport_introspection_cpp
[0.309s] -- Found rmw_implementation_cmake: 6.1.2 (/opt/ros/humble/share/rmw_implementation_cmake/cmake)
[0.311s] -- Found rmw_fastrtps_cpp: 6.2.6 (/opt/ros/humble/share/rmw_fastrtps_cpp/cmake)
[0.481s] -- Using RMW implementation 'rmw_fastrtps_cpp' as default
[0.701s] -- Found franka_msgs: 0.1.13 (/home/simi/franka_ros2_ws/install/franka_msgs/share/franka_msgs/cmake)
[1.027s] -- Found hardware_interface: 2.41.0 (/opt/ros/humble/share/hardware_interface/cmake)
[1.375s] -- Found rclcpp_components: 16.0.9 (/opt/ros/humble/share/rclcpp_components/cmake)
[1.480s] -- Found ament_cmake_clang_format: 0.12.11 (/opt/ros/humble/share/ament_cmake_clang_format/cmake)
[1.480s] -- Found ament_cmake_copyright: 0.12.11 (/opt/ros/humble/share/ament_cmake_copyright/cmake)
[1.481s] -- Found ament_cmake_cppcheck: 0.12.11 (/opt/ros/humble/share/ament_cmake_cppcheck/cmake)
[1.481s] -- Found ament_cmake_flake8: 0.12.11 (/opt/ros/humble/share/ament_cmake_flake8/cmake)
[1.481s] -- Found ament_cmake_lint_cmake: 0.12.11 (/opt/ros/humble/share/ament_cmake_lint_cmake/cmake)
[1.482s] -- Found ament_cmake_pep257: 0.12.11 (/opt/ros/humble/share/ament_cmake_pep257/cmake)
[1.482s] -- Found ament_cmake_xmllint: 0.12.11 (/opt/ros/humble/share/ament_cmake_xmllint/cmake)
[1.485s] -- Found ament_cmake_gmock: 1.3.9 (/opt/ros/humble/share/ament_cmake_gmock/cmake)
[1.486s] -- Found gmock sources under '/opt/ros/humble/src/gmock_vendor': C++ tests using 'Google Mock' will be built
[1.488s] -- Found ament_cmake_gtest: 1.3.9 (/opt/ros/humble/share/ament_cmake_gtest/cmake)
[1.489s] -- Found gtest sources under '/opt/ros/humble/src/gtest_vendor': C++ tests using 'Google Test' will be built
[1.585s] -- Configuring done
[1.695s] -- Generating done
[1.701s] -- Build files have been written to: /home/simi/franka_ros2_ws/build/franka_hardware
[1.726s] Invoked command in '/home/simi/franka_ros2_ws/build/franka_hardware' returned '0': CMAKE_PREFIX_PATH=/home/simi/franka_ros2_ws/install/franka_msgs:/home/simi/franka_ros2_ws/install/cartesian_impedance_control:/home/simi/franka_ros2_ws/install/messages_fr3:/home/simi/franka_ros2_ws/install/joint_trajectory_controller:/home/simi/franka_ros2_ws/install/integration_launch_testing:/home/simi/franka_ros2_ws/install/franka_bringup:/home/simi/franka_ros2_ws/install/franka_robot_state_broadcaster:/home/simi/franka_ros2_ws/install/franka_example_controllers:/home/simi/franka_ros2_ws/install/franka_semantic_components:/home/simi/franka_ros2_ws/install/franka_moveit_config:/home/simi/franka_ros2_ws/install/franka_hardware:/home/simi/franka_ros2_ws/install/franka_gripper:/home/simi/franka_ros2_ws/install/franka_description:/home/simi/franka_ros2_ws/install/realtime_plot_of_data:/opt/ros/humble LD_LIBRARY_PATH=/home/simi/franka_ros2_ws/install/franka_msgs/lib:/home/simi/franka_ros2_ws/install/cartesian_impedance_control/lib:/home/simi/franka_ros2_ws/install/messages_fr3/lib:/home/simi/franka_ros2_ws/install/joint_trajectory_controller/lib:/home/simi/franka_ros2_ws/install/integration_launch_testing/lib:/home/simi/franka_ros2_ws/install/franka_robot_state_broadcaster/lib:/home/simi/franka_ros2_ws/install/franka_example_controllers/lib:/home/simi/franka_ros2_ws/install/franka_semantic_components/lib:/home/simi/franka_ros2_ws/install/franka_hardware/lib:/home/simi/franka_ros2_ws/install/franka_gripper/lib:/opt/ros/humble/opt/rviz_ogre_vendor/lib:/opt/ros/humble/lib/x86_64-linux-gnu:/opt/ros/humble/lib /usr/bin/cmake /home/simi/franka_ros2_ws/src/franka_ros2/franka_hardware -DCMAKE_INSTALL_PREFIX=/home/simi/franka_ros2_ws/install/franka_hardware
[1.729s] Invoking command in '/home/simi/franka_ros2_ws/build/franka_hardware': CMAKE_PREFIX_PATH=/home/simi/franka_ros2_ws/install/franka_msgs:/home/simi/franka_ros2_ws/install/cartesian_impedance_control:/home/simi/franka_ros2_ws/install/messages_fr3:/home/simi/franka_ros2_ws/install/joint_trajectory_controller:/home/simi/franka_ros2_ws/install/integration_launch_testing:/home/simi/franka_ros2_ws/install/franka_bringup:/home/simi/franka_ros2_ws/install/franka_robot_state_broadcaster:/home/simi/franka_ros2_ws/install/franka_example_controllers:/home/simi/franka_ros2_ws/install/franka_semantic_components:/home/simi/franka_ros2_ws/install/franka_moveit_config:/home/simi/franka_ros2_ws/install/franka_hardware:/home/simi/franka_ros2_ws/install/franka_gripper:/home/simi/franka_ros2_ws/install/franka_description:/home/simi/franka_ros2_ws/install/realtime_plot_of_data:/opt/ros/humble LD_LIBRARY_PATH=/home/simi/franka_ros2_ws/install/franka_msgs/lib:/home/simi/franka_ros2_ws/install/cartesian_impedance_control/lib:/home/simi/franka_ros2_ws/install/messages_fr3/lib:/home/simi/franka_ros2_ws/install/joint_trajectory_controller/lib:/home/simi/franka_ros2_ws/install/integration_launch_testing/lib:/home/simi/franka_ros2_ws/install/franka_robot_state_broadcaster/lib:/home/simi/franka_ros2_ws/install/franka_example_controllers/lib:/home/simi/franka_ros2_ws/install/franka_semantic_components/lib:/home/simi/franka_ros2_ws/install/franka_hardware/lib:/home/simi/franka_ros2_ws/install/franka_gripper/lib:/opt/ros/humble/opt/rviz_ogre_vendor/lib:/opt/ros/humble/lib/x86_64-linux-gnu:/opt/ros/humble/lib /usr/bin/cmake --build /home/simi/franka_ros2_ws/build/franka_hardware -- -j16 -l16
[1.794s] [35m[1mConsolidate compiler generated dependencies of target gmock_main[0m
[1.794s] [35m[1mConsolidate compiler generated dependencies of target gmock[0m
[1.802s] [35m[1mConsolidate compiler generated dependencies of target franka_hardware[0m
[1.839s] [  6%] [32mBuilding CXX object gmock/CMakeFiles/gmock_main.dir/src/gmock_main.cc.o[0m
[1.842s] [ 12%] [32mBuilding CXX object gmock/CMakeFiles/gmock.dir/opt/ros/humble/src/gtest_vendor/src/gtest-all.cc.o[0m
[1.849s] [ 18%] [32mBuilding CXX object gmock/CMakeFiles/gmock.dir/src/gmock-all.cc.o[0m
[1.920s] [ 31%] [32mBuilding CXX object CMakeFiles/franka_hardware.dir/src/robot.cpp.o[0m
[1.922s] [ 31%] [32mBuilding CXX object CMakeFiles/franka_hardware.dir/src/franka_hardware_interface.cpp.o[0m
[1.924s] [ 43%] [32mBuilding CXX object CMakeFiles/franka_hardware.dir/src/franka_param_service_server.cpp.o[0m
[1.924s] [ 43%] [32mBuilding CXX object CMakeFiles/franka_hardware.dir/src/franka_executor.cpp.o[0m
[4.916s] [ 50%] [32m[1mLinking CXX static library libgmock_main.a[0m
[4.995s] [ 50%] Built target gmock_main
[12.245s] [ 56%] [32m[1mLinking CXX static library libgmock.a[0m
[12.324s] [ 56%] Built target gmock
[13.239s] [ 62%] [32m[1mLinking CXX shared library libfranka_hardware.so[0m
[13.489s] [ 62%] Built target franka_hardware
[13.506s] [35m[1mConsolidate compiler generated dependencies of target franka_hardware_test[0m
[13.506s] [35m[1mConsolidate compiler generated dependencies of target franka_hardware_robot_test[0m
[13.508s] [35m[1mConsolidate compiler generated dependencies of target franka_hardware_command_interface_test[0m
[13.539s] [ 81%] [32mBuilding CXX object test/CMakeFiles/franka_hardware_robot_test.dir/franka_robot_test.cpp.o[0m
[13.539s] [ 81%] [32mBuilding CXX object test/CMakeFiles/franka_hardware_test.dir/franka_hardware_interface_test.cpp.o[0m
[13.540s] [ 81%] [32mBuilding CXX object test/CMakeFiles/franka_hardware_command_interface_test.dir/franka_hardware_cartesian_command_interface_test.cpp.o[0m
[18.174s] In file included from [01m[K/opt/ros/humble/src/gtest_vendor/include/gtest/gtest.h:375[m[K,
[18.174s]                  from [01m[K/opt/ros/humble/src/gmock_vendor/include/gmock/internal/gmock-internal-utils.h:47[m[K,
[18.175s]                  from [01m[K/opt/ros/humble/src/gmock_vendor/include/gmock/gmock-actions.h:51[m[K,
[18.175s]                  from [01m[K/opt/ros/humble/src/gmock_vendor/include/gmock/gmock.h:59[m[K,
[18.175s]                  from [01m[K/home/simi/franka_ros2_ws/src/franka_ros2/franka_hardware/test/franka_hardware_interface_test.cpp:15[m[K:
[18.175s] [01m[K/home/simi/franka_ros2_ws/src/franka_ros2/franka_hardware/test/franka_hardware_interface_test.cpp:[m[K In member function ‘[01m[Kvirtual void FrankaHardwareInterfaceTest_given_that_the_robot_interfaces_are_set_when_call_export_state_interface_robot_model_interface_exists_Test::TestBody()[m[K’:
[18.175s] [01m[K/home/simi/franka_ros2_ws/src/franka_ros2/franka_hardware/test/franka_hardware_interface_test.cpp:227:16:[m[K [01;35m[Kwarning: [m[Kdereferencing type-punned pointer will break strict-aliasing rules [[01;35m[K]8;;https://gcc.gnu.org/onlinedocs/gcc/Warning-Options.html#index-Wstrict-aliasing-Wstrict-aliasing]8;;[m[K]
[18.175s]   227 |               *[01;35m[Kreinterpret_cast<double*>(&model_address)[m[K,
[18.176s]       |                [01;35m[K^~~~~~~~~~~~~~~~~~~~~~~~~~~~~~~~~~~~~~~~~[m[K
[18.176s] [01m[K/home/simi/franka_ros2_ws/src/franka_ros2/franka_hardware/test/franka_hardware_interface_test.cpp:[m[K In member function ‘[01m[Kvirtual void FrankaHardwareInterfaceTest_given_that_the_robot_interfaces_are_set_when_call_export_state_interface_robot_state_interface_exists_Test::TestBody()[m[K’:
[18.176s] [01m[K/home/simi/franka_ros2_ws/src/franka_ros2/franka_hardware/test/franka_hardware_interface_test.cpp:258:16:[m[K [01;35m[Kwarning: [m[Kdereferencing type-punned pointer will break strict-aliasing rules [[01;35m[K]8;;https://gcc.gnu.org/onlinedocs/gcc/Warning-Options.html#index-Wstrict-aliasing-Wstrict-aliasing]8;;[m[K]
[18.176s]   258 |               *[01;35m[Kreinterpret_cast<double*>(&robot_state_address)[m[K,
[18.176s]       |                [01;35m[K^~~~~~~~~~~~~~~~~~~~~~~~~~~~~~~~~~~~~~~~~~~~~~~[m[K
[25.183s] [ 87%] [32m[1mLinking CXX executable franka_hardware_robot_test[0m
[25.502s] [ 87%] Built target franka_hardware_robot_test
[27.005s] [ 93%] [32m[1mLinking CXX executable franka_hardware_command_interface_test[0m
[27.334s] [ 93%] Built target franka_hardware_command_interface_test
[35.048s] [100%] [32m[1mLinking CXX executable franka_hardware_test[0m
[35.435s] [100%] Built target franka_hardware_test
[35.454s] Invoked command in '/home/simi/franka_ros2_ws/build/franka_hardware' returned '0': CMAKE_PREFIX_PATH=/home/simi/franka_ros2_ws/install/franka_msgs:/home/simi/franka_ros2_ws/install/cartesian_impedance_control:/home/simi/franka_ros2_ws/install/messages_fr3:/home/simi/franka_ros2_ws/install/joint_trajectory_controller:/home/simi/franka_ros2_ws/install/integration_launch_testing:/home/simi/franka_ros2_ws/install/franka_bringup:/home/simi/franka_ros2_ws/install/franka_robot_state_broadcaster:/home/simi/franka_ros2_ws/install/franka_example_controllers:/home/simi/franka_ros2_ws/install/franka_semantic_components:/home/simi/franka_ros2_ws/install/franka_moveit_config:/home/simi/franka_ros2_ws/install/franka_hardware:/home/simi/franka_ros2_ws/install/franka_gripper:/home/simi/franka_ros2_ws/install/franka_description:/home/simi/franka_ros2_ws/install/realtime_plot_of_data:/opt/ros/humble LD_LIBRARY_PATH=/home/simi/franka_ros2_ws/install/franka_msgs/lib:/home/simi/franka_ros2_ws/install/cartesian_impedance_control/lib:/home/simi/franka_ros2_ws/install/messages_fr3/lib:/home/simi/franka_ros2_ws/install/joint_trajectory_controller/lib:/home/simi/franka_ros2_ws/install/integration_launch_testing/lib:/home/simi/franka_ros2_ws/install/franka_robot_state_broadcaster/lib:/home/simi/franka_ros2_ws/install/franka_example_controllers/lib:/home/simi/franka_ros2_ws/install/franka_semantic_components/lib:/home/simi/franka_ros2_ws/install/franka_hardware/lib:/home/simi/franka_ros2_ws/install/franka_gripper/lib:/opt/ros/humble/opt/rviz_ogre_vendor/lib:/opt/ros/humble/lib/x86_64-linux-gnu:/opt/ros/humble/lib /usr/bin/cmake --build /home/simi/franka_ros2_ws/build/franka_hardware -- -j16 -l16
[35.543s] Invoking command in '/home/simi/franka_ros2_ws/build/franka_hardware': CMAKE_PREFIX_PATH=/home/simi/franka_ros2_ws/install/franka_msgs:/home/simi/franka_ros2_ws/install/cartesian_impedance_control:/home/simi/franka_ros2_ws/install/messages_fr3:/home/simi/franka_ros2_ws/install/joint_trajectory_controller:/home/simi/franka_ros2_ws/install/integration_launch_testing:/home/simi/franka_ros2_ws/install/franka_bringup:/home/simi/franka_ros2_ws/install/franka_robot_state_broadcaster:/home/simi/franka_ros2_ws/install/franka_example_controllers:/home/simi/franka_ros2_ws/install/franka_semantic_components:/home/simi/franka_ros2_ws/install/franka_moveit_config:/home/simi/franka_ros2_ws/install/franka_hardware:/home/simi/franka_ros2_ws/install/franka_gripper:/home/simi/franka_ros2_ws/install/franka_description:/home/simi/franka_ros2_ws/install/realtime_plot_of_data:/opt/ros/humble LD_LIBRARY_PATH=/home/simi/franka_ros2_ws/install/franka_msgs/lib:/home/simi/franka_ros2_ws/install/cartesian_impedance_control/lib:/home/simi/franka_ros2_ws/install/messages_fr3/lib:/home/simi/franka_ros2_ws/install/joint_trajectory_controller/lib:/home/simi/franka_ros2_ws/install/integration_launch_testing/lib:/home/simi/franka_ros2_ws/install/franka_robot_state_broadcaster/lib:/home/simi/franka_ros2_ws/install/franka_example_controllers/lib:/home/simi/franka_ros2_ws/install/franka_semantic_components/lib:/home/simi/franka_ros2_ws/install/franka_hardware/lib:/home/simi/franka_ros2_ws/install/franka_gripper/lib:/opt/ros/humble/opt/rviz_ogre_vendor/lib:/opt/ros/humble/lib/x86_64-linux-gnu:/opt/ros/humble/lib /usr/bin/cmake --install /home/simi/franka_ros2_ws/build/franka_hardware
[35.554s] -- Install configuration: "Release"
[35.554s] -- Up-to-date: /home/simi/franka_ros2_ws/install/franka_hardware/share/franka_hardware/franka_hardware.xml
[35.554s] -- Installing: /home/simi/franka_ros2_ws/install/franka_hardware/lib/libfranka_hardware.so
[35.557s] -- Set runtime path of "/home/simi/franka_ros2_ws/install/franka_hardware/lib/libfranka_hardware.so" to ""
[35.557s] -- Up-to-date: /home/simi/franka_ros2_ws/install/franka_hardware/include
[35.557s] -- Up-to-date: /home/simi/franka_ros2_ws/install/franka_hardware/include/franka_hardware
[35.557s] -- Up-to-date: /home/simi/franka_ros2_ws/install/franka_hardware/include/franka_hardware/franka_param_service_server.hpp
[35.557s] -- Up-to-date: /home/simi/franka_ros2_ws/install/franka_hardware/include/franka_hardware/franka_executor.hpp
[35.557s] -- Up-to-date: /home/simi/franka_ros2_ws/install/franka_hardware/include/franka_hardware/model.hpp
[35.558s] -- Up-to-date: /home/simi/franka_ros2_ws/install/franka_hardware/include/franka_hardware/franka_hardware_interface.hpp
[35.558s] -- Up-to-date: /home/simi/franka_ros2_ws/install/franka_hardware/include/franka_hardware/robot.hpp
[35.558s] -- Up-to-date: /home/simi/franka_ros2_ws/install/franka_hardware/share/franka_hardware/environment/library_path.sh
[35.558s] -- Installing: /home/simi/franka_ros2_ws/install/franka_hardware/share/franka_hardware/environment/library_path.dsv
[35.558s] -- Up-to-date: /home/simi/franka_ros2_ws/install/franka_hardware/share/ament_index/resource_index/package_run_dependencies/franka_hardware
[35.558s] -- Installing: /home/simi/franka_ros2_ws/install/franka_hardware/share/ament_index/resource_index/parent_prefix_path/franka_hardware
[35.558s] -- Up-to-date: /home/simi/franka_ros2_ws/install/franka_hardware/share/franka_hardware/environment/ament_prefix_path.sh
[35.558s] -- Installing: /home/simi/franka_ros2_ws/install/franka_hardware/share/franka_hardware/environment/ament_prefix_path.dsv
[35.559s] -- Up-to-date: /home/simi/franka_ros2_ws/install/franka_hardware/share/franka_hardware/environment/path.sh
[35.559s] -- Installing: /home/simi/franka_ros2_ws/install/franka_hardware/share/franka_hardware/environment/path.dsv
[35.559s] -- Up-to-date: /home/simi/franka_ros2_ws/install/franka_hardware/share/franka_hardware/local_setup.bash
[35.559s] -- Up-to-date: /home/simi/franka_ros2_ws/install/franka_hardware/share/franka_hardware/local_setup.sh
[35.559s] -- Up-to-date: /home/simi/franka_ros2_ws/install/franka_hardware/share/franka_hardware/local_setup.zsh
[35.559s] -- Installing: /home/simi/franka_ros2_ws/install/franka_hardware/share/franka_hardware/local_setup.dsv
[35.559s] -- Installing: /home/simi/franka_ros2_ws/install/franka_hardware/share/franka_hardware/package.dsv
[35.560s] -- Up-to-date: /home/simi/franka_ros2_ws/install/franka_hardware/share/ament_index/resource_index/packages/franka_hardware
[35.560s] -- Up-to-date: /home/simi/franka_ros2_ws/install/franka_hardware/share/ament_index/resource_index/hardware_interface__pluginlib__plugin/franka_hardware
[35.560s] -- Up-to-date: /home/simi/franka_ros2_ws/install/franka_hardware/share/franka_hardware/cmake/ament_cmake_export_include_directories-extras.cmake
[35.560s] -- Up-to-date: /home/simi/franka_ros2_ws/install/franka_hardware/share/franka_hardware/cmake/ament_cmake_export_libraries-extras.cmake
[35.560s] -- Up-to-date: /home/simi/franka_ros2_ws/install/franka_hardware/share/franka_hardware/cmake/ament_cmake_export_dependencies-extras.cmake
[35.560s] -- Up-to-date: /home/simi/franka_ros2_ws/install/franka_hardware/share/franka_hardware/cmake/franka_hardwareConfig.cmake
[35.560s] -- Up-to-date: /home/simi/franka_ros2_ws/install/franka_hardware/share/franka_hardware/cmake/franka_hardwareConfig-version.cmake
[35.560s] -- Up-to-date: /home/simi/franka_ros2_ws/install/franka_hardware/share/franka_hardware/package.xml
[35.563s] Invoked command in '/home/simi/franka_ros2_ws/build/franka_hardware' returned '0': CMAKE_PREFIX_PATH=/home/simi/franka_ros2_ws/install/franka_msgs:/home/simi/franka_ros2_ws/install/cartesian_impedance_control:/home/simi/franka_ros2_ws/install/messages_fr3:/home/simi/franka_ros2_ws/install/joint_trajectory_controller:/home/simi/franka_ros2_ws/install/integration_launch_testing:/home/simi/franka_ros2_ws/install/franka_bringup:/home/simi/franka_ros2_ws/install/franka_robot_state_broadcaster:/home/simi/franka_ros2_ws/install/franka_example_controllers:/home/simi/franka_ros2_ws/install/franka_semantic_components:/home/simi/franka_ros2_ws/install/franka_moveit_config:/home/simi/franka_ros2_ws/install/franka_hardware:/home/simi/franka_ros2_ws/install/franka_gripper:/home/simi/franka_ros2_ws/install/franka_description:/home/simi/franka_ros2_ws/install/realtime_plot_of_data:/opt/ros/humble LD_LIBRARY_PATH=/home/simi/franka_ros2_ws/install/franka_msgs/lib:/home/simi/franka_ros2_ws/install/cartesian_impedance_control/lib:/home/simi/franka_ros2_ws/install/messages_fr3/lib:/home/simi/franka_ros2_ws/install/joint_trajectory_controller/lib:/home/simi/franka_ros2_ws/install/integration_launch_testing/lib:/home/simi/franka_ros2_ws/install/franka_robot_state_broadcaster/lib:/home/simi/franka_ros2_ws/install/franka_example_controllers/lib:/home/simi/franka_ros2_ws/install/franka_semantic_components/lib:/home/simi/franka_ros2_ws/install/franka_hardware/lib:/home/simi/franka_ros2_ws/install/franka_gripper/lib:/opt/ros/humble/opt/rviz_ogre_vendor/lib:/opt/ros/humble/lib/x86_64-linux-gnu:/opt/ros/humble/lib /usr/bin/cmake --install /home/simi/franka_ros2_ws/build/franka_hardware
