[01m[K/home/simi/franka_ros2_ws/src/cartesian_impedance_control/src/gripper.cpp:90:10:[m[K [01;31m[Kerror: [m[K‘[01m[Kcout[m[K’ in namespace ‘[01m[Kstd[m[K’ does not name a type
   90 |     std::[01;31m[Kcout[m[K << "Maximal width of the gripper is: " << gripper_state.max_width << std::endl;
      |          [01;31m[K^~~~[m[K
In file included from [01m[K/opt/ros/humble/include/rclcpp/rclcpp/executor.hpp:22[m[K,
                 from [01m[K/opt/ros/humble/include/rclcpp/rclcpp/executors/multi_threaded_executor.hpp:25[m[K,
                 from [01m[K/opt/ros/humble/include/rclcpp/rclcpp/executors.hpp:21[m[K,
                 from [01m[K/opt/ros/humble/include/rclcpp/rclcpp/rclcpp.hpp:155[m[K,
                 from [01m[K/home/simi/franka_ros2_ws/src/cartesian_impedance_control/src/gripper.cpp:1[m[K:
[01m[K/usr/include/c++/11/iostream:61:18:[m[K [01;36m[Knote: [m[K‘[01m[Kstd::cout[m[K’ declared here
   61 |   extern ostream [01;36m[Kcout[m[K;          /// Linked to standard output
      |                  [01;36m[K^~~~[m[K
[01m[K/home/simi/franka_ros2_ws/src/cartesian_impedance_control/src/gripper.cpp:91:10:[m[K [01;31m[Kerror: [m[K‘[01m[Kcout[m[K’ in namespace ‘[01m[Kstd[m[K’ does not name a type
   91 |     std::[01;31m[Kcout[m[K << "Current gripper temperature is: " << gripper_state.temperature << std::endl;
      |          [01;31m[K^~~~[m[K
In file included from [01m[K/opt/ros/humble/include/rclcpp/rclcpp/executor.hpp:22[m[K,
                 from [01m[K/opt/ros/humble/include/rclcpp/rclcpp/executors/multi_threaded_executor.hpp:25[m[K,
                 from [01m[K/opt/ros/humble/include/rclcpp/rclcpp/executors.hpp:21[m[K,
                 from [01m[K/opt/ros/humble/include/rclcpp/rclcpp/rclcpp.hpp:155[m[K,
                 from [01m[K/home/simi/franka_ros2_ws/src/cartesian_impedance_control/src/gripper.cpp:1[m[K:
[01m[K/usr/include/c++/11/iostream:61:18:[m[K [01;36m[Knote: [m[K‘[01m[Kstd::cout[m[K’ declared here
   61 |   extern ostream [01;36m[Kcout[m[K;          /// Linked to standard output
      |                  [01;36m[K^~~~[m[K
[01m[K/home/simi/franka_ros2_ws/src/cartesian_impedance_control/src/gripper.cpp:89:42:[m[K [01;31m[Kerror: [m[K‘[01m[Kgripper[m[K’ was not declared in this scope; did you mean ‘[01m[Kgripper_[m[K’?
   89 |     franka::GripperState gripper_state = [01;31m[Kgripper[m[K.readOnce();
      |                                          [01;31m[K^~~~~~~[m[K
      |                                          [32m[Kgripper_[m[K
gmake[2]: *** [CMakeFiles/gripper.dir/build.make:76: CMakeFiles/gripper.dir/src/gripper.cpp.o] Error 1
gmake[1]: *** [CMakeFiles/Makefile2:221: CMakeFiles/gripper.dir/all] Error 2
gmake: *** [Makefile:146: all] Error 2
