[0.034s] Invoking command in '/home/simi/franka_ros2_ws/build/cartesian_impedance_control': CMAKE_PREFIX_PATH=/home/simi/franka_ros2_ws/install/franka_robot_state_broadcaster:/home/simi/franka_ros2_ws/install/franka_semantic_components:/home/simi/franka_ros2_ws/install/franka_hardware:/home/simi/franka_ros2_ws/install/messages_fr3:/home/simi/franka_ros2_ws/install/franka_msgs:/home/simi/franka_ros2_ws/install/franka_description:/home/simi/franka_ros2_ws/install/cartesian_impedance_control:/home/simi/franka_ros2_ws/install/joint_trajectory_controller:/home/simi/franka_ros2_ws/install/integration_launch_testing:/home/simi/franka_ros2_ws/install/franka_bringup:/home/simi/franka_ros2_ws/install/franka_example_controllers:/home/simi/franka_ros2_ws/install/franka_moveit_config:/home/simi/franka_ros2_ws/install/franka_gripper:/opt/ros/humble LD_LIBRARY_PATH=/home/simi/franka_ros2_ws/install/franka_robot_state_broadcaster/lib:/home/simi/franka_ros2_ws/install/franka_semantic_components/lib:/home/simi/franka_ros2_ws/install/franka_hardware/lib:/home/simi/franka_ros2_ws/install/messages_fr3/lib:/home/simi/franka_ros2_ws/install/franka_msgs/lib:/home/simi/franka_ros2_ws/install/cartesian_impedance_control/lib:/home/simi/franka_ros2_ws/install/joint_trajectory_controller/lib:/home/simi/franka_ros2_ws/install/integration_launch_testing/lib:/home/simi/franka_ros2_ws/install/franka_example_controllers/lib:/home/simi/franka_ros2_ws/install/franka_gripper/lib:/opt/ros/humble/opt/rviz_ogre_vendor/lib:/opt/ros/humble/lib/x86_64-linux-gnu:/opt/ros/humble/lib /usr/bin/cmake --build /home/simi/franka_ros2_ws/build/cartesian_impedance_control -- -j16 -l16
[0.096s] [35m[1mConsolidate compiler generated dependencies of target cartesian_impedance_control[0m
[0.143s] [ 25%] [32mBuilding CXX object CMakeFiles/cartesian_impedance_control.dir/src/user_input_server.cpp.o[0m
[0.143s] [ 25%] [32mBuilding CXX object CMakeFiles/cartesian_impedance_control.dir/src/cartesian_impedance_controller.cpp.o[0m
[0.703s] [01m[K/home/simi/franka_ros2_ws/src/cartesian_impedance_control/src/cartesian_impedance_controller.cpp:348:10:[m[K [01;31m[Kfatal error: [m[Kcartesian_impedance_controller.hpp: No such file or directory
[0.703s]   348 | #include [01;31m[K"cartesian_impedance_controller.hpp"[m[K
[0.703s]       |          [01;31m[K^~~~~~~~~~~~~~~~~~~~~~~~~~~~~~~~~~~~[m[K
[0.703s] compilation terminated.
[0.721s] gmake[2]: *** [CMakeFiles/cartesian_impedance_control.dir/build.make:76: CMakeFiles/cartesian_impedance_control.dir/src/cartesian_impedance_controller.cpp.o] Error 1
[0.721s] gmake[2]: *** Waiting for unfinished jobs....
[3.655s] In file included from [01m[K/home/simi/franka_ros2_ws/src/cartesian_impedance_control/src/user_input_server.cpp:10[m[K:
[3.655s] [01m[K/home/simi/franka_ros2_ws/src/cartesian_impedance_control/include/cartesian_impedance_control/cartesian_impedance_controller.hpp:89:40:[m[K [01;31m[Kerror: [m[K‘[01m[KSetForce[m[K’ is not a member of ‘[01m[Kmessages_fr3::srv[m[K’
[3.656s]    89 |     rclcpp::Service<messages_fr3::srv::[01;31m[KSetForce[m[K>::SharedPtr force_srv_; //error hier löst sich hoffentlich nach dem messages_fr3 gebuilded wurde                                               // added by me because it seems sinnvoll to do that
[3.656s]       |                                        [01;31m[K^~~~~~~~[m[K
[3.656s] [01m[K/home/simi/franka_ros2_ws/src/cartesian_impedance_control/include/cartesian_impedance_control/cartesian_impedance_controller.hpp:89:48:[m[K [01;31m[Kerror: [m[Ktemplate argument 1 is invalid
[3.656s]    89 |     rclcpp::Service<messages_fr3::srv::SetForce[01;31m[K>[m[K::SharedPtr force_srv_; //error hier löst sich hoffentlich nach dem messages_fr3 gebuilded wurde                                               // added by me because it seems sinnvoll to do that
[3.656s]       |                                                [01;31m[K^[m[K
[3.656s] [01m[K/home/simi/franka_ros2_ws/src/cartesian_impedance_control/include/cartesian_impedance_control/cartesian_impedance_controller.hpp:89:51:[m[K [01;31m[Kerror: [m[Kexpected ‘[01m[K;[m[K’ at end of member declaration
[3.656s]    89 |     rclcpp::Service<messages_fr3::srv::SetForce>::[01;31m[KSharedPtr[m[K force_srv_; //error hier löst sich hoffentlich nach dem messages_fr3 gebuilded wurde                                               // added by me because it seems sinnvoll to do that
[3.656s]       |                                                   [01;31m[K^~~~~~~~~[m[K
[3.656s]       |                                                            [32m[K;[m[K
[3.657s] [01m[K/home/simi/franka_ros2_ws/src/cartesian_impedance_control/include/cartesian_impedance_control/cartesian_impedance_controller.hpp:89:61:[m[K [01;31m[Kerror: [m[K‘[01m[Kforce_srv_[m[K’ does not name a type
[3.658s]    89 |     rclcpp::Service<messages_fr3::srv::SetForce>::SharedPtr [01;31m[Kforce_srv_[m[K; //error hier löst sich hoffentlich nach dem messages_fr3 gebuilded wurde                                               // added by me because it seems sinnvoll to do that
[3.658s]       |                                                             [01;31m[K^~~~~~~~~~[m[K
[3.715s] [01m[K/home/simi/franka_ros2_ws/src/cartesian_impedance_control/include/cartesian_impedance_control/cartesian_impedance_controller.hpp:226:21:[m[K [01;31m[Kerror: [m[Kredeclaration of ‘[01m[KEigen::MatrixXd cartesian_impedance_control::CartesianImpedanceController::N[m[K’
[3.715s]   226 |     Eigen::MatrixXd [01;31m[KN[m[K;    // Nullspace Matrix
[3.715s]       |                     [01;31m[K^[m[K
[3.715s] [01m[K/home/simi/franka_ros2_ws/src/cartesian_impedance_control/include/cartesian_impedance_control/cartesian_impedance_controller.hpp:217:33:[m[K [01;36m[Knote: [m[Kprevious declaration ‘[01m[KEigen::Matrix<double, 7, 7, 0, 7, 7> cartesian_impedance_control::CartesianImpedanceController::N[m[K’
[3.716s]   217 |     Eigen::Matrix<double, 7, 7> [01;36m[KN[m[K = Eigen::MatrixXd::Identity(7, 7);                      // Null-space matrix, definition added by Simon on 16.05.2024
[3.716s]       |                                 [01;36m[K^[m[K
[4.692s] gmake[2]: *** [CMakeFiles/cartesian_impedance_control.dir/build.make:90: CMakeFiles/cartesian_impedance_control.dir/src/user_input_server.cpp.o] Error 1
[4.693s] gmake[1]: *** [CMakeFiles/Makefile2:141: CMakeFiles/cartesian_impedance_control.dir/all] Error 2
[4.693s] gmake: *** [Makefile:146: all] Error 2
[4.697s] Invoked command in '/home/simi/franka_ros2_ws/build/cartesian_impedance_control' returned '2': CMAKE_PREFIX_PATH=/home/simi/franka_ros2_ws/install/franka_robot_state_broadcaster:/home/simi/franka_ros2_ws/install/franka_semantic_components:/home/simi/franka_ros2_ws/install/franka_hardware:/home/simi/franka_ros2_ws/install/messages_fr3:/home/simi/franka_ros2_ws/install/franka_msgs:/home/simi/franka_ros2_ws/install/franka_description:/home/simi/franka_ros2_ws/install/cartesian_impedance_control:/home/simi/franka_ros2_ws/install/joint_trajectory_controller:/home/simi/franka_ros2_ws/install/integration_launch_testing:/home/simi/franka_ros2_ws/install/franka_bringup:/home/simi/franka_ros2_ws/install/franka_example_controllers:/home/simi/franka_ros2_ws/install/franka_moveit_config:/home/simi/franka_ros2_ws/install/franka_gripper:/opt/ros/humble LD_LIBRARY_PATH=/home/simi/franka_ros2_ws/install/franka_robot_state_broadcaster/lib:/home/simi/franka_ros2_ws/install/franka_semantic_components/lib:/home/simi/franka_ros2_ws/install/franka_hardware/lib:/home/simi/franka_ros2_ws/install/messages_fr3/lib:/home/simi/franka_ros2_ws/install/franka_msgs/lib:/home/simi/franka_ros2_ws/install/cartesian_impedance_control/lib:/home/simi/franka_ros2_ws/install/joint_trajectory_controller/lib:/home/simi/franka_ros2_ws/install/integration_launch_testing/lib:/home/simi/franka_ros2_ws/install/franka_example_controllers/lib:/home/simi/franka_ros2_ws/install/franka_gripper/lib:/opt/ros/humble/opt/rviz_ogre_vendor/lib:/opt/ros/humble/lib/x86_64-linux-gnu:/opt/ros/humble/lib /usr/bin/cmake --build /home/simi/franka_ros2_ws/build/cartesian_impedance_control -- -j16 -l16
