[0.019s] Invoking command in '/home/simi/franka_ros2_ws/build/franka_moveit_config': AMENT_PREFIX_PATH=/home/simi/franka_ros2_ws/install/franka_hardware:/home/simi/franka_ros2_ws/install/franka_gripper:/home/simi/franka_ros2_ws/install/franka_msgs:/home/simi/franka_ros2_ws/install/franka_description:${AMENT_PREFIX_PATH} CMAKE_PREFIX_PATH=/home/simi/franka_ros2_ws/install/franka_hardware:/home/simi/franka_ros2_ws/install/franka_gripper:/home/simi/franka_ros2_ws/install/franka_msgs:/home/simi/franka_ros2_ws/install/franka_description:/opt/ros/humble LD_LIBRARY_PATH=/home/simi/franka_ros2_ws/install/franka_hardware/lib:/home/simi/franka_ros2_ws/install/franka_gripper/lib:/home/simi/franka_ros2_ws/install/franka_msgs/lib:${LD_LIBRARY_PATH} PYTHONPATH=/home/simi/franka_ros2_ws/install/franka_gripper/local/lib/python3.10/dist-packages:/home/simi/franka_ros2_ws/install/franka_msgs/local/lib/python3.10/dist-packages:${PYTHONPATH} /usr/bin/cmake /home/simi/franka_ros2_ws/src/franka_ros2/franka_moveit_config -DCMAKE_BUILD_TYPE=Release -DCMAKE_INSTALL_PREFIX=/home/simi/franka_ros2_ws/install/franka_moveit_config
[0.087s] -- The C compiler identification is GNU 11.4.0
[0.152s] -- The CXX compiler identification is GNU 11.4.0
[0.161s] -- Detecting C compiler ABI info
[0.251s] -- Detecting C compiler ABI info - done
[0.256s] -- Check for working C compiler: /usr/bin/cc - skipped
[0.257s] -- Detecting C compile features
[0.257s] -- Detecting C compile features - done
[0.260s] -- Detecting CXX compiler ABI info
[0.358s] -- Detecting CXX compiler ABI info - done
[0.364s] -- Check for working CXX compiler: /usr/bin/c++ - skipped
[0.364s] -- Detecting CXX compile features
[0.364s] -- Detecting CXX compile features - done
[0.367s] -- Found ament_cmake: 1.3.8 (/opt/ros/humble/share/ament_cmake/cmake)
[0.518s] -- Found Python3: /usr/bin/python3 (found version "3.10.12") found components: Interpreter 
[0.619s] -- Found ament_lint_auto: 0.12.10 (/opt/ros/humble/share/ament_lint_auto/cmake)
[0.973s] -- Added test 'copyright' to check source files copyright and LICENSE
[0.976s] -- Added test 'flake8' to check Python code syntax and style conventions
[0.977s] -- Added test 'lint_cmake' to check CMake code style
[0.977s] -- Added test 'pep257' to check Python code against some of the docstring style conventions in PEP 257
[0.979s] -- Added test 'xmllint' to check XML markup files
[0.980s] -- Configuring done
[0.984s] -- Generating done
[0.984s] -- Build files have been written to: /home/simi/franka_ros2_ws/build/franka_moveit_config
[0.989s] Invoked command in '/home/simi/franka_ros2_ws/build/franka_moveit_config' returned '0': AMENT_PREFIX_PATH=/home/simi/franka_ros2_ws/install/franka_hardware:/home/simi/franka_ros2_ws/install/franka_gripper:/home/simi/franka_ros2_ws/install/franka_msgs:/home/simi/franka_ros2_ws/install/franka_description:${AMENT_PREFIX_PATH} CMAKE_PREFIX_PATH=/home/simi/franka_ros2_ws/install/franka_hardware:/home/simi/franka_ros2_ws/install/franka_gripper:/home/simi/franka_ros2_ws/install/franka_msgs:/home/simi/franka_ros2_ws/install/franka_description:/opt/ros/humble LD_LIBRARY_PATH=/home/simi/franka_ros2_ws/install/franka_hardware/lib:/home/simi/franka_ros2_ws/install/franka_gripper/lib:/home/simi/franka_ros2_ws/install/franka_msgs/lib:${LD_LIBRARY_PATH} PYTHONPATH=/home/simi/franka_ros2_ws/install/franka_gripper/local/lib/python3.10/dist-packages:/home/simi/franka_ros2_ws/install/franka_msgs/local/lib/python3.10/dist-packages:${PYTHONPATH} /usr/bin/cmake /home/simi/franka_ros2_ws/src/franka_ros2/franka_moveit_config -DCMAKE_BUILD_TYPE=Release -DCMAKE_INSTALL_PREFIX=/home/simi/franka_ros2_ws/install/franka_moveit_config
[0.992s] Invoking command in '/home/simi/franka_ros2_ws/build/franka_moveit_config': AMENT_PREFIX_PATH=/home/simi/franka_ros2_ws/install/franka_hardware:/home/simi/franka_ros2_ws/install/franka_gripper:/home/simi/franka_ros2_ws/install/franka_msgs:/home/simi/franka_ros2_ws/install/franka_description:${AMENT_PREFIX_PATH} CMAKE_PREFIX_PATH=/home/simi/franka_ros2_ws/install/franka_hardware:/home/simi/franka_ros2_ws/install/franka_gripper:/home/simi/franka_ros2_ws/install/franka_msgs:/home/simi/franka_ros2_ws/install/franka_description:/opt/ros/humble LD_LIBRARY_PATH=/home/simi/franka_ros2_ws/install/franka_hardware/lib:/home/simi/franka_ros2_ws/install/franka_gripper/lib:/home/simi/franka_ros2_ws/install/franka_msgs/lib:${LD_LIBRARY_PATH} PYTHONPATH=/home/simi/franka_ros2_ws/install/franka_gripper/local/lib/python3.10/dist-packages:/home/simi/franka_ros2_ws/install/franka_msgs/local/lib/python3.10/dist-packages:${PYTHONPATH} /usr/bin/cmake --build /home/simi/franka_ros2_ws/build/franka_moveit_config -- -j16 -l16
[1.045s] Invoked command in '/home/simi/franka_ros2_ws/build/franka_moveit_config' returned '0': AMENT_PREFIX_PATH=/home/simi/franka_ros2_ws/install/franka_hardware:/home/simi/franka_ros2_ws/install/franka_gripper:/home/simi/franka_ros2_ws/install/franka_msgs:/home/simi/franka_ros2_ws/install/franka_description:${AMENT_PREFIX_PATH} CMAKE_PREFIX_PATH=/home/simi/franka_ros2_ws/install/franka_hardware:/home/simi/franka_ros2_ws/install/franka_gripper:/home/simi/franka_ros2_ws/install/franka_msgs:/home/simi/franka_ros2_ws/install/franka_description:/opt/ros/humble LD_LIBRARY_PATH=/home/simi/franka_ros2_ws/install/franka_hardware/lib:/home/simi/franka_ros2_ws/install/franka_gripper/lib:/home/simi/franka_ros2_ws/install/franka_msgs/lib:${LD_LIBRARY_PATH} PYTHONPATH=/home/simi/franka_ros2_ws/install/franka_gripper/local/lib/python3.10/dist-packages:/home/simi/franka_ros2_ws/install/franka_msgs/local/lib/python3.10/dist-packages:${PYTHONPATH} /usr/bin/cmake --build /home/simi/franka_ros2_ws/build/franka_moveit_config -- -j16 -l16
[1.082s] Invoking command in '/home/simi/franka_ros2_ws/build/franka_moveit_config': AMENT_PREFIX_PATH=/home/simi/franka_ros2_ws/install/franka_hardware:/home/simi/franka_ros2_ws/install/franka_gripper:/home/simi/franka_ros2_ws/install/franka_msgs:/home/simi/franka_ros2_ws/install/franka_description:${AMENT_PREFIX_PATH} CMAKE_PREFIX_PATH=/home/simi/franka_ros2_ws/install/franka_hardware:/home/simi/franka_ros2_ws/install/franka_gripper:/home/simi/franka_ros2_ws/install/franka_msgs:/home/simi/franka_ros2_ws/install/franka_description:/opt/ros/humble LD_LIBRARY_PATH=/home/simi/franka_ros2_ws/install/franka_hardware/lib:/home/simi/franka_ros2_ws/install/franka_gripper/lib:/home/simi/franka_ros2_ws/install/franka_msgs/lib:${LD_LIBRARY_PATH} PYTHONPATH=/home/simi/franka_ros2_ws/install/franka_gripper/local/lib/python3.10/dist-packages:/home/simi/franka_ros2_ws/install/franka_msgs/local/lib/python3.10/dist-packages:${PYTHONPATH} /usr/bin/cmake --install /home/simi/franka_ros2_ws/build/franka_moveit_config
[1.090s] -- Install configuration: "Release"
[1.090s] -- Installing: /home/simi/franka_ros2_ws/install/franka_moveit_config/share/franka_moveit_config/config
[1.091s] -- Installing: /home/simi/franka_ros2_ws/install/franka_moveit_config/share/franka_moveit_config/config/ompl_planning.yaml
[1.091s] -- Installing: /home/simi/franka_ros2_ws/install/franka_moveit_config/share/franka_moveit_config/config/panda_controllers.yaml
[1.091s] -- Installing: /home/simi/franka_ros2_ws/install/franka_moveit_config/share/franka_moveit_config/config/panda_ros_controllers.yaml
[1.091s] -- Installing: /home/simi/franka_ros2_ws/install/franka_moveit_config/share/franka_moveit_config/config/kinematics.yaml
[1.091s] -- Installing: /home/simi/franka_ros2_ws/install/franka_moveit_config/share/franka_moveit_config/launch
[1.091s] -- Installing: /home/simi/franka_ros2_ws/install/franka_moveit_config/share/franka_moveit_config/launch/moveit.launch.py
[1.092s] -- Installing: /home/simi/franka_ros2_ws/install/franka_moveit_config/share/franka_moveit_config/launch/move_group.launch.py
[1.092s] -- Installing: /home/simi/franka_ros2_ws/install/franka_moveit_config/share/franka_moveit_config/srdf
[1.092s] -- Installing: /home/simi/franka_ros2_ws/install/franka_moveit_config/share/franka_moveit_config/srdf/hand.xacro
[1.092s] -- Installing: /home/simi/franka_ros2_ws/install/franka_moveit_config/share/franka_moveit_config/srdf/group_definition.xacro
[1.092s] -- Installing: /home/simi/franka_ros2_ws/install/franka_moveit_config/share/franka_moveit_config/srdf/panda_arm.srdf.xacro
[1.092s] -- Installing: /home/simi/franka_ros2_ws/install/franka_moveit_config/share/franka_moveit_config/srdf/panda_arm.xacro
[1.092s] -- Installing: /home/simi/franka_ros2_ws/install/franka_moveit_config/share/franka_moveit_config/srdf/panda_arm_hand.xacro
[1.093s] -- Installing: /home/simi/franka_ros2_ws/install/franka_moveit_config/share/franka_moveit_config/rviz
[1.093s] -- Installing: /home/simi/franka_ros2_ws/install/franka_moveit_config/share/franka_moveit_config/rviz/moveit.rviz
[1.093s] -- Installing: /home/simi/franka_ros2_ws/install/franka_moveit_config/share/ament_index/resource_index/package_run_dependencies/franka_moveit_config
[1.093s] -- Installing: /home/simi/franka_ros2_ws/install/franka_moveit_config/share/ament_index/resource_index/parent_prefix_path/franka_moveit_config
[1.093s] -- Installing: /home/simi/franka_ros2_ws/install/franka_moveit_config/share/franka_moveit_config/environment/ament_prefix_path.sh
[1.093s] -- Installing: /home/simi/franka_ros2_ws/install/franka_moveit_config/share/franka_moveit_config/environment/ament_prefix_path.dsv
[1.094s] -- Installing: /home/simi/franka_ros2_ws/install/franka_moveit_config/share/franka_moveit_config/environment/path.sh
[1.094s] -- Installing: /home/simi/franka_ros2_ws/install/franka_moveit_config/share/franka_moveit_config/environment/path.dsv
[1.094s] -- Installing: /home/simi/franka_ros2_ws/install/franka_moveit_config/share/franka_moveit_config/local_setup.bash
[1.094s] -- Installing: /home/simi/franka_ros2_ws/install/franka_moveit_config/share/franka_moveit_config/local_setup.sh
[1.094s] -- Installing: /home/simi/franka_ros2_ws/install/franka_moveit_config/share/franka_moveit_config/local_setup.zsh
[1.094s] -- Installing: /home/simi/franka_ros2_ws/install/franka_moveit_config/share/franka_moveit_config/local_setup.dsv
[1.094s] -- Installing: /home/simi/franka_ros2_ws/install/franka_moveit_config/share/franka_moveit_config/package.dsv
[1.095s] -- Installing: /home/simi/franka_ros2_ws/install/franka_moveit_config/share/ament_index/resource_index/packages/franka_moveit_config
[1.095s] -- Installing: /home/simi/franka_ros2_ws/install/franka_moveit_config/share/franka_moveit_config/cmake/franka_moveit_configConfig.cmake
[1.095s] -- Installing: /home/simi/franka_ros2_ws/install/franka_moveit_config/share/franka_moveit_config/cmake/franka_moveit_configConfig-version.cmake
[1.095s] -- Installing: /home/simi/franka_ros2_ws/install/franka_moveit_config/share/franka_moveit_config/package.xml
[1.098s] Invoked command in '/home/simi/franka_ros2_ws/build/franka_moveit_config' returned '0': AMENT_PREFIX_PATH=/home/simi/franka_ros2_ws/install/franka_hardware:/home/simi/franka_ros2_ws/install/franka_gripper:/home/simi/franka_ros2_ws/install/franka_msgs:/home/simi/franka_ros2_ws/install/franka_description:${AMENT_PREFIX_PATH} CMAKE_PREFIX_PATH=/home/simi/franka_ros2_ws/install/franka_hardware:/home/simi/franka_ros2_ws/install/franka_gripper:/home/simi/franka_ros2_ws/install/franka_msgs:/home/simi/franka_ros2_ws/install/franka_description:/opt/ros/humble LD_LIBRARY_PATH=/home/simi/franka_ros2_ws/install/franka_hardware/lib:/home/simi/franka_ros2_ws/install/franka_gripper/lib:/home/simi/franka_ros2_ws/install/franka_msgs/lib:${LD_LIBRARY_PATH} PYTHONPATH=/home/simi/franka_ros2_ws/install/franka_gripper/local/lib/python3.10/dist-packages:/home/simi/franka_ros2_ws/install/franka_msgs/local/lib/python3.10/dist-packages:${PYTHONPATH} /usr/bin/cmake --install /home/simi/franka_ros2_ws/build/franka_moveit_config
