[0.022s] Invoking command in '/home/simi/franka_ros2_ws/build/franka_example_controllers': CMAKE_PREFIX_PATH=/home/simi/franka_ros2_ws/install/franka_semantic_components:/home/simi/franka_ros2_ws/install/franka_hardware:/home/simi/franka_ros2_ws/install/franka_msgs:/home/simi/franka_ros2_ws/install/cartesian_impedance_control:/home/simi/franka_ros2_ws/install/messages_fr3:/home/simi/franka_ros2_ws/install/joint_trajectory_controller:/home/simi/franka_ros2_ws/install/integration_launch_testing:/home/simi/franka_ros2_ws/install/franka_bringup:/home/simi/franka_ros2_ws/install/franka_robot_state_broadcaster:/home/simi/franka_ros2_ws/install/franka_example_controllers:/home/simi/franka_ros2_ws/install/franka_moveit_config:/home/simi/franka_ros2_ws/install/franka_gripper:/home/simi/franka_ros2_ws/install/franka_description:/home/simi/franka_ros2_ws/install/realtime_plot_of_data:/opt/ros/humble LD_LIBRARY_PATH=/home/simi/franka_ros2_ws/install/franka_semantic_components/lib:/home/simi/franka_ros2_ws/install/franka_hardware/lib:/home/simi/franka_ros2_ws/install/franka_msgs/lib:/home/simi/franka_ros2_ws/install/cartesian_impedance_control/lib:/home/simi/franka_ros2_ws/install/messages_fr3/lib:/home/simi/franka_ros2_ws/install/joint_trajectory_controller/lib:/home/simi/franka_ros2_ws/install/integration_launch_testing/lib:/home/simi/franka_ros2_ws/install/franka_robot_state_broadcaster/lib:/home/simi/franka_ros2_ws/install/franka_example_controllers/lib:/home/simi/franka_ros2_ws/install/franka_gripper/lib:/opt/ros/humble/opt/rviz_ogre_vendor/lib:/opt/ros/humble/lib/x86_64-linux-gnu:/opt/ros/humble/lib /usr/bin/cmake --build /home/simi/franka_ros2_ws/build/franka_example_controllers -- -j16 -l16
[0.099s] [35m[1mConsolidate compiler generated dependencies of target gmock_main[0m
[0.101s] [35m[1mConsolidate compiler generated dependencies of target gmock[0m
[0.112s] [  3%] Built target franka_example_controllers_parameters
[0.121s] [ 10%] Built target gmock_main
[0.125s] [ 21%] Built target gmock
[0.145s] [35m[1mConsolidate compiler generated dependencies of target franka_example_controllers_test[0m
[0.146s] [35m[1mConsolidate compiler generated dependencies of target franka_example_controllers_test_load_move_to_start[0m
[0.151s] [35m[1mConsolidate compiler generated dependencies of target franka_example_controllers[0m
[0.172s] [ 28%] Built target franka_example_controllers_test
[0.173s] [ 35%] Built target franka_example_controllers_test_load_move_to_start
[0.230s] [ 85%] Built target franka_example_controllers
[0.251s] [35m[1mConsolidate compiler generated dependencies of target franka_example_controllers_gravity_test[0m
[0.253s] [35m[1mConsolidate compiler generated dependencies of target franka_example_controllers_move_to_start_test[0m
[0.279s] [ 92%] Built target franka_example_controllers_gravity_test
[0.283s] [100%] Built target franka_example_controllers_move_to_start_test
[0.302s] Invoked command in '/home/simi/franka_ros2_ws/build/franka_example_controllers' returned '0': CMAKE_PREFIX_PATH=/home/simi/franka_ros2_ws/install/franka_semantic_components:/home/simi/franka_ros2_ws/install/franka_hardware:/home/simi/franka_ros2_ws/install/franka_msgs:/home/simi/franka_ros2_ws/install/cartesian_impedance_control:/home/simi/franka_ros2_ws/install/messages_fr3:/home/simi/franka_ros2_ws/install/joint_trajectory_controller:/home/simi/franka_ros2_ws/install/integration_launch_testing:/home/simi/franka_ros2_ws/install/franka_bringup:/home/simi/franka_ros2_ws/install/franka_robot_state_broadcaster:/home/simi/franka_ros2_ws/install/franka_example_controllers:/home/simi/franka_ros2_ws/install/franka_moveit_config:/home/simi/franka_ros2_ws/install/franka_gripper:/home/simi/franka_ros2_ws/install/franka_description:/home/simi/franka_ros2_ws/install/realtime_plot_of_data:/opt/ros/humble LD_LIBRARY_PATH=/home/simi/franka_ros2_ws/install/franka_semantic_components/lib:/home/simi/franka_ros2_ws/install/franka_hardware/lib:/home/simi/franka_ros2_ws/install/franka_msgs/lib:/home/simi/franka_ros2_ws/install/cartesian_impedance_control/lib:/home/simi/franka_ros2_ws/install/messages_fr3/lib:/home/simi/franka_ros2_ws/install/joint_trajectory_controller/lib:/home/simi/franka_ros2_ws/install/integration_launch_testing/lib:/home/simi/franka_ros2_ws/install/franka_robot_state_broadcaster/lib:/home/simi/franka_ros2_ws/install/franka_example_controllers/lib:/home/simi/franka_ros2_ws/install/franka_gripper/lib:/opt/ros/humble/opt/rviz_ogre_vendor/lib:/opt/ros/humble/lib/x86_64-linux-gnu:/opt/ros/humble/lib /usr/bin/cmake --build /home/simi/franka_ros2_ws/build/franka_example_controllers -- -j16 -l16
[0.452s] Invoking command in '/home/simi/franka_ros2_ws/build/franka_example_controllers': CMAKE_PREFIX_PATH=/home/simi/franka_ros2_ws/install/franka_semantic_components:/home/simi/franka_ros2_ws/install/franka_hardware:/home/simi/franka_ros2_ws/install/franka_msgs:/home/simi/franka_ros2_ws/install/cartesian_impedance_control:/home/simi/franka_ros2_ws/install/messages_fr3:/home/simi/franka_ros2_ws/install/joint_trajectory_controller:/home/simi/franka_ros2_ws/install/integration_launch_testing:/home/simi/franka_ros2_ws/install/franka_bringup:/home/simi/franka_ros2_ws/install/franka_robot_state_broadcaster:/home/simi/franka_ros2_ws/install/franka_example_controllers:/home/simi/franka_ros2_ws/install/franka_moveit_config:/home/simi/franka_ros2_ws/install/franka_gripper:/home/simi/franka_ros2_ws/install/franka_description:/home/simi/franka_ros2_ws/install/realtime_plot_of_data:/opt/ros/humble LD_LIBRARY_PATH=/home/simi/franka_ros2_ws/install/franka_semantic_components/lib:/home/simi/franka_ros2_ws/install/franka_hardware/lib:/home/simi/franka_ros2_ws/install/franka_msgs/lib:/home/simi/franka_ros2_ws/install/cartesian_impedance_control/lib:/home/simi/franka_ros2_ws/install/messages_fr3/lib:/home/simi/franka_ros2_ws/install/joint_trajectory_controller/lib:/home/simi/franka_ros2_ws/install/integration_launch_testing/lib:/home/simi/franka_ros2_ws/install/franka_robot_state_broadcaster/lib:/home/simi/franka_ros2_ws/install/franka_example_controllers/lib:/home/simi/franka_ros2_ws/install/franka_gripper/lib:/opt/ros/humble/opt/rviz_ogre_vendor/lib:/opt/ros/humble/lib/x86_64-linux-gnu:/opt/ros/humble/lib /usr/bin/cmake --install /home/simi/franka_ros2_ws/build/franka_example_controllers
[0.461s] -- Install configuration: "Release"
[0.462s] -- Up-to-date: /home/simi/franka_ros2_ws/install/franka_example_controllers/include/franka_example_controllers_parameters
[0.462s] -- Up-to-date: /home/simi/franka_ros2_ws/install/franka_example_controllers/include/franka_example_controllers_parameters/franka_example_controllers_parameters.hpp
[0.462s] -- Up-to-date: /home/simi/franka_ros2_ws/install/franka_example_controllers/share/franka_example_controllers/franka_example_controllers.xml
[0.462s] -- Up-to-date: /home/simi/franka_ros2_ws/install/franka_example_controllers/lib/libfranka_example_controllers.so
[0.463s] -- Up-to-date: /home/simi/franka_ros2_ws/install/franka_example_controllers/include
[0.463s] -- Up-to-date: /home/simi/franka_ros2_ws/install/franka_example_controllers/include/franka_example_controllers
[0.463s] -- Up-to-date: /home/simi/franka_ros2_ws/install/franka_example_controllers/include/franka_example_controllers/joint_impedance_with_ik_example_controller.hpp
[0.463s] -- Up-to-date: /home/simi/franka_ros2_ws/install/franka_example_controllers/include/franka_example_controllers/motion_generator.hpp
[0.463s] -- Up-to-date: /home/simi/franka_ros2_ws/install/franka_example_controllers/include/franka_example_controllers/cartesian_orientation_example_controller.hpp
[0.464s] -- Up-to-date: /home/simi/franka_ros2_ws/install/franka_example_controllers/include/franka_example_controllers/model_example_controller.hpp
[0.464s] -- Up-to-date: /home/simi/franka_ros2_ws/install/franka_example_controllers/include/franka_example_controllers/joint_position_example_controller.hpp
[0.464s] -- Up-to-date: /home/simi/franka_ros2_ws/install/franka_example_controllers/include/franka_example_controllers/cartesian_velocity_example_controller.hpp
[0.464s] -- Up-to-date: /home/simi/franka_ros2_ws/install/franka_example_controllers/include/franka_example_controllers/elbow_example_controller.hpp
[0.464s] -- Up-to-date: /home/simi/franka_ros2_ws/install/franka_example_controllers/include/franka_example_controllers/joint_velocity_example_controller.hpp
[0.464s] -- Up-to-date: /home/simi/franka_ros2_ws/install/franka_example_controllers/include/franka_example_controllers/joint_impedance_example_controller.hpp
[0.465s] -- Up-to-date: /home/simi/franka_ros2_ws/install/franka_example_controllers/include/franka_example_controllers/gravity_compensation_example_controller.hpp
[0.465s] -- Up-to-date: /home/simi/franka_ros2_ws/install/franka_example_controllers/include/franka_example_controllers/cartesian_pose_example_controller.hpp
[0.465s] -- Up-to-date: /home/simi/franka_ros2_ws/install/franka_example_controllers/include/franka_example_controllers/default_robot_behavior_utils.hpp
[0.465s] -- Up-to-date: /home/simi/franka_ros2_ws/install/franka_example_controllers/include/franka_example_controllers/visibility_control.h
[0.466s] -- Up-to-date: /home/simi/franka_ros2_ws/install/franka_example_controllers/include/franka_example_controllers/move_to_start_example_controller.hpp
[0.466s] -- Up-to-date: /home/simi/franka_ros2_ws/install/franka_example_controllers/include/franka_example_controllers/cartesian_elbow_example_controller.hpp
[0.466s] -- Up-to-date: /home/simi/franka_ros2_ws/install/franka_example_controllers/share/franka_example_controllers/environment/library_path.sh
[0.466s] -- Up-to-date: /home/simi/franka_ros2_ws/install/franka_example_controllers/share/franka_example_controllers/environment/library_path.dsv
[0.466s] -- Up-to-date: /home/simi/franka_ros2_ws/install/franka_example_controllers/share/ament_index/resource_index/package_run_dependencies/franka_example_controllers
[0.466s] -- Up-to-date: /home/simi/franka_ros2_ws/install/franka_example_controllers/share/ament_index/resource_index/parent_prefix_path/franka_example_controllers
[0.466s] -- Up-to-date: /home/simi/franka_ros2_ws/install/franka_example_controllers/share/franka_example_controllers/environment/ament_prefix_path.sh
[0.466s] -- Up-to-date: /home/simi/franka_ros2_ws/install/franka_example_controllers/share/franka_example_controllers/environment/ament_prefix_path.dsv
[0.466s] -- Up-to-date: /home/simi/franka_ros2_ws/install/franka_example_controllers/share/franka_example_controllers/environment/path.sh
[0.466s] -- Up-to-date: /home/simi/franka_ros2_ws/install/franka_example_controllers/share/franka_example_controllers/environment/path.dsv
[0.466s] -- Up-to-date: /home/simi/franka_ros2_ws/install/franka_example_controllers/share/franka_example_controllers/local_setup.bash
[0.466s] -- Up-to-date: /home/simi/franka_ros2_ws/install/franka_example_controllers/share/franka_example_controllers/local_setup.sh
[0.466s] -- Up-to-date: /home/simi/franka_ros2_ws/install/franka_example_controllers/share/franka_example_controllers/local_setup.zsh
[0.467s] -- Up-to-date: /home/simi/franka_ros2_ws/install/franka_example_controllers/share/franka_example_controllers/local_setup.dsv
[0.467s] -- Installing: /home/simi/franka_ros2_ws/install/franka_example_controllers/share/franka_example_controllers/package.dsv
[0.467s] -- Up-to-date: /home/simi/franka_ros2_ws/install/franka_example_controllers/share/ament_index/resource_index/packages/franka_example_controllers
[0.467s] -- Up-to-date: /home/simi/franka_ros2_ws/install/franka_example_controllers/share/ament_index/resource_index/controller_interface__pluginlib__plugin/franka_example_controllers
[0.467s] -- Up-to-date: /home/simi/franka_ros2_ws/install/franka_example_controllers/share/franka_example_controllers/cmake/ament_cmake_export_include_directories-extras.cmake
[0.467s] -- Up-to-date: /home/simi/franka_ros2_ws/install/franka_example_controllers/share/franka_example_controllers/cmake/ament_cmake_export_libraries-extras.cmake
[0.467s] -- Up-to-date: /home/simi/franka_ros2_ws/install/franka_example_controllers/share/franka_example_controllers/cmake/ament_cmake_export_dependencies-extras.cmake
[0.467s] -- Up-to-date: /home/simi/franka_ros2_ws/install/franka_example_controllers/share/franka_example_controllers/cmake/franka_example_controllersConfig.cmake
[0.467s] -- Up-to-date: /home/simi/franka_ros2_ws/install/franka_example_controllers/share/franka_example_controllers/cmake/franka_example_controllersConfig-version.cmake
[0.467s] -- Up-to-date: /home/simi/franka_ros2_ws/install/franka_example_controllers/share/franka_example_controllers/package.xml
[0.468s] Invoked command in '/home/simi/franka_ros2_ws/build/franka_example_controllers' returned '0': CMAKE_PREFIX_PATH=/home/simi/franka_ros2_ws/install/franka_semantic_components:/home/simi/franka_ros2_ws/install/franka_hardware:/home/simi/franka_ros2_ws/install/franka_msgs:/home/simi/franka_ros2_ws/install/cartesian_impedance_control:/home/simi/franka_ros2_ws/install/messages_fr3:/home/simi/franka_ros2_ws/install/joint_trajectory_controller:/home/simi/franka_ros2_ws/install/integration_launch_testing:/home/simi/franka_ros2_ws/install/franka_bringup:/home/simi/franka_ros2_ws/install/franka_robot_state_broadcaster:/home/simi/franka_ros2_ws/install/franka_example_controllers:/home/simi/franka_ros2_ws/install/franka_moveit_config:/home/simi/franka_ros2_ws/install/franka_gripper:/home/simi/franka_ros2_ws/install/franka_description:/home/simi/franka_ros2_ws/install/realtime_plot_of_data:/opt/ros/humble LD_LIBRARY_PATH=/home/simi/franka_ros2_ws/install/franka_semantic_components/lib:/home/simi/franka_ros2_ws/install/franka_hardware/lib:/home/simi/franka_ros2_ws/install/franka_msgs/lib:/home/simi/franka_ros2_ws/install/cartesian_impedance_control/lib:/home/simi/franka_ros2_ws/install/messages_fr3/lib:/home/simi/franka_ros2_ws/install/joint_trajectory_controller/lib:/home/simi/franka_ros2_ws/install/integration_launch_testing/lib:/home/simi/franka_ros2_ws/install/franka_robot_state_broadcaster/lib:/home/simi/franka_ros2_ws/install/franka_example_controllers/lib:/home/simi/franka_ros2_ws/install/franka_gripper/lib:/opt/ros/humble/opt/rviz_ogre_vendor/lib:/opt/ros/humble/lib/x86_64-linux-gnu:/opt/ros/humble/lib /usr/bin/cmake --install /home/simi/franka_ros2_ws/build/franka_example_controllers
