[35m[1mConsolidate compiler generated dependencies of target cartesian_impedance_control[0m
[ 12%] [32mBuilding CXX object CMakeFiles/cartesian_impedance_control.dir/src/cartesian_impedance_controller.cpp.o[0m
In file included from [01m[K/usr/include/eigen3/Eigen/Core:341[m[K,
                 from [01m[K/usr/include/eigen3/Eigen/Dense:1[m[K,
                 from [01m[K/usr/include/eigen3/Eigen/Eigen:1[m[K,
                 from [01m[K/home/simi/franka_ros2_ws/src/cartesian_impedance_control/include/cartesian_impedance_control/user_input_server.hpp:3[m[K,
                 from [01m[K/home/simi/franka_ros2_ws/src/cartesian_impedance_control/include/cartesian_impedance_control/cartesian_impedance_controller.hpp:29[m[K,
                 from [01m[K/home/simi/franka_ros2_ws/src/cartesian_impedance_control/src/cartesian_impedance_controller.cpp:15[m[K:
[01m[K/usr/include/eigen3/Eigen/src/Core/products/TriangularMatrixVector.h:[m[K In function ‘[01m[Kstatic void Eigen::internal::trmv_selector<Mode, 1>::run(const Lhs&, const Rhs&, Dest&, const typename Dest::Scalar&) [with Lhs = Eigen::Transpose<const Eigen::Block<const Eigen::Block<Eigen::Matrix<double, -1, -1>, -1, -1, false>, -1, -1, false> >; Rhs = Eigen::Transpose<const Eigen::CwiseBinaryOp<Eigen::internal::scalar_product_op<double, double>, const Eigen::CwiseNullaryOp<Eigen::internal::scalar_constant_op<double>, const Eigen::Matrix<double, 1, -1> >, const Eigen::Transpose<const Eigen::Block<const Eigen::Block<const Eigen::Block<Eigen::Matrix<double, -1, -1>, -1, -1, false>, -1, 1, true>, -1, 1, false> > > >; Dest = Eigen::Transpose<Eigen::Block<Eigen::Block<Eigen::Matrix<double, -1, -1, 1, -1, -1>, 1, -1, true>, 1, -1, false> >; int Mode = 6][m[K’:
[01m[K/usr/include/eigen3/Eigen/src/Core/products/TriangularMatrixVector.h:332:12:[m[K [01;35m[Kwarning: [m[K‘[01m[Kresult[m[K’ may be used uninitialized [[01;35m[K]8;;https://gcc.gnu.org/onlinedocs/gcc/Warning-Options.html#index-Wmaybe-uninitialized-Wmaybe-uninitialized]8;;[m[K]
  327 |     [01;35m[Kinternal::triangular_matrix_vector_product[m[K
      |     [01;35m[K~~~~~~~~~~~~~~~~~~~~~~~~~~~~~~~~~~~~~~~~~~[m[K
  328 | [01;35m[K      <Index,Mode,[m[K
      |       [01;35m[K~~~~~~~~~~~~[m[K
  329 | [01;35m[K       LhsScalar, LhsBlasTraits::NeedToConjugate,[m[K
      |        [01;35m[K~~~~~~~~~~~~~~~~~~~~~~~~~~~~~~~~~~~~~~~~~~[m[K
  330 | [01;35m[K       RhsScalar, RhsBlasTraits::NeedToConjugate,[m[K
      |        [01;35m[K~~~~~~~~~~~~~~~~~~~~~~~~~~~~~~~~~~~~~~~~~~[m[K
  331 | [01;35m[K       RowMajor>[m[K
      |        [01;35m[K~~~~~~~~~[m[K
  332 | [01;35m[K      ::run(actualLhs.rows(),actualLhs.cols(),[m[K
      |       [01;35m[K~~~~~^~~~~~~~~~~~~~~~~~~~~~~~~~~~~~~~~~~[m[K
  333 | [01;35m[K            actualLhs.data(),actualLhs.outerStride(),[m[K
      |             [01;35m[K~~~~~~~~~~~~~~~~~~~~~~~~~~~~~~~~~~~~~~~~~[m[K
  334 | [01;35m[K            actualRhsPtr,1,[m[K
      |             [01;35m[K~~~~~~~~~~~~~~~[m[K
  335 | [01;35m[K            dest.data(),dest.innerStride(),[m[K
      |             [01;35m[K~~~~~~~~~~~~~~~~~~~~~~~~~~~~~~~[m[K
  336 | [01;35m[K            actualAlpha)[m[K;
      |             [01;35m[K~~~~~~~~~~~~[m[K
[01m[K/usr/include/eigen3/Eigen/src/Core/products/TriangularMatrixVector.h:105:24:[m[K [01;36m[Knote: [m[Kby argument 5 of type ‘[01m[Kconst double*[m[K’ to ‘[01m[Kstatic void Eigen::internal::triangular_matrix_vector_product<Index, Mode, LhsScalar, ConjLhs, RhsScalar, ConjRhs, 1, Version>::run(Index, Index, const LhsScalar*, Index, const RhsScalar*, Index, Eigen::internal::triangular_matrix_vector_product<Index, Mode, LhsScalar, ConjLhs, RhsScalar, ConjRhs, 1, Version>::ResScalar*, Index, const ResScalar&) [with Index = long int; int Mode = 6; LhsScalar = double; bool ConjLhs = false; RhsScalar = double; bool ConjRhs = false; int Version = 0][m[K’ declared here
  105 | EIGEN_DONT_INLINE void [01;36m[Ktriangular_matrix_vector_product<Index,Mode,LhsScalar,ConjLhs,RhsScalar,ConjRhs,RowMajor,Version>[m[K
      |                        [01;36m[K^~~~~~~~~~~~~~~~~~~~~~~~~~~~~~~~~~~~~~~~~~~~~~~~~~~~~~~~~~~~~~~~~~~~~~~~~~~~~~~~~~~~~~~~~~~~~~~~~[m[K
[ 25%] [32m[1mLinking CXX shared library libcartesian_impedance_control.so[0m
[ 50%] Built target cartesian_impedance_control
[ 62%] [32mBuilding CXX object CMakeFiles/user_input_client.dir/src/user_input_client.cpp.o[0m
[ 75%] [32m[1mLinking CXX executable force_control_client[0m
[ 87%] Built target force_control_client
[01m[K/home/simi/franka_ros2_ws/src/cartesian_impedance_control/src/user_input_client.cpp:30:29:[m[K [01;35m[Kwarning: [m[Kmissing terminating " character
   30 |                 std::cout <<[01;35m[K"[m[KEnter new goal position: \n [1] --> 0.5, -0.4, 0.5 \n [2] --> DO NOT USE \n [3] --> 0.5, 0.4, 0.5\n [4] --> 0.5, 0.52, 0.5 \n [5] --> 0.5, -0.6, 0.5 \n
      |                             [01;35m[K^[m[K
[01m[K/home/simi/franka_ros2_ws/src/cartesian_impedance_control/src/user_input_client.cpp:30:29:[m[K [01;31m[Kerror: [m[Kmissing terminating " character
   30 |                 std::cout <<[01;31m[K"Enter new goal position: \n [1] --> 0.5, -0.4, 0.5 \n [2] --> DO NOT USE \n [3] --> 0.5, 0.4, 0.5\n [4] --> 0.5, 0.52, 0.5 \n [5] --> 0.5, -0.6, 0.5 \n[m[K
      |                             [01;31m[K^~~~~~~~~~~~~~~~~~~~~~~~~~~~~~~~~~~~~~~~~~~~~~~~~~~~~~~~~~~~~~~~~~~~~~~~~~~~~~~~~~~~~~~~~~~~~~~~~~~~~~~~~~~~~~~~~~~~~~~~~~~~~~~~~~~~~~~~~~~~~~~~~~~~~~~~[m[K 
[01m[K/home/simi/franka_ros2_ws/src/cartesian_impedance_control/src/user_input_client.cpp:31:52:[m[K [01;31m[Kerror: [m[Kstray ‘[01m[K\[m[K’ in program
   31 |                             [6] --> 0.5, 0.0, 0.08 [01;31m[K\[m[Kn, [79] --> Reduce current z-Position by 1 cm \n";
      |                                                    [01;31m[K^[m[K
[01m[K/home/simi/franka_ros2_ws/src/cartesian_impedance_control/src/user_input_client.cpp:31:99:[m[K [01;31m[Kerror: [m[Kstray ‘[01m[K\[m[K’ in program
   31 |  --> 0.5, 0.0, 0.08 \n, [79] --> Reduce current z-Position by 1 cm [01;31m[K\[m[Kn";
      |                                                                    [01;31m[K^[m[K

[01m[K/home/simi/franka_ros2_ws/src/cartesian_impedance_control/src/user_input_client.cpp:31:101:[m[K [01;35m[Kwarning: [m[Kmissing terminating " character
   31 |  --> 0.5, 0.0, 0.08 \n, [79] --> Reduce current z-Position by 1 cm \n[01;35m[K"[m[K;
      |                                                                      [01;35m[K^[m[K

[01m[K/home/simi/franka_ros2_ws/src/cartesian_impedance_control/src/user_input_client.cpp:31:101:[m[K [01;31m[Kerror: [m[Kmissing terminating " character
   31 |  --> 0.5, 0.0, 0.08 \n, [79] --> Reduce current z-Position by 1 cm \n[01;31m[K";[m[K
      |                                                                      [01;31m[K^~[m[K

[01m[K/home/simi/franka_ros2_ws/src/cartesian_impedance_control/src/user_input_client.cpp:[m[K In function ‘[01m[Kint main(int, char**)[m[K’:
[01m[K/home/simi/franka_ros2_ws/src/cartesian_impedance_control/src/user_input_client.cpp:31:30:[m[K [01;31m[Kerror: [m[Kexpected identifier before numeric constant
   31 |                             [[01;31m[K6[m[K] --> 0.5, 0.0, 0.08 \n, [79] --> Reduce current z-Position by 1 cm \n";
      |                              [01;31m[K^[m[K
[01m[K/home/simi/franka_ros2_ws/src/cartesian_impedance_control/src/user_input_client.cpp:[m[K In lambda function:
[01m[K/home/simi/franka_ros2_ws/src/cartesian_impedance_control/src/user_input_client.cpp:31:33:[m[K [01;31m[Kerror: [m[Kexpected ‘[01m[K{[m[K’ before ‘[01m[K--[m[K’ token
   31 |                             [6] [01;31m[K--[m[K> 0.5, 0.0, 0.08 \n, [79] --> Reduce current z-Position by 1 cm \n";
      |                                 [01;31m[K^~[m[K
[01m[K/home/simi/franka_ros2_ws/src/cartesian_impedance_control/src/user_input_client.cpp:[m[K In function ‘[01m[Kint main(int, char**)[m[K’:
[01m[K/home/simi/franka_ros2_ws/src/cartesian_impedance_control/src/user_input_client.cpp:31:33:[m[K [01;31m[Kerror: [m[Kno ‘[01m[Koperator--(int)[m[K’ declared for postfix ‘[01m[K--[m[K’ [[01;31m[K]8;;https://gcc.gnu.org/onlinedocs/gcc/Warning-Options.html#index-fpermissive-fpermissive]8;;[m[K]
   31 |                             [6] --> 0.5, 0.0, 0.08 \n, [79] --> Reduce current z-Position by 1 cm \n";
gmake[2]: *** [CMakeFiles/user_input_client.dir/build.make:76: CMakeFiles/user_input_client.dir/src/user_input_client.cpp.o] Error 1
gmake[1]: *** [CMakeFiles/Makefile2:167: CMakeFiles/user_input_client.dir/all] Error 2
gmake: *** [Makefile:146: all] Error 2
