[0.034s] Invoking command in '/home/simi/franka_ros2_ws/build/cartesian_impedance_control': CMAKE_PREFIX_PATH=/home/simi/franka_ros2_ws/install/franka_robot_state_broadcaster:/home/simi/franka_ros2_ws/install/franka_semantic_components:/home/simi/franka_ros2_ws/install/franka_hardware:/home/simi/franka_ros2_ws/install/messages_fr3:/home/simi/franka_ros2_ws/install/franka_msgs:/home/simi/franka_ros2_ws/install/franka_description:/home/simi/franka_ros2_ws/install/cartesian_impedance_control:/home/simi/franka_ros2_ws/install/joint_trajectory_controller:/home/simi/franka_ros2_ws/install/integration_launch_testing:/home/simi/franka_ros2_ws/install/franka_bringup:/home/simi/franka_ros2_ws/install/franka_example_controllers:/home/simi/franka_ros2_ws/install/franka_moveit_config:/home/simi/franka_ros2_ws/install/franka_gripper:/home/simi/franka_ros2_ws/install/realtime_plot_of_data:/opt/ros/humble LD_LIBRARY_PATH=/home/simi/franka_ros2_ws/install/franka_robot_state_broadcaster/lib:/home/simi/franka_ros2_ws/install/franka_semantic_components/lib:/home/simi/franka_ros2_ws/install/franka_hardware/lib:/home/simi/franka_ros2_ws/install/messages_fr3/lib:/home/simi/franka_ros2_ws/install/franka_msgs/lib:/home/simi/franka_ros2_ws/install/cartesian_impedance_control/lib:/home/simi/franka_ros2_ws/install/joint_trajectory_controller/lib:/home/simi/franka_ros2_ws/install/integration_launch_testing/lib:/home/simi/franka_ros2_ws/install/franka_example_controllers/lib:/home/simi/franka_ros2_ws/install/franka_gripper/lib:/opt/ros/humble/opt/rviz_ogre_vendor/lib:/opt/ros/humble/lib/x86_64-linux-gnu:/opt/ros/humble/lib /usr/bin/cmake --build /home/simi/franka_ros2_ws/build/cartesian_impedance_control -- -j16 -l16
[0.065s] -- Found ament_cmake: 1.3.10 (/opt/ros/humble/share/ament_cmake/cmake)
[0.178s] -- Found rclcpp: 16.0.10 (/opt/ros/humble/share/rclcpp/cmake)
[0.203s] -- Found rosidl_generator_c: 3.1.5 (/opt/ros/humble/share/rosidl_generator_c/cmake)
[0.205s] -- Found rosidl_adapter: 3.1.5 (/opt/ros/humble/share/rosidl_adapter/cmake)
[0.210s] -- Found rosidl_generator_cpp: 3.1.5 (/opt/ros/humble/share/rosidl_generator_cpp/cmake)
[0.218s] -- Using all available rosidl_typesupport_c: rosidl_typesupport_fastrtps_c;rosidl_typesupport_introspection_c
[0.229s] -- Using all available rosidl_typesupport_cpp: rosidl_typesupport_fastrtps_cpp;rosidl_typesupport_introspection_cpp
[0.256s] -- Found rmw_implementation_cmake: 6.1.2 (/opt/ros/humble/share/rmw_implementation_cmake/cmake)
[0.257s] -- Found rmw_fastrtps_cpp: 6.2.7 (/opt/ros/humble/share/rmw_fastrtps_cpp/cmake)
[0.383s] -- Using RMW implementation 'rmw_fastrtps_cpp' as default
[0.423s] -- Found controller_interface: 2.43.0 (/opt/ros/humble/share/controller_interface/cmake)
[0.539s] -- Found franka_msgs: 0.1.13 (/home/simi/franka_ros2_ws/install/franka_msgs/share/franka_msgs/cmake)
[0.558s] -- Found franka_semantic_components: 0.1.0 (/home/simi/franka_ros2_ws/install/franka_semantic_components/share/franka_semantic_components/cmake)
[0.575s] -- Found generate_parameter_library: 0.3.8 (/opt/ros/humble/share/generate_parameter_library/cmake)
[0.576s] -- Found parameter_traits: 0.3.8 (/opt/ros/humble/share/parameter_traits/cmake)
[0.582s] -- Found messages_fr3: 1.0.0 (/home/simi/franka_ros2_ws/install/messages_fr3/share/messages_fr3/cmake)
[0.632s] -- Found ament_cmake_clang_format: 0.12.11 (/opt/ros/humble/share/ament_cmake_clang_format/cmake)
[0.633s] -- Found ament_cmake_copyright: 0.12.11 (/opt/ros/humble/share/ament_cmake_copyright/cmake)
[0.634s] -- Found ament_cmake_cppcheck: 0.12.11 (/opt/ros/humble/share/ament_cmake_cppcheck/cmake)
[0.635s] -- Found ament_cmake_flake8: 0.12.11 (/opt/ros/humble/share/ament_cmake_flake8/cmake)
[0.636s] -- Found ament_cmake_lint_cmake: 0.12.11 (/opt/ros/humble/share/ament_cmake_lint_cmake/cmake)
[0.637s] -- Found ament_cmake_pep257: 0.12.11 (/opt/ros/humble/share/ament_cmake_pep257/cmake)
[0.638s] -- Found ament_cmake_xmllint: 0.12.11 (/opt/ros/humble/share/ament_cmake_xmllint/cmake)
[0.639s] -- Found ament_cmake_gmock: 1.3.10 (/opt/ros/humble/share/ament_cmake_gmock/cmake)
[0.640s] -- Found controller_manager: 2.43.0 (/opt/ros/humble/share/controller_manager/cmake)
[0.672s] -- Found ros2_control_test_assets: 2.43.0 (/opt/ros/humble/share/ros2_control_test_assets/cmake)
[0.736s] -- Configuring done
[0.867s] -- Generating done
[0.869s] -- Build files have been written to: /home/simi/franka_ros2_ws/build/cartesian_impedance_control
[0.908s] [35m[1mConsolidate compiler generated dependencies of target cartesian_impedance_control[0m
[0.954s] [ 40%] Built target cartesian_impedance_control
[0.968s] [35m[1mConsolidate compiler generated dependencies of target user_input_client[0m
[0.972s] [35m[1mConsolidate compiler generated dependencies of target force_control_client[0m
[0.986s] [ 50%] [32mBuilding CXX object CMakeFiles/gripper.dir/src/gripper.cpp.o[0m
[0.996s] [ 70%] Built target user_input_client
[1.001s] [ 90%] Built target force_control_client
[3.020s] [01m[K/home/simi/franka_ros2_ws/src/cartesian_impedance_control/src/gripper.cpp:[m[K In constructor ‘[01m[KGripperControlNode::GripperControlNode()[m[K’:
[3.020s] [01m[K/home/simi/franka_ros2_ws/src/cartesian_impedance_control/src/gripper.cpp:9:55:[m[K [01;31m[Kerror: [m[Kno matching function for call to ‘[01m[Kfranka::Gripper::Gripper()[m[K’
[3.020s]     9 |     GripperControlNode() : Node("gripper_control_node"[01;31m[K)[m[K {
[3.020s]       |                                                       [01;31m[K^[m[K
[3.020s] In file included from [01m[K/home/simi/franka_ros2_ws/src/cartesian_impedance_control/src/gripper.cpp:4[m[K:
[3.021s] [01m[K/usr/include/franka/gripper.h:49:3:[m[K [01;36m[Knote: [m[Kcandidate: ‘[01m[Kfranka::Gripper::Gripper(franka::Gripper&&)[m[K’
[3.021s]    49 |   [01;36m[KGripper[m[K(Gripper&& gripper) noexcept;
[3.021s]       |   [01;36m[K^~~~~~~[m[K
[3.021s] [01m[K/usr/include/franka/gripper.h:49:3:[m[K [01;36m[Knote: [m[K  candidate expects 1 argument, 0 provided
[3.021s] [01m[K/usr/include/franka/gripper.h:42:12:[m[K [01;36m[Knote: [m[Kcandidate: ‘[01m[Kfranka::Gripper::Gripper(const string&)[m[K’
[3.021s]    42 |   explicit [01;36m[KGripper[m[K(const std::string& franka_address);
[3.021s]       |            [01;36m[K^~~~~~~[m[K
[3.021s] [01m[K/usr/include/franka/gripper.h:42:12:[m[K [01;36m[Knote: [m[K  candidate expects 1 argument, 0 provided
[4.974s] gmake[2]: *** [CMakeFiles/gripper.dir/build.make:76: CMakeFiles/gripper.dir/src/gripper.cpp.o] Error 1
[4.975s] gmake[1]: *** [CMakeFiles/Makefile2:221: CMakeFiles/gripper.dir/all] Error 2
[4.975s] gmake: *** [Makefile:146: all] Error 2
[4.979s] Invoked command in '/home/simi/franka_ros2_ws/build/cartesian_impedance_control' returned '2': CMAKE_PREFIX_PATH=/home/simi/franka_ros2_ws/install/franka_robot_state_broadcaster:/home/simi/franka_ros2_ws/install/franka_semantic_components:/home/simi/franka_ros2_ws/install/franka_hardware:/home/simi/franka_ros2_ws/install/messages_fr3:/home/simi/franka_ros2_ws/install/franka_msgs:/home/simi/franka_ros2_ws/install/franka_description:/home/simi/franka_ros2_ws/install/cartesian_impedance_control:/home/simi/franka_ros2_ws/install/joint_trajectory_controller:/home/simi/franka_ros2_ws/install/integration_launch_testing:/home/simi/franka_ros2_ws/install/franka_bringup:/home/simi/franka_ros2_ws/install/franka_example_controllers:/home/simi/franka_ros2_ws/install/franka_moveit_config:/home/simi/franka_ros2_ws/install/franka_gripper:/home/simi/franka_ros2_ws/install/realtime_plot_of_data:/opt/ros/humble LD_LIBRARY_PATH=/home/simi/franka_ros2_ws/install/franka_robot_state_broadcaster/lib:/home/simi/franka_ros2_ws/install/franka_semantic_components/lib:/home/simi/franka_ros2_ws/install/franka_hardware/lib:/home/simi/franka_ros2_ws/install/messages_fr3/lib:/home/simi/franka_ros2_ws/install/franka_msgs/lib:/home/simi/franka_ros2_ws/install/cartesian_impedance_control/lib:/home/simi/franka_ros2_ws/install/joint_trajectory_controller/lib:/home/simi/franka_ros2_ws/install/integration_launch_testing/lib:/home/simi/franka_ros2_ws/install/franka_example_controllers/lib:/home/simi/franka_ros2_ws/install/franka_gripper/lib:/opt/ros/humble/opt/rviz_ogre_vendor/lib:/opt/ros/humble/lib/x86_64-linux-gnu:/opt/ros/humble/lib /usr/bin/cmake --build /home/simi/franka_ros2_ws/build/cartesian_impedance_control -- -j16 -l16
