[0.014s] Invoking command in '/home/simi/franka_ros2_ws/build/franka_gripper': AMENT_PREFIX_PATH=/home/simi/franka_ros2_ws/install/franka_msgs:${AMENT_PREFIX_PATH} CMAKE_PREFIX_PATH=/home/simi/franka_ros2_ws/install/franka_msgs:/opt/ros/humble LD_LIBRARY_PATH=/home/simi/franka_ros2_ws/install/franka_msgs/lib:${LD_LIBRARY_PATH} PYTHONPATH=/home/simi/franka_ros2_ws/install/franka_msgs/local/lib/python3.10/dist-packages:${PYTHONPATH} /usr/bin/cmake --build /home/simi/franka_ros2_ws/build/franka_gripper -- -j16 -l16
[0.079s] [ 50%] Built target franka_gripper_node
[0.082s] [100%] Built target gripper_server
[0.086s] [100%] Built target ament_cmake_python_copy_franka_gripper
[0.310s] running egg_info
[0.311s] writing franka_gripper.egg-info/PKG-INFO
[0.311s] writing dependency_links to franka_gripper.egg-info/dependency_links.txt
[0.311s] writing top-level names to franka_gripper.egg-info/top_level.txt
[0.313s] reading manifest file 'franka_gripper.egg-info/SOURCES.txt'
[0.314s] writing manifest file 'franka_gripper.egg-info/SOURCES.txt'
[0.348s] [100%] Built target ament_cmake_python_build_franka_gripper_egg
[0.363s] Invoked command in '/home/simi/franka_ros2_ws/build/franka_gripper' returned '0': AMENT_PREFIX_PATH=/home/simi/franka_ros2_ws/install/franka_msgs:${AMENT_PREFIX_PATH} CMAKE_PREFIX_PATH=/home/simi/franka_ros2_ws/install/franka_msgs:/opt/ros/humble LD_LIBRARY_PATH=/home/simi/franka_ros2_ws/install/franka_msgs/lib:${LD_LIBRARY_PATH} PYTHONPATH=/home/simi/franka_ros2_ws/install/franka_msgs/local/lib/python3.10/dist-packages:${PYTHONPATH} /usr/bin/cmake --build /home/simi/franka_ros2_ws/build/franka_gripper -- -j16 -l16
[0.403s] Invoking command in '/home/simi/franka_ros2_ws/build/franka_gripper': AMENT_PREFIX_PATH=/home/simi/franka_ros2_ws/install/franka_msgs:${AMENT_PREFIX_PATH} CMAKE_PREFIX_PATH=/home/simi/franka_ros2_ws/install/franka_msgs:/opt/ros/humble LD_LIBRARY_PATH=/home/simi/franka_ros2_ws/install/franka_msgs/lib:${LD_LIBRARY_PATH} PYTHONPATH=/home/simi/franka_ros2_ws/install/franka_msgs/local/lib/python3.10/dist-packages:${PYTHONPATH} /usr/bin/cmake --install /home/simi/franka_ros2_ws/build/franka_gripper
[0.412s] -- Install configuration: "Release"
[0.412s] -- Up-to-date: /home/simi/franka_ros2_ws/install/franka_gripper/lib/franka_gripper/franka_gripper_node
[0.412s] -- Up-to-date: /home/simi/franka_ros2_ws/install/franka_gripper/lib/libgripper_server.so
[0.412s] -- Up-to-date: /home/simi/franka_ros2_ws/install/franka_gripper/share/franka_gripper//launch
[0.412s] -- Up-to-date: /home/simi/franka_ros2_ws/install/franka_gripper/share/franka_gripper//launch/gripper.launch.py
[0.413s] -- Up-to-date: /home/simi/franka_ros2_ws/install/franka_gripper/share/franka_gripper//config
[0.413s] -- Up-to-date: /home/simi/franka_ros2_ws/install/franka_gripper/share/franka_gripper//config/franka_gripper_node.yaml
[0.413s] -- Up-to-date: /home/simi/franka_ros2_ws/install/franka_gripper/share/franka_gripper/environment/pythonpath.sh
[0.413s] -- Up-to-date: /home/simi/franka_ros2_ws/install/franka_gripper/share/franka_gripper/environment/pythonpath.dsv
[0.413s] -- Up-to-date: /home/simi/franka_ros2_ws/install/franka_gripper/local/lib/python3.10/dist-packages/franka_gripper-0.1.13-py3.10.egg-info
[0.413s] -- Installing: /home/simi/franka_ros2_ws/install/franka_gripper/local/lib/python3.10/dist-packages/franka_gripper-0.1.13-py3.10.egg-info/dependency_links.txt
[0.413s] -- Installing: /home/simi/franka_ros2_ws/install/franka_gripper/local/lib/python3.10/dist-packages/franka_gripper-0.1.13-py3.10.egg-info/top_level.txt
[0.413s] -- Installing: /home/simi/franka_ros2_ws/install/franka_gripper/local/lib/python3.10/dist-packages/franka_gripper-0.1.13-py3.10.egg-info/PKG-INFO
[0.413s] -- Installing: /home/simi/franka_ros2_ws/install/franka_gripper/local/lib/python3.10/dist-packages/franka_gripper-0.1.13-py3.10.egg-info/SOURCES.txt
[0.414s] -- Up-to-date: /home/simi/franka_ros2_ws/install/franka_gripper/local/lib/python3.10/dist-packages/franka_gripper
[0.414s] -- Up-to-date: /home/simi/franka_ros2_ws/install/franka_gripper/local/lib/python3.10/dist-packages/franka_gripper/__init__.py
[0.440s] Listing '/home/simi/franka_ros2_ws/install/franka_gripper/local/lib/python3.10/dist-packages/franka_gripper'...
[0.445s] -- Up-to-date: /home/simi/franka_ros2_ws/install/franka_gripper/lib/franka_gripper/fake_gripper_state_publisher.py
[0.445s] -- Up-to-date: /home/simi/franka_ros2_ws/install/franka_gripper/share/ament_index/resource_index/package_run_dependencies/franka_gripper
[0.445s] -- Up-to-date: /home/simi/franka_ros2_ws/install/franka_gripper/share/ament_index/resource_index/parent_prefix_path/franka_gripper
[0.446s] -- Up-to-date: /home/simi/franka_ros2_ws/install/franka_gripper/share/franka_gripper/environment/ament_prefix_path.sh
[0.446s] -- Up-to-date: /home/simi/franka_ros2_ws/install/franka_gripper/share/franka_gripper/environment/ament_prefix_path.dsv
[0.446s] -- Up-to-date: /home/simi/franka_ros2_ws/install/franka_gripper/share/franka_gripper/environment/path.sh
[0.446s] -- Up-to-date: /home/simi/franka_ros2_ws/install/franka_gripper/share/franka_gripper/environment/path.dsv
[0.446s] -- Up-to-date: /home/simi/franka_ros2_ws/install/franka_gripper/share/franka_gripper/local_setup.bash
[0.446s] -- Up-to-date: /home/simi/franka_ros2_ws/install/franka_gripper/share/franka_gripper/local_setup.sh
[0.446s] -- Up-to-date: /home/simi/franka_ros2_ws/install/franka_gripper/share/franka_gripper/local_setup.zsh
[0.447s] -- Up-to-date: /home/simi/franka_ros2_ws/install/franka_gripper/share/franka_gripper/local_setup.dsv
[0.447s] -- Installing: /home/simi/franka_ros2_ws/install/franka_gripper/share/franka_gripper/package.dsv
[0.447s] -- Up-to-date: /home/simi/franka_ros2_ws/install/franka_gripper/share/ament_index/resource_index/packages/franka_gripper
[0.447s] -- Up-to-date: /home/simi/franka_ros2_ws/install/franka_gripper/share/ament_index/resource_index/rclcpp_components/franka_gripper
[0.447s] -- Up-to-date: /home/simi/franka_ros2_ws/install/franka_gripper/share/franka_gripper/cmake/franka_gripperConfig.cmake
[0.447s] -- Up-to-date: /home/simi/franka_ros2_ws/install/franka_gripper/share/franka_gripper/cmake/franka_gripperConfig-version.cmake
[0.448s] -- Up-to-date: /home/simi/franka_ros2_ws/install/franka_gripper/share/franka_gripper/package.xml
[0.450s] Invoked command in '/home/simi/franka_ros2_ws/build/franka_gripper' returned '0': AMENT_PREFIX_PATH=/home/simi/franka_ros2_ws/install/franka_msgs:${AMENT_PREFIX_PATH} CMAKE_PREFIX_PATH=/home/simi/franka_ros2_ws/install/franka_msgs:/opt/ros/humble LD_LIBRARY_PATH=/home/simi/franka_ros2_ws/install/franka_msgs/lib:${LD_LIBRARY_PATH} PYTHONPATH=/home/simi/franka_ros2_ws/install/franka_msgs/local/lib/python3.10/dist-packages:${PYTHONPATH} /usr/bin/cmake --install /home/simi/franka_ros2_ws/build/franka_gripper
