[0.017s] Invoking command in '/home/simi/franka_ros2_ws/build/franka_semantic_components': AMENT_PREFIX_PATH=/home/simi/franka_ros2_ws/install/franka_hardware:/home/simi/franka_ros2_ws/install/franka_msgs:${AMENT_PREFIX_PATH} CMAKE_PREFIX_PATH=/home/simi/franka_ros2_ws/install/franka_hardware:/home/simi/franka_ros2_ws/install/franka_msgs:/home/simi/Documents/Bachelor_Arbeit/BA_Force_Control/install/joint_trajectory_controller:/home/simi/Documents/Bachelor_Arbeit/BA_Force_Control/install/integration_launch_testing:/home/simi/Documents/Bachelor_Arbeit/BA_Force_Control/install/franka_bringup:/home/simi/Documents/Bachelor_Arbeit/BA_Force_Control/install/franka_robot_state_broadcaster:/home/simi/Documents/Bachelor_Arbeit/BA_Force_Control/install/franka_example_controllers:/home/simi/Documents/Bachelor_Arbeit/BA_Force_Control/install/franka_semantic_components:/home/simi/Documents/Bachelor_Arbeit/BA_Force_Control/install/franka_moveit_config:/home/simi/Documents/Bachelor_Arbeit/BA_Force_Control/install/franka_hardware:/home/simi/Documents/Bachelor_Arbeit/BA_Force_Control/install/franka_gripper:/home/simi/Documents/Bachelor_Arbeit/BA_Force_Control/install/franka_msgs:/home/simi/Documents/Bachelor_Arbeit/BA_Force_Control/install/franka_description:/opt/ros/humble LD_LIBRARY_PATH=/home/simi/franka_ros2_ws/install/franka_hardware/lib:/home/simi/franka_ros2_ws/install/franka_msgs/lib:${LD_LIBRARY_PATH} PYTHONPATH=/home/simi/franka_ros2_ws/install/franka_msgs/local/lib/python3.10/dist-packages:${PYTHONPATH} /usr/bin/cmake --build /home/simi/franka_ros2_ws/build/franka_semantic_components -- -j16 -l16
[0.087s] [  9%] Built target gmock_main
[0.090s] [ 22%] Built target gmock
[0.097s] [ 54%] Built target franka_semantic_components
[0.131s] [ 63%] Built target test_franka_robot_state
[0.132s] [ 72%] Built target test_franka_robot_model
[0.132s] [ 81%] Built target franka_cartesian_velocity_interface_test
[0.135s] [ 95%] Built target franka_semantic_component_interface_test
[0.136s] [100%] Built target franka_cartesian_pose_interface_test
[0.152s] Invoked command in '/home/simi/franka_ros2_ws/build/franka_semantic_components' returned '0': AMENT_PREFIX_PATH=/home/simi/franka_ros2_ws/install/franka_hardware:/home/simi/franka_ros2_ws/install/franka_msgs:${AMENT_PREFIX_PATH} CMAKE_PREFIX_PATH=/home/simi/franka_ros2_ws/install/franka_hardware:/home/simi/franka_ros2_ws/install/franka_msgs:/home/simi/Documents/Bachelor_Arbeit/BA_Force_Control/install/joint_trajectory_controller:/home/simi/Documents/Bachelor_Arbeit/BA_Force_Control/install/integration_launch_testing:/home/simi/Documents/Bachelor_Arbeit/BA_Force_Control/install/franka_bringup:/home/simi/Documents/Bachelor_Arbeit/BA_Force_Control/install/franka_robot_state_broadcaster:/home/simi/Documents/Bachelor_Arbeit/BA_Force_Control/install/franka_example_controllers:/home/simi/Documents/Bachelor_Arbeit/BA_Force_Control/install/franka_semantic_components:/home/simi/Documents/Bachelor_Arbeit/BA_Force_Control/install/franka_moveit_config:/home/simi/Documents/Bachelor_Arbeit/BA_Force_Control/install/franka_hardware:/home/simi/Documents/Bachelor_Arbeit/BA_Force_Control/install/franka_gripper:/home/simi/Documents/Bachelor_Arbeit/BA_Force_Control/install/franka_msgs:/home/simi/Documents/Bachelor_Arbeit/BA_Force_Control/install/franka_description:/opt/ros/humble LD_LIBRARY_PATH=/home/simi/franka_ros2_ws/install/franka_hardware/lib:/home/simi/franka_ros2_ws/install/franka_msgs/lib:${LD_LIBRARY_PATH} PYTHONPATH=/home/simi/franka_ros2_ws/install/franka_msgs/local/lib/python3.10/dist-packages:${PYTHONPATH} /usr/bin/cmake --build /home/simi/franka_ros2_ws/build/franka_semantic_components -- -j16 -l16
[0.263s] Invoking command in '/home/simi/franka_ros2_ws/build/franka_semantic_components': AMENT_PREFIX_PATH=/home/simi/franka_ros2_ws/install/franka_hardware:/home/simi/franka_ros2_ws/install/franka_msgs:${AMENT_PREFIX_PATH} CMAKE_PREFIX_PATH=/home/simi/franka_ros2_ws/install/franka_hardware:/home/simi/franka_ros2_ws/install/franka_msgs:/home/simi/Documents/Bachelor_Arbeit/BA_Force_Control/install/joint_trajectory_controller:/home/simi/Documents/Bachelor_Arbeit/BA_Force_Control/install/integration_launch_testing:/home/simi/Documents/Bachelor_Arbeit/BA_Force_Control/install/franka_bringup:/home/simi/Documents/Bachelor_Arbeit/BA_Force_Control/install/franka_robot_state_broadcaster:/home/simi/Documents/Bachelor_Arbeit/BA_Force_Control/install/franka_example_controllers:/home/simi/Documents/Bachelor_Arbeit/BA_Force_Control/install/franka_semantic_components:/home/simi/Documents/Bachelor_Arbeit/BA_Force_Control/install/franka_moveit_config:/home/simi/Documents/Bachelor_Arbeit/BA_Force_Control/install/franka_hardware:/home/simi/Documents/Bachelor_Arbeit/BA_Force_Control/install/franka_gripper:/home/simi/Documents/Bachelor_Arbeit/BA_Force_Control/install/franka_msgs:/home/simi/Documents/Bachelor_Arbeit/BA_Force_Control/install/franka_description:/opt/ros/humble LD_LIBRARY_PATH=/home/simi/franka_ros2_ws/install/franka_hardware/lib:/home/simi/franka_ros2_ws/install/franka_msgs/lib:${LD_LIBRARY_PATH} PYTHONPATH=/home/simi/franka_ros2_ws/install/franka_msgs/local/lib/python3.10/dist-packages:${PYTHONPATH} /usr/bin/cmake --install /home/simi/franka_ros2_ws/build/franka_semantic_components
[0.273s] -- Install configuration: "Release"
[0.273s] -- Up-to-date: /home/simi/franka_ros2_ws/install/franka_semantic_components/lib/libfranka_semantic_components.so
[0.273s] -- Up-to-date: /home/simi/franka_ros2_ws/install/franka_semantic_components/include
[0.273s] -- Up-to-date: /home/simi/franka_ros2_ws/install/franka_semantic_components/include/franka_semantic_components
[0.273s] -- Up-to-date: /home/simi/franka_ros2_ws/install/franka_semantic_components/include/franka_semantic_components/franka_semantic_component_interface.hpp
[0.274s] -- Up-to-date: /home/simi/franka_ros2_ws/install/franka_semantic_components/include/franka_semantic_components/franka_robot_state.hpp
[0.274s] -- Up-to-date: /home/simi/franka_ros2_ws/install/franka_semantic_components/include/franka_semantic_components/franka_robot_model.hpp
[0.274s] -- Up-to-date: /home/simi/franka_ros2_ws/install/franka_semantic_components/include/franka_semantic_components/franka_cartesian_pose_interface.hpp
[0.274s] -- Up-to-date: /home/simi/franka_ros2_ws/install/franka_semantic_components/include/franka_semantic_components/franka_cartesian_velocity_interface.hpp
[0.274s] -- Up-to-date: /home/simi/franka_ros2_ws/install/franka_semantic_components/share/franka_semantic_components/robot_description_test.txt
[0.274s] -- Up-to-date: /home/simi/franka_ros2_ws/install/franka_semantic_components/share/franka_semantic_components/environment/library_path.sh
[0.274s] -- Up-to-date: /home/simi/franka_ros2_ws/install/franka_semantic_components/share/franka_semantic_components/environment/library_path.dsv
[0.274s] -- Up-to-date: /home/simi/franka_ros2_ws/install/franka_semantic_components/share/ament_index/resource_index/package_run_dependencies/franka_semantic_components
[0.274s] -- Up-to-date: /home/simi/franka_ros2_ws/install/franka_semantic_components/share/ament_index/resource_index/parent_prefix_path/franka_semantic_components
[0.274s] -- Up-to-date: /home/simi/franka_ros2_ws/install/franka_semantic_components/share/franka_semantic_components/environment/ament_prefix_path.sh
[0.274s] -- Up-to-date: /home/simi/franka_ros2_ws/install/franka_semantic_components/share/franka_semantic_components/environment/ament_prefix_path.dsv
[0.274s] -- Up-to-date: /home/simi/franka_ros2_ws/install/franka_semantic_components/share/franka_semantic_components/environment/path.sh
[0.274s] -- Up-to-date: /home/simi/franka_ros2_ws/install/franka_semantic_components/share/franka_semantic_components/environment/path.dsv
[0.274s] -- Up-to-date: /home/simi/franka_ros2_ws/install/franka_semantic_components/share/franka_semantic_components/local_setup.bash
[0.274s] -- Up-to-date: /home/simi/franka_ros2_ws/install/franka_semantic_components/share/franka_semantic_components/local_setup.sh
[0.274s] -- Up-to-date: /home/simi/franka_ros2_ws/install/franka_semantic_components/share/franka_semantic_components/local_setup.zsh
[0.275s] -- Up-to-date: /home/simi/franka_ros2_ws/install/franka_semantic_components/share/franka_semantic_components/local_setup.dsv
[0.275s] -- Up-to-date: /home/simi/franka_ros2_ws/install/franka_semantic_components/share/franka_semantic_components/package.dsv
[0.275s] -- Up-to-date: /home/simi/franka_ros2_ws/install/franka_semantic_components/share/ament_index/resource_index/packages/franka_semantic_components
[0.275s] -- Up-to-date: /home/simi/franka_ros2_ws/install/franka_semantic_components/share/franka_semantic_components/cmake/ament_cmake_export_include_directories-extras.cmake
[0.275s] -- Up-to-date: /home/simi/franka_ros2_ws/install/franka_semantic_components/share/franka_semantic_components/cmake/ament_cmake_export_libraries-extras.cmake
[0.275s] -- Up-to-date: /home/simi/franka_ros2_ws/install/franka_semantic_components/share/franka_semantic_components/cmake/ament_cmake_export_dependencies-extras.cmake
[0.275s] -- Up-to-date: /home/simi/franka_ros2_ws/install/franka_semantic_components/share/franka_semantic_components/cmake/franka_semantic_componentsConfig.cmake
[0.275s] -- Up-to-date: /home/simi/franka_ros2_ws/install/franka_semantic_components/share/franka_semantic_components/cmake/franka_semantic_componentsConfig-version.cmake
[0.275s] -- Up-to-date: /home/simi/franka_ros2_ws/install/franka_semantic_components/share/franka_semantic_components/package.xml
[0.276s] Invoked command in '/home/simi/franka_ros2_ws/build/franka_semantic_components' returned '0': AMENT_PREFIX_PATH=/home/simi/franka_ros2_ws/install/franka_hardware:/home/simi/franka_ros2_ws/install/franka_msgs:${AMENT_PREFIX_PATH} CMAKE_PREFIX_PATH=/home/simi/franka_ros2_ws/install/franka_hardware:/home/simi/franka_ros2_ws/install/franka_msgs:/home/simi/Documents/Bachelor_Arbeit/BA_Force_Control/install/joint_trajectory_controller:/home/simi/Documents/Bachelor_Arbeit/BA_Force_Control/install/integration_launch_testing:/home/simi/Documents/Bachelor_Arbeit/BA_Force_Control/install/franka_bringup:/home/simi/Documents/Bachelor_Arbeit/BA_Force_Control/install/franka_robot_state_broadcaster:/home/simi/Documents/Bachelor_Arbeit/BA_Force_Control/install/franka_example_controllers:/home/simi/Documents/Bachelor_Arbeit/BA_Force_Control/install/franka_semantic_components:/home/simi/Documents/Bachelor_Arbeit/BA_Force_Control/install/franka_moveit_config:/home/simi/Documents/Bachelor_Arbeit/BA_Force_Control/install/franka_hardware:/home/simi/Documents/Bachelor_Arbeit/BA_Force_Control/install/franka_gripper:/home/simi/Documents/Bachelor_Arbeit/BA_Force_Control/install/franka_msgs:/home/simi/Documents/Bachelor_Arbeit/BA_Force_Control/install/franka_description:/opt/ros/humble LD_LIBRARY_PATH=/home/simi/franka_ros2_ws/install/franka_hardware/lib:/home/simi/franka_ros2_ws/install/franka_msgs/lib:${LD_LIBRARY_PATH} PYTHONPATH=/home/simi/franka_ros2_ws/install/franka_msgs/local/lib/python3.10/dist-packages:${PYTHONPATH} /usr/bin/cmake --install /home/simi/franka_ros2_ws/build/franka_semantic_components
