[0.696s] Invoking command in '/home/simi/franka_ros2_ws/src/realtime_plot_of_data': PYTHONPATH=/home/simi/franka_ros2_ws/build/realtime_plot_of_data/prefix_override:/home/simi/franka_ros2_ws/install/realtime_plot_of_data/lib/python3.10/site-packages:${PYTHONPATH} /usr/bin/python3 -W ignore:setup.py install is deprecated setup.py egg_info --egg-base ../../build/realtime_plot_of_data build --build-base /home/simi/franka_ros2_ws/build/realtime_plot_of_data/build install --record /home/simi/franka_ros2_ws/build/realtime_plot_of_data/install.log --single-version-externally-managed install_data
[0.929s] running egg_info
[0.930s] writing ../../build/realtime_plot_of_data/realtime_plot_of_data.egg-info/PKG-INFO
[0.930s] writing dependency_links to ../../build/realtime_plot_of_data/realtime_plot_of_data.egg-info/dependency_links.txt
[0.930s] writing entry points to ../../build/realtime_plot_of_data/realtime_plot_of_data.egg-info/entry_points.txt
[0.930s] writing requirements to ../../build/realtime_plot_of_data/realtime_plot_of_data.egg-info/requires.txt
[0.930s] writing top-level names to ../../build/realtime_plot_of_data/realtime_plot_of_data.egg-info/top_level.txt
[0.933s] reading manifest file '../../build/realtime_plot_of_data/realtime_plot_of_data.egg-info/SOURCES.txt'
[0.933s] writing manifest file '../../build/realtime_plot_of_data/realtime_plot_of_data.egg-info/SOURCES.txt'
[0.934s] running build
[0.934s] running build_py
[0.934s] copying realtime_plot_of_data/force_torque_plotter.py -> /home/simi/franka_ros2_ws/build/realtime_plot_of_data/build/lib/realtime_plot_of_data
[0.934s] running install
[0.935s] running install_lib
[0.935s] copying /home/simi/franka_ros2_ws/build/realtime_plot_of_data/build/lib/realtime_plot_of_data/force_torque_plotter.py -> /home/simi/franka_ros2_ws/install/realtime_plot_of_data/lib/python3.10/site-packages/realtime_plot_of_data
[0.936s] byte-compiling /home/simi/franka_ros2_ws/install/realtime_plot_of_data/lib/python3.10/site-packages/realtime_plot_of_data/force_torque_plotter.py to force_torque_plotter.cpython-310.pyc
[0.937s] running install_data
[0.938s] running install_egg_info
[0.939s] removing '/home/simi/franka_ros2_ws/install/realtime_plot_of_data/lib/python3.10/site-packages/realtime_plot_of_data-0.0.0-py3.10.egg-info' (and everything under it)
[0.940s] Copying ../../build/realtime_plot_of_data/realtime_plot_of_data.egg-info to /home/simi/franka_ros2_ws/install/realtime_plot_of_data/lib/python3.10/site-packages/realtime_plot_of_data-0.0.0-py3.10.egg-info
[0.941s] running install_scripts
[0.962s] Installing force_torque_plotter script to /home/simi/franka_ros2_ws/install/realtime_plot_of_data/lib/realtime_plot_of_data
[0.962s] writing list of installed files to '/home/simi/franka_ros2_ws/build/realtime_plot_of_data/install.log'
[1.021s] Invoked command in '/home/simi/franka_ros2_ws/src/realtime_plot_of_data' returned '0': PYTHONPATH=/home/simi/franka_ros2_ws/build/realtime_plot_of_data/prefix_override:/home/simi/franka_ros2_ws/install/realtime_plot_of_data/lib/python3.10/site-packages:${PYTHONPATH} /usr/bin/python3 -W ignore:setup.py install is deprecated setup.py egg_info --egg-base ../../build/realtime_plot_of_data build --build-base /home/simi/franka_ros2_ws/build/realtime_plot_of_data/build install --record /home/simi/franka_ros2_ws/build/realtime_plot_of_data/install.log --single-version-externally-managed install_data
