[0.015s] Invoking command in '/home/simi/franka_ros2_ws/build/franka_gripper': CMAKE_PREFIX_PATH=/home/simi/franka_ros2_ws/install/franka_msgs:/home/simi/franka_ros2_ws/install/cartesian_impedance_control:/home/simi/franka_ros2_ws/install/messages_fr3:/home/simi/franka_ros2_ws/install/joint_trajectory_controller:/home/simi/franka_ros2_ws/install/integration_launch_testing:/home/simi/franka_ros2_ws/install/franka_bringup:/home/simi/franka_ros2_ws/install/franka_robot_state_broadcaster:/home/simi/franka_ros2_ws/install/franka_example_controllers:/home/simi/franka_ros2_ws/install/franka_semantic_components:/home/simi/franka_ros2_ws/install/franka_moveit_config:/home/simi/franka_ros2_ws/install/franka_hardware:/home/simi/franka_ros2_ws/install/franka_gripper:/home/simi/franka_ros2_ws/install/franka_description:/home/simi/franka_ros2_ws/install/realtime_plot_of_data:/opt/ros/humble LD_LIBRARY_PATH=/home/simi/franka_ros2_ws/install/franka_msgs/lib:/home/simi/franka_ros2_ws/install/cartesian_impedance_control/lib:/home/simi/franka_ros2_ws/install/messages_fr3/lib:/home/simi/franka_ros2_ws/install/joint_trajectory_controller/lib:/home/simi/franka_ros2_ws/install/integration_launch_testing/lib:/home/simi/franka_ros2_ws/install/franka_robot_state_broadcaster/lib:/home/simi/franka_ros2_ws/install/franka_example_controllers/lib:/home/simi/franka_ros2_ws/install/franka_semantic_components/lib:/home/simi/franka_ros2_ws/install/franka_hardware/lib:/home/simi/franka_ros2_ws/install/franka_gripper/lib:/opt/ros/humble/opt/rviz_ogre_vendor/lib:/opt/ros/humble/lib/x86_64-linux-gnu:/opt/ros/humble/lib /usr/bin/cmake --build /home/simi/franka_ros2_ws/build/franka_gripper -- -j16 -l16
[0.097s] [ 50%] Built target gripper_server
[0.097s] [100%] Built target franka_gripper_node
[0.100s] [100%] Built target ament_cmake_python_copy_franka_gripper
[0.350s] running egg_info
[0.350s] writing franka_gripper.egg-info/PKG-INFO
[0.351s] writing dependency_links to franka_gripper.egg-info/dependency_links.txt
[0.351s] writing top-level names to franka_gripper.egg-info/top_level.txt
[0.353s] reading manifest file 'franka_gripper.egg-info/SOURCES.txt'
[0.354s] writing manifest file 'franka_gripper.egg-info/SOURCES.txt'
[0.397s] [100%] Built target ament_cmake_python_build_franka_gripper_egg
[0.414s] Invoked command in '/home/simi/franka_ros2_ws/build/franka_gripper' returned '0': CMAKE_PREFIX_PATH=/home/simi/franka_ros2_ws/install/franka_msgs:/home/simi/franka_ros2_ws/install/cartesian_impedance_control:/home/simi/franka_ros2_ws/install/messages_fr3:/home/simi/franka_ros2_ws/install/joint_trajectory_controller:/home/simi/franka_ros2_ws/install/integration_launch_testing:/home/simi/franka_ros2_ws/install/franka_bringup:/home/simi/franka_ros2_ws/install/franka_robot_state_broadcaster:/home/simi/franka_ros2_ws/install/franka_example_controllers:/home/simi/franka_ros2_ws/install/franka_semantic_components:/home/simi/franka_ros2_ws/install/franka_moveit_config:/home/simi/franka_ros2_ws/install/franka_hardware:/home/simi/franka_ros2_ws/install/franka_gripper:/home/simi/franka_ros2_ws/install/franka_description:/home/simi/franka_ros2_ws/install/realtime_plot_of_data:/opt/ros/humble LD_LIBRARY_PATH=/home/simi/franka_ros2_ws/install/franka_msgs/lib:/home/simi/franka_ros2_ws/install/cartesian_impedance_control/lib:/home/simi/franka_ros2_ws/install/messages_fr3/lib:/home/simi/franka_ros2_ws/install/joint_trajectory_controller/lib:/home/simi/franka_ros2_ws/install/integration_launch_testing/lib:/home/simi/franka_ros2_ws/install/franka_robot_state_broadcaster/lib:/home/simi/franka_ros2_ws/install/franka_example_controllers/lib:/home/simi/franka_ros2_ws/install/franka_semantic_components/lib:/home/simi/franka_ros2_ws/install/franka_hardware/lib:/home/simi/franka_ros2_ws/install/franka_gripper/lib:/opt/ros/humble/opt/rviz_ogre_vendor/lib:/opt/ros/humble/lib/x86_64-linux-gnu:/opt/ros/humble/lib /usr/bin/cmake --build /home/simi/franka_ros2_ws/build/franka_gripper -- -j16 -l16
[0.496s] Invoking command in '/home/simi/franka_ros2_ws/build/franka_gripper': CMAKE_PREFIX_PATH=/home/simi/franka_ros2_ws/install/franka_msgs:/home/simi/franka_ros2_ws/install/cartesian_impedance_control:/home/simi/franka_ros2_ws/install/messages_fr3:/home/simi/franka_ros2_ws/install/joint_trajectory_controller:/home/simi/franka_ros2_ws/install/integration_launch_testing:/home/simi/franka_ros2_ws/install/franka_bringup:/home/simi/franka_ros2_ws/install/franka_robot_state_broadcaster:/home/simi/franka_ros2_ws/install/franka_example_controllers:/home/simi/franka_ros2_ws/install/franka_semantic_components:/home/simi/franka_ros2_ws/install/franka_moveit_config:/home/simi/franka_ros2_ws/install/franka_hardware:/home/simi/franka_ros2_ws/install/franka_gripper:/home/simi/franka_ros2_ws/install/franka_description:/home/simi/franka_ros2_ws/install/realtime_plot_of_data:/opt/ros/humble LD_LIBRARY_PATH=/home/simi/franka_ros2_ws/install/franka_msgs/lib:/home/simi/franka_ros2_ws/install/cartesian_impedance_control/lib:/home/simi/franka_ros2_ws/install/messages_fr3/lib:/home/simi/franka_ros2_ws/install/joint_trajectory_controller/lib:/home/simi/franka_ros2_ws/install/integration_launch_testing/lib:/home/simi/franka_ros2_ws/install/franka_robot_state_broadcaster/lib:/home/simi/franka_ros2_ws/install/franka_example_controllers/lib:/home/simi/franka_ros2_ws/install/franka_semantic_components/lib:/home/simi/franka_ros2_ws/install/franka_hardware/lib:/home/simi/franka_ros2_ws/install/franka_gripper/lib:/opt/ros/humble/opt/rviz_ogre_vendor/lib:/opt/ros/humble/lib/x86_64-linux-gnu:/opt/ros/humble/lib /usr/bin/cmake --install /home/simi/franka_ros2_ws/build/franka_gripper
[0.510s] -- Install configuration: "Release"
[0.510s] -- Up-to-date: /home/simi/franka_ros2_ws/install/franka_gripper/lib/franka_gripper/franka_gripper_node
[0.510s] -- Up-to-date: /home/simi/franka_ros2_ws/install/franka_gripper/lib/libgripper_server.so
[0.511s] -- Up-to-date: /home/simi/franka_ros2_ws/install/franka_gripper/share/franka_gripper//launch
[0.511s] -- Up-to-date: /home/simi/franka_ros2_ws/install/franka_gripper/share/franka_gripper//launch/gripper.launch.py
[0.511s] -- Up-to-date: /home/simi/franka_ros2_ws/install/franka_gripper/share/franka_gripper//config
[0.511s] -- Up-to-date: /home/simi/franka_ros2_ws/install/franka_gripper/share/franka_gripper//config/franka_gripper_node.yaml
[0.511s] -- Up-to-date: /home/simi/franka_ros2_ws/install/franka_gripper/share/franka_gripper/environment/pythonpath.sh
[0.512s] -- Up-to-date: /home/simi/franka_ros2_ws/install/franka_gripper/share/franka_gripper/environment/pythonpath.dsv
[0.512s] -- Up-to-date: /home/simi/franka_ros2_ws/install/franka_gripper/local/lib/python3.10/dist-packages/franka_gripper-0.1.13-py3.10.egg-info
[0.512s] -- Installing: /home/simi/franka_ros2_ws/install/franka_gripper/local/lib/python3.10/dist-packages/franka_gripper-0.1.13-py3.10.egg-info/dependency_links.txt
[0.512s] -- Installing: /home/simi/franka_ros2_ws/install/franka_gripper/local/lib/python3.10/dist-packages/franka_gripper-0.1.13-py3.10.egg-info/top_level.txt
[0.512s] -- Installing: /home/simi/franka_ros2_ws/install/franka_gripper/local/lib/python3.10/dist-packages/franka_gripper-0.1.13-py3.10.egg-info/PKG-INFO
[0.512s] -- Installing: /home/simi/franka_ros2_ws/install/franka_gripper/local/lib/python3.10/dist-packages/franka_gripper-0.1.13-py3.10.egg-info/SOURCES.txt
[0.512s] -- Up-to-date: /home/simi/franka_ros2_ws/install/franka_gripper/local/lib/python3.10/dist-packages/franka_gripper
[0.512s] -- Up-to-date: /home/simi/franka_ros2_ws/install/franka_gripper/local/lib/python3.10/dist-packages/franka_gripper/__init__.py
[0.552s] Listing '/home/simi/franka_ros2_ws/install/franka_gripper/local/lib/python3.10/dist-packages/franka_gripper'...
[0.559s] -- Up-to-date: /home/simi/franka_ros2_ws/install/franka_gripper/lib/franka_gripper/fake_gripper_state_publisher.py
[0.559s] -- Up-to-date: /home/simi/franka_ros2_ws/install/franka_gripper/share/ament_index/resource_index/package_run_dependencies/franka_gripper
[0.560s] -- Up-to-date: /home/simi/franka_ros2_ws/install/franka_gripper/share/ament_index/resource_index/parent_prefix_path/franka_gripper
[0.560s] -- Up-to-date: /home/simi/franka_ros2_ws/install/franka_gripper/share/franka_gripper/environment/ament_prefix_path.sh
[0.560s] -- Up-to-date: /home/simi/franka_ros2_ws/install/franka_gripper/share/franka_gripper/environment/ament_prefix_path.dsv
[0.560s] -- Up-to-date: /home/simi/franka_ros2_ws/install/franka_gripper/share/franka_gripper/environment/path.sh
[0.560s] -- Up-to-date: /home/simi/franka_ros2_ws/install/franka_gripper/share/franka_gripper/environment/path.dsv
[0.560s] -- Up-to-date: /home/simi/franka_ros2_ws/install/franka_gripper/share/franka_gripper/local_setup.bash
[0.560s] -- Up-to-date: /home/simi/franka_ros2_ws/install/franka_gripper/share/franka_gripper/local_setup.sh
[0.560s] -- Up-to-date: /home/simi/franka_ros2_ws/install/franka_gripper/share/franka_gripper/local_setup.zsh
[0.560s] -- Up-to-date: /home/simi/franka_ros2_ws/install/franka_gripper/share/franka_gripper/local_setup.dsv
[0.560s] -- Installing: /home/simi/franka_ros2_ws/install/franka_gripper/share/franka_gripper/package.dsv
[0.560s] -- Up-to-date: /home/simi/franka_ros2_ws/install/franka_gripper/share/ament_index/resource_index/packages/franka_gripper
[0.561s] -- Up-to-date: /home/simi/franka_ros2_ws/install/franka_gripper/share/ament_index/resource_index/rclcpp_components/franka_gripper
[0.561s] -- Up-to-date: /home/simi/franka_ros2_ws/install/franka_gripper/share/franka_gripper/cmake/franka_gripperConfig.cmake
[0.561s] -- Up-to-date: /home/simi/franka_ros2_ws/install/franka_gripper/share/franka_gripper/cmake/franka_gripperConfig-version.cmake
[0.561s] -- Up-to-date: /home/simi/franka_ros2_ws/install/franka_gripper/share/franka_gripper/package.xml
[0.563s] Invoked command in '/home/simi/franka_ros2_ws/build/franka_gripper' returned '0': CMAKE_PREFIX_PATH=/home/simi/franka_ros2_ws/install/franka_msgs:/home/simi/franka_ros2_ws/install/cartesian_impedance_control:/home/simi/franka_ros2_ws/install/messages_fr3:/home/simi/franka_ros2_ws/install/joint_trajectory_controller:/home/simi/franka_ros2_ws/install/integration_launch_testing:/home/simi/franka_ros2_ws/install/franka_bringup:/home/simi/franka_ros2_ws/install/franka_robot_state_broadcaster:/home/simi/franka_ros2_ws/install/franka_example_controllers:/home/simi/franka_ros2_ws/install/franka_semantic_components:/home/simi/franka_ros2_ws/install/franka_moveit_config:/home/simi/franka_ros2_ws/install/franka_hardware:/home/simi/franka_ros2_ws/install/franka_gripper:/home/simi/franka_ros2_ws/install/franka_description:/home/simi/franka_ros2_ws/install/realtime_plot_of_data:/opt/ros/humble LD_LIBRARY_PATH=/home/simi/franka_ros2_ws/install/franka_msgs/lib:/home/simi/franka_ros2_ws/install/cartesian_impedance_control/lib:/home/simi/franka_ros2_ws/install/messages_fr3/lib:/home/simi/franka_ros2_ws/install/joint_trajectory_controller/lib:/home/simi/franka_ros2_ws/install/integration_launch_testing/lib:/home/simi/franka_ros2_ws/install/franka_robot_state_broadcaster/lib:/home/simi/franka_ros2_ws/install/franka_example_controllers/lib:/home/simi/franka_ros2_ws/install/franka_semantic_components/lib:/home/simi/franka_ros2_ws/install/franka_hardware/lib:/home/simi/franka_ros2_ws/install/franka_gripper/lib:/opt/ros/humble/opt/rviz_ogre_vendor/lib:/opt/ros/humble/lib/x86_64-linux-gnu:/opt/ros/humble/lib /usr/bin/cmake --install /home/simi/franka_ros2_ws/build/franka_gripper
