[0.110s] DEBUG:colcon:Command line arguments: ['/usr/bin/colcon', 'list', '-p', '--base-paths', '/home/simi/franka_ros2_ws']
[0.110s] DEBUG:colcon:Parsed command line arguments: Namespace(log_base=None, log_level=None, verb_name='list', build_base='build', ignore_user_meta=False, metas=['./colcon.meta'], base_paths=['/home/simi/franka_ros2_ws'], packages_ignore=None, packages_ignore_regex=None, paths=None, packages_up_to=None, packages_up_to_regex=None, packages_above=None, packages_above_and_dependencies=None, packages_above_depth=None, packages_select_by_dep=None, packages_skip_by_dep=None, packages_skip_up_to=None, packages_select_build_failed=False, packages_skip_build_finished=False, packages_select_test_failures=False, packages_skip_test_passed=False, packages_select=None, packages_skip=None, packages_select_regex=None, packages_skip_regex=None, packages_start=None, packages_end=None, allow_overriding=[], topological_order=False, names_only=False, paths_only=True, topological_graph=False, topological_graph_dot=False, topological_graph_density=False, topological_graph_legend=False, topological_graph_dot_cluster=False, topological_graph_dot_include_skipped=False, verb_parser=<colcon_defaults.argument_parser.defaults.DefaultArgumentsDecorator object at 0x7f435773d360>, verb_extension=<colcon_package_information.verb.list.ListVerb object at 0x7f435773c4f0>, main=<bound method ListVerb.main of <colcon_package_information.verb.list.ListVerb object at 0x7f435773c4f0>>)
[0.335s] Level 1:colcon.colcon_core.package_discovery:discover_packages(colcon_meta) check parameters
[0.335s] Level 1:colcon.colcon_core.package_discovery:discover_packages(recursive) check parameters
[0.335s] Level 1:colcon.colcon_core.package_discovery:discover_packages(ignore) check parameters
[0.335s] Level 1:colcon.colcon_core.package_discovery:discover_packages(path) check parameters
[0.335s] Level 1:colcon.colcon_core.package_discovery:discover_packages(recursive) discover
[0.335s] INFO:colcon.colcon_core.package_discovery:Crawling recursively for packages in '/home/simi/franka_ros2_ws'
[0.336s] Level 1:colcon.colcon_core.package_identification:_identify(/home/simi/franka_ros2_ws) by extensions ['ignore', 'ignore_ament_install']
[0.336s] Level 1:colcon.colcon_core.package_identification:_identify(/home/simi/franka_ros2_ws) by extension 'ignore'
[0.336s] Level 1:colcon.colcon_core.package_identification:_identify(/home/simi/franka_ros2_ws) by extension 'ignore_ament_install'
[0.336s] Level 1:colcon.colcon_core.package_identification:_identify(/home/simi/franka_ros2_ws) by extensions ['colcon_pkg']
[0.336s] Level 1:colcon.colcon_core.package_identification:_identify(/home/simi/franka_ros2_ws) by extension 'colcon_pkg'
[0.336s] Level 1:colcon.colcon_core.package_identification:_identify(/home/simi/franka_ros2_ws) by extensions ['colcon_meta']
[0.336s] Level 1:colcon.colcon_core.package_identification:_identify(/home/simi/franka_ros2_ws) by extension 'colcon_meta'
[0.336s] Level 1:colcon.colcon_core.package_identification:_identify(/home/simi/franka_ros2_ws) by extensions ['ros']
[0.336s] Level 1:colcon.colcon_core.package_identification:_identify(/home/simi/franka_ros2_ws) by extension 'ros'
[0.355s] Level 1:colcon.colcon_core.package_identification:_identify(/home/simi/franka_ros2_ws) by extensions ['cmake', 'python']
[0.355s] Level 1:colcon.colcon_core.package_identification:_identify(/home/simi/franka_ros2_ws) by extension 'cmake'
[0.355s] Level 1:colcon.colcon_core.package_identification:_identify(/home/simi/franka_ros2_ws) by extension 'python'
[0.355s] Level 1:colcon.colcon_core.package_identification:_identify(/home/simi/franka_ros2_ws) by extensions ['python_setup_py']
[0.356s] Level 1:colcon.colcon_core.package_identification:_identify(/home/simi/franka_ros2_ws) by extension 'python_setup_py'
[0.356s] Level 1:colcon.colcon_core.package_identification:_identify(/home/simi/franka_ros2_ws/build) by extensions ['ignore', 'ignore_ament_install']
[0.356s] Level 1:colcon.colcon_core.package_identification:_identify(/home/simi/franka_ros2_ws/build) by extension 'ignore'
[0.356s] Level 1:colcon.colcon_core.package_identification:_identify(/home/simi/franka_ros2_ws/build) ignored
[0.356s] Level 1:colcon.colcon_core.package_identification:_identify(/home/simi/franka_ros2_ws/install) by extensions ['ignore', 'ignore_ament_install']
[0.356s] Level 1:colcon.colcon_core.package_identification:_identify(/home/simi/franka_ros2_ws/install) by extension 'ignore'
[0.356s] Level 1:colcon.colcon_core.package_identification:_identify(/home/simi/franka_ros2_ws/install) ignored
[0.357s] Level 1:colcon.colcon_core.package_identification:_identify(/home/simi/franka_ros2_ws/log) by extensions ['ignore', 'ignore_ament_install']
[0.357s] Level 1:colcon.colcon_core.package_identification:_identify(/home/simi/franka_ros2_ws/log) by extension 'ignore'
[0.357s] Level 1:colcon.colcon_core.package_identification:_identify(/home/simi/franka_ros2_ws/log) ignored
[0.357s] Level 1:colcon.colcon_core.package_identification:_identify(/home/simi/franka_ros2_ws/src) by extensions ['ignore', 'ignore_ament_install']
[0.357s] Level 1:colcon.colcon_core.package_identification:_identify(/home/simi/franka_ros2_ws/src) by extension 'ignore'
[0.357s] Level 1:colcon.colcon_core.package_identification:_identify(/home/simi/franka_ros2_ws/src) by extension 'ignore_ament_install'
[0.357s] Level 1:colcon.colcon_core.package_identification:_identify(/home/simi/franka_ros2_ws/src) by extensions ['colcon_pkg']
[0.357s] Level 1:colcon.colcon_core.package_identification:_identify(/home/simi/franka_ros2_ws/src) by extension 'colcon_pkg'
[0.357s] Level 1:colcon.colcon_core.package_identification:_identify(/home/simi/franka_ros2_ws/src) by extensions ['colcon_meta']
[0.357s] Level 1:colcon.colcon_core.package_identification:_identify(/home/simi/franka_ros2_ws/src) by extension 'colcon_meta'
[0.358s] Level 1:colcon.colcon_core.package_identification:_identify(/home/simi/franka_ros2_ws/src) by extensions ['ros']
[0.358s] Level 1:colcon.colcon_core.package_identification:_identify(/home/simi/franka_ros2_ws/src) by extension 'ros'
[0.358s] Level 1:colcon.colcon_core.package_identification:_identify(/home/simi/franka_ros2_ws/src) by extensions ['cmake', 'python']
[0.358s] Level 1:colcon.colcon_core.package_identification:_identify(/home/simi/franka_ros2_ws/src) by extension 'cmake'
[0.358s] Level 1:colcon.colcon_core.package_identification:_identify(/home/simi/franka_ros2_ws/src) by extension 'python'
[0.358s] Level 1:colcon.colcon_core.package_identification:_identify(/home/simi/franka_ros2_ws/src) by extensions ['python_setup_py']
[0.358s] Level 1:colcon.colcon_core.package_identification:_identify(/home/simi/franka_ros2_ws/src) by extension 'python_setup_py'
[0.358s] Level 1:colcon.colcon_core.package_identification:_identify(/home/simi/franka_ros2_ws/src/build) by extensions ['ignore', 'ignore_ament_install']
[0.358s] Level 1:colcon.colcon_core.package_identification:_identify(/home/simi/franka_ros2_ws/src/build) by extension 'ignore'
[0.358s] Level 1:colcon.colcon_core.package_identification:_identify(/home/simi/franka_ros2_ws/src/build) ignored
[0.359s] Level 1:colcon.colcon_core.package_identification:_identify(/home/simi/franka_ros2_ws/src/cartesian_impedance_control) by extensions ['ignore', 'ignore_ament_install']
[0.359s] Level 1:colcon.colcon_core.package_identification:_identify(/home/simi/franka_ros2_ws/src/cartesian_impedance_control) by extension 'ignore'
[0.359s] Level 1:colcon.colcon_core.package_identification:_identify(/home/simi/franka_ros2_ws/src/cartesian_impedance_control) by extension 'ignore_ament_install'
[0.359s] Level 1:colcon.colcon_core.package_identification:_identify(/home/simi/franka_ros2_ws/src/cartesian_impedance_control) by extensions ['colcon_pkg']
[0.359s] Level 1:colcon.colcon_core.package_identification:_identify(/home/simi/franka_ros2_ws/src/cartesian_impedance_control) by extension 'colcon_pkg'
[0.359s] Level 1:colcon.colcon_core.package_identification:_identify(/home/simi/franka_ros2_ws/src/cartesian_impedance_control) by extensions ['colcon_meta']
[0.359s] Level 1:colcon.colcon_core.package_identification:_identify(/home/simi/franka_ros2_ws/src/cartesian_impedance_control) by extension 'colcon_meta'
[0.359s] Level 1:colcon.colcon_core.package_identification:_identify(/home/simi/franka_ros2_ws/src/cartesian_impedance_control) by extensions ['ros']
[0.359s] Level 1:colcon.colcon_core.package_identification:_identify(/home/simi/franka_ros2_ws/src/cartesian_impedance_control) by extension 'ros'
[0.364s] DEBUG:colcon.colcon_core.package_identification:Package '/home/simi/franka_ros2_ws/src/cartesian_impedance_control' with type 'ros.ament_cmake' and name 'cartesian_impedance_control'
[0.364s] Level 1:colcon.colcon_core.package_identification:_identify(/home/simi/franka_ros2_ws/src/franka_ros2) by extensions ['ignore', 'ignore_ament_install']
[0.364s] Level 1:colcon.colcon_core.package_identification:_identify(/home/simi/franka_ros2_ws/src/franka_ros2) by extension 'ignore'
[0.364s] Level 1:colcon.colcon_core.package_identification:_identify(/home/simi/franka_ros2_ws/src/franka_ros2) by extension 'ignore_ament_install'
[0.364s] Level 1:colcon.colcon_core.package_identification:_identify(/home/simi/franka_ros2_ws/src/franka_ros2) by extensions ['colcon_pkg']
[0.364s] Level 1:colcon.colcon_core.package_identification:_identify(/home/simi/franka_ros2_ws/src/franka_ros2) by extension 'colcon_pkg'
[0.364s] Level 1:colcon.colcon_core.package_identification:_identify(/home/simi/franka_ros2_ws/src/franka_ros2) by extensions ['colcon_meta']
[0.364s] Level 1:colcon.colcon_core.package_identification:_identify(/home/simi/franka_ros2_ws/src/franka_ros2) by extension 'colcon_meta'
[0.365s] Level 1:colcon.colcon_core.package_identification:_identify(/home/simi/franka_ros2_ws/src/franka_ros2) by extensions ['ros']
[0.365s] Level 1:colcon.colcon_core.package_identification:_identify(/home/simi/franka_ros2_ws/src/franka_ros2) by extension 'ros'
[0.365s] Level 1:colcon.colcon_core.package_identification:_identify(/home/simi/franka_ros2_ws/src/franka_ros2) by extensions ['cmake', 'python']
[0.365s] Level 1:colcon.colcon_core.package_identification:_identify(/home/simi/franka_ros2_ws/src/franka_ros2) by extension 'cmake'
[0.365s] Level 1:colcon.colcon_core.package_identification:_identify(/home/simi/franka_ros2_ws/src/franka_ros2) by extension 'python'
[0.365s] Level 1:colcon.colcon_core.package_identification:_identify(/home/simi/franka_ros2_ws/src/franka_ros2) by extensions ['python_setup_py']
[0.365s] Level 1:colcon.colcon_core.package_identification:_identify(/home/simi/franka_ros2_ws/src/franka_ros2) by extension 'python_setup_py'
[0.365s] Level 1:colcon.colcon_core.package_identification:_identify(/home/simi/franka_ros2_ws/src/franka_ros2/build) by extensions ['ignore', 'ignore_ament_install']
[0.365s] Level 1:colcon.colcon_core.package_identification:_identify(/home/simi/franka_ros2_ws/src/franka_ros2/build) by extension 'ignore'
[0.365s] Level 1:colcon.colcon_core.package_identification:_identify(/home/simi/franka_ros2_ws/src/franka_ros2/build) ignored
[0.366s] Level 1:colcon.colcon_core.package_identification:_identify(/home/simi/franka_ros2_ws/src/franka_ros2/franka_bringup) by extensions ['ignore', 'ignore_ament_install']
[0.366s] Level 1:colcon.colcon_core.package_identification:_identify(/home/simi/franka_ros2_ws/src/franka_ros2/franka_bringup) by extension 'ignore'
[0.366s] Level 1:colcon.colcon_core.package_identification:_identify(/home/simi/franka_ros2_ws/src/franka_ros2/franka_bringup) by extension 'ignore_ament_install'
[0.366s] Level 1:colcon.colcon_core.package_identification:_identify(/home/simi/franka_ros2_ws/src/franka_ros2/franka_bringup) by extensions ['colcon_pkg']
[0.366s] Level 1:colcon.colcon_core.package_identification:_identify(/home/simi/franka_ros2_ws/src/franka_ros2/franka_bringup) by extension 'colcon_pkg'
[0.366s] Level 1:colcon.colcon_core.package_identification:_identify(/home/simi/franka_ros2_ws/src/franka_ros2/franka_bringup) by extensions ['colcon_meta']
[0.366s] Level 1:colcon.colcon_core.package_identification:_identify(/home/simi/franka_ros2_ws/src/franka_ros2/franka_bringup) by extension 'colcon_meta'
[0.366s] Level 1:colcon.colcon_core.package_identification:_identify(/home/simi/franka_ros2_ws/src/franka_ros2/franka_bringup) by extensions ['ros']
[0.366s] Level 1:colcon.colcon_core.package_identification:_identify(/home/simi/franka_ros2_ws/src/franka_ros2/franka_bringup) by extension 'ros'
[0.368s] DEBUG:colcon.colcon_core.package_identification:Package '/home/simi/franka_ros2_ws/src/franka_ros2/franka_bringup' with type 'ros.ament_cmake' and name 'franka_bringup'
[0.368s] Level 1:colcon.colcon_core.package_identification:_identify(/home/simi/franka_ros2_ws/src/franka_ros2/franka_description) by extensions ['ignore', 'ignore_ament_install']
[0.368s] Level 1:colcon.colcon_core.package_identification:_identify(/home/simi/franka_ros2_ws/src/franka_ros2/franka_description) by extension 'ignore'
[0.368s] Level 1:colcon.colcon_core.package_identification:_identify(/home/simi/franka_ros2_ws/src/franka_ros2/franka_description) by extension 'ignore_ament_install'
[0.368s] Level 1:colcon.colcon_core.package_identification:_identify(/home/simi/franka_ros2_ws/src/franka_ros2/franka_description) by extensions ['colcon_pkg']
[0.368s] Level 1:colcon.colcon_core.package_identification:_identify(/home/simi/franka_ros2_ws/src/franka_ros2/franka_description) by extension 'colcon_pkg'
[0.369s] Level 1:colcon.colcon_core.package_identification:_identify(/home/simi/franka_ros2_ws/src/franka_ros2/franka_description) by extensions ['colcon_meta']
[0.369s] Level 1:colcon.colcon_core.package_identification:_identify(/home/simi/franka_ros2_ws/src/franka_ros2/franka_description) by extension 'colcon_meta'
[0.369s] Level 1:colcon.colcon_core.package_identification:_identify(/home/simi/franka_ros2_ws/src/franka_ros2/franka_description) by extensions ['ros']
[0.369s] Level 1:colcon.colcon_core.package_identification:_identify(/home/simi/franka_ros2_ws/src/franka_ros2/franka_description) by extension 'ros'
[0.370s] DEBUG:colcon.colcon_core.package_identification:Package '/home/simi/franka_ros2_ws/src/franka_ros2/franka_description' with type 'ros.ament_cmake' and name 'franka_description'
[0.370s] Level 1:colcon.colcon_core.package_identification:_identify(/home/simi/franka_ros2_ws/src/franka_ros2/franka_example_controllers) by extensions ['ignore', 'ignore_ament_install']
[0.370s] Level 1:colcon.colcon_core.package_identification:_identify(/home/simi/franka_ros2_ws/src/franka_ros2/franka_example_controllers) by extension 'ignore'
[0.370s] Level 1:colcon.colcon_core.package_identification:_identify(/home/simi/franka_ros2_ws/src/franka_ros2/franka_example_controllers) by extension 'ignore_ament_install'
[0.371s] Level 1:colcon.colcon_core.package_identification:_identify(/home/simi/franka_ros2_ws/src/franka_ros2/franka_example_controllers) by extensions ['colcon_pkg']
[0.371s] Level 1:colcon.colcon_core.package_identification:_identify(/home/simi/franka_ros2_ws/src/franka_ros2/franka_example_controllers) by extension 'colcon_pkg'
[0.371s] Level 1:colcon.colcon_core.package_identification:_identify(/home/simi/franka_ros2_ws/src/franka_ros2/franka_example_controllers) by extensions ['colcon_meta']
[0.371s] Level 1:colcon.colcon_core.package_identification:_identify(/home/simi/franka_ros2_ws/src/franka_ros2/franka_example_controllers) by extension 'colcon_meta'
[0.371s] Level 1:colcon.colcon_core.package_identification:_identify(/home/simi/franka_ros2_ws/src/franka_ros2/franka_example_controllers) by extensions ['ros']
[0.371s] Level 1:colcon.colcon_core.package_identification:_identify(/home/simi/franka_ros2_ws/src/franka_ros2/franka_example_controllers) by extension 'ros'
[0.373s] DEBUG:colcon.colcon_core.package_identification:Package '/home/simi/franka_ros2_ws/src/franka_ros2/franka_example_controllers' with type 'ros.ament_cmake' and name 'franka_example_controllers'
[0.373s] Level 1:colcon.colcon_core.package_identification:_identify(/home/simi/franka_ros2_ws/src/franka_ros2/franka_gripper) by extensions ['ignore', 'ignore_ament_install']
[0.373s] Level 1:colcon.colcon_core.package_identification:_identify(/home/simi/franka_ros2_ws/src/franka_ros2/franka_gripper) by extension 'ignore'
[0.373s] Level 1:colcon.colcon_core.package_identification:_identify(/home/simi/franka_ros2_ws/src/franka_ros2/franka_gripper) by extension 'ignore_ament_install'
[0.373s] Level 1:colcon.colcon_core.package_identification:_identify(/home/simi/franka_ros2_ws/src/franka_ros2/franka_gripper) by extensions ['colcon_pkg']
[0.374s] Level 1:colcon.colcon_core.package_identification:_identify(/home/simi/franka_ros2_ws/src/franka_ros2/franka_gripper) by extension 'colcon_pkg'
[0.374s] Level 1:colcon.colcon_core.package_identification:_identify(/home/simi/franka_ros2_ws/src/franka_ros2/franka_gripper) by extensions ['colcon_meta']
[0.374s] Level 1:colcon.colcon_core.package_identification:_identify(/home/simi/franka_ros2_ws/src/franka_ros2/franka_gripper) by extension 'colcon_meta'
[0.374s] Level 1:colcon.colcon_core.package_identification:_identify(/home/simi/franka_ros2_ws/src/franka_ros2/franka_gripper) by extensions ['ros']
[0.374s] Level 1:colcon.colcon_core.package_identification:_identify(/home/simi/franka_ros2_ws/src/franka_ros2/franka_gripper) by extension 'ros'
[0.376s] DEBUG:colcon.colcon_core.package_identification:Package '/home/simi/franka_ros2_ws/src/franka_ros2/franka_gripper' with type 'ros.ament_cmake' and name 'franka_gripper'
[0.376s] Level 1:colcon.colcon_core.package_identification:_identify(/home/simi/franka_ros2_ws/src/franka_ros2/franka_hardware) by extensions ['ignore', 'ignore_ament_install']
[0.376s] Level 1:colcon.colcon_core.package_identification:_identify(/home/simi/franka_ros2_ws/src/franka_ros2/franka_hardware) by extension 'ignore'
[0.376s] Level 1:colcon.colcon_core.package_identification:_identify(/home/simi/franka_ros2_ws/src/franka_ros2/franka_hardware) by extension 'ignore_ament_install'
[0.376s] Level 1:colcon.colcon_core.package_identification:_identify(/home/simi/franka_ros2_ws/src/franka_ros2/franka_hardware) by extensions ['colcon_pkg']
[0.376s] Level 1:colcon.colcon_core.package_identification:_identify(/home/simi/franka_ros2_ws/src/franka_ros2/franka_hardware) by extension 'colcon_pkg'
[0.376s] Level 1:colcon.colcon_core.package_identification:_identify(/home/simi/franka_ros2_ws/src/franka_ros2/franka_hardware) by extensions ['colcon_meta']
[0.376s] Level 1:colcon.colcon_core.package_identification:_identify(/home/simi/franka_ros2_ws/src/franka_ros2/franka_hardware) by extension 'colcon_meta'
[0.376s] Level 1:colcon.colcon_core.package_identification:_identify(/home/simi/franka_ros2_ws/src/franka_ros2/franka_hardware) by extensions ['ros']
[0.377s] Level 1:colcon.colcon_core.package_identification:_identify(/home/simi/franka_ros2_ws/src/franka_ros2/franka_hardware) by extension 'ros'
[0.378s] DEBUG:colcon.colcon_core.package_identification:Package '/home/simi/franka_ros2_ws/src/franka_ros2/franka_hardware' with type 'ros.ament_cmake' and name 'franka_hardware'
[0.378s] Level 1:colcon.colcon_core.package_identification:_identify(/home/simi/franka_ros2_ws/src/franka_ros2/franka_moveit_config) by extensions ['ignore', 'ignore_ament_install']
[0.378s] Level 1:colcon.colcon_core.package_identification:_identify(/home/simi/franka_ros2_ws/src/franka_ros2/franka_moveit_config) by extension 'ignore'
[0.379s] Level 1:colcon.colcon_core.package_identification:_identify(/home/simi/franka_ros2_ws/src/franka_ros2/franka_moveit_config) by extension 'ignore_ament_install'
[0.379s] Level 1:colcon.colcon_core.package_identification:_identify(/home/simi/franka_ros2_ws/src/franka_ros2/franka_moveit_config) by extensions ['colcon_pkg']
[0.379s] Level 1:colcon.colcon_core.package_identification:_identify(/home/simi/franka_ros2_ws/src/franka_ros2/franka_moveit_config) by extension 'colcon_pkg'
[0.379s] Level 1:colcon.colcon_core.package_identification:_identify(/home/simi/franka_ros2_ws/src/franka_ros2/franka_moveit_config) by extensions ['colcon_meta']
[0.379s] Level 1:colcon.colcon_core.package_identification:_identify(/home/simi/franka_ros2_ws/src/franka_ros2/franka_moveit_config) by extension 'colcon_meta'
[0.379s] Level 1:colcon.colcon_core.package_identification:_identify(/home/simi/franka_ros2_ws/src/franka_ros2/franka_moveit_config) by extensions ['ros']
[0.379s] Level 1:colcon.colcon_core.package_identification:_identify(/home/simi/franka_ros2_ws/src/franka_ros2/franka_moveit_config) by extension 'ros'
[0.380s] DEBUG:colcon.colcon_core.package_identification:Package '/home/simi/franka_ros2_ws/src/franka_ros2/franka_moveit_config' with type 'ros.ament_cmake' and name 'franka_moveit_config'
[0.380s] Level 1:colcon.colcon_core.package_identification:_identify(/home/simi/franka_ros2_ws/src/franka_ros2/franka_msgs) by extensions ['ignore', 'ignore_ament_install']
[0.381s] Level 1:colcon.colcon_core.package_identification:_identify(/home/simi/franka_ros2_ws/src/franka_ros2/franka_msgs) by extension 'ignore'
[0.381s] Level 1:colcon.colcon_core.package_identification:_identify(/home/simi/franka_ros2_ws/src/franka_ros2/franka_msgs) by extension 'ignore_ament_install'
[0.381s] Level 1:colcon.colcon_core.package_identification:_identify(/home/simi/franka_ros2_ws/src/franka_ros2/franka_msgs) by extensions ['colcon_pkg']
[0.381s] Level 1:colcon.colcon_core.package_identification:_identify(/home/simi/franka_ros2_ws/src/franka_ros2/franka_msgs) by extension 'colcon_pkg'
[0.381s] Level 1:colcon.colcon_core.package_identification:_identify(/home/simi/franka_ros2_ws/src/franka_ros2/franka_msgs) by extensions ['colcon_meta']
[0.381s] Level 1:colcon.colcon_core.package_identification:_identify(/home/simi/franka_ros2_ws/src/franka_ros2/franka_msgs) by extension 'colcon_meta'
[0.381s] Level 1:colcon.colcon_core.package_identification:_identify(/home/simi/franka_ros2_ws/src/franka_ros2/franka_msgs) by extensions ['ros']
[0.381s] Level 1:colcon.colcon_core.package_identification:_identify(/home/simi/franka_ros2_ws/src/franka_ros2/franka_msgs) by extension 'ros'
[0.382s] DEBUG:colcon.colcon_core.package_identification:Package '/home/simi/franka_ros2_ws/src/franka_ros2/franka_msgs' with type 'ros.ament_cmake' and name 'franka_msgs'
[0.383s] Level 1:colcon.colcon_core.package_identification:_identify(/home/simi/franka_ros2_ws/src/franka_ros2/franka_robot_state_broadcaster) by extensions ['ignore', 'ignore_ament_install']
[0.383s] Level 1:colcon.colcon_core.package_identification:_identify(/home/simi/franka_ros2_ws/src/franka_ros2/franka_robot_state_broadcaster) by extension 'ignore'
[0.383s] Level 1:colcon.colcon_core.package_identification:_identify(/home/simi/franka_ros2_ws/src/franka_ros2/franka_robot_state_broadcaster) by extension 'ignore_ament_install'
[0.383s] Level 1:colcon.colcon_core.package_identification:_identify(/home/simi/franka_ros2_ws/src/franka_ros2/franka_robot_state_broadcaster) by extensions ['colcon_pkg']
[0.383s] Level 1:colcon.colcon_core.package_identification:_identify(/home/simi/franka_ros2_ws/src/franka_ros2/franka_robot_state_broadcaster) by extension 'colcon_pkg'
[0.383s] Level 1:colcon.colcon_core.package_identification:_identify(/home/simi/franka_ros2_ws/src/franka_ros2/franka_robot_state_broadcaster) by extensions ['colcon_meta']
[0.383s] Level 1:colcon.colcon_core.package_identification:_identify(/home/simi/franka_ros2_ws/src/franka_ros2/franka_robot_state_broadcaster) by extension 'colcon_meta'
[0.383s] Level 1:colcon.colcon_core.package_identification:_identify(/home/simi/franka_ros2_ws/src/franka_ros2/franka_robot_state_broadcaster) by extensions ['ros']
[0.383s] Level 1:colcon.colcon_core.package_identification:_identify(/home/simi/franka_ros2_ws/src/franka_ros2/franka_robot_state_broadcaster) by extension 'ros'
[0.386s] DEBUG:colcon.colcon_core.package_identification:Package '/home/simi/franka_ros2_ws/src/franka_ros2/franka_robot_state_broadcaster' with type 'ros.ament_cmake' and name 'franka_robot_state_broadcaster'
[0.386s] Level 1:colcon.colcon_core.package_identification:_identify(/home/simi/franka_ros2_ws/src/franka_ros2/franka_semantic_components) by extensions ['ignore', 'ignore_ament_install']
[0.386s] Level 1:colcon.colcon_core.package_identification:_identify(/home/simi/franka_ros2_ws/src/franka_ros2/franka_semantic_components) by extension 'ignore'
[0.386s] Level 1:colcon.colcon_core.package_identification:_identify(/home/simi/franka_ros2_ws/src/franka_ros2/franka_semantic_components) by extension 'ignore_ament_install'
[0.386s] Level 1:colcon.colcon_core.package_identification:_identify(/home/simi/franka_ros2_ws/src/franka_ros2/franka_semantic_components) by extensions ['colcon_pkg']
[0.386s] Level 1:colcon.colcon_core.package_identification:_identify(/home/simi/franka_ros2_ws/src/franka_ros2/franka_semantic_components) by extension 'colcon_pkg'
[0.386s] Level 1:colcon.colcon_core.package_identification:_identify(/home/simi/franka_ros2_ws/src/franka_ros2/franka_semantic_components) by extensions ['colcon_meta']
[0.386s] Level 1:colcon.colcon_core.package_identification:_identify(/home/simi/franka_ros2_ws/src/franka_ros2/franka_semantic_components) by extension 'colcon_meta'
[0.387s] Level 1:colcon.colcon_core.package_identification:_identify(/home/simi/franka_ros2_ws/src/franka_ros2/franka_semantic_components) by extensions ['ros']
[0.387s] Level 1:colcon.colcon_core.package_identification:_identify(/home/simi/franka_ros2_ws/src/franka_ros2/franka_semantic_components) by extension 'ros'
[0.388s] DEBUG:colcon.colcon_core.package_identification:Package '/home/simi/franka_ros2_ws/src/franka_ros2/franka_semantic_components' with type 'ros.ament_cmake' and name 'franka_semantic_components'
[0.389s] Level 1:colcon.colcon_core.package_identification:_identify(/home/simi/franka_ros2_ws/src/franka_ros2/install) by extensions ['ignore', 'ignore_ament_install']
[0.389s] Level 1:colcon.colcon_core.package_identification:_identify(/home/simi/franka_ros2_ws/src/franka_ros2/install) by extension 'ignore'
[0.389s] Level 1:colcon.colcon_core.package_identification:_identify(/home/simi/franka_ros2_ws/src/franka_ros2/install) ignored
[0.389s] Level 1:colcon.colcon_core.package_identification:_identify(/home/simi/franka_ros2_ws/src/franka_ros2/integration_launch_testing) by extensions ['ignore', 'ignore_ament_install']
[0.389s] Level 1:colcon.colcon_core.package_identification:_identify(/home/simi/franka_ros2_ws/src/franka_ros2/integration_launch_testing) by extension 'ignore'
[0.389s] Level 1:colcon.colcon_core.package_identification:_identify(/home/simi/franka_ros2_ws/src/franka_ros2/integration_launch_testing) by extension 'ignore_ament_install'
[0.389s] Level 1:colcon.colcon_core.package_identification:_identify(/home/simi/franka_ros2_ws/src/franka_ros2/integration_launch_testing) by extensions ['colcon_pkg']
[0.390s] Level 1:colcon.colcon_core.package_identification:_identify(/home/simi/franka_ros2_ws/src/franka_ros2/integration_launch_testing) by extension 'colcon_pkg'
[0.390s] Level 1:colcon.colcon_core.package_identification:_identify(/home/simi/franka_ros2_ws/src/franka_ros2/integration_launch_testing) by extensions ['colcon_meta']
[0.390s] Level 1:colcon.colcon_core.package_identification:_identify(/home/simi/franka_ros2_ws/src/franka_ros2/integration_launch_testing) by extension 'colcon_meta'
[0.390s] Level 1:colcon.colcon_core.package_identification:_identify(/home/simi/franka_ros2_ws/src/franka_ros2/integration_launch_testing) by extensions ['ros']
[0.390s] Level 1:colcon.colcon_core.package_identification:_identify(/home/simi/franka_ros2_ws/src/franka_ros2/integration_launch_testing) by extension 'ros'
[0.391s] DEBUG:colcon.colcon_core.package_identification:Package '/home/simi/franka_ros2_ws/src/franka_ros2/integration_launch_testing' with type 'ros.ament_cmake' and name 'integration_launch_testing'
[0.391s] Level 1:colcon.colcon_core.package_identification:_identify(/home/simi/franka_ros2_ws/src/franka_ros2/joint_trajectory_controller) by extensions ['ignore', 'ignore_ament_install']
[0.391s] Level 1:colcon.colcon_core.package_identification:_identify(/home/simi/franka_ros2_ws/src/franka_ros2/joint_trajectory_controller) by extension 'ignore'
[0.391s] Level 1:colcon.colcon_core.package_identification:_identify(/home/simi/franka_ros2_ws/src/franka_ros2/joint_trajectory_controller) by extension 'ignore_ament_install'
[0.391s] Level 1:colcon.colcon_core.package_identification:_identify(/home/simi/franka_ros2_ws/src/franka_ros2/joint_trajectory_controller) by extensions ['colcon_pkg']
[0.392s] Level 1:colcon.colcon_core.package_identification:_identify(/home/simi/franka_ros2_ws/src/franka_ros2/joint_trajectory_controller) by extension 'colcon_pkg'
[0.392s] Level 1:colcon.colcon_core.package_identification:_identify(/home/simi/franka_ros2_ws/src/franka_ros2/joint_trajectory_controller) by extensions ['colcon_meta']
[0.392s] Level 1:colcon.colcon_core.package_identification:_identify(/home/simi/franka_ros2_ws/src/franka_ros2/joint_trajectory_controller) by extension 'colcon_meta'
[0.392s] Level 1:colcon.colcon_core.package_identification:_identify(/home/simi/franka_ros2_ws/src/franka_ros2/joint_trajectory_controller) by extensions ['ros']
[0.392s] Level 1:colcon.colcon_core.package_identification:_identify(/home/simi/franka_ros2_ws/src/franka_ros2/joint_trajectory_controller) by extension 'ros'
[0.394s] DEBUG:colcon.colcon_core.package_identification:Package '/home/simi/franka_ros2_ws/src/franka_ros2/joint_trajectory_controller' with type 'ros.ament_cmake' and name 'joint_trajectory_controller'
[0.394s] Level 1:colcon.colcon_core.package_identification:_identify(/home/simi/franka_ros2_ws/src/franka_ros2/log) by extensions ['ignore', 'ignore_ament_install']
[0.394s] Level 1:colcon.colcon_core.package_identification:_identify(/home/simi/franka_ros2_ws/src/franka_ros2/log) by extension 'ignore'
[0.394s] Level 1:colcon.colcon_core.package_identification:_identify(/home/simi/franka_ros2_ws/src/franka_ros2/log) ignored
[0.395s] Level 1:colcon.colcon_core.package_identification:_identify(/home/simi/franka_ros2_ws/src/install) by extensions ['ignore', 'ignore_ament_install']
[0.395s] Level 1:colcon.colcon_core.package_identification:_identify(/home/simi/franka_ros2_ws/src/install) by extension 'ignore'
[0.395s] Level 1:colcon.colcon_core.package_identification:_identify(/home/simi/franka_ros2_ws/src/install) ignored
[0.395s] Level 1:colcon.colcon_core.package_identification:_identify(/home/simi/franka_ros2_ws/src/log) by extensions ['ignore', 'ignore_ament_install']
[0.395s] Level 1:colcon.colcon_core.package_identification:_identify(/home/simi/franka_ros2_ws/src/log) by extension 'ignore'
[0.395s] Level 1:colcon.colcon_core.package_identification:_identify(/home/simi/franka_ros2_ws/src/log) ignored
[0.395s] Level 1:colcon.colcon_core.package_identification:_identify(/home/simi/franka_ros2_ws/src/messages_fr3) by extensions ['ignore', 'ignore_ament_install']
[0.395s] Level 1:colcon.colcon_core.package_identification:_identify(/home/simi/franka_ros2_ws/src/messages_fr3) by extension 'ignore'
[0.395s] Level 1:colcon.colcon_core.package_identification:_identify(/home/simi/franka_ros2_ws/src/messages_fr3) by extension 'ignore_ament_install'
[0.396s] Level 1:colcon.colcon_core.package_identification:_identify(/home/simi/franka_ros2_ws/src/messages_fr3) by extensions ['colcon_pkg']
[0.396s] Level 1:colcon.colcon_core.package_identification:_identify(/home/simi/franka_ros2_ws/src/messages_fr3) by extension 'colcon_pkg'
[0.396s] Level 1:colcon.colcon_core.package_identification:_identify(/home/simi/franka_ros2_ws/src/messages_fr3) by extensions ['colcon_meta']
[0.396s] Level 1:colcon.colcon_core.package_identification:_identify(/home/simi/franka_ros2_ws/src/messages_fr3) by extension 'colcon_meta'
[0.396s] Level 1:colcon.colcon_core.package_identification:_identify(/home/simi/franka_ros2_ws/src/messages_fr3) by extensions ['ros']
[0.396s] Level 1:colcon.colcon_core.package_identification:_identify(/home/simi/franka_ros2_ws/src/messages_fr3) by extension 'ros'
[0.397s] DEBUG:colcon.colcon_core.package_identification:Package '/home/simi/franka_ros2_ws/src/messages_fr3' with type 'ros.ament_cmake' and name 'messages_fr3'
[0.397s] Level 1:colcon.colcon_core.package_discovery:discover_packages(recursive) using defaults
