[0.023s] Invoking command in '/home/simi/franka_ros2_ws/build/franka_moveit_config': CMAKE_PREFIX_PATH=/home/simi/franka_ros2_ws/install/franka_hardware:/home/simi/franka_ros2_ws/install/franka_gripper:/home/simi/franka_ros2_ws/install/franka_msgs:/home/simi/franka_ros2_ws/install/franka_description:/home/simi/franka_ros2_ws/install/cartesian_impedance_control:/home/simi/franka_ros2_ws/install/messages_fr3:/home/simi/franka_ros2_ws/install/joint_trajectory_controller:/home/simi/franka_ros2_ws/install/integration_launch_testing:/home/simi/franka_ros2_ws/install/franka_bringup:/home/simi/franka_ros2_ws/install/franka_robot_state_broadcaster:/home/simi/franka_ros2_ws/install/franka_example_controllers:/home/simi/franka_ros2_ws/install/franka_semantic_components:/home/simi/franka_ros2_ws/install/franka_moveit_config:/opt/ros/humble LD_LIBRARY_PATH=/home/simi/franka_ros2_ws/install/franka_hardware/lib:/home/simi/franka_ros2_ws/install/franka_gripper/lib:/home/simi/franka_ros2_ws/install/franka_msgs/lib:/home/simi/franka_ros2_ws/install/cartesian_impedance_control/lib:/home/simi/franka_ros2_ws/install/messages_fr3/lib:/home/simi/franka_ros2_ws/install/joint_trajectory_controller/lib:/home/simi/franka_ros2_ws/install/integration_launch_testing/lib:/home/simi/franka_ros2_ws/install/franka_robot_state_broadcaster/lib:/home/simi/franka_ros2_ws/install/franka_example_controllers/lib:/home/simi/franka_ros2_ws/install/franka_semantic_components/lib:/opt/ros/humble/opt/rviz_ogre_vendor/lib:/opt/ros/humble/lib/x86_64-linux-gnu:/opt/ros/humble/lib /usr/bin/cmake --build /home/simi/franka_ros2_ws/build/franka_moveit_config -- -j16 -l16
[0.054s] -- Found ament_cmake: 1.3.9 (/opt/ros/humble/share/ament_cmake/cmake)
[0.206s] -- Found ament_lint_auto: 0.12.11 (/opt/ros/humble/share/ament_lint_auto/cmake)
[0.664s] -- Added test 'copyright' to check source files copyright and LICENSE
[0.668s] -- Added test 'flake8' to check Python code syntax and style conventions
[0.668s] -- Added test 'lint_cmake' to check CMake code style
[0.669s] -- Added test 'pep257' to check Python code against some of the docstring style conventions in PEP 257
[0.671s] -- Added test 'xmllint' to check XML markup files
[0.672s] -- Configuring done
[0.676s] -- Generating done
[0.677s] -- Build files have been written to: /home/simi/franka_ros2_ws/build/franka_moveit_config
[0.707s] Invoked command in '/home/simi/franka_ros2_ws/build/franka_moveit_config' returned '0': CMAKE_PREFIX_PATH=/home/simi/franka_ros2_ws/install/franka_hardware:/home/simi/franka_ros2_ws/install/franka_gripper:/home/simi/franka_ros2_ws/install/franka_msgs:/home/simi/franka_ros2_ws/install/franka_description:/home/simi/franka_ros2_ws/install/cartesian_impedance_control:/home/simi/franka_ros2_ws/install/messages_fr3:/home/simi/franka_ros2_ws/install/joint_trajectory_controller:/home/simi/franka_ros2_ws/install/integration_launch_testing:/home/simi/franka_ros2_ws/install/franka_bringup:/home/simi/franka_ros2_ws/install/franka_robot_state_broadcaster:/home/simi/franka_ros2_ws/install/franka_example_controllers:/home/simi/franka_ros2_ws/install/franka_semantic_components:/home/simi/franka_ros2_ws/install/franka_moveit_config:/opt/ros/humble LD_LIBRARY_PATH=/home/simi/franka_ros2_ws/install/franka_hardware/lib:/home/simi/franka_ros2_ws/install/franka_gripper/lib:/home/simi/franka_ros2_ws/install/franka_msgs/lib:/home/simi/franka_ros2_ws/install/cartesian_impedance_control/lib:/home/simi/franka_ros2_ws/install/messages_fr3/lib:/home/simi/franka_ros2_ws/install/joint_trajectory_controller/lib:/home/simi/franka_ros2_ws/install/integration_launch_testing/lib:/home/simi/franka_ros2_ws/install/franka_robot_state_broadcaster/lib:/home/simi/franka_ros2_ws/install/franka_example_controllers/lib:/home/simi/franka_ros2_ws/install/franka_semantic_components/lib:/opt/ros/humble/opt/rviz_ogre_vendor/lib:/opt/ros/humble/lib/x86_64-linux-gnu:/opt/ros/humble/lib /usr/bin/cmake --build /home/simi/franka_ros2_ws/build/franka_moveit_config -- -j16 -l16
[0.746s] Invoking command in '/home/simi/franka_ros2_ws/build/franka_moveit_config': CMAKE_PREFIX_PATH=/home/simi/franka_ros2_ws/install/franka_hardware:/home/simi/franka_ros2_ws/install/franka_gripper:/home/simi/franka_ros2_ws/install/franka_msgs:/home/simi/franka_ros2_ws/install/franka_description:/home/simi/franka_ros2_ws/install/cartesian_impedance_control:/home/simi/franka_ros2_ws/install/messages_fr3:/home/simi/franka_ros2_ws/install/joint_trajectory_controller:/home/simi/franka_ros2_ws/install/integration_launch_testing:/home/simi/franka_ros2_ws/install/franka_bringup:/home/simi/franka_ros2_ws/install/franka_robot_state_broadcaster:/home/simi/franka_ros2_ws/install/franka_example_controllers:/home/simi/franka_ros2_ws/install/franka_semantic_components:/home/simi/franka_ros2_ws/install/franka_moveit_config:/opt/ros/humble LD_LIBRARY_PATH=/home/simi/franka_ros2_ws/install/franka_hardware/lib:/home/simi/franka_ros2_ws/install/franka_gripper/lib:/home/simi/franka_ros2_ws/install/franka_msgs/lib:/home/simi/franka_ros2_ws/install/cartesian_impedance_control/lib:/home/simi/franka_ros2_ws/install/messages_fr3/lib:/home/simi/franka_ros2_ws/install/joint_trajectory_controller/lib:/home/simi/franka_ros2_ws/install/integration_launch_testing/lib:/home/simi/franka_ros2_ws/install/franka_robot_state_broadcaster/lib:/home/simi/franka_ros2_ws/install/franka_example_controllers/lib:/home/simi/franka_ros2_ws/install/franka_semantic_components/lib:/opt/ros/humble/opt/rviz_ogre_vendor/lib:/opt/ros/humble/lib/x86_64-linux-gnu:/opt/ros/humble/lib /usr/bin/cmake --install /home/simi/franka_ros2_ws/build/franka_moveit_config
[0.755s] -- Install configuration: "Release"
[0.755s] -- Up-to-date: /home/simi/franka_ros2_ws/install/franka_moveit_config/share/franka_moveit_config/config
[0.756s] -- Up-to-date: /home/simi/franka_ros2_ws/install/franka_moveit_config/share/franka_moveit_config/config/ompl_planning.yaml
[0.756s] -- Up-to-date: /home/simi/franka_ros2_ws/install/franka_moveit_config/share/franka_moveit_config/config/panda_controllers.yaml
[0.756s] -- Up-to-date: /home/simi/franka_ros2_ws/install/franka_moveit_config/share/franka_moveit_config/config/panda_ros_controllers.yaml
[0.756s] -- Up-to-date: /home/simi/franka_ros2_ws/install/franka_moveit_config/share/franka_moveit_config/config/kinematics.yaml
[0.756s] -- Up-to-date: /home/simi/franka_ros2_ws/install/franka_moveit_config/share/franka_moveit_config/launch
[0.756s] -- Up-to-date: /home/simi/franka_ros2_ws/install/franka_moveit_config/share/franka_moveit_config/launch/moveit.launch.py
[0.756s] -- Up-to-date: /home/simi/franka_ros2_ws/install/franka_moveit_config/share/franka_moveit_config/launch/move_group.launch.py
[0.756s] -- Up-to-date: /home/simi/franka_ros2_ws/install/franka_moveit_config/share/franka_moveit_config/srdf
[0.756s] -- Up-to-date: /home/simi/franka_ros2_ws/install/franka_moveit_config/share/franka_moveit_config/srdf/hand.xacro
[0.756s] -- Up-to-date: /home/simi/franka_ros2_ws/install/franka_moveit_config/share/franka_moveit_config/srdf/group_definition.xacro
[0.756s] -- Up-to-date: /home/simi/franka_ros2_ws/install/franka_moveit_config/share/franka_moveit_config/srdf/panda_arm.srdf.xacro
[0.756s] -- Up-to-date: /home/simi/franka_ros2_ws/install/franka_moveit_config/share/franka_moveit_config/srdf/panda_arm.xacro
[0.757s] -- Up-to-date: /home/simi/franka_ros2_ws/install/franka_moveit_config/share/franka_moveit_config/srdf/panda_arm_hand.xacro
[0.757s] -- Up-to-date: /home/simi/franka_ros2_ws/install/franka_moveit_config/share/franka_moveit_config/rviz
[0.757s] -- Up-to-date: /home/simi/franka_ros2_ws/install/franka_moveit_config/share/franka_moveit_config/rviz/moveit.rviz
[0.757s] -- Up-to-date: /home/simi/franka_ros2_ws/install/franka_moveit_config/share/ament_index/resource_index/package_run_dependencies/franka_moveit_config
[0.757s] -- Installing: /home/simi/franka_ros2_ws/install/franka_moveit_config/share/ament_index/resource_index/parent_prefix_path/franka_moveit_config
[0.757s] -- Installing: /home/simi/franka_ros2_ws/install/franka_moveit_config/share/franka_moveit_config/environment/ament_prefix_path.sh
[0.757s] -- Installing: /home/simi/franka_ros2_ws/install/franka_moveit_config/share/franka_moveit_config/environment/ament_prefix_path.dsv
[0.757s] -- Installing: /home/simi/franka_ros2_ws/install/franka_moveit_config/share/franka_moveit_config/environment/path.sh
[0.757s] -- Installing: /home/simi/franka_ros2_ws/install/franka_moveit_config/share/franka_moveit_config/environment/path.dsv
[0.757s] -- Up-to-date: /home/simi/franka_ros2_ws/install/franka_moveit_config/share/franka_moveit_config/local_setup.bash
[0.757s] -- Up-to-date: /home/simi/franka_ros2_ws/install/franka_moveit_config/share/franka_moveit_config/local_setup.sh
[0.758s] -- Up-to-date: /home/simi/franka_ros2_ws/install/franka_moveit_config/share/franka_moveit_config/local_setup.zsh
[0.758s] -- Installing: /home/simi/franka_ros2_ws/install/franka_moveit_config/share/franka_moveit_config/local_setup.dsv
[0.758s] -- Installing: /home/simi/franka_ros2_ws/install/franka_moveit_config/share/franka_moveit_config/package.dsv
[0.758s] -- Up-to-date: /home/simi/franka_ros2_ws/install/franka_moveit_config/share/ament_index/resource_index/packages/franka_moveit_config
[0.758s] -- Up-to-date: /home/simi/franka_ros2_ws/install/franka_moveit_config/share/franka_moveit_config/cmake/franka_moveit_configConfig.cmake
[0.758s] -- Up-to-date: /home/simi/franka_ros2_ws/install/franka_moveit_config/share/franka_moveit_config/cmake/franka_moveit_configConfig-version.cmake
[0.758s] -- Up-to-date: /home/simi/franka_ros2_ws/install/franka_moveit_config/share/franka_moveit_config/package.xml
[0.761s] Invoked command in '/home/simi/franka_ros2_ws/build/franka_moveit_config' returned '0': CMAKE_PREFIX_PATH=/home/simi/franka_ros2_ws/install/franka_hardware:/home/simi/franka_ros2_ws/install/franka_gripper:/home/simi/franka_ros2_ws/install/franka_msgs:/home/simi/franka_ros2_ws/install/franka_description:/home/simi/franka_ros2_ws/install/cartesian_impedance_control:/home/simi/franka_ros2_ws/install/messages_fr3:/home/simi/franka_ros2_ws/install/joint_trajectory_controller:/home/simi/franka_ros2_ws/install/integration_launch_testing:/home/simi/franka_ros2_ws/install/franka_bringup:/home/simi/franka_ros2_ws/install/franka_robot_state_broadcaster:/home/simi/franka_ros2_ws/install/franka_example_controllers:/home/simi/franka_ros2_ws/install/franka_semantic_components:/home/simi/franka_ros2_ws/install/franka_moveit_config:/opt/ros/humble LD_LIBRARY_PATH=/home/simi/franka_ros2_ws/install/franka_hardware/lib:/home/simi/franka_ros2_ws/install/franka_gripper/lib:/home/simi/franka_ros2_ws/install/franka_msgs/lib:/home/simi/franka_ros2_ws/install/cartesian_impedance_control/lib:/home/simi/franka_ros2_ws/install/messages_fr3/lib:/home/simi/franka_ros2_ws/install/joint_trajectory_controller/lib:/home/simi/franka_ros2_ws/install/integration_launch_testing/lib:/home/simi/franka_ros2_ws/install/franka_robot_state_broadcaster/lib:/home/simi/franka_ros2_ws/install/franka_example_controllers/lib:/home/simi/franka_ros2_ws/install/franka_semantic_components/lib:/opt/ros/humble/opt/rviz_ogre_vendor/lib:/opt/ros/humble/lib/x86_64-linux-gnu:/opt/ros/humble/lib /usr/bin/cmake --install /home/simi/franka_ros2_ws/build/franka_moveit_config
